2020-10-22T05:43:45.956481508Z  running: (['/opt/scylladb/scripts/scylla_dev_mode_setup', '--developer-mode', '1'],)
2020-10-22T05:43:46.454563180Z  running: (['/opt/scylladb/scripts/scylla_io_setup'],)
2020-10-22T05:43:46.845784270Z  2020-10-22 05:43:46,845 CRIT Supervisor is running as root.  Privileges were not dropped because no user is specified in the config file.  If you intend to run as root, you can set user=root in the config file to avoid this message.
2020-10-22T05:43:46.845828297Z  2020-10-22 05:43:46,845 INFO Included extra file "/etc/supervisord.conf.d/node-exporter.conf" during parsing
2020-10-22T05:43:46.846025517Z  2020-10-22 05:43:46,845 INFO Included extra file "/etc/supervisord.conf.d/rsyslog.conf" during parsing
2020-10-22T05:43:46.846077637Z  2020-10-22 05:43:46,845 INFO Included extra file "/etc/supervisord.conf.d/scylla-housekeeping.conf" during parsing
2020-10-22T05:43:46.846391736Z  2020-10-22 05:43:46,846 INFO Included extra file "/etc/supervisord.conf.d/scylla-jmx.conf" during parsing
2020-10-22T05:43:46.846419095Z  2020-10-22 05:43:46,846 INFO Included extra file "/etc/supervisord.conf.d/scylla-server.conf" during parsing
2020-10-22T05:43:46.846623163Z  2020-10-22 05:43:46,846 INFO Included extra file "/etc/supervisord.conf.d/sshd-server.conf" during parsing
2020-10-22T05:43:46.880976217Z  2020-10-22 05:43:46,880 INFO RPC interface 'supervisor' initialized
2020-10-22T05:43:46.881178170Z  2020-10-22 05:43:46,880 CRIT Server 'inet_http_server' running without any HTTP authentication checking
2020-10-22T05:43:46.881669190Z  2020-10-22 05:43:46,881 INFO supervisord started with pid 25
2020-10-22T05:43:47.885629016Z  2020-10-22 05:43:47,884 INFO spawned: 'scylla' with pid 28
2020-10-22T05:43:47.892798846Z  2020-10-22 05:43:47,888 INFO spawned: 'scylla-housekeeping' with pid 29
2020-10-22T05:43:47.892825808Z  2020-10-22 05:43:47,891 INFO spawned: 'sshd' with pid 30
2020-10-22T05:43:47.900116030Z  2020-10-22 05:43:47,893 INFO spawned: 'scylla-jmx' with pid 31
2020-10-22T05:43:47.902890438Z  2020-10-22 05:43:47,902 INFO spawned: 'rsyslog' with pid 33
2020-10-22T05:43:47.905870251Z  2020-10-22 05:43:47,905 INFO spawned: 'node-exporter' with pid 36
2020-10-22T05:43:47.927349082Z  Generating public/private ed25519 key pair.
2020-10-22T05:43:47.927390618Z  Your identification has been saved in /etc/ssh/ssh_host_ed25519_key.
2020-10-22T05:43:47.927403933Z  Your public key has been saved in /etc/ssh/ssh_host_ed25519_key.pub.
2020-10-22T05:43:47.927415119Z  The key fingerprint is:
2020-10-22T05:43:47.927425823Z  SHA256:jjX/oAilxu3PNHi4j3WrX6bBAgQDql1+aIwzqQOpHmE root@fae5f44751b0
2020-10-22T05:43:47.927436629Z  The key's randomart image is:
2020-10-22T05:43:47.927447138Z  +--[ED25519 256]--+
2020-10-22T05:43:47.927457789Z  |  ..o            |
2020-10-22T05:43:47.927468173Z  | .   o           |
2020-10-22T05:43:47.927478780Z  |.   . .          |
2020-10-22T05:43:47.927489679Z  |.o * o           |
2020-10-22T05:43:47.927500138Z  |+E* = + S        |
2020-10-22T05:43:47.927522867Z  |+..= = B +       |
2020-10-22T05:43:47.927534139Z  |+.  = = B * o    |
2020-10-22T05:43:47.927544104Z  |.... o O = O     |
2020-10-22T05:43:47.927553886Z  | .    =o*o+ .    |
2020-10-22T05:43:47.927563866Z  +----[SHA256]-----+
2020-10-22T05:43:47.939119266Z  time="2020-10-22T05:43:47Z" level=info msg="Starting node_exporter (version=0.17.0, branch=HEAD, revision=f6f6194a436b9a63d0439abc585c76b19a206b21)" source="node_exporter.go:82"
2020-10-22T05:43:47.939146313Z  time="2020-10-22T05:43:47Z" level=info msg="Build context (go=go1.11.2, user=root@322511e06ced, date=20181130-15:51:33)" source="node_exporter.go:83"
2020-10-22T05:43:47.940044461Z  time="2020-10-22T05:43:47Z" level=info msg="Enabled collectors:" source="node_exporter.go:90"
2020-10-22T05:43:47.940154444Z  time="2020-10-22T05:43:47Z" level=info msg=" - arp" source="node_exporter.go:97"
2020-10-22T05:43:47.940444642Z  time="2020-10-22T05:43:47Z" level=info msg=" - bcache" source="node_exporter.go:97"
2020-10-22T05:43:47.940463399Z  time="2020-10-22T05:43:47Z" level=info msg=" - bonding" source="node_exporter.go:97"
2020-10-22T05:43:47.940474193Z  time="2020-10-22T05:43:47Z" level=info msg=" - conntrack" source="node_exporter.go:97"
2020-10-22T05:43:47.940484580Z  time="2020-10-22T05:43:47Z" level=info msg=" - cpu" source="node_exporter.go:97"
2020-10-22T05:43:47.940494889Z  time="2020-10-22T05:43:47Z" level=info msg=" - diskstats" source="node_exporter.go:97"
2020-10-22T05:43:47.940505175Z  time="2020-10-22T05:43:47Z" level=info msg=" - edac" source="node_exporter.go:97"
2020-10-22T05:43:47.940515408Z  time="2020-10-22T05:43:47Z" level=info msg=" - entropy" source="node_exporter.go:97"
2020-10-22T05:43:47.940525677Z  time="2020-10-22T05:43:47Z" level=info msg=" - filefd" source="node_exporter.go:97"
2020-10-22T05:43:47.940906902Z  time="2020-10-22T05:43:47Z" level=info msg=" - filesystem" source="node_exporter.go:97"
2020-10-22T05:43:47.940925866Z  time="2020-10-22T05:43:47Z" level=info msg=" - hwmon" source="node_exporter.go:97"
2020-10-22T05:43:47.940936448Z  time="2020-10-22T05:43:47Z" level=info msg=" - infiniband" source="node_exporter.go:97"
2020-10-22T05:43:47.940946485Z  time="2020-10-22T05:43:47Z" level=info msg=" - interrupts" source="node_exporter.go:97"
2020-10-22T05:43:47.940956493Z  time="2020-10-22T05:43:47Z" level=info msg=" - ipvs" source="node_exporter.go:97"
2020-10-22T05:43:47.940966422Z  time="2020-10-22T05:43:47Z" level=info msg=" - loadavg" source="node_exporter.go:97"
2020-10-22T05:43:47.940976425Z  time="2020-10-22T05:43:47Z" level=info msg=" - mdadm" source="node_exporter.go:97"
2020-10-22T05:43:47.940986537Z  time="2020-10-22T05:43:47Z" level=info msg=" - meminfo" source="node_exporter.go:97"
2020-10-22T05:43:47.940998388Z  time="2020-10-22T05:43:47Z" level=info msg=" - netclass" source="node_exporter.go:97"
2020-10-22T05:43:47.941008444Z  time="2020-10-22T05:43:47Z" level=info msg=" - netdev" source="node_exporter.go:97"
2020-10-22T05:43:47.941032566Z  time="2020-10-22T05:43:47Z" level=info msg=" - netstat" source="node_exporter.go:97"
2020-10-22T05:43:47.941044332Z  time="2020-10-22T05:43:47Z" level=info msg=" - nfs" source="node_exporter.go:97"
2020-10-22T05:43:47.941054703Z  time="2020-10-22T05:43:47Z" level=info msg=" - nfsd" source="node_exporter.go:97"
2020-10-22T05:43:47.941259926Z  time="2020-10-22T05:43:47Z" level=info msg=" - sockstat" source="node_exporter.go:97"
2020-10-22T05:43:47.941281101Z  time="2020-10-22T05:43:47Z" level=info msg=" - stat" source="node_exporter.go:97"
2020-10-22T05:43:47.941292946Z  time="2020-10-22T05:43:47Z" level=info msg=" - textfile" source="node_exporter.go:97"
2020-10-22T05:43:47.941303758Z  time="2020-10-22T05:43:47Z" level=info msg=" - time" source="node_exporter.go:97"
2020-10-22T05:43:47.941314395Z  time="2020-10-22T05:43:47Z" level=info msg=" - timex" source="node_exporter.go:97"
2020-10-22T05:43:47.941325143Z  time="2020-10-22T05:43:47Z" level=info msg=" - uname" source="node_exporter.go:97"
2020-10-22T05:43:47.941346440Z  time="2020-10-22T05:43:47Z" level=info msg=" - vmstat" source="node_exporter.go:97"
2020-10-22T05:43:47.941359814Z  time="2020-10-22T05:43:47Z" level=info msg=" - xfs" source="node_exporter.go:97"
2020-10-22T05:43:47.941369976Z  time="2020-10-22T05:43:47Z" level=info msg=" - zfs" source="node_exporter.go:97"
2020-10-22T05:43:47.941379955Z  time="2020-10-22T05:43:47Z" level=info msg="Listening on :9100" source="node_exporter.go:111"
2020-10-22T05:43:48.322570689Z  Scylla version 4.1.8-0.20201002.6c43a0dc29 with build-id fec471b0d185de7f191d861ccfc539eff76f31ab starting ...
2020-10-22T05:43:48.322946934Z  command used: "/usr/bin/scylla --log-to-syslog 0 --log-to-stdout 1 --default-log-level info --network-stack posix --developer-mode=1 --overprovisioned --listen-address 10.0.117.3 --rpc-address 10.0.117.3 --seed-provider-parameters seeds=10.0.117.3 --blocked-reactor-notify-ms 999999999"
2020-10-22T05:43:48.323703647Z  parsed command line options: [log-to-syslog: 0, log-to-stdout: 1, default-log-level: info, network-stack: posix, developer-mode: 1, overprovisioned, listen-address: 10.0.117.3, rpc-address: 10.0.117.3, seed-provider-parameters: seeds=10.0.117.3, blocked-reactor-notify-ms: 999999999]
2020-10-22T05:43:48.425303007Z  WARN  2020-10-22 05:43:48,424 [shard 0] seastar - Unable to set SCHED_FIFO scheduling policy for timer thread; latency impact possible. Try adding CAP_SYS_NICE
2020-10-22T05:43:48.561233063Z  INFO  2020-10-22 05:43:48,560 [shard 0] init - installing SIGHUP handler
2020-10-22T05:43:48.581467195Z  INFO  2020-10-22 05:43:48,580 [shard 0] init - Scylla version 4.1.8-0.20201002.6c43a0dc29 with build-id fec471b0d185de7f191d861ccfc539eff76f31ab starting ...
2020-10-22T05:43:48.581496806Z  
2020-10-22T05:43:48.584812819Z  INFO  2020-10-22 05:43:48,584 [shard 0] init - starting prometheus API server
2020-10-22T05:43:48.590825862Z  INFO  2020-10-22 05:43:48,590 [shard 0] init - starting tokens manager
2020-10-22T05:43:48.591714355Z  INFO  2020-10-22 05:43:48,591 [shard 0] init - starting migration manager notifier
2020-10-22T05:43:48.593602727Z  INFO  2020-10-22 05:43:48,593 [shard 0] init - creating tracing
2020-10-22T05:43:48.594960220Z  INFO  2020-10-22 05:43:48,594 [shard 0] init - creating snitch
2020-10-22T05:43:48.597543242Z  INFO  2020-10-22 05:43:48,597 [shard 0] init - determining DNS name
2020-10-22T05:43:48.598152810Z  INFO  2020-10-22 05:43:48,597 [shard 0] init - starting API server
2020-10-22T05:43:48.602313908Z  INFO  2020-10-22 05:43:48,601 [shard 0] init - Scylla API server listening on 127.0.0.1:10000 ...
2020-10-22T05:43:48.603859702Z  INFO  2020-10-22 05:43:48,603 [shard 0] init - initializing storage service
2020-10-22T05:43:48.604847253Z  INFO  2020-10-22 05:43:48,604 [shard 0] init - starting per-shard database core
2020-10-22T05:43:48.617899447Z  WARN  2020-10-22 05:43:48,617 [shard 0] init - I/O Scheduler is not properly configured! This is a non-supported setup, and performance is expected to be unpredictably bad.
2020-10-22T05:43:48.617925250Z   Reason found: none of --max-io-requests, --io-properties and --io-properties-file are set.
2020-10-22T05:43:48.617937570Z  To properly configure the I/O Scheduler, run the scylla_io_setup utility shipped with Scylla.
2020-10-22T05:43:48.617948192Z  
2020-10-22T05:43:48.618885684Z  INFO  2020-10-22 05:43:48,618 [shard 0] init - creating and verifying directories
2020-10-22T05:43:48.894411200Z  Connecting to http://localhost:100002020-10-22 05:43:48,894 INFO success: scylla entered RUNNING state, process has stayed up for > than 1 seconds (startsecs)
2020-10-22T05:43:48.894698841Z  2020-10-22 05:43:48,894 INFO success: scylla-housekeeping entered RUNNING state, process has stayed up for > than 1 seconds (startsecs)
2020-10-22T05:43:48.894944672Z  2020-10-22 05:43:48,894 INFO success: sshd entered RUNNING state, process has stayed up for > than 1 seconds (startsecs)
2020-10-22T05:43:48.895131137Z  2020-10-22 05:43:48,894 INFO success: scylla-jmx entered RUNNING state, process has stayed up for > than 1 seconds (startsecs)
2020-10-22T05:43:48.895373382Z  2020-10-22 05:43:48,895 INFO success: rsyslog entered RUNNING state, process has stayed up for > than 1 seconds (startsecs)
2020-10-22T05:43:48.895743184Z  
2020-10-22T05:43:48.895761094Z  Starting the JMX server
2020-10-22T05:43:49.625792031Z  JMX is enabled to receive remote connections on port: 71992020-10-22 05:43:49,625 INFO success: node-exporter entered RUNNING state, process has stayed up for > than 1 seconds (startsecs)
2020-10-22T05:43:49.626468870Z  
2020-10-22T05:43:50.354314421Z  INFO  2020-10-22 05:43:50,353 [shard 0] database - Populating Keyspace system_schema
2020-10-22T05:43:50.354347411Z  INFO  2020-10-22 05:43:50,353 [shard 0] database - Keyspace system_schema: Reading CF computed_columns id=cc7c7069-3740-33c1-92a4-c3de78dbd2c4 version=2b8c4439-de76-31e0-807f-3b7290a975d7
2020-10-22T05:43:50.354359633Z  INFO  2020-10-22 05:43:50,353 [shard 0] database - Keyspace system_schema: Reading CF view_virtual_columns id=08843b63-45dc-3be2-9798-a0418295cfaa version=c777531c-15f7-326f-8ebe-39fd0265c8c9
2020-10-22T05:43:50.354400634Z  INFO  2020-10-22 05:43:50,353 [shard 0] database - Keyspace system_schema: Reading CF dropped_columns id=5e7583b5-f3f4-3af1-9a39-b7e1d6f5f11f version=7426bc6c-4c2f-3200-8ad8-4329610ed59a
2020-10-22T05:43:50.354413916Z  INFO  2020-10-22 05:43:50,353 [shard 0] database - Keyspace system_schema: Reading CF indexes id=0feb57ac-311f-382f-ba6d-9024d305702f version=99c40462-8687-304e-abe3-2bdbef1f25aa
2020-10-22T05:43:50.354424796Z  INFO  2020-10-22 05:43:50,353 [shard 0] database - Keyspace system_schema: Reading CF functions id=96489b79-80be-3e14-a701-66a0b9159450 version=329ed804-55b3-3eee-ad61-d85317b96097
2020-10-22T05:43:50.354435562Z  INFO  2020-10-22 05:43:50,353 [shard 0] database - Keyspace system_schema: Reading CF columns id=24101c25-a2ae-3af7-87c1-b40ee1aca33f version=d33236d4-9bdd-3c09-abf0-a0bc5edc2526
2020-10-22T05:43:50.354775433Z  INFO  2020-10-22 05:43:50,354 [shard 0] database - Keyspace system_schema: Reading CF scylla_tables id=5d912ff1-f759-3665-b2c8-8042ab5103dd version=38e5e56b-155d-39b5-a0d2-8e5dcad42a26
2020-10-22T05:43:50.354802996Z  INFO  2020-10-22 05:43:50,354 [shard 0] database - Keyspace system_schema: Reading CF tables id=afddfb9d-bc1e-3068-8056-eed6c302ba09 version=b6240810-eeb7-36d5-9411-43b2d68dddab
2020-10-22T05:43:50.354815622Z  INFO  2020-10-22 05:43:50,354 [shard 0] database - Keyspace system_schema: Reading CF keyspaces id=abac5682-dea6-31c5-b535-b3d6cffd0fb6 version=e79ca8ba-6556-3f7d-925a-7f20cf57938c
2020-10-22T05:43:50.354826682Z  INFO  2020-10-22 05:43:50,354 [shard 0] database - Keyspace system_schema: Reading CF triggers id=4df70b66-6b05-3251-95a1-32b54005fd48 version=582d7071-1ef0-37c8-adc6-471a13636139
2020-10-22T05:43:50.354837173Z  INFO  2020-10-22 05:43:50,354 [shard 0] database - Keyspace system_schema: Reading CF views id=9786ac1c-dd58-3201-a7cd-ad556410c985 version=5b58bb47-96e7-3f57-accf-0bfca4dbbc6e
2020-10-22T05:43:50.354847878Z  INFO  2020-10-22 05:43:50,354 [shard 0] database - Keyspace system_schema: Reading CF types id=5a8b1ca8-6602-3f77-a045-9273d308917a version=de51b2ce-5e4d-3b7d-a75f-2204332ce8d1
2020-10-22T05:43:50.354858602Z  INFO  2020-10-22 05:43:50,354 [shard 0] database - Keyspace system_schema: Reading CF aggregates id=924c5587-2e3a-345b-b10c-12f37c1ba895 version=4b53e92c-0368-3d5c-b959-2ec1bfd1a59f
2020-10-22T05:43:51.028424720Z  Generating public/private rsa key pair.
2020-10-22T05:43:51.028452209Z  Your identification has been saved in /etc/ssh/ssh_host_rsa_key.
2020-10-22T05:43:51.028464011Z  Your public key has been saved in /etc/ssh/ssh_host_rsa_key.pub.
2020-10-22T05:43:51.028474280Z  The key fingerprint is:
2020-10-22T05:43:51.028484185Z  SHA256:UcfkjN1dxUDar11PTincHnxbHOxvQxr9HmeiKGcKn4I root@fae5f44751b0
2020-10-22T05:43:51.028494270Z  The key's randomart image is:
2020-10-22T05:43:51.028504050Z  +---[RSA 4096]----+
2020-10-22T05:43:51.028513419Z  |          .oo.oo+|
2020-10-22T05:43:51.028523082Z  |         . *.+..o|
2020-10-22T05:43:51.028532748Z  |        . . = oo.|
2020-10-22T05:43:51.028542388Z  |         .  . =oo|
2020-10-22T05:43:51.028551772Z  |        S    + OO|
2020-10-22T05:43:51.028561106Z  |              **X|
2020-10-22T05:43:51.028581900Z  |     ..      .o=X|
2020-10-22T05:43:51.028592788Z  |    E .o..o. . =+|
2020-10-22T05:43:51.028602361Z  |       .+=. .   .|
2020-10-22T05:43:51.028611823Z  +----[SHA256]-----+
2020-10-22T05:43:51.047228265Z  Could not load host key: /etc/ssh/ssh_host_ecdsa_key
2020-10-22T05:43:53.597644181Z  Traceback (most recent call last):
2020-10-22T05:43:53.597700479Z    File "/opt/scylladb/scripts/libexec/scylla-housekeeping", line 208, in <module>
2020-10-22T05:43:53.597717867Z      args.func(args)
2020-10-22T05:43:53.597732037Z    File "/opt/scylladb/scripts/libexec/scylla-housekeeping", line 134, in check_version
2020-10-22T05:43:53.597746389Z      current_version = sanitize_version(get_api('/storage_service/scylla_release_version'))
2020-10-22T05:43:53.597760509Z    File "/opt/scylladb/scripts/libexec/scylla-housekeeping", line 93, in get_api
2020-10-22T05:43:53.597774689Z      return get_json_from_url("http://" + api_address + path)
2020-10-22T05:43:53.597788487Z    File "/opt/scylladb/scripts/libexec/scylla-housekeeping", line 88, in get_json_from_url
2020-10-22T05:43:53.597802635Z      raise RuntimeError(f'Failed to get "{path}" due to the following error: {retval}')
2020-10-22T05:43:53.597816926Z  RuntimeError: Failed to get "http://localhost:10000/storage_service/scylla_release_version" due to the following error: HTTP Error 404: Not Found
2020-10-22T05:43:56.830415916Z  INFO  2020-10-22 05:43:56,829 [shard 0] database - Found temporary sstable directory: "/var/lib/scylla/data/system_schema/scylla_tables-5d912ff1f7593665b2c88042ab5103dd/0000000000000602.sstable", removing
2020-10-22T05:43:56.830446498Z  INFO  2020-10-22 05:43:56,830 [shard 0] database - Found temporary sstable directory: "/var/lib/scylla/data/system_schema/scylla_tables-5d912ff1f7593665b2c88042ab5103dd/0000000000000603.sstable", removing
2020-10-22T05:43:56.830459248Z  INFO  2020-10-22 05:43:56,830 [shard 0] database - Found temporary sstable directory: "/var/lib/scylla/data/system_schema/tables-afddfb9dbc1e30688056eed6c302ba09/0000000000000618.sstable", removing
2020-10-22T05:43:56.830793603Z  INFO  2020-10-22 05:43:56,830 [shard 0] database - Found temporary sstable directory: "/var/lib/scylla/data/system_schema/tables-afddfb9dbc1e30688056eed6c302ba09/0000000000000623.sstable", removing
2020-10-22T05:43:56.830821571Z  INFO  2020-10-22 05:43:56,830 [shard 0] database - Found temporary sstable directory: "/var/lib/scylla/data/system_schema/types-5a8b1ca866023f77a0459273d308917a/0000000000000583.sstable", removing
2020-10-22T05:43:56.830833565Z  INFO  2020-10-22 05:43:56,830 [shard 0] database - Found temporary sstable directory: "/var/lib/scylla/data/system_schema/views-9786ac1cdd583201a7cdad556410c985/0000000000000547.sstable", removing
2020-10-22T05:43:56.830844371Z  INFO  2020-10-22 05:43:56,830 [shard 0] database - Found temporary sstable directory: "/var/lib/scylla/data/system_schema/views-9786ac1cdd583201a7cdad556410c985/0000000000000550.sstable", removing
2020-10-22T05:43:56.831031005Z  INFO  2020-10-22 05:43:56,830 [shard 0] database - Found temporary sstable directory: "/var/lib/scylla/data/system_schema/aggregates-924c55872e3a345bb10c12f37c1ba895/0000000000000538.sstable", removing
2020-10-22T05:43:56.916614510Z  WARN  2020-10-22 05:43:56,916 [shard 0] sstable - Deleting components of sstable from system_schema.scylla_tables of generation 603 that has a temporary TOC
2020-10-22T05:43:56.917054146Z  WARN  2020-10-22 05:43:56,916 [shard 0] sstable - Deleting components of sstable from system_schema.types of generation 590 that has a temporary TOC
2020-10-22T05:43:56.917408774Z  WARN  2020-10-22 05:43:56,916 [shard 0] sstable - Deleting components of sstable from system_schema.tables of generation 618 that has a temporary TOC
2020-10-22T05:43:56.954818001Z  WARN  2020-10-22 05:43:56,954 [shard 0] sstable - Deleting components of sstable from system_schema.aggregates of generation 538 that has a temporary TOC
2020-10-22T05:43:56.954842126Z  WARN  2020-10-22 05:43:56,954 [shard 0] sstable - Deleting components of sstable from system_schema.views of generation 547 that has a temporary TOC
2020-10-22T05:43:57.052210835Z  WARN  2020-10-22 05:43:57,051 [shard 0] sstable - Deleting components of sstable from system_schema.scylla_tables of generation 602 that has a temporary TOC
2020-10-22T05:43:57.620176178Z  WARN  2020-10-22 05:43:57,619 [shard 0] sstable - Deleting components of sstable from system_schema.types of generation 583 that has a temporary TOC
2020-10-22T05:43:57.620204432Z  WARN  2020-10-22 05:43:57,619 [shard 0] sstable - Deleting components of sstable from system_schema.tables of generation 623 that has a temporary TOC
2020-10-22T05:43:57.814067320Z  WARN  2020-10-22 05:43:57,813 [shard 0] sstable - Deleting components of sstable from system_schema.views of generation 550 that has a temporary TOC
2020-10-22T05:43:58.529368945Z  INFO  2020-10-22 05:43:58,528 [shard 0] database - Populating Keyspace system
2020-10-22T05:43:58.529397537Z  INFO  2020-10-22 05:43:58,528 [shard 0] database - Keyspace system: Reading CF schema_aggregates id=a5fc57fc-9d6c-3bfd-a3fc-01ad54686fea version=d06c934f-9a69-374c-86f1-523ab26fb05c
2020-10-22T05:43:58.529911335Z  INFO  2020-10-22 05:43:58,528 [shard 0] database - Keyspace system: Reading CF schema_triggers id=0359bc71-7123-3ee1-9a4a-b9dfb11fc125 version=75e4ec4c-76da-3f59-984e-66810ba0c62b
2020-10-22T05:43:58.529933189Z  INFO  2020-10-22 05:43:58,528 [shard 0] database - Keyspace system: Reading CF compaction_history id=b4dbb7b4-dc49-3fb5-b3bf-ce6e434832ca version=25cae56a-8d75-39f3-a146-3756ab4981c7
2020-10-22T05:43:58.529944079Z  INFO  2020-10-22 05:43:58,529 [shard 0] database - Keyspace system: Reading CF compactions_in_progress id=55080ab0-5d9c-3886-90a4-acb25fe1f77b version=540263f1-40db-3869-8a38-3baadedc222d
2020-10-22T05:43:58.529970966Z  INFO  2020-10-22 05:43:58,529 [shard 0] database - Keyspace system: Reading CF range_xfers id=55d76438-4e55-3f8b-9f6e-676d4af3976d version=dd15a078-409b-350d-9bef-c5f3520832d8
2020-10-22T05:43:58.529988750Z  INFO  2020-10-22 05:43:58,529 [shard 0] database - Keyspace system: Reading CF scylla_views_builds_in_progress id=a04c7bfd-1e13-36c9-a44d-f22da352281d version=e3fb736c-6956-3990-a31d-9a482279e3fc
2020-10-22T05:43:58.530007036Z  INFO  2020-10-22 05:43:58,529 [shard 0] database - Keyspace system: Reading CF IndexInfo id=9f5c6374-d485-3229-9a0a-5094af9ad1e3 version=bbb3743b-351f-3023-b4fc-09a9be37d529
2020-10-22T05:43:58.530029671Z  INFO  2020-10-22 05:43:58,529 [shard 0] database - Keyspace system: Reading CF cdc_local id=0bcaffd4-0c83-3ead-ad13-dc1d5015b77c version=0aa4d3a2-ed95-3ecd-aba0-cd75622ad290
2020-10-22T05:43:58.530051660Z  INFO  2020-10-22 05:43:58,529 [shard 0] database - Keyspace system: Reading CF schema_columnfamilies id=45f5b360-24bc-3f83-a363-1034ea4fa697 version=7f7a5fea-07b7-304d-a6f8-f7aec72cabdb
2020-10-22T05:43:58.530063191Z  INFO  2020-10-22 05:43:58,529 [shard 0] database - Keyspace system: Reading CF batchlog id=0290003c-977e-397c-ac3e-fdfdc01d626b version=e2a2e804-49e4-3597-9f16-39fd9475835c
2020-10-22T05:43:58.530086813Z  INFO  2020-10-22 05:43:58,529 [shard 0] database - Keyspace system: Reading CF schema_functions id=d1b675fe-2b50-3ca4-8e49-c0f81989dcad version=a50959dd-2be0-3e4e-8bb5-cf40796e256a
2020-10-22T05:43:58.530104350Z  INFO  2020-10-22 05:43:58,529 [shard 0] database - Keyspace system: Reading CF peer_events id=59dfeaea-8db2-3341-91ef-109974d81484 version=7f874a05-72b8-3c21-9acb-baa164fc351a
2020-10-22T05:43:58.530124924Z  INFO  2020-10-22 05:43:58,529 [shard 0] database - Keyspace system: Reading CF local id=7ad54392-bcdd-35a6-8417-4e047860b377 version=7fa82c2e-5b67-37dd-8e5e-2079e18f1536
2020-10-22T05:43:58.530150505Z  INFO  2020-10-22 05:43:58,529 [shard 0] database - Keyspace system: Reading CF clients id=ca0f635d-8630-3609-8d93-a1fc06f2a5e5 version=51273ebf-e6f9-3cd5-b455-ea09ad29796f
2020-10-22T05:43:58.530160410Z  INFO  2020-10-22 05:43:58,529 [shard 0] database - Keyspace system: Reading CF size_estimates id=618f817b-005f-3678-b8a4-53f3930b8e86 version=6d4dbcff-f05b-3dc3-95ad-f79f7b10504d
2020-10-22T05:43:58.530170137Z  INFO  2020-10-22 05:43:58,529 [shard 0] database - Keyspace system: Reading CF large_partitions id=8a7fe624-96b0-34b1-b90e-f71bddcdd2d3 version=04fa9920-9369-3a96-be39-6dd9fdc816b6
2020-10-22T05:43:58.530180069Z  INFO  2020-10-22 05:43:58,529 [shard 0] database - Keyspace system: Reading CF schema_columns id=296e9c04-9bec-3085-827d-c17d3df2122a version=53cfbb66-ee0d-37be-97bb-b2afb3746f85
2020-10-22T05:43:58.530189940Z  INFO  2020-10-22 05:43:58,529 [shard 0] database - Keyspace system: Reading CF built_views id=4b3c50a9-ea87-3d76-9101-6dbc9c38494a version=a28aa0b3-6def-30a7-9fbe-ce78b3f3c9b9
2020-10-22T05:43:58.530199650Z  INFO  2020-10-22 05:43:58,529 [shard 0] database - Keyspace system: Reading CF peers id=37f71aca-7dc2-383b-a706-72528af04d4f version=f6f6871f-8c86-3eca-ac0b-2a2e848e395d
2020-10-22T05:43:58.530209345Z  INFO  2020-10-22 05:43:58,529 [shard 0] database - Keyspace system: Reading CF hints id=2666e205-73ef-38b3-90fe-fecf96e8f0c7 version=0b74fdd1-e96d-309e-a14e-a5bcd7ac885d
2020-10-22T05:43:58.530218977Z  INFO  2020-10-22 05:43:58,529 [shard 0] database - Keyspace system: Reading CF large_rows id=40550f66-0858-39a0-9430-f27fc08034e9 version=aee3acb0-7926-317b-848e-db7bc3721695
2020-10-22T05:43:58.530228921Z  INFO  2020-10-22 05:43:58,529 [shard 0] database - Keyspace system: Reading CF large_cells id=ead8bbc5-f146-3ae1-9f71-0b11f9a1d296 version=0d4a6937-a781-3f87-a192-b4e4a4a40acf
2020-10-22T05:43:58.530239508Z  INFO  2020-10-22 05:43:58,529 [shard 0] database - Keyspace system: Reading CF scylla_local id=2972ec7f-fb20-38dd-aac1-d876f2e3fcbd version=5f0b407d-eedf-3845-a48e-dbb9673d10e1
2020-10-22T05:43:58.530250694Z  INFO  2020-10-22 05:43:58,529 [shard 0] database - Keyspace system: Reading CF views_builds_in_progress id=b7f2c108-78cd-3c80-9cd5-d609b2bd149c version=b905cce5-1474-3085-819a-7592453e2fb9
2020-10-22T05:43:58.530553449Z  INFO  2020-10-22 05:43:58,529 [shard 0] database - Keyspace system: Reading CF schema_usertypes id=3aa75225-4f82-350b-8d5c-430fa221fa0a version=3c53e6bb-56d5-3618-a0b2-4ff5f18127d7
2020-10-22T05:43:58.530612019Z  INFO  2020-10-22 05:43:58,529 [shard 0] database - Keyspace system: Reading CF sstable_activity id=5a1ff267-ace0-3f12-8563-cfae6103c65e version=bdec57a3-b234-334b-be9c-7b1f33113995
2020-10-22T05:43:58.530626424Z  INFO  2020-10-22 05:43:58,529 [shard 0] database - Keyspace system: Reading CF truncated id=38c19fd0-fb86-3310-a4b7-0d0cc66628aa version=6da9a85c-7ae0-3917-aead-54a2f65a57a8
2020-10-22T05:43:58.530636857Z  INFO  2020-10-22 05:43:58,529 [shard 0] database - Keyspace system: Reading CF paxos id=b7b7f0c2-fd0a-3410-8c05-3ef614bb7c2d version=6dd372de-72fb-3e1b-9b8c-f97738a67fe9
2020-10-22T05:43:58.530647044Z  INFO  2020-10-22 05:43:58,529 [shard 0] database - Keyspace system: Reading CF schema_keyspaces id=b0f22357-4458-3cdb-9631-c43e59ce3676 version=84d28cef-59f9-34a9-9be5-31c684997f03
2020-10-22T05:44:10.661047139Z  INFO  2020-10-22 05:44:10,660 [shard 0] init - starting gossip
2020-10-22T05:44:10.661458740Z  WARN  2020-10-22 05:44:10,661 [shard 0] init - Using default cluster name is not recommended. Using a unique cluster name will reduce the chance of adding nodes to the wrong cluster by mistake
2020-10-22T05:44:10.662081729Z  INFO  2020-10-22 05:44:10,661 [shard 0] init - starting storage proxy
2020-10-22T05:44:10.673227212Z  INFO  2020-10-22 05:44:10,672 [shard 0] init - creating hints manager
2020-10-22T05:44:10.674083563Z  INFO  2020-10-22 05:44:10,673 [shard 1] init - creating hints manager
2020-10-22T05:44:10.674105351Z  INFO  2020-10-22 05:44:10,673 [shard 3] init - creating hints manager
2020-10-22T05:44:10.674128932Z  INFO  2020-10-22 05:44:10,673 [shard 2] init - creating hints manager
2020-10-22T05:44:10.674378835Z  INFO  2020-10-22 05:44:10,674 [shard 0] init - starting migration manager
2020-10-22T05:44:10.674921394Z  INFO  2020-10-22 05:44:10,674 [shard 0] init - starting query processor
2020-10-22T05:44:10.676391042Z  INFO  2020-10-22 05:44:10,676 [shard 0] init - initializing batchlog manager
2020-10-22T05:44:10.682183631Z  INFO  2020-10-22 05:44:10,681 [shard 0] legacy_schema_migrator - Moving 0 keyspaces from legacy schema tables to the new schema keyspace (system_schema)
2020-10-22T05:44:10.682721009Z  INFO  2020-10-22 05:44:10,682 [shard 0] legacy_schema_migrator - Dropping legacy schema tables
2020-10-22T05:44:21.726414500Z  INFO  2020-10-22 05:44:21,725 [shard 0] legacy_schema_migrator - Completed migration of legacy schema tables
2020-10-22T05:44:21.730624108Z  INFO  2020-10-22 05:44:21,730 [shard 0] init - loading system sstables
2020-10-22T05:44:37.760196632Z  INFO  2020-10-22 05:44:37,759 [shard 0] init - loading non-system sstables
2020-10-22T05:44:48.822469623Z  INFO  2020-10-22 05:44:48,821 [shard 0] database - Populating Keyspace dt
2020-10-22T05:44:48.822510432Z  INFO  2020-10-22 05:44:48,822 [shard 0] database - Keyspace dt: Reading CF source_element_idx_index id=68593f10-d77b-11ea-9877-000000000001 version=33e3f927-f730-3081-88e1-6bed2962e42a
2020-10-22T05:44:48.822522765Z  INFO  2020-10-22 05:44:48,822 [shard 0] database - Keyspace dt: Reading CF element_twin_idx_index id=630ae8b0-d77b-11ea-9877-000000000001 version=bc3026fd-bc4e-318d-b6f4-ca0b566cb74b
2020-10-22T05:44:48.822547691Z  INFO  2020-10-22 05:44:48,822 [shard 0] database - Keyspace dt: Reading CF source id=65ff2270-d77b-11ea-9877-000000000001 version=5f8471b7-7d19-31d4-9be5-0f153affb0bb
2020-10-22T05:44:48.822635114Z  INFO  2020-10-22 05:44:48,822 [shard 0] database - Keyspace dt: Reading CF source_data id=6af6cd50-d77b-11ea-9877-000000000001 version=b52400e3-b307-3141-b3fc-e5d63573f135
2020-10-22T05:44:48.822662522Z  INFO  2020-10-22 05:44:48,822 [shard 0] database - Keyspace dt: Reading CF element id=607549b0-d77b-11ea-9877-000000000001 version=f44a6c4b-69d8-37f2-b116-7260740acc6c
2020-10-22T05:44:48.822674074Z  INFO  2020-10-22 05:44:48,822 [shard 0] database - Keyspace dt: Reading CF twin id=5e00c740-d77b-11ea-9877-000000000001 version=6240633e-c8cc-3fea-a1e3-452eff1b9659
2020-10-22T05:44:48.822684246Z  INFO  2020-10-22 05:44:48,822 [shard 0] database - Keyspace dt: Reading CF user id=5c294820-d77b-11ea-9877-000000000001 version=02cce273-02f1-3e6a-8674-f1016e3f22d7
2020-10-22T05:44:48.822694619Z  INFO  2020-10-22 05:44:48,822 [shard 0] database - Populating Keyspace system_distributed
2020-10-22T05:44:48.822704579Z  INFO  2020-10-22 05:44:48,822 [shard 0] database - Keyspace system_distributed: Reading CF view_build_status id=5582b59f-8e4e-35e1-b913-3acada51eb04 version=e0b6e628-60e0-39a2-ada0-9b6c13bdd9bc
2020-10-22T05:44:48.822726094Z  INFO  2020-10-22 05:44:48,822 [shard 0] database - Keyspace system_distributed: Reading CF cdc_generations id=6a4df139-00b6-3d21-9efc-dade266dc3b7 version=2511b46b-df1d-39fa-9a77-f5cacf88af47
2020-10-22T05:44:48.822736801Z  INFO  2020-10-22 05:44:48,822 [shard 0] database - Keyspace system_distributed: Reading CF cdc_streams id=07405732-4620-34d6-a85e-947248dad9a4 version=b606cfa4-a37b-32bd-a624-e05cab2bed3c
2020-10-22T05:44:48.822747559Z  INFO  2020-10-22 05:44:48,822 [shard 0] database - Populating Keyspace system_auth
2020-10-22T05:44:48.822863794Z  INFO  2020-10-22 05:44:48,822 [shard 0] database - Keyspace system_auth: Reading CF roles id=5bc52802-de25-35ed-aeab-188eecebb090 version=d8f599da-7544-3f57-aa58-b229deea93e0
2020-10-22T05:44:48.822894956Z  INFO  2020-10-22 05:44:48,822 [shard 0] database - Keyspace system_auth: Reading CF role_members id=0ecdaa87-f8fb-3e60-88d1-74fb36fe5c0d version=2923b5bb-f2f8-36e8-9e73-19019900010c
2020-10-22T05:44:48.822905623Z  INFO  2020-10-22 05:44:48,822 [shard 0] database - Populating Keyspace system_traces
2020-10-22T05:44:48.823142663Z  INFO  2020-10-22 05:44:48,822 [shard 0] database - Keyspace system_traces: Reading CF sessions id=c5e99f16-8677-3914-b17e-960613512345 version=e0fc4b06-6cba-3b7b-bfb6-b42a77c370a9
2020-10-22T05:44:48.823161685Z  INFO  2020-10-22 05:44:48,822 [shard 0] database - Keyspace system_traces: Reading CF node_slow_log_time_idx id=f9706768-aa1e-3d87-9e5c-51a3927c2870 version=eaffc0bb-7b2c-3b64-8924-d8ba685120bc
2020-10-22T05:44:48.823172489Z  INFO  2020-10-22 05:44:48,822 [shard 0] database - Keyspace system_traces: Reading CF sessions_time_idx id=0ebf001c-c1d1-3693-9a63-c3d96ac53318 version=cd5d1e5f-1f42-3b9d-a8ba-3af39d59a7d5
2020-10-22T05:44:48.823182878Z  INFO  2020-10-22 05:44:48,822 [shard 0] database - Keyspace system_traces: Reading CF events id=8826e8e9-e16a-3728-8753-3bc1fc713c25 version=41a6b26e-a03b-3ae1-8a4a-b9446e7f9304
2020-10-22T05:44:48.823205160Z  INFO  2020-10-22 05:44:48,822 [shard 0] database - Keyspace system_traces: Reading CF node_slow_log id=bfcc4e62-5b63-3aa1-a1c3-6f5e47f3325c version=23e7a411-8414-340f-854d-20a3a637e438
2020-10-22T05:44:51.271172341Z  INFO  2020-10-22 05:44:51,270 [shard 0] init - starting view update generator
2020-10-22T05:44:51.271583767Z  INFO  2020-10-22 05:44:51,270 [shard 0] init - discovering staging sstables
2020-10-22T05:44:51.272009780Z  INFO  2020-10-22 05:44:51,271 [shard 0] init - setting up system keyspace
2020-10-22T05:44:51.292940554Z  INFO  2020-10-22 05:44:51,292 [shard 0] init - starting commit log
2020-10-22T05:44:51.292982203Z  INFO  2020-10-22 05:44:51,292 [shard 0] init - replaying commit log
2020-10-22T05:44:51.295398525Z  INFO  2020-10-22 05:44:51,295 [shard 0] commitlog_replayer - Replaying /var/lib/scylla/commitlog/CommitLog-1-36028800605416492.log, /var/lib/scylla/commitlog/CommitLog-1-18014402095934507.log, /var/lib/scylla/commitlog/CommitLog-1-3586452522.log, /var/lib/scylla/commitlog/CommitLog-1-54043199114898476.log, /var/lib/scylla/commitlog/CommitLog-1-3586452523.log, /var/lib/scylla/commitlog/CommitLog-1-18014402095934508.log, /var/lib/scylla/commitlog/CommitLog-1-3586452524.log, /var/lib/scylla/commitlog/CommitLog-1-54043199114898478.log, /var/lib/scylla/commitlog/CommitLog-1-54043199114898477.log, /var/lib/scylla/commitlog/CommitLog-1-36028800605416491.log, /var/lib/scylla/commitlog/CommitLog-1-36028800605416493.log
2020-10-22T05:44:55.653874405Z  INFO  2020-10-22 05:44:55,653 [shard 0] commitlog_replayer - Log replay complete, 24347 replayed mutations (0 invalid, 0 skipped)
2020-10-22T05:44:55.659932561Z  INFO  2020-10-22 05:44:55,656 [shard 0] init - replaying commit log - flushing memtables
2020-10-22T05:45:14.497361764Z  INFO  2020-10-22 05:45:14,496 [shard 0] init - replaying commit log - removing old commitlog segments
2020-10-22T05:45:14.503589563Z  INFO  2020-10-22 05:45:14,498 [shard 0] compaction - Compacting [/var/lib/scylla/data/system/clients-ca0f635d863036098d93a1fc06f2a5e5/mc-28-big-Data.db:level=0, /var/lib/scylla/data/system/clients-ca0f635d863036098d93a1fc06f2a5e5/mc-56-big-Data.db:level=0, /var/lib/scylla/data/system/clients-ca0f635d863036098d93a1fc06f2a5e5/mc-32-big-Data.db:level=0, /var/lib/scylla/data/system/clients-ca0f635d863036098d93a1fc06f2a5e5/mc-52-big-Data.db:level=0, /var/lib/scylla/data/system/clients-ca0f635d863036098d93a1fc06f2a5e5/mc-68-big-Data.db:level=0, /var/lib/scylla/data/system/clients-ca0f635d863036098d93a1fc06f2a5e5/mc-48-big-Data.db:level=0, /var/lib/scylla/data/system/clients-ca0f635d863036098d93a1fc06f2a5e5/mc-44-big-Data.db:level=0, /var/lib/scylla/data/system/clients-ca0f635d863036098d93a1fc06f2a5e5/mc-64-big-Data.db:level=0, /var/lib/scylla/data/system/clients-ca0f635d863036098d93a1fc06f2a5e5/mc-60-big-Data.db:level=0, /var/lib/scylla/data/system/clients-ca0f635d863036098d93a1fc06f2a5e5/mc-40-big-Data.db:level=0, /var/lib/scylla/data/system/clients-ca0f635d863036098d93a1fc06f2a5e5/mc-36-big-Data.db:level=0, ]
2020-10-22T05:45:14.503622998Z  INFO  2020-10-22 05:45:14,498 [shard 0] compaction - Compacting [/var/lib/scylla/data/system/compaction_history-b4dbb7b4dc493fb5b3bfce6e434832ca/mc-1068-big-Data.db:level=0, /var/lib/scylla/data/system/compaction_history-b4dbb7b4dc493fb5b3bfce6e434832ca/mc-1064-big-Data.db:level=0, /var/lib/scylla/data/system/compaction_history-b4dbb7b4dc493fb5b3bfce6e434832ca/mc-1060-big-Data.db:level=0, ]
2020-10-22T05:45:14.503637198Z  INFO  2020-10-22 05:45:14,498 [shard 1] compaction - Compacting [/var/lib/scylla/data/system/compaction_history-b4dbb7b4dc493fb5b3bfce6e434832ca/mc-1085-big-Data.db:level=0, /var/lib/scylla/data/system/compaction_history-b4dbb7b4dc493fb5b3bfce6e434832ca/mc-1081-big-Data.db:level=0, /var/lib/scylla/data/system/compaction_history-b4dbb7b4dc493fb5b3bfce6e434832ca/mc-1077-big-Data.db:level=0, ]
2020-10-22T05:45:14.503775815Z  INFO  2020-10-22 05:45:14,499 [shard 0] compaction - Compacting [/var/lib/scylla/data/system/truncated-38c19fd0fb863310a4b70d0cc66628aa/mc-2020-big-Data.db:level=0, /var/lib/scylla/data/system/truncated-38c19fd0fb863310a4b70d0cc66628aa/mc-2024-big-Data.db:level=0, /var/lib/scylla/data/system/truncated-38c19fd0fb863310a4b70d0cc66628aa/mc-2016-big-Data.db:level=0, ]
2020-10-22T05:45:14.503855763Z  INFO  2020-10-22 05:45:14,499 [shard 3] compaction - Compacting [/var/lib/scylla/data/system/peers-37f71aca7dc2383ba70672528af04d4f/mc-15-big-Data.db:level=0, /var/lib/scylla/data/system/peers-37f71aca7dc2383ba70672528af04d4f/mc-7-big-Data.db:level=0, /var/lib/scylla/data/system/peers-37f71aca7dc2383ba70672528af04d4f/mc-11-big-Data.db:level=0, ]
2020-10-22T05:45:14.503869902Z  INFO  2020-10-22 05:45:14,500 [shard 2] compaction - Compacting [/var/lib/scylla/data/system_schema/dropped_columns-5e7583b5f3f43af19a39b7e1d6f5f11f/mc-786-big-Data.db:level=0, /var/lib/scylla/data/system_schema/dropped_columns-5e7583b5f3f43af19a39b7e1d6f5f11f/mc-782-big-Data.db:level=0, /var/lib/scylla/data/system_schema/dropped_columns-5e7583b5f3f43af19a39b7e1d6f5f11f/mc-778-big-Data.db:level=0, ]
2020-10-22T05:45:14.503882407Z  INFO  2020-10-22 05:45:14,500 [shard 3] compaction - Compacting [/var/lib/scylla/data/system_schema/dropped_columns-5e7583b5f3f43af19a39b7e1d6f5f11f/mc-783-big-Data.db:level=0, /var/lib/scylla/data/system_schema/dropped_columns-5e7583b5f3f43af19a39b7e1d6f5f11f/mc-787-big-Data.db:level=0, /var/lib/scylla/data/system_schema/dropped_columns-5e7583b5f3f43af19a39b7e1d6f5f11f/mc-779-big-Data.db:level=0, ]
2020-10-22T05:45:14.503894544Z  INFO  2020-10-22 05:45:14,500 [shard 3] compaction - Compacting [/var/lib/scylla/data/system_schema/functions-96489b7980be3e14a70166a0b9159450/mc-723-big-Data.db:level=0, /var/lib/scylla/data/system_schema/functions-96489b7980be3e14a70166a0b9159450/mc-715-big-Data.db:level=0, /var/lib/scylla/data/system_schema/functions-96489b7980be3e14a70166a0b9159450/mc-719-big-Data.db:level=0, ]
2020-10-22T05:45:14.503907625Z  INFO  2020-10-22 05:45:14,501 [shard 3] compaction - Compacting [/var/lib/scylla/data/system/compaction_history-b4dbb7b4dc493fb5b3bfce6e434832ca/mc-1099-big-Data.db:level=0, /var/lib/scylla/data/system/compaction_history-b4dbb7b4dc493fb5b3bfce6e434832ca/mc-1095-big-Data.db:level=0, /var/lib/scylla/data/system/compaction_history-b4dbb7b4dc493fb5b3bfce6e434832ca/mc-1091-big-Data.db:level=0, ]
2020-10-22T05:45:14.503920164Z  INFO  2020-10-22 05:45:14,501 [shard 3] compaction - Compacting [/var/lib/scylla/data/system_schema/columns-24101c25a2ae3af787c1b40ee1aca33f/mc-783-big-Data.db:level=0, /var/lib/scylla/data/system_schema/columns-24101c25a2ae3af787c1b40ee1aca33f/mc-787-big-Data.db:level=0, /var/lib/scylla/data/system_schema/columns-24101c25a2ae3af787c1b40ee1aca33f/mc-779-big-Data.db:level=0, ]
2020-10-22T05:45:14.503932169Z  INFO  2020-10-22 05:45:14,501 [shard 3] compaction - Compacting [/var/lib/scylla/data/system_schema/indexes-0feb57ac311f382fba6d9024d305702f/mc-675-big-Data.db:level=0, /var/lib/scylla/data/system_schema/indexes-0feb57ac311f382fba6d9024d305702f/mc-671-big-Data.db:level=0, /var/lib/scylla/data/system_schema/indexes-0feb57ac311f382fba6d9024d305702f/mc-667-big-Data.db:level=0, ]
2020-10-22T05:45:14.503944030Z  INFO  2020-10-22 05:45:14,501 [shard 3] compaction - Compacting [/var/lib/scylla/data/dt/source_data-6af6cd50d77b11ea9877000000000001/mc-847-big-Data.db:level=0, /var/lib/scylla/data/dt/source_data-6af6cd50d77b11ea9877000000000001/mc-843-big-Data.db:level=0, /var/lib/scylla/data/dt/source_data-6af6cd50d77b11ea9877000000000001/mc-839-big-Data.db:level=0, ]
2020-10-22T05:45:14.503965173Z  INFO  2020-10-22 05:45:14,501 [shard 3] compaction - Compacting [/var/lib/scylla/data/system_schema/scylla_tables-5d912ff1f7593665b2c88042ab5103dd/mc-603-big-Data.db:level=0, /var/lib/scylla/data/system_schema/scylla_tables-5d912ff1f7593665b2c88042ab5103dd/mc-599-big-Data.db:level=0, ]
2020-10-22T05:45:14.503977330Z  INFO  2020-10-22 05:45:14,502 [shard 2] compaction - Compacting [/var/lib/scylla/data/system/compaction_history-b4dbb7b4dc493fb5b3bfce6e434832ca/mc-1098-big-Data.db:level=0, /var/lib/scylla/data/system/compaction_history-b4dbb7b4dc493fb5b3bfce6e434832ca/mc-1094-big-Data.db:level=0, /var/lib/scylla/data/system/compaction_history-b4dbb7b4dc493fb5b3bfce6e434832ca/mc-1090-big-Data.db:level=0, ]
2020-10-22T05:45:14.503990620Z  INFO  2020-10-22 05:45:14,502 [shard 2] compaction - Compacting [/var/lib/scylla/data/system_schema/keyspaces-abac5682dea631c5b535b3d6cffd0fb6/mc-746-big-Data.db:level=0, /var/lib/scylla/data/system_schema/keyspaces-abac5682dea631c5b535b3d6cffd0fb6/mc-750-big-Data.db:level=0, /var/lib/scylla/data/system_schema/keyspaces-abac5682dea631c5b535b3d6cffd0fb6/mc-742-big-Data.db:level=0, ]
2020-10-22T05:45:14.504002837Z  INFO  2020-10-22 05:45:14,503 [shard 2] compaction - Compacting [/var/lib/scylla/data/system_schema/types-5a8b1ca866023f77a0459273d308917a/mc-590-big-Data.db:level=0, /var/lib/scylla/data/system_schema/types-5a8b1ca866023f77a0459273d308917a/mc-586-big-Data.db:level=0, ]
2020-10-22T05:45:14.504014108Z  INFO  2020-10-22 05:45:14,503 [shard 2] compaction - Compacting [/var/lib/scylla/data/system_schema/tables-afddfb9dbc1e30688056eed6c302ba09/mc-618-big-Data.db:level=0, /var/lib/scylla/data/system_schema/tables-afddfb9dbc1e30688056eed6c302ba09/mc-614-big-Data.db:level=0, ]
2020-10-22T05:45:14.504701636Z  INFO  2020-10-22 05:45:14,503 [shard 2] compaction - Compacting [/var/lib/scylla/data/system_schema/scylla_tables-5d912ff1f7593665b2c88042ab5103dd/mc-602-big-Data.db:level=0, /var/lib/scylla/data/system_schema/scylla_tables-5d912ff1f7593665b2c88042ab5103dd/mc-598-big-Data.db:level=0, ]
2020-10-22T05:45:14.507525918Z  INFO  2020-10-22 05:45:14,507 [shard 0] init - initializing migration manager RPC verbs
2020-10-22T05:45:14.508450660Z  INFO  2020-10-22 05:45:14,508 [shard 0] init - initializing storage proxy RPC verbs
2020-10-22T05:45:14.509513812Z  INFO  2020-10-22 05:45:14,509 [shard 0] init - starting streaming service
2020-10-22T05:45:14.517083082Z  INFO  2020-10-22 05:45:14,516 [shard 0] init - starting hinted handoff manager
2020-10-22T05:45:15.743400947Z  INFO  2020-10-22 05:45:15,742 [shard 0] init - starting messaging service
2020-10-22T05:45:15.744699429Z  INFO  2020-10-22 05:45:15,744 [shard 0] repair - Setting max_repair_memory=168820736, max_repair_memory_per_range=33554432, max_repair_ranges_in_parallel=5
2020-10-22T05:45:15.746151897Z  INFO  2020-10-22 05:45:15,745 [shard 0] init - starting storage service
2020-10-22T05:45:15.750702756Z  INFO  2020-10-22 05:45:15,750 [shard 0] storage_service - Loading persisted ring state
2020-10-22T05:45:15.759077931Z  INFO  2020-10-22 05:45:15,758 [shard 0] storage_service - loaded_peer_features: peer_features size=0
2020-10-22T05:45:15.759678777Z  INFO  2020-10-22 05:45:15,759 [shard 0] storage_service - Checking remote features skipped, since this node is a new seed node which knows nothing about the cluster
2020-10-22T05:45:15.761062090Z  INFO  2020-10-22 05:45:15,760 [shard 0] storage_service - Restarting a node in NORMAL status
2020-10-22T05:45:15.831076255Z  INFO  2020-10-22 05:45:15,830 [shard 0] database - Schema version changed to 3f00f995-6495-3765-8599-4e76a2f4c6b2
2020-10-22T05:45:15.831609289Z  INFO  2020-10-22 05:45:15,831 [shard 0] storage_service - Starting up server gossip
2020-10-22T05:45:16.156120395Z  WARN  2020-10-22 05:45:16,155 [shard 3] large_data - Writing a partition with too many rows [dt/source_data:d0a71d84-b80f-4558-beac-8887750652e3] (176082 rows)
2020-10-22T05:45:16.705400397Z  INFO  2020-10-22 05:45:16,704 [shard 3] compaction - Compacted 3 sstables to []. 16431 bytes to 0 (~0% of original) in 0ms = 0.00MB/s. ~384 total partitions merged to 0.
2020-10-22T05:45:16.781901919Z  INFO  2020-10-22 05:45:16,781 [shard 1] compaction - Compacting [/var/lib/scylla/data/system/local-7ad54392bcdd35a684174e047860b377/mc-4333-big-Data.db:level=0, /var/lib/scylla/data/system/local-7ad54392bcdd35a684174e047860b377/mc-4337-big-Data.db:level=0, /var/lib/scylla/data/system/local-7ad54392bcdd35a684174e047860b377/mc-4341-big-Data.db:level=0, /var/lib/scylla/data/system/local-7ad54392bcdd35a684174e047860b377/mc-4329-big-Data.db:level=0, ]
2020-10-22T05:45:18.124238520Z  INFO  2020-10-22 05:45:18,123 [shard 0] compaction - Compacted 11 sstables to []. 253636 bytes to 0 (~0% of original) in 28ms = 0.00MB/s. ~1408 total partitions merged to 0.
2020-10-22T05:45:18.393024203Z  INFO  2020-10-22 05:45:18,392 [shard 1] compaction - Compacted 3 sstables to [/var/lib/scylla/data/system/compaction_history-b4dbb7b4dc493fb5b3bfce6e434832ca/mc-1089-big-Data.db:level=0, ]. 155635 bytes to 107615 (~69% of original) in 2282ms = 0.04MB/s. ~512 total partitions merged to 168.
2020-10-22T05:45:18.396184542Z  INFO  2020-10-22 05:45:18,395 [shard 2] compaction - Compacting [/var/lib/scylla/data/system_schema/view_virtual_columns-08843b6345dc3be29798a0418295cfaa/mc-730-big-Data.db:level=0, /var/lib/scylla/data/system_schema/view_virtual_columns-08843b6345dc3be29798a0418295cfaa/mc-726-big-Data.db:level=0, /var/lib/scylla/data/system_schema/view_virtual_columns-08843b6345dc3be29798a0418295cfaa/mc-722-big-Data.db:level=0, ]
2020-10-22T05:45:18.397129847Z  INFO  2020-10-22 05:45:18,396 [shard 2] compaction - Compacting [/var/lib/scylla/data/system_schema/views-9786ac1cdd583201a7cdad556410c985/mc-550-big-Data.db:level=0, /var/lib/scylla/data/system_schema/views-9786ac1cdd583201a7cdad556410c985/mc-546-big-Data.db:level=0, ]
2020-10-22T05:45:18.397157407Z  INFO  2020-10-22 05:45:18,396 [shard 2] compaction - Compacting [/var/lib/scylla/data/system/truncated-38c19fd0fb863310a4b70d0cc66628aa/mc-1342-big-Data.db:level=0, /var/lib/scylla/data/system/truncated-38c19fd0fb863310a4b70d0cc66628aa/mc-1338-big-Data.db:level=0, /var/lib/scylla/data/system/truncated-38c19fd0fb863310a4b70d0cc66628aa/mc-1334-big-Data.db:level=0, ]
2020-10-22T05:45:18.399127555Z  INFO  2020-10-22 05:45:18,398 [shard 2] compaction - Compacting [/var/lib/scylla/data/system_schema/columns-24101c25a2ae3af787c1b40ee1aca33f/mc-786-big-Data.db:level=0, /var/lib/scylla/data/system_schema/columns-24101c25a2ae3af787c1b40ee1aca33f/mc-790-big-Data.db:level=0, /var/lib/scylla/data/system_schema/columns-24101c25a2ae3af787c1b40ee1aca33f/mc-782-big-Data.db:level=0, ]
2020-10-22T05:45:19.112509226Z  INFO  2020-10-22 05:45:19,111 [shard 0] messaging_service - Starting Messaging Service on port 7000
2020-10-22T05:45:19.459510857Z  INFO  2020-10-22 05:45:19,458 [shard 3] compaction - Compacting [/var/lib/scylla/data/system_schema/view_virtual_columns-08843b6345dc3be29798a0418295cfaa/mc-731-big-Data.db:level=0, /var/lib/scylla/data/system_schema/view_virtual_columns-08843b6345dc3be29798a0418295cfaa/mc-727-big-Data.db:level=0, /var/lib/scylla/data/system_schema/view_virtual_columns-08843b6345dc3be29798a0418295cfaa/mc-723-big-Data.db:level=0, ]
2020-10-22T05:45:19.459784838Z  INFO  2020-10-22 05:45:19,459 [shard 3] compaction - Compacting [/var/lib/scylla/data/system_schema/computed_columns-cc7c7069374033c192a4c3de78dbd2c4/mc-599-big-Data.db:level=0, /var/lib/scylla/data/system_schema/computed_columns-cc7c7069374033c192a4c3de78dbd2c4/mc-595-big-Data.db:level=0, ]
2020-10-22T05:45:19.460255123Z  INFO  2020-10-22 05:45:19,459 [shard 3] compaction - Compacting [/var/lib/scylla/data/system_schema/triggers-4df70b666b05325195a132b54005fd48/mc-703-big-Data.db:level=0, /var/lib/scylla/data/system_schema/triggers-4df70b666b05325195a132b54005fd48/mc-699-big-Data.db:level=0, /var/lib/scylla/data/system_schema/triggers-4df70b666b05325195a132b54005fd48/mc-695-big-Data.db:level=0, ]
2020-10-22T05:45:19.460280396Z  INFO  2020-10-22 05:45:19,459 [shard 3] compaction - Compacting [/var/lib/scylla/data/system_schema/tables-afddfb9dbc1e30688056eed6c302ba09/mc-623-big-Data.db:level=0, /var/lib/scylla/data/system_schema/tables-afddfb9dbc1e30688056eed6c302ba09/mc-619-big-Data.db:level=0, ]
2020-10-22T05:45:20.322727212Z  INFO  2020-10-22 05:45:20,322 [shard 1] compaction - Compacted 4 sstables to [/var/lib/scylla/data/system/local-7ad54392bcdd35a684174e047860b377/mc-4349-big-Data.db:level=0, ]. 31116 bytes to 12598 (~40% of original) in 2750ms = 0.00MB/s. ~512 total partitions merged to 1.
2020-10-22T05:45:20.324475052Z  INFO  2020-10-22 05:45:20,323 [shard 1] compaction - Compacting [/var/lib/scylla/data/system/local-7ad54392bcdd35a684174e047860b377/mc-4345-big-Data.db:level=0, /var/lib/scylla/data/system/local-7ad54392bcdd35a684174e047860b377/mc-4349-big-Data.db:level=0, ]
2020-10-22T05:45:20.712680156Z  INFO  2020-10-22 05:45:20,711 [shard 0] compaction - Compacted 3 sstables to [/var/lib/scylla/data/system/truncated-38c19fd0fb863310a4b70d0cc66628aa/mc-2028-big-Data.db:level=0, ]. 158421 bytes to 76909 (~48% of original) in 4956ms = 0.01MB/s. ~384 total partitions merged to 2.
2020-10-22T05:45:20.714037548Z  INFO  2020-10-22 05:45:20,713 [shard 0] compaction - Compacted 3 sstables to [/var/lib/scylla/data/system/compaction_history-b4dbb7b4dc493fb5b3bfce6e434832ca/mc-1072-big-Data.db:level=0, ]. 242064 bytes to 109980 (~45% of original) in 4958ms = 0.02MB/s. ~512 total partitions merged to 187.
2020-10-22T05:45:21.649741289Z  INFO  2020-10-22 05:45:21,649 [shard 2] compaction - Compacted 2 sstables to [/var/lib/scylla/data/system_schema/scylla_tables-5d912ff1f7593665b2c88042ab5103dd/mc-606-big-Data.db:level=0, ]. 11946 bytes to 6080 (~50% of original) in 3891ms = 0.00MB/s. ~256 total partitions merged to 1.
2020-10-22T05:45:21.651505447Z  INFO  2020-10-22 05:45:21,649 [shard 3] compaction - Compacted 3 sstables to [/var/lib/scylla/data/system_schema/indexes-0feb57ac311f382fba6d9024d305702f/mc-679-big-Data.db:level=0, ]. 23296 bytes to 12789 (~54% of original) in 4957ms = 0.00MB/s. ~384 total partitions merged to 2.
2020-10-22T05:45:21.651530813Z  INFO  2020-10-22 05:45:21,650 [shard 3] compaction - Compacted 2 sstables to [/var/lib/scylla/data/system_schema/scylla_tables-5d912ff1f7593665b2c88042ab5103dd/mc-607-big-Data.db:level=0, ]. 12572 bytes to 6447 (~51% of original) in 4957ms = 0.00MB/s. ~256 total partitions merged to 1.
2020-10-22T05:45:21.651557971Z  INFO  2020-10-22 05:45:21,650 [shard 3] compaction - Compacted 3 sstables to [/var/lib/scylla/data/system_schema/dropped_columns-5e7583b5f3f43af19a39b7e1d6f5f11f/mc-791-big-Data.db:level=0, ]. 16424 bytes to 5795 (~35% of original) in 4958ms = 0.00MB/s. ~384 total partitions merged to 1.
2020-10-22T05:45:21.651570421Z  INFO  2020-10-22 05:45:21,650 [shard 3] compaction - Compacted 3 sstables to [/var/lib/scylla/data/system/compaction_history-b4dbb7b4dc493fb5b3bfce6e434832ca/mc-1103-big-Data.db:level=0, ]. 178457 bytes to 108886 (~61% of original) in 4957ms = 0.02MB/s. ~512 total partitions merged to 163.
2020-10-22T05:45:21.651582128Z  INFO  2020-10-22 05:45:21,650 [shard 3] compaction - Compacted 3 sstables to [/var/lib/scylla/data/system_schema/columns-24101c25a2ae3af787c1b40ee1aca33f/mc-791-big-Data.db:level=0, ]. 76176 bytes to 57505 (~75% of original) in 4958ms = 0.01MB/s. ~384 total partitions merged to 4.
2020-10-22T05:45:21.651593188Z  INFO  2020-10-22 05:45:21,650 [shard 3] compaction - Compacted 3 sstables to [/var/lib/scylla/data/dt/source_data-6af6cd50d77b11ea9877000000000001/mc-851-big-Data.db:level=0, ]. 14319035 bytes to 14215666 (~99% of original) in 4958ms = 2.73MB/s. ~384 total partitions merged to 1.
2020-10-22T05:45:21.651615276Z  INFO  2020-10-22 05:45:21,651 [shard 2] compaction - Compacted 3 sstables to [/var/lib/scylla/data/system_schema/dropped_columns-5e7583b5f3f43af19a39b7e1d6f5f11f/mc-790-big-Data.db:level=0, ]. 15985 bytes to 5643 (~35% of original) in 3895ms = 0.00MB/s. ~384 total partitions merged to 1.
2020-10-22T05:45:21.703299716Z  INFO  2020-10-22 05:45:21,702 [shard 2] compaction - Compacted 2 sstables to [/var/lib/scylla/data/system_schema/types-5a8b1ca866023f77a0459273d308917a/mc-594-big-Data.db:level=0, ]. 11078 bytes to 5615 (~50% of original) in 3893ms = 0.00MB/s. ~256 total partitions merged to 1.
2020-10-22T05:45:21.704296248Z  INFO  2020-10-22 05:45:21,702 [shard 2] compaction - Compacted 2 sstables to [/var/lib/scylla/data/system_schema/tables-afddfb9dbc1e30688056eed6c302ba09/mc-622-big-Data.db:level=0, ]. 67705 bytes to 59782 (~88% of original) in 3893ms = 0.01MB/s. ~256 total partitions merged to 2.
2020-10-22T05:45:21.704317401Z  INFO  2020-10-22 05:45:21,702 [shard 2] compaction - Compacted 3 sstables to [/var/lib/scylla/data/system_schema/keyspaces-abac5682dea631c5b535b3d6cffd0fb6/mc-754-big-Data.db:level=0, ]. 67314 bytes to 56726 (~84% of original) in 3894ms = 0.01MB/s. ~384 total partitions merged to 2.
2020-10-22T05:45:21.704329205Z  INFO  2020-10-22 05:45:21,702 [shard 3] compaction - Compacted 3 sstables to [/var/lib/scylla/data/system_schema/functions-96489b7980be3e14a70166a0b9159450/mc-727-big-Data.db:level=0, ]. 16890 bytes to 5945 (~35% of original) in 4959ms = 0.00MB/s. ~384 total partitions merged to 1.
2020-10-22T05:45:21.705086321Z  INFO  2020-10-22 05:45:21,704 [shard 2] compaction - Compacted 3 sstables to [/var/lib/scylla/data/system/compaction_history-b4dbb7b4dc493fb5b3bfce6e434832ca/mc-1102-big-Data.db:level=0, ]. 277144 bytes to 109722 (~39% of original) in 3896ms = 0.03MB/s. ~512 total partitions merged to 200.
2020-10-22T05:45:22.000787600Z  INFO  2020-10-22 05:45:21,999 [shard 1] compaction - Compacted 2 sstables to [/var/lib/scylla/data/system/local-7ad54392bcdd35a684174e047860b377/mc-4353-big-Data.db:level=0, ]. 18690 bytes to 12275 (~65% of original) in 1215ms = 0.01MB/s. ~256 total partitions merged to 1.
2020-10-22T05:45:22.530262872Z  INFO  2020-10-22 05:45:22,529 [shard 3] compaction - Compacting [/var/lib/scylla/data/system/truncated-38c19fd0fb863310a4b70d0cc66628aa/mc-1151-big-Data.db:level=0, /var/lib/scylla/data/system/truncated-38c19fd0fb863310a4b70d0cc66628aa/mc-1147-big-Data.db:level=0, /var/lib/scylla/data/system/truncated-38c19fd0fb863310a4b70d0cc66628aa/mc-1143-big-Data.db:level=0, ]
2020-10-22T05:45:22.531182045Z  INFO  2020-10-22 05:45:22,530 [shard 3] compaction - Compacting [/var/lib/scylla/data/system_schema/types-5a8b1ca866023f77a0459273d308917a/mc-583-big-Data.db:level=0, /var/lib/scylla/data/system_schema/types-5a8b1ca866023f77a0459273d308917a/mc-579-big-Data.db:level=0, ]
2020-10-22T05:45:22.723133044Z  INFO  2020-10-22 05:45:22,722 [shard 2] compaction - Compacting [/var/lib/scylla/data/system_schema/functions-96489b7980be3e14a70166a0b9159450/mc-718-big-Data.db:level=0, /var/lib/scylla/data/system_schema/functions-96489b7980be3e14a70166a0b9159450/mc-710-big-Data.db:level=0, /var/lib/scylla/data/system_schema/functions-96489b7980be3e14a70166a0b9159450/mc-714-big-Data.db:level=0, ]
2020-10-22T05:45:22.726240293Z  INFO  2020-10-22 05:45:22,724 [shard 2] compaction - Compacting [/var/lib/scylla/data/system_schema/aggregates-924c55872e3a345bb10c12f37c1ba895/mc-538-big-Data.db:level=0, /var/lib/scylla/data/system_schema/aggregates-924c55872e3a345bb10c12f37c1ba895/mc-534-big-Data.db:level=0, ]
2020-10-22T05:45:23.600554986Z  INFO  2020-10-22 05:45:23,599 [shard 3] compaction - Compacted 3 sstables to [/var/lib/scylla/data/system_schema/view_virtual_columns-08843b6345dc3be29798a0418295cfaa/mc-735-big-Data.db:level=0, ]. 23511 bytes to 12927 (~54% of original) in 3071ms = 0.00MB/s. ~384 total partitions merged to 2.
2020-10-22T05:45:23.600587322Z  INFO  2020-10-22 05:45:23,600 [shard 3] compaction - Compacted 2 sstables to [/var/lib/scylla/data/system_schema/tables-afddfb9dbc1e30688056eed6c302ba09/mc-627-big-Data.db:level=0, ]. 65492 bytes to 56355 (~86% of original) in 3071ms = 0.02MB/s. ~256 total partitions merged to 4.
2020-10-22T05:45:23.600599100Z  INFO  2020-10-22 05:45:23,600 [shard 3] compaction - Compacted 3 sstables to [/var/lib/scylla/data/system_schema/triggers-4df70b666b05325195a132b54005fd48/mc-707-big-Data.db:level=0, ]. 16092 bytes to 5679 (~35% of original) in 3071ms = 0.00MB/s. ~384 total partitions merged to 1.
2020-10-22T05:45:23.600609981Z  INFO  2020-10-22 05:45:23,600 [shard 3] compaction - Compacted 2 sstables to [/var/lib/scylla/data/system_schema/computed_columns-cc7c7069374033c192a4c3de78dbd2c4/mc-603-big-Data.db:level=0, ]. 17544 bytes to 12459 (~71% of original) in 3071ms = 0.00MB/s. ~256 total partitions merged to 2.
2020-10-22T05:45:23.788082649Z  INFO  2020-10-22 05:45:23,787 [shard 2] compaction - Compacted 3 sstables to [/var/lib/scylla/data/system_schema/view_virtual_columns-08843b6345dc3be29798a0418295cfaa/mc-734-big-Data.db:level=0, ]. 16453 bytes to 5799 (~35% of original) in 4327ms = 0.00MB/s. ~384 total partitions merged to 1.
2020-10-22T05:45:23.928346674Z  INFO  2020-10-22 05:45:23,927 [shard 2] compaction - Compacted 2 sstables to [/var/lib/scylla/data/system_schema/views-9786ac1cdd583201a7cdad556410c985/mc-554-big-Data.db:level=0, ]. 13700 bytes to 7006 (~51% of original) in 4328ms = 0.00MB/s. ~256 total partitions merged to 1.
2020-10-22T05:45:23.928784830Z  INFO  2020-10-22 05:45:23,928 [shard 2] compaction - Compacted 3 sstables to [/var/lib/scylla/data/system/truncated-38c19fd0fb863310a4b70d0cc66628aa/mc-1346-big-Data.db:level=0, ]. 167625 bytes to 56247 (~33% of original) in 4329ms = 0.01MB/s. ~384 total partitions merged to 4.
2020-10-22T05:45:23.931095968Z  INFO  2020-10-22 05:45:23,930 [shard 2] compaction - Compacted 3 sstables to [/var/lib/scylla/data/system_schema/columns-24101c25a2ae3af787c1b40ee1aca33f/mc-794-big-Data.db:level=0, ]. 78700 bytes to 61716 (~78% of original) in 4327ms = 0.01MB/s. ~384 total partitions merged to 2.
2020-10-22T05:45:24.145450936Z  INFO  2020-10-22 05:45:24,144 [shard 3] compaction - Compacting [/var/lib/scylla/data/system_schema/aggregates-924c55872e3a345bb10c12f37c1ba895/mc-535-big-Data.db:level=0, /var/lib/scylla/data/system_schema/aggregates-924c55872e3a345bb10c12f37c1ba895/mc-531-big-Data.db:level=0, ]
2020-10-22T05:45:24.146434454Z  INFO  2020-10-22 05:45:24,145 [shard 3] compaction - Compacting [/var/lib/scylla/data/system/large_cells-ead8bbc5f1463ae19f710b11f9a1d296/mc-47-big-Data.db:level=0, /var/lib/scylla/data/system/large_cells-ead8bbc5f1463ae19f710b11f9a1d296/mc-43-big-Data.db:level=0, /var/lib/scylla/data/system/large_cells-ead8bbc5f1463ae19f710b11f9a1d296/mc-39-big-Data.db:level=0, ]
2020-10-22T05:45:24.146486046Z  INFO  2020-10-22 05:45:24,146 [shard 3] compaction - Compacting [/var/lib/scylla/data/system_schema/keyspaces-abac5682dea631c5b535b3d6cffd0fb6/mc-707-big-Data.db:level=0, /var/lib/scylla/data/system_schema/keyspaces-abac5682dea631c5b535b3d6cffd0fb6/mc-711-big-Data.db:level=0, /var/lib/scylla/data/system_schema/keyspaces-abac5682dea631c5b535b3d6cffd0fb6/mc-703-big-Data.db:level=0, ]
2020-10-22T05:45:24.474995438Z  INFO  2020-10-22 05:45:24,474 [shard 2] compaction - Compacting [/var/lib/scylla/data/system_schema/computed_columns-cc7c7069374033c192a4c3de78dbd2c4/mc-598-big-Data.db:level=0, /var/lib/scylla/data/system_schema/computed_columns-cc7c7069374033c192a4c3de78dbd2c4/mc-594-big-Data.db:level=0, ]
2020-10-22T05:45:24.475218006Z  INFO  2020-10-22 05:45:24,474 [shard 2] compaction - Compacting [/var/lib/scylla/data/system_schema/triggers-4df70b666b05325195a132b54005fd48/mc-706-big-Data.db:level=0, /var/lib/scylla/data/system_schema/triggers-4df70b666b05325195a132b54005fd48/mc-702-big-Data.db:level=0, /var/lib/scylla/data/system_schema/triggers-4df70b666b05325195a132b54005fd48/mc-698-big-Data.db:level=0, ]
2020-10-22T05:45:24.984804224Z  INFO  2020-10-22 05:45:24,984 [shard 3] compaction - Compacted 2 sstables to [/var/lib/scylla/data/system_schema/types-5a8b1ca866023f77a0459273d308917a/mc-587-big-Data.db:level=0, ]. 11007 bytes to 5580 (~50% of original) in 1614ms = 0.00MB/s. ~256 total partitions merged to 1.
2020-10-22T05:45:24.984844304Z  INFO  2020-10-22 05:45:24,984 [shard 3] compaction - Compacted 3 sstables to [/var/lib/scylla/data/system/truncated-38c19fd0fb863310a4b70d0cc66628aa/mc-1155-big-Data.db:level=0, ]. 188994 bytes to 63365 (~33% of original) in 1616ms = 0.04MB/s. ~384 total partitions merged to 2.
2020-10-22T05:45:24.985913990Z  INFO  2020-10-22 05:45:24,985 [shard 3] compaction - Compacted 3 sstables to []. 17055 bytes to 0 (~0% of original) in 0ms = 0.00MB/s. ~384 total partitions merged to 0.
2020-10-22T05:45:25.494863283Z  INFO  2020-10-22 05:45:25,494 [shard 2] compaction - Compacted 2 sstables to [/var/lib/scylla/data/system_schema/aggregates-924c55872e3a345bb10c12f37c1ba895/mc-542-big-Data.db:level=0, ]. 11134 bytes to 5723 (~51% of original) in 1750ms = 0.00MB/s. ~256 total partitions merged to 1.
2020-10-22T05:45:25.495439772Z  INFO  2020-10-22 05:45:25,495 [shard 2] compaction - Compacted 3 sstables to [/var/lib/scylla/data/system_schema/functions-96489b7980be3e14a70166a0b9159450/mc-722-big-Data.db:level=0, ]. 16996 bytes to 5980 (~35% of original) in 1751ms = 0.00MB/s. ~384 total partitions merged to 1.
2020-10-22T05:45:25.642991767Z  INFO  2020-10-22 05:45:25,642 [shard 3] compaction - Compacting [/var/lib/scylla/data/system_schema/views-9786ac1cdd583201a7cdad556410c985/mc-547-big-Data.db:level=0, /var/lib/scylla/data/system_schema/views-9786ac1cdd583201a7cdad556410c985/mc-543-big-Data.db:level=0, ]
2020-10-22T05:45:26.006022509Z  INFO  2020-10-22 05:45:26,005 [shard 2] compaction - Compacting [/var/lib/scylla/data/system_schema/indexes-0feb57ac311f382fba6d9024d305702f/mc-698-big-Data.db:level=0, /var/lib/scylla/data/system_schema/indexes-0feb57ac311f382fba6d9024d305702f/mc-690-big-Data.db:level=0, /var/lib/scylla/data/system_schema/indexes-0feb57ac311f382fba6d9024d305702f/mc-694-big-Data.db:level=0, ]
2020-10-22T05:45:26.279344439Z  INFO  2020-10-22 05:45:26,278 [shard 3] compaction - Compacted 3 sstables to [/var/lib/scylla/data/system_schema/keyspaces-abac5682dea631c5b535b3d6cffd0fb6/mc-715-big-Data.db:level=0, ]. 61870 bytes to 51353 (~83% of original) in 1495ms = 0.03MB/s. ~384 total partitions merged to 4.
2020-10-22T05:45:26.279922845Z  INFO  2020-10-22 05:45:26,279 [shard 3] compaction - Compacted 2 sstables to [/var/lib/scylla/data/system_schema/aggregates-924c55872e3a345bb10c12f37c1ba895/mc-539-big-Data.db:level=0, ]. 11063 bytes to 5688 (~51% of original) in 1499ms = 0.00MB/s. ~256 total partitions merged to 1.
2020-10-22T05:45:26.483372989Z  INFO  2020-10-22 05:45:26,482 [shard 2] compaction - Compacted 3 sstables to [/var/lib/scylla/data/system_schema/triggers-4df70b666b05325195a132b54005fd48/mc-710-big-Data.db:level=0, ]. 16198 bytes to 5714 (~35% of original) in 1530ms = 0.00MB/s. ~384 total partitions merged to 1.
2020-10-22T05:45:26.484257923Z  INFO  2020-10-22 05:45:26,483 [shard 2] compaction - Compacted 2 sstables to [/var/lib/scylla/data/system_schema/computed_columns-cc7c7069374033c192a4c3de78dbd2c4/mc-602-big-Data.db:level=0, ]. 10552 bytes to 5432 (~51% of original) in 1531ms = 0.00MB/s. ~256 total partitions merged to 1.
2020-10-22T05:45:27.024930322Z  INFO  2020-10-22 05:45:27,024 [shard 3] compaction - Compacted 2 sstables to [/var/lib/scylla/data/system_schema/views-9786ac1cdd583201a7cdad556410c985/mc-551-big-Data.db:level=0, ]. 21046 bytes to 14388 (~68% of original) in 1077ms = 0.01MB/s. ~256 total partitions merged to 2.
2020-10-22T05:45:27.097819052Z  INFO  2020-10-22 05:45:27,097 [shard 2] compaction - Compacted 3 sstables to [/var/lib/scylla/data/system_schema/indexes-0feb57ac311f382fba6d9024d305702f/mc-702-big-Data.db:level=0, ]. 16336 bytes to 5760 (~35% of original) in 962ms = 0.01MB/s. ~384 total partitions merged to 1.
2020-10-22T05:45:31.115494989Z  INFO  2020-10-22 05:45:31,114 [shard 0] gossip - No gossip backlog; proceeding
2020-10-22T05:45:31.117653729Z  INFO  2020-10-22 05:45:31,117 [shard 0] features - Feature COMPUTED_COLUMNS is enabled
2020-10-22T05:45:31.117701645Z  INFO  2020-10-22 05:45:31,117 [shard 0] features - Feature CORRECT_COUNTER_ORDER is enabled
2020-10-22T05:45:31.117722452Z  INFO  2020-10-22 05:45:31,117 [shard 0] features - Feature CORRECT_NON_COMPOUND_RANGE_TOMBSTONES is enabled
2020-10-22T05:45:31.117740980Z  INFO  2020-10-22 05:45:31,117 [shard 0] features - Feature CORRECT_STATIC_COMPACT_IN_MC is enabled
2020-10-22T05:45:31.117759023Z  INFO  2020-10-22 05:45:31,117 [shard 0] features - Feature COUNTERS is enabled
2020-10-22T05:45:31.117776920Z  INFO  2020-10-22 05:45:31,117 [shard 0] features - Feature DIGEST_INSENSITIVE_TO_EXPIRY is enabled
2020-10-22T05:45:31.118085435Z  INFO  2020-10-22 05:45:31,117 [shard 0] features - Feature DIGEST_MULTIPARTITION_READ is enabled
2020-10-22T05:45:31.118119706Z  INFO  2020-10-22 05:45:31,117 [shard 0] features - Feature HINTED_HANDOFF_SEPARATE_CONNECTION is enabled
2020-10-22T05:45:31.118168467Z  INFO  2020-10-22 05:45:31,117 [shard 0] features - Feature INDEXES is enabled
2020-10-22T05:45:31.118188984Z  INFO  2020-10-22 05:45:31,117 [shard 0] features - Feature LARGE_PARTITIONS is enabled
2020-10-22T05:45:31.118207250Z  INFO  2020-10-22 05:45:31,117 [shard 0] features - Feature LWT is enabled
2020-10-22T05:45:31.118225280Z  INFO  2020-10-22 05:45:31,117 [shard 0] features - Feature MATERIALIZED_VIEWS is enabled
2020-10-22T05:45:31.118243754Z  INFO  2020-10-22 05:45:31,117 [shard 0] features - Feature MC_SSTABLE_FORMAT is enabled
2020-10-22T05:45:31.118262271Z  INFO  2020-10-22 05:45:31,117 [shard 0] features - Feature NONFROZEN_UDTS is enabled
2020-10-22T05:45:31.118309135Z  INFO  2020-10-22 05:45:31,117 [shard 0] features - Feature PER_TABLE_PARTITIONERS is enabled
2020-10-22T05:45:31.118502877Z  INFO  2020-10-22 05:45:31,117 [shard 0] features - Feature RANGE_TOMBSTONES is enabled
2020-10-22T05:45:31.118534677Z  INFO  2020-10-22 05:45:31,117 [shard 0] features - Feature ROLES is enabled
2020-10-22T05:45:31.118553280Z  INFO  2020-10-22 05:45:31,117 [shard 0] features - Feature ROW_LEVEL_REPAIR is enabled
2020-10-22T05:45:31.118571567Z  INFO  2020-10-22 05:45:31,117 [shard 0] features - Feature SCHEMA_TABLES_V3 is enabled
2020-10-22T05:45:31.118590123Z  INFO  2020-10-22 05:45:31,117 [shard 0] features - Feature STREAM_WITH_RPC_STREAM is enabled
2020-10-22T05:45:31.118608883Z  INFO  2020-10-22 05:45:31,117 [shard 0] features - Feature TRUNCATION_TABLE is enabled
2020-10-22T05:45:31.118627585Z  INFO  2020-10-22 05:45:31,117 [shard 0] system_keyspace - Got cluster agreement on truncation table feature. Removing legacy records.
2020-10-22T05:45:31.118913300Z  INFO  2020-10-22 05:45:31,118 [shard 0] features - Feature UNBOUNDED_RANGE_TOMBSTONES is enabled
2020-10-22T05:45:31.118947767Z  INFO  2020-10-22 05:45:31,118 [shard 0] features - Feature VIEW_VIRTUAL_COLUMNS is enabled
2020-10-22T05:45:31.118967175Z  INFO  2020-10-22 05:45:31,118 [shard 0] features - Feature WRITE_FAILURE_REPLY is enabled
2020-10-22T05:45:31.118985988Z  INFO  2020-10-22 05:45:31,118 [shard 0] features - Feature XXHASH is enabled
2020-10-22T05:45:31.120386101Z  INFO  2020-10-22 05:45:31,119 [shard 0] system_keyspace - Legacy records deleted.
2020-10-22T05:45:31.121290136Z  INFO  2020-10-22 05:45:31,120 [shard 0] init - starting system distributed keyspace
2020-10-22T05:45:31.126555750Z  INFO  2020-10-22 05:45:31,125 [shard 0] storage_service - Using saved tokens {943448605036726745, 9061580907506437136, 8957018461898327244, 8813999419995718088, 8775859223532977932, 873311388414975666, 8707696313600310498, 8675978575875245837, 855031166620283245, 8476533345381470087, 8413544620893079714, 8382283044476755854, 7804258889026263620, 778239093056833917, 7732629563319678675, 7564694057214588647, 747840302865059114, 7255484784972643852, 700944770677405149, 7009081579420542256, 7354219953741161264, 6974970471767945112, 6788034976878782500, 667581605220131528, 6496091893897576732, 6478032244021912394, 6420907855788431922, 8777890816944145805, 6381418245203458391, 6358173612251239308, 6302443190184390149, 6115776390551923703, 5906838239532612246, 5890706123786165213, 588034934972968299, 5848278814186320030, 5834675951458569055, 5796254206948921528, -6441145814158460549, 7172238068082229918, -6238625478980828395, -6199824488038647909, -572473923349256348, -5526097868254533829, -5508289632699420366, -6338043935148530859, 4738411181964629022, -5411685484465544274, 5103660925946342563, -5360532551957069796, -5246840897237646542, -8953406550820932827, -511676141100664160, -4872163430844150374, 5153854518462400651, -4829128129506020031, 6818717460470417221, -4735496583611878200, -7913213531410876291, -8612347190400988175, 3361838207769500988, -4770694758141334815, 3533570692245755170, -3014142033706378490, -6648258355715071793, 105268539462240253, 6448269612184381105, 3941245744356891698, -4925670906471950289, -6853270293933441203, -431455211546220291, -4106310081010891923, -4280461110562472301, -4231054370802445643, 4453520694484038438, -5140544052953576706, -7341700934491837716, -4177024142024341044, -2365586676906010085, -4368295386640868227, -6779834804380741154, 7103497347382660592, -471701403720839764, -2187125227394891465, -1593748153114868683, 8325613099551670589, -6017078328443447975, 408961909545308462, -3256341547923989103, 1911454556365012923, -2135119982021577211, -6104126434670973331, -1614584707908969492, -5285270377043925775, 194223785007163967, 3556932048290112968, 4378909036113166689, -2319706609635128471, 782580883702972777, -3880555618453256762, -2879534723161185431, 7469085752185829039, -8001902308657073600, -1522914538603683793, 784130423392421222, -3409621329811667263, -5136236598692180863, -2640475812391264528, 3907413558358164712, -2166731983266837511, -8529251962487546573, -5228242602708342126, -6263078841153087564, -1295419475388780424, 5311755414232655734, -4113405879925637368, 2104079815049743807, -105211415949921556, -1004253484774030395, -6093280019772326743, -1363472444035739717, 7772390126184307669, 3373616921334842984, -3428624778218969630, -4475005699924690030, -1207620414022812792, -4203952547861361192, -4895652206680369668, 5569071124009844993, -2800260328053956713, 1033733984444816800, -1761718599052329021, -6249520955674807415, -6810383749951706976, -2391018463907211455, -3729138346528579520, -3942245253345029362, -1032698423218536378, 2233495137371904435, -1970747149103226319, 2531294222158762011, 4445989245037378795, -2648919406212884980, 800062458669145892, -6586482614645135705, -8855822008500182327, -2076430708060394350, -6127879535600466936, 5017042126534426855, -6767019288334108993, -6985294397658573838, -2605645373691895986, 2542018259596577135, -2699231837109027988, -9132047842757487932, 9066588519930559993, -4601858807243735115, 1470306277250886071, 1688077838521597411, -2700796200994103492, -5656441245782528349, 3822141065635310082, -4415280594152455372, -1709100826419756065, -2732234699235264563, -3101294897153501639, 6933997554702494562, -4541237399207364623, 1251119865371637993, -3280527161887251879, -4007868363884276055, -4134923634748466107, -5595342098352848506, 533209426647054698, 285540986842976874, -4193553788022177878, -7111183380354176443, 7880345233810794046, -7190282066974323895, -7232953798633244985, -7512330892235471280, -889434854029329118, 9122882257136270100, 3909145942678699742, 2870638580126821409, -2685359252619347507, 4540975434217357056, 1912522665107890116, -1474028219808469861, -7767361191227918078, -8495384334141326469, -8024675672634848221, -8352632933072691056, -1084614158625469139, -8372022353883945178, -1171738939209168407, -8485257529464526975, -8549013321787275289, -7405825010257289618, -8694753427154041557, -9173155356561330710, -3164480873853500968, 1172299952227812636, 1535311813904826318, 156312151312654313, 2050968450175517454, 1018091569669202328, 1574734081023094222, 214428871588027420, -5095673126210616552, 2431756818088451524, -1208769590907790735, 3022913469242457337, 2609254198811139442, 5396954320704971060, 284028081363756156, -184157634332906914, 2879924223908633556, 3014475854062098037, 8280511155447462154, 3058186759042775792, 3100842289958262644, -769344519844763244, 3287699046743316011, 7743526815996532326, -7148146405116016542, 352278596429886466, 3606629961194077343, 3840184102447470012, -4623422606623793434, 3924960423780627192, 4660022660859336370, 5401470720317959250, 3979649323160207298, 4037379789709069307, 790424663468033093, 5150907166433009570, 4083460330442256183, 4262233236239091105, 4461207940793579131, 7222389702734437292, 4497639963855891379, 5935809959838255935, 525652295242460822, -9210810031089136649, 3145063885579200582, 5102381975608989830, 5104799485589097680, -467985751191813914, 5122450296475986719, 5256736089695841171, 5341717901052361821, 5441044328235651423, 5661405961885371428, -6303682351633097607, 5704999654143823990}
2020-10-22T05:45:31.144396871Z  INFO  2020-10-22 05:45:31,144 [shard 0] database - Schema version changed to e1b2d478-e5f2-30c4-b994-d93919918df3
2020-10-22T05:45:31.162173097Z  INFO  2020-10-22 05:45:31,161 [shard 0] database - Schema version changed to 0e03d198-385b-3f36-8c34-c3f5846bbbac
2020-10-22T05:45:31.179317760Z  INFO  2020-10-22 05:45:31,178 [shard 0] database - Schema version changed to 0e03d198-385b-3f36-8c34-c3f5846bbbac
2020-10-22T05:45:31.831235990Z  INFO  2020-10-22 05:45:31,830 [shard 1] compaction - Compacting [/var/lib/scylla/data/system/local-7ad54392bcdd35a684174e047860b377/mc-4357-big-Data.db:level=0, /var/lib/scylla/data/system/local-7ad54392bcdd35a684174e047860b377/mc-4353-big-Data.db:level=0, ]
2020-10-22T05:45:31.876883149Z  INFO  2020-10-22 05:45:31,876 [shard 0] storage_service - Node 10.0.117.3 state jump to normal
2020-10-22T05:45:31.876935977Z  INFO  2020-10-22 05:45:31,876 [shard 0] storage_service - Remove node 10.0.117.3 from pending replacing endpoint
2020-10-22T05:45:32.527190165Z  INFO  2020-10-22 05:45:32,526 [shard 0] storage_service - NORMAL: node is now in normal status
2020-10-22T05:45:32.527278750Z  INFO  2020-10-22 05:45:32,526 [shard 0] cdc - No generation seen during startup.
2020-10-22T05:45:32.529248942Z  INFO  2020-10-22 05:45:32,528 [shard 0] init - starting tracing
2020-10-22T05:45:32.530021298Z  INFO  2020-10-22 05:45:32,529 [shard 0] storage_service - SSTable data integrity checker is disabled.
2020-10-22T05:45:32.530277951Z  INFO  2020-10-22 05:45:32,529 [shard 0] init - starting batchlog manager
2020-10-22T05:45:32.530934103Z  INFO  2020-10-22 05:45:32,530 [shard 0] init - starting load meter
2020-10-22T05:45:32.530952695Z  INFO  2020-10-22 05:45:32,530 [shard 0] init - starting cf cache hit rate calculator
2020-10-22T05:45:32.531614981Z  INFO  2020-10-22 05:45:32,531 [shard 0] init - starting view update backlog broker
2020-10-22T05:45:32.532743258Z  INFO  2020-10-22 05:45:32,532 [shard 0] init - Waiting for gossip to settle before accepting client requests...
2020-10-22T05:45:32.575549560Z  INFO  2020-10-22 05:45:32,574 [shard 1] compaction - Compacted 2 sstables to [/var/lib/scylla/data/system/local-7ad54392bcdd35a684174e047860b377/mc-4365-big-Data.db:level=0, ]. 18354 bytes to 12108 (~65% of original) in 577ms = 0.02MB/s. ~256 total partitions merged to 1.
2020-10-22T05:45:32.576231555Z  INFO  2020-10-22 05:45:32,575 [shard 1] compaction - Compacting [/var/lib/scylla/data/system/local-7ad54392bcdd35a684174e047860b377/mc-4361-big-Data.db:level=0, /var/lib/scylla/data/system/local-7ad54392bcdd35a684174e047860b377/mc-4365-big-Data.db:level=0, ]
2020-10-22T05:45:33.120235769Z  INFO  2020-10-22 05:45:33,119 [shard 1] compaction - Compacted 2 sstables to [/var/lib/scylla/data/system/local-7ad54392bcdd35a684174e047860b377/mc-4369-big-Data.db:level=0, ]. 18206 bytes to 12074 (~66% of original) in 439ms = 0.03MB/s. ~256 total partitions merged to 1.
2020-10-22T05:45:44.533960561Z  INFO  2020-10-22 05:45:44,532 [shard 0] gossip - No gossip backlog; proceeding
2020-10-22T05:45:44.534795013Z  INFO  2020-10-22 05:45:44,534 [shard 0] init - allow replaying hints
2020-10-22T05:45:44.535867986Z  INFO  2020-10-22 05:45:44,535 [shard 0] init - Launching generate_mv_updates for non system tables
2020-10-22T05:45:44.536812558Z  INFO  2020-10-22 05:45:44,535 [shard 0] init - starting the view builder
2020-10-22T05:45:44.936389612Z  INFO  2020-10-22 05:45:44,935 [shard 0] compaction - Compacting [/var/lib/scylla/data/system/truncated-38c19fd0fb863310a4b70d0cc66628aa/mc-2032-big-Data.db:level=0, /var/lib/scylla/data/system/truncated-38c19fd0fb863310a4b70d0cc66628aa/mc-2028-big-Data.db:level=0, ]
2020-10-22T05:45:44.937129185Z  INFO  2020-10-22 05:45:44,935 [shard 0] init - starting native transport
2020-10-22T05:45:44.939305933Z  INFO  2020-10-22 05:45:44,938 [shard 0] storage_service - Starting listening for CQL clients on 10.0.117.3:9042 (unencrypted)
2020-10-22T05:45:44.941351966Z  INFO  2020-10-22 05:45:44,940 [shard 0] storage_service - Thrift server listening on 10.0.117.3:9160 ...
2020-10-22T05:45:44.942674802Z  INFO  2020-10-22 05:45:44,942 [shard 0] init - serving
2020-10-22T05:45:44.942715203Z  INFO  2020-10-22 05:45:44,942 [shard 0] init - Scylla version 4.1.8-0.20201002.6c43a0dc29 initialization completed.
2020-10-22T05:45:45.406042173Z  INFO  2020-10-22 05:45:45,405 [shard 0] compaction - Compacted 2 sstables to [/var/lib/scylla/data/system/truncated-38c19fd0fb863310a4b70d0cc66628aa/mc-2036-big-Data.db:level=0, ]. 82142 bytes to 76743 (~93% of original) in 377ms = 0.19MB/s. ~256 total partitions merged to 2.
2020-10-22T05:46:39.092025337Z  INFO  2020-10-22 05:46:39,091 [shard 3] compaction - Compacting [/var/lib/scylla/data/system/clients-ca0f635d863036098d93a1fc06f2a5e5/mc-7-big-Data.db:level=0, /var/lib/scylla/data/system/clients-ca0f635d863036098d93a1fc06f2a5e5/mc-11-big-Data.db:level=0, ]
2020-10-22T05:46:39.623302493Z  INFO  2020-10-22 05:46:39,622 [shard 3] compaction - Compacted 2 sstables to [/var/lib/scylla/data/system/clients-ca0f635d863036098d93a1fc06f2a5e5/mc-15-big-Data.db:level=0, ]. 94756 bytes to 6034 (~6% of original) in 422ms = 0.01MB/s. ~256 total partitions merged to 1.
2020-10-22T05:46:56.001232256Z  INFO  2020-10-22 05:46:56,000 [shard 3] compaction - Compacting [/var/lib/scylla/data/system/clients-ca0f635d863036098d93a1fc06f2a5e5/mc-15-big-Data.db:level=0, /var/lib/scylla/data/system/clients-ca0f635d863036098d93a1fc06f2a5e5/mc-19-big-Data.db:level=0, ]
2020-10-22T05:46:56.491209798Z  INFO  2020-10-22 05:46:56,490 [shard 3] compaction - Compacted 2 sstables to [/var/lib/scylla/data/system/clients-ca0f635d863036098d93a1fc06f2a5e5/mc-23-big-Data.db:level=0, ]. 53388 bytes to 6782 (~12% of original) in 374ms = 0.02MB/s. ~256 total partitions merged to 1.
