2020-10-22T05:46:04.853625655Z 0 prfxkjwOLbf4Fb0qVXRVHXldrAyp29TlBlb95DLmk0JmeWNZT2EGI7euzgcwgG
2020-10-22T05:46:04.864378292Z 1 20pRmRoE0AmiPd8ZZmyQGXVbYgaJfXnxV5yZpzOVTplrp6xYP22d0kyh7GZMiI
2020-10-22T05:46:04.879649497Z 2 mEl2FG2zN2ERqKCskwgMf5vAYngglL9cAxA9SSMfPO93j4kQs93XEMtcc8g1or
2020-10-22T05:46:04.890024660Z 3 9M8oKCBkfJhYi2uvdrG5b08zYdjJRc4JAOgT6OFWLVB3U6i3eicJPo5Hwtbik4
2020-10-22T05:46:04.901482532Z 4 WPjuhhCEr0oWRR9bH2I0XYqfNHx0Sc51aX7Nor3HgedSTpML2wq4BHFunejskj
2020-10-22T05:46:04.911903920Z 5 Gv3DQhqrMBwNmYKsIr8TWMpQQF08k3CV9KOG3vokSg70nPpb9JxqpSixTTKGse
2020-10-22T05:46:04.924410045Z 6 Dl6UczO6UtHyZ5Cgcdllim6wQA6wJLmKkn9k1N8Q62Wrrz4cFsTLvTD5ERWrSo
2020-10-22T05:46:04.935353966Z 7 zl9a7b89K9NkDJ6jdyyHmdtQvPSg9OxLmozJ75p5cqYOVVFtuMjcByMT2po86c
2020-10-22T05:46:04.946311526Z 8 beu4qwIKuAk4z8CceGrxUKdYDixW4zlzWFZAhbRlg9kEA1icqGzI9HWOZZq9fD
2020-10-22T05:46:04.956934712Z 9 oLHAMrRuoDytqBs6mQalDBy54RU9XeIt5vfgCjYh9GKnjvy98hfzdJjvRbOuQR
2020-10-22T05:46:04.968303398Z 10 tZHbM9MsHd5h8hUhyXjnmp0MEualt0dROJO4xCBfADZHD22WfrbsTtnvKc7fx
2020-10-22T05:46:04.979458479Z 11 3GZzg6NDBHxbajYWJm1FOZRHSPZc78MSkQPBALFdzzKisvuETPWigpn6OaMjy
2020-10-22T05:46:04.992717655Z 12 AWcNVADqcPK9PUTgQVu2NzQ21yBJZE6JJh0GDIaaMwga4XwX4a468OyxH5JuB
2020-10-22T05:46:05.002043266Z 13 LM9LGQrMS9MkKkGkDZQr9eoi8kKyevnZbXXAzAVfdfRvlNVAU1zKfHPkjDQ84
2020-10-22T05:46:05.012915941Z 14 dCldVe28TBjpd9fPfXL2SGZTNDJBiG5x2DYkM2QqqibyjFdalAIDbTeWF5unP
2020-10-22T05:46:05.024321052Z 15 nAIfnF7ffqloDCZmSi6N5px1AMVikkWCWBJMR8yLEZk6xAtQdYwvP6GCJaSDm
2020-10-22T05:46:05.035697921Z 16 hh2fZzofWwZPhbgW1sTJiI83sznCf60CiQyi92gSCAZJ44KeuCW1d2i0HdOtn
2020-10-22T05:46:05.046351718Z 17 ScNDqYmmUwZQeqcNh76PmChDRMrFPWxsfdH8W66D2xSD6fFMd2CqWzvIS6NiL
2020-10-22T05:46:05.057465136Z 18 HA9n9PnhmaojYpIyctgcvplCCwytIaWW1HH5Tb9VVBjGS5b8salB0DU3xnYxQ
2020-10-22T05:46:05.068173311Z 19 dlECjvRCoB055TPyltN87bvB6cg2twjEwTbaf9LB4eQ6C7JxhVgTksgNo1TNo
2020-10-22T05:46:05.079190477Z 20 hXQe4POcMJI6f921Zb3J2E0TJfVhTCynp9ProzzOz3bFWE4CDr16AJlBAB7Pq
2020-10-22T05:46:05.090340806Z 21 RLjBGnVlsi7yMkx3SJgVHtPA2OZchog2lA1CJO6yHCrJq1ah0TZgLs0OAZD21
2020-10-22T05:46:05.100946483Z 22 xv78qWI4yTe5gUk4OqjS7QwCaZAqcWmuNkL2cSG0yqeTx4bNokGkKv61TRdkv
2020-10-22T05:46:05.112179736Z 23 qLnt4fbhcnzwkrOKRF6RxxFosJoXS4BB047YKiBmWLdEi5B78PmR5ew13Vygy
2020-10-22T05:46:05.123114580Z 24 vTVGgJYRu6vlzgyPq5oiRRNoMXmcBi9HishTdmY8iXxnWH1EA043VBa3EOGkC
2020-10-22T05:46:05.133872905Z 25 zjnKjrp54krprQAlkueYnQYqxX8DR640oFQMqNMLaLtHkjAByKKVQzuhJ1ezy
2020-10-22T05:46:05.145275599Z 26 hwQBt0KWCqdQ61n7eMYLcjUgNwIDSvtVhMlE4H09OoLjz4HHLdWSgPZSV8ZcS
2020-10-22T05:46:05.156504056Z 27 qd7VRivVNAFHNBihLz4uo5yi8CeTLYHDkQnI5m1Q8FazxcpjUE2WIIBT2JqOh
2020-10-22T05:46:05.166972499Z 28 J9SIlwlsvlXnG557XUOeqCSLlJKzgXROEP8pHWaVI2u9qvX6N4E7aYKsVVkKm
2020-10-22T05:46:05.178307677Z 29 4M7LKSakcHegJ6hbO5QCsfBGRb9RkRV2Ji407sNct95SLsZFUH1D1qEWDrc6k
2020-10-22T05:46:05.189269755Z 30 ns9FBL8mHdM5EZurEPLxednNRXbqWa2YvW5xUJpUZGSI0q1nLUZv5LVAOjiZE
2020-10-22T05:46:05.200097408Z 31 MbwDEkn9iNMeTVcnxqJXVCJFsMfThOOZFrV2WK3g3dsyNsdAllYXYWBX65szj
2020-10-22T05:46:05.211017205Z 32 NmXUrdXwqPchcxxwdMdGqgKZJzlJqcgM90GlF4mSwtwuIlk9IOYs4w7q438RS
2020-10-22T05:46:05.221964207Z 33 kt9ohpTzqFKfK5ssSEQKxA5CYxM93dZj5SOBH7j6auGCsHPyg1trH1n1dE5zN
2020-10-22T05:46:05.232830529Z 34 w5GTW00aGuI1bLETQu2EDXl3Bm74fwXSxsHd7JJWE6gDiMa9FtW4y0anzW4ys
2020-10-22T05:46:05.244193139Z 35 hC9NYZimn1GDZKpfmwHyyoiHvKAL1PO8DRbISKEX70ehyNxuj96AMBSu59lWg
2020-10-22T05:46:05.255409531Z 36 VCJPYEGLldto1MkDz1FBeObhB9kGk6MjCh7yQEZWMCGaMfwrTxq1hXh4155nJ
2020-10-22T05:46:05.266924251Z 37 lP4LTwW9I0QZPQk6iiTggIND6mgwll4z69heyzqkkGPQTM3yfhZor3gBGwP8c
2020-10-22T05:46:05.278266871Z 38 9abE3zwB3aeAJ100mq54EqTmOPoCTm0ph11ZNgkrFI3wiK2Bkzrct4aY0Ob6j
2020-10-22T05:46:05.289795442Z 39 sutypdhqDV5YVRDb3YnWie5hfc6cJqHiIpZq3AGX62tPnQEsSQ9XitxQqakCU
2020-10-22T05:46:05.300542890Z 40 T6kDI7fEkAOOIz3lqKNxhpOqVrqivlkzuspDrzeMwK20Q2PZUVakuUWSlCIky
2020-10-22T05:46:05.311001638Z 41 GDpNWQrIjFzRKyqTLIAmEIzeCj50XdcEM7bJwdp5PFt4KRXprqAANKuAIv9zC
2020-10-22T05:46:05.322655063Z 42 v62bweimkEQEpJQZJNEP4NpRMsEuqO3bymjboYgUF7rGtcjeMAPkcW9rGtUW8
2020-10-22T05:46:05.333721218Z 43 iyVj5aift38a5wxWjjUEs4rYLoS6OqD1Uw7KcT5VtRV40KthczVSP6OOSLXBt
2020-10-22T05:46:05.345274521Z 44 ih8QV8aAytevaAH5jCW9lnjBL8YzGx9Y3A8WprDKCgYuBSdB0wwaoCbF5sgEJ
2020-10-22T05:46:05.355933525Z 45 qApqwE6mv63BI4GK6YyCotpekkUJCfbWb7wz3oyOXWZ6WvSgFVi2kKi5fgo1D
2020-10-22T05:46:05.368624844Z 46 d0CRomFzwEBL9uyGGpNyX0mVNjuRyZvRApcfAwbucIHjxjCvCx0iOMP5UHYz4
2020-10-22T05:46:05.380145513Z 47 jedvnaBnnoCbaj8SVKHD8igdtTlLs4NeVYcltEtrAM9Rv1l75ohRMIOANkyFE
2020-10-22T05:46:05.391236530Z 48 iFM26iFonVlFqpX5VN4LCSL0vBgSxjg2NInn7to5Daz5bJlE4J5hnnWOLUxUk
2020-10-22T05:46:05.402479532Z 49 FdlPAVHgmjlEnG6HrZQAVqbM0Upgeci0c1nmP2BJR6EZvrzQ9HoxRmjnlI3xZ
2020-10-22T05:46:05.413140332Z 50 hrCC27EsfNNVZhENFiC9DcLI9Md10I2jVVmQV8HpOcMUnPJR9aMNgHMr8rcAk
2020-10-22T05:46:05.424801728Z 51 O6K7wAH0xoDWeo3nwhNwoBcDLExdCJr6vWnwELICP4Mbvl51gLpk8wVUiPyXt
2020-10-22T05:46:05.435568014Z 52 MrAmXWPbNVejLxPpEwxOHFKaYCpAHvqDch1nssedidA7pbp7LoZOUamZTlkSM
2020-10-22T05:46:05.446281574Z 53 qsSVIzabCwxFadOD82a3TDiX7LqfvAc499CBWj51Zm2xSsVsZnPJtjhN6Fd7m
2020-10-22T05:46:05.457769836Z 54 13q2b5wDTmzjnbvnegEpGsuyRnwmEI7FHmSEg05dpk54o2nWBXVeiT7WqVWtt
2020-10-22T05:46:05.469550872Z 55 jRPW6EXvSn5WGPUmzEoQ9VESRJZ2vuIe0xpHfmrlNBwnVL3kbDMqMKNyuXipe
2020-10-22T05:46:05.480934042Z 56 4rszSquFxhJTEzebDdWGFJ4eS3jBRl1JW2A1WlIdyGSC0cMxjP9YfObnTUroJ
2020-10-22T05:46:05.492904210Z 57 hRd01yJyHpbFzIgtGM4R5klGu2q5jgpcMNDjaeEJx5lDVy6znuAAxJzyfiVAI
2020-10-22T05:46:05.503698918Z 58 SaDyJ96zG4g861A0c7mcqRozFR4sYWrJkZgPbPtDqnTe6YEspsYrXbD9LMXma
2020-10-22T05:46:05.514928705Z 59 r9nsDqM5F4rF69mxOd80EyxIhohTnGhM386VvnpvlactHrlHpAL78HVAAuILm
2020-10-22T05:46:05.526002642Z 60 ElzC4Fhp1LGvIM9UBKRbL5LRrIgTK1H4hQXWE1jnKW3DJxgRuQSNHCzOfviQ9
2020-10-22T05:46:05.537527094Z 61 z20ruIndNKJCyv7MzyzhRAWAZAR9JXGmtgSPL4YjrBVEDQsZfqfzU9WFlDPWT
2020-10-22T05:46:05.547999878Z 62 ZsP8TZJywQgKs2SBLs5LP5dDTLrDPzZs9HMC5xcq2ePoLHfb0Lh7ohynVInfw
2020-10-22T05:46:05.559704313Z 63 DJ4TXw9TjwxNxxqRe79SK1v0jJFOdUPNmkvma2ZYtclCAkx8l2OmTVXgR1IdH
2020-10-22T05:46:05.571442653Z 64 LZqDtpPlvtCI6xXBIy6o6VDZxl8dpsoPdBctzlxuXF7Qk7Fdrhym7oU0yCiKT
2020-10-22T05:46:05.582085369Z 65 iIlCOEDhafF7b9rbaOig0vJfg8MwPrUC3lX19zB3mxXKCpnTlBczpv83DcgHw
2020-10-22T05:46:05.593857654Z 66 sPKRN79OGM2oppXI5kO9RDsZZKOkwizJCsWzxQ3yVPMR6QCl3m1nKnA6RRWvx
2020-10-22T05:46:05.605360338Z 67 JpwTgQm677pIIUH2CE7YuybvRNzz4ma2kZGc09tBTWZRVhTZiyfR0RrzKkPsf
2020-10-22T05:46:05.616861866Z 68 z0K3RF0BPtKu7FxxdmFL9YJhxGi5Z4bJ2gzMniWiwX7tovfkumLD7fWsTUdwn
2020-10-22T05:46:05.629021931Z 69 oUGIQSPnW1A6KvvN37IivRev2UTGJT8acRZSgtrYdZN3jFrqnPfj6oGQAhjKl
2020-10-22T05:46:05.640519634Z 70 44Mjjfj8DF5a3yOgvlKi9g2JMl73tFTjYOteBGyOuA1SgL2pkxMM53bLytEOi
2020-10-22T05:46:05.651526475Z 71 UcqpxKWtPCIbE5ux9lmsmUAi37p1FceoaPn8StWpRI7VcuVkMqitGdr0cYqt0
2020-10-22T05:46:05.662002427Z 72 zl0pIjdLuHmUykmyuzlCWvBiL1Cy6BxqEDiVMEPluKsEkWGGKlgOclqN1D8Y6
2020-10-22T05:46:05.673452564Z 73 trXZX1pA4bcI6np0EshTm465E1MpXUgRlYt1ZVUlP6pRHzWPFExTddI3oQVnx
2020-10-22T05:46:05.685173225Z 74 MIqgO8WzQ8PXauqq643QkoqHSq7Q71bCoVMyR6rORpbdUNkrIAS3406SX31OW
2020-10-22T05:46:05.696942076Z 75 2iaEgNOvhNqVzDt8rdMO0daKn8GMPZOIye5TDJSIt16obPXXgGRxhWUsSzJLn
2020-10-22T05:46:05.707710641Z 76 buJgiCapAtu0B6u2uUAbecTc5j1EDoxY7r3GbwEKZLHBsWUVs8Aua7hx7OHkZ
2020-10-22T05:46:05.718057636Z 77 L3M4UKmHr5EEhwbFYW9zhl9nIsmZiFXuzc0vY0TPpQQzNC2Z6KZT9vzAVEW62
2020-10-22T05:46:05.729338074Z 78 s5htNgk2sMURzfhUdfIIcdstvHnnB8vBIrJHjbt29xiEJl1bPU0jMxCxPrS6a
2020-10-22T05:46:05.740821915Z 79 gSqESkx6wXXUjcoLhkxDtpTsdHi0KG6IXC3Au5U6ew2mIcygTOxA95JJbmmD8
2020-10-22T05:46:05.751417628Z 80 IvGWGRWojIO4aKSgaioe84R7NvYc7RS4ylGuKpI3CQBTQaLydaPgzs215yA3E
2020-10-22T05:46:05.762221464Z 81 jtdcaWR4RUVpLUTlexLfWgCV4TIMvlv1aZSYmIDOideOAsVqak1uD5ZJIHlEV
2020-10-22T05:46:05.773210702Z 82 XlNqwAWAt1ODRb56PtJlx0apbMCklHhWR9ArfJZvOPOxWI0fWjrkHRhjTFACg
2020-10-22T05:46:05.784507453Z 83 8mMPBpKsXUwRgobEViUQ7pqiJ4qTmXpo6ys7HbTP7z9rMyaRBourQWdWOvbM5
2020-10-22T05:46:05.794976188Z 84 ChlrYVs5r98gda1HSxoDUfxCO2OxhqWb3JVK2YkNJCgREp0wxDuRDlPGwlnCt
2020-10-22T05:46:05.806252308Z 85 4tuZJnweH3XUC5iUpxUP0rOQUbYYA89OsrrrlredhbyurdW6L83M7w396fNDM
2020-10-22T05:46:05.817943982Z 86 p0RXDWeOQHLgsYGqA5ZPIRbFvgAWjFSR6ZRQh1v8Os8yKF9qT0WA5sSigv6rY
2020-10-22T05:46:05.829690570Z 87 GGB70qT0zXeWREyF3mOswOmLJZNRU9cts0RlPS7Wdqod77eN5VHLvrmX0CBvT
2020-10-22T05:46:05.840717972Z 88 pRS40y9G05x49fvBgNm9KkS9Ly8lEsdCHyyUYNa6hoVLPa6f4fpUxbLbPjA5T
2020-10-22T05:46:05.852128762Z 89 4iIweHJfbIGGo8UATq2hvNrruu3OXhlAGLqrbZnq9gkyiCHXiBsE2e8AhgBYX
2020-10-22T05:46:05.863278995Z 90 TVW0eJEu1VBrn3fYo1fyHTMt4mAKvQOgRBiqFBkHpPwZ7wyFto8skKx4tfg7r
2020-10-22T05:46:05.874484632Z 91 yrNTIKBiKSYocmSGqwyxmCqh2ZdfJUakLrWeufpS5rlFpkbWiGX388pzrqYjI
2020-10-22T05:46:05.886151866Z 92 G9mFnmzmfz3sDqqTfnmJdSQlDKhNVKXVXHvHySFM8m2DrMImFylllj7VAPrf6
2020-10-22T05:46:05.898022311Z 93 YRe8Z90g0lW2NaF1iZbAAkrjEQrs60wwAzYDiZkZjM6GeUEIRCeEq8ryMNv0i
2020-10-22T05:46:05.910355811Z 94 cQa0rlZ7UDqJd6lKramb4B7WtLq6o1OzJRTJBT26jaWizcHK5Z2h6cH2hQ3vB
2020-10-22T05:46:05.921088902Z 95 LfJYhlSdS2u0Xh0oZJqZcShQLuzjxyV0eTTKalSDrzOogy3alSpFK5VVMezAU
2020-10-22T05:46:05.932276772Z 96 ViOL0wtDuKhhTUguPx686h5kQtdQJCPHTT54TktvuagDZDEmtp23TqVjnB59j
2020-10-22T05:46:05.943883867Z 97 uBs8tZX0O50UAx3nAsxeQ0BgY11zLMrYwsBscJbP2zC1cpVvI8OoGuGLfXJRz
2020-10-22T05:46:05.955581381Z 98 YseG7JcA5BAZXelHidnX1DRPlEceA4YiDTB8j8jfgegve6kRIUopnG0gtrzWL
2020-10-22T05:46:05.966453221Z 99 3AO7aOKTWSoQ9HhKgwA4SgVnPxQ0pAi7iyokFY2Eaw8XrhYmT78jrhpwfFbio
2020-10-22T05:46:05.977998950Z 100 jmflO434pVfGTBDZ4yUEvFCnhfy0jHw8OlyuTrWqGh6sgLQoS8tXBFPJdpIe
2020-10-22T05:46:05.989607249Z 101 vE8WnB6MU6obZ1CraTsfq0gnXYaNaQ9fWYZHCLFVBg7ut84XQCZbO3p1ILye
2020-10-22T05:46:05.999991776Z 102 Oa6U213tqMlgxsmIn4OjA9dkWwxvEu8ZmdJPBgeTLbFoMpp5D6gOQT44QPEJ
2020-10-22T05:46:06.011549721Z 103 BRD8Pt4ThXSnEPoUOTF84YwtofRWDsl9cV8XEQib6CVbxg2rtL5VvgpKPANB
2020-10-22T05:46:06.022999436Z 104 ozOZROEunm03epvigNgluP2pfnHU6rPwCn0LFOzkupexOQlUT0aBsnZ5WnSp
2020-10-22T05:46:06.034837883Z 105 nxfIa7cE1IEAhtOfPnsZwAGdbwhfRZqm5jVMEdCQaVI5PkwIuoh4veq81pT5
2020-10-22T05:46:06.045517719Z 106 pAIWPDAXp5fEcLq7dQoxqPCTeHq0moOo2NngYY0VpybMD0JPXZLKKyN9uHmW
2020-10-22T05:46:06.056390312Z 107 belAWmZeN6aDHvCHEj4rHpYNh4zenOIpUv3CssXjQ0zkQQtyYSZwvIgQ4Reh
2020-10-22T05:46:06.067844799Z 108 g6SAViqQSq4A6iUvXYapiw1SXBmoPig5qaggUd6A40WwEaNF1cIg7CEyAzrr
2020-10-22T05:46:06.079577028Z 109 9LWJAz891la8tnbSOKkZxfMQpNgiWEd8UbGSfqAWXguTNVJIatRIn93Io078
2020-10-22T05:46:06.090220600Z 110 lqR2uPzkUodofe4tMMKOqdlfSdyV9QG9eiZLtZ0AWP8cny78HXhSH26AeiB8
2020-10-22T05:46:06.101972063Z 111 70EhrZL7XqCnmxHRjFigTfl3js3WLFqxvPapld9mQOGr1H07jwhJLI6p77y1
2020-10-22T05:46:06.112681495Z 112 VCJuStCf3cT1RDeIg8cQrQL4yt3PehupSUCKxZ2Q7iAxxNNy35bh9wFNIvsW
2020-10-22T05:46:06.123948844Z 113 iRhvv1xl8Zzmk7aOfqDyAkNH5D18Q6YKkSsIN477h8Igd0cs220gjGlEcKNv
2020-10-22T05:46:06.135731548Z 114 2ID46Zs9MhGx0UzKdNz4dXtQ2LTE9hXPBhnAF4H5pZ3g0KtsUne8LyVrjnGU
2020-10-22T05:46:06.147296547Z 115 lHM1Eib3QpVWWZdvQ3abO3SGPhulij2u508tO7QK77AIHq20ghBWYp9mYJ3V
2020-10-22T05:46:06.158832659Z 116 GJ739VIpUsKVHKXUXMOkHmT8x9KmbEGKnl5RmhdU2YlZVZpDj4l4DotclOiJ
2020-10-22T05:46:06.169652933Z 117 ACXlxgYKADjYRouOmau22kZ058US2rT9RjsEEBj971OttGr8JU0EBXEkKKoW
2020-10-22T05:46:06.180551084Z 118 nN7CxlHyvhm32iglTX4nez3BqpK6EsgjdYlrecaArrVwcvRhP9wvfnvdJM9a
2020-10-22T05:46:06.191526982Z 119 d9LsYQ2lIXMSdPzWCK3jLKjzPRRo9T2Uax2VhSORfbVi3wbBKZkd0jOsFzYC
2020-10-22T05:46:06.202034992Z 120 j8DuKIe0OHNnOnufr5AvDfH7Un8p37zr0tA5rf9KnFQnAxcStujPBjg7aJlh
2020-10-22T05:46:06.213016785Z 121 Ln44qBeTuGLe6liqZhqAWdv2EPEGZaCqjOrjTv9077u98EdbHohtSiaCeN2Z
2020-10-22T05:46:06.224961553Z 122 MMFXz3DNuXewVBDweQf8SsnRR8JzpwsUSpFLWQkMzsxZLF2HOkT75a9XLXPQ
2020-10-22T05:46:06.237065407Z 123 WuMM6mK1rNRCRB0po8BAnLUZKfcpFlXVYi7WAXGIQWvsgE8468oTZRcqVQ8p
2020-10-22T05:46:06.248844748Z 124 yIjgr4dJBotBoMtlQXgbrZCMKodhOMbc3qaE9FMo4JsEFI3tAioeGX67lKq8
2020-10-22T05:46:06.261462752Z 125 FPawjDoE1Y1KU1lmRlze0lakTSGzJEprjdZrjy7N3AF3OsjubPVqCbnxzJOf
2020-10-22T05:46:06.271785788Z 126 agy27I84a7nCQ6GOr1tNhqpNdDxDcIqiIIPAeO13Y14AScjRKzZonsRaqd4o
2020-10-22T05:46:06.283513428Z 127 EnToVxI09fUeGV7CCRPX8tkjgaw1qqVzY0ope0hNltzb3PRSVGjZiBjvYBEt
2020-10-22T05:46:06.294218327Z 128 dsHDg2kUUDzxR2NhEUzoiWAczZrp9llF8JChRIB24ibEEpbFHp5o9NfM61zP
2020-10-22T05:46:06.305294440Z 129 oXeIzF0dVrlqwQGZJh4RlYtjwJt5n4MnJkQBfmZktooccFW4cQLfw2EBlxCn
2020-10-22T05:46:06.316222530Z 130 CfiVNecqyjQm7No5n6BQxERWhODkSKbCChPlKk8mBs7vtCG98AgP7HNztniA
2020-10-22T05:46:06.327125038Z 131 zgTY7HPveIP3eR8yjjFXgnTXY8QBYfoXNwl62BaP7Hv5ZelKVxe17pYaTwz7
2020-10-22T05:46:06.338385171Z 132 GayU0QYhJL1pPBRW7NRLYDFC32RRr2UOXQHUXzbZUxDIhKpSHQfZr8VogYZh
2020-10-22T05:46:06.349743272Z 133 MUfrLtNyl1Wkrfe2t0a0bsHcMvAuD0K2z52tkXuvjC8ztOS1lAhki8d1sHCf
2020-10-22T05:46:06.360229165Z 134 4wUXsW4V9jLR1Amk7cHeytugtqu058xpbGgcAzPRI5W8e2DYOMF8OCMwkSMj
2020-10-22T05:46:06.371269445Z 135 wM7Gqyz8kwQiuDdC6a7eqfiIa96T4a0o1NjqTDqhzOX2VjGWCjKahXZdp2n2
2020-10-22T05:46:06.382230450Z 136 FhdDBpFm1eXhBeRTjpACRTWaYl5r8ZLtK5GYA6vYRxEK8gi61nsSaIpRyxt0
2020-10-22T05:46:06.393688593Z 137 8GP3s3TY5YaoCTedrvx4Yk2UfdwLQiqh8MWsS65bdOvQA2yqahYhHyqLkqcR
2020-10-22T05:46:06.404207900Z 138 6FGFmSZ9g6R5Vi1yyE7ZQjz9IJ3qyMeojmLWqtMkO9hwzz6jkP7ouY7Mnrf0
2020-10-22T05:46:06.416833795Z 139 NYOmJ4R3QrgGaTmbTRkBS4u2YC8XH1Wua4DQbzffAWROBqBe0fZZ0DGQCP9r
2020-10-22T05:46:06.428385879Z 140 lmZajUp9H1DVwUQ4DFzK6N3526esnmFjxOeC5vnuQtPEPXTxZ34QW8YHuraT
2020-10-22T05:46:06.439879430Z 141 21AENEmXjhGbDFfDdHwZoAJKpd2xjljy6VeYGOOFHXcAtP0VByw1ZLBxRbks
2020-10-22T05:46:06.451650970Z 142 Q2zHYprKCeNibBTsS3uMhRtoN5Z4DmwYQhbrluh9VpKWRldt73IKDTsAQtkn
2020-10-22T05:46:06.462559819Z 143 KKDFtApp9P7l3Szizwb1qEFRNxmkioPIltAwtO9y9qyqy3ttR4sK2adPNFwU
2020-10-22T05:46:06.474067938Z 144 9cLNfL4ydz3k9FMiAqIMxLxZ3ze8oOqJkhJnUH6tPckmJtVoHS3N0BcRgj3Y
2020-10-22T05:46:06.485583136Z 145 EDqjTHYDt36X9HiUyZcJfQFN4UikzfpvZHd6KGoAVI53RktkWLVYm62ymAao
2020-10-22T05:46:06.496468742Z 146 u2ZjFFOu7FMQwCSk6tNCd7bZuV65PZnFff8FzbiZJbkXeCgp0E23FNpI0D2a
2020-10-22T05:46:06.507473310Z 147 FlLxYKCcgNZab11yaUshyRYrhS12znMDuXnrFhHYBrZlMZy7HqVdKNUcHMbC
2020-10-22T05:46:06.519015935Z 148 bxT9IvxU8aMJiQ0d6JknDC8ekt3z8Z5aUWCca48z84hOJR1H7eqcK1qRlUMq
2020-10-22T05:46:06.530473263Z 149 qqtmbVjNRmTnYLtgpjALKAKSa7sq18JrYrwPCgyuOW0QwP9OHupc61Oc2e7c
2020-10-22T05:46:06.540961319Z 150 MeUkQ06h9LsihaPwwTxV4U4AgnHLUnoSbSf8HnkdUGZkZZTbvwFw8dX2wN2E
2020-10-22T05:46:06.552356637Z 151 LRhaMWJYARCxnVMdgmBZRgB8XDf8kaIKqMfGhtuX20X9UD7ctumbV0pvSNOk
2020-10-22T05:46:06.563582195Z 152 fD6BxX6jYEe8y0y1aNgFGpZ6Q3sz3f1VwnbIUNtgdNrIlx8Cbl9gZGZZULlh
2020-10-22T05:46:06.574502551Z 153 s63KstTvdgrHI1oZAxL6HVAiw08gw9ZBr0ewhCZGtkhViYUcwtYsc3WNrGW6
2020-10-22T05:46:06.585342603Z 154 bIXtdh9Rdqkuif2WRuGy6aIlA4yPjtSuRc9XPcuTxdOAQ0ZLjRJZPW3EYhxY
2020-10-22T05:46:06.596747382Z 155 TIMWPZXFbulRchYlyjgxtvK1a6C5abtaZ4Q6lRbYpyyzc1TfqcIb7n60K8oD
2020-10-22T05:46:06.608068210Z 156 MMUO6p3FbM10zbBhPRfEenGvtqdmyK7WzwLje3zUblOCCbv0Xjt71TzRMH1N
2020-10-22T05:46:06.620174835Z 157 RoiJEcp3seHbrrUfnNC9DysN5TlJo71CNdi5YAXc8VRQbpmUzPKybD69azDC
2020-10-22T05:46:06.631574816Z 158 2SknbuZkde0C4Iqx01iZj9TWVQqXl4b3xbXPySM4rnuuPzBMLffw7p0c1ts8
2020-10-22T05:46:06.643097773Z 159 872ctkcdSXNDKtsTBuQU3yHMlpDNalB0vq88pkpAaraj9eTPh8jfd6HDSQAJ
2020-10-22T05:46:06.654516095Z 160 nAHiXvLAF5WyZidiXCXUqx8YSnto3hG2NGPQFU17hFaw7DtHLoyGJijFqtyI
2020-10-22T05:46:06.665191180Z 161 qA8zCKqq1xUUhxBEXQX2SCljfnuOsyJ3SfhwxACtEGF41FOmHDC0uVGXHuOX
2020-10-22T05:46:06.676467613Z 162 qarGMa9B6a186Q9BfejfQQdZmRjk28WuDpFITyo7B78LAedKqFmVwxSD1hwi
2020-10-22T05:46:06.687132424Z 163 G0AxV3PKU8ftZlZHRyIuKLIRKUFLjIJXg9RctExa0GKMvJ0hvoOZ20BzTamU
2020-10-22T05:46:06.698776963Z 164 BtZDQ8ZfsPcHWb3zrJe9MKwR2fxgCtt1w8ZVpfnDcnlxg1q6iqniXyyToTIi
2020-10-22T05:46:06.709917009Z 165 hnyHI7eFLradHE2rjR1kaAmwwilkP2t9AckYYPY5uZwFSnediClyhCjQoqBl
2020-10-22T05:46:06.720792925Z 166 Td8wj60qYiK5Qscc8YMXi6nl1zA5cQgb2KXcK9gUOFXUlXAnGB3sqjcbUEQa
2020-10-22T05:46:06.732723490Z 167 8gUxWbmVBd4FGgRaPGoc8eidv4Nda5pWfgyyhSrdzvT5D45S5nq7e3s4yny2
2020-10-22T05:46:06.743096707Z 168 NC5gRkMRfmtvGWgy6yTa8WFxilcGozcBr85oz8QieKijQ2DHuk3zKZRE2VHt
2020-10-22T05:46:06.754483589Z 169 0APsFLtL8Qr7IMMUyzfVtwimwCTA8yP5111Xkele6oS8XzBvQhCRHCQhaCkT
2020-10-22T05:46:06.765875607Z 170 zSFbQkta7eGxPyxkm8kbG5Gv5KWJ1BRK9EUkV3WeVQtua4MFchWoIoxsJ9fj
2020-10-22T05:46:06.777832533Z 171 kkxWYuWijHGrKr8GlTPVLDZa7QyzfxEfwLJ6fFwp7IVJiVF9WP9spyUaYXnU
2020-10-22T05:46:06.788394417Z 172 D6FJSWzVmMggt5ehR84K3EKeheiHmv4rOd1YZuLxz8GOgvQPeOMh302BcJXW
2020-10-22T05:46:06.799680788Z 173 GbOZl1u42kxMHvc8NpDrzgbeo1npSdNTwmOgPGkIRuWwDVpLqVxSYOv5b6J8
2020-10-22T05:46:06.810205889Z 174 lamfQkAfjXmifFfD360kRbuPmSKKASVqE3VBeKbCDPMq9vfSNrRIcDOjYFOD
2020-10-22T05:46:06.821664965Z 175 0uSjftIECZ1H1hFpj2mRR3B4iuqbAlrYYLhIiQaTtPKSXqguJ4pdofCT9nJK
2020-10-22T05:46:06.833176238Z 176 PmxzXr4hwPuj0HmLRl1NkyDxW10bpNocWwAY9z2KXwPQatQZrtDqVb1sULLj
2020-10-22T05:46:06.844474849Z 177 zWXebghxsoWQ8HnnBOlx5ioT5U9MipczS9q5AtBRWfiIIBygwVZaRkRhKQFL
2020-10-22T05:46:06.855837328Z 178 VCOK1mvDlfv9G95thjE2EHfoiBP04yZ8pSJrGRprwQa9WMw1zaDTM5Lmp2Ha
2020-10-22T05:46:06.867283492Z 179 99DZUf0rMAsCPh9kh3m1oxzj9x6uugV8CXsIzACWEuywQNDmdZIm0c5HjwEE
2020-10-22T05:46:06.878392275Z 180 8iQCiujTLcetF9MyVVI08sd1PrUF1qJhmH0Q5crmuPgyTKvUU2QQ0JJ8HHPX
2020-10-22T05:46:06.889826298Z 181 CHv3XLsP8PNI21bjYT13frrA5LBO8PClkkPvI6lci3xdK2juWNfINsSCyump
2020-10-22T05:46:06.900808255Z 182 5QJmYnwr64n1zoCjgv9LksuI7nwIaLsc0T1kJ8Ds1F5NMtEnucbn7pYlohAb
2020-10-22T05:46:06.911975846Z 183 hvsBnlNX917sTAfoDWxlPFfC2PbQm1kohyxaYkzWtxlEPpSvejFK6MpSYcob
2020-10-22T05:46:06.923402214Z 184 6xqwpQIBSaIZxw00AHaK9YLOwQKs4nm7J5FX2oTufPIRX0UuIXM5Svfiqr1p
2020-10-22T05:46:06.934085627Z 185 Nh1GSWaQzv7tNwrgGOKcM2fW0HMgx0hpUO5wSEADm5Uo5Qc9fUUFlfLwlgqN
2020-10-22T05:46:06.945680307Z 186 BPzBtAlcJ4hgCzy4BObIOfo9t4jEdGwYjFo4DbhX4E8At1EYc39Hkb4XfN33
2020-10-22T05:46:06.956379445Z 187 a0nQ0pZDAbCshMKbx2lNxGwvAYerGwf8WOOVmxyQW7lmgx79WvOKFULSQvEp
2020-10-22T05:46:06.967302296Z 188 W7XpTJUm3wE8Xcmx5IQK5L918e2QAUHTTOKLeUNuCF8vSeMkzBGTwdrBHldD
2020-10-22T05:46:06.978000675Z 189 wovYjt7qyGBKdeB87Yus11v4zFtuNARfxWTquobtdnAcChTyQLuejaNeUAvf
2020-10-22T05:46:06.989639627Z 190 Egs80kD1QAtwmqcel1l8cj6eB4OqgR9sJ6sFUJBqtzeqeMZwKOUppTKoCR1F
2020-10-22T05:46:06.999987274Z 191 LAEVzywlWmFQpRZiUwcR7g9MsxKCFPXoD6kSYVtIhOsmWXuOF3EVrTP1IevG
2020-10-22T05:46:07.011607427Z 192 uHSbmzQc93Q62MVZSHdOX8vjQAauzV8j8bEaAZI5cl6g7ylVM0GmOzTwPJqW
2020-10-22T05:46:07.023078638Z 193 VpTdEibJI9gKoykJS40kuHMag8NZ9rKvQ4nny4O0vehxL6TJ8LZYY0QxESAw
2020-10-22T05:46:07.034162632Z 194 UG0oi5JouUl2lKRvj64592O9JKIYcVtTaFu6RRGpD6a0WUATDAWdQDUk8FDl
2020-10-22T05:46:07.045277188Z 195 HFZrk3MooQubKRbn7BgCBXteytNB9Vqu7kCUjsXDsxKJuJvkNe8rBQWek35g
2020-10-22T05:46:07.055887784Z 196 ISeFhBk005bmmHWEcyDAiNvr7KTpUa6bxoq37NZulia3S4wpx7io0N3hGz3C
2020-10-22T05:46:07.067090292Z 197 P1lUCSijLB7tvxgUwDy8wDJ9GWcnxeIaAk3EAepxDXTnIYxEcSuPBMC4vvUQ
2020-10-22T05:46:07.078494566Z 198 I6CDP26VQcm894V0vKH6xxJSDPMoY1KRQPDiUpjDm1kW9Txxkhll9nVxFSBx
2020-10-22T05:46:07.089120411Z 199 7XGeVqcNcGy0jWI9GD8DpuJRSrE4W4YNs3fByylehuIpbhuPGB8WnrRgE2Hd
2020-10-22T05:46:07.100188900Z 200 CZ8jC0oFusL8eS7mCnCkvBWeL6nKI5LTpaSEDwoTDEwc2WKV6A35BQCtvoRQ
2020-10-22T05:46:07.111611515Z 201 RogIh65IbcxbCPm50TOASupodVsT9Vyz9v2SULNJY7VnLt2sddFF9oGCxRe0
2020-10-22T05:46:07.122800442Z 202 08bX0kHKb1OcPMqEix8vmY9VcTojyfPsXXfD9CddKllXzZUREcQNz1yLmQbp
2020-10-22T05:46:07.134788937Z 203 dOGlLc8H2J5QllmBU961Upuph8xQOhfqkDSeHY57QQ0AVgTcmFRhpxB3R4sg
2020-10-22T05:46:07.145786026Z 204 3bf8i8A9JQOoYvZEFHq9jShShfL72ydpD0mFd7flTEzjxH5gGzuQIJGaJbuI
2020-10-22T05:46:07.157538079Z 205 6rduXk22FRLSzCkxMZqeYCGid9nCYWJsVQcZQEll9yqUwCM01YQgSLQR2DoV
2020-10-22T05:46:07.168119742Z 206 dL0uPEGa6aCMMZtKehsLwIkccSepsAZyEOS62AoWMoXlLXA1uq2CqFljSXY2
2020-10-22T05:46:07.179564676Z 207 kh7OzHWvHTqQ3l8wNDH3eY3tnFekWzdOzQjnNdIPLL0iSJFoP2x9rHHp537X
2020-10-22T05:46:07.189881557Z 208 xLJ4XXbU572GrKEfFh9EVeInQhdLbdsCHKhvgzf9XlLtbnp7kR6ze5ik4CnO
2020-10-22T05:46:07.200961832Z 209 56IcqliBcTrJwzCqgj4ynlYRXcgRP2ODlKTHWtUQscxajCedlTJAeoV8UuOH
2020-10-22T05:46:07.212505321Z 210 e0oN6sexendI029TOGvm8oxWTFUzbqdGiqtpacbEHhDMcrHIfOwqoO2nWzAx
2020-10-22T05:46:07.224180473Z 211 GxWL6ROyjXTfh6JahimMEc293z5RSGaOMfn3bvSssaYSGK6HoNX6f5pXzwIa
2020-10-22T05:46:07.235508979Z 212 eoFrxudZVv9njNy41HArRnRY52DXalaHcfiSMGF0D3E26mLxykIqCyQKyCEU
2020-10-22T05:46:07.246286338Z 213 hEBDqfaKnH1PaVpD5S2X2mSgIhFZ6zPXObg3dllLErS1nngDLE8Sx3bTcYkc
2020-10-22T05:46:07.257305020Z 214 KHu0sj6Pc7R7VSNRk6pO3SKHJfKaUXhmpNLZPLdwmZaEAqJdk0mlrDJnhQwV
2020-10-22T05:46:07.267942125Z 215 fQkxI5Yn9GZy0WY6BIdSTvI9mOMfYnEJk6aQEOw4FVq9cZhdulp3eeoM7LR9
2020-10-22T05:46:07.279295267Z 216 yei79ofu9guA7HCODdJMW1h0e3gD1sU2Rx7ugki0TWQhIpgUehcUgR46cLXd
2020-10-22T05:46:07.290931640Z 217 gFM1vl7RLwIccGOUifz30aRjfDUSkNIsog5iOn19ZzHnzcibcscR3q1aRH7R
2020-10-22T05:46:07.302918153Z 218 SxIjJBUtTh0PRMVKcBjS3hnbGxhoxg6st46HekJXEMDtBFQABmT8Xm0V4W4K
2020-10-22T05:46:07.315056047Z 219 vVL9ac0T82W1dJYpuoBHdYQJ8mCKVLtrFXJx29qAK61Gtc6WCpqjUGT4AzuE
2020-10-22T05:46:07.326884926Z 220 BdV1J1VIgQOvKVHvlovSdsOMEByYj8WnFF6gRIXr9LJnOtKM8QRIVtghnNJV
2020-10-22T05:46:07.337841818Z 221 M4lyI4gy5DMRTKRaRgrFjgXqtTmrqD0sgpdytmUPxCQRekp7qV4mSLdQjdU3
2020-10-22T05:46:07.349789445Z 222 JEZDv53TGle3ahaVMJB1hjtrIjotxGkMNJ8WSwdkVQclFUnuQJ8pm80R5jzl
2020-10-22T05:46:07.361706476Z 223 qCZzwtZnDL26UF38hln1Wbal4Tf4C29pAu4IKz417pdoduzZhlLtiAvngcFC
2020-10-22T05:46:07.373759320Z 224 V247Y0ptcjtwEMGYN33ULwMXrydWwQJpljxnLZmeQmNdFbGYfxy3vZSa21RW
2020-10-22T05:46:07.385556224Z 225 8MTbkRmer9ct9jXZBMnkV4z0GG6yp5r5QgtLuVvWJZfHhifMnMrIzEskOAKo
2020-10-22T05:46:07.396586891Z 226 NimCbkbXAk6J6QcJN2LU9pPiYInPh7NvZBYABIbJE3srPkLvspBVB0o6d4O6
2020-10-22T05:46:07.406953924Z 227 GOx5GdbBxoU9Zfse5lXdA435rymqlRSTNqSEiKvlreWzT4A0ltl43HBLMxDr
2020-10-22T05:46:07.417974661Z 228 u6mcNNTZhqeNOesaEphPlIbKPiq1U4ZxrkbJFl6qN1LdoFMsjQZKqb2B2PS5
2020-10-22T05:46:07.429770635Z 229 dQ43B6zseNYveH494vBWg5nXvjvDySRwUt3E9CvAX1itHCfvbI2QvrDRJll3
2020-10-22T05:46:07.441046886Z 230 KFuXEFFvJspgX0djmMU4TXJlqsyxIEAmmpTSWvhU4v9f6DYSmHojTZNqJbiv
2020-10-22T05:46:07.452152749Z 231 CuPjGQw60yt7JQm3uSLcKIzf20IyYRT0BYJlrw2QdneoX8jRW5xv31may3XS
2020-10-22T05:46:07.464331668Z 232 abUFX4WX0t9koyFK8NPQwP2aurpEhOCMvn6zdooRQOeSrdMPYdQt1tYkLq8H
2020-10-22T05:46:07.474973920Z 233 k5uXpeYbNWuILfyVuDnb5yN4Rjx8ofaFZGZCY7P4tUiAh52cNznKvRx7zRbx
2020-10-22T05:46:07.486473578Z 234 R8oxmXBAoqlSHGQ4MyVUuHNwW1NEu50MSP1SRxqpneKgg0TKXzXJVjumfyeY
2020-10-22T05:46:07.498618315Z 235 JWmnspM4SPbo7dTXMasfxSkKgO9AiF607g0fZs3ehat1K0OCsNN2L9ncfHJE
2020-10-22T05:46:07.511164025Z 236 7qhwhP4lkBLOApbHBgoIyiKOXoXiKQcAwt8F0SU5WBEhJasKyQtodkpjkC9g
2020-10-22T05:46:07.523150515Z 237 kPY2WZk6Kqdo5unA65EIzF60a6uElUEyKOx0aBDGbkXGvlkZc8INzaHNgU9S
2020-10-22T05:46:07.534492874Z 238 zTjQLBhtoqO3Kjpv9t60yd84HqxahoCWFEcRqvCNpKZe1F1sVDIQO19OUBLE
2020-10-22T05:46:07.545462991Z 239 opgLd0ybvY93BB2W28iLqteEYsLw8KhRcvpmZn1e1jy68h8M1tCwdRUOrSJU
2020-10-22T05:46:07.556432786Z 240 Oobz04KcvRlmlDV8UOh3LFqcrWjknOj2PZSqusY9fe08371Q4UstsdNhVjni
2020-10-22T05:46:07.567510145Z 241 Gmtp4utlihEAxrMVUzXVQ0DAIEDH32wWmsu5zdUeOVcGEhxfDJ3WDPjSlsYV
2020-10-22T05:46:07.578554773Z 242 fUhUHNi7mE6qnmt7YvQU9EsuAmbdX2Wq1RGlGgKRon4v5ksZvRM0FUaNXvyg
2020-10-22T05:46:07.590065037Z 243 uvVn2MFqCPzruLCOFKBuvPMszUmOUWbghjnBj1c2oQ6imehUs5zGysfv63sb
2020-10-22T05:46:07.600849584Z 244 DjvruklcFlOYAZFtqteItt5pTKRrFl3HbTefTIZLTNBQS6ADza2hi1lHNMYT
2020-10-22T05:46:07.612201673Z 245 vp1AuMyrJHg3awR1IzBkvpU5DsbZUBwblanLZNynATbvMmpmnCNRWdnNhfTq
2020-10-22T05:46:07.623842121Z 246 WoPs6troYdfQzzUjTzMK6NeGxJIoHFb2iaJpyRhbMrxUQPdDbt3QQBXCuYZ0
2020-10-22T05:46:07.635649283Z 247 3Ty0F6dwkvW93ui9knBzVVdvLKScOfTCnErdOgp9EObd8gZDN40HuUSm5xU0
2020-10-22T05:46:07.646645410Z 248 TIJMh5LeTwhesFgMnFzxULjFM1ukScBbdYPtuUKC36qgr7H4Tn5gQUK7CSSQ
2020-10-22T05:46:07.657611786Z 249 HCJqwQOvK7C6PL2xzKJwezrmEM0hSPqMUpUjmSWwnCXPXhJQCPRc7W2FIKj3
2020-10-22T05:46:07.668795769Z 250 bzywe6UiNwS7p3AJP2ykMmlBopBn7q8mV9ZlfXjxc3aR2ar9ab3xKG68Fbzm
2020-10-22T05:46:07.680175375Z 251 Lv4ZzODo3UBpvl3sczNzg9vC6fDWvbE7qyRFrxTmcuoQfHQNPkkfJbhhiaNT
2020-10-22T05:46:07.691472389Z 252 yswB9Ek2SHGMro2BjtYTMhuu1IQkrsrpRVAobsbY4LHqehQHb8q0jKprH9Pz
2020-10-22T05:46:07.702718087Z 253 TOP7q7cVFg4ldOcDYB1gVgmmqDwANqgusMaPzwc9OkpvJK4Sbp1uZsweLzDq
2020-10-22T05:46:07.713633650Z 254 u2xCly63W5IB1B9XFXtowdKr4Iih60ZENsTb8oKw41sNEv0XTk1MIM4cp6PV
2020-10-22T05:46:07.724260852Z 255 g5dK5QNEgZYbUV7XmiDpvQFQxRbXn67jTZlq3iocXWU2dmdWXmeYqtfSqEfz
2020-10-22T05:46:07.734977801Z 256 Dnfp3gtkJbHkeTuNIJDDY5h8WKD1fmZ1U3ZCTqUkpBDrBMn725F3iI2ZQQu1
2020-10-22T05:46:07.746214869Z 257 5EASLBiCibs1CHaqf4wLfNTmEbPwEnnDyXQgB8mkoDXlmMIgQYoEZIvZq3d1
2020-10-22T05:46:07.757632555Z 258 c3SFdsGDFT5xV89MKY8vVv8OSb0N2eSaa2TItHIBzdijXjIbaHS2sqxyiOZ2
2020-10-22T05:46:07.768160150Z 259 H4jchlK86XbSbuao3URNaTpSVuCRN0Euno7jvVLSFxcbyOmffeGwZFvCPySm
2020-10-22T05:46:07.779840470Z 260 45q4aTijpubqxm9EszCzILcFnjBqtWewAlc1yNZGMoshsz1AK5jkOYcdnKME
2020-10-22T05:46:07.790685834Z 261 MZVlNHovGIoIKcJizHKOfyyHf3qjV7e1zWvwK3QbyygSNYK2IjZbQmZkhSA8
2020-10-22T05:46:07.800986671Z 262 VdXIUl7LkEOxsvAGu4P1PfVbngjAuOQZMqbbzRPBsuZcgkJAwmYCPlTUjWtw
2020-10-22T05:46:07.812233241Z 263 kJsSBkwzrhtKSmjteyGevAhqx8W5E4ENbbeYgYDAHSA8lVArNVx0z4uMRSnP
2020-10-22T05:46:07.823746714Z 264 PHWvYQ7tDHfmosOPJitqXsS4k3jPZ8vKH5nFIcdFjmTha4Xqa7QGmmqDpHcl
2020-10-22T05:46:07.834189408Z 265 K9WMNK9It9DhUAN5gWXGPKGGRA6TFki1lb0eqnkZsBodI5HTIMBk1cMnCbQG
2020-10-22T05:46:07.845815239Z 266 YEA75DAw0XKLQTiYmGRZ1T8aeszM2dJDQ2Uw2cpcuPQ6d2upPEA1Bo6jt9eP
2020-10-22T05:46:07.856860292Z 267 asIwv18GqMdo7ks4la5MuqI7MhNe0AvEb6CbUoxAJBWIfsNNXXLPic57DhjJ
2020-10-22T05:46:07.866994581Z 268 cKTHZxPmTKloBBrhIQU7VEBZtQ6ADptIM7xTLuBNxla3e2ihgPzs53OOVlPO
2020-10-22T05:46:07.878475793Z 269 m5Yii3EC2myFzYR0KbOcRLew6HBRPxRpkf5c16vYuUofq1t49w424WSypUXQ
2020-10-22T05:46:07.890755510Z 270 5a7noKoueVICCziYLMbyROjH3Ca0bconB2koy39SEEvzdXd37ecZAZZ5pfFP
2020-10-22T05:46:07.902031046Z 271 oBc7Sy9vucYFbMhE7ze1LVBPBsnLBjjLINpGvZwgLQ3djrA50ZKVg0Sdxk7H
2020-10-22T05:46:07.913979923Z 272 1bB9y1l6RcIuWk0NPBNGIXq7876sXlthY6cBgRFtge8gJYE3MqpTlTgQA4Ge
2020-10-22T05:46:07.924731238Z 273 Uhstb3OZ49FYnCAXTWKxJXksiLokRYowNk43CkePUaBAjsmSlcxSSiKX1cr9
2020-10-22T05:46:07.935341651Z 274 RQYwieo3ubRUl3GyC2NUv3qb3Pb1SBbAL4ZNOYssniLKqgn9BceCLlvCkwwv
2020-10-22T05:46:07.946754464Z 275 VF8ZQx46b8LEtB67gNwNV4vUNXGu4P6VwRWkOlCe3evZuQ70R5jLxQWJ68jT
2020-10-22T05:46:07.957416841Z 276 BiO5adtRoKqXK7NQWrQLcWqiXwa1eTcn8iBkwoeszALuG5YR38bm3MLX6C1u
2020-10-22T05:46:07.968833118Z 277 nsVtjyx50upbjrTSnV2InufY3Fz7JpXgTIVO0bpWkVu8U0xsFypcKMPC3Kr3
2020-10-22T05:46:07.980545286Z 278 ZGi9T0VqPbIAdOdEX7TQlccCcsaxRbuL17w3sX1wbXFueyYJHA40erBOHQlH
2020-10-22T05:46:07.991603146Z 279 ogxzeCPRgJMwCh6IGiBlhnkdbxJDvYMo6OuMLdoIVQ8OHODLTh9CuZSUuOvM
2020-10-22T05:46:08.002702968Z 280 Yvz0FPKLQAeRvktLZHG36LPYPVtk7NVfgOh2kmgTtMWoxPRQFMK0yuyKlVq7
2020-10-22T05:46:08.013720252Z 281 L2MlVT1JSH4RqmJVL5U8KpaXyOdAsEqIAa7gtGgUnod17mprRC5k3C8atNwD
2020-10-22T05:46:08.025249322Z 282 8VHhPs6taTdUoJH8oSBIcGyUBmHxpbajPvNJwAM3ikc7oqimaZwql2sXEmDD
2020-10-22T05:46:08.036588816Z 283 9Uu4HlQiQlB4f9MgzAozzwzT3QTxdO7sbeN2yHuAZLrUccG5sre612gjoSXR
2020-10-22T05:46:08.047385461Z 284 J065sjSLykQw6AQHZinLMIaTHnjFr3E1vHKlqyYHvhYdUGsqqLuVgfi4CGFn
2020-10-22T05:46:08.058365867Z 285 0OOWL7QLah5uoKOndK01x4kMPzim2ZAGS7r06Pp09KaaLcrWe1FuRbZ8dhQS
2020-10-22T05:46:08.069823778Z 286 GnKIVcCkCuHvdfvtHTFz27YE63PqSPLRcY8HJOl76xPVeuDNaWb7puU8CGxL
2020-10-22T05:46:08.081170480Z 287 ogL2Om19APFBDNhuY9Un5XcdKLcWEugPNL5pCb3cX7xhMJjQOStvL3KTri2L
2020-10-22T05:46:08.093024163Z 288 XL1ODKuqANvLujR0PGOfNyqnn8NMemKmrxLSUtVBc85e9TNdhNtFY02X2OSl
2020-10-22T05:46:08.104166717Z 289 7cLC8aad6OaV6PngoB6kcwmuI3PxQqbQo9gOWKdGL2GlaH5gNffhF6zlIzIi
2020-10-22T05:46:08.115804828Z 290 IWyllx6QZbEIiQbX1JxQYlHfyd3Mo9TpheJgsHE3znW0e4Nw8SdIkDHrMoGu
2020-10-22T05:46:08.127575252Z 291 dEmcImejrubbBYESJ4F3syV0K0Ag0xXJlWnZw46XfSOR8U08nHrnevqT9qUL
2020-10-22T05:46:08.138330433Z 292 gJHRmBDFq3wt7j3cT4thUf7QUZyQMBfT5NeeVWxWqgaTxyOKPgxuNiHmOplw
2020-10-22T05:46:08.149679342Z 293 RNn8u9jqdddfvmMa0RuLTkvR5BRjLpKZwp9606wK7TW6J3EZbVsT7lpAghzq
2020-10-22T05:46:08.160426871Z 294 5d10ZvA3bYKiyCKQ5D86IkY0OLOwBReQz2XjuL3OR1t60RlOTqbrcQFf9veW
2020-10-22T05:46:08.170960192Z 295 avjFHEYJQc8YjhOm1sR6m7M6hCURq8WnzSggYFPOFy4FmRevuAL7vu8qMk4o
2020-10-22T05:46:08.182070334Z 296 Prc5urIKhlIWrighMb3KqAJWscXG19nhxXeVofVtHSdj0y3BPt2wu1UevkdY
2020-10-22T05:46:08.193940520Z 297 tuzAiaZIybAQ5MLX5z5z5aKI3VmQlxwTfJHGUI7scbmg4pTJMKStwNqxA7Ah
2020-10-22T05:46:08.205330728Z 298 ug49rSy3H8IkkSFRkqEXZtZpzwzKEIaFlQf1CklAPQU5Be4utFW6XuoLv3Kp
2020-10-22T05:46:08.216707872Z 299 yMjbvA2bQzKrmmT79AVq0UHGZa0rOpfo5M2xdC4xDag8WcfCgfSHd7WZQ080
2020-10-22T05:46:08.228244727Z 300 XS9K5g4G7RMECuWtxSLY1G0GK0OkyQeGJZ3S27IX1qqjgjih3wReyP6Xo1k3
2020-10-22T05:46:08.239979407Z 301 JsbrTS4iw0oqDoebBy4DLVHu662rRE0byf48ss7yI5WE7HC7eSjC4wmhNZtw
2020-10-22T05:46:08.251893873Z 302 kbgjp5qCeVav0wMsWzPo63Z5iqun08AaLs7GlSHrVdnrJsXEt8kLPWDhD2Bg
2020-10-22T05:46:08.262811129Z 303 Vca6EAhAYtkJBbKzKrmhGuluBUutVJUokYYlLb7V0bQ8q646WzASBP3lml15
2020-10-22T05:46:08.273978961Z 304 1GpnAQO7dqTNpX0pFeb4mI7IIKWO9qe3I6zsElUqT1MM6PPL0Ix68yPgWONv
2020-10-22T05:46:08.285307420Z 305 GrX4XvKrtJTfYRbYxfSYPD1btORYd2qbXPm8HtGoUQnDbginl7QGHZZWxLao
2020-10-22T05:46:08.296480901Z 306 clDRXCgnSivholYFEQbBebxOQCD7OX9Psixudis9A9csuashZ4shAvUcTrxx
2020-10-22T05:46:08.307063044Z 307 G6ak8xZXvyzYlcQcn2JeaSdtDCUrMNeISWRL7X9UylQ2YBfkfEIvtt3iHDA9
2020-10-22T05:46:08.318397866Z 308 lWSQ3zlfhMTBPA1y4UnFkUJ4ySGsfuWMKjLU3xP7Hot4Jq5VnZs6XEofU5zZ
2020-10-22T05:46:08.329460177Z 309 sk5RByjzq4SFyyflN2OcZoKdb73UrkNLQCriu0kmSForyHprhXNpKtSpTHSq
2020-10-22T05:46:08.340880771Z 310 kKmLkemRpWA39cWyKO4aqd4ohyvErdiIjkkScFIgTvzlEzU514kfKz5EwzxF
2020-10-22T05:46:08.352494311Z 311 6FFupWAsxsVD9Geec69K3i2cdd2TRmHdItSyeso5PaNqitsQQs6cXWknCfd5
2020-10-22T05:46:08.363999044Z 312 DuJYqpQsfUB5UAj2sCMI8aEqhW5Q6WMG26XRmbyIERQdjUyrHn17J7MW6dcI
2020-10-22T05:46:08.375948911Z 313 RRKnrrrdpOEnRGCQqToZV6p5QPILHPsafTBOXlDnOt0kWwipmFgWx9QGBsCD
2020-10-22T05:46:08.388408405Z 314 kz5sURxSkDpemPHxQp0gd6kVwFM71XSi6LxHvA6H0AJ7uMQ8SSpWYs6xKzjU
2020-10-22T05:46:08.399439794Z 315 5CoFyPHEwUkSqhX5xLRHys4nk3Xgl2witJH5VgPvXeXSn3WByx2LuDvKPpZB
2020-10-22T05:46:08.410524647Z 316 29lzQJBn2gSXlBGSaBkFovaC6S2O32huW6KhVLGHczFXZorBdkRYtNLmO0rl
2020-10-22T05:46:08.421700927Z 317 jdbH6NkJFlnv0pP29ccinP3DxXrP9zVOSHKERDcWW0B4bPkgbfGfOdh1412F
2020-10-22T05:46:08.432689486Z 318 OcCAX0yqjGzbhrT58uoZIWIOghKyALswRqqA9eNAycDHb3LdYBf4gDi6VIun
2020-10-22T05:46:08.443653319Z 319 WXxHvINx7U59KnxOoTgaB8piHOBiJkt1iZO57LqQbfioznDgByZysja1RwHF
2020-10-22T05:46:08.454599464Z 320 yNZaTSw9v7AjQST6IN4Lsm4wuCpG6MYjvOi3TVDYZlyNR0z8UvdQkcVdYAcW
2020-10-22T05:46:08.465682215Z 321 qWeIwdWTyLwrXF2yXq7dYqVmE0aIlwRLL68BSGRgdh9bV0O2FIUNu49DOvBQ
2020-10-22T05:46:08.477547457Z 322 ij3nv9I9tLxrVOmA3Y2XAUVCrbY1kkBc82YYeowB1Cfj3BNjY0ZlMQJiUGC0
2020-10-22T05:46:08.488018334Z 323 Oks3ZCMOcsOxyKchw9YHaNWyma4yZKUW0Q3v9bAjmQEDhOWlVqi9xhcJyQAJ
2020-10-22T05:46:08.499690344Z 324 DmUstaypss3ijjtoeEQpERl6wHa5F7ZokK9ypy615Z5zkhIw4hSlcnVwyFwv
2020-10-22T05:46:08.510353179Z 325 F9iQXdheqqVl7v3JCPsy3VYZOg8X3879BeYZOww6dsiMtgYwbaIRl6LMylnM
2020-10-22T05:46:08.521825682Z 326 JguUPmSdJkEv4HRGXZ8rr8RT4RH4zJxMfZjwRKRZUOGYEI3GpTYKCC727CZB
2020-10-22T05:46:08.533236242Z 327 OLcZ0aWYBURg8axAeXgVaBKHOz8AVozxorUA0cNR0gBf1EfkUQQZL0Zvmp6H
2020-10-22T05:46:08.544318949Z 328 k8s2AS4B6NwuIGuV25C2h16nShL1gRcEIC5yq8wbpdCxar7hLuTKiOJ7XHYR
2020-10-22T05:46:08.555702735Z 329 b1OJ6lOehy0psj3lyf5HitVd4qefkJ9PtMhFxe2NaQ2hOzFmQ1i4aFfQMefr
2020-10-22T05:46:08.566239339Z 330 M01PGngBDJVHUuqjgToLVe0XukduuybuAHbsFqBXns9942qbz5a5LF0hNOuO
2020-10-22T05:46:08.577904509Z 331 atf7SdD9nX53S2nWFuoGD3n5YuvAXDB54TBp5cAfHrO46S4LtEpPljK5FgLG
2020-10-22T05:46:08.589826343Z 332 aGhUvUsILv4Vzx1hivCKHwoNSBXMf93WKVW2KLZ9J01AVHimmwAP83YM3BHg
2020-10-22T05:46:08.602880317Z 333 GP9pbk0NAUGIpKEUNt5saRjkDqeKmpWcFJwXcjU7EEUkkMo6RCGSxuPnX7Q6
2020-10-22T05:46:08.614185309Z 334 9H83nwdaYsHVtx0lJfbEEEX6SkJu0xvObxfaKTA6X6xA4YlSLFaxp88jzOSc
2020-10-22T05:46:08.625803900Z 335 N96Epi2VFYzuEjLtxqdZCtqDOf8nfkumM6vKuJMKpdSFz6g6RXJSA3jV8zJL
2020-10-22T05:46:08.636439868Z 336 YdXEdwBzNBE0pqyONoiif099JqY4lezW27FJFWKVUJR0nPrhXkSOLedmAmst
2020-10-22T05:46:08.647092368Z 337 zsOWzAIrzuiSwiA2EFvDXjgeW2icbqkDVCtnDFv6LcFnjnZkZg2aLG2hL6nl
2020-10-22T05:46:08.658422689Z 338 rhXZn6wX138gJVx6Ditd2iztHiJrYUIXNGGl1qcmzQyk0WDXEUETFYtA7Rid
2020-10-22T05:46:08.668950301Z 339 Wk8LDfY6XfaOgnoPKb1LOkmBeOCSKZa5KCUycf0x2xHE5tmUVoks4NDw91YJ
2020-10-22T05:46:08.680495595Z 340 LAheWnkdcO7tvP7iJNYQTNECppfO3rt3iaVLX6ADmH80kkVGLEEkFKf9actp
2020-10-22T05:46:08.691842132Z 341 Gj0u2HEbrTg1MGCUlEBgds6tERiAILHUfOuTsfYp4DKBEHqOpicX9uXOhayM
2020-10-22T05:46:08.703792217Z 342 uVEU6SaYe55IcqKoOwrmkg1flIOFqutJoOXLfmfn5VU3jmuPBkGBTJDcvY2F
2020-10-22T05:46:08.715433019Z 343 WmQOj9Vy0sqLuMENfLqXrPkuykTYFvnspDJNrWnr50ejGHvO5ppjMCkNmwAr
2020-10-22T05:46:08.727080921Z 344 YWuMa7WzK3PPWLUNrsrBwte202YYZl07u0hRHKEzxDAm1JT3qYpxS4Z6bKYT
2020-10-22T05:46:08.737860101Z 345 tnEyeFeXZIvCbSpPVbbmsFl9CSgDMQYVG27w2NNnODSISN4VHW97K7DmqUyC
2020-10-22T05:46:08.748964228Z 346 4kEzUFy9nE3Urw5ypFJeaURREM1h0vxgSw3TlyBboidE7oIyOwmBr2DceRBg
2020-10-22T05:46:08.760622093Z 347 IxgKJTH9tB84lZ3xF0AndAYIbf76PY1yEgjKmm0mvjoEltKt3QVmWdF62EnE
2020-10-22T05:46:08.771294113Z 348 Yrs62v8oTV03zHy9NpqBOUzClSaZ6LX24F5TIeVHvLZoSwOLbiaa3dAJbycQ
2020-10-22T05:46:08.782081108Z 349 exM3uZw516xP6j0K73WWWrEMELH6W0gafgq0kuTEDtUF9bVmPbZXJsvLXmn1
2020-10-22T05:46:08.793202439Z 350 Mz2M3cA6CuHLX8JXSvFtTlxjlrv6JuUvCjmmoJTumLy33UKmYwJNDWPSwXFE
2020-10-22T05:46:08.804383902Z 351 LvHNlUQv9CAzTg9mb9t48mHPO2PWrqIfx3nZDImDR7v7ijx4Quyk00to2JF6
2020-10-22T05:46:08.815864710Z 352 c4oZLPfiXWu3WogI8YeqPMRDUVgGIMGtue1XCrADOVdKBpHnIw6n1S3RdYMR
2020-10-22T05:46:08.827703345Z 353 oINCFnEvOXhdThgcK188NoQubrmP3AEkCL6j12ZJMQHCKWO6st0yX6c8Soew
2020-10-22T05:46:08.838308873Z 354 ZMoL8PHY80j9lW4wdyOnuT5qOUgmsMcOycsyfzjgqNEYOMZAbJgrvDmsSMq0
2020-10-22T05:46:08.849867638Z 355 D6DWzisUnFtRzXK6HhlPcLJgkIox7klKmcubKdDTNsvRjQxwE1PkYCJKkUWD
2020-10-22T05:46:08.861449759Z 356 xCHdpa5gmWGAO1jt9nowZLedJMFQFVhiDoQBPRD1t7U2j1iAcsajD3bBZvCw
2020-10-22T05:46:08.872490461Z 357 yRsgNQpubuYvb8pjrgPQjICtFfFtC4SVnZLHCyi1T1OmfrSCPKVijYr0GRWE
2020-10-22T05:46:08.883566164Z 358 XHKdw5PkwU9ROFBVAM4RIacJQnuVpH730nsmBCdQpg34NzRP6hwdMivxEuWW
2020-10-22T05:46:08.894926046Z 359 pIj8W786qLQ9Rab0V3jFc67Kqc86EdvNQi4HOUqkYH6nTKgw1VVITG71i26L
2020-10-22T05:46:08.906506699Z 360 TMbBRZvuRgDIQNZ3Sex7YBgtWqzyFyIBFejrw4E96SO0rlmbbCwPNOnlq4dP
2020-10-22T05:46:08.917221794Z 361 Pg7KcbAUKgYo1sW7xYFjZZF7UTkxA8Ah2g1HJdUOqS0yuXtfPkGFG0sMRjO4
2020-10-22T05:46:08.928335124Z 362 kHZyEyBs4jDACMaaWrrwzIayRoMxoVer2bbdd1l6cuIknw7EUEbumTYpvboT
2020-10-22T05:46:08.939762769Z 363 7Zurh6P7aQvs2zT6OxP8coSOxhAPNdFEGO4vn3ufRp1cz74VKlwKuOelw7S9
2020-10-22T05:46:08.951068875Z 364 fdmMayadIeHqjrkVuoOpj7Ie3KVt03kfP26OJZzaGgOXIxmdAtsMfmiRjp97
2020-10-22T05:46:08.962528291Z 365 A5XK7s9FolKvsLzAyXwoVSTuvJcuSuaS4FZqMWVXWzOTUnwlEeRAgr4oUYLu
2020-10-22T05:46:08.973204218Z 366 onK3SXEi2pCxqtq3fHCY73eqPDpjlPBIDILAUJ8PzlCvLAHF3bvYE4skf2cZ
2020-10-22T05:46:08.985041621Z 367 62XSdiPVpPrtRJWYnjkSeId9KQj9KB7WPDrzMTf9xdGg1zm2stCMYAER1BUW
2020-10-22T05:46:08.996870546Z 368 sZzrrbE5HEbSjskQxYLtsFvE3BnO8nKO6TGz2t24wrVEtfyBBE0EPQ4Xo0Iv
2020-10-22T05:46:09.008368062Z 369 iIxmBhUrZFYXKH3NI96HAwWhYrDgwYTlegtTQIcLYM83RI0ZSnn1xXle50T9
2020-10-22T05:46:09.019806012Z 370 lf5D9kpzoc7DgTlga4yiJIBgmebIM6bKCVcE3ZmzkdPbGZp7bxXbCbIEXT5r
2020-10-22T05:46:09.031733208Z 371 9j2Fft4xzJ1W1I7mPwJnVhjQ0TaUhEM44NrOCAs8W2w0fFtvvF0FkLGyPJnS
2020-10-22T05:46:09.042854751Z 372 RBzp6CcNTCZi4D3Qk4S0TcSkSZUlul2kFLdKdfHBXU3iq5KL4J6f02Etffwc
2020-10-22T05:46:09.053968298Z 373 HLqrlmxNQn58eAmFNH8u8kpwN8lArSEej7KksCcdyWam1PDEnlNuE7f5HukN
2020-10-22T05:46:09.065934386Z 374 0uXLBpqSQTA8CakaeMEwoYNUXFd49TCPcttGqWtuvVGn3mJHmfEElP3Wasm4
2020-10-22T05:46:09.077791708Z 375 bdp5X3truBXpYP2GhI9Gu0g5vNp6kvWs1Fbus5NrZW0OpsHBxXOzmNdsBM5k
2020-10-22T05:46:09.089445718Z 376 FMKa72b8y8EBUsGNxDTzE8HXCldA2wDOf1TGmGIhqdDDJHLVnEfCmVXfqFaD
2020-10-22T05:46:09.100163168Z 377 jWQJxsMT7RsSqycOZsVXNWaNPEbmXFN529iUiT4P4CXuakDYDIKxoUCutcVA
2020-10-22T05:46:09.111027022Z 378 q5juUzCb4hmzfnjvd7O92ceTan63PJbaw2BVnbZrrXWziklWRjPpRyq43WKq
2020-10-22T05:46:09.122077473Z 379 SaaEHlYfRgr9858wIOMVheWcgtJ2hF3uGfzokUAZjpkLtdKlJwr7f2YJ5f5q
2020-10-22T05:46:09.132772847Z 380 tnyCKoXkArRuOX43zdyf5Hr2y8u10RK87CNJCqWa5BgITuZ4zp4mpN9y8ju9
2020-10-22T05:46:09.144241866Z 381 Wh2zzy4CsNNMK5UiWC5KvrvukicBh8MMOFRJEbztfCqz1ilhfw18Gn2g5B4a
2020-10-22T05:46:09.155599715Z 382 PLo3YMzkWO6zB7DsZpU1LEUS8xPyvxXqMDpnJ2tb8WGSFnSzp074LzxgtIx6
2020-10-22T05:46:09.167612980Z 383 Z4BxTcWQ5DdPrqJ7zX4y7jiEkofNBxT2M72VpVdf2Oq4ta7SQaQdlEeHaJfb
2020-10-22T05:46:09.179533705Z 384 ldXXnWrSBUf7bmJOrpDgK7iAnobBXEC8XjtBNNMOPsB4tMVHKGJcRWuSSimv
2020-10-22T05:46:09.190823649Z 385 g6jTyqsuxqdKcAMPODJlVsV4dwxM9mZ2CnchqGPGpRbgfyg0RnnKHXWXEs2k
2020-10-22T05:46:09.201916265Z 386 ZMiCv4sok7B8uMfWx3q7llwyCRtMonWktzFZfk1pan0ESUx54ZoJ4skHecq3
2020-10-22T05:46:09.213450059Z 387 gTm3ufvfd7zGSRkN8f7IDImNenGZX9OS7SRZq10PEmZiMbD1shwYqiXfF7Oc
2020-10-22T05:46:09.224173389Z 388 nwz68AIN1NXiQWhjZ9cYJE9GwZt8Ke4byhMipZIr0oBIjdQ6V4DYdiEkGUVe
2020-10-22T05:46:09.235933371Z 389 umzzHTCAHRCZsoTRWR5i2Cqnd8Zo9LfWeUGTFlueN69ABuMIVkUvrMqtL6Dd
2020-10-22T05:46:09.247796851Z 390 bCmeiyiXc5tffh5XWabAI27Be6nxpJUlXjGzucCjk2hJPOzcpODmOTjXiGtO
2020-10-22T05:46:09.258732263Z 391 Af4vLoiZBV1YXIm6Rl3HTACfwLsxrYFgtzMuuGYD48W2IMGfq6PbaGEWL05T
2020-10-22T05:46:09.269661464Z 392 ue08TkBBqtnGjZFksS7rwnm5hqPl7SVMGfcuZZWzljoQylWqN44wQ8UgdzQr
2020-10-22T05:46:09.279915809Z 393 T9opPBVtLkxFJ97XA74WfwDtkvXAgCu2gL8xY917zCefaOBgb8OfQgDqjhuy
2020-10-22T05:46:09.291391199Z 394 nN86dA0JAkiRa0XZZB5lF8EakXKlP4b0SyVawg0y7JIQnlBH7LsrCVdaZxt4
2020-10-22T05:46:09.302072432Z 395 bhUhO6WtH6dwNyPiPqU8Z9Fjtu1jX4dzoRnQ3Ej25le4TcyRCrkQ52vFFnkj
2020-10-22T05:46:09.313106444Z 396 VXuj84pjGtzWGyahDl1dK4jsZAcR9miVLuCkv67QdcfiSK7ApqcduyeLSoKQ
2020-10-22T05:46:09.324186847Z 397 NGibVwPUOFNYIhY9Y6rvxeLBakpQBDdotpJP8hXGJsiDhzrkpLhHFzFsWGPY
2020-10-22T05:46:09.335172575Z 398 igxoyVEMmU9U4lTidFRtucqCylOp0g9yrsAxcWY1Fr0j4jrqdxOPANBL3H5Z
2020-10-22T05:46:09.346182025Z 399 TZIqLFzUjMExcmkVScw8J9DFamVJ99a0MRo0uMmEAKxnDMHECtK5DOE9DXbP
2020-10-22T05:46:09.357861878Z 400 9eS21hlkjXUirEl8wWLUP63ecqGIwBJ8C4XueZasSO7eviPe64I1p54IReBH
2020-10-22T05:46:09.369417559Z 401 uxZE25fBmOVYbyuEBZ6GuNStfLLxSdW1Xd8qOz95noH1WTaOZo77NCaX7rtD
2020-10-22T05:46:09.380459042Z 402 SrRMorhA2CAoU2lDn62bv0JAiIcQobHyXhnnEsle1VipGCkCVNbdkVaU4HAC
2020-10-22T05:46:09.391237379Z 403 VdvBrwE5isaBnUD8sV4ynZzHXrf85v9egkhdXSLdLXGY3RietXAMX9vY5qJ5
2020-10-22T05:46:09.401986588Z 404 QxPSbCwB1BY3QNfT0BW0tNRbB53UWFDnVKE8Y7Xh9nTGkEqqZo3gxLxJ90Ai
2020-10-22T05:46:09.413999199Z 405 cOUmQ8qNplSiD9RrTJ88dyno5RLkUBgPkbl00rof2de8WpLJsqhfNtT5Kflb
2020-10-22T05:46:09.425244834Z 406 MrYMedfHwtGx1iyYus8zKIY8dl1derRhp2reTvpIC7HJyaOjiZ2v4OW35DnI
2020-10-22T05:46:09.437026034Z 407 hQMZkzdwyPheo0IcCZFlgMoiGC0HRyBPmrLxoUbKb5MphIrqLCpFG8SIgkk4
2020-10-22T05:46:09.448985848Z 408 n1GDBCkBAhIEO56Gg2Fwhmrd4DrOq5viD23yclmrUeQTU8Bzkf6PrkkmybAe
2020-10-22T05:46:09.459459908Z 409 Z4S64VZYSGuROdSw5WHwbcXyOOUqpg7GPDoIbR86mzr1PeWsEHTMQnZ54I26
2020-10-22T05:46:09.470821352Z 410 MVrqWdSYQHzYFbGP76SFCUiwxnmQOk0bZcIbMyAyYigcXg2x0jz3Y4fvlcZs
2020-10-22T05:46:09.482386306Z 411 c7f5ziMnY5TsgXqyB1hkIck41SNGzgIZw1R7JogsyRrg9BhwN5o6y9BqNsJr
2020-10-22T05:46:09.493048382Z 412 InY8101ksi7Mdq2rbsUau2EXSAhDFxWCkKrSvxls1ZQKvFjPXBockZvRkHHJ
2020-10-22T05:46:09.504502133Z 413 w9KgRjYPGD5aOdzerSAnJvp9SWsiuk588JeWA1pbAPXcQwS9qc1KwL9Enafr
2020-10-22T05:46:09.515140190Z 414 jADPm81aAVwPCSKRN6vbofKAdWHsljbq5prkW9d6IVgHCBeWGUmjOe9Fl79H
2020-10-22T05:46:09.526250976Z 415 j2tmdysX0isja2CngTyf2Ok4eGXMJXbfhfeYo79GxaQzkGP8DTw3uf49SUdU
2020-10-22T05:46:09.537836147Z 416 BqL94gqhTqfkH9J65jpzy7w6RT1SLUmsssKPKfQ7a0q3ZqD95PD6K8xhuboB
2020-10-22T05:46:09.549340228Z 417 i6BdqLvUeWgr597DBRjgCP4DecjN5sAKClP4BvlDXnttdIXj2eJk1iRQ7B47
2020-10-22T05:46:09.560822155Z 418 zfVAWQ5VxvuTMVBdDCfTFq1ZGlvQ3Pdr9bnwvNs3iN7fDRfarZUYvPJ8wbgt
2020-10-22T05:46:09.572390524Z 419 geIdcWk8z59MfYUcIkvaUBXP2DO3VN0X8lMK7fbYG21czDXqoEYIokXKSBfr
2020-10-22T05:46:09.583950766Z 420 am950r1OdbxU11rcynqYqHkQ4u4cS7KqiPmObdf1k8FNVPRpWr2sIhFAl0eO
2020-10-22T05:46:09.595933556Z 421 6f3oUS9u1ceXk1OGR7ZFLY4ZeD4cpzPGct9xcVxa0bxgMZQsmKUChR3L4b0z
2020-10-22T05:46:09.608372788Z 422 OJebCXPcJaUi9ItSsGC1gGKARTontivzQawMjgQ2OvkOjjhxnAVvvlxKlVOt
2020-10-22T05:46:09.619473286Z 423 UunKFCjuKSrWz2FenQYWoIQ5vbo4erN5PCcMDsHrhOkYneYGH9V5qyG4NjfR
2020-10-22T05:46:09.629842311Z 424 0rjX1iku0psIHkMQMtbPHGFvX25tT1Vso6PduZ4sNEhsVGnBlT8flikw8HKJ
2020-10-22T05:46:09.641203729Z 425 iLQuXbhWsCuLMYQeNrkOFluvujQp9LQE4ALAbAukvD0c4l6WXJ0zxhHk6trC
2020-10-22T05:46:09.652497855Z 426 3u3tWfUF6dYhONvEuYiMKogoNRVioW2BHelsaUcxPqNaewOO5rnp3ePfmK0L
2020-10-22T05:46:09.664023305Z 427 bEyNY2NVzkkjXmcMdZCcWQmjplCqWKsoFqLhBqvR4dot0RdhwcKLMXzA5wiw
2020-10-22T05:46:09.675385887Z 428 Rv2fO5yJEYWVtl54kG4KejIOuD590Sjh2JeEscqbOAZpB3lkXuWwuN90ufYW
2020-10-22T05:46:09.686991191Z 429 ngY5K2dxhrNVBXCo4iy8HtVaEvTDyCJuJMYY4MuU1yJvU1RCmtGTE3cTOTOH
2020-10-22T05:46:09.698587576Z 430 GY3oBBVZo7YrOYbrwKLnzhGRfa76059OyajHDdd2mxtPgj14TfZGxQyiBVq6
2020-10-22T05:46:09.709562972Z 431 oMcIHlflomqCUNtk801mmeja3ybgcmX5XRf2zTW1b7SzTDOLBjfKGQP7FRAe
2020-10-22T05:46:09.720401494Z 432 EAEe099y1dWpNCSzhguw9JiOlDrk0owAkk1u2ZLFuCAhBA4WGAsxuizQF5O8
2020-10-22T05:46:09.731095891Z 433 CmpE316P5RMoci7nrLa69pL7lgCD7uZsid3RZItAAo5NtY5Ln7IqkRwx5SlR
2020-10-22T05:46:09.741960365Z 434 7cNFPOq3099JGi99Itcyx7PvYxgnAeFmEkwdScihRzfOewqYbLSRNlylslat
2020-10-22T05:46:09.753143325Z 435 Wwx6pHJcrZzbO7ECfAODpsSKAySIDXgHcZUCCRNJ18n06Raxd9F2kH7CuJYC
2020-10-22T05:46:09.765947782Z 436 U0kImcsqYqSRSfYihatkBRnrWMjGVxkLQkXMPaKaK0tBwIkjrbCoDXGSdQFo
2020-10-22T05:46:09.776859960Z 437 SHd09asqJweyrNJtmd3glSX8Tt9MsWR5NT5lkoysLWaCveU9Y2naA7WbpGCb
2020-10-22T05:46:09.788431189Z 438 IvhCQcGaOjbux9rZsKzDGbzfHYQTUCWhrNcsiJpi4ioiuPyzpbP6HF2QkemG
2020-10-22T05:46:09.799017999Z 439 TLHsRmKFmRiSzweLTxDRFm7UtuNUEY3yRWYvB6P1YxuZNexkjaIVKKo3auGx
2020-10-22T05:46:09.809891985Z 440 wDvjUkqFLEjzGokZtJZrlAvE561OPdLWperdDrNFSQeVtUw7RCYGbNhI8L5V
2020-10-22T05:46:09.821043794Z 441 Rs0wdfI7U2LSiMFtkQpUmQ13w3Qav8uA05mkAiHTDZSvcLejVlQMMgXTJdJ6
2020-10-22T05:46:09.832514493Z 442 B3aAFMB0Rwo22qfSX2cTnqSZDQylOxVtRNERMfxF8HmAbRGs37EUjMtUvICH
2020-10-22T05:46:09.843918242Z 443 U7Mzwa7PiMdyoM01S2fh49uomi2FWQZM63dCnA1cuHJ2SpBIueoNW9aVEtuj
2020-10-22T05:46:09.855872894Z 444 kj8Qcw1ehxCqkfnLC67nQ154LtJthTmdUXakbkg2lDi54oKZb3e8LpuXFGvK
2020-10-22T05:46:09.867818462Z 445 pIz044u9XoS08aLotbMRjdHrRaGZg7j0imo2LRw0qwJ7EPwxijRJhBg2BzBT
2020-10-22T05:46:09.879767703Z 446 tdDb3shgdrPqxycXui2ysO6GovekvrMxeGsj0j89QIQ9JO75VFBF8AodCC3q
2020-10-22T05:46:09.891397129Z 447 BjDuAre7vvkWvEZ8xnHmIYvoXDdZTSHkvsTC02D1flLXbfjn4lpbgaBcUoeV
2020-10-22T05:46:09.902302171Z 448 3PQhabbkO3wxVwyKRML4KDnozjIvgmGHDg1nlhctTT4nUUA6qjXjWhB1NLTP
2020-10-22T05:46:09.913325869Z 449 nVrYfPfxInB8BTQt2k6F6LdIBUYVUSJQrtr52T70I3Puwz3WWQgmkwMHi12Y
2020-10-22T05:46:09.924198236Z 450 ddjdrrOXhRN3MPjs1foDxXfqqeFcBSWyQZjzOJnutKNfn7Ix87XwSh2rvxi2
2020-10-22T05:46:09.935190862Z 451 gC5oudk2Z5UTd0hyhjYxcYZ6MARlQljvaDcZqfUMej5JEZWefLMGahPTSjeR
2020-10-22T05:46:09.945964184Z 452 pIBM8xqDovSsxjm8M6zNF4UbUTWZ4IX8qtsjfS4QDn0Sk7nWa7RxH7PuVT5c
2020-10-22T05:46:09.957490239Z 453 D1z7nQvGEI8GBDjCzNXGdvWKrxxADhb7YKpCHkOCjog6aMughbPzLiyGptz4
2020-10-22T05:46:09.968312346Z 454 7OwwTG7LRoTtAfO2NwIgyEjw2nRzplPCR9NdQUZmqPP0xNr1ZMWMoUllrNlx
2020-10-22T05:46:09.979148669Z 455 xpMrM6vcZMQjyjy1O0N6c6y6jqpyc2vPUVZJgzcbjLOOkLUEoIhVS5LCxI4z
2020-10-22T05:46:09.989958178Z 456 nO5JbGZJaiDv1jI3b1EclQp34LTxwwq0KZ479e6jvWAQp50THkBKBqQ267NZ
2020-10-22T05:46:10.001824274Z 457 ZDSl0655BdkllXyqW8wGd56R41vM0mg4FufibqsjX5XWEtaE4ubJaHxRPt0g
2020-10-22T05:46:10.013722201Z 458 bMJSibZQACkaca0UJFFsh50f0P1gnDETcPtwWYgtxSO3qOBwddZmcTglal95
2020-10-22T05:46:10.025659212Z 459 jcOJz4W1404SqGxFGSBIN4GVCsI8z7xCkBpqauZSahS8fpKSOtnqcrCSg693
2020-10-22T05:46:10.037613168Z 460 owHvW5CC2HF0rBYxVr7UJf1a4faJlGh6a1CNPvl077uwTHww6cz5jM5W3rgX
2020-10-22T05:46:10.048516598Z 461 lkZcIYpJSs0n7fqlIW32LIptCXVnqlKEjmjEzWNYvdlZq3hI8GZgp7ef7Wzn
2020-10-22T05:46:10.059208112Z 462 VURoBQaDcq5LnSmkmEvJofc794FVI8YdkuAFDFCeXapyrRt2C96HfU5szt4u
2020-10-22T05:46:10.070477499Z 463 d6Fl7HsABT4xDBFTAz3FB0c0bR21i54IrgDKnrKeUlOT6YyuRH6wRkMEw4Xm
2020-10-22T05:46:10.081097031Z 464 IvlvyfuMUw2fMpycQWmROKu0zMX43NpJvLGCHmedbC1bY94ub1dvwfRH8awO
2020-10-22T05:46:10.092707244Z 465 MXLbY3ITcb18NvQayfGuetBUxq3AwolLH2us14uXuMkmeb0LxXt4BdHTzviu
2020-10-22T05:46:10.103198516Z 466 t6Ojs5pYVZTeXkrbRMqbPIwqTiGf207axLsGE10NYfuSCDgGKlny44xBCHUN
2020-10-22T05:46:10.114265143Z 467 fc07hTUfwSXOs3e7aUgiUR8JtjkdIcaaxGxlqbTis5lNCC1FSVHcV4nkJEQs
2020-10-22T05:46:10.126044134Z 468 uUyxiao84JPmwoV2hhqmjMB9ThoDYhEkjbBVsg8LXOuSFQjUAY3fvAIXrThq
2020-10-22T05:46:10.144874826Z 469 XS6rbeQQ1Tsc6NF2lhJsGiXX2OfqKQDM9nbzMTYX7q2MTzG59ZtDpWsYTvJD
2020-10-22T05:46:10.154812000Z 470 PfFOINLybF99y6cvfmyAoxWUb6Dw5w6RzjKexfLQ1I822fvjNrDV7jM5MNhi
2020-10-22T05:46:10.166575959Z 471 sXQo99CBaRc4TxEy4lJnTzGeBqleddGieu0jGCOengrtCDXkQDv3ARIIf4Cf
2020-10-22T05:46:10.177634848Z 472 Y3RmS1bjDku732ivyBkafbKYOft68JmyeZW7rMEuC5nd3a3pz73NYQIV8Hl4
2020-10-22T05:46:10.188126722Z 473 aUtNxaxXFn9UqXnMfuSIINgArA1OzP9j2MUEojOdXALpDu4MZvQmtBhvRPUP
2020-10-22T05:46:10.199756508Z 474 xJhuwJdQuR1uYhUQpKaEGVXaHWWDg2Vgqo6zb5CQug0jWScoXHnxBtzTbyOf
2020-10-22T05:46:10.210207703Z 475 wgxyYvLpmpe2UVGvGLgi0lZeMVln50V8BHeRsU38L3hwbYtCHGg6TRtnclhX
2020-10-22T05:46:10.221254587Z 476 pFTLVPeqX2TdxN5QBU1DINo4lNRjsk2MOQhTwvMjL1BohgSQD3bXyqLq5cV4
2020-10-22T05:46:10.232359091Z 477 OxbypIR7fWMa3UunN0FqwtqsUqChgeHvjD55sedOoKj1k1PyqZPyiQqaVEIv
2020-10-22T05:46:10.243753449Z 478 HkSdj3jAxI81wXYUvq0LXOkTAKP4qoDDImsvRY9i324Lk4XsGJjnU8jReixp
2020-10-22T05:46:10.255361865Z 479 M8iVFMlEmGfcsabY81WcfWTWL1xuoFWxsF5JTZlml029jMUZzjkTLbm9PGH9
2020-10-22T05:46:10.266212040Z 480 S2U9jvad4yVkEMGSz5RPhLtBjjgyq5ipPX4rEP8wO7gqnEQWYQPV5sFxT9Kf
2020-10-22T05:46:10.277630558Z 481 Sm82QQ49qRHdXNBvKfgz8F0w5LCI6eW7sDquVuBs7EAmHwvM3JRqL5dlvu7K
2020-10-22T05:46:10.289805086Z 482 xLjuf93zrMD0UCbQRutL266D9yn8SQhGtE9IZRcufLuyXUHnQCIJgSNsTPrZ
2020-10-22T05:46:10.301045786Z 483 gkzILk2Y7GZAUDDgUBy0IkrtHEH18zk3ACt4xtRLHKuTaPg2cxrQarWpwvi3
2020-10-22T05:46:10.312430484Z 484 6WiakHlSZctAhZo3HKPDit5m3k1kuXjf1pxq4J9p2I0qs6QzGc878ctKSU2T
2020-10-22T05:46:10.324380017Z 485 8kPzu45LxcqC9Zw1KfnCnFmYIoLR40zX7LpcMD6XCFQnfMzQ0VXx85nNeONN
2020-10-22T05:46:10.335302174Z 486 53a6b3YYbzx1j50uoEws70RVrHhNViMPIDF1f84UzFItFHkVHm5J7h3qsfsk
2020-10-22T05:46:10.346589286Z 487 IMEaLCabgCFvzpeBPHuoL9wYpPYg6MWABVSCPHRvvcSUWI6cTXWvyJfcF0YS
2020-10-22T05:46:10.356919785Z 488 Vf0KX1Bql4vJWZ2WoFvLK82qKxKzFxr2aIEVHWsLerrsU9JgaNCBmpiGDHtX
2020-10-22T05:46:10.368349395Z 489 znmFURuvTxG7h62vT1JWVc9scVMMYzcGBmimbXjeSIDdD4CfPM7VYsM2EpI3
2020-10-22T05:46:10.379689251Z 490 AL14TJbjhseMnKStzwJAa3jZfLWynLHmBJECuEzFgAztXLrNPkNKBpJGWTwV
2020-10-22T05:46:10.390515869Z 491 wqZGy34M46m3Wde4MgbFjvemJEcbtBiN4CM4izASdXsnVV4Nt6v870XMM2np
2020-10-22T05:46:10.401925234Z 492 xshsPJNVmTWU2HgfgZWibgS3hB8yJWBOs8DUGj26wBhuKAP7lkv8ZEDR3Sc8
2020-10-22T05:46:10.413558198Z 493 DWAMyOYlaRO8zqJjF8CNakbkwc8JpEfvWh5XmFRc2RomXWx81MTZBsKCE4hs
2020-10-22T05:46:10.424299240Z 494 zMo26nPCR6YSEGBDO4H3ULS1fOpMGjnHzFObjCPJe7UDakoKJsUOgFzTvoYF
2020-10-22T05:46:10.434936312Z 495 COndwFnHUk4Fw0iMcMmJoHILuzDQYd3K3zrBKdHYu84ymH6Zf8rxviIcG9kJ
2020-10-22T05:46:10.446478941Z 496 VmMNXQhgNytxeKHhNgKQgUT0qBDt1Cu15xzkkP23uEshLjbBowK6CQEftYmi
2020-10-22T05:46:10.457445211Z 497 HA8CdWwd2BeAPHcrpLdhj0pIktdF8TtkVlyMItxQtpUXmTmV9Gn0xuf7wN3C
2020-10-22T05:46:10.469298535Z 498 qG5GSd8IMU0X2DOcGmNlE8Lf4jpWryBtusOKCbfXlWOWhT9pHaHIs3ku55jP
2020-10-22T05:46:10.479289648Z 499 e1XqUoQL6rzS9DM4AtG4YXYpjqFYMYey2kXegIi9YLv4wUFSqFFjELiGXvoA
2020-10-22T05:46:10.490539334Z 500 hx2bk4mnIA9TXOWwNrhoGACqdERXQHLV2yfLuCYigAzLm3LYAnDaDhd55dgK
2020-10-22T05:46:10.500940439Z 501 J0G5bq41Yi559colmNxLUy4qdaWj0NCVFqh9UZjIgxipQe3zELrTV4rOUlj5
2020-10-22T05:46:10.512600645Z 502 VUD0k05eg4UWSICdqrak8udtK099WDLbr4UFrjISuGQQBDIPylqxu2HZSoI8
2020-10-22T05:46:10.522915530Z 503 HoPy61pTPZ2rb2CBVAG69N0A50mKiOoeYK6hIFxtIf6rwxKZTudzyo6Vaim6
2020-10-22T05:46:10.534762023Z 504 fxR31GRWn1U9uqhA0GRd6WZFJXjRpdFmiuwQ0tED8Y6OtPaVVoVHFnJKkxIm
2020-10-22T05:46:10.546159598Z 505 KpJAyIUbX5xKmhBeYgVxehENBJ5X7TySgueyAXzs27MYQFvoEiKZTOvJjW25
2020-10-22T05:46:10.556871182Z 506 HiyBeuJCUzJWBsFfHDNoPXHcQTUMaRopwI4v84SPgW6iM5nke7C1nvthK1ff
2020-10-22T05:46:10.568614569Z 507 lK4QnJIutMUDNhZmizWW6y81TNUla0nciFOydH7aJg8CJAXPNfDJTpJJQ0JE
2020-10-22T05:46:10.579327100Z 508 NfigWSWMLAHqaGl0AQVMwDeuaRpKedCVxTMHh7jB1GATFzESaK2UO7WIg4wA
2020-10-22T05:46:10.590791501Z 509 cdMzuupZW41xMn3cc2tF4QeuEtd5e10rAdxB2U66e1Jx2HVlygDQL3j6sW2l
2020-10-22T05:46:10.601090452Z 510 E2fkSz7UewNGyGzNhcP4B5vaY3coniUqs134mBN8RIu0DGHt9j4Mrv2kgIWR
2020-10-22T05:46:10.612563481Z 511 OZyFhOuQDHGC4BcThA2SRkgoZNBsh25HGNH1I6JS4dvhm4vjZMpvEoi7zIeb
2020-10-22T05:46:10.623616447Z 512 7mjBYmo3oF2dn4pwizHkbDPx5t3w0TxDokccVIYvSttJBMRlbbkDjWaCLC8w
2020-10-22T05:46:10.635233133Z 513 Qeu2oErECyX2jtur3GST7osFjkY23leflKVetbiWAwvvXoKjQAFd5kIYvjwe
2020-10-22T05:46:10.645808594Z 514 b8pP2mH1gxAHaKurBSH8zQk5WJIhbFk6D6MXyl4Zhza9TZN8gj6lh9WLKG4I
2020-10-22T05:46:10.657365335Z 515 gt87ncwxQE0ZuJIvqLWl5p5698tKy4zUCPYFh0mb5C59H7YJw6eF96lJwyE5
2020-10-22T05:46:10.669176912Z 516 oTsaw3V5WhW0nTu9e5D3aZMnVvimsHrXLE0sjey30lLDZ1LsfDjRZmTb3ooK
2020-10-22T05:46:10.680234807Z 517 KNO7b1iSUfO2BNQYnUWkJdOc7NcbLHhmrg6P5GQhP0pDmroFlF6rudKptvxi
2020-10-22T05:46:10.691496029Z 518 CeK80GeLqXxodGgz8L85RoxQ5qxzyJeZmeDIKMYooTvSVc8AJWm3pBu8Z2O2
2020-10-22T05:46:10.702807266Z 519 YQ6LLwj6DlbciWBCo4ZeHkHFoO0vMnrSf7eYeOBF9LMZzdUtawSNhrea9bn9
2020-10-22T05:46:10.714504823Z 520 NfAsxrCJFEzDQiINlea4ye4Ur4umqq4klJcWH8ncNuV0uUdqNsxmOIyzwPhu
2020-10-22T05:46:10.726045225Z 521 0ZpCY8xDzXB55RJwl3rJQSK02L7C6Mf00DjezFE2PjslZ3sAt2iV95TwjMQZ
2020-10-22T05:46:10.737578905Z 522 QYfYDN9V9WpbJfZh4Pe6UaCwGEPaE2wyATyb5HtkHG0mJo78w0JePG56Wg7D
2020-10-22T05:46:10.748357545Z 523 pjfBusssDJR29k3SvuBJZmPPsy0SyEIadLlb0fTLdP3lfip1yiRBKXPpxhP0
2020-10-22T05:46:10.759717427Z 524 3UtCszP2XYe3mHvwTSdug3ZhnQu19TO77XKTOmvJYXWV9Jmv41LvZLCBhEVD
2020-10-22T05:46:10.771685391Z 525 TCtKMfsNl6THgsl2RNa5H8SCLiS1xD1FPcHsbUdQnfK1XJig39jtsNlkqyXU
2020-10-22T05:46:10.782345571Z 526 7qGdcpPAG6UrhkeYjRjWUE5xrQbszNneclU24umak1Ffm4NzTKt7Z5Rz0tni
2020-10-22T05:46:10.793290132Z 527 VFVoe63TnaKSfVIppAUQR4NEwJfAqa48D2k6NiYp2KL7wDa6DIBhSHUIkdZS
2020-10-22T05:46:10.804351766Z 528 r7BSCx7jHpqYHGMdq9WZIUVpSvnGoxVu76rMKes3DbdxpoOWenzpqxJcUXoh
2020-10-22T05:46:10.814986202Z 529 LN4IXVbmzNJ34AQYwRsK2pDnnYNrb2p5onqluJhT5Bb1B4RpVXbapFsPHDyp
2020-10-22T05:46:10.826694656Z 530 OgSIej45QCg0kNAg8eTJrp0Kl7vZIcKsuF6fLnJ8NFcltCGk0qaiYC221dqP
2020-10-22T05:46:10.837399003Z 531 HsFj2XOkjr3tvDgpnSoUi9ntrlS9EY3sIXITXi5af85SMTG531QkdxkehbYw
2020-10-22T05:46:10.848461011Z 532 zhmqb81hF1SeEuwFd3NVjjT6yRKQYPwGt1NXpw4uIw2iMttLtfi9sTCPqb4n
2020-10-22T05:46:10.859671456Z 533 SQEBfVdfusxdbikqkvVipmQvd44t20t96S4ReXwKCW1Oa7XhG9B1jtnfJai7
2020-10-22T05:46:10.870191905Z 534 7w4Dgfj1vx4WdWDapu5WRGPHmZ1kjR1I7pZCxWVZQsBmEcwUzvLiNrOuPBwK
2020-10-22T05:46:10.880939551Z 535 45kxRkn40hNubs2ncSwLJmAFgWy55ZZsEufL5ZVt0roDzaMJ9lOeKgKIDMUU
2020-10-22T05:46:10.892457561Z 536 Etv1Mv19jZVbIKVXpaL2uVbFS2u7OTB2kASkzAuSOZIMWjdXP6DgXNWn5X9Q
2020-10-22T05:46:10.903934618Z 537 VbUHMsy3XzNVsWIPtGMpnnrqFj6ESBId06haLSy1h3uUroKy4Bok5zCNzyVs
2020-10-22T05:46:10.915792301Z 538 tpQRNlX1j1wO0JmNuWLGCJ4U7bvwgrWCBIQTmCpMCwsHP91fWJiC1oJQgoc9
2020-10-22T05:46:10.927726558Z 539 XSxGILzNqe021KPJtLUNhCz11jt1KBFE8hSnU4vS8HxneYQYVXMllqno35Xo
2020-10-22T05:46:10.938011923Z 540 DbwHnK0Vzpw9gmYVx1DoJWcxXekRTnV12JASlkIRKe1P7hz9RImQjNIjKXrl
2020-10-22T05:46:10.949309504Z 541 z8W3zhPJ6UsTL1IXZhTDU7DgToNtxHOOeXQ0Rhph9USNDb7KFbcCuOTWQH2e
2020-10-22T05:46:10.960466687Z 542 OL5FhB0J2fkDYQAWpI08ZZyYIODagGKIhzBVb4RNna8KBbZlfkTGHj844Oim
2020-10-22T05:46:10.971788665Z 543 KPzOBzyZUwFc5sdXAxXBaWv9bPxW6ICNepAW8uEsTkCkgTD63lzPtJNosi3P
2020-10-22T05:46:10.983719876Z 544 4XFVvwFYzoRN1hAUSAwEK1BzC8zaAJUtL4PyTyyzxTMLnNS7gcVNCFqx3q9g
2020-10-22T05:46:10.995125938Z 545 z6MilnxD9lLOJBEXf1tb6zvlYlni4us9NMubLYcTbZNN0xb1E5IsYHdPyCxY
2020-10-22T05:46:11.005863273Z 546 0BQScVGs6tOArTDzP1xc0P5iLyNWOVjEChVIsIMKG4npGfAl456RYLKdUs3Z
2020-10-22T05:46:11.017392873Z 547 nnwQyLqga6uMDRZGpl7xC61tvktDpR26mS4lxqNu5ywLdozGiWeCZ8TbTZz5
2020-10-22T05:46:11.028577413Z 548 vnHe5Hnmjvtll4gl04JOaCVJccqB66cMiknb1DL216HWIpTgG2y2XYJpvSYC
2020-10-22T05:46:11.039652472Z 549 pfJK1w27qhPoQVI5jhqqF7yKsjSJW3GUu9BJUb9mAAPfvkP2wn2uon1Gbshc
2020-10-22T05:46:11.050816221Z 550 Gb6qWM4y8ABFYROciqXfcuJt7R4jQ55WKkBo1JOFa020tccq5VJ84153UWah
2020-10-22T05:46:11.062378995Z 551 eWcc94EJNOUR5wj8sfguEPHnwEBEE3mo5PL9VIIqXix4xUuzsHIIbXhvoOGF
2020-10-22T05:46:11.073661942Z 552 QKcP2eyju4p9PkbEb4PAU8UMjenZXL1NO24BzegpBeuJcGhMOjoHJ4MFiGg2
2020-10-22T05:46:11.085870869Z 553 mb0AVgLYZ3v6mcgoUDgdEivlAr6Q2dxQd3f2gnJ7qF8Hu7JA0ZFE3zmelv9w
2020-10-22T05:46:11.097748532Z 554 aKSeetMBMmBXOhTSJHtZqEZLrnO58bhLwW6KuXlYDUlCmkFFbIwqpjLKezIj
2020-10-22T05:46:11.109826959Z 555 Y0AMN3JZ4vqEEBiH6uQLPrPkRHSvkmiJjNwqm0ZlHWcd0lunG0V6bbPpzQvI
2020-10-22T05:46:11.121132924Z 556 xlbZqstbFHHm3ewbMDTF7cjb72ILR1DJJDc5v5eXCfy19kqQAc1h5dG28PZ4
2020-10-22T05:46:11.132414394Z 557 IfHQQTVyiKaYbwMzNgBMn7qFoLrfqM2ecZ5OHi8oM2AZ7uUlAUspBpPAKjCO
2020-10-22T05:46:11.143081252Z 558 vldfRo6GM6XzJB7xUgW0xIEYlhxRajjxSj1S2pK4uLpijrSa65U09z53XV6A
2020-10-22T05:46:11.154476498Z 559 8RZJ5BxatsLNyfuNUPyNITbEiKMgeOpUZB3yHMMEeYti7qUY3RI2OZEkzTTQ
2020-10-22T05:46:11.164998052Z 560 cOjjHUeENXMVd9lNpfiG1cHrJnuvbeHizBtkgj56G7zBnUmLdKgVngA4qolY
2020-10-22T05:46:11.176674039Z 561 WT4f28CWbwnXJaUMB3F8Vo7kc2ZQTV8GvXGLoTR7MpppPTeIDIa3OKd8HcYO
2020-10-22T05:46:11.187586006Z 562 XzgBAItONH8jD2zrSKzekrypD2wqrusrCYuK9iQLCGuH8uvu7MdKt0uOZh7Y
2020-10-22T05:46:11.198528714Z 563 5DTLoad3c4QrVrXCJK001SGlRbMat9qPbVuzGmW9Zt2pGyBaOGvNwHvTaCmO
2020-10-22T05:46:11.209661915Z 564 g5TyPD9rgP0BQzibnenHXynTOQIcI8DEOZKNGUvwRsdEg5IU7KsiFwlk6fnm
2020-10-22T05:46:11.221640462Z 565 dRT7QpjmG31pIhwhD4KgyNBkI5NRQuIPOZRq1FkT79cYythXwyl5whnMEBZW
2020-10-22T05:46:11.233444598Z 566 WakiBg2hB0YdWoSBxEaQKp9d7DJoyRNafCkiEBF438C1p3GONUPyToCWWf8J
2020-10-22T05:46:11.243925137Z 567 BYqG5n2TMjX0gWNykJt2gS2uJAbVsOPhhTYnHFKbjnOb89rjFFrnSYZirup9
2020-10-22T05:46:11.255695742Z 568 8yo83blSWLBVZowGOj6ctOI637ecgulpLD2OPQjojfWowm1PJsxiwyavW1LY
2020-10-22T05:46:11.267842731Z 569 Ul1G3sGw714Fc271lFrLRrYS8h3TX1NSqXAv3syAakpTHucL8tYIflRHv9AT
2020-10-22T05:46:11.279163227Z 570 GdBjdKlcXvWNW3jvnif0oCuw0A1cjmhqlgY46lKHstxhotWpd3eXC2Glwi3q
2020-10-22T05:46:11.290299875Z 571 TogYp0vcjwpUWHBeCV6kfbiHBiWcE3VXiqDHCAl1HDQcN7Jr4x3rn91R3YzX
2020-10-22T05:46:11.301620632Z 572 nfBs8pNOA7js34xrqp0KZOHRkGpP7atno8JRIBCqjlcTNogiFnifuZTN6vWu
2020-10-22T05:46:11.312427390Z 573 lOih9AHTrSRbjHXbWHGqspwb2hWDLl2BzNDATWgAtwqYa2BVOHlabJNrji6L
2020-10-22T05:46:11.323243284Z 574 6vfsebOZc3QQojQrkjS3v0Eye6JbrD563huMqrXchoaDM69nZMINa5aiW4bn
2020-10-22T05:46:11.334121095Z 575 zK1qsHSbgrl96wJcYE7hhNZYL0dsLtvfy40kldzrO9qyy3M2e0p04cL8XIT1
2020-10-22T05:46:11.345408022Z 576 xfsX7s0tnV4wdimII4utCxCBQ55JAqXFu0QIG52Qls9Zg8OHwHx942fzTMpM
2020-10-22T05:46:11.356552102Z 577 0dp7xbzeuJT9qeewpVBV8bcpya9HcFYohoYbv2zhaHrfm8ZDAlUzUdMoEcY3
2020-10-22T05:46:11.366980174Z 578 v2JmjbMKa25dPej4AfhT7sozoWlh6Tvv4InlOdqnwwWHidWlG1Eoa8FIKl9y
2020-10-22T05:46:11.378509710Z 579 froexApllMzwzuOyuuHm2caj6p4nFQiQJe4LjTDaAWRG3E14iflvwHWrwwvJ
2020-10-22T05:46:11.388975335Z 580 TITEErXmRcZFhRnhU8XQXVrIQ9px3i96VYEgYrnLahmP86QUzOuBVAVv2dz4
2020-10-22T05:46:11.400581815Z 581 sxvp2zwHd7J0jnH5O5WHOdZNJAAQ5Dx7Zh40hO4zmjePn0VXgTA1CokdwMMK
2020-10-22T05:46:11.410936075Z 582 58MEZe0TnfjqUOeKK6keczA6D7Gutn0keeqd1Z5v16WxDUuIgWEVgN5MkUIm
2020-10-22T05:46:11.422226876Z 583 aStVeyZ5fl5FMSCps6I3NPdR5bQ44JvPQCAonyphcJ8TM3o1kXit22brqdHV
2020-10-22T05:46:11.433628733Z 584 1ynWYDydHjfdE7spdSEWxrj38PKmNVXLmbI6fSqP0jajdoUnU1paQ0HYoWfw
2020-10-22T05:46:11.444509044Z 585 18AGCq2oM8uOkHz2uCd7Ehb1grBfeX5dyuOA9eIMUXkhngLwo74lvY29oUQl
2020-10-22T05:46:11.455048292Z 586 hCTMu6nil9nVZIZNfxXnXPFH1sT4OHjtgDMAcJVa74yCZjl6AbF20aTswIrY
2020-10-22T05:46:11.466861593Z 587 L6L6ob0k1FySJfUPmFdLZDuiE0k1KiCFSJwNDrRdKTnpHxshhZ2pYts02Nkm
2020-10-22T05:46:11.478838355Z 588 SczH9L5VTOJR6LvAvvS02RJQKW9qhk7meMGdwudO2zEkYwzRXEJ63T4rn3Oq
2020-10-22T05:46:11.490138465Z 589 M5gmUT1XqVGGOc3MI5YbpGXy6ppjLDrRflfkd9rsmYZ63nSb41YChoueyZY9
2020-10-22T05:46:11.501512777Z 590 oM7Z3cwYD60N6rj69ugLxVGoIiM97DzVTMwDsPlxtpKQ77NtbJdJSseF0Luq
2020-10-22T05:46:11.512489351Z 591 1Gn0M1lMuMMWf1ZjjfDXgfJPkgl1bpkaKm3wF4a5qTdl87g1ZMn0JvZi0Lj3
2020-10-22T05:46:11.523097664Z 592 sMlCGsM6cAeZb5573kXRIzNb4RBqSZhNX3nI7Esonq0wPpOumod8XbZCJXJI
2020-10-22T05:46:11.534729731Z 593 lGLs1fwUuS9vuQ1lnjQ4UpTQoRjY4dCZUy13CNhSUbfLxWOv2HBQarWGCgVN
2020-10-22T05:46:11.546249463Z 594 qu0Xjmpa2zkVIP31vuVJQ95mhSV5w0JFFyPy45vTf1gTR50bZlo3aGKzGmd0
2020-10-22T05:46:11.557640936Z 595 1cktoT2TLNffkO0TmsBoE8bDrogUQsgWXwiNNpuHTwacXNQ89QtUFYqLDusV
2020-10-22T05:46:11.568735688Z 596 obxf9IidFrT3Ln789ssaZAUBXp91LSKfgRmElYvvMPd63ccBSjer34kLLwci
2020-10-22T05:46:11.579725051Z 597 9Gya7u9edx6bxNgw0agrw6rmXX4phGg5S8JIgF4jMVYTxjX911eqfoO82glm
2020-10-22T05:46:11.590406982Z 598 PugEKITRchUDxZwUB6JZhBBs5vO0Rf4Uph6R9ihW8hplh1MMrqNEW1HizLkR
2020-10-22T05:46:11.601137556Z 599 x3aY7fK6aaM2rZ6ZjlCEvsXu7QxWZmldgNX1IGTxSIkxXVvZQXz70frwICJe
2020-10-22T05:46:11.612530845Z 600 z7vV5wm3UaYfD4bQfkbCxwQgCt65t3p57iIvgbV1lCHeIdoBDfZ9hxHjEGfR
2020-10-22T05:46:11.623871290Z 601 bW1CCikusPwgTyEynrGqgNbE7gbIJt1tofuAu0hEssg9vA7GQVCU5h0zS6jA
2020-10-22T05:46:11.635458655Z 602 Ou3zUYX0EJWL0joeHnnQtlLqhXjeKr1sx6doZXUZOw8hyfIJQSMGI0ij9PUd
2020-10-22T05:46:11.646666055Z 603 EhGJJfZZacACiRBlIMjnvRHcbcQ1Ymq6lr1fzDHbfAUQsvGIJSDAA4gQQIpJ
2020-10-22T05:46:11.657603855Z 604 H6LtHM0RFGWCCPP9sdk7keiOGx7r3ZWjsAICGnrw9dlIxxYxq86aBODU44Gx
2020-10-22T05:46:11.668401725Z 605 IzRiWV9xkgGvCOYPdMpI9pJRBG5XROiAP4cM9QJ0N7Xwjb6TwfFziGV3mwXG
2020-10-22T05:46:11.679179771Z 606 hXFWK4NS8vsZEC7ruo00VBVb75cotkD5Gs8rtnYQtrDLWKUPaddXc4bD5y5M
2020-10-22T05:46:11.690726575Z 607 xehW2gPlv8X69uGpt7HysROXOkLxP9pZe7t3RLcdZyc0CKOcRX9ddkdrub49
2020-10-22T05:46:11.701754484Z 608 gWuZve3xSZLIdxqhPACRNuHe0Y7p9z0HIBUxY26moNfYJIt5uRdurPO1lG8F
2020-10-22T05:46:11.712736632Z 609 r7v4F8hNPxwA0z6sHO9LkStjmln3dOljBB98ARWvYJptZiqAyc5nMYtvSGrh
2020-10-22T05:46:11.724710288Z 610 vntCXMrBZ8q59lw1ftb7uTy1qtlGrcL4Elv4ZgaIPP5ujHu1maMX2GJr6DBr
2020-10-22T05:46:11.737133344Z 611 TERy25fKeDWyj7ip3g3oixK5UCxgGJ3WAN2hq26MyRZdDIOxm8fFeIiJjfTt
2020-10-22T05:46:11.748648921Z 612 UldhORrlwegcMHK5gylNnHLYiADkEXTXho7KET24w0fJLfWMGELAjvo2QHUi
2020-10-22T05:46:11.759534212Z 613 O4gyjotXNKpIICZS9d6elppk9B1OwcdjDznGaxaEQ9ltsPL7sc7Rog9E1loY
2020-10-22T05:46:11.770806567Z 614 AklnUTpQoPq7G6RJ8GlKqCAHgD0IGeLJDTwwKulzmw6g1g2lPNbhQYGV4TTz
2020-10-22T05:46:11.781160033Z 615 cq4d8CMfOEXk87WfB4UiOJmRuTaRjBmStfTX9Z5DEj7qTroUYl1hpIp2p9kS
2020-10-22T05:46:11.792177880Z 616 mglcKvB44da9KWCm8HrL70vsEd2Q9MZWGz61YpFD2RYMkCRlTf52ROycwMfY
2020-10-22T05:46:11.803091045Z 617 qlTywnUAOJtFWsCGY5bEBYjdCqlBokopVvwMdv5rzO8ys01EEEtu0cu24FVf
2020-10-22T05:46:11.814585634Z 618 EMYcLJPNWGDlqV0v9RLoa7iIuY2qwhi6EbKfxOWiZMlxajVB1ZvrAmMSLbBX
2020-10-22T05:46:11.826020148Z 619 5CBYb7RgztMWRZZyEs7SUNbDweqa5QFVAr7xOvTljtn2Ll5DGOPLKo03IkJD
2020-10-22T05:46:11.838036346Z 620 uRXKnZDkJQUj33D1gjubgI0qRmHDdWcDPvWxWlCpMn9nqXUXwMa7YgANpSgu
2020-10-22T05:46:11.850074875Z 621 QkZLgRYmuRfYk4B34Un1PsVdpy24rU43xuJuirfpMzTiyF7i1RFIcQe49ewr
2020-10-22T05:46:11.861175563Z 622 LlvnIF4UhiV3mU91oXUzBQ42wvUVeJRpBRoKuO2JYgsVcgQ9clsU8Us2qH1f
2020-10-22T05:46:11.872731621Z 623 h5toRZ8u6NHOLat0GqU1KFG1jhTruWbZQ0QUqt3CSzK6dPDeTKoXqa5Pe24l
2020-10-22T05:46:11.884156794Z 624 G07JGLFTgmThC1F3Afg8kVV7fAQ5V98uTBWjfkChpjpnMQrdZpPbWD1z2tAO
2020-10-22T05:46:11.895969940Z 625 u4LIFquy49vbJ0JFSS0vOmQUyr8TLyzmIbAigOza7LQN0qYcaYttKEQMe5mB
2020-10-22T05:46:11.907057951Z 626 gAvHlHZEu8BISowGnqQSs0fvdl1eBgdeIPQ3ceBAY3MVEe3r4wVNWqgpvELv
2020-10-22T05:46:11.918935680Z 627 0tM7Jxm707U5FGeZG7sQaJRuKVG8awnNC0GyxQNjr9V4XEv1FMWYfeDbyesA
2020-10-22T05:46:11.930663353Z 628 Z9g3INKZDfZGz2Q2dbBNxZimiqrJJquWf6IAB4zPJFPvx4VhQxsVxoZ0FEzS
2020-10-22T05:46:11.942344962Z 629 kV2GUGCjlZuOSKU4C7QJWRWNLUdyQhIeOJtmVK3Y8SxhZlJwaLgjtHGhRVZa
2020-10-22T05:46:11.953139706Z 630 diex9o0LHTL8bifB26y1TMqFrSC6UzAQW55LQJdiFNuYHkjSSBmNAjC37oke
2020-10-22T05:46:11.964660145Z 631 gzyMbt7LJrb6y0wPnUnNH7bHTU49oCeUpQM0SjwqVHtW4R0SAvxwygWw8pSp
2020-10-22T05:46:11.976654911Z 632 5Z0SleYBlArMqqJDHmaWs3EKtuw6vnx5zKUckApJMpG8o0x5B051GgPqerCR
2020-10-22T05:46:11.987774268Z 633 whpMk6UOlAu90UGzOT1CUENKoYb20kuuM9HtGieBFMc19imDNcFL2955yBlb
2020-10-22T05:46:11.999169198Z 634 5T8yD8WUn0sNuayK2luymN4LJaJQkHCu7KGgQW0yWUrWtBMkIAtwYIVTd9H6
2020-10-22T05:46:12.010781129Z 635 nUW1F7hgV0wzoFDfu3HRDfnTeN783QbC4RQnhRxBVt0KrfUmMtjDil5wHgd1
2020-10-22T05:46:12.022093411Z 636 3nhNwuW9Yi5S9d1SeXo8UyJeeAipoULg5H5VAn1ocUFHquE6HYgJpdIage9K
2020-10-22T05:46:12.033366925Z 637 kfoMegPUSMFPAQ6OR8xGfvYVqfPpsz3epKhfMJDyeSSSmyGukhSt0wno14Uk
2020-10-22T05:46:12.043990860Z 638 I4h2yA7yXbfp9P8LYP40lmZmuBEmOekklXjBGkjvN3sxqwVJ9FPemIBnQmbS
2020-10-22T05:46:12.056185410Z 639 CnXF41k2uBQDI5lv4z9Abw7SzhFw7YIBu1oz1nNjsM9u3B6iwx3C4l0VipW2
2020-10-22T05:46:12.067406248Z 640 p3F3saLE1PQdoajLvFFaZsWdaiUcyLIresXEVidVfWEn9PUgdINovSLEIBz3
2020-10-22T05:46:12.078484561Z 641 sZO2mNgRJSIcZY94DA5VsUoGUIRuJ9eqxBNDUuhP2YW7hN5nQpY7OyStUwLW
2020-10-22T05:46:12.089310395Z 642 opKeF3DdclfBvB13i797ThtZEg2If17OBIaKcSX1Nyp7K2WbC4CizerzbZmk
2020-10-22T05:46:12.100097943Z 643 IvwB4wTGzaHixIr6P8SJz7FIOh4RSlgGvyGD64Yq7ZvwlRyDo97zShjVzMo5
2020-10-22T05:46:12.112009565Z 644 nDbYP6v2MuW89JdCdddXuVOLo1PEPnvum0nG7ursQyK4WXVrcyi1PInfk95C
2020-10-22T05:46:12.123346624Z 645 Np1Zc1ydIV695yjpQSueUH9wsIGNZauFTGy7pTTEVjRaWEwAHymBRRvuoqvT
2020-10-22T05:46:12.133809619Z 646 KdgK73KLqpbmTT4dyv1sMgkV2jiBGEGrIKYbCdSat2xlY8IEhCSPQAojjMLY
2020-10-22T05:46:12.145394403Z 647 tumtE8DEou7fT4dYPK9kpvo5zd1A0gjeK8gVOcBBR9rhn2IUmxagJKA8Tygf
2020-10-22T05:46:12.156092727Z 648 R82kAZnSRGksmqYLjZMLoCjqoylaMLs3Qa2USoV6XxKP9L5gue77z4JyavYr
2020-10-22T05:46:12.167606253Z 649 FKVcyGUkuQ9UKMfBAGgoFsxKYn7NOmQfsR9JZP8xfeiklULWlFA3N9kUzFT0
2020-10-22T05:46:12.178674910Z 650 f5fanaKoq0LdmUkUZkpjBS7OZdfiiSaxH18LVHckoVsJ1oMR9ns5mX4zGLMo
2020-10-22T05:46:12.190056129Z 651 935935hhLWUjYEMzBlpykeeIXq8wzIeNOGQiXaDPuFx18UQOsEhs6YaoBePk
2020-10-22T05:46:12.200830446Z 652 M3j4X8XjlpF8ZTWetd5YwtN9dTcdkEtPJ7NcqKoexfcTtw2WW1DXrPZFKEFl
2020-10-22T05:46:12.212392290Z 653 Cx46SYzU96GK9BxnonwNO8aTdX5VpEvRIDSBaVU9EZ3dSlc29F6yKaOR1OQP
2020-10-22T05:46:12.223958064Z 654 CEo1LMBLrhcVGCsDIaKjTPgIyM4PF8eBKgk9KkrYgBZgUMXddshurp8Gvy5P
2020-10-22T05:46:12.235683260Z 655 fR6OoyLNVMMJGFrrVdt7CrSpFzivp1JonyejQDyR4BeRgvrkzlJjsmBVrR7Z
2020-10-22T05:46:12.246390847Z 656 3Bmb20uolgARXwimq4QCE78qV0F16iPfGQjED1zLNsIvsWiXHzWujfN8J3DP
2020-10-22T05:46:12.257682302Z 657 zKJEViYJ0i8oOCJfJUnyz3Dub0SfZsK3jNlDHhc28BWdwgXy6BvTABYkn4y1
2020-10-22T05:46:12.269952026Z 658 RcvNF06giK5Rh1VkzXFK8WJf2BUSG4EW1NFcPchpfX09qtr37rPY00jxsCMx
2020-10-22T05:46:12.281574076Z 659 AK5a4PULcGgK4gVT6xZkqCAWLNueK87Hj1MRjfU42mf025p2hlDmn261EY7v
2020-10-22T05:46:12.292269138Z 660 VmFmnp1cLjoOyqsOPnbGk5LHnq6wPkqQOvXplQKMAKavGEFmSS8zlocPe472
2020-10-22T05:46:12.302835572Z 661 LBS2DebfjHvKL7zBIP97y4DFmjxhZSj1ENpHy69jFIwgHU2t8vM3HuwHdEKF
2020-10-22T05:46:12.314130759Z 662 XMK1Zz2MujJVYbzYi3NvsHyUMBBBNgAwvtnkNleJRjVQhblAeUcWLkwbWgCT
2020-10-22T05:46:12.325440398Z 663 NV78H8isNKAmAi2iqi1MfKyEBCk7xDUR9CLsJTFfhafGkf4SFoy0r1F1ZEuI
2020-10-22T05:46:12.337849343Z 664 gTBnIETtcFjTK56kFV0dJse20s7mIxsAjOVKivRMXAIjkKEWFxcb10LMlT6D
2020-10-22T05:46:12.348792369Z 665 vQg6RQxdZzepNw3zYzG4iW2Au7uzjuAzj2Ibk0u4SFYUVK0Dg6Z0c0atdz0P
2020-10-22T05:46:12.359949358Z 666 Or3ojJAqxGNGlh15xGrZswrac7mFko39GEoLqtTTitzWJFlnbsTRdBM8dazE
2020-10-22T05:46:12.371591153Z 667 pz7vzjmz46d8DY8vfbiCRrK4u1IDObexHDlu4usEc4Akr9w4nKYIP4sUagnu
2020-10-22T05:46:12.382349078Z 668 Gy6J6dkPjhdxcTCWuxTZ7bT0KgIQsiXCp4cV5mXTfo9CP6tgxGEN6auq1jKK
2020-10-22T05:46:12.393340127Z 669 7gbrKncHX76O2gcE7NfuaQgyUifX6CmnfX0osJcQPINDebBGFHILJY2dd3oL
2020-10-22T05:46:12.404831752Z 670 Fc72dIqU59t6KocFWaI7mv6asgdlIw5rQYJqctUoojrjDgYFDNRB2r9NicKM
2020-10-22T05:46:12.416385048Z 671 SaiGXiLTvUVWTKhLiKcRLurmLF3U8aGoeKMPixuQfRwlIoIkpQMw1Vqu36pv
2020-10-22T05:46:12.427368674Z 672 eKhQa4BYABFIPwWEiz6eEGprmCMRRbpdLO8OhjvHcnWbRnLyDmWIPvM2MgfO
2020-10-22T05:46:12.438910705Z 673 hprInAD53qJT99moER3W3e14lky2XkEc80pDrmgOCmiZYisioGSi30uGy2Ln
2020-10-22T05:46:12.449979802Z 674 uqz7IKWGUh8khAQIUlgnJxgYxMzId6DQWisoRpxLjQSLbVvAcTJbxKRe4ejS
2020-10-22T05:46:12.461789239Z 675 QP0s6CbJ74ihv815SgS8vXrCDaJrlOeD9qhOVV5H6X1Iga1HcGddj6yPhw1Q
2020-10-22T05:46:12.473624799Z 676 qnjAMKAdckoehnQ6JCIztgV5D9hHunh990O27cTvQ2GzEueB0x4XpM9YFkSd
2020-10-22T05:46:12.484961369Z 677 HDPrvREAwZNMFZQC9fTZJha1ZGUtrwiMMEHhZYLXpkxRxP4RtMQIuvHNh41p
2020-10-22T05:46:12.496675671Z 678 1hv9NQKJRLceAJAd2O2b3S393HQPAe9uskMuxi8DxaD7GZlqFmDuSla1k6sa
2020-10-22T05:46:12.508644552Z 679 YWBvoGN6mmDRarKNcORHYjkxFgpY5CfOeKRngmV39jBrxvsy4CBXB5CmnaKS
2020-10-22T05:46:12.519719868Z 680 qJE0BA9CnXIL3HI6IbU8aLPcHT1JPlmV0a6eqHod0VQ00hnBJaFpGjnjjLYo
2020-10-22T05:46:12.530654351Z 681 wyzYgnRaFWX1vmhf7UuNwO7h3kKqe0tsDpskiNQTK21NOCr9uoBb00MuMcJb
2020-10-22T05:46:12.541866526Z 682 TfxhfBS36ViO88J2DjqdAlVkhH9u30mpV2FLhZtP4W6PXCVoAqAKQ7aAveuh
2020-10-22T05:46:12.553651381Z 683 4vE1LVPYynYwPB8aVDP1m8FlrvXVbGSqIfCwutbdlQcDowPON7Wy2qPTAJxy
2020-10-22T05:46:12.564342641Z 684 pvVlqgTai2OXQc4NlUuPBsegUDpuoLKCXMqgvWImUDUxnSUWM5sUCn0EiIxo
2020-10-22T05:46:12.575081295Z 685 YoJD743FnSNcqWLvdcD0SenfOkj4fOl5EGVwtMbAzx6EZWrLvo6gy117SHNj
2020-10-22T05:46:12.586021923Z 686 gOEwMqFFAaBBO3H7xOrIzBkGWgnU5aZ5wAECYwGnjWl10l4C861bNTtVIeh4
2020-10-22T05:46:12.597273941Z 687 pkFZFlYmE2aC7ZiVW4m3LONLuOQ5sKB2hNjeccCmtXaK0AqALnedH3ahdk10
2020-10-22T05:46:12.608442222Z 688 P6hvqLPY4uIIaK03WVZUF8ZureNAskTybXbKkOg6kShKgKFN0skf36fVqPBt
2020-10-22T05:46:12.619858439Z 689 72DbPkp5wp8kr5VK1R6G9PCB16RqzZMZLno4qplohgr5xw0AW56ZR3Yjkp0h
2020-10-22T05:46:12.631563935Z 690 qvkDZrcdGXhC0ICZNAnvxs4RdH61uFIRSgYFwQp3EWhrdmyJcYMWYE1YQRq0
2020-10-22T05:46:12.642497731Z 691 3dHyhXpwzlpS1JnecpCaQX4AIN04hrFgMc2I2bwFPAnPFiJn3TfIt4mhJQAx
2020-10-22T05:46:12.653226360Z 692 IJKAga7uiIqQyclU5l0blwYOrCqaBZSftVLsPuVj2HLKTQdHHI8d1sTX9GUn
2020-10-22T05:46:12.664009348Z 693 JUfgpaQ0t6zyb4YjOOYdjsSkIZpgalUQxn6IjbK5jpoqTeMVBBwuQ9yQyrqR
2020-10-22T05:46:12.675888616Z 694 aAWGHTUGpRZUE4cZ8qX9G4sVU1bWNzsR7vgPnMNRMRFd4bygLjBk4I2X7ASI
2020-10-22T05:46:12.687785792Z 695 2R6lMVJ9cYkIKEbgDI4V6LOOSIrsYcwM18SdvuYsNGXhHOuyDJUKCvi3DQvS
2020-10-22T05:46:12.698658518Z 696 rqRKoEPDpIwP0wYtw2sU6tPh5ziLFrVT1MIqvHx0INGwNNsDVPbHkzRsJ4wn
2020-10-22T05:46:12.709814737Z 697 QVaTi0Wq3HeUD1XUF9HuvIEkVz3iCN7ANWUn0oVZogLpc4ft4MIUXmaUh903
2020-10-22T05:46:12.720923567Z 698 3uT6IQLGqEarARiiy7JaPIzvT9oTHuCnA3CFxSVk3Q2BDqg4i8zxv2YqK0Sg
2020-10-22T05:46:12.732749435Z 699 OKya0eGnPVFesIAtb6tCSjqqpHM4GDcAcLTQSOijYNaxcnHggrezox1boMh9
2020-10-22T05:46:12.743909613Z 700 YWRGTH8ccxkvqwsZlMnUkYRVtu7qQWcv5NGtVXhCeIFdTkFKLX4PL559s7IM
2020-10-22T05:46:12.755518935Z 701 YSdktEdqPAsVCF4N77GZmCy3SJmMauwOhcMzZgxwKLXCquQTIGpqdOFPBFnL
2020-10-22T05:46:12.766072408Z 702 xGT07jeUR3aBNZvXawzKnsPhNEUxQepai2hOpk0foJyFy0L9DOylzEhKZX1U
2020-10-22T05:46:12.777854912Z 703 93LjI5mcSzUdRiNj2BxlAexPqCMmLwoTCojCHzRuZiBuhKCvTISS3IYeJPuR
2020-10-22T05:46:12.788852141Z 704 FXuY7c4NNSXv1ywYfh1ePFBW6xmME5k5n6mSffn3zBmxfSamQVwZnKJk2Jic
2020-10-22T05:46:12.800446932Z 705 ZzS7x8njO5REzvFKUL20hOwUEkrF1G2SyL5OCYUJ9vKVpyGJhFl5dsFLKqs9
2020-10-22T05:46:12.811800435Z 706 FK0WZf8DOOvDkEtMmc1yhiK2R1FESVyr8KIaoPFfi4v7MkkY130Lkg26r7sH
2020-10-22T05:46:12.823684351Z 707 bz62wJqboPqiBpVM7THD2yYT9pHZ1xlwh7ZTkFtKCA4S3lIWSeRkMNpz4Pfi
2020-10-22T05:46:12.834426980Z 708 PXQEBlnlfvpRMdgcSJ19msl0gGOdGlvhL47aiVWGEwrQPxwqyXKTmw9RmcHA
2020-10-22T05:46:12.845648741Z 709 bP8hWvNuFpmeJnhJpXyrFFGgz4WmRU7rinf5Xg56DoZn8y5FQdImbtMR9kbj
2020-10-22T05:46:12.856319170Z 710 wgp7Xuw7SiTXlCgpzdzBBsUTLzbABEt7om4BXfrDFMscCrDwVuDRqRfOdAgj
2020-10-22T05:46:12.867745560Z 711 qOWTnxyITYcBhZYKSSFb6lFTQr8KjIHenopXjfSflPPr4ZBeQFUP73oad02H
2020-10-22T05:46:12.879368373Z 712 Q7lKWR8eA2IwpeTlL7EVO3kDZ7gNM0QOQuD4qXJlTDYKVGC57Wdh9GKOilHt
2020-10-22T05:46:12.890870626Z 713 rqnN4no8O15EgyuFkUJlF4Mvfq7VLb9ShW0icZpxw9k5MpEr6RoQilgjlsHz
2020-10-22T05:46:12.902508174Z 714 ZC1L1xbWS8OHsG0c843FTL7O2eNkFyG3jTzhjVtOF7y6C8tsKQjW6u9ICz5w
2020-10-22T05:46:12.913717760Z 715 WkyCU99VcoGEIdxWLbmvoRutIgH2MaUCNVBgWlBBnX5CvHNMarKOgfg3ylK8
2020-10-22T05:46:12.925601796Z 716 SnYRgdUshcRP3iMroUAdqF4bQz2WnjuXnIL4VzM2MsKkFxYAT2rZDUxhjfPg
2020-10-22T05:46:12.936010791Z 717 qZpaBN7FYQkszgqRJOGR2EBvxvvAtwekEC2ZrCNhTCYJecFALkKFjyJVU2Tu
2020-10-22T05:46:12.947832155Z 718 ME3thTw67s8MNjbNw5a5Metw5Rlbwhw0gU2JEDpkcI4qyBEiNCu69nGSssxt
2020-10-22T05:46:12.959593551Z 719 jGwL4kVP3ezYQqHEDnck0Lx4OH98RukRKBK9y9FkcuGhN7PT6uGzlt4Tc2Xq
2020-10-22T05:46:12.970327451Z 720 NCXR1Lwa8fJMFzxNSYEzAny5w0UWPuXl5uAR9UnFk1ctrnejfFvWL7xIKP1G
2020-10-22T05:46:12.981142021Z 721 0TFD5XkVRtC52XOLnscB9M2gmOTrTrCA9xEJb0c9lHlEoFNdQfBPOxJnO6Ma
2020-10-22T05:46:12.992093785Z 722 IEel5Ut1iwL4fu2XRS50bBgSPQXFlcESiEv6kDqmfTW80NzqZFiI98U9lDr0
2020-10-22T05:46:13.002843452Z 723 QDFtFyApIrBQqyqCec6r7MiGxc9dHALwWFRQA61jMYfn4enDocsuJVSqCQLK
2020-10-22T05:46:13.014208743Z 724 mixoreLQOdGCHQAmusULBvLt9RIWqSAlIWxgfTA8ZQgBA8b9ntv8cXkC5qgL
2020-10-22T05:46:13.025603488Z 725 Vc47yvS46Bx853LqVGZiRlFwU5lQ4GkbzxKMu4SIl1hk7vZJoNLsEBj0k6du
2020-10-22T05:46:13.037658610Z 726 s484Kh6hUee4qA3LLzKGcMp0sQPEIDOUkGn53a7ayMz47JRoeq7WEGgZNRKC
2020-10-22T05:46:13.048599067Z 727 7Mggpcz0KUEL8NR0GQ8Yf5uEd9hnbo8DCW89L62T0tKD2Jzv8TKEw6Z2wyPV
2020-10-22T05:46:13.059692732Z 728 RBLoqs2CwgjrBHiGh9229HHBd9ZX9zOyoSTQfj89yho2QfgslcqziF9DeqUG
2020-10-22T05:46:13.071669625Z 729 u3H8gCXSXoPODziPK2k0X2QvdXnIeqvz6CvadCcKpsloa1aoePDI6hExopRV
2020-10-22T05:46:13.083394828Z 730 XBRlYYoMzRcgE9kftJ5RwzFwpepdcl1mlBNpu2y5f2MUTfmuPETFG5PT2AcU
2020-10-22T05:46:13.094646425Z 731 bTqRwxMXs45caExKcc0b3fHVdteVhjJ9UJoxxGFByP1vSmTIOSMzgJkN0hyV
2020-10-22T05:46:13.105832354Z 732 NHUX5UGROERFLzskKOHkLtRPKguplcpWom0cumLFXA2gZaAAmFB71SZQeV93
2020-10-22T05:46:13.117496018Z 733 T7rXtKrKnKezGzOy58xJFT51zu9YKyHQqVpXgn6wLBZF1LLEzsewsPiAjwxL
2020-10-22T05:46:13.128415648Z 734 COOlkXw8zFTTabXy4HhrjkdT4teRrNkFFxSK3tO4I8RVQuKrZqzdmSCyBap1
2020-10-22T05:46:13.139807508Z 735 UhHbMWjF4mhAcCF518gv7V9Ft6kXKMietjJtdVI3zg42R7DwksmpgXMMk7gC
2020-10-22T05:46:13.151201583Z 736 nkepK75DXXqLkNyCCQodYkTMyCYGJcvLSCYjjb8un2kccJKcNfquUjPbuwZX
2020-10-22T05:46:13.162074920Z 737 jZNFa2cjk93esdMvIBISSvY8of7E9inxwUE1P5Q94sdh6qaZOoCObaKCE3Zq
2020-10-22T05:46:13.173951535Z 738 29HpwweUyi5QsielbSfd5GlTyl667FdoasrxidAov68iFQrBzIKSx2CCKeWI
2020-10-22T05:46:13.185839273Z 739 iC7hX85Ni0NpPIEZTeQrHxJOuP1BGSb7QJPrCzMqYgXv2vbkoyMcc8j3tzu3
2020-10-22T05:46:13.196857122Z 740 RrEjr1nxvEd4ic49pVkfKWEjIpA90wLoirfvkKUW8z90xaKLjNlTZsI11z1X
2020-10-22T05:46:13.208483854Z 741 hqktsTdWwjYmch6hYqHNO8PxMl0cWQWTfPHi0be7Hn3B8PlbgvnvDa0k0qtK
2020-10-22T05:46:13.219146048Z 742 9vCmlWyDq3LTzqlIhXwahjWXjRFfGKVi1TZc1SOcJ6xMJh0zsAo0wmISEwWk
2020-10-22T05:46:13.230964009Z 743 C1XlBwNCrA3fqgSBLqfddBEOVIEuso89sHOcwYcd14nuFY2nJV0vFmFN1jxl
2020-10-22T05:46:13.242944058Z 744 VS78BNTh7GnZBLtftwq34bmZaNhJmDYIPGMHrRcQc2BGyHk1IvlwYNtkrcga
2020-10-22T05:46:13.254577497Z 745 7NWBJeShvKmkyVwzn4t6d0gLnZw1hzRO2lXJWf9y7KrFOa160GUWS4CS08ha
2020-10-22T05:46:13.265094273Z 746 ViEa8RaijioeE4zf4HmiCfjL7ocB8JFwKpOvtIq4ZWtU913Pr44u3hL4Xwax
2020-10-22T05:46:13.276576576Z 747 AhZYbrMN8n91CwQNJ6SLhXDnjNbEpETqOonlpGoOoiooUzaXoL44NobhIup4
2020-10-22T05:46:13.287434840Z 748 wrUcRBA9cc2GYskAaLVgizvBcyGsdg9Djn8Ma4L3HuhLGNeIG5Dx4oz4j1Ay
2020-10-22T05:46:13.298905278Z 749 1raAtbGJrroFsm9pHoYTDYx0UflkzmcLHmjME2MZFjmUhi7fLY0IIj3ZLoCl
2020-10-22T05:46:13.311075616Z 750 uLAUIGQ7m0r8qxtwGKiVKfJuudoZ60i84yrplqQjVf6ubTT4dimUsY96fE5M
2020-10-22T05:46:13.322528093Z 751 NTPeQJguERhuHc8DnfSuXMFp7MRDL2prAJTy9atuA1sKoaFmo9qnKg4xCpIC
2020-10-22T05:46:13.333405359Z 752 D3PStkdDlYV5FWKWLUMFmvFm9LCRrDUk3NvUd0hGOTrmmrE5t75Bfp39WEmV
2020-10-22T05:46:13.344897562Z 753 02yz0Yx4qA0tne1cnugbA9neQ9YkG9D9HenTTQHdflEy0vOwssnlrpiDD1jm
2020-10-22T05:46:13.356737783Z 754 dUb0u7elsXtfo1399lfTCzuBaeYaOCwBJe3MamF1cYM9I6XHWuFvpxT3rmNO
2020-10-22T05:46:13.367975835Z 755 zw9ju42T0I5Zv2d7WHgqdZrTvqE3631xJNIfjWXJOAoMIsdlnVdsFPujZa44
2020-10-22T05:46:13.379826342Z 756 S0Ha4OZyhFvrHhecT0cAh9FdXyOF4scnVOYhb7ctpF1mvjMxU7K89qILKBbH
2020-10-22T05:46:13.390933159Z 757 zzZadnpwXg7a5G7J5PyoifeBVKGQTgwZNjtpQBqqIGFCnCOhYuHL0ZdUYE13
2020-10-22T05:46:13.402254328Z 758 XeiUjHbmDNmNvMPvdHvteiYNit3JnKiSr2GTnlOCJIz1tKActNFRY4afhbcJ
2020-10-22T05:46:13.413789226Z 759 phao0TfympSUKwpmoXEjnPeXyeD6Xnu3eOO7VPGIaCADs2umnJfg8EcvILtj
2020-10-22T05:46:13.425377966Z 760 N1V91jRsEFwTHiphDgKh9BJ5fqZ4nQcdBsiRWbLJ0kk3lB2L1JTA2gFL8xob
2020-10-22T05:46:13.436413246Z 761 6PeoNdzVWpFZ0t8zgMcA06UaTiTVPBMr0NNvytBZUGoQpctK7bvp4tpsp35k
2020-10-22T05:46:13.448219013Z 762 SlnfJ3OyjVhx0vVBnlylNIGA2EqO3efCviGhDbDqHqOHdin35OM0HuTV0uHr
2020-10-22T05:46:13.459549063Z 763 T3prY9NXFn3DvzSi3xl8jhuCZiovM82FFuXGPnqqakc5FbBTJvpEs4Lhxx99
2020-10-22T05:46:13.470138792Z 764 XH4hsvmq8ZpvDRhAFIxjyKnWBunjTTHKFRX5rZ209behNSL00J0NQEaMk4Bp
2020-10-22T05:46:13.481944497Z 765 234Mu0hmQ7Fm7JoHRPfUMgxu8LSiSbLdYbqHoUIyXuBkAi4QVwQnvHxieUIc
2020-10-22T05:46:13.493847970Z 766 SyuVOFQ5slUoSo7VhBmp3FVQdfTvulIxOLoksPj06GCjJLkQYZOK3LCzZGRn
2020-10-22T05:46:13.506123334Z 767 WpOBxUzgnayK7THHoOvdtJhEgwvKplic4djPfuyvNgdA5RjSPtr7jteDjjmn
2020-10-22T05:46:13.517029536Z 768 yzxhLjXZuDh1kCuJjQv16Puc3kTaayxwtskra49Gg6u3Y3rcKWXfqRAM8kPV
2020-10-22T05:46:13.528193793Z 769 qkHiBksWUHw3h9Ot8iF9WbH6cWLWDzpIFzkL3n33Cdixq2GavJZZQV7IJ8QX
2020-10-22T05:46:13.539758547Z 770 1kkRUmmZmYSWgd4c0ffoCBISh9WsafYaiT3pkv0pDsza618avz8llG67jtTe
2020-10-22T05:46:13.551451076Z 771 Xht6shXm6nQOsUDbd4x5jlWZJoEsAAB74r1qIVXqOfoqUU2ojNE2x57ABVM4
2020-10-22T05:46:13.562212519Z 772 mFk931ih7HyhYC9mDetd6YwyMgKST6bemOcMQ6wh3YnSPXrvaBLVyFVWVLcQ
2020-10-22T05:46:13.573763398Z 773 pQDf9LLh73WYBxRwuMIMVWO5j20fHYu91SlhZoKyKVcSL4ueAMrBXhsfPyfN
2020-10-22T05:46:13.584768808Z 774 YmXJ7edXL9lqxaTckkrNjicR8rtR6CcdFBpLRJIbI5Aj0Ox0PGlC2hcWsJCy
2020-10-22T05:46:13.596523583Z 775 RryloI4QJvE7zhdByD9CAwe7vYY2Nem2qYEWjuXS52yKlyItINqHIZdD7QUB
2020-10-22T05:46:13.607854911Z 776 QIM2sXONDJkr9LXP1O2OgEclnXYrW5vcCZI8pwunb8bd53dBhWfeWpJzOO3C
2020-10-22T05:46:13.619539887Z 777 9EyrOQP2utYz7aBMyE1qmQR7sb3XhVrV3jiN3ZjSot7PU3LCYNsTeYh8cqPm
2020-10-22T05:46:13.630006303Z 778 yameANTJhILU6XnEFwwgqVvEceEPbppDIsX5uQzadFaTB8vZWZLv8UKmPT8g
2020-10-22T05:46:13.641689608Z 779 n9Ub6d8IdMc10lOuYA6uXfs5cnok61zjXS6tXna0sSiMZcyCnHRFM1QI3ahu
2020-10-22T05:46:13.652702754Z 780 ozV6NmsSUeP1jLFz08kQUT4Zm9Zj1gqtbI5xsvblpvUUfYoY8x7phEiaNGiC
2020-10-22T05:46:13.663570149Z 781 LYzQP4ein1gpkYQq5K1Ddc1I8YsDdftu9XMFrjdk5QO1PVBHnYb7s1a9ofD4
2020-10-22T05:46:13.674703016Z 782 6a63y9a7RXjsU8dLOKwgjkgqTp0R10jQFo4Ab6r469TDrlyoera94kE0tsvH
2020-10-22T05:46:13.686503122Z 783 zITJ7fy1fwdEo42SGNyOe0ud2b9UY2Y5salffy88nYUQlKNkOUdpmjBVv7bp
2020-10-22T05:46:13.697619716Z 784 Sp0TcE7n7EYHd4nPJrtbvZ36OKWs7q0NdX57IZanJcOuwAfSFbZOxkc4vNua
2020-10-22T05:46:13.708638170Z 785 HoJyXs1BEpWk5krRK0UELql7trvTTgIEIXWHcEmGVSFCtcYKba14DWnPcKKY
2020-10-22T05:46:13.720657410Z 786 Yz8Xj2dlZobxJImJrwfyv2dpiRk1qMYnrmz2qWsc13ljgMPniHQcTn7R91Ai
2020-10-22T05:46:13.732186069Z 787 RvmEjmIgI8mnkdQcKZhB6tq7x1LOyGa5CBb00unEjnT0DblXZXsvvaUZhnow
2020-10-22T05:46:13.743415618Z 788 nIFpAMUS0yhJ9wvvHx6U3dUpqaOJtigaLCTetbhk9Rpns2hQloF1gFH9Ie0x
2020-10-22T05:46:13.754218013Z 789 RoydhjAuT2YbFWsZh7aMZLnMkyWXEularybSSOXR5bPQUjEeLD455GNyVGJe
2020-10-22T05:46:13.765117045Z 790 D9UeOrFvCCQ7sB4QOtt5ZePir3VmaNpvaA2GY2ZfD3s5T1kBj0x8XuP9rEL4
2020-10-22T05:46:13.777104270Z 791 Awo8Cx5c181hoUusC1SoBlZCL8PPodSeeBUIEsEUTrR2HvhdA1bMVP8R0VAG
2020-10-22T05:46:13.788659731Z 792 6FdNxMApFvymuJgInEBXA9C44KZDMgUB8vL6AkshwGKgJEjs5ffCey17YgV8
2020-10-22T05:46:13.799934428Z 793 ihwMGaIb04zKRJ5cur5qEGeYksRDxusH0b6L4ivHmKbzy9VrNQZNTo5pVh65
2020-10-22T05:46:13.811456499Z 794 CBt5AcD594NdT4Ie9DZrxu2Bs4YRg0XlFf313jrXW6ocy0qVB6rawl23EEB4
2020-10-22T05:46:13.823271497Z 795 Pb5WHPaAI74AurCtKiHB3xUUAAplDjzk0dydMrg2eBXHp9SVuIgVnd7VJCmH
2020-10-22T05:46:13.834153762Z 796 niINeLelm8mUYciT0ILFwyhRO3U0xfi96ipTr5xZTxa0uwHGaDwIZJmapQ48
2020-10-22T05:46:13.845075508Z 797 ddrqeGHgM9sE1XvURJQF9gJe3q5D0cWFygxjUe8s3OF8DDjRrxEas1kypA6w
2020-10-22T05:46:13.856912505Z 798 xg4xBDAqLgqlhKdPdnOAft4TxxulR2nb8KBu9Gg8GcSHkJuz0HsHD0glTrSG
2020-10-22T05:46:13.868343597Z 799 Ixf7dcWIlB2nN13pYHZIxQhhyg2sUqwCm6eQvRmdKF0UaxHReustfUQhkosp
2020-10-22T05:46:13.879018803Z 800 VPjAEV4IvT1W8QzayqZXxkScDALA47kJ9bgT4PpZuQb81MT1CylKIVRYjHKP
2020-10-22T05:46:13.890052194Z 801 CyEslKlvCG92MscepjTZtxji0vftVtHHcD512kbbr0ynr474zSPR8k5K8QVa
2020-10-22T05:46:13.901935031Z 802 tyZnvIKHd75NZgJU9DaxG8zNq3jEkwGpOBReaV8fE4gUMH7NCeLhCiixhq8a
2020-10-22T05:46:13.913694844Z 803 PyR69dFI1pTG3kQ5GDJkqDuvs4dAkV3sxF6pJUMYts2cHhr4mIJyuebljMCM
2020-10-22T05:46:13.924721439Z 804 JQXJdPLS2leiSveB9m6HlxsvFwYVYE7mdbL0kwrJxXd5JXFoGjjTa2ytlYzD
2020-10-22T05:46:13.936155650Z 805 WyuXNDZJ9EbRDf3uvfI2BQDMmtuNxC5gO7F98hXy1CLUcg010wl9h3T7CmO6
2020-10-22T05:46:13.947866747Z 806 4pUA7CvwIQcSxPECltcoatLeqtjmbUdHyAAthv4xhfIf4GUS9AgkLpLSn4rj
2020-10-22T05:46:13.959917085Z 807 TOBvgxlZuoGl9ChbJ3quoR5iMX7FvXKvM8CXFtXAwXmtUM6ggvqMeII7Nfr3
2020-10-22T05:46:13.971856451Z 808 ANF3prRoxG9MfOIyYbyZZ98yLyqw95olqyyURuqxwkO4AxT5zGkN2WuHOf5l
2020-10-22T05:46:13.983215490Z 809 kZE4ga9P9IA2Gsx30JG6AM7u18Kbpa4vF8qi5iUqLZW4adYHI7MyYeokX448
2020-10-22T05:46:13.994014992Z 810 M6WenL9y8C0mTx47WdtZu4Nw5XPkvBt1qFtiUWFFIkPphnKSG6tX25BgFtA1
2020-10-22T05:46:14.005768037Z 811 ihMG1WDKmo5SgYn2jyGKBXzmh74zvgJBk7BApjt9giOn8eWyXugGKEVFk6CH
2020-10-22T05:46:14.017432472Z 812 obOlTK36jug3wZs0O1uIGBSPIE3kzHDruvIX4QiR8q9TRsPAbdeQZAFrk7vs
2020-10-22T05:46:14.028114339Z 813 28vJBowFQ7SljcjloqWY7ozANtvnUrsixNGdDOPKuLCbbnPynL1bxS91vNlX
2020-10-22T05:46:14.039831360Z 814 50aPVJsnegT8HMirgNpwud7zeTu1D93uEUfBAWnmAnXZ2aNOUcug384hCHhM
2020-10-22T05:46:14.051723129Z 815 UN7kdb0tb6AI6Lo2DCJHxTzX9obmJ2QgvmXODaaMHytOu6losvaAMJS7xn5w
2020-10-22T05:46:14.062881699Z 816 e7XSsyThTieSG2UhJHXoUPZb1HKwNy7wssfIvrgc4N4WsbviZsafPv6VNfTF
2020-10-22T05:46:14.074418910Z 817 NyqPlfuvVddLbHCdgzqaWK6n5T4rYXNV8Xhifxn58ZOsrQ0Y9B88juQ9DG7R
2020-10-22T05:46:14.085062685Z 818 AaBGg12i2sbs9MNSn44Fsl6dxNHW6O8mQAsUunkyLQepLWhF29itLgsnpGme
2020-10-22T05:46:14.096290561Z 819 hgfEf7OYE0lEtoCbEYgdND4RCtBKQPqc5hLGi8yFuQx6j3TsQSOjaioaZe99
2020-10-22T05:46:14.107627431Z 820 as6VSGCKWT8SnTcyZKyOGXNTJBT03f9aLvgKz0wl3G9JvUWpwJvRKpJT3ua0
2020-10-22T05:46:14.118806148Z 821 A8kQde06qUNw9dPRJAWirlCbvkrjDEz0lBlrfVKprHhjqmp5GC9IxX4W5xlk
2020-10-22T05:46:14.129874889Z 822 G4ODdV1lqvWxc43SKqnjHB53Qx6rkNd52m2zUsIMElh9nYQdnia3hF4KRBFB
2020-10-22T05:46:14.141609207Z 823 Ux3xV4frG0rEEsjVtVH7mBHfcLlpj4h2pitOSsBB5jFImqONQRsvPrzrXWVZ
2020-10-22T05:46:14.152479601Z 824 Fs046JS1aDi8VZqmaENJboIUyom92Z5MJzdWMgCPmbBpRvOfXElQOMSqmLAp
2020-10-22T05:46:14.163052177Z 825 29YoUVarZFsp9bAtIzsVWtaQqv6Zq9Tuf7Yr4RefaUTRU1EiPzrH2VkY5fk9
2020-10-22T05:46:14.174043085Z 826 5ILhGJfq7L3bHR2BaHyz1lAbRIjzDqtGRUuOoLMxj5UmHmxzCodfnkEK0TeM
2020-10-22T05:46:14.185180830Z 827 JUgU6zuF7whcfUREAEOERCVUyJZHDInclgO6LfrYwcmS6HNhp1Hmn1psie0q
2020-10-22T05:46:14.196830257Z 828 5ZezodgHhjG4uLQHqu7oYi7TO1hy6PCj54cDWVgOyHO4lVLLoWCybwwoU66x
2020-10-22T05:46:14.208206470Z 829 yquB35iKkMTJBko4vEXMSWCLHoSfSC3JA9Lx7c8RM4Hu4joEcT4Qcgk78zEr
2020-10-22T05:46:14.218941029Z 830 fXMS3nSTZ94RPca2rwn9y6ty3AmJ5qKps1BowOBI4JNWVxoKKW2img9X9rwm
2020-10-22T05:46:14.229983913Z 831 H1c1ZT4T1WkotiSOz2XalMaN3HXLenI7ewi70nFbVt8nxVCoqk64oKk1YycI
2020-10-22T05:46:14.241008251Z 832 Yh1vONVeBnRjKnzHyVpaYnfux4KWUBF2M3CcCqsC0q3hpuOX6C3N0kr1u7AV
2020-10-22T05:46:14.252411433Z 833 JuFNAoiQIdjaffPD2j1vH8hene6oGuLNQ0ZX1KZTKHzmAMiUVtT2oWMaPzyc
2020-10-22T05:46:14.263218902Z 834 UDOfb3cM2tuxTwk6ZZw3VxdGXBb2sGEliw6d9omwJX8Y58O9VZicJINWalCi
2020-10-22T05:46:14.274531450Z 835 U58jgJ0mpweqXUxVd3A3o463BuZNO5OmJ7Zwsym4pOi9PmqcsqhyWUreqzob
2020-10-22T05:46:14.285020880Z 836 d61rnQ54JXgxMHCoOsUdwgVkSlwbc0ZgO0GXOxWi1S9FkNw7UKqp0qmV28iz
2020-10-22T05:46:14.296235749Z 837 HNVPfaQHtgf4bc4nkmMThYgeVl4vaUyUArNM3MD6S0PFdpJ0X8735avOTMGx
2020-10-22T05:46:14.307932901Z 838 wCxJqpJZ77FZ8KxTCrk3xQMRnnmEM1puHqYQlGOWjKyFqetORu39OHpeRz98
2020-10-22T05:46:14.319850256Z 839 A1tjXzI1hmE6jaCwJhbhquLe8ETmQwIijALkle6KlT9hStZKuDOBchZcIsoc
2020-10-22T05:46:14.330497920Z 840 isHyUoeyOj1VxvKbR8zXhG8p3TRWzJQF4aKga4fydsHpSjgt1QmqM2pcR2Lm
2020-10-22T05:46:14.340974387Z 841 JigHSEvEZxdEhtYrMO0uL90UavO67iNXX8yHksh9j0RQdDgqYliNoeS30HEZ
2020-10-22T05:46:14.352515616Z 842 4HgANCcPtAfbceczeNC9jmVJPA8gaHS69MR3LR3TrLE0TrjeuVztMZZJ3AKu
2020-10-22T05:46:14.363225920Z 843 KPDF5nBKjw0PvLnV1DXb3M1OokrzQ8koFm6EBYzmJ1coUiD5B6jX8I3w8o0X
2020-10-22T05:46:14.374274838Z 844 wBSNNb5J4K1I1VYaTNs8vQoxGDfLaJiR8n6K0bdMOrXx4fqPKMyhCHjkeBkt
2020-10-22T05:46:14.385125211Z 845 LvR7snurlupKd7z3jdPi6JbuF8eZh2BDGUTq6CbNPpXT3KUnR83whWwBnVJg
2020-10-22T05:46:14.396163464Z 846 R4zOGeRKDnC7qgAsRdjoA4jf233lGH83eMtexTibbByqZFP41DDPdMYekskv
2020-10-22T05:46:14.407418534Z 847 re8vQvCpGw3JKdmz2iUjMbesrMBb1r0TaKnADoXg26E8sCkH4AjWBQsWFG1f
2020-10-22T05:46:14.418117422Z 848 UeBPAJRPcFZ1wZxzV2waR1iGkBbtx2SmSlXKOub2O4NQ2cLgYaMlzpot14fz
2020-10-22T05:46:14.429923209Z 849 UuIobGUdSJjIqgmcgvh2DjWoCcPMIC8YZzudmCTvFbhOdbetJV9CRdwcAjcm
2020-10-22T05:46:14.442105126Z 850 v1z7lNpksDEXncoigqaNrcKsYmEfkPD7bHmmR7eTD6i1DOEJa86ywbhLOEUt
2020-10-22T05:46:14.453040454Z 851 TILCn40K2yf7tNAuDSA70sE9NHbyxnNt4VQ8sTpoQ1sL2NqZRLwJdvhGLO82
2020-10-22T05:46:14.464304612Z 852 6s6ELy2CQL8oS1itt2LaN4v9fEwrfvw3L7UAWpqOSEbJcam13LqHBz3N37fE
2020-10-22T05:46:14.475947531Z 853 CfbeBgGjPQ0XQbPhggntBKWeHgldP9MW3Imm3nUJ6bomGYIZUmO7ZUhqeKYi
2020-10-22T05:46:14.487730839Z 854 qi0Rjc5zn6vzLOWu5wdOY6ATYChfD7DvM0uTYChqOFzUsE54glZi1Tbw2wj8
2020-10-22T05:46:14.498831088Z 855 U1EBHqjIpmqZgY01NAQmJ5wzfWjIwgcc6bYsKi2eqDLTOG7ZsCH0H3tBjMxz
2020-10-22T05:46:14.509854201Z 856 wtB6ywxbLTX6Pg6CH5GjS6rdbL2paJKqNHatcuVgyXmew228UPIDrkzH6UE6
2020-10-22T05:46:14.521252664Z 857 JLLVV3n8FpyhA21boU7mxfwhUHRhmhjZIE3zfTmfPjSD3SrfssgVyDlzLend
2020-10-22T05:46:14.532666144Z 858 Q0kXqMxA4kdPqKRu7YIDCBvHpwbAMhKQKhR53mHa7J4vEMr1hrxaMGNzNsQF
2020-10-22T05:46:14.543999730Z 859 YOx8LGQOU8YssSSGP5YvAguWrYynQ4tSbb6uwmQDHt37c4w4lJiQP0P5Ll5y
2020-10-22T05:46:14.555446820Z 860 LnaPplU7CL0znNpdmx72NM4KTpeZdv4nqKtOWkeuqvOesgV4D8SfAtKkbftM
2020-10-22T05:46:14.566125682Z 861 CcDu9MZKVBIa4008mNrFczDnDNh6IzwqP7LkZ2gBxUGlsbFJZWn191nVNw3o
2020-10-22T05:46:14.578033094Z 862 eVxsj5Q2FOQOZwLxqbotzXdY9UcoQV6OKUco3lztyDELQ0YNpCJWXLp0Ww56
2020-10-22T05:46:14.589066178Z 863 v5HMZcf8ghpCX5oeJlkjGomJJdlJYvQCoFDCG2UE0I8W6Af4CXBMVOwSbb0e
2020-10-22T05:46:14.600744087Z 864 NLP4OnrKBOmBDBqTaWDFjpothBGUcTAm89heGzuvFwGqOxcoWi5Q8D07XRIJ
2020-10-22T05:46:14.612154972Z 865 yNda4fGyPe173JNsS0vWawbZVmOPhBRcop25LrkE6ywI0nCWmdQWbJVSXpOQ
2020-10-22T05:46:14.623286281Z 866 MZ6vY0vkF9rp7AmWaYD5rqtPONaHzsRtQ01VASNcgySrU3DYeYx3Z9k3HShT
2020-10-22T05:46:14.636788733Z 867 T7x810dxOod5WEb4kGWM74vSfzcmZNWh4YuRNY2dT1zKHEPddfC15vXgNInS
2020-10-22T05:46:14.647684758Z 868 Lf96vDnLNGd6se5b9tVn4eqIzOeinm7mXztnBhiacw89dNTRywnXIMoMlQPO
2020-10-22T05:46:14.657860647Z 869 B5m4hHMMWvmI4V67tYpuyBFOw21REyeotGyRrxe0K4qMIIPKaq7FPN53RfFG
2020-10-22T05:46:14.669745776Z 870 pnbs7R9MnpFs3Xn4MRVe6L6DszKRQDbmlpxd5vVrhML3kJNdnEt6bWDq2ifV
2020-10-22T05:46:14.680927055Z 871 vIz8ikwzrd6NQSE7uavJ5rKbGEzimamMew2yqoipgbDM4Y6tlfZ03TDUi0I3
2020-10-22T05:46:14.692024755Z 872 JXEnOqnKCU9AvYC2sndC2HWpkgSeWPRJqF67SyUZYWJrEsKh8javk4z9QgKw
2020-10-22T05:46:14.703181511Z 873 vJN2jwt5bGhNX762OahWAS69pYaxWRY2ltQ2NHAHTwRFrRhbY0yDpICgMkgm
2020-10-22T05:46:14.714396831Z 874 iDuvWpzZ0yEr9Fvk6DlTx1ULn1Eqjb2qrXd3SfepUNKc5e1vF1i0EMtswCvh
2020-10-22T05:46:14.725634798Z 875 RKllhHB3aX6kmA4mDvaOGwdt5yM89kSOotydL2dME1D5tEaybNckUu03ZgIq
2020-10-22T05:46:14.736938978Z 876 C0cvgzIZwCWApxzOWZZzHLfZINMcR1rTIbKMcwfVzFEAZjuK99Qeaq9AeTMA
2020-10-22T05:46:14.748450912Z 877 G2WyeWsaTLGVuJObKAPGnRNQAhViguYRksoXkPT6QkdjfGR0SvarpchcixHp
2020-10-22T05:46:14.759765336Z 878 maORpQZZyPQG1tTL1rgOF5U08aeJuDsbQajZePiBWbzRP0MV5ejpATV54pru
2020-10-22T05:46:14.770497488Z 879 gNRvuscCzzMAdmI5N2OxZ771cm3ZW25mlI1C9wfhBFrNewxcgskMT8HVsaod
2020-10-22T05:46:14.780954072Z 880 Yimp2XMs424TZ4IFcnCB7ajcF49KKXTuioM8YohgbYQwfCaUP9PkqYcCtG02
2020-10-22T05:46:14.792558057Z 881 fnjWqp3amVB9CX21fT3VCGQ5dRePSlYodxpKqFKINGk5YDr1pEp3JMS4YEHP
2020-10-22T05:46:14.803043866Z 882 RcCUhwFnqu5xB3kaVc8f3xhB7O2jdSfCyjFgdHxEb0J5OA6iCzu3ZiWCJTRV
2020-10-22T05:46:14.814557155Z 883 RCjc44HjI6tjS5JpFmnyqGWVaPyRgoHfnreM4pmj4rbI3LJ5t6PkJO2WRgb7
2020-10-22T05:46:14.825615622Z 884 LxHVoLd5BX0gEBwSNeO0zzTKx72dOyOtYtV9zGGhIHw2rtd6zWexuMtMnEhd
2020-10-22T05:46:14.836658145Z 885 OQ7EYOSE0fCQLoo6rmL3P5HaPyEQEl0Zx1ibR1tlWo4Q7vUZVrC7LYHAbkbu
2020-10-22T05:46:14.847957301Z 886 kxJBm5ehs2FhfiqCUydDCWNkLodAGGgbnBr8VOb2cAu4ZFRivpaWbKmtFv9x
2020-10-22T05:46:14.859889966Z 887 BTcNrxb1xlgY9mH6AyOwAloInRkvUNN46pSvQ4U1qvYWrx6tfpxuFaYRVOKp
2020-10-22T05:46:14.871782784Z 888 87rRWiHdeklKvRFIKEEivPZxzYq8GNYn1ppSOgrlQu0U8jinYcTHN7ZaiNs9
2020-10-22T05:46:14.883271775Z 889 kc6rrLywsE001KRrH1k20YdIhjEr3WrqHAPLnDs1awX3hwCBKMhWd8Ey3rsL
2020-10-22T05:46:14.894018776Z 890 7ItxhqJMbe80RhHmK62rZspVPONkYKfhP3oNagOUSxKh52S26kfPlh3vyPrO
2020-10-22T05:46:14.905826374Z 891 WyaATicXNAJfxG87HkjCj8wX8UbUKKozMmqoj9tsbqgpsTBlVsceunD6eMsM
2020-10-22T05:46:14.917650308Z 892 C9kkgHjclFjvXQwEEyESRz3aPNMJLTm35W6zGvD3CLsXRINhiUz6LczGTaHW
2020-10-22T05:46:14.929752893Z 893 BI47zm7ENdPKLkK4xrj8Iunf0vQwJSnaHMGcwzR5N6jBxBrgY5fm5STRFidu
2020-10-22T05:46:14.940145405Z 894 SuSvfLVo2J2THFclrrKnfeUfD4vdyubGsu6wW104KoECS3coilJWMSdXyDiN
2020-10-22T05:46:14.951775870Z 895 DQXJ1cvHj0GcghP9TUcfwimqFq6p7jYqyEAGgFkP7rI23iTxhpg2qOoPPscl
2020-10-22T05:46:14.963917815Z 896 AcsQ5E0W2G8bCKypX2JiTouho3bIevJP8TbbXESSaT8qjGbhCKnP4tvGlqwS
2020-10-22T05:46:14.975504755Z 897 PTWeqk3JMDsVAjQtewXQgocZNMYtP39oPPs9mfDcrkxVJTqge5u809yJOKkD
2020-10-22T05:46:14.986645776Z 898 n5VY1YQPBExSXDfewETzDruOY0qLE9wp08jQ3O1UOT8wCZ8CZJKvWtBVUUIn
2020-10-22T05:46:14.996947550Z 899 Z0oQ4qv2FEk3MYwVylxqNXNsin0lBdV0EPTwBnQsHn7cdqA35PiXD9hiOkFx
2020-10-22T05:46:15.008574139Z 900 q1q3de9Lpt7AFMIcB98od9b1nHU9JrZ4vrp0cpJtEAhyoCN6cOYug9It1IGA
2020-10-22T05:46:15.019180427Z 901 0JLWa4tYOnmEMWhZPXcaW1IV2rnuPHfKdBUK6EcwANbi0mBrip40jWuseHuY
2020-10-22T05:46:15.030355567Z 902 cvTEbEUEFevicestFRDdAGJwWUm7x7EKQGoKbhU92FLQNYNgx0hYaKMqqhNT
2020-10-22T05:46:15.041367892Z 903 wfZUXSnIl9pkmNE9JAqv39tU99xw4GK5gNMujjBdeMKQQWkJx32SujXnf6Af
2020-10-22T05:46:15.052361794Z 904 ebpkEQwOUrC6uZB7HdUu3TW9iX5m5JHZgFDlCQFvuk4v7ddHwuKeuMPnhpiK
2020-10-22T05:46:15.064042274Z 905 vQEdQuBUSiclgsGzvuHoXOJUhh5bbE8O3tHKxW3XcWLPhaN6LyK73JVOcbBS
2020-10-22T05:46:15.075147118Z 906 HQlMWUwUn9EedK9T0tREbDbqolHB7ugs1gJwAiyzzRrfeaGcPEXGXg6Zd9TM
2020-10-22T05:46:15.086264228Z 907 V9L4rOngt7wc2wvdBLKEEzaRNmBdTCVrFp622Rp6EBuAhuSUEE7xQXeeuHWj
2020-10-22T05:46:15.097858573Z 908 je0Hu7NCDrbGyVo63yUtnMNVxc7ws4shRelGSKRP3IGJ6KeqEOhMC0xcUneB
2020-10-22T05:46:15.109458221Z 909 AWhHc0BJtCZiA4qXjiF2neXyFg90Mx9A2c6g79UL8Quznu2RGGr5DDxkJlyj
2020-10-22T05:46:15.120145754Z 910 Tu6hwYlEXzM8mguUDGXkqJigS934LpKkPkcvEWLenGb4p3hjdmY1DFOf9OP7
2020-10-22T05:46:15.131269807Z 911 eXWM4QUkxFlGgwVgsmGhO79BRSpMV6skzcOtvXB341v6uvzD5HxofIN8MwBG
2020-10-22T05:46:15.141990252Z 912 ZP3pC3GCo8hA8Zp7AlNZxarXkmNuX22BHVfK9KSYM0GRJeLkRBzxZzBUlGmh
2020-10-22T05:46:15.153825496Z 913 Yn3IYzdGcOs4avHzTLLvZPTi4dXeyWA1CpyACrZu0n6eNnzOXU99R6KSBQjc
2020-10-22T05:46:15.165767204Z 914 pJefpGHFh8e4mlHl3P8JIdTzayAKLfwiKy6sB5tX4vpr4bZvLItzBditzdqo
2020-10-22T05:46:15.177494017Z 915 1hRKJmdHbbyqTWYYRnNkvDEWpEcXDRIiHSwOFrZwFFyxDpqJDE3Nx9Y16bir
2020-10-22T05:46:15.188021148Z 916 swxhy3nxWeUFWR0B9S3yGljspaxQQ4FQEega0LbIaxY9jOLHCkqdeshjaArY
2020-10-22T05:46:15.199686407Z 917 uLAtQUjDNheHF9B4ycdf7RNSrqOcQh5uTYPXX5Urnd6Kl506dnlIASv6Shcv
2020-10-22T05:46:15.210483126Z 918 iKZrTgCaIhvraangBtQ5tLtrju3ehNm3nc7q7ae5SuX5NzEBnUTo8BNuTMUM
2020-10-22T05:46:15.221340507Z 919 qFkzQu8z39xmP46U5ZHcb0NJJ1RbX1P77Y7HX2GkoZZPgE2r87xlgodsybyZ
2020-10-22T05:46:15.232278384Z 920 ijuY32fcvQtmospViaDe9Bkq0ESSSycqUxuhksPPwIPXbd65JcJABkXHvSw0
2020-10-22T05:46:15.243572529Z 921 jFx772IQ2QO4Fl08kHoyiDRdS0wyz8Zv0yiManMpQxJ16b7eoTDwnPrXz82X
2020-10-22T05:46:15.254091375Z 922 PJTxEOnnoua6KUiYZ4RtyyRJqpWMTuec0n6qgJwMsiP3BOZoGIDrvKLkl2Kt
2020-10-22T05:46:15.265869546Z 923 DhCQ9SU5TiyKBzZK7CZ72CV8FizQpYKAAvJcwVVeY5ddlfQ8vA1DeB9Vh4Zq
2020-10-22T05:46:15.278045959Z 924 RHuvy4zvGJiHYT8yu5cwq4ZNxjyMsFrMqskFkDc2MfQIK4eqNiOu8Dd8RrbL
2020-10-22T05:46:15.289108563Z 925 FEol30j2jaQNbi2eNs13nGEt19GJ8y4PxpLKqjwhIWRmAcGckTIvxy8gpBfM
2020-10-22T05:46:15.300271674Z 926 YlLjzMBJMSAlkgVGetLtNEWQINW8jnD3BLewEQDZwvHz9f2PbyMrAcyM1yBs
2020-10-22T05:46:15.311953224Z 927 oqitXlPaJ5nVMM7XGsl310FtFZ1DAWQfCoYoUbb6BX7ZsBXdqslGUI0v5idg
2020-10-22T05:46:15.323495272Z 928 tkFWI3K5tTWac38fA9arkMjASPNpeUdpUEgmDRWQrSR4SnJsnx0Wk1SfktFd
2020-10-22T05:46:15.334921792Z 929 tJzKJLQTwwXDbKrFQ9FD71NbyyrlPljzjBcFvVGAU6IceCg1dIFPKRPlpJRW
2020-10-22T05:46:15.346638091Z 930 gIR60lO4TQVkAHNlv3bOLL32yT4cYLHsMI6G8NdMYupPN6mEhRJp0E83wkJp
2020-10-22T05:46:15.357168337Z 931 Ms2vxbo6IIaZ3ZePdwSNDzBlErQNxw68Efo8SNylDuIPYYnfVQM6kejzYf9E
2020-10-22T05:46:15.368433372Z 932 aCNYxt6s555HpW2Kast09DTwsuHBnLOuQ8qoBXApTXETy4uXOfIO33nwVe8U
2020-10-22T05:46:15.378986474Z 933 t8wVjsqEGqgJIdOW9bc6MnsxG1ALxu6Y8poqIAXz1tOoIjFpZ9GlAODw2G97
2020-10-22T05:46:15.390345296Z 934 lyt5y2uWUTiE8T2oOizk3I7NXGb5w92PL4km4nmZ0370rMBT15YkynhiYDbW
2020-10-22T05:46:15.401736544Z 935 UYXwOj5XneZh2CBammXrsD3LpBamwXyl8343VQsneYiMkiO3hMYLWHbZXjc2
2020-10-22T05:46:15.412604999Z 936 GaZF9LdwSWuGvCOkLjcglDXSdTWYiuke4iYRDQyJkZ4XUi0yAzaC0pJyZPVX
2020-10-22T05:46:15.423540168Z 937 mzqS5qM7YAe97o9bhaRZQG7FON3Y68KNNESOStKmP8ujRJZF3VBCElKdFsub
2020-10-22T05:46:15.434616250Z 938 k0WiCk8l5G9G2Zr4reSHCh6XICEhKm54pjqStcbdQDruOTtlmReJBkYOOfz3
2020-10-22T05:46:15.445731625Z 939 q5ps9kAlWY3UBoW1IO9YCHCweckkPH6YFdyQ54cvUEuYXC7czfQZ8bmhYYCL
2020-10-22T05:46:15.457062834Z 940 cFNzBqYITtW7RANPwQHKaotFen0GizNKoJBi9ZAbdr2ARujpCkzTKulyqAUL
2020-10-22T05:46:15.468152869Z 941 84eO4EZN0pcryumrCTuhrWDhQB9sJPEIG3rgDgkcikrXouMLmDJdfLQEar8F
2020-10-22T05:46:15.478933060Z 942 jCFlQD768Rko96ChBr6Jb1If8fNxE6sBNs8LdXSNIpF6E4mwzj3FN7qmUiRx
2020-10-22T05:46:15.490568172Z 943 hpAQQBD9QtqjQyEFnJLK0rEpRFWS9PcwK7rtsG7dBc3Sd3VrYsNS6bBFcmtl
2020-10-22T05:46:15.500824045Z 944 ooOLpCmPJhEqFdfhtz2ZTBfJJFt5Lwggtk1P25MOZV1SfJjVTfJLWNt28Z7y
2020-10-22T05:46:15.512565440Z 945 Dwwt3G53CXSVTBj2s3o1ZGvhdbYEpjRFLo8oNzcdiGDlcUiaB5X7GAWXNKua
2020-10-22T05:46:15.523660645Z 946 qo3p8bC6FU32Ek2yezxvcSJQQqFZ6pvXXpI32o1CLIxXtmYlATR9pVQgLN5A
2020-10-22T05:46:15.534918300Z 947 YkEVZ7dlVTveMCMneBKlofaGVy7klkKynp0N9ml01e8wQCi19eJqRq6O2ZAR
2020-10-22T05:46:15.546386938Z 948 SlmSQ30vBLLQwAiRhM5gPYBXkhRY1P1InAUlMeKQ1q66WTB4p422B8OPpmqS
2020-10-22T05:46:15.557923978Z 949 nbWH9heKxysZqUVpcnWfpmy7WHc3365WMzBEpSuTgctEiVKhDYpf95rrKJ3R
2020-10-22T05:46:15.569976261Z 950 UTrqS8YyXW7pF7gg1XpcnZU5Q5mU3b1JA152KMe05qkXnB3dB9dyXs09SuD9
2020-10-22T05:46:15.581288907Z 951 banB5lmgGvGvcvdJKxb5nnlt65ieXfjlYwZM5wIoQvJVAVLBvCfMJbFqDedv
2020-10-22T05:46:15.592890074Z 952 KjzI7PwvMV0qnxiM4UmUl5ZiR8ZyvD4lAIlOuXtaibSy8kATnAdNmyyIw6mW
2020-10-22T05:46:15.603417895Z 953 g4P1h4Zvt8rlcGy8vbea9Xz4j4dUOn6unKwLxhQ2ZfBgzM9BbUVsYKvjwmo2
2020-10-22T05:46:15.614171194Z 954 pbZaMFvtCOGhp44OyyQTcHeVaTGIlgR2DEB1of29YZfJcj3QmJnbkddszp8i
2020-10-22T05:46:15.625685277Z 955 99wwBORpSHBLbJ4RZDTAA3mgbGYcEK5jXMVT1pbh1s2Xk2YLHqbmIzeIGozZ
2020-10-22T05:46:15.636687083Z 956 ahtG6fjd0lDsM9pyiOY7mLinerrLQxfuDOm3Ao4FNd5HiYbADYVy733vr8QW
2020-10-22T05:46:15.648574209Z 957 EdpPtZ9pvcRiK1zuFABTLPqQv3ihBJHyoTF5JmjaKSzSNHn4nqKKzL6w9yof
2020-10-22T05:46:15.659117453Z 958 0ADfkScpC97jj9W1Pus6wfdfZ2XTLCGEBVDTtb0SYV90XArttBC24WYFEz0A
2020-10-22T05:46:15.671093484Z 959 IFtU9s0X1NohOwc0n79xUtx1qYBBln7nWCCzHqKY2xGu1Oh5MVTMc7wrxvqa
2020-10-22T05:46:15.682865330Z 960 W1cblPUMx1d0uBXaVNYwrxv0vTUacysjrzGc9JdK0RjhKAX4ecyzGWyZYYlq
2020-10-22T05:46:15.694821605Z 961 TVwYmLgjdqx4XarC4y7cW6etjCYF4P08UUT3i6S31lLKderetgFCggdBOHdC
2020-10-22T05:46:15.706504848Z 962 UVIYnLvyl26BejgBw2NfTS6dqP89qNzkpg7rBeiEFWvoODdLUSGAAy8x5leP
2020-10-22T05:46:15.717838928Z 963 HynSb4dzNUq2IwI4PyJMtdtauBszosWZ7G1RaY0PmbmW0U6AvatsYBFpOFCj
2020-10-22T05:46:15.729567281Z 964 H55s5WH7xJ8PbLoGy576GwWWw2n91ylqn6FYow0sApnnfTdKX5TOIWc9KngU
2020-10-22T05:46:15.739981080Z 965 jf4fHOFAQviaimekxeQZqB3aEvI7GbvvHFO4EUEsKOuMbrJaCCKcYcIDpzVS
2020-10-22T05:46:15.751625779Z 966 l4KbU4K5jQDNm2ovbnKkquET3yvXp6Cxc9ruAkg5F9acPaDPSslRE9unU0Xm
2020-10-22T05:46:15.762500838Z 967 5LQxtcRM7py6PApYOpozWJA8J9jNRhZrEICyxpTo4AidLFZYol0m7vsZW3Ul
2020-10-22T05:46:15.772892381Z 968 KdXCvOQtYHpIyyXq3lYisGt3tOfQMxSnjbNCuJiDCftYGy37XGTfxfeLBrQF
2020-10-22T05:46:15.784385256Z 969 MGhOKhgaB7cLjjiRcn6cncuqYWYI04wdRd9gcOqROWWCWVbIHG1fIsn0E331
2020-10-22T05:46:15.795280620Z 970 d3gzvaEaXFuyXwx1zHvzsQIJqJjdg00kAJyBNx6tgcay6rN5XzvMCaeaaJRQ
2020-10-22T05:46:15.806041390Z 971 5ZnBsG7pl4plTyzoH7oXfzy3RXW3hOCrRUMPbOFmWpvFt4o3LlrZeJSoXgbl
2020-10-22T05:46:15.817119416Z 972 5ZehWdPtCmC5SjjGAHmfflmZ2IK0EIzr9AU2BRaOBZsGTrneCjFM5uR0cMNZ
2020-10-22T05:46:15.828587366Z 973 sNH3HwPiSfjuDyn11CIPiorKWnpQw8mdsOeaXdZWXb9E3WqYqBnl2IEOZV7Y
2020-10-22T05:46:15.839188836Z 974 ngIn7HHMsbdA445yONildb1GB6wNUB7kTW1CPGKkFjRUD0YexFkhkOvVzgFX
2020-10-22T05:46:15.849823088Z 975 grFXdwyCtfXNCK8aByCcL8KvWTw3zHh9n2bX6rC72xiUAnlqQ6M3Ed1uKjCF
2020-10-22T05:46:15.861772235Z 976 R5AfPPZGrAepDloU9OXPScBwCN7xoIulYbsiLMvaCAlWwz5N0n4mnJcTav8S
2020-10-22T05:46:15.873783563Z 977 PzftA029vLln2egDqijDMNwQ8txcMS9uzlSlWhZTSZDriK3l0OK9DruehF7b
2020-10-22T05:46:15.884955895Z 978 1RCSTt5GM56Dmj33ryNiIZmUAuW5wAsz0L12Ljm191emAmjIoRB0YKXe2Wme
2020-10-22T05:46:15.896929516Z 979 kOJ9cNYlqzMe8dYcjFZ1a90XMTAyJMOffIckyTEI6cZmm92qxYOtxjm4EM3o
2020-10-22T05:46:15.908339259Z 980 clWHgfd5VA3DBNcHEhASmwEZLmC95bZDS9dNBkkou7nombIwnLM8zg62RnUP
2020-10-22T05:46:15.919729746Z 981 XBZlzenYKLJSapUF7aidGxZv0s2boWPuECPFlaS7R6lGDP86Mnoe35WVEOln
2020-10-22T05:46:15.930913112Z 982 9APPcdkgQquhAYSAheTdYs1II8D19FdMLavMvDwkZj7ev0HmVQXRMPFzIE9y
2020-10-22T05:46:15.943025001Z 983 GIOab4RpTaboWh6x18e7Ss6AkPyz0rGqWwYu1GT5FKUSwW5OX4r8gvKSBiCV
2020-10-22T05:46:15.954180755Z 984 DPP7bfuwqFbjOdZjuoy59oH6IReXbKl3FapIJrxLYUfjJLPf2yD2K8jxstA0
2020-10-22T05:46:15.965108549Z 985 c1k9QsxAIhqoOqpyyKxfAMjBVYI5lW4RQpAdQrm2yLai6ibff4nQfiHxSc1z
2020-10-22T05:46:15.976197972Z 986 01MH1uEf5idFfB9OvXvgpDvHazdswSnZWfaFhovy9wgobeCXiWuQNJmDOral
2020-10-22T05:46:15.987922250Z 987 MKSAtb2FCGYqRm01LNmV18d5YBhCopO4K60t8QwU8COZxHHCSVacgsHU98e1
2020-10-22T05:46:15.999642479Z 988 Y519Le4667S1PPStZMlH0qdkUZCo4FYmsgOCCi3h6TSKzZYPJnPce9Bqm9lX
2020-10-22T05:46:16.010659344Z 989 li4aBa8W98YfS9XAgEqSmYG7CSEluWGyNNBPSkkPTlY0CflPd6ot13fb6yRv
2020-10-22T05:46:16.021644289Z 990 nMzKNmMCPRMJIMkKVEzNqU2hVz33TWcpkOcQyYWwZROB6kYzDNAarcN1Wfcz
2020-10-22T05:46:16.031949597Z 991 IggchsMynThzhMd4nC1g5yW7o3dsHWh6NbOwifrCHTHTadIEWSmozGyWNM5n
2020-10-22T05:46:16.043647363Z 992 kSXwpKg5u0GAJrMEjZTkyl9NErVVgZnQ9A6VQsfh7G5yHwKCI9zCnXb9jeJ0
2020-10-22T05:46:16.054511267Z 993 RAGuoQyW5qhxHmv6NbdsSB8GGnFI3alOLQWLVtsikSXRxHDuKIU4U5QCtQ5q
2020-10-22T05:46:16.065476531Z 994 WBdfBHPOLNaaqd9PBTQ1X0LihvhjpWF0YuLpp6bwFGPfpypXyKSIXVxBfrHO
2020-10-22T05:46:16.076722184Z 995 5vGN0kO9IpT2E4Ucq5BgYSNAYip1SMsK1kPt5LR0aO0DMA8eWhkBBiM6PamQ
2020-10-22T05:46:16.088831245Z 996 4BSgw34wTSn33iEnZ1MRkWdotWneK4hxB1N11NHWHZnvmh3iMwT7qrOVGBVp
2020-10-22T05:46:16.100427187Z 997 0sw5OX6A086asXlQ27ArvofvyLcyQHclXtpOp7BOZFU1lVzs0w3kQSZNKAfA
2020-10-22T05:46:16.111776441Z 998 FjSDCDkfBttqBFL4u0dF3WLsnupNDScp1onNSIqCZScQpIkaN8xltYgsCvDN
2020-10-22T05:46:16.123666765Z 999 qmlB4Pcumo0im3vfAGzB9xB0yyjnfd1EuhEnqet3gzgvnfHNtDKPsBhKsPx2
