2020-10-22T06:01:33.357584591Z 0 I9Z7dolk5P7BjZUkstN6CDqptOoqb5dXYiTwoJA93PI6abz2H6Ikf4bLgdGioD
2020-10-22T06:01:33.367261103Z 1 TJXeIwVSMhxWQCOoYYIBtZXB4hF6fYWm3b6qIFYhujN1bncUhC9JeHUSYm0bZr
2020-10-22T06:01:33.378682756Z 2 MqOBecSd3lEB8flDECyVKsIwjodHBJDHhMeN9PXCLdctepDkmu29pewbcUEEP0
2020-10-22T06:01:33.391157042Z 3 PYWALw5tiPoWGo9LnbxFOSiJl5MkWFZZICFOcActtvjXdxLGsKxfEuImEwWwXJ
2020-10-22T06:01:33.402439322Z 4 1fwiYIdo8q6U70f2ha1CxrjdnAHVrds2wmeobC0xwT3EbfrCJsDgpbfzMfUY5Y
2020-10-22T06:01:33.413846845Z 5 P0YVIzHkZ5xoQxFbw3Ly5o4s8lTyHE49mfbXcb01emtXXqbQftxDC5hhH2seVc
2020-10-22T06:01:33.424328163Z 6 rJvC4B0fvi49BJB3wOu9XfcXggtnCNK2IfE3dYrRqc17gXmKgDpQUSklENWWQW
2020-10-22T06:01:33.435136821Z 7 xr1dS5nxfqfr2h10xFEnZrH5OQz70VfZN0YtouLGII5ENud6awtQ6tYhAaJPh8
2020-10-22T06:01:33.447186640Z 8 f5Dexe0ZXlY6Blik710py7kButx0siLaMzqJJmaaRkKH6KTyC5XoXoObNNK7Bd
2020-10-22T06:01:33.458679559Z 9 DwJpTvvNiAq9okviDR4UAbtawFglK8Rn9lhVHNF9FyvHIkuyo6pva0hKRwTW11
2020-10-22T06:01:33.469917940Z 10 pwzh2PYy9fQczAiWpaOTBWJlnyLKZOJHAAOU1wguFgrrZ5COsWcPLLK5HPygW
2020-10-22T06:01:33.481415245Z 11 waXj04pMt4iBWrJTQRyfJ0lbVtqcRuuICmW1KfdlAfycrmgxAUV1aD1yYbbA0
2020-10-22T06:01:33.492761738Z 12 3lbO4pe41vU0kbEY4wgabvcXYey8HyGkylyab7QdDly7yLqeBmbATS4lDBpTa
2020-10-22T06:01:33.503321323Z 13 Sz36nyNPLRv5GShGyATXAXm721LVB1wv7WlShwL94jWekUU0xnYEjWLRWcMpz
2020-10-22T06:01:33.514277631Z 14 1svEeRvDSyqGYlnafUF81Uz5igd1hIFfvT1zKuVcNexGfImaWcVeJRDd1EQwp
2020-10-22T06:01:33.525511362Z 15 F19nljA4eiwqGjK5IPWoAChXnGlBLEuN7ci4MvJKM2NM44xMxYjaNEUX1RGlY
2020-10-22T06:01:33.536629022Z 16 doiFUbBJhmiwMCz9OYb6k7WEz3OkhfKe7PlWyBjeoVKWP1tUa3DmjlGLncx2V
2020-10-22T06:01:33.548221274Z 17 TUX0wftnAuEY48mnHswCdO3C8Q5lOyzCaL3iyLzAjbC1qtXU7zVGvTBUBimw8
2020-10-22T06:01:33.559681815Z 18 FIMIGkwjOX5YKbmgRvcTm73FEE39P5P4ZF3ZHVX2rV2BgSWBuTv98mNEMdeaP
2020-10-22T06:01:33.570089002Z 19 LSBuyTYRzBCS969rNhwJWFgYMK0Y4vtQnTLsJwaYjpaLLmJLQ4dYKhnhsb5OZ
2020-10-22T06:01:33.581555609Z 20 FwlSUa8m47y0q2bqqAnYgXRTPaFhl7y1stIv7GG91315lGm3ym6lfSUGcJiON
2020-10-22T06:01:33.592740205Z 21 jSuE1RaZQr40AaY0b3vILzy9LPT0EhtMSX2yK4Sc6E6NJU5szWazB30BEpztQ
2020-10-22T06:01:33.604150196Z 22 dUNNvCOxAfoeyD04ESTq0ys9NjafjErtnUMZu1GnssIQkgg7gmQAB8Ltycst3
2020-10-22T06:01:33.616114992Z 23 QXgga9NIOHhnXi3ZBg9Ej7UuyRZ1fomNq4MQvdh5GaCzoyrQBS61z6JIbPgwf
2020-10-22T06:01:33.627559169Z 24 lsDQDWZuUqZlJLCbAMUqoAs46XiqCkPpiyJs6mASUFV3UavMRMdQkuv6wcd6N
2020-10-22T06:01:33.638828023Z 25 p8OEz13N5HonW0QCs9cftR17Y6MqAyP6Awi8HhveOO8MtrsqbrHi2390xYFVA
2020-10-22T06:01:33.649373285Z 26 UZmlcWXxQOjFqEyJSAjMLEbStDEPDM5OnpAaTtPKRYc4T1G8l5wEplnNSpI5v
2020-10-22T06:01:33.661048301Z 27 ugaEZMcyYH4jzXyMvxJED0OAzbRubEFeAQEasdlzZYizpjHXlK9QBN4JEQdut
2020-10-22T06:01:33.671714513Z 28 l88ZStkrttMNSa4I7VlYYRFJZfhla0lqIy5u4Rh7SBgb29mtLk3ISOWu7AUK6
2020-10-22T06:01:33.682921591Z 29 QuOHmGCOTCZFskOYmVehfRRDB4t5vlzxIy5n3XLPaOZco5J61mj8J191QAYcY
2020-10-22T06:01:33.694056140Z 30 0glSktiww96ERGzU4z2iL7WWB5m1GStU00btjpSFhKALA5G28cgaAwfMCrMts
2020-10-22T06:01:33.705412085Z 31 lr29c9J0ARYQdBfuyfB2NiHo8UFUZRZQksnugISkXb8i9ngnBGDJqb4aO2cfq
2020-10-22T06:01:33.716247687Z 32 DDaxURIATCYwY1BtAFZWWY5HJldTNAuMk4DUJCPBy58g6aLEnYs02IyEwXKcP
2020-10-22T06:01:33.727795654Z 33 cV8MxYhI7eEtH9bVKUvKeKaBmi7WMJvDk49H0IMMbpNe1e8s4hSZGxHJX4D9k
2020-10-22T06:01:33.739788969Z 34 vTZejMLi9oJ3afbbM7CvTIugcoiLkqpHJZzu4rpjpzmUVvlQTxqOly0d9UXNp
2020-10-22T06:01:33.751366615Z 35 PupAHQx4swyGGBq2qV52x3Y5QqP4hPhScGjcHxdG3a3zBuNSfbyaAEBNOh0uQ
2020-10-22T06:01:33.762906951Z 36 SanyvrS4t2HrkD3VjcwxZTyAAFeREeeQCdIfy8GNP0iir01f14qH8iDSUBuDN
2020-10-22T06:01:33.774147146Z 37 qsep4yJR3YqzEoDHsyef5QXJhMCDLCkB15oDeUGhCUsaEvnd6dTyAoEAiid3D
2020-10-22T06:01:33.785253091Z 38 bFYDEG9BbpNBpvHfZEoDoweSAbdPXGMdmiRHso1TAYmtVP8V8oWgJ09hZgO9n
2020-10-22T06:01:33.796410763Z 39 r6jqTrFFuMat7AeaQL1SQKaQ7hYBV2q7U9KdWjCupFajsRwV3LIlNdwSwDpxk
2020-10-22T06:01:33.807126406Z 40 JMpk1DVQI1RmVAROg7YdxsFmFgpfzaPnxo92S3X8LlS18K8Vj0f1cIkMgAG0i
2020-10-22T06:01:33.818643947Z 41 Y3tzH4S04lWqLctPp5eAI08PjDIgQYfWsXJBaf0FJdJSVAn6J3gbrXAWYsHij
2020-10-22T06:01:33.829624437Z 42 YsIny75XlpIIqTQ07WFWIUUm2IkM5UJVibTfCoPU144KTuLqAJxWBdFjNDBN8
2020-10-22T06:01:33.840579711Z 43 0SvRwtm3WZ07cOnoildqIKu209gbhJpbhpWN3lhFsiID4AcZgRQNAbwUG4CU5
2020-10-22T06:01:33.851554568Z 44 VT5424ErPY3dYSHOG3KgbXAtgn2QEHvqFtNiN2wlk2Odq2aT6Da951SqDk5sY
2020-10-22T06:01:33.862518323Z 45 NzIZqHvpWNt73zZHlkDQKbv65FFgQzf2NkxGnwUWg5r22SO72527XSqSfGZze
2020-10-22T06:01:33.874206045Z 46 rXPKlSQtj0DA2yR8ChB45DKxpTLERspMW4odLs2uK5jimLSRSa6qll2ZTYZR2
2020-10-22T06:01:33.885510450Z 47 KkBwBTijpa6f7mgh62eh6WBlLNywwdLz4Ib8ZOxqTHn6rijd13v0EotooYf8H
2020-10-22T06:01:33.896657020Z 48 sUfb4JjDXDYSVMEWuFLvVeoKsc4zIJ3NoiRcxG43XxUh6VpU85l2xY7Wlbefw
2020-10-22T06:01:33.908033511Z 49 rPHn6LOv5dOh7mrviz3EptWjrg4iRtx0fCcVEZbF4ASDdwvwK9A5nE8LG8oNp
2020-10-22T06:01:33.920138948Z 50 LoRmI646wlK0jzDzKzXs5qxfDDysw3SdKAmwP7Wb05xiIX4SPPPTFXUPgUzlM
2020-10-22T06:01:33.930737666Z 51 ksmkSmGynw3DyZ4RbxF7Uf5Y9qTWHsnj9NmBHl4iifVQ6b1yJSR3oiKIqPXH7
2020-10-22T06:01:33.942481182Z 52 iXCgmA5NcZjA06ZlxERkEDvGecnSnpJ1iSi7AECbmWgceMjge9JHKrYMmW1Jp
2020-10-22T06:01:33.953742879Z 53 7aqyr5qgBUN68NDILJQ1LQWMwZG7b8EngLmhzCWtLBMCFttAbIDvxBVj7HseO
2020-10-22T06:01:33.965177867Z 54 9t9Al2mPUq5PRMTDUktTtsfVIqKBQ9ftLD7rgfv8tqqxeJ7yVgreiv34DkwpF
2020-10-22T06:01:33.976693739Z 55 N2lCyBInkMSST7sdDnfl6fBeYwcyJfjtrWJf6jXofuY20hD5Vns4rIMJ9Mm5k
2020-10-22T06:01:33.987632766Z 56 tHHxWrctMKkWkbg6A6cVivRU0eQs2HbFsYTVMKoUATSNMb1TZc0SBYgt9CFCQ
2020-10-22T06:01:33.998910115Z 57 mu3P43svxJrYpNSL3pFDV9G0SCFHquVMWQavNKKGSIajOWfjJXtWP7lFQEPfb
2020-10-22T06:01:34.009882856Z 58 6U2fzDwsxUaMBDurF0nEncmHtCZw2edFh793uiytTdM9HSDNPoPjKppsTMX2w
2020-10-22T06:01:34.020377261Z 59 cooUOk3ypvI73hPuzXbrzI3innRrmB3BY4MVCfU9Kjf4z7FAdxUnFQCOECatV
2020-10-22T06:01:34.032233144Z 60 lSiWErlwzOrfFZ0TPXCcXL8SHmGWQjLHVREeGL3qyicSCzSUPPoDI9x3OUT8T
2020-10-22T06:01:34.044240671Z 61 oSrzplQgMmFy3OqEDaLSxThWHpDV84wIuWt8VHzK14GCBC1tDEmerEIktBYrS
2020-10-22T06:01:34.056146505Z 62 oIqH9SMWp3lAAqoA0yDAc97SZuRbCjKx3qqXuGEeIUiNEVSDUytWTUj5a6npw
2020-10-22T06:01:34.068225021Z 63 TmGxME1RYWW7mDFhD6wd3eCmD7b6yr9NlE2CHFiBs5fubr3kyvbwqRDOcE9CK
2020-10-22T06:01:34.078785596Z 64 haZPmxwtmnH6nJi5HzGd4PazeSgOMNLw1R1xwKk48jttTeSB4nGjKtWUmXhtD
2020-10-22T06:01:34.089399293Z 65 rQfMgmBNSRfymCVWvz3OQbkcu2NOon0aJYWSpbFOxLvx5lAhE7DAdMWepQd7B
2020-10-22T06:01:34.100926705Z 66 KhpCY2XAOPv3W8IMEpVGh9xm7jG1E2M2TKtqnUs7r7u3Qphdqw1zPsObDYGhT
2020-10-22T06:01:34.111785202Z 67 B5tfSYr71ByVrn38pmmSKW6sLO8YJbDQiuibjBmnQXTQP5NqDbWs3GQCDliSx
2020-10-22T06:01:34.122829829Z 68 WkBX7lfxGODWENOcZwmyVzAzbv4hPFSPpe3hOlUnXQQhXMkli57qfA3BXczcb
2020-10-22T06:01:34.133404621Z 69 TIF3awypGwUaaopW29hX1ZUq20mMZ9pmucJh2zJqhCw8CMfGyrztrufpWcpQq
2020-10-22T06:01:34.144925316Z 70 0dks09ypUQBwgZitoa2oEkEVapQ025CtzxWdtJ38zogsRCU84ZwFePipkdPUt
2020-10-22T06:01:34.155480483Z 71 1s8wIrAB90r8ygsakWVlTSnpEqhJaXXIj4krfLl7YT5iRYoIQecYgDlaKcDxg
2020-10-22T06:01:34.166757742Z 72 r42IyzA3Tengk0WJurEI4Z3Y5hU6u66qE74NTgmQiK0UaptR6CEZcaV5vmHum
2020-10-22T06:01:34.177347212Z 73 QuGIcjGrjj3AqcSOLZIXZM1vOpB3oyACXWVM34Y8epJgqGeJDJ1wryaUwZvW8
2020-10-22T06:01:34.188970101Z 74 mY8adOC7tjXb7bE9NvuwZMevg4HbP3HdeBJ0sCXkU4Iz5PkahANXOnkwL42n7
2020-10-22T06:01:34.200790333Z 75 mH4e0jP6jZo1fJ4zlDk4IXc3sWTVS8FD7G61MAZQ3TMscHuwZCA3Ts05QW1nt
2020-10-22T06:01:34.211745097Z 76 BCpxr1wfA961bUNwg42yBIyk7VfUEf8ccXFfSgE7PuFX5L26y8xxG5B0iTTiz
2020-10-22T06:01:34.222404224Z 77 qdmVtqGcZgGQg7YrSYBbrF7plIkP4gUYGmuabSkErahFz7OdrfjHNlhlKu9pl
2020-10-22T06:01:34.233703296Z 78 YNJajuAuq22iCLYzZUpPDvyDmqEKzqU9uSP1wy4s5RLaMB8SPaUyHvBZYWZU1
2020-10-22T06:01:34.244248392Z 79 Z7yns5wPBQYe0rXXJO2Nf3FkGFRhfgEIOJniSPc2SRBxLQuKtiZyeakLHWnLi
2020-10-22T06:01:34.255415011Z 80 BtDrlEZnBPQFK1YkQWXu9nyqfqVvXfeRoxTF3dQBbEOV2weRUxjwYEl42Lh9P
2020-10-22T06:01:34.267145612Z 81 k6CEztiTQz5MJ5yCzaGzS8SJsucEov67f6kI0zkClFHg27DphQmDswABigk9q
2020-10-22T06:01:34.278090845Z 82 9SD7K2l5UCXNgJVnYfwl39QHgTyvchctOWKTHcfEdQEjUFKiFKnCaf0iLhjuC
2020-10-22T06:01:34.289606014Z 83 caahmXmWj4DkY44xxPJ2ZVbl8gatKDovximQxMdYLSUkLAUVUT54LlnoFNrq3
2020-10-22T06:01:34.301322633Z 84 RWl1o6tB9wiQRgjD03vVWGoo11VEzPmz5tTlp8E06OthTMthG6j5HtFbVcKrT
2020-10-22T06:01:34.313128795Z 85 CdVpQWg4VgpwOGv1GgwTKYEWotGYcXMhs8YXNMZP6Ls200b7Ug1BXe8qgh7uz
2020-10-22T06:01:34.325110114Z 86 Rj6i8xEa98281XJBUzvBOCc9ZjWkYE2vQ0PKsC5GnEJIpl2GNAvDhI2juwPHw
2020-10-22T06:01:34.336945374Z 87 MCuJ0Y3icQSvqvyiAneYDt9o0EaVGAske0mjjxSsTaKjf10Z5WSFE3BsIS8td
2020-10-22T06:01:34.348611774Z 88 RQpRvPWLF4K1BKMcDCXhCG45caorfkZM3fOlC51aC84koktQnJLElvbkI1YE9
2020-10-22T06:01:34.359712884Z 89 urC6m9bSkH7oUt5YxkyflEkJBJbGDYiU2PApmDutfD17lGWEGo3FolY1O2OSp
2020-10-22T06:01:34.371060611Z 90 2i6Ycp8H59zlzrwT2BitK5gj2wjkQx4vbNpVRAZGb684h4m9okxHbjOZ5goxj
2020-10-22T06:01:34.382249856Z 91 Z2FrNMMn0ENOMfx56GcR4lexsqd1jofqYvGLlPHH4pIsdCs27LPPwYMSsCKWi
2020-10-22T06:01:34.394226549Z 92 kkFdAIx10KENPffwAdpW5sB475nxDABPsCOM6YB5pMK2k4V0x8KNKDAEI7vpc
2020-10-22T06:01:34.412566436Z 93 hERdqTvn3q2ZOLXnlu4WEGXpks9C2JVYiMbrKAeqh3B66Zm5jp0uepKgGVYmA
2020-10-22T06:01:34.423275579Z 94 oTbzfZLptM2JxviR0SA0p1JIUjr37hFtxUH4w8fgc8AFN6QjGTb4HGZ4cZmDM
2020-10-22T06:01:34.434536014Z 95 F8bfmxbclekAnrPxiP4qWXbLqm4Pkecrbhp1ubN4N5ZUvQq7im7vYNjV2zcxG
2020-10-22T06:01:34.445970286Z 96 0Df2778QYT0HSPeG8uRS5I0nrsx3w4zjPWwuUcwaAvTazxmEyFspl8AZlsuqa
2020-10-22T06:01:34.457385615Z 97 fqpwBx4b1PawxetagZnY8r6cVp8W7XInG2GD2cq1cqzn9CLAaMCbqQbzyn7LM
2020-10-22T06:01:34.468981269Z 98 gzJD9GvmUfMAduW5gyfO0VwVL4p3gXlL1uHCCqWgXqO8dq9WufOlQXGsGSTuq
2020-10-22T06:01:34.480161384Z 99 lVAlv38wTiGG1NBcziLibMcbxQLaj2VsjBFKXTLerfpL1HRlA2UdlxMTjRyuO
2020-10-22T06:01:34.491703833Z 100 Air6NmJKYvmIlJJt0D2FTyPwvShksvAKfFXpmvsku3nqkNAmdu73lj2qm8Xb
2020-10-22T06:01:34.502690465Z 101 TwBBddAACS9R93eBXoUr2fkyb4qlRxGLK4DVe2qV9s8J792BoFX7DSYkRBTL
2020-10-22T06:01:34.513521360Z 102 8rWBf0BW6JRcOnyEwJqX0FVeNVfxe30l6hWoZWEIuL0RT5rpuxKj6IQeet6X
2020-10-22T06:01:34.525215166Z 103 DUbzXRKFvP7rxe6rsUdSmiic7qMelmCm153rlT4CnDKTd0tHwsxJTkpldGpK
2020-10-22T06:01:34.537177348Z 104 YkfKzwiP6v5w1UIv31caa3XkUMcB2oypyH4skhG6pIsxvNHHzji7AmKeZ3qH
2020-10-22T06:01:34.549383723Z 105 hw7KvHgx2ee9Rr3cxeMPGB4ypcWhV8m5iXbKc1wzwIPfrIMIc7Q6ekxWZHjG
2020-10-22T06:01:34.560455758Z 106 lTE6OIsLZqY137ZbumOBM5FtfN5dmOZAP2WLj3Cue5KmdiTJwYlAvQpmtZDW
2020-10-22T06:01:34.572154330Z 107 gL4nvjHWDI243e0KKaw9IKnOFq6PQrDX47Dh97qEyQJWxTJNKpVOsaZ3BuGS
2020-10-22T06:01:34.583637794Z 108 JQtTTwwBUa2RMWh0KPoh9gIrzb8SngUi8d3hyeXGps80AaSZ7JS9st0qdROu
2020-10-22T06:01:34.594376262Z 109 sbEroCxNN9xAztufIbtKJGAGe2uJ3fC9OEjNuYVOKswBMPWfiueoVSCxvvvv
2020-10-22T06:01:34.606316032Z 110 2x3RXx7hkK19j54qFx8ksSDdE5n1jFPDP8CCSVp5KA01PD4VvWwh8CW8HH9C
2020-10-22T06:01:34.618094992Z 111 h2Tw9OwoovFgworvJ6UvcKdkdwhjailoKdL0ND5SscqaEGsmfnaslqa7tVBu
2020-10-22T06:01:34.629849616Z 112 Og7Qvq37MWAOuXsQuraSgHFWmsUBR3XBW6cwaCb5R78JbQ7EIgAvGAnAFaY2
2020-10-22T06:01:34.640533200Z 113 dxh8ATqMNxQffWgTtxwgmjZR9brgqyd2G7KXH7qC4UtnE6pEksjwdkZZnyJZ
2020-10-22T06:01:34.651800304Z 114 1xp7JBXQlAxAwBGiXER6nS7h37bn6WcwaBqU5UgMvRNah0KA6SmzrpL9OXRW
2020-10-22T06:01:34.662385089Z 115 R05by8gpQ9nFSnf3uPlzqE3k7DL3LVp5iYyTbcaR485bQ5dFAsitBWIA9WGM
2020-10-22T06:01:34.674257483Z 116 7DMhaFi4eQkU5E2fJYWbKGujXZt5l7HWFhhCLM4802Qqg0IT1locF1DyJ2bc
2020-10-22T06:01:34.685992273Z 117 FaZAhXhcNuD8ssp0cvqlxlECZXpkvwn9lR58yQk8yT6hElulX08hJ7glYxI2
2020-10-22T06:01:34.697448538Z 118 vcDQpe7BAWcN0NKWppKrPgs6tS1vJQ0bax13105uwcnMtNxT6JDaXwVpYPv3
2020-10-22T06:01:34.708692603Z 119 tGNaBdtZ75Y9pwfK8g9qCAgO1PaurRJPPLiXFmkKkbIuu606Ni97UHxrAQiz
2020-10-22T06:01:34.719853229Z 120 CoxFvdoE2f4Pn2vUH10Ddf5gZzxyi1fcBrFsjfp4K6VouY6sYjkufcerauze
2020-10-22T06:01:34.730558277Z 121 6Yt31UBd5hrjv3nmsFNKTxUFOZLHPQyRJiXP1u38sx8ERl95nhMUFSMvoj8j
2020-10-22T06:01:34.741363436Z 122 eHigR9EzETZKSTAe9mU8AThxHHJSnR2GEZnT2o5QdYDeEYNTJEKzWXFNbqsB
2020-10-22T06:01:34.753238681Z 123 kWwp58s0UP3l8JzTM7OunYhnc2swSrss5lvu7tMNeCMKwC0E9ILXxfo8XKoK
2020-10-22T06:01:34.764256416Z 124 JWDhbzeuzrJtTjZcY1Z6paBzWijBWFOCrongBMIzwFedfEPQMtBd4wwccMrL
2020-10-22T06:01:34.775906260Z 125 wZJ0hnUKxtrbgK7Bbl3VJePu02l921a9I74mjArV1ilMxM75VR6majVGwjbh
2020-10-22T06:01:34.786532516Z 126 6pPdkRiHv97ME1WJ3GDQ68n69fi5hzCp3PziGoHccEmZMY6zGiGV1W1VRxQZ
2020-10-22T06:01:34.798031589Z 127 Ywfl5oKFFNcKavbEo0yZi5Vl4C4KIo5gmwI23iSbmBx40H1RsFL7ZkNdAitq
2020-10-22T06:01:34.808731305Z 128 BhzbG4RaDyAnNtirKPbDZ6WVZ1vMAcWzJo4AaPlHyU8eBlkzDHo7UUcw4zsY
2020-10-22T06:01:34.819335237Z 129 GnbzZ7afalcXsaMTtamu3PsOUJIgLfBDszdBQigmZzMaPgybH9qI69ehPFXC
2020-10-22T06:01:34.830294347Z 130 rMWbzcQtKmhMbFienUd1m6ZhzkvJe7cv9t0Ek9u2xyyxqXVV3lHCLuItxHCJ
2020-10-22T06:01:34.841938195Z 131 BG0AUKCs6ajx2fn2FvpELhJQzQq6d4QqaKukgJ5RAr8UnaOzZL3ExDzwqiIN
2020-10-22T06:01:34.853132909Z 132 Lq3RUTw0dghiKfyfX06abr9zcGVEz8kpVh1LEZAqLu8kzMEOO9v2fgphnNLb
2020-10-22T06:01:34.864840936Z 133 dAXdgioa8JSzIPSdXI5S2Tcwn0C2NBFOHnIxWI1rWQyzoCMVIS2RQofXYT2v
2020-10-22T06:01:34.875654680Z 134 UL48vqDKJJ4iMtQW774hpHXutmdrMoG59ibohE5oCtq5FvdKvk7OUES0YhGm
2020-10-22T06:01:34.886729882Z 135 ZFZaPcAe9jHuN2EAVkc0EriRZAjOfDPxzoEU6gfpjnOqMPR5ISvY2B75tBX4
2020-10-22T06:01:34.897491893Z 136 xiZdRqKWkDnjen8EdRm5O4zRcaHrrjPvhkrZCV5hrtCtMRoG76j8zsP2mG9Z
2020-10-22T06:01:34.908776100Z 137 WM8cHYJmB4faOMTVUapNx9S7eWawvSw0xETwcGGSBlJmYV4PXry7As5yOxEP
2020-10-22T06:01:34.919311850Z 138 YFKZuByo99gZ8KAdIuOxmu1kKwPXQ2OMcsfH0PApcjzDm2QPPzlgcRz0GnF8
2020-10-22T06:01:34.931080543Z 139 OK7bI1L4CFKGUVWGO120UGYWfD35Qd4W4xxPemczYOz9DiEbVZvnq4ePGMGR
2020-10-22T06:01:34.942759768Z 140 A1V7EFFruMayrYWtdep3DyKJyXZzn3ddeayy2DU7PuFRsXm8NTVySUlo4mjv
2020-10-22T06:01:34.953870677Z 141 1RghCDPO475DHO4INd7j4eYDDyTIJXrXyoGEPATa6LjztAagTPNXVMD1UBQ2
2020-10-22T06:01:34.965653357Z 142 wZ2nsSClFk05vJCOkmfBZDCr11Ey2gP22fWkEZFS4QWkHRLgoJxjf8xa99qh
2020-10-22T06:01:34.976628566Z 143 6gGCIUfKWG4i8bylJIfG2MO4Q0s1UWnXqYZ7NDORRoxW3cSd0JZp78LAU4zR
2020-10-22T06:01:34.987901115Z 144 6EjjPos6h2YgfFYQJxGHsdU3w7coiYF5daGDuar6xgzFHf2nkfKKr5zMNvCD
2020-10-22T06:01:34.999413777Z 145 FxcaUzicknYfCbzmr7KRdghYwtIsDwx4G2HTzaq2jugLdUrNGYsZCF0Q4zea
2020-10-22T06:01:35.010655404Z 146 bm26ankgtdVXFoSZaj1T3ang5p8a66csLJdFKEHMCh9HDmDOTlKBMoHQTzlv
2020-10-22T06:01:35.021671897Z 147 VPFOHD5VzD28G9ttdpXdPmbNW7yt7vqXGcicTd8QDaruRfeT5wtyR9oEEQil
2020-10-22T06:01:35.032632016Z 148 inzEkOokq4NPSEnkty1rZ8gxfqRNU3T0Cv06Aqfv9jEUn4ylVEV3SUMrKlWG
2020-10-22T06:01:35.045220744Z 149 DK7CSkIJSg2xA5KmcRifzTLcwZ88uXXxdv0jtZvF9UVY6MMx7PN4gKu43b3v
2020-10-22T06:01:35.056534007Z 150 rD5CV705T9NUyfX2sD0bhZFPqtwbiTTCAdc1hKvtgNXqjPxWHP40vv1v1Huj
2020-10-22T06:01:35.067329028Z 151 08VYa0gCqVG3C7MtslWLdiFH89J5vPZrQ3LLLqy2877y2L4gO24aM6jNqtbm
2020-10-22T06:01:35.078372174Z 152 k0rGjou1OI6KaVB3JcuhaDAg7tz02EB2T0UWkjTqZEf0gyGBD1xPIcrf04Io
2020-10-22T06:01:35.090362794Z 153 nuvDXucaq7G4hVkqSbFQp9bdw9koz3JGFu9aYWgkC3CcTb2stEff5FIFFBdN
2020-10-22T06:01:35.101226922Z 154 NT4IyMXtNjwA1izsXXnR6QGBs6kFF5IJ1gMPeWbEQy0JYpuIMaChtwTnKVxZ
2020-10-22T06:01:35.112410936Z 155 IqcufnuYgRkFn7ciWzIXpPd4JeZEcVCDLMwT1Sp2Pa2p836hBXhd8ixWqKuA
2020-10-22T06:01:35.123257971Z 156 slLPA8Owg5nzOd3GHk11BQVxwTnXDPF5FCTBKjxwKX8Iw8GZy0FDCmi0Qoh9
2020-10-22T06:01:35.135102291Z 157 M3RNaLe0h0XOWWhAN7bWTdCsIzb6NaX7qt6PG6im6reOHru9dhDuJWwtygJ3
2020-10-22T06:01:35.146865486Z 158 5SybzK50d3FnLgcl2WNavg9DLbEiJNz6e6bIg1vlhEt8ZeolTFCvSJ12V7rX
2020-10-22T06:01:35.157681906Z 159 biVYHsGbo1qYvxBjBPgFHeAzmjIUzj3v2ytIsTNkvcnbdENSHUrpBob3gDvr
2020-10-22T06:01:35.168459052Z 160 3PIo4yo57vwQIiQgDonQxbl1SEFvNBrX9e6OvNfihSuPxNXkR4eV3IjXvhcW
2020-10-22T06:01:35.179848617Z 161 y1nHjSXEDbgMVpTkFgZY22AgXEn03wN57tE1mi0DvfJnujSovsKBexEON9aF
2020-10-22T06:01:35.191576412Z 162 ufe1B8ANdOsajjzH1oB42JhLXG1QlsjuA0vUZBXwRHaN7ufGFLNA1QQ8rhZT
2020-10-22T06:01:35.202710529Z 163 XWmP8Wn46ZEQbb9yx3mdy7eZE3Wuof7g1G4RQiVVuFuZNFvsv5lVu0gGP15s
2020-10-22T06:01:35.214588562Z 164 waPaRQ0QLE1yYRStsooeBCEdIH9x0Ml7hZbui2tvrrtZLHGH5v4Ul8VCUat0
2020-10-22T06:01:35.225241221Z 165 KDmUpNZmhwHHTqXdGgjzah4X9PvkekONJ1mH0rXivBP8POlMJQBhimDzOKLt
2020-10-22T06:01:35.236788234Z 166 cjNR7R9sNjZAHrzBnlBDyRDMdPIyE79NFSLyiSauM9M3qflA8GdRZVH2runB
2020-10-22T06:01:35.247729557Z 167 vWqgkXnPHnR1RrBUoo9J8tS8wGVTaJFB9ym2J1tyAbib4zcZFVTlBRU15aXl
2020-10-22T06:01:35.258551091Z 168 B0zAUUxMUzKo4ooWQHC8lEXmKx64UggpKaWTnncZVw6X2yqxMdRYTFCx3thv
2020-10-22T06:01:35.270427943Z 169 bMyy4NymvR9eLXWpgrhh8QibEi3E5USlmBJCbac9OmMTT861cEGootEKGftk
2020-10-22T06:01:35.281289641Z 170 ruhFZazNj2qzRD1Ng8UNVh1BVW6EzfdXHdd1t0ZP1owGIk5ddpt6qlXnYSyJ
2020-10-22T06:01:35.292128886Z 171 WsT30vMe4HoASS0K3so6eoA8HystR797ZVMUwxq4ofYf4YQxur9svsPqiToV
2020-10-22T06:01:35.303538581Z 172 77MkREPFJCNIE7kBgHnkLAeLcWkDEjwgMJecDDw1PGuN4R0A6uBUWJEXf7Wg
2020-10-22T06:01:35.315122024Z 173 gBB6HOYvu9cpFztZ1rUjF0VMd3S1ZcDCl1j7ub7phdRaZiIBszk8MqRtjhsf
2020-10-22T06:01:35.327050082Z 174 jH1YZie0ouG3cu7bZ428DJXReDtxLXXzHtm6t4yukhRrqYNRvEt4kEN2gvhx
2020-10-22T06:01:35.338208198Z 175 J3EICvNm00OtdEnhKb8jdbeJAmKGbeNrn8UpujpXVMGxsbgljdPZBZ07SjJZ
2020-10-22T06:01:35.349390431Z 176 AEe92s3PzkyYYYExoNf01uihvF9qTdLVzqfS9QdeytyjmVROoVVAoK2w3Pu6
2020-10-22T06:01:35.361033727Z 177 gFYkeSn0EANsDmTfko3mdqNQM01yUoLDwNIvZgGhCSS5INTh3eE2QAoa3EiJ
2020-10-22T06:01:35.372096412Z 178 K7cWeRhy97Qer5GqvKxrsHl9pJKiV9zONUtQC4lYoRtK3R9FWpd8C0lrW9Ws
2020-10-22T06:01:35.383544309Z 179 b1ocC5Xv8sXlO4YY4u05Qfhsp4bnvrVwrMcLkHLp1YCDMpJq7Qvsne6b4j6n
2020-10-22T06:01:35.394908460Z 180 KJs4QR7zmlWX03otDy84tcq9SD1enIr2gwNrtCBALMyyZsSQzW6NSiHCbYPF
2020-10-22T06:01:35.406009174Z 181 t7dmCdNbCjv0CMYg3CJcNEcR2AEZZu4JhAWxrBN2z8q4VjmLe103bcOyRcO1
2020-10-22T06:01:35.417697020Z 182 Hpq7eKYLh8V14vtDCnw9irxBb67fBSLsuArevfFpV1EYGiNIled50EZd27Sn
2020-10-22T06:01:35.429181391Z 183 qJ9H5mD99Db8dUJv9nrgLMWq9f77VhByMUJzvH9r4Wx7a52hbB4FunjcHSi5
2020-10-22T06:01:35.440533157Z 184 2poi1hKTJ7jWfulvSfwIuzy9AzbETXxIDyTqjHHTAyxCBYykGmcGjIHjnqbX
2020-10-22T06:01:35.452145744Z 185 WTFOZOrRKDGNSddx3yYa0LN3BqJvyuaJWzuXNdh91MCOrdXyIgHQcOoLjDvR
2020-10-22T06:01:35.464289282Z 186 vecrh0X4h6ujWV3UacmOfZiYHTwonT5MFYCvP0sFAfCMJ0Jp6QcTEd05jsvh
2020-10-22T06:01:35.475649026Z 187 rOkPXjEKx8WtIR1glqor7fRQEDThEatQx7Lsv6HiemSjTeRPUsVgG3t7np8f
2020-10-22T06:01:35.486474493Z 188 mp9Qh9tiLc8uRdRWe8GOAQC4Jdricg9MNJL3tsjG7bPSmQ5qd0FqOzqiM4bG
2020-10-22T06:01:35.497471752Z 189 1Zkz5A62yndNHy2xTf4Ty8K2fIq7is29LvmNH1RuxRjCoZqwdEGWzJsxAUK4
2020-10-22T06:01:35.509084163Z 190 fv4cOs0bcu0BYvuVlFzmVpSvLGcPNxKusFHxNIHmBUaJcsLyYGqMALnmasNf
2020-10-22T06:01:35.520589080Z 191 4sHcEmf9cVBz5f2fAIWzbnwWWFddh7OIqqCLz9X8RwJ1YtTcYxlWJV7YjJp4
2020-10-22T06:01:35.531061689Z 192 rWQJXzzUUqGdmHoPFjpZhgngvh0NNeHGBVZWdVmaDwSDNFgDVRAgfwiynlNr
2020-10-22T06:01:35.542740929Z 193 pS2DIHxHoyvvuB6MeJJds0cUtFV5999UadojrmuzmHGfPF66G4BnuYRgcW9h
2020-10-22T06:01:35.554326244Z 194 5ZNhAWa3QsuwK7SnvrnDg3ohN0casdvKsdTd8nvQzPhjAvZkAKxHBB4kZcIJ
2020-10-22T06:01:35.565443791Z 195 mJgyeWvELTcW6tvHijgHR62UCffCpNAhQFq7TQbUOCgpSf2BJkxhOfB6WFKt
2020-10-22T06:01:35.576563259Z 196 isKDLfXIQjtNTk2yC8uOtotmqFYxav1APIJVuzZ0rDeeXe17kNgdYCLmCEx5
2020-10-22T06:01:35.587876402Z 197 lDgVbkOGoRuec3OCjv7vJKNez85FYlVuefeLp2BAAXLl4mzuivujoDUfOgbS
2020-10-22T06:01:35.598408687Z 198 Cx2qBKxrvgb4ejn68ycapKpYSzMSTrjUthe3vktkWNeWREMgr94G4c00ptc8
2020-10-22T06:01:35.609810634Z 199 xcjGqrloozYx3qSbF0Nfg7cvrGkwITay9Di5NZrFmEyJRzbzpoO6jNbU51d0
2020-10-22T06:01:35.620970548Z 200 axkgMksSQ3VW74vMf2VrkLUB86IP6tKlROAI2Yce7S4LVOsZejohPbqbZ9eQ
2020-10-22T06:01:35.632328131Z 201 7U7jn7uapn81kYpTbIgtAeuduimUhl1QZXcr4cbK9Zq9AZ6NmeRXPEoTYll6
2020-10-22T06:01:35.643498696Z 202 B97yk42952wEiLkeqfbWiLcuonOytS5LbKCyuFsUtmrBZmYo1QqTo3ax2WRN
2020-10-22T06:01:35.654847592Z 203 6CfAVOVTHdmNoNYzsLUyuT9pqjzLgOysRFBNpAvmV7KERtwQrQG00alrZKKG
2020-10-22T06:01:35.665541926Z 204 XKHH1xlTDfWXvMWbm535CLpZ7UmaxLuPX2Sl7t9QcEVZJGGAtX8zZ9yVSUWC
2020-10-22T06:01:35.676310788Z 205 NTZr83k59kzJq5i6RYT6G890no5kD46G4ohgPRYXMuhvL7ld8EiOOGvYNxDm
2020-10-22T06:01:35.687603401Z 206 xac1DBvx9I9OR92KIA3oIHF6MTWD5maSdcoElWCUJ0QSXhIoRP7pyIILkUyF
2020-10-22T06:01:35.698934332Z 207 DXtetZ48fQ8Bz2FBT4S3WBV5HlJzq3sPRUlxPak7jR3Yu25Z9wz1tccriv59
2020-10-22T06:01:35.710843124Z 208 EEat5earEIs8ZKsD5YznNNFL6G6Vh0GOIbuJxFUbiDIQf9HQIrtyGQi2oMZG
2020-10-22T06:01:35.722024913Z 209 iqPK3bztpSJnEqkKSYcuTfPHSEGW30yvEEv5CbEpxGkNYPMqi6F2SAymPEIJ
2020-10-22T06:01:35.734173236Z 210 3avfLqgpDqmXHDwG5Gfx5rqfniP1XnAjOzn4XjWy6CJTuAhlfRjXDMiGHhGq
2020-10-22T06:01:35.746073723Z 211 LYXT2org4wdkBx08xKYDiR9yjQoESlSJiFFr4LzkQOktBu1XSeOadBhoxM51
2020-10-22T06:01:35.757627931Z 212 viIEv4KeVYfILGavQhUgdKpeHselT9DriGdh5WwmkoxB1yuWX7xHYSOu9P0y
2020-10-22T06:01:35.768240510Z 213 8ZneT2QFRGZv25rEmcL15cfFq5Sp6S555mmFqdEjwCNlDGwJiRKzqL1Y58uH
2020-10-22T06:01:35.779987139Z 214 1kYY3EAHol2dIX7a3VgBI7HMtxXYrAEYKxInxLEGxC19R1JHKGf6x5QlhfD8
2020-10-22T06:01:35.790743225Z 215 oj9madTktpgfcOHPxINMcvTwnbh8v4N6z2DvqpW3CX0KHoggZenrqCFcJSO6
2020-10-22T06:01:35.802203753Z 216 n3kLuPwexk5CQbAaQ78aVSXAdX0iZ3I5nymn8PoCzzjlXyE6p3QFrPGffYjS
2020-10-22T06:01:35.813771975Z 217 tfS8SjyXEaroizzaFjdcjitcV7lcU5tGKwoiqNTCxuscqYecf9LGjXaqfqC6
2020-10-22T06:01:35.824755767Z 218 IBkqgYEtRUTMqWoXLiTT21BprtUOO0Fpv4ZZx9PsuQJkmCeAOanhUSsJWfwJ
2020-10-22T06:01:35.835538852Z 219 RuQRhiN7jTZOcixm8QYhAhBXeZQbPBSX1YJ7h746zTfwqs6JosKb5I30t7tv
2020-10-22T06:01:35.846859855Z 220 tRkNE5LHwA6BmGaYmZdi3rmS4qWwP84C4BZsk23SmfchNMHZvx4ykb5KjlAv
2020-10-22T06:01:35.857301496Z 221 yLjQrgqtvoICGH5E3MTewlT6XZrspUcpbQjRK4639bDFRFmYefMggFqzbrVf
2020-10-22T06:01:35.869260264Z 222 mlKx3cY6T4J4hY8Dgb4fAfqaJJO94UsUOO3uZRDE4k5rQbb7YFfHcg4xOFcC
2020-10-22T06:01:35.880747428Z 223 j1nUkJprR0zOAEqyNjjFK02YR4k7Kw1EIlZG2n9UtDGUGVCm74PJcW8VxW8L
2020-10-22T06:01:35.892179983Z 224 DMIzCJuTjxsqdRqVuaiwTs5Z17V6E2Vq5aEB7nsbBYqN1rxWmj8ZIzVmvL6h
2020-10-22T06:01:35.903358865Z 225 Qao9otfmz9W34TW12KkQ9oejN8TFOa05GNVSkva6NlWvj5mNDcNjyYevYZP9
2020-10-22T06:01:35.914758508Z 226 k512xRvSl0c81QNZo7nLzS2beNFPJ8dgaVs8q3JnYGg2eTz8Nf8zxa8uasT7
2020-10-22T06:01:35.926131143Z 227 IOOtWFdHosChqSMWJI2pahe2t2M13aZiKJbwplfm07X7NpyhUcsFtBfAdVu3
2020-10-22T06:01:35.938010691Z 228 XkDIpXmNAXbtsGwPYSrMyhbFBBhAxNpzOTtUJLJQ0V4UE6szQUoJC3tKx6nL
2020-10-22T06:01:35.948939500Z 229 plhb6oENgXG3j1fC5mTp5xJMygLP6Tnk2QpbYGro094kfHragV0Gc5I32h1A
2020-10-22T06:01:35.959806136Z 230 4N6Et1kUq0RKxILvJn49hIGNPb5Gh4QYmwxBn69BelDjR6qRilgdYAGPqtVQ
2020-10-22T06:01:35.971041861Z 231 HxE1DL81QCtghTJMvGHj807cou6hB3aOmfs5z0qEPiBPAIMn6QcxC8SPQcmb
2020-10-22T06:01:35.982825387Z 232 TvhQxqbo2cWjdnZweNS4mPnqpyPeo0FS4dBpsQiyvfNMQhvAyAWus1lpaznJ
2020-10-22T06:01:35.994026570Z 233 QA7fTo05eSYOvp2N6bd56lnxTGaOh88esDc9s44QB6JNnhBP1VMzVfywILVO
2020-10-22T06:01:36.005330163Z 234 IiR9sIpflYt3CSSP319urQmU6TOClkjHjZ2ajU6rkVTLbcBzZQFEr4q2Yifb
2020-10-22T06:01:36.016241211Z 235 PHVlBvsYJb102JGNRTegoomaefKTQlPSgMESjlr8jpXrxyNRhJLeaPJudpvO
2020-10-22T06:01:36.027601772Z 236 cJ1wlWvljYQXCqEUllPFdn2HWXuiO1UZ803oRTfQTy37VW3xtnKJdGquVth5
2020-10-22T06:01:36.039101379Z 237 ealKolND1ujCRQHzBcnbRe6o8uiRgdALFCeR5BRz2mcwm0j9dXSZIJCPjdbe
2020-10-22T06:01:36.050776019Z 238 XyIR6C9CkQWkssnu4vrFuPdDDDzACpLUygRXVKQiMLDe47ILmaXuYbtVqOiG
2020-10-22T06:01:36.061621811Z 239 FYOgCRu5S1srAXd5VnnTKESxUgRWempp7DeiO7rDCfs4T4x1wPPmcePLey3u
2020-10-22T06:01:36.072538335Z 240 HizG3TTBAT5LBQYRPvcBgsZJmP5ubOPOUYuvVbzKjYVXYLtgICVnBfNGSj6L
2020-10-22T06:01:36.083271536Z 241 iTT4PgLrUCSWjSrxUuRYN6DTIamz2tvDdb24nx2rvBveaWBqOcUjtERjFbRy
2020-10-22T06:01:36.094517048Z 242 Kqjy92vsWLJtv26j4AJ1g4EIO6rsKHpiDHQkt6lkuI1qBStwF2GUCndsZE3O
2020-10-22T06:01:36.106079480Z 243 yy57I9ODZ6vPgb6wsZKNfcWYSM3KZxu0hXnGcxCo5I2bTAFu9AR8T05pJH8f
2020-10-22T06:01:36.117890439Z 244 OFPLDUe1ahXOb2TwbFQrKvvmNklnpFnqvVo9b0FnBMjMyb5RDsQVXIZNZQrA
2020-10-22T06:01:36.128592982Z 245 FGvGn207u4Uc7l8vCutJBmDaTzjh7OWpFaNXWAKZybh8Wqc3JKs3XU2NwDF4
2020-10-22T06:01:36.140435963Z 246 cItIfnaWZb9FzMQxJZ8nJxQWoxtpTxoAHs5TlDqxNoqDImB55e7PxmxwzGT8
2020-10-22T06:01:36.152228790Z 247 YVwJfL1QWwOeI3pEotrLRAjCSuEJxCY3QjoZJqJaZQWnNCX1hS9qmMfPEtiU
2020-10-22T06:01:36.163094214Z 248 4ucEjUFbYJeNtrYmlZBx36yt4Egevah9BGK4VJ7P1gZhoH1So2DHVedG64fC
2020-10-22T06:01:36.174615295Z 249 xFlzkaKTDUWP3cr3ZiyG8QSjFrtbR12aUri4mAwUW2rAUK2hT8P9dOCik0ib
2020-10-22T06:01:36.186158259Z 250 Ca3wRmUxGsi51rzOXzpuMXrBwFuJWQZ45ZTBsbOwBxfgt8FIuOnFlQ5aqtPs
2020-10-22T06:01:36.198068738Z 251 t26aT3ufERyXwxkFrnKDiIptFJjiJkJLtlo5HUgD58Y5wmYPxF7oHUQL05ew
2020-10-22T06:01:36.209083261Z 252 YVWAsRwhgkodDltgOD8ZNoavIwIJRUYEEHTk6EXejAdxQbSADxRCIyPWER2K
2020-10-22T06:01:36.220165149Z 253 VjgSKEAerkMc0bkpDiJPJ7xm5A0TiiOzMm4EaBvJzOOktx8RSWPEk77rrqtS
2020-10-22T06:01:36.230489031Z 254 kdkIJWLwITqX29Nmgu45KgaSSuOCdUNXG6xe6QGkKJyQPgGLVbBVcoOjxEvq
2020-10-22T06:01:36.241452003Z 255 FbWMu1kTi1j260FtqRudB15JcNJjGNk8AdbtLZ6xivBm4IDBIzrtozhSmk7P
2020-10-22T06:01:36.252888279Z 256 k6McixKXDREK4tdreKvqFrqAKpfv1aD986hFm8sN5y8pPRAizVSrYvgpj2XI
2020-10-22T06:01:36.263961881Z 257 cKvUDHROu4SVxsQe1918zx3c40e5Qduu8NyTFvhhghs3hR9LLK5uyWr5ZUP5
2020-10-22T06:01:36.275085101Z 258 VL5JDldgvTQwziIrEOcmcJ3RiuRv3XP1gsjQoc5xtFpuTQ0Mfaj2qB5TLVQD
2020-10-22T06:01:36.286106570Z 259 wO0mnxtdDsBRQx1JDhamLvsFveyYUPKjWoFYIiquUnzwjGGbSKYby4AtmJ4p
2020-10-22T06:01:36.297611247Z 260 n0Ypvtbdy5Yita6uOiqLZQhFijP4PECi296qGlOg5LnKiTmpZzXwVvy7ZuaO
2020-10-22T06:01:36.308876415Z 261 nGlISR3iCDgg93WMXtnYV2gjvPXiSHxxm0WQe2j2xOQAp0Sjem7vaK8UACue
2020-10-22T06:01:36.319876045Z 262 oZj1AHigqRYKYEnqhTTkqoEZfN880MzNRIJAPMsD5tmwSCHnwP3dotLQORN4
2020-10-22T06:01:36.330386739Z 263 TYBFXG0hNYoluehlCI1lAeFhAIzNZBz2WCgRgT4yzV8ZWag6pxnYfyRen816
2020-10-22T06:01:36.342102510Z 264 GwS2zLS4QdEo3RLe1CNy3DCAkrldUNUbh5152A8qpKpqCfwjp3oWCeFYqOVn
2020-10-22T06:01:36.353052448Z 265 8sdDrnA2vyMdOF6htO5g439RbgKb2L467iRg8eZFB78kx47Gbgj6kRtJ0dM2
2020-10-22T06:01:36.364103395Z 266 z3ie4h3WqTGfTz6rW0aizO9S5tfs7KyCuxhjFnlBit5S5t1qtLI14X3ubrYj
2020-10-22T06:01:36.375519852Z 267 zJq2luAvsua6dcx4V7uCArkdHaoldJaddzvSIKA23nucn1IaRcuN9TMz3gGl
2020-10-22T06:01:36.386941691Z 268 dfsmF5lwXCGhb1rc0KQ4gKyshmsdi6dvWbLVOk9G1lRf3dfaiLltBqgpQZuX
2020-10-22T06:01:36.397792782Z 269 9GFoC7t5Z6C6TGaPgbh9RG3dyejbQlXzLsmYLJ1mRBP7h3pvk6ushipLaGA6
2020-10-22T06:01:36.408673022Z 270 bAYP68M8fWWyVxu5crSXZqZleqZ9STOPmgFfdS2BOGGrrwO1pS4Z1dLO0OpD
2020-10-22T06:01:36.419613513Z 271 KnyZ4zpbgZ3M0jX7VcT2WjZdD3s5Q4toy9Xu2jI4GQYAXf5invAsjZn8GGoP
2020-10-22T06:01:36.431328327Z 272 Yc4aAX3yhQrv9jqTMje8wVmgWXvu8SOnuofuVQeaaOgRVHI5OqjBMIO9OYYZ
2020-10-22T06:01:36.442353753Z 273 zWNFqCFzJyC4jI1YQ3M8Fx1pijxxWlFxTLhEWQK4dIcQ6E27mNBGyil7v8C7
2020-10-22T06:01:36.453668838Z 274 2bmolQ3myLDemzlGFX4KCn6tL4EiCzjmpCUbJXZbXGG7OVkVwO5jdk0Lixy7
2020-10-22T06:01:36.465031990Z 275 mcyrvwaVddonRSJnuHpKriYuJX1KS8BtDuBzRjLfgMBqnHilRAVv7ylaupfg
2020-10-22T06:01:36.475889183Z 276 E7xiZHTJgLgfvnwtOeQI4jczipriZyP42Mt1wwGu2SIYEylNbd5MwrRxPr0j
2020-10-22T06:01:36.486848550Z 277 mNmdsEIykniFYLxp9O1Hp6L2rj1Xsc6HiRqA7aZ8HxHG5nFGgBjpMPcypIel
2020-10-22T06:01:36.497967551Z 278 v0D6lWtgaTSSr5LNRoShsByYQwZuTDq6U6pkOuM7TqrX2B4pmQ4ptTYRIWvc
2020-10-22T06:01:36.509690509Z 279 6S9IOjQD3S2LFDkeZGH0qXW07QR8P114XpGe5TSJHppg2N3NOdmMOR7tpu98
2020-10-22T06:01:36.521174400Z 280 vvpdnltNDExGyzg9e8mnRkJQs1kYEJWmo4d5xhDQjI3bGjiTdRQXbHskUSFP
2020-10-22T06:01:36.532659468Z 281 uKpVQuryc4G5DNUEtLriA5TTRA92UidgjpXdjyev83mJDXQZpgscDSZlvHKS
2020-10-22T06:01:36.543674418Z 282 g0CBqZFvMPxacqvVCt2I9gllGyQcQ10aUxp5CuPPIBWYrEwESGZjHpOhZOK5
2020-10-22T06:01:36.554544776Z 283 THXvAOPE9RvU8J89hGD4HT4p3STE1wPg6hvaSG1B0S9jFUW0kIIMIlEUo7zz
2020-10-22T06:01:36.565244979Z 284 LSYmQidJda7V1jNa1fsLrERV33FMYFhu2eWlu10VV6So6HmezHuUweUkyNE6
2020-10-22T06:01:36.576385156Z 285 bkdiJksHwIT1ziy53WyQToe0dNGfBbSM85h7EbIBTMUAsWPsTqhSIpA5f1zO
2020-10-22T06:01:36.587629193Z 286 JOthFBE2FFnm34jAmN30rYNFiCDePGjugW3bsSzt3jqKfAaEGO4XgpuJ8ckA
2020-10-22T06:01:36.599354262Z 287 ffAtrxqdSxMW7rVOFE22ZyhIBueVIOiIsCiRy13A5GlBm68qejo4oPNUZ25B
2020-10-22T06:01:36.611121282Z 288 9WTw4gqfc0KOMRTD9nwUp14zk4xPrZaG0YSeTKaIiShQ1RUw3kn1gcHfvyPn
2020-10-22T06:01:36.621922253Z 289 oHDNJUj7OZRQq5vqsrsZs4sYIfN6Na8eVBE1nXs9By1AH2ue0KxdYz0wcRYw
2020-10-22T06:01:36.632216437Z 290 KJIax5dEY2s3rELTVYIkPHg8CgzM5fyHthaLv5fa1xT05jid4RGOlElH8kwC
2020-10-22T06:01:36.643577702Z 291 Mvh4p0e9OQ5cHYkb4pLUEKC7QncmCeLV2LrRTG5I0EwKe0dHAVKaaDyRGd8z
2020-10-22T06:01:36.654426255Z 292 FVrTCqmXnOV9cWDi4HBAoQoKtkEFqptXuIbuceoJDBz0rKrxbY3Yd6TlyG0c
2020-10-22T06:01:36.665753929Z 293 g2Pm9fjX11YXwVe3AvjDz577GvnhurCYNUlg3SXAGiUZYylBy9Lv7LsUTsGh
2020-10-22T06:01:36.676651134Z 294 9j04npCvzvNtHmMlXTTmgUv7b2Jkk41pEhklCHibJFxcWK1XdvfkLc7jM8cS
2020-10-22T06:01:36.687904508Z 295 A7uD2tXeksXh4CgPN8qs5s6NeOQ5IdXyfBI5ULI0dwi1mAxziM7dPhImKrx7
2020-10-22T06:01:36.698388581Z 296 efNuqBZ2j0avkK3iHM7fuvzsGoQ0OEkQ7RfLiYp38MQosnOjBPl40Xi8IFzQ
2020-10-22T06:01:36.709308833Z 297 ZGBTKMEY5WSjGf3MBQUkXov7aNoJ0NTcG8uC8hLw3rqPOMYDI1lUMjTcXW4t
2020-10-22T06:01:36.721088962Z 298 MIrhPsYACoxBeTQwvajhv0nchYEvZszhug2xxAjVWR5iUlMz88wrxvjNBxz6
2020-10-22T06:01:36.732883171Z 299 6t8KdVAMrQe0HAT1DTQUPCRwYxyAqcQIiPhN1DtBTLdASGTsPr6OZX15XQPb
2020-10-22T06:01:36.743736484Z 300 ARUYTi6PuDELev27YK8KwoSxGp2M80zy9JT7uXuA3JOnJ1w7g8pziJx99gr5
2020-10-22T06:01:36.754658373Z 301 gpU9PqmaMQO8LijR9e7giYes6mHJF5Vcp0i0ZJZfwWpLzeUSVgFCvSvk0EmG
2020-10-22T06:01:36.765521034Z 302 GO9yYxISkys8YrbapefVyThnwnReCisyCF4dirk7bvs5Y8sNyzs5MRQw3k5u
2020-10-22T06:01:36.776540499Z 303 9cLuFNBz6Mu3iXGT8ChjSgxYE71MQ9cuyrwyd9H4DHWQZw9o4PEslJxa6W81
2020-10-22T06:01:36.787282479Z 304 yCffDrAKa6DrkV7oW16UjV1IkBF2WZqmBVRSVJUcbFZtEhOO2nd3cjatckT6
2020-10-22T06:01:36.798829933Z 305 Kh0JY0wjfC6uitltuxovjaYjdU6J16QdGKE5jSorESYjk2Tkw4sT3UOtoPe5
2020-10-22T06:01:36.810934509Z 306 bh2ZWoT4CxtFMmkWsTmKoBGhhEcrJYJYniS7eH8Kg48I80iclpDgil4Lzym7
2020-10-22T06:01:36.822144354Z 307 GGeGJBIJ0M9AYI04xTcDeH3QfMIpXghEjO57c1R17w4YQpyinxcp7Z8LxxqW
2020-10-22T06:01:36.833860722Z 308 zmNFFEh5HN4dmFDjAsAhPd5QU1BFm8rSvFsSFMNhdtoJFDbp7CiEFEnsN1QK
2020-10-22T06:01:36.844198289Z 309 f6qHyZLEkshtX1ZnxoeDAkk6VWWhTU8Z5jR0eh0X2f5xI5DSYAl0rwyeJazS
2020-10-22T06:01:36.856027149Z 310 H6UHWJPV84hoD3arn7fTrowUxRTpbBEopuumVtcAywvFDNBNopevWtOWiJKL
2020-10-22T06:01:36.867172979Z 311 TsIdbYzlmR9erDUM8R6qZ2VpsoiMXJYnuhvt8KM7pOqg9IpmFklarR58VJDn
2020-10-22T06:01:36.878437448Z 312 nEjo12keNaZyeobMXkvNCAHYPbRwMIMlgakRxFU5hYokSfjD9hharzVi51FQ
2020-10-22T06:01:36.889513089Z 313 W6PZ9SmN0xp5ctWh5uAkqfUDlRDsSbwAlCX4KwlDx3DslXOHZnqHLegCm4GV
2020-10-22T06:01:36.900143461Z 314 9qRXlBk4SjtxWGJ73vl2gLM8GvN1vw17CcXvWduOsXgs7LnabhAC8j6BZoXh
2020-10-22T06:01:36.911425049Z 315 pOXLcRW3MhKJBsZwQaS9pTwfF5y8dk81HPJO06eYoaqfYbYPhvy5fJTuuAw2
2020-10-22T06:01:36.922223157Z 316 F2DIWgbU3F2jz65ERWboeUtuhhhvSMeGA2Oedw8uGoCK3820qa8uZVhvZDga
2020-10-22T06:01:36.934200448Z 317 ERtusSZLsvNjwxU7wWuX7sMYiPa2XCNeUGDv9fuAGjNzsgO1JfODjjNegL8D
2020-10-22T06:01:36.945577489Z 318 jxGsPGd67bepJ2iibQTU29KHWBq2EI23KMdg8g8jHMmMmX8m6Hv7Yiel3hXA
2020-10-22T06:01:36.956747750Z 319 Gy9ogMuVb7CsguxTeUl0MQtH59M7QWCfi7MiY3AeWdC2KktYPEPA8K71PBJp
2020-10-22T06:01:36.967397335Z 320 hm2O9jzWmbsATZv8RnCAKd2o0jabQ6zV91UqR0VLE53dugDY3UvxiMmQTmJt
2020-10-22T06:01:36.978857973Z 321 UXzPGb0ZNrkvx8efNcxeONot6UOEkN9mS90MfqstgX5LcaYaEsRapdu9SWj1
2020-10-22T06:01:36.989798686Z 322 H9wMdV3y6wErcQMmjuPTmsRLOIwF59OJfktFSgDiDHqqB9fUjjIGS13117Vx
2020-10-22T06:01:37.002137420Z 323 OqoH1vAIqZXxzgaPsVOtLMGRRcKVusoXFayO8gicwcg5EAbpGcowerzgbEzc
2020-10-22T06:01:37.013371467Z 324 PEpt4lXtnoks0fG3MHpybLTjZ0o8QK0Mf21OnL4GKorqZpZg4UVgujISHPZd
2020-10-22T06:01:37.024521398Z 325 LEObanjeZNDWRwb0nWnX8MJCF5u3Kvlv6Prh7tYHkZL4llwXjiFTZ299hzs1
2020-10-22T06:01:37.035217731Z 326 16TqlIV1OhX5NsUHRsXKSOUzjR8du5jzmxrvs3xFoG3R78Jy2eiGni69QOlw
2020-10-22T06:01:37.046474493Z 327 J4jEGCi1s62IsR9cbF7f2tYYaavWy77fNLUyAg0cvYVfgPKNGWV5Fazxcccw
2020-10-22T06:01:37.057481839Z 328 smxdrqVt2NeKcgGbuBVYbEgw6UgCkrFiU9vEiVLT4NpP6rvwviIt652YQMTo
2020-10-22T06:01:37.068596489Z 329 C1RcX4jpjOnRWtnl0vCsaguAOmAO5E34eGQX4Y7TdvGgBr510tsGFpfBNeDF
2020-10-22T06:01:37.080284337Z 330 v3deaYV1dyDxupRAuBWDEDVy2M1vV5s5qBTqoaK7L7qI9ezNx1xO7vWnR2ff
2020-10-22T06:01:37.091984875Z 331 Fsg9TtKezhu0Uy2S0jFurNZ8YE3JS1Dtt7hzo4I9Zn7uFqCUzKibcHLoW5Vq
2020-10-22T06:01:37.102224598Z 332 fY1sGsaGXVHJrOKukevuwHfqvjaNDPUUbsrlAJUpdPe2WCSTKfb9YGEtG9f4
2020-10-22T06:01:37.113611848Z 333 XXK32QAWuCkOTUoKOnr8i0mdD4AU3ehLW6tpDSpm39q0czZWwBr4Q5IJtpT7
2020-10-22T06:01:37.125181336Z 334 pzxIIP50d0yzBGCRnr366FK5ZCieWiZtjiHoJ8T476AhOgqq2lPQvQwSk0TQ
2020-10-22T06:01:37.137160321Z 335 MVSIF0JAhxZtjeCQxmq3mH3ZSEwfYo5s7hA7LQTCc5FMVKYWQCZYEIn34nZi
2020-10-22T06:01:37.148640623Z 336 ixiyPhl7BiIRFhEd9qScrvtZCU46w9MR2dp4ELHzCPiv0hFtHhnZ3Vm58tme
2020-10-22T06:01:37.159765598Z 337 ID4jvwANpO619qQADpSwTBCu4S1Q6v3GNwHmBVWANGXPxhdPid7eJqkRwlPW
2020-10-22T06:01:37.170239406Z 338 HNkOEXuhVeO6s3eMeBauyKQwh5JrCmtIgWCFtTEVZrxEhi5qIxsWY9g54OkA
2020-10-22T06:01:37.181574312Z 339 T92Dvb1v9LOWYyUKHuDrCAzCsLqmVCDQFGl9O3zW69YKk5qv45HQeezmV20p
2020-10-22T06:01:37.192836625Z 340 feAuB1FJhhCzlXRcyxcFcp1sOmBdt1kQPfrg7r6hjksS9wePOQeuCKLZaAAY
2020-10-22T06:01:37.203490906Z 341 E3k75uStLpf3WRBV5tV75HUPAPPvLfAHUcbIo3x6la2DZrBnZq7nDGgKd7H9
2020-10-22T06:01:37.215284904Z 342 SVAnWtT1wrapAAWLZTnFj43y1ZbqeLUuEGBvCMt2pspwFl47rSRapjQfATO6
2020-10-22T06:01:37.226676850Z 343 okPUsy2neATzXLS6yAaVP8RDR3HSYI3zmGtHFZtr7xbJBzYkLiaspp2hTRj6
2020-10-22T06:01:37.237266018Z 344 f6W5XsbXLaFqp5eLewX014tMJBdGoZ1MwLxQBsjFgVr1SWGDsm8ERHEkq5TL
2020-10-22T06:01:37.248825250Z 345 Jw3rr8865sSq9q4kIVq8vi4OaR7LWIfcvE7hacO4cRgRv8tcNag5Ea2huEo2
2020-10-22T06:01:37.260906358Z 346 iJN9mZwIsbMAsFnlCyMujdty0UWLs6HikcpGTlAiReboL6vbiVxDEYQKpJqn
2020-10-22T06:01:37.273121981Z 347 l9D96dpowvpGk4cLccIgBWGxQk3L1UFRk2x6PeAhwrTgQ1xoWlIdc4AawwGj
2020-10-22T06:01:37.284043192Z 348 DSCohV4Sj9K7vQ38xDm2i4O9K6G5SWCX8yezJAN2ce6m0L1Sa6b6Yg9KkSOv
2020-10-22T06:01:37.295447129Z 349 Y9pddcy7szPlvTac7ZvvQoY8bVSPEGooB971QO3xRGhIrgm54vOonOyK0xgP
2020-10-22T06:01:37.306800544Z 350 AHbFWdBYJIPIPTMJfKpdCWWi9WQwQTQjHerY1OF3k3xWbSsLpSNKGRoOsubg
2020-10-22T06:01:37.317586080Z 351 WzZ7TDgrG8XIeczVR8tkbUaaRcDtPAJDMY9T6bERBI641SJFruWCAztem8Mm
2020-10-22T06:01:37.329075903Z 352 kiUKzhgsgt96UreNyIzhEOLgDsOHuRhHqDx5jpTyRkvammuggvxOsYaQ6z4s
2020-10-22T06:01:37.340655507Z 353 omEJpJMR3wFyq1x4jnPjZEfakIlwSwspLFmj8UFxAWByCTxUudKdINsGrKJX
2020-10-22T06:01:37.351149301Z 354 LOniSWskEYN1r3ucjRxq48SqHDz6fZBCG7l83i1bz6Ucn4xnRd2xWVPvPEjk
2020-10-22T06:01:37.362698459Z 355 NtbJqZzKZFmOC5nlO5GFy13nxGcXSJueQbDXpDCraZ7BY8qwpSKbLB8Tiqzo
2020-10-22T06:01:37.373956727Z 356 fQqWNGoLbfolLNMCXWbm3V06xXZpCGwqS2BxOvPEFV0MMl0IjUluYeM9rRaK
2020-10-22T06:01:37.386142298Z 357 a55ONwWNyxDSNtMUjtlfjwob9OIZVn4liy3OTQ0YVDNAwi8O0Pkdsq6ThNi1
2020-10-22T06:01:37.398112613Z 358 6Hgs3VDVoACVRpwN9cQSq59hfBX2l7RCYZdBWjlHVszp0lf38HTX5p28vstl
2020-10-22T06:01:37.410550295Z 359 HQ5sUCRcbnL8Z9DwXrZdl8xpSIX1Srun1FIIFh7O7B963VNWetd6qmiEaB7G
2020-10-22T06:01:37.421249208Z 360 kNCb967FXgN4NPa89ASAIxq38NnBN5I4HoNGSlIS1aiQquwjrjtHn5Dv00pc
2020-10-22T06:01:37.432519825Z 361 ymwKfndKbBAtgniP04pPmhjDFseQrYEI2RYxFz4yNXQ7sLhcdAfnlBvpuOjT
2020-10-22T06:01:37.444332699Z 362 o7cOKveCxpnCLDRecrSpm9Fa5Lfr26egVR2jokCxQIL3mOvgR0L3zVWV6TLg
2020-10-22T06:01:37.456022239Z 363 F51Hdu1L4dochQBhh7DkFRKiWRSnhVKKoqdhf8JeRrnkRB1IQDBpHWr8Ds15
2020-10-22T06:01:37.466692106Z 364 YKNe9bZNdkRErxwnqGGzfn4sEQoLtA5CYlUVxxAUO3czxIDcW3Az6wIskNlH
2020-10-22T06:01:37.477455002Z 365 vYthLEVkEvPfzNTTUJcP7gdYqAYrywVFPuRkFNeGrGwq5XGd0aa2A6JykqMF
2020-10-22T06:01:37.488815572Z 366 OJQftuzVCnV2zLfvb46EaUDl2Ris4YEYE2XQD5RCr69681jdlweVaWLCGglA
2020-10-22T06:01:37.500182317Z 367 XfFCM7yekmDFSgHilOauRpD14nW0m2uikbFy71oHL1v3f3HPA90r54c7IeyW
2020-10-22T06:01:37.511600123Z 368 r6aPzT4bI81oLk6M0mWxIZTvgK29q4Da30PifgZNFYJCptvf8egUyzSaIXzt
2020-10-22T06:01:37.522423924Z 369 1iIs4dgoM59mtBFrDu1ECauz6WrgWfqSJx3C32xGq4apk8ONZjAbvvGdftWl
2020-10-22T06:01:37.534166904Z 370 laCpAjkDRQ2QD3vKIK8j2mf8iv89uBHzLOps4ehzgtIBE6bvIRnWdJHpcjzy
2020-10-22T06:01:37.546495613Z 371 dr2SzuQUnNQAb8uMDuVhCzFY46WUU98IbPcvJ3R4BFusEdpz22qPDWSU0H0S
2020-10-22T06:01:37.557833362Z 372 Fvr8IasIoM7OQk7GC6K7B7J49n3lgu0Gi766RmvUzD92ZBaJZqNckvR1YSnM
2020-10-22T06:01:37.570123058Z 373 CvKGr9o4Hb5rRSH3jNpLY8D4NN2I9bwFvFtm7BRsQd8vZDlWRQhlZehmdXZT
2020-10-22T06:01:37.581633388Z 374 PlHzszuJRf6OWQyF2IyUIO9xJqE2D8hYYuOFDpSmF9fMUP0O3JQO9EMkMWQr
2020-10-22T06:01:37.593251811Z 375 jOJTkyleyJQAjvjkaPef3R0iK5YOmjd2CMTgMel8CpO4yRHRlw2dwtvisOLN
2020-10-22T06:01:37.605172579Z 376 xrH0Uo2Y7PdVb519Go0NYO6q0OZlhg95gEF7nasoQDtXCm5AemOPDr1Of2EA
2020-10-22T06:01:37.616820924Z 377 iEKGvQnKC2fjSCNYBTlu8XsHwQmOsxboLU97xBMPkCGOhuXsxfn2FHZhYUFd
2020-10-22T06:01:37.628777105Z 378 KiasiEkXhNZzmAs9UOba4rjBuDQqx9Hu3JGDsXSrJz5ekeW27LhioIXvLuSs
2020-10-22T06:01:37.639292674Z 379 wR6YCQR9R6vwulDWb0FcbZutjK2swLUOb4tojV6J58kgvAPGKDFzObe01Q5m
2020-10-22T06:01:37.651032734Z 380 wI2Ewfp6OJQnvJYMi2L8CFPhwuF52vf7ZJqH7VMDp65dVOWmZdHGtbXVtqLb
2020-10-22T06:01:37.662318696Z 381 oTy2Tt5SmMwzI3uu3lEumpkP8RECrqWWZIq9wq4wM4KlTkb0cehksXBBWaOZ
2020-10-22T06:01:37.673321467Z 382 QR1jvS6a5QP2n9M3PW8gHDtReFmJbAkPq3s256VRcUOrNF2frLlcgZwGnXJc
2020-10-22T06:01:37.684263313Z 383 0BF7zkDYZfbZE6HBcUuqowFSgCGkE8VgpXPz59VycxZjibNEM8xk9IKEcmac
2020-10-22T06:01:37.695927726Z 384 eaGmjKCllERWQ6LeTzSC2rR4NOHCiWUD7fVqE2ExoqufswGme8ck1i12BQ1W
2020-10-22T06:01:37.707814911Z 385 9n4hk4iDfAeiaoXzpm9Fc462fxC2Dynljz69xIfbsvurGrgruflH2etAOLSY
2020-10-22T06:01:37.719526705Z 386 ezZcmu22meRrelGDQBzvf28mj7t4p31NqlZh3Xf9eubhgx4cU7RUMX8zFSV9
2020-10-22T06:01:37.731085369Z 387 tZ7KJEwJW882z1unMdCuePAToJCdTIRKpzYeBI9ore3aRBfZSYog2nr5ChVa
2020-10-22T06:01:37.742843752Z 388 cOx9sXrzmjVlY4xj0I6bYMfUjiSBQc5vlMO7O0tzZa2UDL2qF8HTqsfFlg3E
2020-10-22T06:01:37.753592670Z 389 8X4NNJ84KuD3WpDr4iWlTMvNYUZ1BIKKacoLWeSg0hWpBQqq7AVO87VTnaLj
2020-10-22T06:01:37.765086503Z 390 rJ9idenBf4LW9baxF4KjVYuu8r3dnSmw9GBcoIN7CRm8wwwlyczU28Qa9ajI
2020-10-22T06:01:37.775584344Z 391 20ARPJX1a1gvxAd7YHYHqTZ8naucQpw9zwuBEOTzT5W7jjt6LqBy08dT9NT0
2020-10-22T06:01:37.786550383Z 392 LDdod0GeFGvrqnhyb003gZXAsxAGhBa8eyGECmgYWzxhrwgfLSZYqwt0SJ4T
2020-10-22T06:01:37.797614278Z 393 d5iWT3ZkidBnaJNTOxNhDMqCM1c9aKvxUKymiMbct75y1pG6XAXgyqeT9ekO
2020-10-22T06:01:37.808690569Z 394 d4hHVdhd85HOeXVj1v1JzpJPYYC7q1csDXrvF85KG14awOxNfgivRWsSNsrY
2020-10-22T06:01:37.819230391Z 395 uCrz3q4sKn8bF5KJ1vl3UwhxcC9naaN298DMAJx8N2cpKgzWbnMdjvuz42tb
2020-10-22T06:01:37.830690020Z 396 UxbgvKZwNofTqQvSgnr4pWAngFutb7hIK2tZfT9U1DXS08xxiUvNckgYdP1A
2020-10-22T06:01:37.841394282Z 397 T6zdvKWSuexlZYwoefE8DFeMK0zQaipXg7jG6XL4mZEZSwXOikxP2L87VmgO
2020-10-22T06:01:37.853075736Z 398 xRCmIg7Hz7yPG83wyTRPDHd3mbZCgs3Eq6elu2fOLKDUUJcXhXaYI4IksPW0
2020-10-22T06:01:37.863857986Z 399 dmk0f7R9qn20lVL9llQfXxkDkFIii9lXNcvYow2WirneuSfZsdDjyL8e5FMu
2020-10-22T06:01:37.874452999Z 400 1fLtDpM22cLIJxYLP1ZZkDYRYuvF5YEELfhWPXhz1WOZI7e1ZUl32KNukE5S
2020-10-22T06:01:37.885896449Z 401 JjoBduuhbH4YJVN2obPQmZB3cZIGnNtSNgttMbIddMn3z7QhsvCUOgLyChxh
2020-10-22T06:01:37.897312295Z 402 qqhknu2rMglgfbgqekuSGbTaXzHskbfAhGzqwSDbExrzxSkQHZE1Z4KMrsJX
2020-10-22T06:01:37.908099528Z 403 2dwb2FAwD4P3N1iLRjGwXxCYnOxA0dg2NL5RQ48T3juhX2ceu1Z41ItmgLx3
2020-10-22T06:01:37.919787720Z 404 ku3rOf4XPujkfkA5tOq9wHFBYOJ9TLq5f0PfaN7pTC8Z6rI6aMGep0siBvx7
2020-10-22T06:01:37.930411746Z 405 8lyMG4qkuKRV72ZwNwXCYlNf3S4Ig0e2WRD7Mjvr9VZWJtzixlqjXWRDsx9L
2020-10-22T06:01:37.942195513Z 406 5TkInJo5D8HitYKXKNeyB16s2OoNlHLCdFnKox6Es7ZeqmknYEavARiRE1CE
2020-10-22T06:01:37.954020249Z 407 UpJhNcgWHZitoyxJklLqu9JFfEwLZ9qIEOkN3VXTHntgi5VputdVj29OIUsY
2020-10-22T06:01:37.965815988Z 408 bI4AxKqFCGc6TA1cBYMpZDEsZLJXg9StIHAaD7dDFygGVv2VFQl1aAL1gola
2020-10-22T06:01:37.976735068Z 409 n177PYy0z9XQPL0QJvjGzALtnzZmfnEFQgbnhCga5m7iedaKMJcxZnbxDJ61
2020-10-22T06:01:37.987690271Z 410 K4NQ3QLJ0phaTjAQwpfGyqCAotgx9iT263ERE7UKrQ2qGT4Cie26ah8JU22F
2020-10-22T06:01:37.998590154Z 411 neB8JveAem1SfYPboiOqO0UwZ0J6KcLYpIAb4Ukn30cMYr8eyuAAvsQLtJzt
2020-10-22T06:01:38.009308558Z 412 lSqWu4OYCc9rZWX0oPK4sXM3IA9OPo1HZ7NZhuZr0AbeLimITeJ3wkQHwALQ
2020-10-22T06:01:38.020829952Z 413 hdzeMLfsYOifN36Ra3BIN9yEobXanWzCiIHZ90YlIwTNJJgYW1v7ncL4S9ar
2020-10-22T06:01:38.031249932Z 414 DoN27tvCdk28mur0f9rd8QNywi5O5VzvJLIbUvVsrHrTihuuuwAuEWXb0xPd
2020-10-22T06:01:38.042731335Z 415 a8QglLC2ZfC29bXUCsnKfizK1QT716xAah5rLCyZbV33sAgViC50Iqy4DhTC
2020-10-22T06:01:38.053653648Z 416 6mLjOnlrB2abiQ4XvFcli95G0CWP8e2vCqk52JGrgZlpYKL0GX5prQ5zKlrE
2020-10-22T06:01:38.064494408Z 417 d8MamITECVceB3YXiMuE23jDRQttDngcp0Vl0dzrvRs8rWc1rmlCyPIAMoiO
2020-10-22T06:01:38.075871593Z 418 gzEofe7UWoKivmA8d7VcG65OI3Mw9A1kWTNK5lgmuiAszsvjX9xC4Xxvyy0O
2020-10-22T06:01:38.086630402Z 419 fYlck41XEdhVTbO2aWbH6eXx69KnnIA7FGopmIrk1foP6iqgjV1daCls28XZ
2020-10-22T06:01:38.097090379Z 420 rfZ981YjCmac3S4uQSpH1oSx1dBmmcJqs9FbjDCAt3OuetZBDhsNG7AZL7nL
2020-10-22T06:01:38.108892688Z 421 YmKWbKBgIgZyDdtVGWIKKVuP9cC8wwh38QxqzFqWL7EqUWS2ZJUEJfVjy1ko
2020-10-22T06:01:38.120119710Z 422 WWzn2i265kEYgLgYL1IsG8lHbzuHxbSYiv8SiMjU6RD3AUgsZBe0StbheRWD
2020-10-22T06:01:38.131595246Z 423 HXom8zLiLIFwfWZ3yVb6ZSF73aMveRm1cUGVgFPj9PZ0r4bB2AN7Rg0dGfNs
2020-10-22T06:01:38.142789935Z 424 ibJQeusn5Qd03HqRr2Q4lSoEpjdAhrCSwZ9WbH6JGNfmjZ7rrzHHGbGsj9Ff
2020-10-22T06:01:38.153670138Z 425 L4fcJmMDlu1NWhU8peFEE6R5iPGMSCIO2lLT3R5AcZGMAcGen3hWWQ0uy3SQ
2020-10-22T06:01:38.165096968Z 426 4P3NWbP3m1yHYiqkTcVBcVZOGcgtDvOSQCXWtJ0VbZKm5pIEzrCBHHpLXcST
2020-10-22T06:01:38.176573499Z 427 D5udcr9P99BbBUipTMTXS6NcotuhjWjR14HtKjGaXhqNvENg2lxaeRwuWYF3
2020-10-22T06:01:38.187127545Z 428 nkJ2qGdCO4VgymtGsrQHXDR15qxPfuEMDMlsq7uZrErtQydN83z6J7sdxUFa
2020-10-22T06:01:38.198983772Z 429 L4jF11r4XnkqrndacewrhS03zu2PmBLia48F4V37Nl0IYe3TjcubkbSGOUkr
2020-10-22T06:01:38.209650877Z 430 9B1Ud9NAbhHcmKumVG3qdRAKbtcfTkIIITdkgNCYlxMnVrWFnf4zHnVmzsey
2020-10-22T06:01:38.220783681Z 431 GiqPHgn76nrlf74AiKHKCUOUV3WnKv8K326hR2t5pazci3F4WDEQOg6yiL8Z
2020-10-22T06:01:38.231946698Z 432 DeJDuzF40KYLdykW5KwpnI2uwkGwoVHPtFO8YxLlWaYAa19ZFk1pzch3dj1V
2020-10-22T06:01:38.243654972Z 433 fMpxUOZYTxurHajg9AlbCMAEqO3wT7kjG1bXssJ6LbjbDgpjkf22v8Bq1Lzm
2020-10-22T06:01:38.254387952Z 434 kOuRk7qtSYFfmiCoyPixOAj2Gh3kI2HJ1aQk5jF4gsjcTQ3C06kyS5KSL5i4
2020-10-22T06:01:38.265386953Z 435 QvJIyxKCiuJDVW17s62ortlAsUtd3z3ToLpUFZtQbi5yB81CgA5Qj4EJkLyk
2020-10-22T06:01:38.277100985Z 436 JmXyZGw0FlljoPR1I9esp8oBwRkFHbeUKHOWH6N9vxP6YPvsNXU3gp3hoVv0
2020-10-22T06:01:38.288794284Z 437 7USVKRsVC8KPO2uRnyhnJR8TuiwTCrlbbqfEqLOZXrt9kWwp7hHTrDnuONIq
2020-10-22T06:01:38.299180297Z 438 f7Rja2BmfOF41Kgmi9eEI3DLgLSVQ3C8U8wT33znmLlZRrMSjtok96oJwRDL
2020-10-22T06:01:38.310712565Z 439 3DnMMzAgrXO2zOeNK79xerXlZ9OOkagnTTF5FlQLV7ALlDxBz8LmGwmW00OM
2020-10-22T06:01:38.321189765Z 440 YoLu9SyS3iKq6SoOwy0Pil9EsYoNpdwYPkznqTZGIJ2Zrs9oIQeqhq6tQfSq
2020-10-22T06:01:38.332735116Z 441 Neyqsop2b2zTJDRY0LWY2DX0xYyryi2CJIAGvtGbjcgBbh6O316N8oP7lFj4
2020-10-22T06:01:38.343687052Z 442 CbOQ5mtnNhjKF07d6VCQ1kMEeEZ42vrlCWe5iIhJ1MdkDUEWCv8ZDEbFbwOQ
2020-10-22T06:01:38.356020753Z 443 E31ykA34wRrtuMvWijsoGC5QOPrFUd1p3oX13MGsgMOBJ98FurJv9fKxKNRC
2020-10-22T06:01:38.367576579Z 444 JnDe4bbPxHREw5HNL0UaoGvZ3zSbAr2tYsr7ZRUC3W25bsZJWYHive4dSV2t
2020-10-22T06:01:38.378150773Z 445 SgFIPtKuPi2DhDxPs2thoNfnBpGLLixZnsk9bXxj8ErEKI7SHS5vuT89EOjE
2020-10-22T06:01:38.390069669Z 446 GUB7qj21fR8Wmhprw06HM2BIDIVR4sDGhN4Ji7qAKUGF0bi4WW4TyvBAvkv8
2020-10-22T06:01:38.401923442Z 447 pockUS4WRModdgfmQWOUXZOEppiNqAO3aqzHtrN3DKeD4WySR7XmBbm7eY43
2020-10-22T06:01:38.414074360Z 448 L7xOGAxWqSqUcfR1TpwfSzsueazlKXlcRN9NjdJ4UTCh9dL0fjm3QiYXZxHn
2020-10-22T06:01:38.425595433Z 449 HI5Zss40Hb4gClB2xyVzN8QkaBkgW9IaK0UXR7W4AW6jJDkoqTFEJEItDrcf
2020-10-22T06:01:38.437122589Z 450 G8tsZ7CBUYiZGpnWT92D3OvQb5yySAKV3JTipocZ2FH2dGpciJt0KOU1LBYW
2020-10-22T06:01:38.449250344Z 451 SczITBfIvH8QG4rZ4BqSVEWROnj2wcfL72fzmwzDOI21sHn1q3GvLIJJW6gu
2020-10-22T06:01:38.461370899Z 452 wcT1eKqbbzPbDsgKr0JQyhbthbjNSGjXEd4Oymw2NUU3TqQI5gAKHNDM3sOs
2020-10-22T06:01:38.472398915Z 453 qMDkE0y9SAXjgETX8ABk4x6HQDfiNF4IVrzktSqfjwNzXPM2p904sk4dixBY
2020-10-22T06:01:38.483533132Z 454 3OgKknNBTOqmUdCQGlSOeVTi8IxrvasbYB3W3dJxpamcfCmAMFpQ5uFLrtdQ
2020-10-22T06:01:38.494634428Z 455 GiHyeZvaZ5mnrlymhkI3KINNWKc1j1vuGHmM8Bxcel017oYHlD9KvTmBGBX2
2020-10-22T06:01:38.505237277Z 456 4ypUlllUYMbOUzsw488SgmI0ljPuWqz5pTr8hwCDVmRtfecUfbxaPJjIwzIq
2020-10-22T06:01:38.516892974Z 457 j55t5GyNNLduRaP05krDIlCWOLp8TTshxFF0HfBGA72pj1bof7oa5hpR2Css
2020-10-22T06:01:38.528003557Z 458 yK95IaQA2UQm2IWV224EoAhmzFdDodHPiImz5a5sBDMUgwoalhvhP3gUC1P7
2020-10-22T06:01:38.538748276Z 459 mwuRucpwegUEa4gSNlMM3QCRf8oKQqvjw8jWe9VsFWrYwgr63oV9jufQ9I15
2020-10-22T06:01:38.549125819Z 460 dOqKMisjqdFjq6ZXZdRavF2ScFeL1vDQH3NkeBzz0By5sNr6rcqy3xQX0a9v
2020-10-22T06:01:38.560657720Z 461 KCbjqvriKPeTvbaITYDBAF9XY0pxa5UHmzzO9hYOigWwITOZtfUu4RiF3Sbj
2020-10-22T06:01:38.571293389Z 462 p1bxolwlSlGykqUkzSYMjSr21WqVhAVdQrKIFHk5bCXWbfKSLv7posdRhGJf
2020-10-22T06:01:38.582813543Z 463 R848bmvO2afYaL3s5iPNrWln9ywns5D3VAWv3uJMuoljgkurv5FzU34atHBS
2020-10-22T06:01:38.593389632Z 464 AzWCxNgbcsSyrTQsBhKcXYrmi3Hq38IVUbu6Mu1bvE5BpE4htOhZJ1vX8xrH
2020-10-22T06:01:38.605201843Z 465 z8ib4okbLFMGNcAjQjqylQrcB9Svuzmdg0vyfem5KrGMiMUC74yXdQZjRepn
2020-10-22T06:01:38.617091958Z 466 op3ZwD1ypqtckb9ENhG92SzfJofPEmTwGDOKWrBUoxorlL3p2MY0Krw9ekqw
2020-10-22T06:01:38.628407326Z 467 jTdgVxElTTgZRACh8gNcTnkXQNjiIclo77ixdDvTlMXbOdR0Y2F1FwUaSWvg
2020-10-22T06:01:38.639627268Z 468 iWe7rUs7FOyMkV7mBBQkv5hgedo9Qmojz125ptvo5f36RraTUBsrt2wFOcrl
2020-10-22T06:01:38.650877495Z 469 5XbMxuWJtnukseuq054hjRNjHffCMaKpodoUeEtjRUogQYeNGapCx7L8JVmx
2020-10-22T06:01:38.661344578Z 470 NBk5ywpJhWWrBovRwnqZAVNyRC2fYdpe8xBf4e3H6tn4aey5fcT7PEmJgLJ0
2020-10-22T06:01:38.672799665Z 471 fzw5fss76ZQXK3q3bdOTAKum2d5tvtoi56Ew5S64OKWuSGqWipgMfyeJ3AZ7
2020-10-22T06:01:38.684013476Z 472 B4wqUOGuVoBoBjUsTj2n21nqguLHCwx9r1j9z4ZSAOQ6Jnn2dsFK1GgPTmYt
2020-10-22T06:01:38.695571659Z 473 q3o8X2KFx3HJj5MmRyvnWyyP5p8s9WSsSUy6WjEBxkNeRfeKk5UWbQAjwvMo
2020-10-22T06:01:38.707081764Z 474 J7feQbvTztrP9c7rd8h0PMgmElHWwTeRpuePHHSYzPxsfJsrtfwtKJKMCJOU
2020-10-22T06:01:38.719182591Z 475 GzHFNBsMFBndoAonzTeJoLo5eSMGAzTy9Q3p5j9kFBQmve8uYBEcIIGMeze5
2020-10-22T06:01:38.731253244Z 476 4csfLmaDOLqlxmr6yDMDx76SrFUJKynqE5dAWUpD2iFwajQvR4GQRfaq4sOl
2020-10-22T06:01:38.744859018Z 477 VOY1GTB7VFBmGPZgQyxzr39vCclPN2xNCHQRw3F37GQUe3uzOmoAKxA5fzkY
2020-10-22T06:01:38.756134922Z 478 bLylyZEZbSo6cGoei2lKoip6cEJXBX2FLEAxJGbeSmvv2och7qPRK0qYUmzB
2020-10-22T06:01:38.767485841Z 479 laxaTE8Vee8erEWlTxVvYY2mBCS8V0XHDWrH26HkBpbYnS7hxfT77IyxNNPJ
2020-10-22T06:01:38.779101792Z 480 AJmf8j5MGHyZsA5Ot1ll3JPhfjHA7iEe2xvWuxSsLjhjdc9pOQkjoNBsyccs
2020-10-22T06:01:38.790989602Z 481 p8wopEYTZB2yZeqMaN0dJL3kQ5jcRvaORJyBY13tl26dzSSAEoGOtNSxwFWy
2020-10-22T06:01:38.803168937Z 482 UkjQaEUMAFFz8s7TogirCTlnPMrKp0c4heg5tH02EUlZ1YtA3ZCVRZoXMLD4
2020-10-22T06:01:38.814904784Z 483 b8zLV3r8a3MLCSje7uzuG3SSa6EodoPg7NCF4cczFFXbrwtwZ4GJWe3GD2dV
2020-10-22T06:01:38.826291315Z 484 zDBUy23JmOF29DEWUdNok7JDUu0lg0Ea28ZNcBjrAU5g6A8Xs83ARJ00LPV6
2020-10-22T06:01:38.837556559Z 485 3jU3inHC8nnhZEoDs6OI7RXghgzVjmWnBBd6TvPXCOzEqVoogHVbINi0jWWJ
2020-10-22T06:01:38.848298254Z 486 oC0R5goyCqzczpXDnkf6jBJn0AJu9WIUg6JrNzOByj1ZFjpN0m8e6VKHApdC
2020-10-22T06:01:38.859651054Z 487 IXRMphHkd9lWHW3B5V4vHpVjAeavNTfVGXc3L8ri7msvCNAis5xWqW32lp5n
2020-10-22T06:01:38.870591190Z 488 atU8p8RKNeomPmQmfyEICWBDqXskC6c25K0jGFxW84AWqNTKzTnvCvEeKsA7
2020-10-22T06:01:38.881707974Z 489 sM6tdC2iJg0s8EMuER292xOPKpAFptGtiB0LgGwaZylMwXh6GQVF6bo6kzfO
2020-10-22T06:01:38.892366655Z 490 Dp5WseLY3poKvxLbEBJxZwrRQnIoF8ANzqvpNdxyfR6DeIFdPUz0JXjlO0qi
2020-10-22T06:01:38.903914960Z 491 krAj6PwX5zDJADabz2APKVsfRc8fuwU3hN3EtIRl2SZD90CaWe6kqz8TIF8K
2020-10-22T06:01:38.914574275Z 492 8Ih819lNIC02eEgeOgxg8s7f4BcovYnB91vt7HOSULImrrWN7fnoggnj4uCY
2020-10-22T06:01:38.925933203Z 493 Y4kVyLMIRlRcAHArX43Ckdod9BMUWYcDbi2sigPyTtsBTDFviRlU7zgS2u90
2020-10-22T06:01:38.936958720Z 494 Du8ClM3FG0IZ1sQxjpGSOaEp2V18DosrSzZMv6jfTy5OzQt1oaDuiUEbXEcG
2020-10-22T06:01:38.947631057Z 495 SupM77OghyeGXahSIV0miLgwwUc13NHfOpOrSuustfuNIWoT5P2qMylcgu9J
2020-10-22T06:01:38.958510670Z 496 XkJwCsguBUspdBaww8I0OzCQb2f6OJgEILLviDtfdkd7jSTv1ZWQVEoaPpY6
2020-10-22T06:01:38.969707565Z 497 v2day9J2TEXExXenlorhMCfhbLSptnmRLMcTr1i2fgm7wSWv3XIzDlC5DdsK
2020-10-22T06:01:38.980346463Z 498 9N4tdRXEwa5RZeHeOILQkaE1VJ6A9Rg0jNzGQgtEca0kEEnqS1cR0zkIgG9U
2020-10-22T06:01:38.991278186Z 499 CH7oAcqf7vY9vVm4Nwx8jI1fVLWxheFQZIIzI6AUdPvPKjcqDEi07Ya6vlFA
2020-10-22T06:01:39.002208340Z 500 dw7P49h84pTSSJODWg2bs4bO0DKhbJsFTijbtripSIvcRPjaH0INtSZZyENQ
2020-10-22T06:01:39.013072416Z 501 tH1xgYpa1ybsUKziT1udfoxC1dbqAlotJCQnjWtxwG1OWR0EeQNASkvFgWU9
2020-10-22T06:01:39.024430295Z 502 tHwkXc48ArPH43elBy5NVHnZyasr2Du08fsHPHTlZYd0IquZtnZa7TkKJQZZ
2020-10-22T06:01:39.035938947Z 503 9nyeLTc40ISHdVyg9Ym4uaPnc3DF8aOsYQyFduNcfy71ljAxxS3ITwc2GRBb
2020-10-22T06:01:39.047948053Z 504 eMAo3pL9fXC9V6jDOs3IFZTLOCWoU13A9uipne21nATQ3vf3oHVL6TIcYiQ7
2020-10-22T06:01:39.060176082Z 505 HqnDzgsvwwUXE5djTk1KuMafCErktJhWVM3YiJCrsyhZSXeFiwzCAm3uhOJp
2020-10-22T06:01:39.072153633Z 506 zaCt6fJU203v7bMHQEQiwgvweiETgb1f6mNL8NTMKv7nYTH4sThk3SaNpdhl
2020-10-22T06:01:39.084069331Z 507 7IlyOlPM5R3SbsC0YuMX5dxSLD98yuBGFZoN63O1w0gpmNMnzz6DgcT8rYMy
2020-10-22T06:01:39.095537791Z 508 5RBpEqYTPCmDrQDBv2GJ0QLwXpUDXhudJfVgrCrQfmwynTPk4qDm1ArRRiNT
2020-10-22T06:01:39.106992214Z 509 gj7bWoJcnmRnvLNjn5D4hPsD5IVYmwqkAKkCzgATwrgY2FbhGhZjmLiGG2t6
2020-10-22T06:01:39.117920498Z 510 JfnuWi4wCmA4oCsXPzEUbiGjMj3UBptmCv68N67lXJBDbTkxHGWaAf1FEaQL
2020-10-22T06:01:39.128886694Z 511 LWPZzqJoKfsBZUt8SBrqrFPXS7jvSJDhUpnx5pBrLKQ5CI9mU8KcAT4kGrm4
2020-10-22T06:01:39.140390182Z 512 7srEssrN2WJqDPbG5dHkLLkfST7Sb6LthtwqVdRj52BwfsHK8O2bIx9zD8SX
2020-10-22T06:01:39.151493863Z 513 J7J2V3Rn4fzn30PORnDVFVL8f9pbLhNi7gxj6WojNL0TgU3j6s5sDqwDRgyd
2020-10-22T06:01:39.162653818Z 514 hy6Ploz6O4cIM1uPPp3eTZln0IJej8nMXafp6TDmN2HgAMRPlCk9C9DWZDr9
2020-10-22T06:01:39.174013048Z 515 A9oXPVCalpQMtiviW8RDHcLuhV1RRxjCwRPxfDTFDwERWL0ORuzdgtJJyPyX
2020-10-22T06:01:39.185737598Z 516 5skZ7fP0h9nGCtBJzEZZc1rAyoSN7gt8YTaEIvWv5pyDiOodj2mvm65MTojG
2020-10-22T06:01:39.196801215Z 517 QP3JXmqXxjH2HZ7hz1tfmvMj1o56rlhFJbjhbFsaKuyAsbhCuAmhz57Sp340
2020-10-22T06:01:39.207679494Z 518 waFsx1fLDpoCRrvSY43v5WKM4gREnnmeeChbUI3Fc6WrOnxb5DpBzYwmJsTV
2020-10-22T06:01:39.218586783Z 519 Now1wiqdTQEsjcUh1NTV2vIANUYfNOzUY3ZciuCChR7rpVWa0QHkY5bjYLGe
2020-10-22T06:01:39.229832896Z 520 smb0mGY6AHrKv3a1se50yjqVuC3Bo0EecDztOZ6oIGt0fv2hIi4Ed551QHZO
2020-10-22T06:01:39.240895423Z 521 HwXen5XHEDHmeC9cqcdcfmXZd5cVo7lpsAK77pnKrbtIzaUBzMtlK6KNSDNB
2020-10-22T06:01:39.251967694Z 522 iH27bSct68MNO0Zw3yz7BusYtxOvU8z8yaWzYjhtrKqeto4AgiVZHp2kCwl9
2020-10-22T06:01:39.262963700Z 523 j8zZqdtf5Zk91svWVur1KWscz17xZlH5pOTPpDm1LyOLV2ciPDlf8osJSGI0
2020-10-22T06:01:39.275068306Z 524 JY6dHi6GRT3DT062aKySS7dJkBzAOGe673G7UhrOnofHEeyBXCl9BFBgLYrI
2020-10-22T06:01:39.286702547Z 525 p0EvAIvwp3ZBLnYGqmjaNBdvyUhs3UYlrPF3ImaYC0bgdoxdfcSUAgHiWwWw
2020-10-22T06:01:39.297702735Z 526 bF6RtGvppfuRDFlKECgbAfkNluB3dMjwrrJM2VsET2X09XowyTkRHkG3sRLD
2020-10-22T06:01:39.308250506Z 527 gZQD7aONPq532QzRzRz49Q8Z07edZk02f4azk69hLB3rPvJbWh9AJ2peFeMk
2020-10-22T06:01:39.319383821Z 528 SI9TySFjEotIzYF3JNklOlgci4YW58cR7dzLKujjWG8k4XD0oqFEgvfKbS1l
2020-10-22T06:01:39.330346479Z 529 tuZqmduhelr0MvlFENOz2GBT0mALWQbzjeFrmWkY2nqHLcEF02khZMqon7oD
2020-10-22T06:01:39.342142882Z 530 TBv1cp57IaemEjXcKB7ZZXIRZaElV4EZuGpPyiubQ85RRZDUhJtIBAhOiDbM
2020-10-22T06:01:39.353797303Z 531 5UwQP8XNfpEVsg9FGqew7E30eaqUtTBZin1zpixe5bqsZXivYG6ozZYXynGG
2020-10-22T06:01:39.365192700Z 532 aVF5uIfd23H8eZmC187daC3WaxTRXimmpxoTUoI0yRqZNu2jogC5gLnEf7dT
2020-10-22T06:01:39.376891717Z 533 9tvl7IOXUDDj42f3crAqiVHiifTdDo7hoa6Es465Ww3DEF3tOlUyiFQ19OrJ
2020-10-22T06:01:39.388157938Z 534 SvhqN85Ykjx783nQSHZTwGp1grDyyppZ3AQYQM72rt3am7WvlMeA2Nhion5L
2020-10-22T06:01:39.400140887Z 535 2X9pBH0VapRABDc57W0TspIl4ERTOcFs3nOBAbnDZM4q6qyyV0oEKaYqfrVN
2020-10-22T06:01:39.412322786Z 536 hVs2Myw6zBoEZ7hhflU064M1N3syogeqBXmNI3QWRnrawmN3U7Y1aikKMDPf
2020-10-22T06:01:39.423611899Z 537 paKEHeZ8o2ijjPQ3F4jA1yM5fNThWUhxeWfcBAOW1SO2SenYzmdqd54ypRnl
2020-10-22T06:01:39.434955909Z 538 NTgwxuK0TRgvPctF4Q2rIOuHNcvu5u0tGOHlzC08BQJRze9oylu74jbTqZYn
2020-10-22T06:01:39.446997998Z 539 rfUYPguKLcpoVXHC9BsJyU5RovTfjj8nLxqcYmMc9LwrbT69g9FTgNx1OMaD
2020-10-22T06:01:39.457921417Z 540 O7sXBNdxyjQ3Oe5Uh5BPpPfsYqfSv3MIiBeykEDtO2HeRXR7Wk2UcGOargtb
2020-10-22T06:01:39.468861257Z 541 YDxpIwcDomk0UgNYD3M4uFZvPV3DANaBMdQuq4OtGvM3gwqyOzdK6LlZu6gx
2020-10-22T06:01:39.479867989Z 542 RfirmVswTI5AEgV9bVIUNHIh3ONmOAQ706VJfMZ9hDx3giyWmP2C8VfePCpk
2020-10-22T06:01:39.491441149Z 543 PYu0H1HrUQVpX2vXR1iZFTlKIkYhQla3xpMpVxsBcomWqhAYlpbsMuW6rgQT
2020-10-22T06:01:39.502914999Z 544 Kz3rSe48e5J797SpVPV7uJqPYJomIxSRuUWcvEqR2fCv0Yl6LdUyTcrcN74F
2020-10-22T06:01:39.514853732Z 545 5uaY5Ol1A0e8S1plJ85TYLXmOdx3NUDSj5fVe75aiMivPJNPCjo8AXNKPMV9
2020-10-22T06:01:39.525662525Z 546 Mm67Lmd5VTVtQeWYrAkcXeQbMVZI84HELbCRZqlncddWANrCRfE3h6PdHT10
2020-10-22T06:01:39.536341552Z 547 Z8F7fsRAjspBqVF6plYmBbjAKKkvONdxURhwNKdqCgZIjNHAGIBOeW8X7yyl
2020-10-22T06:01:39.548155663Z 548 3DN2AuihbXt2sYLDrkmgNbyGZ27Io4YsOK5bnvx0PkhWN6p9IG8QxHP5lrrk
2020-10-22T06:01:39.559325360Z 549 hrP7y8XS5Djh6pUKY4XUnsjsKL832MBehPtD3OeZcR9brn3CXNLQw2qokOLt
2020-10-22T06:01:39.570765574Z 550 fUppEISxNrmfArkuyEcyGGe1qZLjdU1Z7VnvbwBBY10BcnMGO0h3wImIOCMy
2020-10-22T06:01:39.581403861Z 551 OrCRsr2D33mLrVvboMG9WeoGDOYPRI73Iv8AP6Sc5Job6SLrWwWUyM5gPSyt
2020-10-22T06:01:39.593208645Z 552 sTUdZOBM8GpP5zgoLzlCjJwmn4ev4b2KxZpHGntTUuV9gWf8pfD4NC9D51Ub
2020-10-22T06:01:39.603904714Z 553 fwqIMvOhZNBiAH6RmSqFwEuY6MUrkyuVOOv4qpM5sz0CURZZV01CHR44jhdn
2020-10-22T06:01:39.614285017Z 554 bIMMWmA2l1rQcu9WHwQT2bC1g2r7fAfSpavxFYNa63B7elE5iSPjPl2a1zt5
2020-10-22T06:01:39.625349267Z 555 Ijiy03l3LsVORBTTcCxiSDR8kuDQiPuTvGF4oFfYG7FIPnqv0BPQltfiEsSt
2020-10-22T06:01:39.636772381Z 556 Uskcow1fdiL7SRT3Kmsy3KoLvF8sipBHZfRSdi2nfX1gVwRL5M8TNtMhbLRj
2020-10-22T06:01:39.648217783Z 557 DHVpXB7VV6rdYM5bnqrS7Sp9lDykwOwZ9eGs8ELEo4RYVWKVVK82hNmfgTs6
2020-10-22T06:01:39.659992823Z 558 L81KqJKmppaCvqUBdawPSnHAXCy9S65pudXtF3jWREZJ8oTRn8UgaBPYGGDz
2020-10-22T06:01:39.670838549Z 559 oTFT8FlMiJGm1mTcMoybcOy1GMEAllskfWyob1hezljOMsNoKHyKxRarU5fo
2020-10-22T06:01:39.681353176Z 560 fqPcHR9737BCMkQdvVIiFCaCWKp1w2qWrEh3mnKCTdyvSYyw3SQTWCVHwZgf
2020-10-22T06:01:39.693048575Z 561 KYURZDKGVwqJwY3tdBMbUKh0jvUHJ6BeM95sjIAUy4gs9fUit0X3YRutU2Xl
2020-10-22T06:01:39.704633485Z 562 kCaTbBrd69Jz8YkTlYobObc1Vtof3VvLRoO7pLOMZXx23sDCmxhas5DGlYex
2020-10-22T06:01:39.716222020Z 563 8CLPzOjZ3r0PIrcvk0GNJ1sEm2SslvvFoPNIMiLux95XOk2GY4f31haHjqBA
2020-10-22T06:01:39.727879203Z 564 ZKBhakfpJ4jJKHQlzKxvLRxohXVHMrXtWCQR8CKdpKw6Isk0R2y40MTAfqKs
2020-10-22T06:01:39.738649243Z 565 ojxOccew53ly1FhO8fF2YJ9EK8B4TJGdiZTxoSaO4uDuw4d1S7CQHhSfBQ2X
2020-10-22T06:01:39.749489004Z 566 biKilBsB5JlORA43atf4SY5QWe6K2V9fk4geA9PPd4eQloYSMIbWipk8Il8A
2020-10-22T06:01:39.760688582Z 567 CvUFqJesaogcMz1jw08cxpyGViT1qliOwAIv72TvWjhiN7ku00KQGt3tGXvp
2020-10-22T06:01:39.772131693Z 568 x7CripOjpkSlHSv2ZQPG0qcWOB4GnyL51HFZOLIl4gZddKPQ7GKkxtITKE4m
2020-10-22T06:01:39.783603665Z 569 fKabdsV9uWBbdTRBLFa0cwU8RFgu7AiVGiX6TZ2ZoJytDDbZL5qRlWt3S6vC
2020-10-22T06:01:39.795146438Z 570 GD25TgYp9BeONQe669WPbbuUeeB0EqXmcp35ij0AxNvdM7UkmB6vmDT1tqdZ
2020-10-22T06:01:39.806926303Z 571 nWuABHWWCaD45a6XipXXCHmBHgrhFZeSgEsm8B9l54qbyxe4ovi6ETNlv87o
2020-10-22T06:01:39.818499621Z 572 QIOIHtCCoLINxED5LVVfUrXZLcRISE8Hzy0fnOUXir41bgzhTYyDNC8P4dEl
2020-10-22T06:01:39.828372367Z 573 CWhUbrvuVcx8U6VxfGaFkIvMymL9amVxPQzqKvs9kH2sdBWQbny8SCOOw2hW
2020-10-22T06:01:39.839690964Z 574 bv63SygZmzkxv5fbVG4niY69b6AQgbDpQ6wasrMt8TVZmszB25FBT9JlcsjB
2020-10-22T06:01:39.851255219Z 575 dNmnV2aVMN5fiwgzA1qACJXnW4T83nns2kL9jIiBOX06QAzM6H7kOcjJtjD0
2020-10-22T06:01:39.862912673Z 576 dZeXTH7xA2qa2MEmTRrAq7GJxQUY1VOkjTAwesNXv7nouQKMof4Dc2Ddlgtk
2020-10-22T06:01:39.873616067Z 577 Ann64UZGAlmNu0EjtRqSV5N6BDKIBTN0VCX80LVKG7qSdslgS6OnnUalWKFb
2020-10-22T06:01:39.884787544Z 578 rTTTU1QttuGkHwpUD4o78ImsBgzpPN1KVk5e6gwkEbnalbac1xvTfcOT6gg8
2020-10-22T06:01:39.895434685Z 579 Ht2lW75pS3Vj7fW4FpwuSl2lBbqrZs9VRBBTBmFLk8q0ACf2x3fFjHMsPFv8
2020-10-22T06:01:39.906837230Z 580 zrU0DfRrA3P3P7cHOkIJr4clMR42SYbDZbLMTXwwdhbGdc5l7yjUP3JIQnr8
2020-10-22T06:01:39.917490919Z 581 4c6QXVUIjL24IqVGPOkDBaBGMfCpMbNlCIzlM7SYivL8ljqOXIkb1AOzWDfd
2020-10-22T06:01:39.928403033Z 582 auelVkd2OZ0EGhgDDRWQpvp4dXWrFA2vWX0ErdeG53PTke500SK5IaDnJyuO
2020-10-22T06:01:39.939389366Z 583 eC4vleDDdG2f4pg5CsucDDtHJuPwX1VvTfWT7UVWf24ya68P9DvSIV8IMTt9
2020-10-22T06:01:39.950708398Z 584 6SflwLOexh4g5w9EDvaByX3Y16i6M5ZFzqHAAUqHTsjgZm3jss4WatA6j5oo
2020-10-22T06:01:39.962130740Z 585 M5afMRujcv4qrz5KqLkt0qihp8EgeM9bRQr8YhB4abxIGzbU8fakdj7osl0s
2020-10-22T06:01:39.973770346Z 586 DYNS0tTtlDV47fhhrVFcBON3C1q055alExUiHlrbvax4xKVTL3e3VmWUZ52P
2020-10-22T06:01:39.984335302Z 587 LrGKw8EuAtmPtGYInIFqo4H7HL4c15IboxGfPGoXCsSAlPZdrSJiWnEkM1Sl
2020-10-22T06:01:39.995399494Z 588 FrnFvPMVpZWAZ5AYTJ7vQqnFmAGLzbRtR00vbKukOLPWwFDggDVUAySXx1Ua
2020-10-22T06:01:40.007719430Z 589 e1oGt9v2E2FXALK8yvmwzrTEBMYHAgV2sKa561wTAhOO1AxiSJug9n2Dj6CI
2020-10-22T06:01:40.018558845Z 590 HdCiS9Z4ibJQwjZJqRvWSW7no8vcWyCNpZlQjOXXWac5AKkCjRsDLmDpXLTj
2020-10-22T06:01:40.029759584Z 591 Z8Ie4K6YIWF6EBCID4j0OJRqq8YDFwwkBDYzpmylr99VqsjP9Uat3XWg4tGm
2020-10-22T06:01:40.040274702Z 592 pwX6FhQA389q0Hmo1vzdFiO5J8L5ucJUIx6VYwU1v12hIFJg0wsre8DcvwTl
2020-10-22T06:01:40.052017781Z 593 zAxHi2kyL9R04pyX4SqpBn3UXkb4k1jGJcYRfx4UFFm6LuBP31VZ42tBdxKb
2020-10-22T06:01:40.063085226Z 594 AWOkTIaXpGjMJx73BJjkdfN3yGs9GYOr7QOlnjIEDN0pzBOqkXZh0drssvCJ
2020-10-22T06:01:40.074428476Z 595 FhuZDKm6sDkzm7W19j7v9om9rEXY5hZqPFLKHYSanP3jp9V6HBd1FjTdcVrp
2020-10-22T06:01:40.085949700Z 596 fwd0V6nOIGGhBRIQ00Ck1g5eqCxjC7TcojJ7aiUjjY5ILg5I7pMkYZXmqWTk
2020-10-22T06:01:40.097443718Z 597 LgxnVa6ifIGqG3VOGopmZmGi2ar7tX7o8cSvEJzLhQ5eOfCYwAprHZH8Pypu
2020-10-22T06:01:40.109207963Z 598 2nGK2l6nKkajYlPNtXHpZCqlqgdAOsxeuIrR7tesn2aY8eYgq9hG1xfK1vHu
2020-10-22T06:01:40.120961733Z 599 6NqfeqfaceXy9ppZm3G2lUE4p0b6v7uF50vEQnJJoBEElfcyn97ZFktNO89s
2020-10-22T06:01:40.132884992Z 600 DD7RdtBkSs9vAIgiUUOC4QE0UBNcE1IZGmrmb6XCnP2bqvZABBjL3IYpPSvp
2020-10-22T06:01:40.144017155Z 601 yDBQI9q7xXYE5fjr9kEfm5DXYD6qEzXojLStbYp5cCHhRYJuTztsTCQ0GXV2
2020-10-22T06:01:40.155695296Z 602 oY4tNRZXrTFGucA7nj4Pu9PkHzBgTJsk3pvvrBgUkWWhgrOFEdPu7MFCX465
2020-10-22T06:01:40.166069805Z 603 8LVcyAYODsrivN0iaBc4b2KNmeWaAhfrcwE7aKBbH9KWomy0OzFEeEMdsHeY
2020-10-22T06:01:40.177565654Z 604 1PTvWQMyhHTVel3edVtT5RS5PDt0gh7i5CWELuhS1r0ywVdhhf6KdGNUx8fg
2020-10-22T06:01:40.188163583Z 605 cE9AOMSlIk8heTQGvdZ3vRAPiF7lAAQWBYQ5GapaLWsDahzZ0Qhv7gYvEeTe
2020-10-22T06:01:40.199227931Z 606 kmLKqy7CqC5Zvz3wWigi7k62jAiiXCdUgEVqYForFhlyhirPSCY3wXEjuPIp
2020-10-22T06:01:40.210207708Z 607 AChKvxqSJgsGH0RxMImYeBf8YjDX4KSoeE6BzWceh2wUtCoF6OI0agGseEsK
2020-10-22T06:01:40.221799852Z 608 IBvkaLwRWkyZW2TDuxScGgCyfkthUQcy9wWAOpOP1svkHfzZeoDriq1oUlnY
2020-10-22T06:01:40.232110161Z 609 lebvQOd5uRHrZIfjqfQ649R2qUtfj9U6iYW1fISWmKjdKg9JNduujR68RfrY
2020-10-22T06:01:40.243732424Z 610 S0ee9RhzXYaOcatkn1c3sTxeqVqUlKrSqxKRzPUOaMk5vlosTQ78bbo1Spbn
2020-10-22T06:01:40.254239837Z 611 3S5U4ZT5D2sBD4uUFe2m7tkVkQcoiqUfJUwfManNleVBLwzpKv9GCPZLGlhi
2020-10-22T06:01:40.265689030Z 612 lKxTAuNDcvILd6zgzMmDSEuyvBuPHWOy0VqQynTTs4br9zy0a1fCPIh3xJMi
2020-10-22T06:01:40.277839131Z 613 kRqfLFAcrDTRY2deywuKY6ZoQQhjtjZMHbxHqylpJu0co209qOyMrJjgvbsL
2020-10-22T06:01:40.288034782Z 614 BB4TyaWngJq7FWrRS5LHbX9PfKwsXP2tRI3VPgYaS4B1rCzSL4Gekrx7AtOM
2020-10-22T06:01:40.299453664Z 615 3932qhfIP5T4PAKttd07zgetjDlU9rKvJ0VRlEliSZOCHTnBYBAUyff88uFS
2020-10-22T06:01:40.310794277Z 616 QXmhyFxqhDpYL1rnkT6ChfuuS9G5ciNYm1HhdZeP7o3e8xYCjnHso7QYEdSq
2020-10-22T06:01:40.322976477Z 617 aMX4QdH9VG8qUAVBduYA91mNuXQfxAfpXxvfcPzGUvlSo3QnXPmF3dpoH4qo
2020-10-22T06:01:40.334780691Z 618 oBQOIWOfWZBluQScJV6w0RguzhdKNXwQRkNo92snaxvqHYWlmD4pmFqhoJiN
2020-10-22T06:01:40.345172183Z 619 1fRoX7jtSDNrQuRcHT5r3iInKOvYtFkgcDzhgGER3AeiYxYmEDB0I5mN5vyB
2020-10-22T06:01:40.356699064Z 620 k1FSEAt5oqapNl2mQHMgjqWlGG4xPh5OPVZ8cAngTKFOYP4KV7CTdvz1ow1d
2020-10-22T06:01:40.368195223Z 621 NCykHhSLrT0mkwpeaTIDOAkpMVqkIoTyiXxP006nO8Hidd9IDEXlSk4b3O4p
2020-10-22T06:01:40.380092332Z 622 a7KdOygK7tk8xtllmgTNZmcQv74J9nkinAnB4D1XR43lA5bA0v19Z8pcKbSk
2020-10-22T06:01:40.392154501Z 623 AxdFTazKl2acbh21nj8vnR81C1cE7WPCrj3a6nZFjlZaj6gvhCzSZnen3qOj
2020-10-22T06:01:40.403964756Z 624 FhHpfZFtIVnQuwhsleRWQYEooVb2DTZ0Yhzl1gwB1fC8xCN8gLv1lfAJxpKo
2020-10-22T06:01:40.415071186Z 625 ZDTu0NDOCnbCH2lqRJOhHp2PeiR2d44V45EyG7HlMf0lOmjuw5Np4fU4dChv
2020-10-22T06:01:40.426734234Z 626 ieSxVaErwugxvC1m1wERD7keKLu7pV4iq18GMue1jUl9a7uIpTTDaK1EAzE8
2020-10-22T06:01:40.437451940Z 627 9u6rjjw3dKL0NfM6gxHuDdEyidBfCD5BZ7DS25JGplNgct9VNjvhlB7S6akb
2020-10-22T06:01:40.448382229Z 628 ez0yJbu3PoAcRtjYTty9eMfYuApSnoWQHF3jAv1oOUOdMiQr53ZMJ2lAGke0
2020-10-22T06:01:40.459225723Z 629 beBSEhpu3aKK2VT6ahHeusWKlhF8mUWEV0D7jdljsHETf4i1rhglOeuZylXr
2020-10-22T06:01:40.470326703Z 630 1hch5U6du2UmRdQhaMIgY5E1k2j1LMFWZgjL43ezSYb97NPZinFvteZZiL0q
2020-10-22T06:01:40.481262111Z 631 wVlFKWZW6pqISH7x7Hh7Wcp9XhUWjJH7UdS9JHqiDMhjGJ85kQroCryq1HqO
2020-10-22T06:01:40.492971196Z 632 MwrtW2a1wlb1F7CCp79G1VO1FI53qr54tPEaZ53LO6wF273VezhpLgI2jJFn
2020-10-22T06:01:40.504693651Z 633 vm3LsPBk6X32Ljgpr0chu3LVjzDCvl6uSrPphW3N0V9FvA2CwUMYlRCfh9Gd
2020-10-22T06:01:40.515943656Z 634 0JC8DreT2veHTGmfuurY49Dp3Q046ZzkrWkvMvsHelRW7r6zF3vZxLkA0sly
2020-10-22T06:01:40.527442423Z 635 95AOExHnYfV7dby676q8bSJY9I7LbYGvR6E1BQXbtzVkngtHEl97rNuUwbM3
2020-10-22T06:01:40.538958776Z 636 sofolATW0oFmH01xL2wbDIHWwCZMfR7PTzysmqgrucAQg6WiQmJ77bLwAN3P
2020-10-22T06:01:40.550002192Z 637 DoKUDnSoAHGt8ugGKGsBHw9C9xK0VV8Ayw2qtdEmfkgF8ZOIqhK9NzDcMTwe
2020-10-22T06:01:40.561428447Z 638 BrsPmtOyTm7BR762s3fiDg1rRxfOkKhSdziiaeCtP1VLGbH2fj9JPU6yJGoM
2020-10-22T06:01:40.572263851Z 639 bYoOn2UcDQZN95Lwcyg6LWEhXRgytM96dnerPxfiS3v1aEi74rHgIozirj19
2020-10-22T06:01:40.583297420Z 640 Ogvkv5OZfRYjvfGGKPfTl49vx2col2XKENlWVyJ51gIfjkAWdfBeK36lZBJW
2020-10-22T06:01:40.594403959Z 641 ojx9CqjKNbPO5kgsEaa7ABJcEoR5pKEVLbfK5si1a4Qhea4dwmeKlOOMteHU
2020-10-22T06:01:40.605435762Z 642 4klUJDYzWMtLjdwLYlIr1uYc1WH3r9FR65ENAPJOzCZ41pJALSNcFJhAq3pl
2020-10-22T06:01:40.616281969Z 643 s4V8zRNsNUU8qJXM266Yo9HjipsGULb27YVJk9a2KCi32AZeGuzS3LXUAk1I
2020-10-22T06:01:40.627756423Z 644 V1F4ODccjn0tNzxMrWVCK5qPz2KmhC8QBszZu68QYSvQsrfsdMBEJhqJJHCx
2020-10-22T06:01:40.638211396Z 645 9fiMfkEl2UNmn4Dgl4OdJbws6jc3AwRsMlEaaXHpPe8gj5twg9JlZbPSqUv8
2020-10-22T06:01:40.649949304Z 646 OGCTQWPbMovx5uHF8SuISwkAapiYPYd4V9qAnTY9ro1ZeuoEZrk7pcKWZPZM
2020-10-22T06:01:40.662051423Z 647 qbbicpJYCBiRkv4Atn3BEL0gH55aq1SgeHtv8RvkC4dS5fza7ZsZbfhr0nMs
2020-10-22T06:01:40.673240687Z 648 qHWO8lTGgupN4o3PWs3RCoaD3K6H0rfNWDv44A7fmICoC43F7aqtW8QAMc68
2020-10-22T06:01:40.684967058Z 649 0P4e7TJfhkKlqEAh740v9X2i7tWsIVDqgHtIVSvcVwm0WxevuveIJ40zxWz0
2020-10-22T06:01:40.696187015Z 650 sb2kWXdu3lNzUh9OZywdwBmm5UfV9acd6ldqOxCmlZXt2XmPFi2BciIYBaKg
2020-10-22T06:01:40.707989657Z 651 E0R0Eyiidx1gstBjA4xXan5CqO9dzDCvROZMmDdO3npZg1R6fTMqR8vNhZtt
2020-10-22T06:01:40.719189758Z 652 zDmIgAjsPa3kBfEAMThQzwb1BaKINJD2RijMLJUQmpIQkmRaMmpeJ6pBP5K1
2020-10-22T06:01:40.730997708Z 653 ou2GI1iZBygLiBtro9BiUUFRtJBYnYgtgdsGUk9A1WBWJsZ41iBTSrddQ4Lo
2020-10-22T06:01:40.742733771Z 654 7vw679QcFbmcE5uK50QP0Lao5f5TkfoetTe67aQ1syo7PDo4SBlMy1OLV6tw
2020-10-22T06:01:40.754125827Z 655 OxEhFHN8SAwlrLdyV2XPCaoOKVi1d7bIWndNotcvYaOgVJ3hIoqcomx15J5y
2020-10-22T06:01:40.766011916Z 656 AeR3lku3lSkZCgrQ9W7YypUDEb20yC97K0pZo8MzexUvUxO3bCKZ6pkjaPSA
2020-10-22T06:01:40.777758358Z 657 ZdP3pE4i5xDeWGqJaCdrTH3T6QLHvIqpp1HHftQiXLVtSdKT7RYBqIPFCF0q
2020-10-22T06:01:40.789176286Z 658 Cp7qlR7xUT0lqc7DU4kPWCGbCBBmIaVUBpL69ixl2Ao0i50104dL2rBM1r0E
2020-10-22T06:01:40.800886399Z 659 owYNiA0J1b1RaLQyBF2qvV96duoTb4eleQbot8JPHgrXCt3w0TaFwjrgb1fr
2020-10-22T06:01:40.811826580Z 660 FURwSH2EgbYr1mXvaIy5rp2Y2PC7pxilXktWO1KkUDljOzSoinSedhXh6mUK
2020-10-22T06:01:40.823086447Z 661 QPQP3gg3Cf07daHmymjw9dVODb4eVkFrKoYluGSDShAFhGs6WWJUpdxp5mat
2020-10-22T06:01:40.834203547Z 662 nRER8OsskmeYiBc0TY9SGohpi8bsjs74mF7XBVDqyTwT9KePengIgBlAb6gH
2020-10-22T06:01:40.845645474Z 663 VgNESYRqNfRyCGiiEstZIfaZUtKnvAkHIs0KdOGAnoBgF1X3deOUl2fPvV0U
2020-10-22T06:01:40.857262558Z 664 yJlV60Or01DQKDJ9SsJbTN9yskIlS6DS1YdylXVKQ9SrycYMVvolfVE8WOto
2020-10-22T06:01:40.868617729Z 665 PuXOxjIWycI3JI2wvGWqvvyMaFHwlKVDAscwLSpifJA9DMUGVHnFPqL4QX5D
2020-10-22T06:01:40.879069815Z 666 404j99YiC5jmbpHGi8JyEXT7NHtEHGIVtqFGIVmLIFYa1hdASgY73MWS4wQ8
2020-10-22T06:01:40.890261202Z 667 RmgDP0lixT16870vQJiyuuG4lQsHuZF6u0OdsKi6la2RqknEUnIuOPfTi7MM
2020-10-22T06:01:40.901570069Z 668 7CsZ8lQQoc32edcBz93b5jXOi2rcVSCNuQv78fqqZS8RlpQ9VzxjvwQAFKnQ
2020-10-22T06:01:40.913079787Z 669 6rEvNiyuVybsT4IctcVmjwsozwxejZlnsOthY9u7ubbZWLrlF4KmCx7kKFad
2020-10-22T06:01:40.924727156Z 670 RYHuFXVi2TPfE04krNF0nqDthrKADvY0weNrqI5h7dJbkxEFsHPhXd3R7r35
2020-10-22T06:01:40.935311137Z 671 LigFsuiAxlOndF23OjLcM6PGcHB16vMbWl89jLDBcliaMR5j2wnWMA6gOKxf
2020-10-22T06:01:40.946966170Z 672 oYjC3YFE8IlvQMDmWtbjYrkJc9fumxrgwajPo9Vs2Fhs7qhXGkS7RGbrdZeC
2020-10-22T06:01:40.958661751Z 673 okXnqcLbIZjgEW1fPPoF2P9SaOrJMxjmGVEpRTXhwyVytQYZ0otxQ9RfdX5g
2020-10-22T06:01:40.969975339Z 674 LGaS1Ugi935stdCWV6V16JU9HwbrHdVhLSwLMv1M5dOs6LYWlIYEQnSc3t9e
2020-10-22T06:01:40.980344154Z 675 2MPDTK2sw8Z5xZCNz0Knv3TMGetZZOfjhEyHTmLw29MsseWrQUPnyEz2GjWU
2020-10-22T06:01:40.992113580Z 676 jApuMsvKcE5QH2qOY9LH4zGmGGOVzQF6mFYWKlEYi9f9DvmYATxcU70fFFZv
2020-10-22T06:01:41.003944934Z 677 2OSobKPrRS6ZzJgMf2O1bOaGd5EMv2WMImZEX3jHJlSbn3CZaHN16ZWhW8Ws
2020-10-22T06:01:41.014563058Z 678 ksDnuIsNh1456B7Zx1AMV6DdPPC935Jaymog47b57VAk4z2aY6rDrS6ZI7gV
2020-10-22T06:01:41.025730746Z 679 JrAL4aLB5Ecz9U9hh52vSJEvyaba2BnfPGhpsnUvBKQBU7NojAuCdmZCtopN
2020-10-22T06:01:41.037167961Z 680 EiKuoST25EfvxTI31XGnNGw140u0cG5Dmr2wHtG2pBoGXGiHWraHEHhvlMl5
2020-10-22T06:01:41.048672732Z 681 LU7DnLY3jk7vfuXN1TliNJBRtDKAOizsZbGpnkpg7GTErLIwl9c40fVDXwWf
2020-10-22T06:01:41.060197177Z 682 noxNI8sjn0c3FfEpXFw7OhEVufumBDnJ2iMNzC1SrqfsEoArckBbSxfDFVaw
2020-10-22T06:01:41.071977691Z 683 WHsxt7iF9bWtAnRihJoLyzNaRnqjIGHHDXRnz2NUzCSj7IdmODdPDI8CK4xN
2020-10-22T06:01:41.083334564Z 684 GitVO5HCWX2mw3WbB76ycLXiq6QCgGylNM8awGOzjCC6JjZ2q3xWYjBJ2v3Q
2020-10-22T06:01:41.094424103Z 685 1NDRoc7le8iL8vfi0Qg5lrbyo9TkKUBwUiligidsNz3XnrYdx7oFmHES18U6
2020-10-22T06:01:41.105865081Z 686 2QfjuMbEHquEkKNdQ5GcRrbbpJNyYAzUkX9NEaYTC6gTV9t2RokyYkwUCm0M
2020-10-22T06:01:41.116399524Z 687 CTNosX2sMq5EIpzF84Ju3CdhDyBcGEUCl7FJk9YLXusXcvb2D5wV4R0ZKOz2
2020-10-22T06:01:41.127829503Z 688 5R9HRAxWpJz5IL83OfpJFEr3pCtl0wr4oFjPBSQhIa0q02Dtm18lV6qxMkWR
2020-10-22T06:01:41.138306254Z 689 QVkts6POREqoDUrcnfE5tAfVzvLJqjdE2dIUscDo2rhUa7s2TsYC6bIksQpE
2020-10-22T06:01:41.149454539Z 690 llTX8I1sKM4ls8IEmEECK2caeFrmLXe2qcUVWpr13u2pnSKpm3xIx3aAIHiC
2020-10-22T06:01:41.160944420Z 691 Y3LNKTdP1ONgqN55nm666juZyKobLUByI5Vut8Hglpl0kq7A6hI8qFqGjUgX
2020-10-22T06:01:41.172403770Z 692 FoWVODgStPIaqYnKxyWK8w9Y88xZaKmSgidFXQMc7IP0QWKrIvrppNK21YnD
2020-10-22T06:01:41.184271031Z 693 IOS9KF7kDMspF5cMySWUkxtejCYQTjmL8Xvsfg42LbwTm6LScucN3Rq8pc9k
2020-10-22T06:01:41.195809269Z 694 Xbnxs9MGhRs8sIHBSQzkJRCjVyQPlu7R8QbkT5LzpXJmmToH50Hi2lx5Z0o8
2020-10-22T06:01:41.207755115Z 695 4VMHIRTSSoIhuUhHN3oXOyUTIEMtryj7hRGDWxcxL05sdMiauGnhINxgRn0u
2020-10-22T06:01:41.218209641Z 696 lxjF97q9b75DDVaPA3y7vCTH9qf8bCINBgkCSyan9bpK53lUxM6f7MPHoJl2
2020-10-22T06:01:41.229141014Z 697 zUfcvRYdosarfuvjZFMmw8WZQ7BvP82z8AEwsmEDpJVqiC1hgHP1Qg2XlOHW
2020-10-22T06:01:41.241066336Z 698 uryGANqi49XnGJkKxfliUHzB3T5hIYxfqiVeGiGOKPg4uIEjD3C1rbCKrUOm
2020-10-22T06:01:41.252963787Z 699 xAB207uXmccLDXdWwgEApSItcBfnyokrj1qm1906RDDLqUJRuxblZFD0eIul
2020-10-22T06:01:41.265247148Z 700 H66vX6i3kr1N49aVC4Nssir26bO1WULzdNlHbs8P50gtf6wv3LxFBOyMYNld
2020-10-22T06:01:41.276491303Z 701 rQ0P8PkfNze5yq71pWSpAuDRxDzafGqHNNytLB6In9gHISaBlKJy3Fy8LTOY
2020-10-22T06:01:41.287443628Z 702 pyJMRjzbYieZD1aQAcnStdvMFA1vQdaWTR2CJZEIIqhnljVbP3RX4YoWhzah
2020-10-22T06:01:41.298347710Z 703 u9ofp2Yw8Qi6F5A7UWMntUSZ3icLk2qUXNkbKiWxpctvXzZzt6qL0zS1AAJS
2020-10-22T06:01:41.310008916Z 704 HKVd7wSL93PzVvFrburUSMz9J2WeK0Lw7BDfRCh6ASMUetZZUDjh39wyoTHB
2020-10-22T06:01:41.321197477Z 705 MuTauwQM0yAZvMr5OCbVbkitATws8CzVnrltpaL4Uo8W4z1qchE5xcBghGqS
2020-10-22T06:01:41.331822367Z 706 DP93FU2kJZ73sCas0JKHtoNSM20f5YuB5CgVBoQUNyaAzUdEWPSD41xKa2AF
2020-10-22T06:01:41.343459714Z 707 4JmFInucYxLSoBV0fEIeSnSle5bZuuwC878lTvrzn5QV2kKSdbWEunTfpf92
2020-10-22T06:01:41.355072269Z 708 flIBpTZe7lOnkO3p6LtsymD5JnX684bt18apya4sd5rZamZBEC0hMQfCrLVa
2020-10-22T06:01:41.366828577Z 709 u5hZPlD5GP6bjBXArPfqYbt3byusz7PlOHzdBU6ifQMEppGweBPz67J8yUyN
2020-10-22T06:01:41.377787488Z 710 FqJroXLp6wSKpr873ba1vrlRbfjWXQWDmkkRPxnMLiTOCOgs8Fvo6pd5JJrO
2020-10-22T06:01:41.388743115Z 711 LMJYnC0fki5rDoJt2l3pccvBPAjS2kG3qn9V9BPMdCdLd9ynAylhxF5RZsIp
2020-10-22T06:01:41.399692858Z 712 JWnk0Uaf8HiLzcyHpeEVbhboKigJ4XpZ8XvHvIR18WSZvyPOfROHYr1eVt1O
2020-10-22T06:01:41.411058556Z 713 QaElx6Hqu3NOgo8rA8TKp8pZHRUzMpdpwqm9dRmcEJ6wi8GRxhq7ntA5qoYr
2020-10-22T06:01:41.423131657Z 714 CCd2uoDTZ0ok1yFMSFSYA8qCkbear6GgfIyY6tifdojDVQz4phEBcdULP8Ey
2020-10-22T06:01:41.434957579Z 715 vxGc5e6hi4ycz4TjBke7pSOxakRFo9RdENibKekADKbbj9BQRRHynrpCEcOv
2020-10-22T06:01:41.445627534Z 716 AZ2XyKp66pn0mD9h4f3ehHNs4TQRXsjy2zcYaBDAw3O4GFVGC3sZzjfyJqqZ
2020-10-22T06:01:41.456203719Z 717 6F0RMVN7yB2rBMPwGkPwAybgOJ6rRUFhEkwBloXnoE7MmN0CTV5UrusayZpM
2020-10-22T06:01:41.467957641Z 718 l7uldYbeMbfO83dIxt1HXXzOXb129hbsRUwtWUado1qSLvZiVREbT2h38TmB
2020-10-22T06:01:41.479254189Z 719 xwWFE6HhSiR4W6zsnCLdAVrqPd7yTbAx2NPHWm4Y8Bf7ddjQzKetVK2wemN2
2020-10-22T06:01:41.490974747Z 720 Ifpbzmr1CsGRGsLIl8zpQArfhMHYovI8d7Zs1wdSjRsa6KEiwJHSGTb2IMjb
2020-10-22T06:01:41.502979501Z 721 BDBjIWcIkKbhQ65vWTH8xy9BsuMhv8iP5UGZ8NLcjxInrTrjKD18ZXhv2O0g
2020-10-22T06:01:41.514217094Z 722 VM4pdoQF3R1w6tHGlVY2qy1k9lPUJN62MxCBMPxIJil6xYZS01gfldGlMHrn
2020-10-22T06:01:41.525488419Z 723 xUbfAFhO1fnVNmeAZvI5njRl1iMH9VmmE2yCaKzWwplDJVeJpL6OnaZ69pO9
2020-10-22T06:01:41.536743084Z 724 2ck4CU1UdGitLJu1arYawF1Bx8acXjI9uYWe49bvTaX6ADqLWs15Y30HuU7Q
2020-10-22T06:01:41.547420512Z 725 XLBu7pBiyD2epcUgvN5heelZwEDciBf2czUiPmBgWe38tmVBzucuQ2wm04TX
2020-10-22T06:01:41.558732003Z 726 tgr3JCEoeXF4oYgD2mqstYREnGZ8pkIoiTYmBh9PMCvkOuXxq7jEUHunnAPS
2020-10-22T06:01:41.570393742Z 727 1Dv1LkZdXQqVqgyIJC3fUHS8pn8HN5iDrK1OYxlb6BMLZtojMROus5hhiahF
2020-10-22T06:01:41.582161063Z 728 Y9UBEjrVtv1QI2aJI1Om93XpCinXeeK6hnE8poPoZJ3SYHg6uOOC1k5mlnbv
2020-10-22T06:01:41.594036766Z 729 IHZigJB90rCc6qN8MHicwFKKLtsi8HI60mdExap2ntG2N73WNZoMwa44ztn6
2020-10-22T06:01:41.604788890Z 730 QtPObzMxF2FStk1dfIAx9cnXV4ShXDtgoHcXt1SbR2nWuvijwNWPOzflmnRb
2020-10-22T06:01:41.615524258Z 731 WNESSIBxGxJDUI5VKr8Yv0yK3yRmR6YXiaeLpL2RVsCnN1OoYdYwohdJ8hMr
2020-10-22T06:01:41.627207905Z 732 GEPwZVIcs0CTj49rJBKCgF7eIUMgQEM8NCyQzVWfMhK2WbRQaDQp2RxAOmpL
2020-10-22T06:01:41.638796075Z 733 4W6JAUt6s2fgri2fjvGU6biS2o5F3fuUOlPRLfYoDqJ1j3I1ph8I8vUaqQur
2020-10-22T06:01:41.649602114Z 734 h1NdrWTBQbYAu0QXmzh6ZZbvEzCZvk1kL0BP7veWyte2bOLDBnceAgD1FOUG
2020-10-22T06:01:41.660578872Z 735 ZjLOdQa6jIMBsgz4F5MVnhwsc10tQZorcMgWXlx3Z1emzhaA41Rq6YYgF2Rg
2020-10-22T06:01:41.671679641Z 736 oreaFj7vV7j5dz9nsVCV0i4tqaIYpAiyEAPvRqDLtQJCRzNhkrsCA6XED508
2020-10-22T06:01:41.682361913Z 737 jclRb4hISGsVWZv3Uu6hA7DHaewqFvyQP0DrFWZkvb4pzqlD7FkDBH3OnA6O
2020-10-22T06:01:41.693979178Z 738 OadGoiIvGsciNopKd2FpJp8payidPgeWp570Upu6RjzCNc9Mb6XAKVc8Gw6o
2020-10-22T06:01:41.706239698Z 739 y9tfdIIufPeCGH8GpW1ODZR470W5KtkVt26DQC3L49bAhFcxzf9GssT1rS8F
2020-10-22T06:01:41.717356002Z 740 KXcMUDjQ7VZIowGPCj1dUcgCJyV6TrwB6WyKoSIGZyWUkdpBEzwr6PBeviIa
2020-10-22T06:01:41.728185445Z 741 j3A0dEf4hBH6Q46eVOjnjE39KDr8FUHr8CNcgP4aviAg4hofd3jr4aZ4WZyu
2020-10-22T06:01:41.739944521Z 742 p5cgJk1SRYddy3GycpppRtTsVFxyuww6EdgEfrw4zfCSVeLHPaEAJn8Ggi0u
2020-10-22T06:01:41.751918162Z 743 xNaLZMV51qMR9Ifmhe54i2kBnqTUOskg56Kqy6CA0w4dvOnDtrQe01KinkMf
2020-10-22T06:01:41.762923354Z 744 LLyYZ4KMSyfymdaEgQf90xV5dMIp6NJqkWu15mHVx9EQw9xp6z1cA4dhp9ij
2020-10-22T06:01:41.774208855Z 745 cU7DctrCAIjPq38vgqEKoriD97exCyBhqedZW0YFORbR1POQUYKs3As9AovN
2020-10-22T06:01:41.786102861Z 746 wr4rZl77MZpPOJVePSdTD4xs6qvMQV5cBL2E3prghwq41MGcot3ncLdVmghE
2020-10-22T06:01:41.797290791Z 747 f7rpNrU3fxV0pBmGVZvyE4vN4aLvCe9pqhrMzE0bccAki9uRmyMzox2pRXt2
2020-10-22T06:01:41.808792929Z 748 geC2LHZ3AHieg7TtdPJcrC8iHh7ew7ArLDiU0rOTMO0ROHFQc0tmsZUYcJOb
2020-10-22T06:01:41.819664567Z 749 NeYXhtIK27ZFPEWaRV0orPLzLzIxs88ycsfIvUGaULZ9F7eqr1bxMtVIsOwm
2020-10-22T06:01:41.830512666Z 750 qxdzebPk2XL7PmZhoxixmLbXrh56PCiPOv0vIJwWH1ZXVHpE0sFCKmzTilt1
2020-10-22T06:01:41.841441391Z 751 JPrtW9HvbYmajFDo3ASCXI3r5zCuhgCcmD2t01hT0WkFPIyw5odx9Kvm9R3X
2020-10-22T06:01:41.852371673Z 752 fTG7PM6dCKHJ92LnIm3XODwEisSXCBpudHGK2zHQBKt2DUqtjh8Tnw5uw37s
2020-10-22T06:01:41.863912644Z 753 pwERnVLu46bSceDrrdkSpEy2b49ant1t0qvQZDMhkckqqjikqkkJwW9YTfXq
2020-10-22T06:01:41.875845330Z 754 Ge62eWLotdHp17vVfbu3PEPX3d4441NhDqvRa71NJWTvTT0MaMGiHnAmT8GH
2020-10-22T06:01:41.886533042Z 755 LSjfnVM6ZGI0bcWOQxzNHpUNAG5YknGvRgBBJ1ZWyM4VN4QfXK4eb9x1rtPK
2020-10-22T06:01:41.897894815Z 756 Mh4XQMEbxyInsEgTlFatcdhU9CxLMd2RiZTuczkIjdWR3ZKgD0vu6T8cyjJE
2020-10-22T06:01:41.908694022Z 757 oGB9XrhoC0UNEC3SPTkuiSa908an87HH882eSZ7zihSXr8hJhJZGPqcRxS9P
2020-10-22T06:01:41.919596160Z 758 byC8usizFaLnQP8LxjKSdobRY6ee9HvjgzVNElDOYXEIsEsITPMr2zFoN8Zi
2020-10-22T06:01:41.930727471Z 759 EakxKaGLs6UNMyrJUGWoNu1hPbCUmJgqW93MpQWJn9lpMGAlWK3oiyFBHgfz
2020-10-22T06:01:41.942135237Z 760 budeQG6tN4wzl9AuwTe6k4CnHqdBYw8ReZQyuiX5XWCEo33WLEYF4Y0YzLmK
2020-10-22T06:01:41.953473972Z 761 vrwdfi2GFU0U3PmKCuXUnx5F2MrWMtimfI08EyKco0MraYABK3YOT2DuiqCD
2020-10-22T06:01:41.965306749Z 762 2TgDIAO6esSTs2BPIAD3lF3rZhK3svi8WWRW9zR5tXHJlNL0mqywSqXBkj12
2020-10-22T06:01:41.977163911Z 763 JIfHRYneSEq0I8J5Je7ZjHYCwSNgao96cpUR4nSMAL13HN0WnVFgzG7LhraZ
2020-10-22T06:01:41.989052509Z 764 ap95hHq2F4SoLHSnbbCb7yrGPp3A77ADov1p4g2CAbJNjKx1twPkpvOHZCb3
2020-10-22T06:01:42.000016162Z 765 7WZzk7S0VoSlc4kvfJkFxkY8MDS6EGcQUVtzZDymvlTZc9H1YFoISnDJnGQe
2020-10-22T06:01:42.011510817Z 766 dg6eekF3Xsx8n4UeDFeSll3tREQmwoJ21G7nnd6ogrTrYM3yb4QhMcQuQerX
2020-10-22T06:01:42.022839101Z 767 F2M4G0YG5Rgo120tQW2PkpzmF4ck3SJFna5W1gQzMurwRLoidfRJow328ADH
2020-10-22T06:01:42.033552565Z 768 VvR8d0ffDlT1c1NSU95OGMW8nMkEFU5Kk9uhR8doPn5E0Ew3xAv8AB3Vw7In
2020-10-22T06:01:42.044515109Z 769 wPkLSA2HXY2Xd3u7nAw1ww6AL5VFJAy2Cwo6ahc0k7DqThsv52KgCzHCNXp1
2020-10-22T06:01:42.055273328Z 770 npFkFz8GkKAK7fojaZwmfrjybyxyKxR501TT3KNwHIInfeGARFBtaFxVeUiM
2020-10-22T06:01:42.066887304Z 771 2LbnpZCRM1fEHvWoek1RXxFw52SoAxBDWQ9ZA5YNhG2k8WJh2v8lZ7EaHfsD
2020-10-22T06:01:42.078652002Z 772 EOcPwzkJrjdMtg7vF30xDIa0vQ5avHJIn1WRnSbtNLuSvathomHJLTBdNlEW
2020-10-22T06:01:42.089219010Z 773 9wcE0yMP7QCY2OgB4JhOANB0EpBecyJvnB3jdslz4x6HQwh0RDulhDrHmPI3
2020-10-22T06:01:42.100259264Z 774 tPSzCpogzj5QNm8b5iEtWZxkp6tU5XbXRLC3ym5E8VGRslJKcsdja5wGZfkG
2020-10-22T06:01:42.112188756Z 775 aDpZ7WLzfsZAhaLiXM5fyXSQAkJjgkuXhEKfpNohwOz41xfgDH6MWMKCfClH
2020-10-22T06:01:42.123616930Z 776 Sa2Rw8xkBcLRraCJU2gnDi0wOnBfiGTNoKmBT0NKiZElJWgCcVfCrxtS4hLx
2020-10-22T06:01:42.134500736Z 777 DwX2tRWlT7OqUlq8FFL1JuNikCUuqcaUtiVWRWDFj2LfEJkQHBegD5ITBiA1
2020-10-22T06:01:42.145240567Z 778 unqYFhQ1451G5F6WMyFcGxXYcXmB0oiouZCCwSvP4bsGxG6eWnqu5A7oX14E
2020-10-22T06:01:42.156511196Z 779 iC4MvBm3Bq11rkAUmeTX7Y9GL4SFaIDgxp2hAFZWPFGyFn1OmG5GZDnZ2RsT
2020-10-22T06:01:42.168244932Z 780 WBThAa1Esmt29Eo4U6ABTpMZUn7t8UaA98F502MooZ5TgmZ5OPDIu77Xo3eC
2020-10-22T06:01:42.180143370Z 781 QHgX96Oy9yX3YPDiDEYoSozChJFef2v28PJQADTG6G07oxKdUeHJidkk0JeC
2020-10-22T06:01:42.192022304Z 782 SigzEsr6ubxJqNpetoCl8Mf9hA1Hxs9K2vJBV3KB1F6ApXBklIkBJMHPb7JI
2020-10-22T06:01:42.202909640Z 783 ZPMmso2vumKfiWUew7zaecW5KEZslhkKPkxAZzPpBc7sqIt0zwlHv1yd1mK8
2020-10-22T06:01:42.213613768Z 784 454K9Ydeg8j6sxmP479hQW9sF4RRitmfrNa4aWEjLwFYIYTVi6oI5k7RaX7D
2020-10-22T06:01:42.224264664Z 785 HrEG8viwgR7rvlSXahMxzoNwjsfyFHgLAEw2Vl3krmAwWzOPxEPA0VnsiZDH
2020-10-22T06:01:42.236236275Z 786 NyYdshtWAbpFH2VjSW0bV20apUAO6zz2Dydw3Ql0RJxd8bVFxnLgtUuwtz8y
2020-10-22T06:01:42.248285686Z 787 SkREWq8P4FJ9OUY0hzozi4BiEaZNGO6BjQYJMN0mgzHKAnMAuD3Rcet59YuH
2020-10-22T06:01:42.259370643Z 788 aKUPTZsNTswecEAFHjcMKrxvj6uk6l0u8SXzLd8md9lP93L2guPUKLNvclcQ
2020-10-22T06:01:42.270398981Z 789 zBxmydQdq48I4Zc7j7iTmIJB9xhybix2MGNXocMIH6m2WvhpDB2WsZd08f4p
2020-10-22T06:01:42.281851581Z 790 2On6ODlbqjv8QdLzr6UbmSvEqnmDu2lm8JM1UowIrHWwG8arAnqL36pDmDqW
2020-10-22T06:01:42.292607330Z 791 Fn9d4L41lJzQKalCSMSbOMz00vj6NepiAG1yGKd2CWhiDHldVCpbWzJDjT0K
2020-10-22T06:01:42.304308307Z 792 ApOa7imhvP5kI7nxf89RkVAOa66wqBmo8fWFsnNBs4c4FmXIZYvT5pOJ7uKa
2020-10-22T06:01:42.316295187Z 793 JGe5ytAwS8u5hDMzykJqQy9BDnaFbDJqs9RvYF1QowiWH2DJHRjnmvbgR8dO
2020-10-22T06:01:42.327300475Z 794 Y6PGHKZqjZayzzRPuVQrVoW5TYRbb5l23eiWN5kZHADUA9OMc2zVOhkeucD2
2020-10-22T06:01:42.338253062Z 795 PJk3HlGHkLQ3qTtoBnNPTWkISxiVlEWjR8bvEMiax83f3YPg3o1zrJlydJRd
2020-10-22T06:01:42.349566337Z 796 GAHIz71ZiAivc95OaLUgtM5VfFKexp6PCjDzBoZFa3FE01BEGoFY3KvtvphQ
2020-10-22T06:01:42.360853195Z 797 YIurO8mNacxxt7flZ3EzUKN2L5Ybow092KSa4DzDhH8dv7pNFmvVmuzuSKIz
2020-10-22T06:01:42.372779008Z 798 LgV4vxxw04yyQVPAinzqVYAHzWkS6QtZvYgA6tip67tja3UyNcpkfV6YP2qz
2020-10-22T06:01:42.385180656Z 799 0mcxhbAwDlFKxKnT5b3Vjiux0Din0XDpAAQvVopgP36GYdo6t2Nuvtc8Vb2T
2020-10-22T06:01:42.396354644Z 800 PEtncTJhVwArModdHVG9HkyLESoNzWqIsQCcy1V99dDdHw5lprtdyJezwSfS
2020-10-22T06:01:42.407386376Z 801 rZmKwJOxrh1bkrLiS8Aiev6zBAXTGvPu44ZPUZrENiQM75tsZy5DRTrJhJrq
2020-10-22T06:01:42.418593744Z 802 oafKhhjtUzWrVn4uQRilvcEc9lYo20ZuAIedOLi3ZXc7afLZidfmP6SVaBHu
2020-10-22T06:01:42.430153040Z 803 LxU1a5FHUxNJRsrCGeasLD0Ty7t9vpqEG5ii90aPQKeXnTHMmwJ6w7i96JJ4
2020-10-22T06:01:42.441287903Z 804 g4wvjO9QINgicqWxI3EO9zOpMvgkb5Os19KJTZMhQhRH6B5usa1bUTGOaymW
2020-10-22T06:01:42.453080464Z 805 N2qJYG2SubGmu8ETi7FbrGyGu5rAgu3V7nJ2DValE7ak43u0FMlnkH7lNBiT
2020-10-22T06:01:42.464558530Z 806 QxoqZKgZOzOQY6EE3h9qFfBzDXOHdlfHBVEt0b94KsIWXpRSZosks3I8d9mA
2020-10-22T06:01:42.475980287Z 807 cE9zkgZRMixjiNQB9JaRJlG6g7GDwFVvAg7gkP6PzVto2Bofp1LWF4jnCpjA
2020-10-22T06:01:42.487944381Z 808 dHayiFDmFiN7R7ahu3IZIrZ97dtqDkoV9n3SMnVWvQsbqA6RqwoVlX8sgt7h
2020-10-22T06:01:42.499021416Z 809 mixHppPgp9OKnBDYwSHEeZZdpqCwPDax1BELRqdwMpGKR7Ztdlp9FQATINRy
2020-10-22T06:01:42.510133119Z 810 StQtZQjeomAlOSAaDh6ioa4cZOEh3erdmSA7apuvZR17qnlPoNqOUebF03W6
2020-10-22T06:01:42.521915492Z 811 ojL1Eucu2Z0TjYvCOUKoktBlmCncowwMWpb5mgrCO5Hdwv4J4mqzHxJsqoeC
2020-10-22T06:01:42.532773058Z 812 840FD4FxcldPFnx6LjB4Xw4ESU2eEmZ07KdiVkRVZ1hFqImOAhl6fsaCwbGu
2020-10-22T06:01:42.543285136Z 813 CST1MEbBZbLM3p2jDDUS9Eqm7ubJ7nUKqvH5nrEPfypz7u3oxeXcTfvilIs9
2020-10-22T06:01:42.554948096Z 814 bG8suay5ZPnKgnFjAhEBEclY3yhwxMnz4FsL02AZ5GDsBr1hfEtMqPUkWPrx
2020-10-22T06:01:42.566183461Z 815 jR1pJnRknjrw9nXGDrjQ3GeY9fWf5BEp72ParTceKCJ8FI2Q44Uqn0rd2c8x
2020-10-22T06:01:42.577425866Z 816 lJYILakpW0dSgaUO0VbF2I15AzLMQ5FxJyzo1tn8C6ZkD0rBzAxxvh5rFdxx
2020-10-22T06:01:42.588364256Z 817 1B8Hl2UHF5fWEDlWJSyco6JqSdFfzOvhrjsXfegKljKKy34ruCchLsZciMrr
2020-10-22T06:01:42.599834559Z 818 HrKMkxoLaOyyA6R1zcLfpAjhDWpyxDk4rnO0EaeR3zklNaTAylG3qpt0Uqqh
2020-10-22T06:01:42.610450802Z 819 yflTQhx1vLGcIbjRDAuMUg4zWhgrXxsj3lgmgWA6lbenDKNGXVJBmqq40nun
2020-10-22T06:01:42.621900729Z 820 ndSlwpknLgx5r3Kfo41AoVpcMWogPfYQEQrbVwW1AkQbm27u7iLQSfr1WXsl
2020-10-22T06:01:42.632538047Z 821 u78P4tGypPLZhV0lABdtfqCt464918hxdByYdsyv7M9fVPITghmDOPUj9iTE
2020-10-22T06:01:42.643535530Z 822 iecOn4J1Oa6C8mrBfNcKZuX5uTB0lXEmwvnvHl08foMhpTzWzUTHhAp5wNoP
2020-10-22T06:01:42.654346170Z 823 VV88Uq5HdiuKHXQ3dEu6Co5U8qqs4pIo63KrmHCi41PuwhWcUp3enrWZrkCi
2020-10-22T06:01:42.665272445Z 824 As0cfATBjoSB5Y3Uj1ROk9VFBHGfqz46AeMsf5eKANdWVPkU9r2DN8njtsQF
2020-10-22T06:01:42.676761422Z 825 iATwNMDXS82MRCF1KhJdMxAFmGLTXCAgyQz7ahrBI6lHl9yrbJvaPzHwhgQi
2020-10-22T06:01:42.687234534Z 826 Gef5arm3fDwAVHcMjQOjSLUUnE4LGn5Rqmf0N0eeVqk84TsWcDoVb1naBQg5
2020-10-22T06:01:42.699035291Z 827 cnQYZLCOxF1PB0xYzQjVcORzFtzWLtfgvbCt4vgPGXSNL2luIdeTDG5vPpeg
2020-10-22T06:01:42.710196591Z 828 yDayLUaTMuvEQoKafUYT9o52OsLi3MSGz1a5cfIH7ZsBaHPBS0XrPlX3QYd7
2020-10-22T06:01:42.722093151Z 829 L6iquTWdLnhWKQE4vCP8rqtlMSEdmRChc1MMdnjrHdmi70OzT09T2AZhUEkr
2020-10-22T06:01:42.733549463Z 830 ftcB3822ntgRyQkRUIFF84yxhRESU2mv2wqBp6nXpMZ9dgT2B5eqPAM73xvw
2020-10-22T06:01:42.744710167Z 831 PYkUk7nrrg93Nuf2iAHdeVDRrDmEHSozCVVkchyr6VsUeAvHG7zneO6hkjrM
2020-10-22T06:01:42.755750957Z 832 VGEEVVx5gIbfcTB8pLTfvIydc6Sh1e2dUUxA7Lyq7pN1Yg2VbVyzSyKo6jEO
2020-10-22T06:01:42.766477034Z 833 RDUsO0GRFqcy4kfUgGuERXpG4SqEjJ7j7ga5HtR0Xv0aMWxmBbzn6rMkqlYl
2020-10-22T06:01:42.777394733Z 834 QdwbUceRtXaonILPXriSsrv9GNhjb5rgfTnbRPYeK06Vk7f0Km9yHjvTUVmb
2020-10-22T06:01:42.788223691Z 835 bjSimBnpOijaS6vhNVtYq6Th74ZHHkm7zvvqDkjXIeYlfXxEr8tmPc1UHI2F
2020-10-22T06:01:42.799568353Z 836 RKYlHzDfxSECeA6fyCdTeGHQBy80IMfRgLLv6Lv28uJ1WRJJdcgQU0d3vkFH
2020-10-22T06:01:42.811064126Z 837 uKCFoW7K3Zmtc9seRz2v62Wb4DjXGDlcLQbiwrBL1Jh0y47SqR4ooADr7ybl
2020-10-22T06:01:42.822787124Z 838 miUVwy8t3uvFgL7pwxNcXsTOhuAtCCCyhWBBipb1pdvBOTnUio7Vc7w11cy3
2020-10-22T06:01:42.833818824Z 839 ydfx1tRge6UvwWzgz59pW3oTKYppmxP0n9qUcJtuKaxe3VpPXPm8YKrTE5if
2020-10-22T06:01:42.844797571Z 840 dH8Mz0GxKFD2ke2S84SZBG8F7rFKmQhbp2XdV1UV24FsHLEr9D4lfBQUZbKU
2020-10-22T06:01:42.855697568Z 841 pAPN7VfFsiD7eelSwv0xIDuekGi3Ul5vZSyuDew8UapM12q8cWWHql4fiHdW
2020-10-22T06:01:42.866372660Z 842 nPDnwoz1tLzl0E2PBXANW5MJlT6p1L0HiRT7Nymb5GudmOw3xBun8lOhqg4I
2020-10-22T06:01:42.877565464Z 843 4ipJDOnSXJc4vcAXVgxEgyx5Sr8d5Mh73qq3pofN2PAToUyTsw61N4QOwdUr
2020-10-22T06:01:42.889119580Z 844 ktEYlxkKk2QYG1h3mINu6475B4mZG13rUm442QOFX5HwOFHXzcTiuHyAY1yX
2020-10-22T06:01:42.901012386Z 845 ar5jt5QEmokNK8v2EbKVDpiMoNoN2gdwVUIZdiMBjEfDnf0aQkDFpfZJ1eRM
2020-10-22T06:01:42.911749776Z 846 il2L9mPrFJ7NEEneCq2pAxyJiidYSxlgTLxu9o5nkG2TNqZcEujX8xSFQn9z
2020-10-22T06:01:42.922973702Z 847 abTN8hgXH6p11jiMgXY5gGtM5CbVMZa4j8pYEqw6ZD8iLbwz3RmwGFZuQpXq
2020-10-22T06:01:42.934021900Z 848 Z9mwaopNiG5jTraNS580f5o7I3HT32UV5MXp6H98SzKhYexnPCLevy3o2gTn
2020-10-22T06:01:42.945551644Z 849 6d3aqSqla5kvGAkpTbBi3VmNUeXcgBVdMMHn4CJgcAT6KfcXAK8NkNk0OfZL
2020-10-22T06:01:42.957242452Z 850 OGgbOUZFvPqc27CVotJNlLtsbieCP4PXevs7YDQIDfld9OGkmdxfjTKg2587
2020-10-22T06:01:42.969149245Z 851 TEM5Gk2zOHPat7uljczr0jlbwNefSerdZF1RsFcMVaPP7EXIlAEk5mOQ92Mm
2020-10-22T06:01:42.980965017Z 852 DVp3Ud5EWE6DCqXDxlC2Rqme6dDzutn6yDHkeFdEHQM4Ycazn91M0zNcE0t6
2020-10-22T06:01:42.992696743Z 853 lfKhWI5dgMJGuCpDAbuTjkoQ1GAtew0A6XNlLuJN5u8Swt1L5eda3jMgudGD
2020-10-22T06:01:43.003200125Z 854 GAIuQKXtqrME2DVTXRR5RYnbPm5vssqs5jwxpWFvheIkfzqwZNSumhKzhXGx
2020-10-22T06:01:43.015005289Z 855 Ns4Em5jeynCIJcnRYKK6NV8IFYTX4sdgyFt92BF5eJ2OO2Sq4L9ByZmZuT1T
2020-10-22T06:01:43.025555273Z 856 gCMJjAReWxbR7f2S6y7D2WFkSDGbgNYmhxQWa1M32Hjkq1DYgUWq4biQSLuX
2020-10-22T06:01:43.037277397Z 857 kr0irFKahemid3YyRCY14JV9jw9uIUlAqWUHoeHVGRRlRi55cWKO58tmNUAj
2020-10-22T06:01:43.049167286Z 858 cHbUZPEfIH244rASZ4fUQChBMIInRJUbVuRymDu6dOgzyAnzEndlpTEjX4MP
2020-10-22T06:01:43.060572386Z 859 td9lF80JDSBSJPraLHKIDPNopLlMUtUoN3vSBQppr2HqPPO7m1QROKexbBic
2020-10-22T06:01:43.071781435Z 860 XJpMd0SKps9b8W6I7iO4eCmKKzJW5Q0IXqyzuKSivne1FJrGjDBt8sQYfFMa
2020-10-22T06:01:43.082297625Z 861 WBBMw9KcMtqCH99nYIu7zHmiDZ2ZjZTgk7voN8nP7aepGws4eiYVGzqoroPh
2020-10-22T06:01:43.094263685Z 862 9XGCZoj9vhAE0DSkhLU5Pr0g8t1jZJyj3qoO3g9qWNfW5APTSscYgcZLkkGQ
2020-10-22T06:01:43.106110027Z 863 r8bue2uIFUn66jQ9vRjPYgTpSCRVQGPvFdcaHvdNlOE6wMVx6cmCGqNvQkCa
2020-10-22T06:01:43.118099854Z 864 UHK7rbfIBjzSUnBxXKIWNfnFQ8whhMUOoGOazuvug8p3DvhKTotVBVkMiUTx
2020-10-22T06:01:43.129442474Z 865 dBFhyG479HxBcl0o5B3Of4VN4WfkHHfUiltqRlQiO5jywvc8XZbiEaZdRxjc
2020-10-22T06:01:43.140758656Z 866 bjGaQP6zCisSAx1jf6nNOlQoTtvNpoXAKmhcAqWy2Aud9tmiULlK9IBwveUD
2020-10-22T06:01:43.151446675Z 867 7D4kcR5VQb6NmxT5YZbDTOagrvZ5wQCehpCemtBinMmRv731szofbika5D9V
2020-10-22T06:01:43.162417953Z 868 W8C3L16owXNsmWiCZ1CHQTAeMQYjYztetWUUut2OUctikS1yLLPE6thwhOu2
2020-10-22T06:01:43.173376281Z 869 1H5LegBSnrXMJk7ITsKZpvftRL6vf7HPGKLmF0SkXAEpItfij1AkGEs0ybZr
2020-10-22T06:01:43.184204689Z 870 rocVWgOAMNxAk3WiBQyY2XCHbUOTb7uXyiAx6mSi4J2ztR4G69tkAwqMWjry
2020-10-22T06:01:43.195287263Z 871 Wu2V7MM0aS9vXmFtQo0pEFKhjbPHexKaGHkrX8ANBPWpBbc2hs14JVciJEJt
2020-10-22T06:01:43.206609711Z 872 D69FU9lcXDJk0VOJ68vy0SFqneCUkdnVGPgFDpDEf72bdv8BFPQTJ8Vp5Tge
2020-10-22T06:01:43.217264686Z 873 dcsmKbUrwYDrFRKEYsQXsHEV0VYP56zKoBCTOG1MZaaM8rGED8EDP1QGdHnd
2020-10-22T06:01:43.228212852Z 874 sPYCOuc8unvzyM4Lt9yeX9BfgPomxfOlWgRO2EDyslrNXbccyQrPBwzwJXbS
2020-10-22T06:01:43.239431194Z 875 3Sj2egzT1uAcx532Em0uSVFUpu2Mz9JSrFvWYsnAkf8zWsRYb9FZSEu62tay
2020-10-22T06:01:43.250498501Z 876 sywtXPfMlzfUkdceE7LxvUfeja8Blhk9ChktSv5bw5DDqgsj5GUsJQuhc9Vx
2020-10-22T06:01:43.261086354Z 877 tW77SrPYMrpk2XGosRGeWIquftXkKgOjfVPjPHnOY67eYpgS0F2M4SGiRENU
2020-10-22T06:01:43.272897103Z 878 neaTWwkPL4QTtX0czcLWj0PVCBmQNAzoan3tLOMT37THhs866S3uIqPgeaav
2020-10-22T06:01:43.283904688Z 879 wzrVLBpIe5xRBgmzs5YzMgjqiQsMuLEn57EcjE7AFQDhNH7wM1RGemPC3lXE
2020-10-22T06:01:43.294831804Z 880 BxvD84fEqCEEX90ll6EmiS9qbR9DXd6CJg08TvwM2b5WXyHmeLKyT1p9gKlN
2020-10-22T06:01:43.305572804Z 881 h3Qf9npeLXY8ssUGMCzKxsc99bWLIvNo5mfRbZ1tWi3lpbG7RcMSvBSQ7D9p
2020-10-22T06:01:43.316469569Z 882 SW0T0Bh9Aha6O8gh1QzGMkZqOrxLpQM2hTYgu1mktkmrQDJZGOj0BKa8MtKa
2020-10-22T06:01:43.327433460Z 883 5RBUxJPitwJayIbOTK1t6zwz2svQxt4Zrwf1iRJ7vcJ57itVq7pvdJbf5v4E
2020-10-22T06:01:43.338957927Z 884 9bcJl14tC5m92JTOeZULhB47t9DabFDq04JwF0nWUcJi9pf8nQTnodWkm74t
2020-10-22T06:01:43.349376646Z 885 qsTbdBMNAxQyZrmAREAM5lCbg6u8cllDQalEL992zHye6ZH2wrC4gGVqacZz
2020-10-22T06:01:43.361057569Z 886 GNaQgXvKsY5Qxg0jQKzqzzRwiq2x2x6TURB2pEjbfRDIrdITGkUAGieokobR
2020-10-22T06:01:43.372813755Z 887 o6baxtfEcauJUZDQMipetVuMtmzkU2mDdE9mAh8kLDCa4nQYPdefjmkbFfFn
2020-10-22T06:01:43.383318148Z 888 EU0ryuUoNh9iWCslqj5Ej7kznxUphEkVEjR7UGE5ZShMI9JcAxgPFgFpuoFo
2020-10-22T06:01:43.394828598Z 889 HJRPUE8tri2TNNTaxxPFOVKMG77Wktlg7B9e0JsCbpzwfid1Y7Lrykl1LSki
2020-10-22T06:01:43.405598430Z 890 ljgWBOu88SZiuB73wETwAa0FUmNe7Porm9onhfWzR54XG3EeaRnbnGLjKWUR
2020-10-22T06:01:43.416363660Z 891 PZg9aBD5A0KKBm8QUx0QKnPXdhCZ5WJ6rJM8NyLouMlZOiYdW4TuIIAgELo1
2020-10-22T06:01:43.428299798Z 892 AbHK95QtgvHIRgaQJDu5ZiNrj9mtoLluX6lGI7WwLLPcnBRfFqyuQItq2SV2
2020-10-22T06:01:43.439273826Z 893 SLOZ74wV0zV9eO0ei2rtw83sHIS9p5kLXLFkCQXkC1cjgJq924pnWKnjmPT8
2020-10-22T06:01:43.450613469Z 894 wQVAKVvJzEwnxZ3j2NMGiYqrvpB0rSvjjObBvACUwDeHlGX433p9ylb3Akg1
2020-10-22T06:01:43.461960508Z 895 y7lPkOjpdk8YIPqMnccYoErRLc7vMTLg1anDEsW7bxKp2ThzH1Z4wmLstxCX
2020-10-22T06:01:43.474257541Z 896 t32RJENqKVvtfSqT0Dv5W8ey7tOHEsxTEz6lC18LgJ3zE19aoTY6Fl3XuVRm
2020-10-22T06:01:43.485928742Z 897 t6gWF6NzZ9G2EsZF7vODHRAEn2i8zDkzPu2sGROJ7fSxgkhAzUnEFW7szg0E
2020-10-22T06:01:43.498164323Z 898 FgS3utT90FMDqIAg0LuAiu37YGhKoKciS283tOqwy5f00jyGSdN0BqZRbsUW
2020-10-22T06:01:43.509283443Z 899 Pt8smNhoQqclu2LJLIJoCWelqQFl9G5k1amy5JIObC8Tb0yA9aVZuHyRoxRu
2020-10-22T06:01:43.519999841Z 900 e1rVDT3bAt3vwYz2ODrIImsNmhYkUThg3QNQbwMkLtN64QhicxoFSYBag5sS
2020-10-22T06:01:43.531290014Z 901 9j9LvKH2T0WfdhMZLtklsiHJI2jw0eXpF49eSEYBgB8lclrlMqsm0LA9EZAw
2020-10-22T06:01:43.542535060Z 902 sE2l0x0ZR406XDNyhcSvVyduzDXPIYoJf8nXNrZm59hrABfnN08DnAmVnalE
2020-10-22T06:01:43.553536309Z 903 PqbmpfikKcVQoj42DrOe4h0xj8jy8npbXxjuCSsgLaIHVWKspOQxv3eT50ey
2020-10-22T06:01:43.564258699Z 904 4wBjPQZHjmil4IPItMgOqIOM9RQvnq7G0r96ZLVyepn8I2dgVbARVGKXY848
2020-10-22T06:01:43.575325313Z 905 637UL20K5oDSmKMLCBqrpvth1iXsXIWLicRRuYoFJl7dBElVmPLZv6eMTJIv
2020-10-22T06:01:43.586951811Z 906 FNiW399HDXuviG4kCtHePr5K6mE3rWgRfevumOvuJb3sKZAeuYSDcMryAw0e
2020-10-22T06:01:43.598206108Z 907 n7UPNB9lfDs8gGQj8WXngwd0wCrTn4zII8oTTtWlaFrnYbCEOlIOwReAPvj2
2020-10-22T06:01:43.609639590Z 908 QQdisTEUu0EjSbbAsZN8BGg67trY1TORPXprFwdHD5pIYOGrfB10zap4EMOS
2020-10-22T06:01:43.621041227Z 909 cpnOFsrtgLoxVWU2og03NJaujUYEc8huLt36wgBwtgOSneUpWesULAyNyu5q
2020-10-22T06:01:43.631796484Z 910 cNafpbiwdGz5HaXPhnAyQ0tnK8UZrHgNvtfrrSrye18vbBzWbi5vvlOkup2B
2020-10-22T06:01:43.643240607Z 911 bcx5ODZL1CHo7hYMJW6QghC7BBfuocbvQABpFZRSGOc2l5sbYWF27afajz6T
2020-10-22T06:01:43.654747871Z 912 yzTsFppeVMAxjpeF5dgustbDuQUnQStF00OeKZ1mBdQW7ajz18M232JHuSUq
2020-10-22T06:01:43.665170206Z 913 ZBpqFDhaaGLTImmMcmdbcM506ctEfYWLIwVe0A97ga7CQnhockmLRMWicP2w
2020-10-22T06:01:43.676653155Z 914 1NoXHJK0nDd2XLxDGgQeqT8eEdV5Z9Jh10B9DDUfpMWa9YBXtxKUlY0G2K1c
2020-10-22T06:01:43.687875833Z 915 iOG3szWzMeFUasZhZozxe0rTSUoQsURN5I1CtVVa6akCFFPELxKfDWtevjjC
2020-10-22T06:01:43.698756528Z 916 NKpkVqmYgAs8rZyqtRcidIrvx4tXPK3tXj7rE2CiRn2mrBXVG7d4u2xJ7qVv
2020-10-22T06:01:43.709620606Z 917 FoxpFjA3QRGjXmtDLdhWGfQ204NvLiOmXGHoa9GYy4R87zm0AX7YaxPvNIwv
2020-10-22T06:01:43.720161033Z 918 uGDgCg1DLHdgNgulQdHDwZlWVn2ULVs8ozZunU1xjtnasMgcuTenSb07PXvv
2020-10-22T06:01:43.731597874Z 919 2oGAU75Kr0vAtWvJDaTttfrCdQhQqJf2e2zK5bc1eaZTAvFVDqjNl3VXLNuV
2020-10-22T06:01:43.743010497Z 920 ssA4WHu2JjFmUZRDvrUwKAYKGOH2qeJuDNsqrDCXXZStYO135jxsUIrEcvc1
2020-10-22T06:01:43.754913874Z 921 y8oZ3tvAp3LP2Lh40AV9W6ZAUlcsB1KSIfS7m1MHGuiP3Kslnz8ayvhAhG5C
2020-10-22T06:01:43.765887836Z 922 nNZgCgwThQwc4uzCjfCBwDkoxe2yAyRhg6qznlMaV5cejNW8XAw1dfxjxHzu
2020-10-22T06:01:43.777027683Z 923 YupSLa0GBtGUEGia2w21Hg4h9DqzSmT7RgU4PzbU0GIrLRsww9GksPuQIaia
2020-10-22T06:01:43.788420180Z 924 Zog4uJSB92kYVMR5ufnfS3YdtZlx3H6BBMC0f8HWarvVZ7p1mKpmBl2slGrN
2020-10-22T06:01:43.799788822Z 925 U9Y9ZFa4TQEpeKF0flM917A0rRBEAX8X6EiN5ml3dEWfuelBdARGrnG9VOJx
2020-10-22T06:01:43.810799611Z 926 kWqh2OuOFJ9fkZ4Hf22AHgkmBmS6UeRmR7xHYN1H48WXS3TZBrhwgkMScb3C
2020-10-22T06:01:43.822105207Z 927 qBmRM76l5ZIadSOym6K3U8kqedkU7kuOGMu1tlYbxD3xTiCxbkEHWxJ0JsVq
2020-10-22T06:01:43.834004676Z 928 uGC8CqfXn5cQRFoomPfQIjywC4fLC0V4nta6wgmdZOFaup7OHvyYgEuNeeYK
2020-10-22T06:01:43.845102249Z 929 JXlv7Z54tHpm4c8VqNS03dqG4qqnwI6fFi1A6Ixfeh29JM6vh8oqaKq2blrk
2020-10-22T06:01:43.856890060Z 930 8WNDgz73ORRSxemYlGV4c2lEj5RWvvLZju5q9kNHEHXo8DxUbdPd9933Bof2
2020-10-22T06:01:43.867092379Z 931 impyamYOEnKZkCxpXOgWUuMBIQqlNbnxHoSbAAcmnDjJOKJgyFsqbS2POzEz
2020-10-22T06:01:43.878808187Z 932 hllOHxWogSyrNbQu6Vb51MXufHYtHVJ84OYaoUK66T2jpHu0VcwfQZSZeMRb
2020-10-22T06:01:43.889946742Z 933 kPSOvzMpl0c0GtZHGjhupP59zbB7PxyxKoXB1Z8zuSVH5Q7GMlSkjpWhVACO
2020-10-22T06:01:43.901108232Z 934 g0XWQBT6GNu8f6agqPw4jk8ux9glTGOOWNtzm87cqMKSOWZpEo06a5yvp19t
2020-10-22T06:01:43.913781548Z 935 tw5FBFqS54VB3HZiZHm6gfNcS2VNf2B9mToQPApAje07tjeqo5rTeLjPkrMQ
2020-10-22T06:01:43.924167420Z 936 TOYwedainoIoLdt9GFkYo2mXORSzq6Sf5WXCWQXxTR67g2ROLLWfJcbMmNY2
2020-10-22T06:01:43.935899779Z 937 mWpjUshgLpuTk56U1kRiuAGK4MsyOftZM8ZGqSRJTEjDdY7VQkGmqupFovqp
2020-10-22T06:01:43.946696068Z 938 XeF4hq4yurQ6fHmytWFptjznSJD7FgpCcJA33tvmJdcqA037fJuv5iIkPzqa
2020-10-22T06:01:43.957259151Z 939 XArKZEXLUBmjD6gLPHHzzUKB4hcDWQUMy9fO9rFh90D221OBpkRiWpnn4xE2
2020-10-22T06:01:43.969049973Z 940 XZMjdJ2BoUzbpFsfIfNXm48xnthlbOGxtqo4EVIojfzeYTQbO1SXqVl1oVYf
2020-10-22T06:01:43.979947844Z 941 9ln8Nt5N659M1xc92ddZYhUMJ4Zr0kNpHYXPcYlzYBrcsfNVR40Xcl4qvbqq
2020-10-22T06:01:43.991621324Z 942 LOJ3c40GybGX5PgF9C6VgTbVdYuFcYJRTwpv1WYEM4qMNIVj4iDi37MeTy7W
2020-10-22T06:01:44.002761805Z 943 HnnCG6Hp3KsVUSmCT8jjzA7vSRWxdzh6HT7Wp55sfjPwTy0GCKUFLjjf1Xmx
2020-10-22T06:01:44.013524901Z 944 mAcfHKD5SwuOVK4lNL6NGZb0MhzwMFHcKv0GbYSntJ5fGAYByGekBI91IriE
2020-10-22T06:01:44.024268549Z 945 O4dRBQJJFUYBHKpIyZgF4sf4qLSiKPLgPUppJ3YYaIxnQw68gvsw7Up5y9Qd
2020-10-22T06:01:44.035286456Z 946 V3sZ1V6StrjD4nbPu1CZpxF906TAtkwXeCwk7k86kAyFPVgJusINSIDjMin5
2020-10-22T06:01:44.047039394Z 947 H1RZWzDf1j1myTa7Z5tIbzJ5fkpOh0Af2g1yVHFHDytNDOlFoqgI96yHI5N1
2020-10-22T06:01:44.058902440Z 948 d55tKigyEky2yiT3rwKmZlpyB7g9zIlKwqfEAz5N9jHvxHUCsv2VRKmupFAs
2020-10-22T06:01:44.070032728Z 949 pw0Q1CkdqbRhfyVEyUVaSdO7nNflhDw5F5Wo0Dqv6OQPToPIAE0zd287xvEa
2020-10-22T06:01:44.081707526Z 950 0tReIFpZ1PWkMHRithTUd4S2TFrmCaZyVQ4KYtGTU6dthRsKNj95noXHkiDz
2020-10-22T06:01:44.092308781Z 951 SD0GVx3Rxhcvjz6B2IXZ1Sifqjwm6GBG3bjkHOotJyh9tvSiZNkDxljp0Gud
2020-10-22T06:01:44.103321693Z 952 aPlcX3oFbGzpXqgo2Ico0ZzViVFDSfSIhXPHZauwrpDCRqXV0PdZwJMThgPv
2020-10-22T06:01:44.114401610Z 953 spJNB87Vh6LLuQ8m1d4goeZZOEjYt3XBGO63wFCn5mp91NDmpedz3nsqUK1U
2020-10-22T06:01:44.125407250Z 954 l67g7htN9cdREKkimfICukyji06F78Arz6zsvEYpMGxRzgcYk78TZ5ifpzMw
2020-10-22T06:01:44.136155088Z 955 krDRrDkC5x27DBR798ypHysZAyqKHu5SYuJPXXUoVzZMDBSxhgWDlCJg8gTe
2020-10-22T06:01:44.147537770Z 956 usVi91tPN5Vb3RQ9MpJcm8jUPLp7bPklz7jmHog0scs8Zk3JPjFflkFxa9Oy
2020-10-22T06:01:44.159037231Z 957 ZQWRdGM15NgsU8XAluUU947HyFkbPEkI2eMWnAUvsoCX7gVXNbMWktaKfMoV
2020-10-22T06:01:44.170791808Z 958 54mLOx177L4j2V0GPt2RsNqv4GUqCYhxQR8BWg7jWK4qFlBSdQVZofp29uox
2020-10-22T06:01:44.181274907Z 959 yPldFiKFnt7JpVzPrVJciGkhGj3ij5gOjloTz4EFfR7l24zXi0k9QIR64fiA
2020-10-22T06:01:44.193070460Z 960 j2CcKW5UoV7grl5P3N1qxx8eNcObOLldanqDliv62yPGWQr5S6SrZT0y6Bgz
2020-10-22T06:01:44.204665639Z 961 Vtpaee0Rzp4T8IMCZJrqom7hFRaTO1p9sDgumHUhj3RQ0gC547IphFhWK95b
2020-10-22T06:01:44.216106115Z 962 PVRFI6WkPRK869WvxSoxAp8Wf1iGdA3PF1e8fgfkv7WBs4MsWF9ptEzdulSO
2020-10-22T06:01:44.227880557Z 963 VbxxxHQ54rcINcZ1WbdcWSbF2x96gR4IklPDPLfgzzthjoOeXhvB1zaI9ahb
2020-10-22T06:01:44.238854171Z 964 MIntPvHsgV1sgtdEC4z5ytEzDwhI1pgAHDlBpgYkU3atJGQAYl7Glfi8XrVo
2020-10-22T06:01:44.249966675Z 965 AiWIEdf0jmE3RvHlq2OEduIU04WnzOjDU2pMYnROaob5yJZnqfOQAFpPnG5r
2020-10-22T06:01:44.261922944Z 966 ht1J9OK896b10OGM3UGaOg0lu1hcvQNRUa4ak0sfrf8nLFpWQtjjWNO40Y1k
2020-10-22T06:01:44.273444285Z 967 Mb0sHZWufRaJDhFSGSSuch869jucU115VKCionVRF4A2Vp7kNeHUtwZspOiY
2020-10-22T06:01:44.284256023Z 968 anfz0wEluemClWq1cML0SdfvarvPYbGF1LTw95NG3z5Pvm0qqSVSPznbjUcF
2020-10-22T06:01:44.296218530Z 969 ekHOTdwnNwkmWHWeRKZeEBX3alOKKTSTH6FPqBF83MJzjPMphSHr2Voj8EnD
2020-10-22T06:01:44.308169539Z 970 LhoCyeq3ZZamlnXnNzkVwBqZCVxFqgycfTe6shOIyJucexLxZUyDRQGTSqhy
2020-10-22T06:01:44.319298759Z 971 LdTS97lO1Qpy5vl73WD1EN4S8uGpvmSAaXc9SYP9h9bbb7zMeG4UeEQvXlEE
2020-10-22T06:01:44.330693136Z 972 cNxM2aLRtAxCq41Yh6mB0n48mltfP4rNF3355Z93v7FNfMsPOmWm6Bgw8fKi
2020-10-22T06:01:44.341654383Z 973 1RQ3IOVKyEO64jyyH1areSefaT1AKmCvSaAsA3h0xId8tNKBBqtEeFN6qAYl
2020-10-22T06:01:44.352204745Z 974 BWO7zyzkPOUTHoc3iRaKLHjQ5W0hjjT65BTN8TGkSfDifqPxXXQD6vkbVAIO
2020-10-22T06:01:44.363119048Z 975 zJg6ZppuhlTJebkzpdX8ONPipxTUL5Mk9Bpl8uP4DEmZNnZsydt4IJsL2mql
2020-10-22T06:01:44.375223590Z 976 Sk45Sdme9uaRV0qnQ5b32ZADqKc3a9SL6qZBR8PLoRntehjLXd87zBBCGnKj
2020-10-22T06:01:44.386448803Z 977 X0ZwVQ70XcCLESqB0uo0xhgLvxncqVXDZgpxBGP20gETlFrrrU89ktIFfO13
2020-10-22T06:01:44.397287101Z 978 ucXx4kda9tCrNJZPkrAHr0Q0EbkhVouqWVxiAqq3W5yMtzXwNTP2okejgCsG
2020-10-22T06:01:44.408602646Z 979 YLEu7CNozWyxtkYzxdjfCHcTHNGBpV9DiquGX0sGnW6h1A5BgMTOp1Zodhec
2020-10-22T06:01:44.419303179Z 980 or1p0lTzHxINHXo1JJkEg3OGOvYJheCohYJHtoglFTi520Mm5sRP5Sn4j02i
2020-10-22T06:01:44.430993864Z 981 nD1awBuUQA5ixEOf3U1XjhMJCJSXY3vnyYl34EOwvyKXhBj2iEA7u342th9b
2020-10-22T06:01:44.442972529Z 982 ibC5RHWed0X31n3idLvrWDfUhAeAFvg0aOYnL3LOpLGIFiwsFdrEz5SKVYsc
2020-10-22T06:01:44.453853764Z 983 ag3uWimfLcjupf4BmhG8KDpsQvHFiP4BSr3ykzrFjoCWXJZncZxObYPNEDXm
2020-10-22T06:01:44.464826407Z 984 IWZpgVTsSYljuEIedRVgT8zPDAZs0Na4O3rqDgQg4XTr4lHch7DvyfslAXmE
2020-10-22T06:01:44.475368042Z 985 u0a8oo73KpX10Vrsd9jzZJv5ZhEq904sj66cRiceivISb4rf6v2vPXpQiYVy
2020-10-22T06:01:44.487021557Z 986 1c2eB2pY3EAL1HXQPDA92bN6pOfLea4MTEAnXJGznfusq7grPr7XH5g74Cm6
2020-10-22T06:01:44.499003171Z 987 EXOJoZLhkjs1upRGpKZDGfxcB1sNcbQCiOhbN6DBsgc6VTZFgersIA9HjGaT
2020-10-22T06:01:44.510376892Z 988 UxUFCQsckNynuZbaPJA870SVIIrf4en97Q5Kg2CGJy9G9GAbSqC3VpsKk2NL
2020-10-22T06:01:44.521909881Z 989 MWkzrudlsZcEpUS0n2n8wf1VUgrhqX60zaKsWyELMZJ89IizoMUwnww4klMs
2020-10-22T06:01:44.533940802Z 990 A2l357Ll0jMlnlp5C5hmjtGzJgv8o11A7wYy2zGjC8GAVnQIYl0Jkpf9olVu
2020-10-22T06:01:44.545242558Z 991 y8mMpaHJhVPqZeJuHJDyh2M77pjiK8G7uOcevslAg1RvvGdFQLbvmwF1EQxX
2020-10-22T06:01:44.556816486Z 992 tZjT1s3JO59fNhniBgrrI0wOv4ECsQLvj09zlp3EQOwajUDpUKHTRhV1xP9T
2020-10-22T06:01:44.567410050Z 993 yPNLsyxI67qZLX9yERYuy0ljoW5P6FvRzC9O6spGn5RnlC4DaS5scS78Msd6
2020-10-22T06:01:44.579154292Z 994 vap3Fqo77tFHHis0DOfB7dpfan8zePSXQegoNP9z3I136dV91PP9mRJsq47n
2020-10-22T06:01:44.590938512Z 995 GEj00rcTDrR44vqcXnEwoP6mmVdfVFZKKdqieGTXnasXmsw1gDebyXpeHYtT
2020-10-22T06:01:44.602518904Z 996 w3QwXLTayiI9gv2POT5vRS9sRWIA5KP8xMja6vbxk1tsJMcpT2P1VGeMXMFg
2020-10-22T06:01:44.613206670Z 997 9OZKaqAl1IORPklPQAEcr8lwCDV6KLRA85eTwE3vmfiTQMwyN9snR2w4Us52
2020-10-22T06:01:44.625251474Z 998 YvaVq7PMg4xexeMNcGM5z0PLO3S9sqDbczvzd4i7o21js4eBbQNvUU9bpBMO
2020-10-22T06:01:44.637265701Z 999 bKBy2XmCjiwjeu72EAO6YHSbxkdhuf55qJyP9ndyQ57zLud7iA8sY09VbSC2
