2020-10-15T02:03:45.944148021Z  running: (['/opt/scylladb/scripts/scylla_dev_mode_setup', '--developer-mode', '1'],)
2020-10-15T02:03:46.433314742Z  running: (['/opt/scylladb/scripts/scylla_io_setup'],)
2020-10-15T02:03:46.812230266Z  2020-10-15 02:03:46,811 CRIT Supervisor is running as root.  Privileges were not dropped because no user is specified in the config file.  If you intend to run as root, you can set user=root in the config file to avoid this message.
2020-10-15T02:03:46.812276787Z  2020-10-15 02:03:46,811 INFO Included extra file "/etc/supervisord.conf.d/node-exporter.conf" during parsing
2020-10-15T02:03:46.812566829Z  2020-10-15 02:03:46,812 INFO Included extra file "/etc/supervisord.conf.d/rsyslog.conf" during parsing
2020-10-15T02:03:46.812596569Z  2020-10-15 02:03:46,812 INFO Included extra file "/etc/supervisord.conf.d/scylla-housekeeping.conf" during parsing
2020-10-15T02:03:46.812948679Z  2020-10-15 02:03:46,812 INFO Included extra file "/etc/supervisord.conf.d/scylla-jmx.conf" during parsing
2020-10-15T02:03:46.812979042Z  2020-10-15 02:03:46,812 INFO Included extra file "/etc/supervisord.conf.d/scylla-server.conf" during parsing
2020-10-15T02:03:46.813249850Z  2020-10-15 02:03:46,812 INFO Included extra file "/etc/supervisord.conf.d/sshd-server.conf" during parsing
2020-10-15T02:03:46.849715900Z  2020-10-15 02:03:46,849 INFO RPC interface 'supervisor' initialized
2020-10-15T02:03:46.850036383Z  2020-10-15 02:03:46,849 CRIT Server 'inet_http_server' running without any HTTP authentication checking
2020-10-15T02:03:46.850431870Z  2020-10-15 02:03:46,850 INFO supervisord started with pid 25
2020-10-15T02:03:47.855901812Z  2020-10-15 02:03:47,854 INFO spawned: 'scylla' with pid 28
2020-10-15T02:03:47.866953362Z  2020-10-15 02:03:47,859 INFO spawned: 'scylla-housekeeping' with pid 29
2020-10-15T02:03:47.866991608Z  2020-10-15 02:03:47,863 INFO spawned: 'sshd' with pid 30
2020-10-15T02:03:47.867631027Z  2020-10-15 02:03:47,867 INFO spawned: 'scylla-jmx' with pid 31
2020-10-15T02:03:47.871480367Z  2020-10-15 02:03:47,871 INFO spawned: 'rsyslog' with pid 32
2020-10-15T02:03:47.874335183Z  2020-10-15 02:03:47,873 INFO spawned: 'node-exporter' with pid 33
2020-10-15T02:03:47.889505326Z  Generating public/private ed25519 key pair.
2020-10-15T02:03:47.889534019Z  Your identification has been saved in /etc/ssh/ssh_host_ed25519_key.
2020-10-15T02:03:47.889544930Z  Your public key has been saved in /etc/ssh/ssh_host_ed25519_key.pub.
2020-10-15T02:03:47.889554829Z  The key fingerprint is:
2020-10-15T02:03:47.889563956Z  SHA256:PnkNHwo+C5tfef88H78G2YwcSr4CR1DaqsnnognQkl4 root@fd6d2a6a7a34
2020-10-15T02:03:47.889573204Z  The key's randomart image is:
2020-10-15T02:03:47.889582251Z  +--[ED25519 256]--+
2020-10-15T02:03:47.889591267Z  |        ..       |
2020-10-15T02:03:47.889600105Z  |       .o        |
2020-10-15T02:03:47.889609041Z  |       ...       |
2020-10-15T02:03:47.889617959Z  | o      .. . .   |
2020-10-15T02:03:47.889626781Z  |+ .E   .S + + *  |
2020-10-15T02:03:47.889647335Z  |o.. . o+ + O * o |
2020-10-15T02:03:47.889657695Z  | o   +..O = = .. |
2020-10-15T02:03:47.889666802Z  |  . ..o+ B o . +o|
2020-10-15T02:03:47.889676429Z  |   o. +oo .   ooO|
2020-10-15T02:03:47.889685422Z  +----[SHA256]-----+
2020-10-15T02:03:47.905071570Z  time="2020-10-15T02:03:47Z" level=info msg="Starting node_exporter (version=0.17.0, branch=HEAD, revision=f6f6194a436b9a63d0439abc585c76b19a206b21)" source="node_exporter.go:82"
2020-10-15T02:03:47.905133790Z  time="2020-10-15T02:03:47Z" level=info msg="Build context (go=go1.11.2, user=root@322511e06ced, date=20181130-15:51:33)" source="node_exporter.go:83"
2020-10-15T02:03:47.905146804Z  time="2020-10-15T02:03:47Z" level=info msg="Enabled collectors:" source="node_exporter.go:90"
2020-10-15T02:03:47.905156970Z  time="2020-10-15T02:03:47Z" level=info msg=" - arp" source="node_exporter.go:97"
2020-10-15T02:03:47.905166603Z  time="2020-10-15T02:03:47Z" level=info msg=" - bcache" source="node_exporter.go:97"
2020-10-15T02:03:47.905176254Z  time="2020-10-15T02:03:47Z" level=info msg=" - bonding" source="node_exporter.go:97"
2020-10-15T02:03:47.905185790Z  time="2020-10-15T02:03:47Z" level=info msg=" - conntrack" source="node_exporter.go:97"
2020-10-15T02:03:47.905195353Z  time="2020-10-15T02:03:47Z" level=info msg=" - cpu" source="node_exporter.go:97"
2020-10-15T02:03:47.905204749Z  time="2020-10-15T02:03:47Z" level=info msg=" - diskstats" source="node_exporter.go:97"
2020-10-15T02:03:47.905214301Z  time="2020-10-15T02:03:47Z" level=info msg=" - edac" source="node_exporter.go:97"
2020-10-15T02:03:47.905223720Z  time="2020-10-15T02:03:47Z" level=info msg=" - entropy" source="node_exporter.go:97"
2020-10-15T02:03:47.905233324Z  time="2020-10-15T02:03:47Z" level=info msg=" - filefd" source="node_exporter.go:97"
2020-10-15T02:03:47.905242799Z  time="2020-10-15T02:03:47Z" level=info msg=" - filesystem" source="node_exporter.go:97"
2020-10-15T02:03:47.905252516Z  time="2020-10-15T02:03:47Z" level=info msg=" - hwmon" source="node_exporter.go:97"
2020-10-15T02:03:47.905262011Z  time="2020-10-15T02:03:47Z" level=info msg=" - infiniband" source="node_exporter.go:97"
2020-10-15T02:03:47.905271529Z  time="2020-10-15T02:03:47Z" level=info msg=" - interrupts" source="node_exporter.go:97"
2020-10-15T02:03:47.905281115Z  time="2020-10-15T02:03:47Z" level=info msg=" - ipvs" source="node_exporter.go:97"
2020-10-15T02:03:47.905290601Z  time="2020-10-15T02:03:47Z" level=info msg=" - loadavg" source="node_exporter.go:97"
2020-10-15T02:03:47.905300804Z  time="2020-10-15T02:03:47Z" level=info msg=" - mdadm" source="node_exporter.go:97"
2020-10-15T02:03:47.905310607Z  time="2020-10-15T02:03:47Z" level=info msg=" - meminfo" source="node_exporter.go:97"
2020-10-15T02:03:47.905320157Z  time="2020-10-15T02:03:47Z" level=info msg=" - netclass" source="node_exporter.go:97"
2020-10-15T02:03:47.905329691Z  time="2020-10-15T02:03:47Z" level=info msg=" - netdev" source="node_exporter.go:97"
2020-10-15T02:03:47.905355547Z  time="2020-10-15T02:03:47Z" level=info msg=" - netstat" source="node_exporter.go:97"
2020-10-15T02:03:47.905378684Z  time="2020-10-15T02:03:47Z" level=info msg=" - nfs" source="node_exporter.go:97"
2020-10-15T02:03:47.905388933Z  time="2020-10-15T02:03:47Z" level=info msg=" - nfsd" source="node_exporter.go:97"
2020-10-15T02:03:47.905398956Z  time="2020-10-15T02:03:47Z" level=info msg=" - sockstat" source="node_exporter.go:97"
2020-10-15T02:03:47.905408811Z  time="2020-10-15T02:03:47Z" level=info msg=" - stat" source="node_exporter.go:97"
2020-10-15T02:03:47.905418681Z  time="2020-10-15T02:03:47Z" level=info msg=" - textfile" source="node_exporter.go:97"
2020-10-15T02:03:47.905428812Z  time="2020-10-15T02:03:47Z" level=info msg=" - time" source="node_exporter.go:97"
2020-10-15T02:03:47.905450082Z  time="2020-10-15T02:03:47Z" level=info msg=" - timex" source="node_exporter.go:97"
2020-10-15T02:03:47.905459715Z  time="2020-10-15T02:03:47Z" level=info msg=" - uname" source="node_exporter.go:97"
2020-10-15T02:03:47.905469350Z  time="2020-10-15T02:03:47Z" level=info msg=" - vmstat" source="node_exporter.go:97"
2020-10-15T02:03:47.905478956Z  time="2020-10-15T02:03:47Z" level=info msg=" - xfs" source="node_exporter.go:97"
2020-10-15T02:03:47.905488530Z  time="2020-10-15T02:03:47Z" level=info msg=" - zfs" source="node_exporter.go:97"
2020-10-15T02:03:47.905498047Z  time="2020-10-15T02:03:47Z" level=info msg="Listening on :9100" source="node_exporter.go:111"
2020-10-15T02:03:48.253153167Z  Scylla version 4.1.8-0.20201002.6c43a0dc29 with build-id fec471b0d185de7f191d861ccfc539eff76f31ab starting ...
2020-10-15T02:03:48.253199251Z  command used: "/usr/bin/scylla --log-to-syslog 0 --log-to-stdout 1 --default-log-level info --network-stack posix --developer-mode=1 --overprovisioned --listen-address 10.0.102.11 --rpc-address 10.0.102.11 --seed-provider-parameters seeds=10.0.102.11 --blocked-reactor-notify-ms 999999999"
2020-10-15T02:03:48.253211206Z  parsed command line options: [log-to-syslog: 0, log-to-stdout: 1, default-log-level: info, network-stack: posix, developer-mode: 1, overprovisioned, listen-address: 10.0.102.11, rpc-address: 10.0.102.11, seed-provider-parameters: seeds=10.0.102.11, blocked-reactor-notify-ms: 999999999]
2020-10-15T02:03:48.294489154Z  WARN  2020-10-15 02:03:48,293 [shard 0] seastar - Unable to set SCHED_FIFO scheduling policy for timer thread; latency impact possible. Try adding CAP_SYS_NICE
2020-10-15T02:03:48.312859496Z  INFO  2020-10-15 02:03:48,312 [shard 0] init - installing SIGHUP handler
2020-10-15T02:03:48.320066845Z  INFO  2020-10-15 02:03:48,319 [shard 0] init - Scylla version 4.1.8-0.20201002.6c43a0dc29 with build-id fec471b0d185de7f191d861ccfc539eff76f31ab starting ...
2020-10-15T02:03:48.320093820Z  
2020-10-15T02:03:48.321698062Z  INFO  2020-10-15 02:03:48,321 [shard 0] init - starting prometheus API server
2020-10-15T02:03:48.323964566Z  INFO  2020-10-15 02:03:48,323 [shard 0] init - starting tokens manager
2020-10-15T02:03:48.324678870Z  INFO  2020-10-15 02:03:48,324 [shard 0] init - starting migration manager notifier
2020-10-15T02:03:48.325313429Z  INFO  2020-10-15 02:03:48,325 [shard 0] init - creating tracing
2020-10-15T02:03:48.326341692Z  INFO  2020-10-15 02:03:48,326 [shard 0] init - creating snitch
2020-10-15T02:03:48.327266954Z  INFO  2020-10-15 02:03:48,327 [shard 0] init - determining DNS name
2020-10-15T02:03:48.327702409Z  INFO  2020-10-15 02:03:48,327 [shard 0] init - starting API server
2020-10-15T02:03:48.329037637Z  INFO  2020-10-15 02:03:48,328 [shard 0] init - Scylla API server listening on 127.0.0.1:10000 ...
2020-10-15T02:03:48.329990184Z  INFO  2020-10-15 02:03:48,329 [shard 0] init - initializing storage service
2020-10-15T02:03:48.330724154Z  INFO  2020-10-15 02:03:48,330 [shard 0] init - starting per-shard database core
2020-10-15T02:03:48.338061512Z  WARN  2020-10-15 02:03:48,337 [shard 0] init - I/O Scheduler is not properly configured! This is a non-supported setup, and performance is expected to be unpredictably bad.
2020-10-15T02:03:48.338086545Z   Reason found: none of --max-io-requests, --io-properties and --io-properties-file are set.
2020-10-15T02:03:48.338097825Z  To properly configure the I/O Scheduler, run the scylla_io_setup utility shipped with Scylla.
2020-10-15T02:03:48.338107632Z  
2020-10-15T02:03:48.339208803Z  INFO  2020-10-15 02:03:48,338 [shard 0] init - creating and verifying directories
2020-10-15T02:03:48.533668621Z  Connecting to http://localhost:10000
2020-10-15T02:03:48.534029587Z  Starting the JMX server
2020-10-15T02:03:48.690874421Z  INFO  2020-10-15 02:03:48,690 [shard 0] database - Populating Keyspace system_schema
2020-10-15T02:03:48.690924543Z  INFO  2020-10-15 02:03:48,690 [shard 0] database - Keyspace system_schema: Reading CF computed_columns id=cc7c7069-3740-33c1-92a4-c3de78dbd2c4 version=2b8c4439-de76-31e0-807f-3b7290a975d7
2020-10-15T02:03:48.690936798Z  INFO  2020-10-15 02:03:48,690 [shard 0] database - Keyspace system_schema: Reading CF view_virtual_columns id=08843b63-45dc-3be2-9798-a0418295cfaa version=c777531c-15f7-326f-8ebe-39fd0265c8c9
2020-10-15T02:03:48.690947626Z  INFO  2020-10-15 02:03:48,690 [shard 0] database - Keyspace system_schema: Reading CF dropped_columns id=5e7583b5-f3f4-3af1-9a39-b7e1d6f5f11f version=7426bc6c-4c2f-3200-8ad8-4329610ed59a
2020-10-15T02:03:48.690958251Z  INFO  2020-10-15 02:03:48,690 [shard 0] database - Keyspace system_schema: Reading CF indexes id=0feb57ac-311f-382f-ba6d-9024d305702f version=99c40462-8687-304e-abe3-2bdbef1f25aa
2020-10-15T02:03:48.691378378Z  INFO  2020-10-15 02:03:48,690 [shard 0] database - Keyspace system_schema: Reading CF functions id=96489b79-80be-3e14-a701-66a0b9159450 version=329ed804-55b3-3eee-ad61-d85317b96097
2020-10-15T02:03:48.691405970Z  INFO  2020-10-15 02:03:48,690 [shard 0] database - Keyspace system_schema: Reading CF columns id=24101c25-a2ae-3af7-87c1-b40ee1aca33f version=d33236d4-9bdd-3c09-abf0-a0bc5edc2526
2020-10-15T02:03:48.691418716Z  INFO  2020-10-15 02:03:48,690 [shard 0] database - Keyspace system_schema: Reading CF scylla_tables id=5d912ff1-f759-3665-b2c8-8042ab5103dd version=38e5e56b-155d-39b5-a0d2-8e5dcad42a26
2020-10-15T02:03:48.691429310Z  INFO  2020-10-15 02:03:48,690 [shard 0] database - Keyspace system_schema: Reading CF tables id=afddfb9d-bc1e-3068-8056-eed6c302ba09 version=b6240810-eeb7-36d5-9411-43b2d68dddab
2020-10-15T02:03:48.691457778Z  INFO  2020-10-15 02:03:48,690 [shard 0] database - Keyspace system_schema: Reading CF keyspaces id=abac5682-dea6-31c5-b535-b3d6cffd0fb6 version=e79ca8ba-6556-3f7d-925a-7f20cf57938c
2020-10-15T02:03:48.691469409Z  INFO  2020-10-15 02:03:48,690 [shard 0] database - Keyspace system_schema: Reading CF triggers id=4df70b66-6b05-3251-95a1-32b54005fd48 version=582d7071-1ef0-37c8-adc6-471a13636139
2020-10-15T02:03:48.691479720Z  INFO  2020-10-15 02:03:48,690 [shard 0] database - Keyspace system_schema: Reading CF views id=9786ac1c-dd58-3201-a7cd-ad556410c985 version=5b58bb47-96e7-3f57-accf-0bfca4dbbc6e
2020-10-15T02:03:48.691490064Z  INFO  2020-10-15 02:03:48,691 [shard 0] database - Keyspace system_schema: Reading CF types id=5a8b1ca8-6602-3f77-a045-9273d308917a version=de51b2ce-5e4d-3b7d-a75f-2204332ce8d1
2020-10-15T02:03:48.691743349Z  INFO  2020-10-15 02:03:48,691 [shard 0] database - Keyspace system_schema: Reading CF aggregates id=924c5587-2e3a-345b-b10c-12f37c1ba895 version=4b53e92c-0368-3d5c-b959-2ec1bfd1a59f
2020-10-15T02:03:49.073287299Z  JMX is enabled to receive remote connections on port: 7199
2020-10-15T02:03:49.073537785Z  2020-10-15 02:03:49,073 INFO success: scylla entered RUNNING state, process has stayed up for > than 1 seconds (startsecs)
2020-10-15T02:03:49.073737892Z  2020-10-15 02:03:49,073 INFO success: scylla-housekeeping entered RUNNING state, process has stayed up for > than 1 seconds (startsecs)
2020-10-15T02:03:49.073936172Z  2020-10-15 02:03:49,073 INFO success: sshd entered RUNNING state, process has stayed up for > than 1 seconds (startsecs)
2020-10-15T02:03:49.074163734Z  2020-10-15 02:03:49,073 INFO success: scylla-jmx entered RUNNING state, process has stayed up for > than 1 seconds (startsecs)
2020-10-15T02:03:49.074385511Z  2020-10-15 02:03:49,074 INFO success: rsyslog entered RUNNING state, process has stayed up for > than 1 seconds (startsecs)
2020-10-15T02:03:49.074592261Z  2020-10-15 02:03:49,074 INFO success: node-exporter entered RUNNING state, process has stayed up for > than 1 seconds (startsecs)
2020-10-15T02:03:50.234127199Z  Generating public/private rsa key pair.
2020-10-15T02:03:50.234166859Z  Your identification has been saved in /etc/ssh/ssh_host_rsa_key.
2020-10-15T02:03:50.234177802Z  Your public key has been saved in /etc/ssh/ssh_host_rsa_key.pub.
2020-10-15T02:03:50.234187046Z  The key fingerprint is:
2020-10-15T02:03:50.234196140Z  SHA256:S4OS/R4+WFZ+fSDgyGM2PPt+ITWFMwPpgWZzK5shGkU root@fd6d2a6a7a34
2020-10-15T02:03:50.234205316Z  The key's randomart image is:
2020-10-15T02:03:50.234214194Z  +---[RSA 4096]----+
2020-10-15T02:03:50.234223130Z  |     .E  ..o .   |
2020-10-15T02:03:50.234232054Z  |      . = = = .  |
2020-10-15T02:03:50.234241025Z  |     . = * + =   |
2020-10-15T02:03:50.234249952Z  |    .o..% = + .  |
2020-10-15T02:03:50.234258927Z  |    ooo+S% . + . |
2020-10-15T02:03:50.234278240Z  |    .. o*oo o . .|
2020-10-15T02:03:50.234299693Z  |       ++. o . . |
2020-10-15T02:03:50.234309677Z  |      .o... .    |
2020-10-15T02:03:50.234318428Z  |        oo..     |
2020-10-15T02:03:50.234360871Z  +----[SHA256]-----+
2020-10-15T02:03:50.247041052Z  Could not load host key: /etc/ssh/ssh_host_ecdsa_key
2020-10-15T02:03:53.103147039Z  INFO  2020-10-15 02:03:53,102 [shard 0] database - Found temporary sstable directory: "/var/lib/scylla/data/system_schema/indexes-0feb57ac311f382fba6d9024d305702f/0000000000000626.sstable", removing
2020-10-15T02:03:53.103986432Z  INFO  2020-10-15 02:03:53,103 [shard 0] database - Found temporary sstable directory: "/var/lib/scylla/data/system_schema/tables-afddfb9dbc1e30688056eed6c302ba09/0000000000000567.sstable", removing
2020-10-15T02:03:53.104479507Z  INFO  2020-10-15 02:03:53,104 [shard 0] database - Found temporary sstable directory: "/var/lib/scylla/data/system_schema/scylla_tables-5d912ff1f7593665b2c88042ab5103dd/0000000000000546.sstable", removing
2020-10-15T02:03:53.104976703Z  INFO  2020-10-15 02:03:53,104 [shard 0] database - Found temporary sstable directory: "/var/lib/scylla/data/system_schema/views-9786ac1cdd583201a7cdad556410c985/0000000000000491.sstable", removing
2020-10-15T02:03:53.105572618Z  INFO  2020-10-15 02:03:53,105 [shard 0] database - Found temporary sstable directory: "/var/lib/scylla/data/system_schema/tables-afddfb9dbc1e30688056eed6c302ba09/0000000000000562.sstable", removing
2020-10-15T02:03:53.106155435Z  INFO  2020-10-15 02:03:53,105 [shard 0] database - Found temporary sstable directory: "/var/lib/scylla/data/system_schema/aggregates-924c55872e3a345bb10c12f37c1ba895/0000000000000479.sstable", removing
2020-10-15T02:03:53.107170064Z  INFO  2020-10-15 02:03:53,106 [shard 0] database - Found temporary sstable directory: "/var/lib/scylla/data/system_schema/types-5a8b1ca866023f77a0459273d308917a/0000000000000522.sstable", removing
2020-10-15T02:03:53.107756453Z  INFO  2020-10-15 02:03:53,107 [shard 0] database - Found temporary sstable directory: "/var/lib/scylla/data/system_schema/types-5a8b1ca866023f77a0459273d308917a/0000000000000519.sstable", removing
2020-10-15T02:03:53.152899304Z  WARN  2020-10-15 02:03:53,152 [shard 0] sstable - Deleting components of sstable from system_schema.scylla_tables of generation 546 that has a temporary TOC
2020-10-15T02:03:53.153724222Z  WARN  2020-10-15 02:03:53,153 [shard 0] sstable - Deleting components of sstable from system_schema.tables of generation 567 that has a temporary TOC
2020-10-15T02:03:53.253777540Z  WARN  2020-10-15 02:03:53,253 [shard 0] sstable - Deleting components of sstable from system_schema.aggregates of generation 479 that has a temporary TOC
2020-10-15T02:03:53.254360726Z  WARN  2020-10-15 02:03:53,254 [shard 0] sstable - Deleting components of sstable from system_schema.indexes of generation 626 that has a temporary TOC
2020-10-15T02:03:53.254953179Z  WARN  2020-10-15 02:03:53,254 [shard 0] sstable - Deleting components of sstable from system_schema.views of generation 491 that has a temporary TOC
2020-10-15T02:03:53.255421346Z  WARN  2020-10-15 02:03:53,255 [shard 0] sstable - Deleting components of sstable from system_schema.types of generation 522 that has a temporary TOC
2020-10-15T02:03:53.544335515Z  Traceback (most recent call last):
2020-10-15T02:03:53.544399803Z    File "/opt/scylladb/scripts/libexec/scylla-housekeeping", line 208, in <module>
2020-10-15T02:03:53.544414008Z      args.func(args)
2020-10-15T02:03:53.544423655Z    File "/opt/scylladb/scripts/libexec/scylla-housekeeping", line 134, in check_version
2020-10-15T02:03:53.544433455Z      current_version = sanitize_version(get_api('/storage_service/scylla_release_version'))
2020-10-15T02:03:53.544443208Z    File "/opt/scylladb/scripts/libexec/scylla-housekeeping", line 93, in get_api
2020-10-15T02:03:53.544465251Z      return get_json_from_url("http://" + api_address + path)
2020-10-15T02:03:53.544475046Z    File "/opt/scylladb/scripts/libexec/scylla-housekeeping", line 88, in get_json_from_url
2020-10-15T02:03:53.544484642Z      raise RuntimeError(f'Failed to get "{path}" due to the following error: {retval}')
2020-10-15T02:03:53.544494290Z  RuntimeError: Failed to get "http://localhost:10000/storage_service/scylla_release_version" due to the following error: HTTP Error 404: Not Found
2020-10-15T02:03:54.003063619Z  WARN  2020-10-15 02:03:54,002 [shard 0] sstable - Deleting components of sstable from system_schema.tables of generation 562 that has a temporary TOC
2020-10-15T02:03:54.906528359Z  WARN  2020-10-15 02:03:54,905 [shard 0] sstable - Deleting components of sstable from system_schema.types of generation 519 that has a temporary TOC
2020-10-15T02:03:56.137489537Z  INFO  2020-10-15 02:03:56,136 [shard 0] database - Populating Keyspace system
2020-10-15T02:03:56.137537592Z  INFO  2020-10-15 02:03:56,136 [shard 0] database - Keyspace system: Reading CF schema_aggregates id=a5fc57fc-9d6c-3bfd-a3fc-01ad54686fea version=d06c934f-9a69-374c-86f1-523ab26fb05c
2020-10-15T02:03:56.137560070Z  INFO  2020-10-15 02:03:56,136 [shard 0] database - Keyspace system: Reading CF schema_triggers id=0359bc71-7123-3ee1-9a4a-b9dfb11fc125 version=75e4ec4c-76da-3f59-984e-66810ba0c62b
2020-10-15T02:03:56.137580004Z  INFO  2020-10-15 02:03:56,136 [shard 0] database - Keyspace system: Reading CF compaction_history id=b4dbb7b4-dc49-3fb5-b3bf-ce6e434832ca version=25cae56a-8d75-39f3-a146-3756ab4981c7
2020-10-15T02:03:56.137605419Z  INFO  2020-10-15 02:03:56,136 [shard 0] database - Keyspace system: Reading CF compactions_in_progress id=55080ab0-5d9c-3886-90a4-acb25fe1f77b version=540263f1-40db-3869-8a38-3baadedc222d
2020-10-15T02:03:56.137616163Z  INFO  2020-10-15 02:03:56,136 [shard 0] database - Keyspace system: Reading CF range_xfers id=55d76438-4e55-3f8b-9f6e-676d4af3976d version=dd15a078-409b-350d-9bef-c5f3520832d8
2020-10-15T02:03:56.138381432Z  INFO  2020-10-15 02:03:56,136 [shard 0] database - Keyspace system: Reading CF scylla_views_builds_in_progress id=a04c7bfd-1e13-36c9-a44d-f22da352281d version=e3fb736c-6956-3990-a31d-9a482279e3fc
2020-10-15T02:03:56.138442967Z  INFO  2020-10-15 02:03:56,136 [shard 0] database - Keyspace system: Reading CF IndexInfo id=9f5c6374-d485-3229-9a0a-5094af9ad1e3 version=bbb3743b-351f-3023-b4fc-09a9be37d529
2020-10-15T02:03:56.138465951Z  INFO  2020-10-15 02:03:56,137 [shard 0] database - Keyspace system: Reading CF cdc_local id=0bcaffd4-0c83-3ead-ad13-dc1d5015b77c version=0aa4d3a2-ed95-3ecd-aba0-cd75622ad290
2020-10-15T02:03:56.138541643Z  INFO  2020-10-15 02:03:56,137 [shard 0] database - Keyspace system: Reading CF schema_columnfamilies id=45f5b360-24bc-3f83-a363-1034ea4fa697 version=7f7a5fea-07b7-304d-a6f8-f7aec72cabdb
2020-10-15T02:03:56.138599971Z  INFO  2020-10-15 02:03:56,137 [shard 0] database - Keyspace system: Reading CF batchlog id=0290003c-977e-397c-ac3e-fdfdc01d626b version=e2a2e804-49e4-3597-9f16-39fd9475835c
2020-10-15T02:03:56.138618532Z  INFO  2020-10-15 02:03:56,137 [shard 0] database - Keyspace system: Reading CF schema_functions id=d1b675fe-2b50-3ca4-8e49-c0f81989dcad version=a50959dd-2be0-3e4e-8bb5-cf40796e256a
2020-10-15T02:03:56.138635388Z  INFO  2020-10-15 02:03:56,137 [shard 0] database - Keyspace system: Reading CF peer_events id=59dfeaea-8db2-3341-91ef-109974d81484 version=7f874a05-72b8-3c21-9acb-baa164fc351a
2020-10-15T02:03:56.138651864Z  INFO  2020-10-15 02:03:56,137 [shard 0] database - Keyspace system: Reading CF local id=7ad54392-bcdd-35a6-8417-4e047860b377 version=7fa82c2e-5b67-37dd-8e5e-2079e18f1536
2020-10-15T02:03:56.138668577Z  INFO  2020-10-15 02:03:56,137 [shard 0] database - Keyspace system: Reading CF clients id=ca0f635d-8630-3609-8d93-a1fc06f2a5e5 version=51273ebf-e6f9-3cd5-b455-ea09ad29796f
2020-10-15T02:03:56.138684813Z  INFO  2020-10-15 02:03:56,137 [shard 0] database - Keyspace system: Reading CF size_estimates id=618f817b-005f-3678-b8a4-53f3930b8e86 version=6d4dbcff-f05b-3dc3-95ad-f79f7b10504d
2020-10-15T02:03:56.138701177Z  INFO  2020-10-15 02:03:56,137 [shard 0] database - Keyspace system: Reading CF large_partitions id=8a7fe624-96b0-34b1-b90e-f71bddcdd2d3 version=04fa9920-9369-3a96-be39-6dd9fdc816b6
2020-10-15T02:03:56.138720703Z  INFO  2020-10-15 02:03:56,137 [shard 0] database - Keyspace system: Reading CF schema_columns id=296e9c04-9bec-3085-827d-c17d3df2122a version=53cfbb66-ee0d-37be-97bb-b2afb3746f85
2020-10-15T02:03:56.138738387Z  INFO  2020-10-15 02:03:56,137 [shard 0] database - Keyspace system: Reading CF built_views id=4b3c50a9-ea87-3d76-9101-6dbc9c38494a version=a28aa0b3-6def-30a7-9fbe-ce78b3f3c9b9
2020-10-15T02:03:56.138757494Z  INFO  2020-10-15 02:03:56,137 [shard 0] database - Keyspace system: Reading CF peers id=37f71aca-7dc2-383b-a706-72528af04d4f version=f6f6871f-8c86-3eca-ac0b-2a2e848e395d
2020-10-15T02:03:56.138773917Z  INFO  2020-10-15 02:03:56,137 [shard 0] database - Keyspace system: Reading CF hints id=2666e205-73ef-38b3-90fe-fecf96e8f0c7 version=0b74fdd1-e96d-309e-a14e-a5bcd7ac885d
2020-10-15T02:03:56.138789943Z  INFO  2020-10-15 02:03:56,137 [shard 0] database - Keyspace system: Reading CF large_rows id=40550f66-0858-39a0-9430-f27fc08034e9 version=aee3acb0-7926-317b-848e-db7bc3721695
2020-10-15T02:03:56.138862065Z  INFO  2020-10-15 02:03:56,137 [shard 0] database - Keyspace system: Reading CF large_cells id=ead8bbc5-f146-3ae1-9f71-0b11f9a1d296 version=0d4a6937-a781-3f87-a192-b4e4a4a40acf
2020-10-15T02:03:56.138881566Z  INFO  2020-10-15 02:03:56,137 [shard 0] database - Keyspace system: Reading CF scylla_local id=2972ec7f-fb20-38dd-aac1-d876f2e3fcbd version=5f0b407d-eedf-3845-a48e-dbb9673d10e1
2020-10-15T02:03:56.138897990Z  INFO  2020-10-15 02:03:56,137 [shard 0] database - Keyspace system: Reading CF views_builds_in_progress id=b7f2c108-78cd-3c80-9cd5-d609b2bd149c version=b905cce5-1474-3085-819a-7592453e2fb9
2020-10-15T02:03:56.138914519Z  INFO  2020-10-15 02:03:56,137 [shard 0] database - Keyspace system: Reading CF schema_usertypes id=3aa75225-4f82-350b-8d5c-430fa221fa0a version=3c53e6bb-56d5-3618-a0b2-4ff5f18127d7
2020-10-15T02:03:56.139037080Z  INFO  2020-10-15 02:03:56,137 [shard 0] database - Keyspace system: Reading CF sstable_activity id=5a1ff267-ace0-3f12-8563-cfae6103c65e version=bdec57a3-b234-334b-be9c-7b1f33113995
2020-10-15T02:03:56.139091967Z  INFO  2020-10-15 02:03:56,137 [shard 0] database - Keyspace system: Reading CF truncated id=38c19fd0-fb86-3310-a4b7-0d0cc66628aa version=6da9a85c-7ae0-3917-aead-54a2f65a57a8
2020-10-15T02:03:56.139108829Z  INFO  2020-10-15 02:03:56,137 [shard 0] database - Keyspace system: Reading CF paxos id=b7b7f0c2-fd0a-3410-8c05-3ef614bb7c2d version=6dd372de-72fb-3e1b-9b8c-f97738a67fe9
2020-10-15T02:03:56.139129084Z  INFO  2020-10-15 02:03:56,137 [shard 0] database - Keyspace system: Reading CF schema_keyspaces id=b0f22357-4458-3cdb-9631-c43e59ce3676 version=84d28cef-59f9-34a9-9be5-31c684997f03
2020-10-15T02:04:11.481651758Z  INFO  2020-10-15 02:04:11,481 [shard 0] init - starting gossip
2020-10-15T02:04:11.481725966Z  WARN  2020-10-15 02:04:11,481 [shard 0] init - Using default cluster name is not recommended. Using a unique cluster name will reduce the chance of adding nodes to the wrong cluster by mistake
2020-10-15T02:04:11.482227742Z  INFO  2020-10-15 02:04:11,481 [shard 0] init - starting storage proxy
2020-10-15T02:04:11.493187517Z  INFO  2020-10-15 02:04:11,492 [shard 0] init - creating hints manager
2020-10-15T02:04:11.494061379Z  INFO  2020-10-15 02:04:11,493 [shard 2] init - creating hints manager
2020-10-15T02:04:11.494087984Z  INFO  2020-10-15 02:04:11,493 [shard 1] init - creating hints manager
2020-10-15T02:04:11.494100419Z  INFO  2020-10-15 02:04:11,493 [shard 3] init - creating hints manager
2020-10-15T02:04:11.494383289Z  INFO  2020-10-15 02:04:11,494 [shard 0] init - starting migration manager
2020-10-15T02:04:11.494721503Z  INFO  2020-10-15 02:04:11,494 [shard 0] init - starting query processor
2020-10-15T02:04:11.496142585Z  INFO  2020-10-15 02:04:11,495 [shard 0] init - initializing batchlog manager
2020-10-15T02:04:11.500575272Z  INFO  2020-10-15 02:04:11,500 [shard 0] legacy_schema_migrator - Moving 0 keyspaces from legacy schema tables to the new schema keyspace (system_schema)
2020-10-15T02:04:11.500920698Z  INFO  2020-10-15 02:04:11,500 [shard 0] legacy_schema_migrator - Dropping legacy schema tables
2020-10-15T02:04:22.384250780Z  INFO  2020-10-15 02:04:22,383 [shard 0] legacy_schema_migrator - Completed migration of legacy schema tables
2020-10-15T02:04:22.387292625Z  INFO  2020-10-15 02:04:22,386 [shard 0] init - loading system sstables
2020-10-15T02:04:36.564140493Z  INFO  2020-10-15 02:04:36,562 [shard 0] init - loading non-system sstables
2020-10-15T02:04:47.913091169Z  INFO  2020-10-15 02:04:47,912 [shard 0] database - Populating Keyspace dt
2020-10-15T02:04:47.913150707Z  INFO  2020-10-15 02:04:47,912 [shard 0] database - Keyspace dt: Reading CF source_element_idx_index id=68593f10-d77b-11ea-9877-000000000001 version=33e3f927-f730-3081-88e1-6bed2962e42a
2020-10-15T02:04:47.913171373Z  INFO  2020-10-15 02:04:47,912 [shard 0] database - Keyspace dt: Reading CF element_twin_idx_index id=630ae8b0-d77b-11ea-9877-000000000001 version=bc3026fd-bc4e-318d-b6f4-ca0b566cb74b
2020-10-15T02:04:47.913899979Z  INFO  2020-10-15 02:04:47,912 [shard 0] database - Keyspace dt: Reading CF source id=65ff2270-d77b-11ea-9877-000000000001 version=5f8471b7-7d19-31d4-9be5-0f153affb0bb
2020-10-15T02:04:47.913962897Z  INFO  2020-10-15 02:04:47,912 [shard 0] database - Keyspace dt: Reading CF source_data id=6af6cd50-d77b-11ea-9877-000000000001 version=b52400e3-b307-3141-b3fc-e5d63573f135
2020-10-15T02:04:47.913983343Z  INFO  2020-10-15 02:04:47,912 [shard 0] database - Keyspace dt: Reading CF element id=607549b0-d77b-11ea-9877-000000000001 version=f44a6c4b-69d8-37f2-b116-7260740acc6c
2020-10-15T02:04:47.913999602Z  INFO  2020-10-15 02:04:47,912 [shard 0] database - Keyspace dt: Reading CF twin id=5e00c740-d77b-11ea-9877-000000000001 version=6240633e-c8cc-3fea-a1e3-452eff1b9659
2020-10-15T02:04:47.914015360Z  INFO  2020-10-15 02:04:47,912 [shard 0] database - Keyspace dt: Reading CF user id=5c294820-d77b-11ea-9877-000000000001 version=02cce273-02f1-3e6a-8674-f1016e3f22d7
2020-10-15T02:04:47.914031461Z  INFO  2020-10-15 02:04:47,912 [shard 0] database - Populating Keyspace system_distributed
2020-10-15T02:04:47.914046965Z  INFO  2020-10-15 02:04:47,912 [shard 0] database - Keyspace system_distributed: Reading CF view_build_status id=5582b59f-8e4e-35e1-b913-3acada51eb04 version=e0b6e628-60e0-39a2-ada0-9b6c13bdd9bc
2020-10-15T02:04:47.914062990Z  INFO  2020-10-15 02:04:47,912 [shard 0] database - Keyspace system_distributed: Reading CF cdc_generations id=6a4df139-00b6-3d21-9efc-dade266dc3b7 version=2511b46b-df1d-39fa-9a77-f5cacf88af47
2020-10-15T02:04:47.914079166Z  INFO  2020-10-15 02:04:47,912 [shard 0] database - Keyspace system_distributed: Reading CF cdc_streams id=07405732-4620-34d6-a85e-947248dad9a4 version=b606cfa4-a37b-32bd-a624-e05cab2bed3c
2020-10-15T02:04:47.914095412Z  INFO  2020-10-15 02:04:47,912 [shard 0] database - Populating Keyspace system_auth
2020-10-15T02:04:47.914110511Z  INFO  2020-10-15 02:04:47,912 [shard 0] database - Keyspace system_auth: Reading CF roles id=5bc52802-de25-35ed-aeab-188eecebb090 version=d8f599da-7544-3f57-aa58-b229deea93e0
2020-10-15T02:04:47.914126380Z  INFO  2020-10-15 02:04:47,913 [shard 0] database - Keyspace system_auth: Reading CF role_members id=0ecdaa87-f8fb-3e60-88d1-74fb36fe5c0d version=2923b5bb-f2f8-36e8-9e73-19019900010c
2020-10-15T02:04:47.914142241Z  INFO  2020-10-15 02:04:47,913 [shard 0] database - Populating Keyspace system_traces
2020-10-15T02:04:47.914159796Z  INFO  2020-10-15 02:04:47,913 [shard 0] database - Keyspace system_traces: Reading CF sessions id=c5e99f16-8677-3914-b17e-960613512345 version=e0fc4b06-6cba-3b7b-bfb6-b42a77c370a9
2020-10-15T02:04:47.914176669Z  INFO  2020-10-15 02:04:47,913 [shard 0] database - Keyspace system_traces: Reading CF node_slow_log_time_idx id=f9706768-aa1e-3d87-9e5c-51a3927c2870 version=eaffc0bb-7b2c-3b64-8924-d8ba685120bc
2020-10-15T02:04:47.914192713Z  INFO  2020-10-15 02:04:47,913 [shard 0] database - Keyspace system_traces: Reading CF sessions_time_idx id=0ebf001c-c1d1-3693-9a63-c3d96ac53318 version=cd5d1e5f-1f42-3b9d-a8ba-3af39d59a7d5
2020-10-15T02:04:47.914208551Z  INFO  2020-10-15 02:04:47,913 [shard 0] database - Keyspace system_traces: Reading CF events id=8826e8e9-e16a-3728-8753-3bc1fc713c25 version=41a6b26e-a03b-3ae1-8a4a-b9446e7f9304
2020-10-15T02:04:47.914224619Z  INFO  2020-10-15 02:04:47,913 [shard 0] database - Keyspace system_traces: Reading CF node_slow_log id=bfcc4e62-5b63-3aa1-a1c3-6f5e47f3325c version=23e7a411-8414-340f-854d-20a3a637e438
2020-10-15T02:04:54.142128913Z  INFO  2020-10-15 02:04:54,141 [shard 0] init - starting view update generator
2020-10-15T02:04:54.142706130Z  INFO  2020-10-15 02:04:54,142 [shard 0] init - discovering staging sstables
2020-10-15T02:04:54.143169673Z  INFO  2020-10-15 02:04:54,142 [shard 0] init - setting up system keyspace
2020-10-15T02:04:54.161469221Z  INFO  2020-10-15 02:04:54,161 [shard 0] init - starting commit log
2020-10-15T02:04:54.161517456Z  INFO  2020-10-15 02:04:54,161 [shard 0] init - replaying commit log
2020-10-15T02:04:54.165474312Z  INFO  2020-10-15 02:04:54,165 [shard 0] commitlog_replayer - Replaying /var/lib/scylla/commitlog/CommitLog-1-18014401491107326.log, /var/lib/scylla/commitlog/CommitLog-1-54043198510071295.log, /var/lib/scylla/commitlog/CommitLog-1-36028800000589311.log, /var/lib/scylla/commitlog/CommitLog-1-36028800000589310.log, /var/lib/scylla/commitlog/CommitLog-1-54043198510071296.log, /var/lib/scylla/commitlog/CommitLog-1-2981625343.log, /var/lib/scylla/commitlog/CommitLog-1-36028800000589312.log, /var/lib/scylla/commitlog/CommitLog-1-54043198510071294.log, /var/lib/scylla/commitlog/CommitLog-1-2981625341.log, /var/lib/scylla/commitlog/CommitLog-1-18014401491107327.log, /var/lib/scylla/commitlog/CommitLog-1-2981625342.log
2020-10-15T02:05:07.236379321Z  INFO  2020-10-15 02:05:07,235 [shard 0] commitlog_replayer - Log replay complete, 42325 replayed mutations (0 invalid, 0 skipped)
2020-10-15T02:05:07.237228060Z  INFO  2020-10-15 02:05:07,236 [shard 0] init - replaying commit log - flushing memtables
2020-10-15T02:05:22.110501520Z  INFO  2020-10-15 02:05:22,109 [shard 0] init - replaying commit log - removing old commitlog segments
2020-10-15T02:05:22.111139245Z  INFO  2020-10-15 02:05:22,110 [shard 0] compaction - Compacting [/var/lib/scylla/data/system/clients-ca0f635d863036098d93a1fc06f2a5e5/mc-52-big-Data.db:level=0, /var/lib/scylla/data/system/clients-ca0f635d863036098d93a1fc06f2a5e5/mc-56-big-Data.db:level=0, /var/lib/scylla/data/system/clients-ca0f635d863036098d93a1fc06f2a5e5/mc-76-big-Data.db:level=0, /var/lib/scylla/data/system/clients-ca0f635d863036098d93a1fc06f2a5e5/mc-84-big-Data.db:level=0, /var/lib/scylla/data/system/clients-ca0f635d863036098d93a1fc06f2a5e5/mc-112-big-Data.db:level=0, /var/lib/scylla/data/system/clients-ca0f635d863036098d93a1fc06f2a5e5/mc-100-big-Data.db:level=0, /var/lib/scylla/data/system/clients-ca0f635d863036098d93a1fc06f2a5e5/mc-108-big-Data.db:level=0, /var/lib/scylla/data/system/clients-ca0f635d863036098d93a1fc06f2a5e5/mc-72-big-Data.db:level=0, /var/lib/scylla/data/system/clients-ca0f635d863036098d93a1fc06f2a5e5/mc-92-big-Data.db:level=0, /var/lib/scylla/data/system/clients-ca0f635d863036098d93a1fc06f2a5e5/mc-68-big-Data.db:level=0, /var/lib/scylla/data/system/clients-ca0f635d863036098d93a1fc06f2a5e5/mc-96-big-Data.db:level=0, /var/lib/scylla/data/system/clients-ca0f635d863036098d93a1fc06f2a5e5/mc-120-big-Data.db:level=0, /var/lib/scylla/data/system/clients-ca0f635d863036098d93a1fc06f2a5e5/mc-104-big-Data.db:level=0, /var/lib/scylla/data/system/clients-ca0f635d863036098d93a1fc06f2a5e5/mc-88-big-Data.db:level=0, /var/lib/scylla/data/system/clients-ca0f635d863036098d93a1fc06f2a5e5/mc-80-big-Data.db:level=0, /var/lib/scylla/data/system/clients-ca0f635d863036098d93a1fc06f2a5e5/mc-116-big-Data.db:level=0, /var/lib/scylla/data/system/clients-ca0f635d863036098d93a1fc06f2a5e5/mc-64-big-Data.db:level=0, /var/lib/scylla/data/system/clients-ca0f635d863036098d93a1fc06f2a5e5/mc-60-big-Data.db:level=0, ]
2020-10-15T02:05:22.112154580Z  INFO  2020-10-15 02:05:22,111 [shard 2] compaction - Compacting [/var/lib/scylla/data/system_schema/dropped_columns-5e7583b5f3f43af19a39b7e1d6f5f11f/mc-702-big-Data.db:level=0, /var/lib/scylla/data/system_schema/dropped_columns-5e7583b5f3f43af19a39b7e1d6f5f11f/mc-698-big-Data.db:level=0, /var/lib/scylla/data/system_schema/dropped_columns-5e7583b5f3f43af19a39b7e1d6f5f11f/mc-694-big-Data.db:level=0, ]
2020-10-15T02:05:22.112197013Z  INFO  2020-10-15 02:05:22,111 [shard 2] compaction - Compacting [/var/lib/scylla/data/system/compaction_history-b4dbb7b4dc493fb5b3bfce6e434832ca/mc-962-big-Data.db:level=0, /var/lib/scylla/data/system/compaction_history-b4dbb7b4dc493fb5b3bfce6e434832ca/mc-958-big-Data.db:level=0, /var/lib/scylla/data/system/compaction_history-b4dbb7b4dc493fb5b3bfce6e434832ca/mc-954-big-Data.db:level=0, ]
2020-10-15T02:05:22.112210752Z  INFO  2020-10-15 02:05:22,111 [shard 1] compaction - Compacting [/var/lib/scylla/data/system/compaction_history-b4dbb7b4dc493fb5b3bfce6e434832ca/mc-949-big-Data.db:level=0, /var/lib/scylla/data/system/compaction_history-b4dbb7b4dc493fb5b3bfce6e434832ca/mc-945-big-Data.db:level=0, /var/lib/scylla/data/system/compaction_history-b4dbb7b4dc493fb5b3bfce6e434832ca/mc-941-big-Data.db:level=0, ]
2020-10-15T02:05:22.112222540Z  INFO  2020-10-15 02:05:22,111 [shard 2] compaction - Compacting [/var/lib/scylla/data/system_schema/columns-24101c25a2ae3af787c1b40ee1aca33f/mc-702-big-Data.db:level=0, /var/lib/scylla/data/system_schema/columns-24101c25a2ae3af787c1b40ee1aca33f/mc-706-big-Data.db:level=0, /var/lib/scylla/data/system_schema/columns-24101c25a2ae3af787c1b40ee1aca33f/mc-698-big-Data.db:level=0, ]
2020-10-15T02:05:22.112233980Z  INFO  2020-10-15 02:05:22,111 [shard 2] compaction - Compacting [/var/lib/scylla/data/system_schema/keyspaces-abac5682dea631c5b535b3d6cffd0fb6/mc-670-big-Data.db:level=0, /var/lib/scylla/data/system_schema/keyspaces-abac5682dea631c5b535b3d6cffd0fb6/mc-674-big-Data.db:level=0, /var/lib/scylla/data/system_schema/keyspaces-abac5682dea631c5b535b3d6cffd0fb6/mc-666-big-Data.db:level=0, ]
2020-10-15T02:05:22.112247108Z  INFO  2020-10-15 02:05:22,111 [shard 2] compaction - Compacting [/var/lib/scylla/data/system_schema/indexes-0feb57ac311f382fba6d9024d305702f/mc-626-big-Data.db:level=0, /var/lib/scylla/data/system_schema/indexes-0feb57ac311f382fba6d9024d305702f/mc-622-big-Data.db:level=0, ]
2020-10-15T02:05:22.112258374Z  INFO  2020-10-15 02:05:22,111 [shard 2] compaction - Compacting [/var/lib/scylla/data/system_schema/scylla_tables-5d912ff1f7593665b2c88042ab5103dd/mc-546-big-Data.db:level=0, /var/lib/scylla/data/system_schema/scylla_tables-5d912ff1f7593665b2c88042ab5103dd/mc-542-big-Data.db:level=0, ]
2020-10-15T02:05:22.114620873Z  INFO  2020-10-15 02:05:22,112 [shard 3] compaction - Compacting [/var/lib/scylla/data/system/peers-37f71aca7dc2383ba70672528af04d4f/mc-19-big-Data.db:level=0, /var/lib/scylla/data/system/peers-37f71aca7dc2383ba70672528af04d4f/mc-23-big-Data.db:level=0, /var/lib/scylla/data/system/peers-37f71aca7dc2383ba70672528af04d4f/mc-15-big-Data.db:level=0, ]
2020-10-15T02:05:22.114648195Z  INFO  2020-10-15 02:05:22,112 [shard 3] compaction - Compacting [/var/lib/scylla/data/system_schema/dropped_columns-5e7583b5f3f43af19a39b7e1d6f5f11f/mc-699-big-Data.db:level=0, /var/lib/scylla/data/system_schema/dropped_columns-5e7583b5f3f43af19a39b7e1d6f5f11f/mc-703-big-Data.db:level=0, /var/lib/scylla/data/system_schema/dropped_columns-5e7583b5f3f43af19a39b7e1d6f5f11f/mc-695-big-Data.db:level=0, ]
2020-10-15T02:05:22.114662023Z  INFO  2020-10-15 02:05:22,112 [shard 0] compaction - Compacting [/var/lib/scylla/data/system/compaction_history-b4dbb7b4dc493fb5b3bfce6e434832ca/mc-936-big-Data.db:level=0, /var/lib/scylla/data/system/compaction_history-b4dbb7b4dc493fb5b3bfce6e434832ca/mc-940-big-Data.db:level=0, /var/lib/scylla/data/system/compaction_history-b4dbb7b4dc493fb5b3bfce6e434832ca/mc-932-big-Data.db:level=0, ]
2020-10-15T02:05:22.114686066Z  INFO  2020-10-15 02:05:22,112 [shard 3] compaction - Compacting [/var/lib/scylla/data/system_schema/functions-96489b7980be3e14a70166a0b9159450/mc-631-big-Data.db:level=0, /var/lib/scylla/data/system_schema/functions-96489b7980be3e14a70166a0b9159450/mc-639-big-Data.db:level=0, /var/lib/scylla/data/system_schema/functions-96489b7980be3e14a70166a0b9159450/mc-635-big-Data.db:level=0, ]
2020-10-15T02:05:22.114743481Z  INFO  2020-10-15 02:05:22,112 [shard 0] compaction - Compacting [/var/lib/scylla/data/system/truncated-38c19fd0fb863310a4b70d0cc66628aa/mc-1776-big-Data.db:level=0, /var/lib/scylla/data/system/truncated-38c19fd0fb863310a4b70d0cc66628aa/mc-1780-big-Data.db:level=0, /var/lib/scylla/data/system/truncated-38c19fd0fb863310a4b70d0cc66628aa/mc-1772-big-Data.db:level=0, ]
2020-10-15T02:05:22.114768026Z  INFO  2020-10-15 02:05:22,113 [shard 3] compaction - Compacting [/var/lib/scylla/data/system/compaction_history-b4dbb7b4dc493fb5b3bfce6e434832ca/mc-963-big-Data.db:level=0, /var/lib/scylla/data/system/compaction_history-b4dbb7b4dc493fb5b3bfce6e434832ca/mc-959-big-Data.db:level=0, /var/lib/scylla/data/system/compaction_history-b4dbb7b4dc493fb5b3bfce6e434832ca/mc-955-big-Data.db:level=0, ]
2020-10-15T02:05:22.114779655Z  INFO  2020-10-15 02:05:22,113 [shard 3] compaction - Compacting [/var/lib/scylla/data/system_schema/columns-24101c25a2ae3af787c1b40ee1aca33f/mc-699-big-Data.db:level=0, /var/lib/scylla/data/system_schema/columns-24101c25a2ae3af787c1b40ee1aca33f/mc-703-big-Data.db:level=0, /var/lib/scylla/data/system_schema/columns-24101c25a2ae3af787c1b40ee1aca33f/mc-695-big-Data.db:level=0, ]
2020-10-15T02:05:22.114830556Z  INFO  2020-10-15 02:05:22,113 [shard 3] compaction - Compacting [/var/lib/scylla/data/system_schema/indexes-0feb57ac311f382fba6d9024d305702f/mc-607-big-Data.db:level=0, /var/lib/scylla/data/system_schema/indexes-0feb57ac311f382fba6d9024d305702f/mc-603-big-Data.db:level=0, /var/lib/scylla/data/system_schema/indexes-0feb57ac311f382fba6d9024d305702f/mc-599-big-Data.db:level=0, ]
2020-10-15T02:05:22.114842152Z  INFO  2020-10-15 02:05:22,113 [shard 3] compaction - Compacting [/var/lib/scylla/data/system_schema/scylla_tables-5d912ff1f7593665b2c88042ab5103dd/mc-547-big-Data.db:level=0, /var/lib/scylla/data/system_schema/scylla_tables-5d912ff1f7593665b2c88042ab5103dd/mc-543-big-Data.db:level=0, ]
2020-10-15T02:05:22.114852696Z  INFO  2020-10-15 02:05:22,113 [shard 3] compaction - Compacting [/var/lib/scylla/data/dt/source_data-6af6cd50d77b11ea9877000000000001/mc-747-big-Data.db:level=0, /var/lib/scylla/data/dt/source_data-6af6cd50d77b11ea9877000000000001/mc-743-big-Data.db:level=0, /var/lib/scylla/data/dt/source_data-6af6cd50d77b11ea9877000000000001/mc-739-big-Data.db:level=0, ]
2020-10-15T02:05:22.118573927Z  INFO  2020-10-15 02:05:22,118 [shard 0] init - initializing migration manager RPC verbs
2020-10-15T02:05:22.119627773Z  INFO  2020-10-15 02:05:22,119 [shard 0] init - initializing storage proxy RPC verbs
2020-10-15T02:05:22.120623946Z  INFO  2020-10-15 02:05:22,120 [shard 0] init - starting streaming service
2020-10-15T02:05:22.122967052Z  INFO  2020-10-15 02:05:22,122 [shard 0] init - starting hinted handoff manager
2020-10-15T02:05:22.979698853Z  WARN  2020-10-15 02:05:22,979 [shard 3] large_data - Writing a partition with too many rows [dt/source_data:d0a71d84-b80f-4558-beac-8887750652e3] (165258 rows)
2020-10-15T02:05:23.659086644Z  INFO  2020-10-15 02:05:23,658 [shard 1] compaction - Compacting [/var/lib/scylla/data/system/local-7ad54392bcdd35a684174e047860b377/mc-3805-big-Data.db:level=0, /var/lib/scylla/data/system/local-7ad54392bcdd35a684174e047860b377/mc-3809-big-Data.db:level=0, /var/lib/scylla/data/system/local-7ad54392bcdd35a684174e047860b377/mc-3813-big-Data.db:level=0, /var/lib/scylla/data/system/local-7ad54392bcdd35a684174e047860b377/mc-3801-big-Data.db:level=0, ]
2020-10-15T02:05:23.913703040Z  INFO  2020-10-15 02:05:23,912 [shard 3] compaction - Compacted 3 sstables to []. 16429 bytes to 0 (~0% of original) in 0ms = 0.00MB/s. ~384 total partitions merged to 0.
2020-10-15T02:05:24.491645869Z  INFO  2020-10-15 02:05:24,490 [shard 1] compaction - Compacted 3 sstables to [/var/lib/scylla/data/system/compaction_history-b4dbb7b4dc493fb5b3bfce6e434832ca/mc-953-big-Data.db:level=0, ]. 191401 bytes to 99083 (~51% of original) in 1547ms = 0.06MB/s. ~384 total partitions merged to 81.
2020-10-15T02:05:24.697656610Z  INFO  2020-10-15 02:05:24,697 [shard 0] compaction - Compacted 18 sstables to []. 435604 bytes to 0 (~0% of original) in 47ms = 0.00MB/s. ~2304 total partitions merged to 0.
2020-10-15T02:05:24.813982240Z  INFO  2020-10-15 02:05:24,813 [shard 0] init - starting messaging service
2020-10-15T02:05:24.815443028Z  INFO  2020-10-15 02:05:24,814 [shard 0] repair - Setting max_repair_memory=168820736, max_repair_memory_per_range=33554432, max_repair_ranges_in_parallel=5
2020-10-15T02:05:24.816289271Z  INFO  2020-10-15 02:05:24,815 [shard 0] init - starting storage service
2020-10-15T02:05:24.818123210Z  INFO  2020-10-15 02:05:24,817 [shard 0] storage_service - Loading persisted ring state
2020-10-15T02:05:24.821635523Z  INFO  2020-10-15 02:05:24,821 [shard 0] storage_service - loaded_peer_features: peer_features size=0
2020-10-15T02:05:24.822086850Z  INFO  2020-10-15 02:05:24,821 [shard 0] storage_service - Checking remote features skipped, since this node is a new seed node which knows nothing about the cluster
2020-10-15T02:05:24.823017976Z  INFO  2020-10-15 02:05:24,822 [shard 0] storage_service - Restarting a node in NORMAL status
2020-10-15T02:05:24.852701619Z  INFO  2020-10-15 02:05:24,852 [shard 0] database - Schema version changed to 3f00f995-6495-3765-8599-4e76a2f4c6b2
2020-10-15T02:05:24.853281586Z  INFO  2020-10-15 02:05:24,852 [shard 0] storage_service - Starting up server gossip
2020-10-15T02:05:25.291591156Z  INFO  2020-10-15 02:05:25,291 [shard 2] compaction - Compacting [/var/lib/scylla/data/system_schema/view_virtual_columns-08843b6345dc3be29798a0418295cfaa/mc-646-big-Data.db:level=0, /var/lib/scylla/data/system_schema/view_virtual_columns-08843b6345dc3be29798a0418295cfaa/mc-642-big-Data.db:level=0, /var/lib/scylla/data/system_schema/view_virtual_columns-08843b6345dc3be29798a0418295cfaa/mc-638-big-Data.db:level=0, ]
2020-10-15T02:05:25.291630424Z  INFO  2020-10-15 02:05:25,291 [shard 2] compaction - Compacting [/var/lib/scylla/data/system_schema/types-5a8b1ca866023f77a0459273d308917a/mc-522-big-Data.db:level=0, /var/lib/scylla/data/system_schema/types-5a8b1ca866023f77a0459273d308917a/mc-518-big-Data.db:level=0, ]
2020-10-15T02:05:25.292076142Z  INFO  2020-10-15 02:05:25,291 [shard 2] compaction - Compacting [/var/lib/scylla/data/system/truncated-38c19fd0fb863310a4b70d0cc66628aa/mc-1202-big-Data.db:level=0, /var/lib/scylla/data/system/truncated-38c19fd0fb863310a4b70d0cc66628aa/mc-1198-big-Data.db:level=0, /var/lib/scylla/data/system/truncated-38c19fd0fb863310a4b70d0cc66628aa/mc-1194-big-Data.db:level=0, ]
2020-10-15T02:05:25.292495821Z  INFO  2020-10-15 02:05:25,292 [shard 2] compaction - Compacting [/var/lib/scylla/data/system_schema/tables-afddfb9dbc1e30688056eed6c302ba09/mc-562-big-Data.db:level=0, /var/lib/scylla/data/system_schema/tables-afddfb9dbc1e30688056eed6c302ba09/mc-558-big-Data.db:level=0, ]
2020-10-15T02:05:25.804997089Z  INFO  2020-10-15 02:05:25,804 [shard 3] compaction - Compacting [/var/lib/scylla/data/system_schema/triggers-4df70b666b05325195a132b54005fd48/mc-623-big-Data.db:level=0, /var/lib/scylla/data/system_schema/triggers-4df70b666b05325195a132b54005fd48/mc-615-big-Data.db:level=0, /var/lib/scylla/data/system_schema/triggers-4df70b666b05325195a132b54005fd48/mc-619-big-Data.db:level=0, ]
2020-10-15T02:05:25.805862754Z  INFO  2020-10-15 02:05:25,805 [shard 3] compaction - Compacting [/var/lib/scylla/data/system_schema/view_virtual_columns-08843b6345dc3be29798a0418295cfaa/mc-647-big-Data.db:level=0, /var/lib/scylla/data/system_schema/view_virtual_columns-08843b6345dc3be29798a0418295cfaa/mc-643-big-Data.db:level=0, /var/lib/scylla/data/system_schema/view_virtual_columns-08843b6345dc3be29798a0418295cfaa/mc-639-big-Data.db:level=0, ]
2020-10-15T02:05:25.805888050Z  INFO  2020-10-15 02:05:25,805 [shard 3] compaction - Compacting [/var/lib/scylla/data/system_schema/tables-afddfb9dbc1e30688056eed6c302ba09/mc-567-big-Data.db:level=0, /var/lib/scylla/data/system_schema/tables-afddfb9dbc1e30688056eed6c302ba09/mc-563-big-Data.db:level=0, ]
2020-10-15T02:05:25.806182395Z  INFO  2020-10-15 02:05:25,805 [shard 3] compaction - Compacting [/var/lib/scylla/data/system_schema/computed_columns-cc7c7069374033c192a4c3de78dbd2c4/mc-543-big-Data.db:level=0, /var/lib/scylla/data/system_schema/computed_columns-cc7c7069374033c192a4c3de78dbd2c4/mc-539-big-Data.db:level=0, ]
2020-10-15T02:05:26.083578068Z  INFO  2020-10-15 02:05:26,082 [shard 1] compaction - Compacted 4 sstables to [/var/lib/scylla/data/system/local-7ad54392bcdd35a684174e047860b377/mc-3817-big-Data.db:level=0, ]. 31109 bytes to 12593 (~40% of original) in 1795ms = 0.01MB/s. ~512 total partitions merged to 1.
2020-10-15T02:05:26.255831062Z  INFO  2020-10-15 02:05:26,255 [shard 0] compaction - Compacted 3 sstables to [/var/lib/scylla/data/system/truncated-38c19fd0fb863310a4b70d0cc66628aa/mc-1784-big-Data.db:level=0, ]. 158419 bytes to 76910 (~48% of original) in 3411ms = 0.02MB/s. ~384 total partitions merged to 2.
2020-10-15T02:05:26.256334633Z  INFO  2020-10-15 02:05:26,256 [shard 0] compaction - Compacted 3 sstables to [/var/lib/scylla/data/system/compaction_history-b4dbb7b4dc493fb5b3bfce6e434832ca/mc-944-big-Data.db:level=0, ]. 235396 bytes to 99612 (~42% of original) in 3411ms = 0.03MB/s. ~384 total partitions merged to 91.
2020-10-15T02:05:26.257246866Z  INFO  2020-10-15 02:05:26,256 [shard 1] compaction - Compacting [/var/lib/scylla/data/system/local-7ad54392bcdd35a684174e047860b377/mc-3821-big-Data.db:level=0, /var/lib/scylla/data/system/local-7ad54392bcdd35a684174e047860b377/mc-3817-big-Data.db:level=0, ]
2020-10-15T02:05:26.257692999Z  INFO  2020-10-15 02:05:26,257 [shard 0] messaging_service - Starting Messaging Service on port 7000
2020-10-15T02:05:26.860158130Z  INFO  2020-10-15 02:05:26,859 [shard 2] compaction - Compacted 2 sstables to [/var/lib/scylla/data/system_schema/scylla_tables-5d912ff1f7593665b2c88042ab5103dd/mc-550-big-Data.db:level=0, ]. 11944 bytes to 6128 (~51% of original) in 3179ms = 0.00MB/s. ~256 total partitions merged to 1.
2020-10-15T02:05:26.861006049Z  INFO  2020-10-15 02:05:26,860 [shard 2] compaction - Compacted 3 sstables to [/var/lib/scylla/data/system_schema/dropped_columns-5e7583b5f3f43af19a39b7e1d6f5f11f/mc-706-big-Data.db:level=0, ]. 15984 bytes to 5643 (~35% of original) in 3179ms = 0.00MB/s. ~384 total partitions merged to 1.
2020-10-15T02:05:26.861913849Z  INFO  2020-10-15 02:05:26,861 [shard 2] compaction - Compacted 3 sstables to [/var/lib/scylla/data/system_schema/keyspaces-abac5682dea631c5b535b3d6cffd0fb6/mc-678-big-Data.db:level=0, ]. 67315 bytes to 56726 (~84% of original) in 3180ms = 0.02MB/s. ~384 total partitions merged to 2.
2020-10-15T02:05:26.962423097Z  INFO  2020-10-15 02:05:26,961 [shard 2] compaction - Compacted 3 sstables to [/var/lib/scylla/data/system_schema/columns-24101c25a2ae3af787c1b40ee1aca33f/mc-710-big-Data.db:level=0, ]. 78702 bytes to 61719 (~78% of original) in 3180ms = 0.02MB/s. ~384 total partitions merged to 2.
2020-10-15T02:05:26.962456090Z  INFO  2020-10-15 02:05:26,961 [shard 2] compaction - Compacted 3 sstables to [/var/lib/scylla/data/system/compaction_history-b4dbb7b4dc493fb5b3bfce6e434832ca/mc-966-big-Data.db:level=0, ]. 271450 bytes to 102983 (~37% of original) in 3180ms = 0.03MB/s. ~384 total partitions merged to 98.
2020-10-15T02:05:26.962468083Z  INFO  2020-10-15 02:05:26,962 [shard 2] compaction - Compacted 2 sstables to [/var/lib/scylla/data/system_schema/indexes-0feb57ac311f382fba6d9024d305702f/mc-630-big-Data.db:level=0, ]. 10888 bytes to 5600 (~51% of original) in 3179ms = 0.00MB/s. ~256 total partitions merged to 1.
2020-10-15T02:05:27.388197405Z  INFO  2020-10-15 02:05:27,387 [shard 3] compaction - Compacted 2 sstables to [/var/lib/scylla/data/system_schema/scylla_tables-5d912ff1f7593665b2c88042ab5103dd/mc-551-big-Data.db:level=0, ]. 12557 bytes to 6440 (~51% of original) in 3691ms = 0.00MB/s. ~256 total partitions merged to 1.
2020-10-15T02:05:27.388260864Z  INFO  2020-10-15 02:05:27,387 [shard 3] compaction - Compacted 3 sstables to [/var/lib/scylla/data/system_schema/functions-96489b7980be3e14a70166a0b9159450/mc-643-big-Data.db:level=0, ]. 16891 bytes to 5945 (~35% of original) in 3692ms = 0.00MB/s. ~384 total partitions merged to 1.
2020-10-15T02:05:27.388275478Z  INFO  2020-10-15 02:05:27,387 [shard 3] compaction - Compacted 3 sstables to [/var/lib/scylla/data/dt/source_data-6af6cd50d77b11ea9877000000000001/mc-751-big-Data.db:level=0, ]. 13506503 bytes to 13333820 (~98% of original) in 3690ms = 3.45MB/s. ~384 total partitions merged to 1.
2020-10-15T02:05:27.515271436Z  INFO  2020-10-15 02:05:27,514 [shard 1] compaction - Compacted 2 sstables to [/var/lib/scylla/data/system/local-7ad54392bcdd35a684174e047860b377/mc-3825-big-Data.db:level=0, ]. 18685 bytes to 12269 (~65% of original) in 920ms = 0.01MB/s. ~256 total partitions merged to 1.
2020-10-15T02:05:27.681504041Z  INFO  2020-10-15 02:05:27,680 [shard 3] compaction - Compacted 3 sstables to [/var/lib/scylla/data/system_schema/columns-24101c25a2ae3af787c1b40ee1aca33f/mc-707-big-Data.db:level=0, ]. 76184 bytes to 57505 (~75% of original) in 3692ms = 0.01MB/s. ~384 total partitions merged to 4.
2020-10-15T02:05:27.681563918Z  INFO  2020-10-15 02:05:27,680 [shard 3] compaction - Compacted 3 sstables to [/var/lib/scylla/data/system_schema/indexes-0feb57ac311f382fba6d9024d305702f/mc-611-big-Data.db:level=0, ]. 23136 bytes to 12790 (~55% of original) in 3692ms = 0.00MB/s. ~384 total partitions merged to 2.
2020-10-15T02:05:27.683224200Z  INFO  2020-10-15 02:05:27,682 [shard 3] compaction - Compacted 3 sstables to [/var/lib/scylla/data/system_schema/dropped_columns-5e7583b5f3f43af19a39b7e1d6f5f11f/mc-707-big-Data.db:level=0, ]. 16416 bytes to 5788 (~35% of original) in 3693ms = 0.00MB/s. ~384 total partitions merged to 1.
2020-10-15T02:05:27.683935869Z  INFO  2020-10-15 02:05:27,683 [shard 3] compaction - Compacted 3 sstables to [/var/lib/scylla/data/system/compaction_history-b4dbb7b4dc493fb5b3bfce6e434832ca/mc-967-big-Data.db:level=0, ]. 189801 bytes to 102437 (~53% of original) in 3694ms = 0.03MB/s. ~384 total partitions merged to 68.
2020-10-15T02:05:27.829198312Z  INFO  2020-10-15 02:05:27,828 [shard 2] compaction - Compacting [/var/lib/scylla/data/system_schema/functions-96489b7980be3e14a70166a0b9159450/mc-626-big-Data.db:level=0, /var/lib/scylla/data/system_schema/functions-96489b7980be3e14a70166a0b9159450/mc-634-big-Data.db:level=0, /var/lib/scylla/data/system_schema/functions-96489b7980be3e14a70166a0b9159450/mc-630-big-Data.db:level=0, ]
2020-10-15T02:05:27.829949453Z  INFO  2020-10-15 02:05:27,829 [shard 2] compaction - Compacting [/var/lib/scylla/data/system_schema/views-9786ac1cdd583201a7cdad556410c985/mc-494-big-Data.db:level=0, /var/lib/scylla/data/system_schema/views-9786ac1cdd583201a7cdad556410c985/mc-490-big-Data.db:level=0, ]
2020-10-15T02:05:28.299501100Z  INFO  2020-10-15 02:05:28,298 [shard 3] compaction - Compacting [/var/lib/scylla/data/system_schema/types-5a8b1ca866023f77a0459273d308917a/mc-519-big-Data.db:level=0, /var/lib/scylla/data/system_schema/types-5a8b1ca866023f77a0459273d308917a/mc-515-big-Data.db:level=0, ]
2020-10-15T02:05:28.300982207Z  INFO  2020-10-15 02:05:28,300 [shard 3] compaction - Compacting [/var/lib/scylla/data/system/large_cells-ead8bbc5f1463ae19f710b11f9a1d296/mc-127-big-Data.db:level=0, /var/lib/scylla/data/system/large_cells-ead8bbc5f1463ae19f710b11f9a1d296/mc-123-big-Data.db:level=0, /var/lib/scylla/data/system/large_cells-ead8bbc5f1463ae19f710b11f9a1d296/mc-119-big-Data.db:level=0, ]
2020-10-15T02:05:28.301676136Z  INFO  2020-10-15 02:05:28,300 [shard 3] compaction - Compacting [/var/lib/scylla/data/system_schema/keyspaces-abac5682dea631c5b535b3d6cffd0fb6/mc-631-big-Data.db:level=0, /var/lib/scylla/data/system_schema/keyspaces-abac5682dea631c5b535b3d6cffd0fb6/mc-635-big-Data.db:level=0, /var/lib/scylla/data/system_schema/keyspaces-abac5682dea631c5b535b3d6cffd0fb6/mc-627-big-Data.db:level=0, ]
2020-10-15T02:05:28.731525795Z  INFO  2020-10-15 02:05:28,730 [shard 2] compaction - Compacted 2 sstables to [/var/lib/scylla/data/system_schema/types-5a8b1ca866023f77a0459273d308917a/mc-526-big-Data.db:level=0, ]. 10918 bytes to 5615 (~51% of original) in 2538ms = 0.00MB/s. ~256 total partitions merged to 1.
2020-10-15T02:05:28.731595214Z  INFO  2020-10-15 02:05:28,730 [shard 2] compaction - Compacted 3 sstables to [/var/lib/scylla/data/system_schema/view_virtual_columns-08843b6345dc3be29798a0418295cfaa/mc-650-big-Data.db:level=0, ]. 16452 bytes to 5799 (~35% of original) in 2537ms = 0.00MB/s. ~384 total partitions merged to 1.
2020-10-15T02:05:28.734218860Z  INFO  2020-10-15 02:05:28,733 [shard 2] compaction - Compacted 2 sstables to [/var/lib/scylla/data/system_schema/tables-afddfb9dbc1e30688056eed6c302ba09/mc-566-big-Data.db:level=0, ]. 67704 bytes to 59779 (~88% of original) in 2537ms = 0.02MB/s. ~256 total partitions merged to 2.
2020-10-15T02:05:28.734244551Z  INFO  2020-10-15 02:05:28,733 [shard 2] compaction - Compacted 3 sstables to [/var/lib/scylla/data/system/truncated-38c19fd0fb863310a4b70d0cc66628aa/mc-1206-big-Data.db:level=0, ]. 167637 bytes to 56247 (~33% of original) in 2539ms = 0.02MB/s. ~384 total partitions merged to 4.
2020-10-15T02:05:29.308515972Z  INFO  2020-10-15 02:05:29,307 [shard 2] compaction - Compacting [/var/lib/scylla/data/system_schema/triggers-4df70b666b05325195a132b54005fd48/mc-622-big-Data.db:level=0, /var/lib/scylla/data/system_schema/triggers-4df70b666b05325195a132b54005fd48/mc-618-big-Data.db:level=0, /var/lib/scylla/data/system_schema/triggers-4df70b666b05325195a132b54005fd48/mc-614-big-Data.db:level=0, ]
2020-10-15T02:05:29.311420189Z  INFO  2020-10-15 02:05:29,310 [shard 2] compaction - Compacting [/var/lib/scylla/data/system_schema/aggregates-924c55872e3a345bb10c12f37c1ba895/mc-482-big-Data.db:level=0, /var/lib/scylla/data/system_schema/aggregates-924c55872e3a345bb10c12f37c1ba895/mc-478-big-Data.db:level=0, ]
2020-10-15T02:05:29.476492928Z  INFO  2020-10-15 02:05:29,475 [shard 3] compaction - Compacted 3 sstables to [/var/lib/scylla/data/system_schema/triggers-4df70b666b05325195a132b54005fd48/mc-627-big-Data.db:level=0, ]. 16093 bytes to 5679 (~35% of original) in 2494ms = 0.00MB/s. ~384 total partitions merged to 1.
2020-10-15T02:05:29.476522563Z  INFO  2020-10-15 02:05:29,476 [shard 3] compaction - Compacted 2 sstables to [/var/lib/scylla/data/system_schema/computed_columns-cc7c7069374033c192a4c3de78dbd2c4/mc-547-big-Data.db:level=0, ]. 17544 bytes to 12459 (~71% of original) in 2493ms = 0.00MB/s. ~256 total partitions merged to 2.
2020-10-15T02:05:29.476942295Z  INFO  2020-10-15 02:05:29,476 [shard 3] compaction - Compacted 3 sstables to [/var/lib/scylla/data/system_schema/view_virtual_columns-08843b6345dc3be29798a0418295cfaa/mc-651-big-Data.db:level=0, ]. 23511 bytes to 12927 (~54% of original) in 2495ms = 0.00MB/s. ~384 total partitions merged to 2.
2020-10-15T02:05:29.476966298Z  INFO  2020-10-15 02:05:29,476 [shard 3] compaction - Compacted 3 sstables to []. 17055 bytes to 0 (~0% of original) in 0ms = 0.00MB/s. ~384 total partitions merged to 0.
2020-10-15T02:05:29.477599440Z  INFO  2020-10-15 02:05:29,477 [shard 3] compaction - Compacted 2 sstables to [/var/lib/scylla/data/system_schema/tables-afddfb9dbc1e30688056eed6c302ba09/mc-571-big-Data.db:level=0, ]. 65493 bytes to 56355 (~86% of original) in 2496ms = 0.02MB/s. ~256 total partitions merged to 4.
2020-10-15T02:05:30.181433396Z  INFO  2020-10-15 02:05:30,180 [shard 2] compaction - Compacted 3 sstables to [/var/lib/scylla/data/system_schema/functions-96489b7980be3e14a70166a0b9159450/mc-638-big-Data.db:level=0, ]. 16995 bytes to 5980 (~35% of original) in 1479ms = 0.00MB/s. ~384 total partitions merged to 1.
2020-10-15T02:05:30.182437055Z  INFO  2020-10-15 02:05:30,182 [shard 2] compaction - Compacted 2 sstables to [/var/lib/scylla/data/system_schema/views-9786ac1cdd583201a7cdad556410c985/mc-498-big-Data.db:level=0, ]. 13700 bytes to 7006 (~51% of original) in 1481ms = 0.00MB/s. ~256 total partitions merged to 1.
2020-10-15T02:05:30.245681062Z  INFO  2020-10-15 02:05:30,245 [shard 3] compaction - Compacting [/var/lib/scylla/data/system_schema/aggregates-924c55872e3a345bb10c12f37c1ba895/mc-479-big-Data.db:level=0, /var/lib/scylla/data/system_schema/aggregates-924c55872e3a345bb10c12f37c1ba895/mc-475-big-Data.db:level=0, ]
2020-10-15T02:05:30.246228790Z  INFO  2020-10-15 02:05:30,245 [shard 3] compaction - Compacting [/var/lib/scylla/data/system_schema/views-9786ac1cdd583201a7cdad556410c985/mc-491-big-Data.db:level=0, /var/lib/scylla/data/system_schema/views-9786ac1cdd583201a7cdad556410c985/mc-487-big-Data.db:level=0, ]
2020-10-15T02:05:30.695495217Z  INFO  2020-10-15 02:05:30,694 [shard 2] compaction - Compacting [/var/lib/scylla/data/system_schema/computed_columns-cc7c7069374033c192a4c3de78dbd2c4/mc-542-big-Data.db:level=0, /var/lib/scylla/data/system_schema/computed_columns-cc7c7069374033c192a4c3de78dbd2c4/mc-538-big-Data.db:level=0, ]
2020-10-15T02:05:30.905378363Z  INFO  2020-10-15 02:05:30,904 [shard 3] compaction - Compacted 2 sstables to [/var/lib/scylla/data/system_schema/types-5a8b1ca866023f77a0459273d308917a/mc-523-big-Data.db:level=0, ]. 10848 bytes to 5580 (~51% of original) in 1946ms = 0.00MB/s. ~256 total partitions merged to 1.
2020-10-15T02:05:30.907151466Z  INFO  2020-10-15 02:05:30,906 [shard 3] compaction - Compacted 3 sstables to [/var/lib/scylla/data/system_schema/keyspaces-abac5682dea631c5b535b3d6cffd0fb6/mc-639-big-Data.db:level=0, ]. 61711 bytes to 51352 (~83% of original) in 1945ms = 0.03MB/s. ~384 total partitions merged to 4.
2020-10-15T02:05:31.475940953Z  INFO  2020-10-15 02:05:31,474 [shard 2] compaction - Compacted 3 sstables to [/var/lib/scylla/data/system_schema/triggers-4df70b666b05325195a132b54005fd48/mc-626-big-Data.db:level=0, ]. 16197 bytes to 5714 (~35% of original) in 1386ms = 0.00MB/s. ~384 total partitions merged to 1.
2020-10-15T02:05:31.528456910Z  INFO  2020-10-15 02:05:31,527 [shard 2] compaction - Compacted 2 sstables to [/var/lib/scylla/data/system_schema/aggregates-924c55872e3a345bb10c12f37c1ba895/mc-486-big-Data.db:level=0, ]. 11134 bytes to 5723 (~51% of original) in 1384ms = 0.00MB/s. ~256 total partitions merged to 1.
2020-10-15T02:05:31.768850326Z  INFO  2020-10-15 02:05:31,768 [shard 3] compaction - Compacting [/var/lib/scylla/data/system/large_rows-40550f66085839a09430f27fc08034e9/mc-43-big-Data.db:level=0, /var/lib/scylla/data/system/large_rows-40550f66085839a09430f27fc08034e9/mc-39-big-Data.db:level=0, ]
2020-10-15T02:05:31.769669506Z  INFO  2020-10-15 02:05:31,769 [shard 3] compaction - Compacting [/var/lib/scylla/data/system/truncated-38c19fd0fb863310a4b70d0cc66628aa/mc-1011-big-Data.db:level=0, /var/lib/scylla/data/system/truncated-38c19fd0fb863310a4b70d0cc66628aa/mc-1007-big-Data.db:level=0, /var/lib/scylla/data/system/truncated-38c19fd0fb863310a4b70d0cc66628aa/mc-1003-big-Data.db:level=0, ]
2020-10-15T02:05:32.132279341Z  INFO  2020-10-15 02:05:32,131 [shard 2] compaction - Compacted 2 sstables to [/var/lib/scylla/data/system_schema/computed_columns-cc7c7069374033c192a4c3de78dbd2c4/mc-546-big-Data.db:level=0, ]. 10552 bytes to 5432 (~51% of original) in 1258ms = 0.00MB/s. ~256 total partitions merged to 1.
2020-10-15T02:05:32.184360530Z  INFO  2020-10-15 02:05:32,183 [shard 3] compaction - Compacted 2 sstables to [/var/lib/scylla/data/system_schema/aggregates-924c55872e3a345bb10c12f37c1ba895/mc-483-big-Data.db:level=0, ]. 11064 bytes to 5688 (~51% of original) in 1522ms = 0.00MB/s. ~256 total partitions merged to 1.
2020-10-15T02:05:32.185021304Z  INFO  2020-10-15 02:05:32,184 [shard 3] compaction - Compacted 2 sstables to [/var/lib/scylla/data/system_schema/views-9786ac1cdd583201a7cdad556410c985/mc-495-big-Data.db:level=0, ]. 21047 bytes to 14388 (~68% of original) in 1523ms = 0.01MB/s. ~256 total partitions merged to 2.
2020-10-15T02:05:32.185675209Z  INFO  2020-10-15 02:05:32,184 [shard 3] compaction - Compacted 2 sstables to []. 11288 bytes to 0 (~0% of original) in 1ms = 0.00MB/s. ~256 total partitions merged to 0.
2020-10-15T02:05:32.556957836Z  INFO  2020-10-15 02:05:32,556 [shard 3] compaction - Compacted 3 sstables to [/var/lib/scylla/data/system/truncated-38c19fd0fb863310a4b70d0cc66628aa/mc-1015-big-Data.db:level=0, ]. 188998 bytes to 63367 (~33% of original) in 703ms = 0.09MB/s. ~384 total partitions merged to 2.
2020-10-15T02:05:38.261425671Z  INFO  2020-10-15 02:05:38,260 [shard 0] gossip - No gossip backlog; proceeding
2020-10-15T02:05:38.264047214Z  INFO  2020-10-15 02:05:38,263 [shard 0] features - Feature COMPUTED_COLUMNS is enabled
2020-10-15T02:05:38.264097836Z  INFO  2020-10-15 02:05:38,263 [shard 0] features - Feature CORRECT_COUNTER_ORDER is enabled
2020-10-15T02:05:38.264119656Z  INFO  2020-10-15 02:05:38,263 [shard 0] features - Feature CORRECT_NON_COMPOUND_RANGE_TOMBSTONES is enabled
2020-10-15T02:05:38.264167578Z  INFO  2020-10-15 02:05:38,263 [shard 0] features - Feature CORRECT_STATIC_COMPACT_IN_MC is enabled
2020-10-15T02:05:38.264188050Z  INFO  2020-10-15 02:05:38,263 [shard 0] features - Feature COUNTERS is enabled
2020-10-15T02:05:38.264206826Z  INFO  2020-10-15 02:05:38,263 [shard 0] features - Feature DIGEST_INSENSITIVE_TO_EXPIRY is enabled
2020-10-15T02:05:38.265824658Z  INFO  2020-10-15 02:05:38,263 [shard 0] features - Feature DIGEST_MULTIPARTITION_READ is enabled
2020-10-15T02:05:38.265865499Z  INFO  2020-10-15 02:05:38,263 [shard 0] features - Feature HINTED_HANDOFF_SEPARATE_CONNECTION is enabled
2020-10-15T02:05:38.265878492Z  INFO  2020-10-15 02:05:38,263 [shard 0] features - Feature INDEXES is enabled
2020-10-15T02:05:38.265888219Z  INFO  2020-10-15 02:05:38,263 [shard 0] features - Feature LARGE_PARTITIONS is enabled
2020-10-15T02:05:38.265897662Z  INFO  2020-10-15 02:05:38,263 [shard 0] features - Feature LWT is enabled
2020-10-15T02:05:38.265906917Z  INFO  2020-10-15 02:05:38,264 [shard 0] features - Feature MATERIALIZED_VIEWS is enabled
2020-10-15T02:05:38.265916201Z  INFO  2020-10-15 02:05:38,264 [shard 0] features - Feature MC_SSTABLE_FORMAT is enabled
2020-10-15T02:05:38.265925517Z  INFO  2020-10-15 02:05:38,264 [shard 0] features - Feature NONFROZEN_UDTS is enabled
2020-10-15T02:05:38.265934991Z  INFO  2020-10-15 02:05:38,264 [shard 0] features - Feature PER_TABLE_PARTITIONERS is enabled
2020-10-15T02:05:38.265944312Z  INFO  2020-10-15 02:05:38,264 [shard 0] features - Feature RANGE_TOMBSTONES is enabled
2020-10-15T02:05:38.265953879Z  INFO  2020-10-15 02:05:38,264 [shard 0] features - Feature ROLES is enabled
2020-10-15T02:05:38.265963301Z  INFO  2020-10-15 02:05:38,264 [shard 0] features - Feature ROW_LEVEL_REPAIR is enabled
2020-10-15T02:05:38.265972889Z  INFO  2020-10-15 02:05:38,264 [shard 0] features - Feature SCHEMA_TABLES_V3 is enabled
2020-10-15T02:05:38.265982272Z  INFO  2020-10-15 02:05:38,264 [shard 0] features - Feature STREAM_WITH_RPC_STREAM is enabled
2020-10-15T02:05:38.265991595Z  INFO  2020-10-15 02:05:38,264 [shard 0] features - Feature TRUNCATION_TABLE is enabled
2020-10-15T02:05:38.266013907Z  INFO  2020-10-15 02:05:38,264 [shard 0] system_keyspace - Got cluster agreement on truncation table feature. Removing legacy records.
2020-10-15T02:05:38.266024181Z  INFO  2020-10-15 02:05:38,264 [shard 0] features - Feature UNBOUNDED_RANGE_TOMBSTONES is enabled
2020-10-15T02:05:38.266033992Z  INFO  2020-10-15 02:05:38,264 [shard 0] features - Feature VIEW_VIRTUAL_COLUMNS is enabled
2020-10-15T02:05:38.266043627Z  INFO  2020-10-15 02:05:38,264 [shard 0] features - Feature WRITE_FAILURE_REPLY is enabled
2020-10-15T02:05:38.266053951Z  INFO  2020-10-15 02:05:38,264 [shard 0] features - Feature XXHASH is enabled
2020-10-15T02:05:38.266063584Z  INFO  2020-10-15 02:05:38,265 [shard 0] system_keyspace - Legacy records deleted.
2020-10-15T02:05:38.266393784Z  INFO  2020-10-15 02:05:38,265 [shard 0] init - starting system distributed keyspace
2020-10-15T02:05:38.270219954Z  INFO  2020-10-15 02:05:38,269 [shard 0] storage_service - Using saved tokens {943448605036726745, 9061580907506437136, 8957018461898327244, 8813999419995718088, 8775859223532977932, 873311388414975666, 8707696313600310498, 8675978575875245837, 855031166620283245, 8476533345381470087, 8413544620893079714, 8382283044476755854, 7804258889026263620, 778239093056833917, 7732629563319678675, 7564694057214588647, 747840302865059114, 7255484784972643852, 700944770677405149, 7009081579420542256, 7354219953741161264, 6974970471767945112, 6788034976878782500, 667581605220131528, 6496091893897576732, 6478032244021912394, 6420907855788431922, 8777890816944145805, 6381418245203458391, 6358173612251239308, 6302443190184390149, 6115776390551923703, 5906838239532612246, 5890706123786165213, 588034934972968299, 5848278814186320030, 5834675951458569055, 5796254206948921528, -6441145814158460549, 7172238068082229918, -6238625478980828395, -6199824488038647909, -572473923349256348, -5526097868254533829, -5508289632699420366, -6338043935148530859, 4738411181964629022, -5411685484465544274, 5103660925946342563, -5360532551957069796, -5246840897237646542, -8953406550820932827, -511676141100664160, -4872163430844150374, 5153854518462400651, -4829128129506020031, 6818717460470417221, -4735496583611878200, -7913213531410876291, -8612347190400988175, 3361838207769500988, -4770694758141334815, 3533570692245755170, -3014142033706378490, -6648258355715071793, 105268539462240253, 6448269612184381105, 3941245744356891698, -4925670906471950289, -6853270293933441203, -431455211546220291, -4106310081010891923, -4280461110562472301, -4231054370802445643, 4453520694484038438, -5140544052953576706, -7341700934491837716, -4177024142024341044, -2365586676906010085, -4368295386640868227, -6779834804380741154, 7103497347382660592, -471701403720839764, -2187125227394891465, -1593748153114868683, 8325613099551670589, -6017078328443447975, 408961909545308462, -3256341547923989103, 1911454556365012923, -2135119982021577211, -6104126434670973331, -1614584707908969492, -5285270377043925775, 194223785007163967, 3556932048290112968, 4378909036113166689, -2319706609635128471, 782580883702972777, -3880555618453256762, -2879534723161185431, 7469085752185829039, -8001902308657073600, -1522914538603683793, 784130423392421222, -3409621329811667263, -5136236598692180863, -2640475812391264528, 3907413558358164712, -2166731983266837511, -8529251962487546573, -5228242602708342126, -6263078841153087564, -1295419475388780424, 5311755414232655734, -4113405879925637368, 2104079815049743807, -105211415949921556, -1004253484774030395, -6093280019772326743, -1363472444035739717, 7772390126184307669, 3373616921334842984, -3428624778218969630, -4475005699924690030, -1207620414022812792, -4203952547861361192, -4895652206680369668, 5569071124009844993, -2800260328053956713, 1033733984444816800, -1761718599052329021, -6249520955674807415, -6810383749951706976, -2391018463907211455, -3729138346528579520, -3942245253345029362, -1032698423218536378, 2233495137371904435, -1970747149103226319, 2531294222158762011, 4445989245037378795, -2648919406212884980, 800062458669145892, -6586482614645135705, -8855822008500182327, -2076430708060394350, -6127879535600466936, 5017042126534426855, -6767019288334108993, -6985294397658573838, -2605645373691895986, 2542018259596577135, -2699231837109027988, -9132047842757487932, 9066588519930559993, -4601858807243735115, 1470306277250886071, 1688077838521597411, -2700796200994103492, -5656441245782528349, 3822141065635310082, -4415280594152455372, -1709100826419756065, -2732234699235264563, -3101294897153501639, 6933997554702494562, -4541237399207364623, 1251119865371637993, -3280527161887251879, -4007868363884276055, -4134923634748466107, -5595342098352848506, 533209426647054698, 285540986842976874, -4193553788022177878, -7111183380354176443, 7880345233810794046, -7190282066974323895, -7232953798633244985, -7512330892235471280, -889434854029329118, 9122882257136270100, 3909145942678699742, 2870638580126821409, -2685359252619347507, 4540975434217357056, 1912522665107890116, -1474028219808469861, -7767361191227918078, -8495384334141326469, -8024675672634848221, -8352632933072691056, -1084614158625469139, -8372022353883945178, -1171738939209168407, -8485257529464526975, -8549013321787275289, -7405825010257289618, -8694753427154041557, -9173155356561330710, -3164480873853500968, 1172299952227812636, 1535311813904826318, 156312151312654313, 2050968450175517454, 1018091569669202328, 1574734081023094222, 214428871588027420, -5095673126210616552, 2431756818088451524, -1208769590907790735, 3022913469242457337, 2609254198811139442, 5396954320704971060, 284028081363756156, -184157634332906914, 2879924223908633556, 3014475854062098037, 8280511155447462154, 3058186759042775792, 3100842289958262644, -769344519844763244, 3287699046743316011, 7743526815996532326, -7148146405116016542, 352278596429886466, 3606629961194077343, 3840184102447470012, -4623422606623793434, 3924960423780627192, 4660022660859336370, 5401470720317959250, 3979649323160207298, 4037379789709069307, 790424663468033093, 5150907166433009570, 4083460330442256183, 4262233236239091105, 4461207940793579131, 7222389702734437292, 4497639963855891379, 5935809959838255935, 525652295242460822, -9210810031089136649, 3145063885579200582, 5102381975608989830, 5104799485589097680, -467985751191813914, 5122450296475986719, 5256736089695841171, 5341717901052361821, 5441044328235651423, 5661405961885371428, -6303682351633097607, 5704999654143823990}
2020-10-15T02:05:38.292192789Z  INFO  2020-10-15 02:05:38,291 [shard 0] database - Schema version changed to e1b2d478-e5f2-30c4-b994-d93919918df3
2020-10-15T02:05:38.311953188Z  INFO  2020-10-15 02:05:38,311 [shard 0] database - Schema version changed to 0e03d198-385b-3f36-8c34-c3f5846bbbac
2020-10-15T02:05:38.329638121Z  INFO  2020-10-15 02:05:38,329 [shard 0] database - Schema version changed to 0e03d198-385b-3f36-8c34-c3f5846bbbac
2020-10-15T02:05:39.139905137Z  INFO  2020-10-15 02:05:39,139 [shard 1] compaction - Compacting [/var/lib/scylla/data/system/local-7ad54392bcdd35a684174e047860b377/mc-3829-big-Data.db:level=0, /var/lib/scylla/data/system/local-7ad54392bcdd35a684174e047860b377/mc-3825-big-Data.db:level=0, ]
2020-10-15T02:05:39.292330704Z  INFO  2020-10-15 02:05:39,291 [shard 0] storage_service - Node 10.0.102.11 state jump to normal
2020-10-15T02:05:39.292368162Z  INFO  2020-10-15 02:05:39,291 [shard 0] storage_service - Remove node 10.0.102.11 from pending replacing endpoint
2020-10-15T02:05:39.849335952Z  INFO  2020-10-15 02:05:39,848 [shard 0] storage_service - NORMAL: node is now in normal status
2020-10-15T02:05:39.849400464Z  INFO  2020-10-15 02:05:39,848 [shard 0] cdc - No generation seen during startup.
2020-10-15T02:05:39.850806418Z  INFO  2020-10-15 02:05:39,850 [shard 0] init - starting tracing
2020-10-15T02:05:39.850833461Z  INFO  2020-10-15 02:05:39,850 [shard 0] storage_service - SSTable data integrity checker is disabled.
2020-10-15T02:05:39.851179128Z  INFO  2020-10-15 02:05:39,850 [shard 0] init - starting batchlog manager
2020-10-15T02:05:39.851515457Z  INFO  2020-10-15 02:05:39,851 [shard 0] init - starting load meter
2020-10-15T02:05:39.851534198Z  INFO  2020-10-15 02:05:39,851 [shard 0] init - starting cf cache hit rate calculator
2020-10-15T02:05:39.851544334Z  INFO  2020-10-15 02:05:39,851 [shard 0] init - starting view update backlog broker
2020-10-15T02:05:39.852614853Z  INFO  2020-10-15 02:05:39,852 [shard 0] init - Waiting for gossip to settle before accepting client requests...
2020-10-15T02:05:39.896419122Z  INFO  2020-10-15 02:05:39,895 [shard 1] compaction - Compacted 2 sstables to [/var/lib/scylla/data/system/local-7ad54392bcdd35a684174e047860b377/mc-3837-big-Data.db:level=0, ]. 18348 bytes to 12072 (~65% of original) in 596ms = 0.02MB/s. ~256 total partitions merged to 1.
2020-10-15T02:05:39.897684677Z  INFO  2020-10-15 02:05:39,897 [shard 1] compaction - Compacting [/var/lib/scylla/data/system/local-7ad54392bcdd35a684174e047860b377/mc-3833-big-Data.db:level=0, /var/lib/scylla/data/system/local-7ad54392bcdd35a684174e047860b377/mc-3837-big-Data.db:level=0, ]
2020-10-15T02:05:40.386309422Z  INFO  2020-10-15 02:05:40,385 [shard 1] compaction - Compacted 2 sstables to [/var/lib/scylla/data/system/local-7ad54392bcdd35a684174e047860b377/mc-3841-big-Data.db:level=0, ]. 18170 bytes to 12074 (~66% of original) in 363ms = 0.03MB/s. ~256 total partitions merged to 1.
2020-10-15T02:05:51.853723280Z  INFO  2020-10-15 02:05:51,852 [shard 0] gossip - No gossip backlog; proceeding
2020-10-15T02:05:51.854978798Z  INFO  2020-10-15 02:05:51,854 [shard 0] init - allow replaying hints
2020-10-15T02:05:51.855847187Z  INFO  2020-10-15 02:05:51,855 [shard 0] init - Launching generate_mv_updates for non system tables
2020-10-15T02:05:51.857065311Z  INFO  2020-10-15 02:05:51,856 [shard 0] init - starting the view builder
2020-10-15T02:05:52.236576083Z  INFO  2020-10-15 02:05:52,235 [shard 0] init - starting native transport
2020-10-15T02:05:52.236603174Z  INFO  2020-10-15 02:05:52,236 [shard 0] compaction - Compacting [/var/lib/scylla/data/system/truncated-38c19fd0fb863310a4b70d0cc66628aa/mc-1788-big-Data.db:level=0, /var/lib/scylla/data/system/truncated-38c19fd0fb863310a4b70d0cc66628aa/mc-1784-big-Data.db:level=0, ]
2020-10-15T02:05:52.238181365Z  INFO  2020-10-15 02:05:52,237 [shard 0] storage_service - Starting listening for CQL clients on 10.0.102.11:9042 (unencrypted)
2020-10-15T02:05:52.239922807Z  INFO  2020-10-15 02:05:52,239 [shard 0] storage_service - Thrift server listening on 10.0.102.11:9160 ...
2020-10-15T02:05:52.240868425Z  INFO  2020-10-15 02:05:52,240 [shard 0] init - serving
2020-10-15T02:05:52.240887526Z  INFO  2020-10-15 02:05:52,240 [shard 0] init - Scylla version 4.1.8-0.20201002.6c43a0dc29 initialization completed.
2020-10-15T02:05:52.702533320Z  INFO  2020-10-15 02:05:52,701 [shard 0] compaction - Compacted 2 sstables to [/var/lib/scylla/data/system/truncated-38c19fd0fb863310a4b70d0cc66628aa/mc-1792-big-Data.db:level=0, ]. 82143 bytes to 76744 (~93% of original) in 339ms = 0.22MB/s. ~256 total partitions merged to 2.
2020-10-15T02:06:31.581854739Z  INFO  2020-10-15 02:06:31,581 [shard 0] compaction - Compacting [/var/lib/scylla/data/system/clients-ca0f635d863036098d93a1fc06f2a5e5/mc-128-big-Data.db:level=0, /var/lib/scylla/data/system/clients-ca0f635d863036098d93a1fc06f2a5e5/mc-124-big-Data.db:level=0, ]
2020-10-15T02:06:31.987287363Z  INFO  2020-10-15 02:06:31,986 [shard 0] compaction - Compacted 2 sstables to [/var/lib/scylla/data/system/clients-ca0f635d863036098d93a1fc06f2a5e5/mc-132-big-Data.db:level=0, ]. 102968 bytes to 6292 (~6% of original) in 314ms = 0.02MB/s. ~256 total partitions merged to 1.
2020-10-15T02:06:52.695042172Z  INFO  2020-10-15 02:06:52,694 [shard 0] compaction - Compacting [/var/lib/scylla/data/system/clients-ca0f635d863036098d93a1fc06f2a5e5/mc-132-big-Data.db:level=0, /var/lib/scylla/data/system/clients-ca0f635d863036098d93a1fc06f2a5e5/mc-136-big-Data.db:level=0, ]
2020-10-15T02:06:53.233686234Z  INFO  2020-10-15 02:06:53,233 [shard 0] compaction - Compacted 2 sstables to [/var/lib/scylla/data/system/clients-ca0f635d863036098d93a1fc06f2a5e5/mc-140-big-Data.db:level=0, ]. 57879 bytes to 6410 (~11% of original) in 445ms = 0.01MB/s. ~256 total partitions merged to 1.
