2020-10-15T01:40:57.469501236Z  running: (['/opt/scylladb/scripts/scylla_dev_mode_setup', '--developer-mode', '1'],)
2020-10-15T01:40:57.948469769Z  running: (['/opt/scylladb/scripts/scylla_io_setup'],)
2020-10-15T01:40:58.326175034Z  2020-10-15 01:40:58,325 CRIT Supervisor is running as root.  Privileges were not dropped because no user is specified in the config file.  If you intend to run as root, you can set user=root in the config file to avoid this message.
2020-10-15T01:40:58.326215210Z  2020-10-15 01:40:58,325 INFO Included extra file "/etc/supervisord.conf.d/node-exporter.conf" during parsing
2020-10-15T01:40:58.326256640Z  2020-10-15 01:40:58,326 INFO Included extra file "/etc/supervisord.conf.d/rsyslog.conf" during parsing
2020-10-15T01:40:58.326380378Z  2020-10-15 01:40:58,326 INFO Included extra file "/etc/supervisord.conf.d/scylla-housekeeping.conf" during parsing
2020-10-15T01:40:58.326468554Z  2020-10-15 01:40:58,326 INFO Included extra file "/etc/supervisord.conf.d/scylla-jmx.conf" during parsing
2020-10-15T01:40:58.326547392Z  2020-10-15 01:40:58,326 INFO Included extra file "/etc/supervisord.conf.d/scylla-server.conf" during parsing
2020-10-15T01:40:58.326643100Z  2020-10-15 01:40:58,326 INFO Included extra file "/etc/supervisord.conf.d/sshd-server.conf" during parsing
2020-10-15T01:40:58.359965901Z  2020-10-15 01:40:58,359 INFO RPC interface 'supervisor' initialized
2020-10-15T01:40:58.360061789Z  2020-10-15 01:40:58,359 CRIT Server 'inet_http_server' running without any HTTP authentication checking
2020-10-15T01:40:58.360492264Z  2020-10-15 01:40:58,360 INFO supervisord started with pid 25
2020-10-15T01:40:59.365885182Z  2020-10-15 01:40:59,364 INFO spawned: 'scylla' with pid 28
2020-10-15T01:40:59.370744725Z  2020-10-15 01:40:59,369 INFO spawned: 'scylla-housekeeping' with pid 29
2020-10-15T01:40:59.378984011Z  2020-10-15 01:40:59,373 INFO spawned: 'sshd' with pid 30
2020-10-15T01:40:59.379010477Z  2020-10-15 01:40:59,376 INFO spawned: 'scylla-jmx' with pid 31
2020-10-15T01:40:59.379976411Z  2020-10-15 01:40:59,379 INFO spawned: 'rsyslog' with pid 32
2020-10-15T01:40:59.382624684Z  2020-10-15 01:40:59,382 INFO spawned: 'node-exporter' with pid 33
2020-10-15T01:40:59.397799788Z  Generating public/private ed25519 key pair.
2020-10-15T01:40:59.397829820Z  Your identification has been saved in /etc/ssh/ssh_host_ed25519_key.
2020-10-15T01:40:59.397840622Z  Your public key has been saved in /etc/ssh/ssh_host_ed25519_key.pub.
2020-10-15T01:40:59.397849913Z  The key fingerprint is:
2020-10-15T01:40:59.397859009Z  SHA256:HX2cG865mHJUASXKVS1EDwX44UotivY+Cx0+ZyVVIpk root@82b533eeae3a
2020-10-15T01:40:59.397868204Z  The key's randomart image is:
2020-10-15T01:40:59.397877384Z  +--[ED25519 256]--+
2020-10-15T01:40:59.397886301Z  |            =XX+o|
2020-10-15T01:40:59.397896202Z  |         . +E+oB.|
2020-10-15T01:40:59.397905293Z  |          + .+Bo.|
2020-10-15T01:40:59.397914325Z  |         . .o*++ |
2020-10-15T01:40:59.397923301Z  |        S.oooo*  |
2020-10-15T01:40:59.397944316Z  |        oo.o.= . |
2020-10-15T01:40:59.397954904Z  |       ...= * .  |
2020-10-15T01:40:59.397964118Z  |         .o*     |
2020-10-15T01:40:59.397973296Z  |         .oo     |
2020-10-15T01:40:59.397982418Z  +----[SHA256]-----+
2020-10-15T01:40:59.409964516Z  time="2020-10-15T01:40:59Z" level=info msg="Starting node_exporter (version=0.17.0, branch=HEAD, revision=f6f6194a436b9a63d0439abc585c76b19a206b21)" source="node_exporter.go:82"
2020-10-15T01:40:59.410003535Z  time="2020-10-15T01:40:59Z" level=info msg="Build context (go=go1.11.2, user=root@322511e06ced, date=20181130-15:51:33)" source="node_exporter.go:83"
2020-10-15T01:40:59.411042989Z  time="2020-10-15T01:40:59Z" level=info msg="Enabled collectors:" source="node_exporter.go:90"
2020-10-15T01:40:59.411399453Z  time="2020-10-15T01:40:59Z" level=info msg=" - arp" source="node_exporter.go:97"
2020-10-15T01:40:59.411419411Z  time="2020-10-15T01:40:59Z" level=info msg=" - bcache" source="node_exporter.go:97"
2020-10-15T01:40:59.411430439Z  time="2020-10-15T01:40:59Z" level=info msg=" - bonding" source="node_exporter.go:97"
2020-10-15T01:40:59.411440602Z  time="2020-10-15T01:40:59Z" level=info msg=" - conntrack" source="node_exporter.go:97"
2020-10-15T01:40:59.411450506Z  time="2020-10-15T01:40:59Z" level=info msg=" - cpu" source="node_exporter.go:97"
2020-10-15T01:40:59.411460514Z  time="2020-10-15T01:40:59Z" level=info msg=" - diskstats" source="node_exporter.go:97"
2020-10-15T01:40:59.411470225Z  time="2020-10-15T01:40:59Z" level=info msg=" - edac" source="node_exporter.go:97"
2020-10-15T01:40:59.411480175Z  time="2020-10-15T01:40:59Z" level=info msg=" - entropy" source="node_exporter.go:97"
2020-10-15T01:40:59.411489826Z  time="2020-10-15T01:40:59Z" level=info msg=" - filefd" source="node_exporter.go:97"
2020-10-15T01:40:59.411499511Z  time="2020-10-15T01:40:59Z" level=info msg=" - filesystem" source="node_exporter.go:97"
2020-10-15T01:40:59.411685335Z  time="2020-10-15T01:40:59Z" level=info msg=" - hwmon" source="node_exporter.go:97"
2020-10-15T01:40:59.411705965Z  time="2020-10-15T01:40:59Z" level=info msg=" - infiniband" source="node_exporter.go:97"
2020-10-15T01:40:59.411717025Z  time="2020-10-15T01:40:59Z" level=info msg=" - interrupts" source="node_exporter.go:97"
2020-10-15T01:40:59.411726885Z  time="2020-10-15T01:40:59Z" level=info msg=" - ipvs" source="node_exporter.go:97"
2020-10-15T01:40:59.411736606Z  time="2020-10-15T01:40:59Z" level=info msg=" - loadavg" source="node_exporter.go:97"
2020-10-15T01:40:59.412081081Z  time="2020-10-15T01:40:59Z" level=info msg=" - mdadm" source="node_exporter.go:97"
2020-10-15T01:40:59.412099553Z  time="2020-10-15T01:40:59Z" level=info msg=" - meminfo" source="node_exporter.go:97"
2020-10-15T01:40:59.412109723Z  time="2020-10-15T01:40:59Z" level=info msg=" - netclass" source="node_exporter.go:97"
2020-10-15T01:40:59.412119420Z  time="2020-10-15T01:40:59Z" level=info msg=" - netdev" source="node_exporter.go:97"
2020-10-15T01:40:59.412143539Z  time="2020-10-15T01:40:59Z" level=info msg=" - netstat" source="node_exporter.go:97"
2020-10-15T01:40:59.412154250Z  time="2020-10-15T01:40:59Z" level=info msg=" - nfs" source="node_exporter.go:97"
2020-10-15T01:40:59.412164011Z  time="2020-10-15T01:40:59Z" level=info msg=" - nfsd" source="node_exporter.go:97"
2020-10-15T01:40:59.412173672Z  time="2020-10-15T01:40:59Z" level=info msg=" - sockstat" source="node_exporter.go:97"
2020-10-15T01:40:59.412364787Z  time="2020-10-15T01:40:59Z" level=info msg=" - stat" source="node_exporter.go:97"
2020-10-15T01:40:59.412383658Z  time="2020-10-15T01:40:59Z" level=info msg=" - textfile" source="node_exporter.go:97"
2020-10-15T01:40:59.412393859Z  time="2020-10-15T01:40:59Z" level=info msg=" - time" source="node_exporter.go:97"
2020-10-15T01:40:59.412403792Z  time="2020-10-15T01:40:59Z" level=info msg=" - timex" source="node_exporter.go:97"
2020-10-15T01:40:59.412413501Z  time="2020-10-15T01:40:59Z" level=info msg=" - uname" source="node_exporter.go:97"
2020-10-15T01:40:59.412781053Z  time="2020-10-15T01:40:59Z" level=info msg=" - vmstat" source="node_exporter.go:97"
2020-10-15T01:40:59.412799755Z  time="2020-10-15T01:40:59Z" level=info msg=" - xfs" source="node_exporter.go:97"
2020-10-15T01:40:59.412809998Z  time="2020-10-15T01:40:59Z" level=info msg=" - zfs" source="node_exporter.go:97"
2020-10-15T01:40:59.412819777Z  time="2020-10-15T01:40:59Z" level=info msg="Listening on :9100" source="node_exporter.go:111"
2020-10-15T01:40:59.725096389Z  Scylla version 4.1.8-0.20201002.6c43a0dc29 with build-id fec471b0d185de7f191d861ccfc539eff76f31ab starting ...
2020-10-15T01:40:59.725673538Z  command used: "/usr/bin/scylla --log-to-syslog 0 --log-to-stdout 1 --default-log-level info --network-stack posix --developer-mode=1 --overprovisioned --listen-address 10.0.100.6 --rpc-address 10.0.100.6 --seed-provider-parameters seeds=10.0.100.6 --blocked-reactor-notify-ms 999999999"
2020-10-15T01:40:59.726063700Z  parsed command line options: [log-to-syslog: 0, log-to-stdout: 1, default-log-level: info, network-stack: posix, developer-mode: 1, overprovisioned, listen-address: 10.0.100.6, rpc-address: 10.0.100.6, seed-provider-parameters: seeds=10.0.100.6, blocked-reactor-notify-ms: 999999999]
2020-10-15T01:40:59.779801867Z  WARN  2020-10-15 01:40:59,779 [shard 0] seastar - Unable to set SCHED_FIFO scheduling policy for timer thread; latency impact possible. Try adding CAP_SYS_NICE
2020-10-15T01:40:59.791437426Z  INFO  2020-10-15 01:40:59,791 [shard 0] init - installing SIGHUP handler
2020-10-15T01:40:59.796182494Z  INFO  2020-10-15 01:40:59,795 [shard 0] init - Scylla version 4.1.8-0.20201002.6c43a0dc29 with build-id fec471b0d185de7f191d861ccfc539eff76f31ab starting ...
2020-10-15T01:40:59.796215929Z  
2020-10-15T01:40:59.797819893Z  INFO  2020-10-15 01:40:59,797 [shard 0] init - starting prometheus API server
2020-10-15T01:40:59.799592130Z  INFO  2020-10-15 01:40:59,799 [shard 0] init - starting tokens manager
2020-10-15T01:40:59.800312070Z  INFO  2020-10-15 01:40:59,800 [shard 0] init - starting migration manager notifier
2020-10-15T01:40:59.800972603Z  INFO  2020-10-15 01:40:59,800 [shard 0] init - creating tracing
2020-10-15T01:40:59.801833881Z  INFO  2020-10-15 01:40:59,801 [shard 0] init - creating snitch
2020-10-15T01:40:59.802769511Z  INFO  2020-10-15 01:40:59,802 [shard 0] init - determining DNS name
2020-10-15T01:40:59.803263760Z  INFO  2020-10-15 01:40:59,803 [shard 0] init - starting API server
2020-10-15T01:40:59.804382123Z  INFO  2020-10-15 01:40:59,804 [shard 0] init - Scylla API server listening on 127.0.0.1:10000 ...
2020-10-15T01:40:59.805342635Z  INFO  2020-10-15 01:40:59,805 [shard 0] init - initializing storage service
2020-10-15T01:40:59.806091093Z  INFO  2020-10-15 01:40:59,805 [shard 0] init - starting per-shard database core
2020-10-15T01:40:59.809755929Z  WARN  2020-10-15 01:40:59,809 [shard 0] init - I/O Scheduler is not properly configured! This is a non-supported setup, and performance is expected to be unpredictably bad.
2020-10-15T01:40:59.809778628Z   Reason found: none of --max-io-requests, --io-properties and --io-properties-file are set.
2020-10-15T01:40:59.809789646Z  To properly configure the I/O Scheduler, run the scylla_io_setup utility shipped with Scylla.
2020-10-15T01:40:59.809799540Z  
2020-10-15T01:40:59.810491422Z  INFO  2020-10-15 01:40:59,810 [shard 0] init - creating and verifying directories
2020-10-15T01:41:00.168046401Z  INFO  2020-10-15 01:41:00,167 [shard 0] database - Populating Keyspace system_schema
2020-10-15T01:41:00.168087383Z  INFO  2020-10-15 01:41:00,167 [shard 0] database - Keyspace system_schema: Reading CF computed_columns id=cc7c7069-3740-33c1-92a4-c3de78dbd2c4 version=2b8c4439-de76-31e0-807f-3b7290a975d7
2020-10-15T01:41:00.168099422Z  INFO  2020-10-15 01:41:00,167 [shard 0] database - Keyspace system_schema: Reading CF view_virtual_columns id=08843b63-45dc-3be2-9798-a0418295cfaa version=c777531c-15f7-326f-8ebe-39fd0265c8c9
2020-10-15T01:41:00.168109974Z  INFO  2020-10-15 01:41:00,167 [shard 0] database - Keyspace system_schema: Reading CF dropped_columns id=5e7583b5-f3f4-3af1-9a39-b7e1d6f5f11f version=7426bc6c-4c2f-3200-8ad8-4329610ed59a
2020-10-15T01:41:00.168120188Z  INFO  2020-10-15 01:41:00,167 [shard 0] database - Keyspace system_schema: Reading CF indexes id=0feb57ac-311f-382f-ba6d-9024d305702f version=99c40462-8687-304e-abe3-2bdbef1f25aa
2020-10-15T01:41:00.168130676Z  INFO  2020-10-15 01:41:00,167 [shard 0] database - Keyspace system_schema: Reading CF functions id=96489b79-80be-3e14-a701-66a0b9159450 version=329ed804-55b3-3eee-ad61-d85317b96097
2020-10-15T01:41:00.168735576Z  INFO  2020-10-15 01:41:00,167 [shard 0] database - Keyspace system_schema: Reading CF columns id=24101c25-a2ae-3af7-87c1-b40ee1aca33f version=d33236d4-9bdd-3c09-abf0-a0bc5edc2526
2020-10-15T01:41:00.168786913Z  INFO  2020-10-15 01:41:00,167 [shard 0] database - Keyspace system_schema: Reading CF scylla_tables id=5d912ff1-f759-3665-b2c8-8042ab5103dd version=38e5e56b-155d-39b5-a0d2-8e5dcad42a26
2020-10-15T01:41:00.168799038Z  INFO  2020-10-15 01:41:00,167 [shard 0] database - Keyspace system_schema: Reading CF tables id=afddfb9d-bc1e-3068-8056-eed6c302ba09 version=b6240810-eeb7-36d5-9411-43b2d68dddab
2020-10-15T01:41:00.168809676Z  INFO  2020-10-15 01:41:00,167 [shard 0] database - Keyspace system_schema: Reading CF keyspaces id=abac5682-dea6-31c5-b535-b3d6cffd0fb6 version=e79ca8ba-6556-3f7d-925a-7f20cf57938c
2020-10-15T01:41:00.168834076Z  INFO  2020-10-15 01:41:00,167 [shard 0] database - Keyspace system_schema: Reading CF triggers id=4df70b66-6b05-3251-95a1-32b54005fd48 version=582d7071-1ef0-37c8-adc6-471a13636139
2020-10-15T01:41:00.168845525Z  INFO  2020-10-15 01:41:00,167 [shard 0] database - Keyspace system_schema: Reading CF views id=9786ac1c-dd58-3201-a7cd-ad556410c985 version=5b58bb47-96e7-3f57-accf-0bfca4dbbc6e
2020-10-15T01:41:00.168855713Z  INFO  2020-10-15 01:41:00,167 [shard 0] database - Keyspace system_schema: Reading CF types id=5a8b1ca8-6602-3f77-a045-9273d308917a version=de51b2ce-5e4d-3b7d-a75f-2204332ce8d1
2020-10-15T01:41:00.168865738Z  INFO  2020-10-15 01:41:00,167 [shard 0] database - Keyspace system_schema: Reading CF aggregates id=924c5587-2e3a-345b-b10c-12f37c1ba895 version=4b53e92c-0368-3d5c-b959-2ec1bfd1a59f
2020-10-15T01:41:00.233707508Z  Connecting to http://localhost:10000
2020-10-15T01:41:00.233751344Z  Starting the JMX server
2020-10-15T01:41:00.332920300Z  Generating public/private rsa key pair.
2020-10-15T01:41:00.332980313Z  Your identification has been saved in /etc/ssh/ssh_host_rsa_key.
2020-10-15T01:41:00.332993042Z  Your public key has been saved in /etc/ssh/ssh_host_rsa_key.pub.
2020-10-15T01:41:00.333003216Z  The key fingerprint is:
2020-10-15T01:41:00.333013065Z  SHA256:kJiniASvCfvm3f7UgCLzOcJJjyMTU1m2V/WXvnf1ykw root@82b533eeae3a
2020-10-15T01:41:00.333022643Z  The key's randomart image is:
2020-10-15T01:41:00.333032152Z  +---[RSA 4096]----+
2020-10-15T01:41:00.333041688Z  |.   o   ...      |
2020-10-15T01:41:00.333051134Z  |.. + + o   .   . |
2020-10-15T01:41:00.333060601Z  |..+ + =     . o  |
2020-10-15T01:41:00.333070094Z  |o* . + o     o   |
2020-10-15T01:41:00.333079146Z  |B = o . S     . .|
2020-10-15T01:41:00.333088324Z  | * B o   o     .o|
2020-10-15T01:41:00.333097610Z  |o O =   . .   E +|
2020-10-15T01:41:00.333107025Z  | = + o .     + o.|
2020-10-15T01:41:00.333116453Z  |  . ..o..     +  |
2020-10-15T01:41:00.333125924Z  +----[SHA256]-----+
2020-10-15T01:41:00.349593401Z  Could not load host key: /etc/ssh/ssh_host_ecdsa_key
2020-10-15T01:41:00.751416271Z  JMX is enabled to receive remote connections on port: 7199
2020-10-15T01:41:00.751763682Z  2020-10-15 01:41:00,751 INFO success: scylla entered RUNNING state, process has stayed up for > than 1 seconds (startsecs)
2020-10-15T01:41:00.752019048Z  2020-10-15 01:41:00,751 INFO success: scylla-housekeeping entered RUNNING state, process has stayed up for > than 1 seconds (startsecs)
2020-10-15T01:41:00.752263608Z  2020-10-15 01:41:00,751 INFO success: sshd entered RUNNING state, process has stayed up for > than 1 seconds (startsecs)
2020-10-15T01:41:00.752558457Z  2020-10-15 01:41:00,752 INFO success: scylla-jmx entered RUNNING state, process has stayed up for > than 1 seconds (startsecs)
2020-10-15T01:41:00.752839477Z  2020-10-15 01:41:00,752 INFO success: rsyslog entered RUNNING state, process has stayed up for > than 1 seconds (startsecs)
2020-10-15T01:41:00.753047402Z  2020-10-15 01:41:00,752 INFO success: node-exporter entered RUNNING state, process has stayed up for > than 1 seconds (startsecs)
2020-10-15T01:41:04.794370655Z  INFO  2020-10-15 01:41:04,793 [shard 0] database - Found temporary sstable directory: "/var/lib/scylla/data/system_schema/indexes-0feb57ac311f382fba6d9024d305702f/0000000000000595.sstable", removing
2020-10-15T01:41:04.794630638Z  INFO  2020-10-15 01:41:04,794 [shard 0] database - Found temporary sstable directory: "/var/lib/scylla/data/system_schema/scylla_tables-5d912ff1f7593665b2c88042ab5103dd/0000000000000538.sstable", removing
2020-10-15T01:41:04.794651898Z  INFO  2020-10-15 01:41:04,794 [shard 0] database - Found temporary sstable directory: "/var/lib/scylla/data/system_schema/scylla_tables-5d912ff1f7593665b2c88042ab5103dd/0000000000000539.sstable", removing
2020-10-15T01:41:04.794663924Z  INFO  2020-10-15 01:41:04,794 [shard 0] database - Found temporary sstable directory: "/var/lib/scylla/data/system_schema/tables-afddfb9dbc1e30688056eed6c302ba09/0000000000000559.sstable", removing
2020-10-15T01:41:04.794674826Z  INFO  2020-10-15 01:41:04,794 [shard 0] database - Found temporary sstable directory: "/var/lib/scylla/data/system_schema/tables-afddfb9dbc1e30688056eed6c302ba09/0000000000000554.sstable", removing
2020-10-15T01:41:04.795017540Z  INFO  2020-10-15 01:41:04,794 [shard 0] database - Found temporary sstable directory: "/var/lib/scylla/data/system_schema/views-9786ac1cdd583201a7cdad556410c985/0000000000000486.sstable", removing
2020-10-15T01:41:04.795251547Z  INFO  2020-10-15 01:41:04,794 [shard 0] database - Found temporary sstable directory: "/var/lib/scylla/data/system_schema/types-5a8b1ca866023f77a0459273d308917a/0000000000000511.sstable", removing
2020-10-15T01:41:04.795282394Z  INFO  2020-10-15 01:41:04,794 [shard 0] database - Found temporary sstable directory: "/var/lib/scylla/data/system_schema/types-5a8b1ca866023f77a0459273d308917a/0000000000000514.sstable", removing
2020-10-15T01:41:04.795295081Z  INFO  2020-10-15 01:41:04,794 [shard 0] database - Found temporary sstable directory: "/var/lib/scylla/data/system_schema/keyspaces-abac5682dea631c5b535b3d6cffd0fb6/0000000000000623.sstable", removing
2020-10-15T01:41:04.863460437Z  WARN  2020-10-15 01:41:04,862 [shard 0] sstable - Deleting components of sstable from system_schema.indexes of generation 618 that has a temporary TOC
2020-10-15T01:41:04.905191233Z  WARN  2020-10-15 01:41:04,904 [shard 0] sstable - Deleting components of sstable from system_schema.scylla_tables of generation 538 that has a temporary TOC
2020-10-15T01:41:04.905239056Z  WARN  2020-10-15 01:41:04,904 [shard 0] sstable - Deleting components of sstable from system_schema.views of generation 486 that has a temporary TOC
2020-10-15T01:41:04.905250925Z  WARN  2020-10-15 01:41:04,904 [shard 0] sstable - Deleting components of sstable from system_schema.keyspaces of generation 623 that has a temporary TOC
2020-10-15T01:41:04.905261020Z  WARN  2020-10-15 01:41:04,904 [shard 0] sstable - Deleting components of sstable from system_schema.tables of generation 554 that has a temporary TOC
2020-10-15T01:41:04.905271479Z  WARN  2020-10-15 01:41:04,904 [shard 0] sstable - Deleting components of sstable from system_schema.types of generation 514 that has a temporary TOC
2020-10-15T01:41:04.987415561Z  WARN  2020-10-15 01:41:04,986 [shard 0] sstable - Deleting components of sstable from system_schema.indexes of generation 595 that has a temporary TOC
2020-10-15T01:41:05.053636232Z  Traceback (most recent call last):
2020-10-15T01:41:05.053685455Z    File "/opt/scylladb/scripts/libexec/scylla-housekeeping", line 208, in <module>
2020-10-15T01:41:05.053697357Z      args.func(args)
2020-10-15T01:41:05.053707222Z    File "/opt/scylladb/scripts/libexec/scylla-housekeeping", line 134, in check_version
2020-10-15T01:41:05.053735450Z      current_version = sanitize_version(get_api('/storage_service/scylla_release_version'))
2020-10-15T01:41:05.053752443Z    File "/opt/scylladb/scripts/libexec/scylla-housekeeping", line 93, in get_api
2020-10-15T01:41:05.053769304Z      return get_json_from_url("http://" + api_address + path)
2020-10-15T01:41:05.053794458Z    File "/opt/scylladb/scripts/libexec/scylla-housekeeping", line 88, in get_json_from_url
2020-10-15T01:41:05.053803887Z      raise RuntimeError(f'Failed to get "{path}" due to the following error: {retval}')
2020-10-15T01:41:05.053813532Z  RuntimeError: Failed to get "http://localhost:10000/storage_service/scylla_release_version" due to the following error: HTTP Error 404: Not Found
2020-10-15T01:41:05.839236115Z  WARN  2020-10-15 01:41:05,838 [shard 0] sstable - Deleting components of sstable from system_schema.tables of generation 559 that has a temporary TOC
2020-10-15T01:41:05.924285678Z  WARN  2020-10-15 01:41:05,923 [shard 0] sstable - Deleting components of sstable from system_schema.types of generation 511 that has a temporary TOC
2020-10-15T01:41:06.880813872Z  INFO  2020-10-15 01:41:06,879 [shard 0] database - Populating Keyspace system
2020-10-15T01:41:06.880867227Z  INFO  2020-10-15 01:41:06,880 [shard 0] database - Keyspace system: Reading CF schema_aggregates id=a5fc57fc-9d6c-3bfd-a3fc-01ad54686fea version=d06c934f-9a69-374c-86f1-523ab26fb05c
2020-10-15T01:41:06.880899530Z  INFO  2020-10-15 01:41:06,880 [shard 0] database - Keyspace system: Reading CF schema_triggers id=0359bc71-7123-3ee1-9a4a-b9dfb11fc125 version=75e4ec4c-76da-3f59-984e-66810ba0c62b
2020-10-15T01:41:06.880919198Z  INFO  2020-10-15 01:41:06,880 [shard 0] database - Keyspace system: Reading CF compaction_history id=b4dbb7b4-dc49-3fb5-b3bf-ce6e434832ca version=25cae56a-8d75-39f3-a146-3756ab4981c7
2020-10-15T01:41:06.880938599Z  INFO  2020-10-15 01:41:06,880 [shard 0] database - Keyspace system: Reading CF compactions_in_progress id=55080ab0-5d9c-3886-90a4-acb25fe1f77b version=540263f1-40db-3869-8a38-3baadedc222d
2020-10-15T01:41:06.880957546Z  INFO  2020-10-15 01:41:06,880 [shard 0] database - Keyspace system: Reading CF range_xfers id=55d76438-4e55-3f8b-9f6e-676d4af3976d version=dd15a078-409b-350d-9bef-c5f3520832d8
2020-10-15T01:41:06.881392900Z  INFO  2020-10-15 01:41:06,880 [shard 0] database - Keyspace system: Reading CF scylla_views_builds_in_progress id=a04c7bfd-1e13-36c9-a44d-f22da352281d version=e3fb736c-6956-3990-a31d-9a482279e3fc
2020-10-15T01:41:06.881423726Z  INFO  2020-10-15 01:41:06,880 [shard 0] database - Keyspace system: Reading CF IndexInfo id=9f5c6374-d485-3229-9a0a-5094af9ad1e3 version=bbb3743b-351f-3023-b4fc-09a9be37d529
2020-10-15T01:41:06.881463671Z  INFO  2020-10-15 01:41:06,880 [shard 0] database - Keyspace system: Reading CF cdc_local id=0bcaffd4-0c83-3ead-ad13-dc1d5015b77c version=0aa4d3a2-ed95-3ecd-aba0-cd75622ad290
2020-10-15T01:41:06.881481843Z  INFO  2020-10-15 01:41:06,880 [shard 0] database - Keyspace system: Reading CF schema_columnfamilies id=45f5b360-24bc-3f83-a363-1034ea4fa697 version=7f7a5fea-07b7-304d-a6f8-f7aec72cabdb
2020-10-15T01:41:06.881498120Z  INFO  2020-10-15 01:41:06,880 [shard 0] database - Keyspace system: Reading CF batchlog id=0290003c-977e-397c-ac3e-fdfdc01d626b version=e2a2e804-49e4-3597-9f16-39fd9475835c
2020-10-15T01:41:06.881514516Z  INFO  2020-10-15 01:41:06,881 [shard 0] database - Keyspace system: Reading CF schema_functions id=d1b675fe-2b50-3ca4-8e49-c0f81989dcad version=a50959dd-2be0-3e4e-8bb5-cf40796e256a
2020-10-15T01:41:06.881776827Z  INFO  2020-10-15 01:41:06,881 [shard 0] database - Keyspace system: Reading CF peer_events id=59dfeaea-8db2-3341-91ef-109974d81484 version=7f874a05-72b8-3c21-9acb-baa164fc351a
2020-10-15T01:41:06.881812031Z  INFO  2020-10-15 01:41:06,881 [shard 0] database - Keyspace system: Reading CF local id=7ad54392-bcdd-35a6-8417-4e047860b377 version=7fa82c2e-5b67-37dd-8e5e-2079e18f1536
2020-10-15T01:41:06.881843038Z  INFO  2020-10-15 01:41:06,881 [shard 0] database - Keyspace system: Reading CF clients id=ca0f635d-8630-3609-8d93-a1fc06f2a5e5 version=51273ebf-e6f9-3cd5-b455-ea09ad29796f
2020-10-15T01:41:06.881859502Z  INFO  2020-10-15 01:41:06,881 [shard 0] database - Keyspace system: Reading CF size_estimates id=618f817b-005f-3678-b8a4-53f3930b8e86 version=6d4dbcff-f05b-3dc3-95ad-f79f7b10504d
2020-10-15T01:41:06.882161351Z  INFO  2020-10-15 01:41:06,881 [shard 0] database - Keyspace system: Reading CF large_partitions id=8a7fe624-96b0-34b1-b90e-f71bddcdd2d3 version=04fa9920-9369-3a96-be39-6dd9fdc816b6
2020-10-15T01:41:06.882553120Z  INFO  2020-10-15 01:41:06,881 [shard 0] database - Keyspace system: Reading CF schema_columns id=296e9c04-9bec-3085-827d-c17d3df2122a version=53cfbb66-ee0d-37be-97bb-b2afb3746f85
2020-10-15T01:41:06.882595348Z  INFO  2020-10-15 01:41:06,881 [shard 0] database - Keyspace system: Reading CF built_views id=4b3c50a9-ea87-3d76-9101-6dbc9c38494a version=a28aa0b3-6def-30a7-9fbe-ce78b3f3c9b9
2020-10-15T01:41:06.882615138Z  INFO  2020-10-15 01:41:06,881 [shard 0] database - Keyspace system: Reading CF peers id=37f71aca-7dc2-383b-a706-72528af04d4f version=f6f6871f-8c86-3eca-ac0b-2a2e848e395d
2020-10-15T01:41:06.882634776Z  INFO  2020-10-15 01:41:06,882 [shard 0] database - Keyspace system: Reading CF hints id=2666e205-73ef-38b3-90fe-fecf96e8f0c7 version=0b74fdd1-e96d-309e-a14e-a5bcd7ac885d
2020-10-15T01:41:06.882653914Z  INFO  2020-10-15 01:41:06,882 [shard 0] database - Keyspace system: Reading CF large_rows id=40550f66-0858-39a0-9430-f27fc08034e9 version=aee3acb0-7926-317b-848e-db7bc3721695
2020-10-15T01:41:06.882987073Z  INFO  2020-10-15 01:41:06,882 [shard 0] database - Keyspace system: Reading CF large_cells id=ead8bbc5-f146-3ae1-9f71-0b11f9a1d296 version=0d4a6937-a781-3f87-a192-b4e4a4a40acf
2020-10-15T01:41:06.883024948Z  INFO  2020-10-15 01:41:06,882 [shard 0] database - Keyspace system: Reading CF scylla_local id=2972ec7f-fb20-38dd-aac1-d876f2e3fcbd version=5f0b407d-eedf-3845-a48e-dbb9673d10e1
2020-10-15T01:41:06.883063069Z  INFO  2020-10-15 01:41:06,882 [shard 0] database - Keyspace system: Reading CF views_builds_in_progress id=b7f2c108-78cd-3c80-9cd5-d609b2bd149c version=b905cce5-1474-3085-819a-7592453e2fb9
2020-10-15T01:41:06.883084850Z  INFO  2020-10-15 01:41:06,882 [shard 0] database - Keyspace system: Reading CF schema_usertypes id=3aa75225-4f82-350b-8d5c-430fa221fa0a version=3c53e6bb-56d5-3618-a0b2-4ff5f18127d7
2020-10-15T01:41:06.883647942Z  INFO  2020-10-15 01:41:06,882 [shard 0] database - Keyspace system: Reading CF sstable_activity id=5a1ff267-ace0-3f12-8563-cfae6103c65e version=bdec57a3-b234-334b-be9c-7b1f33113995
2020-10-15T01:41:06.883683533Z  INFO  2020-10-15 01:41:06,882 [shard 0] database - Keyspace system: Reading CF truncated id=38c19fd0-fb86-3310-a4b7-0d0cc66628aa version=6da9a85c-7ae0-3917-aead-54a2f65a57a8
2020-10-15T01:41:06.883703588Z  INFO  2020-10-15 01:41:06,883 [shard 0] database - Keyspace system: Reading CF paxos id=b7b7f0c2-fd0a-3410-8c05-3ef614bb7c2d version=6dd372de-72fb-3e1b-9b8c-f97738a67fe9
2020-10-15T01:41:06.883722675Z  INFO  2020-10-15 01:41:06,883 [shard 0] database - Keyspace system: Reading CF schema_keyspaces id=b0f22357-4458-3cdb-9631-c43e59ce3676 version=84d28cef-59f9-34a9-9be5-31c684997f03
2020-10-15T01:41:20.109703738Z  INFO  2020-10-15 01:41:20,109 [shard 0] init - starting gossip
2020-10-15T01:41:20.109758953Z  WARN  2020-10-15 01:41:20,109 [shard 0] init - Using default cluster name is not recommended. Using a unique cluster name will reduce the chance of adding nodes to the wrong cluster by mistake
2020-10-15T01:41:20.110360124Z  INFO  2020-10-15 01:41:20,109 [shard 0] init - starting storage proxy
2020-10-15T01:41:20.124374112Z  INFO  2020-10-15 01:41:20,123 [shard 0] init - creating hints manager
2020-10-15T01:41:20.124948293Z  INFO  2020-10-15 01:41:20,124 [shard 2] init - creating hints manager
2020-10-15T01:41:20.124997365Z  INFO  2020-10-15 01:41:20,124 [shard 1] init - creating hints manager
2020-10-15T01:41:20.125295417Z  INFO  2020-10-15 01:41:20,124 [shard 3] init - creating hints manager
2020-10-15T01:41:20.125636118Z  INFO  2020-10-15 01:41:20,125 [shard 0] init - starting migration manager
2020-10-15T01:41:20.126387664Z  INFO  2020-10-15 01:41:20,125 [shard 0] init - starting query processor
2020-10-15T01:41:20.127766907Z  INFO  2020-10-15 01:41:20,127 [shard 0] init - initializing batchlog manager
2020-10-15T01:41:20.132792564Z  INFO  2020-10-15 01:41:20,132 [shard 0] legacy_schema_migrator - Moving 0 keyspaces from legacy schema tables to the new schema keyspace (system_schema)
2020-10-15T01:41:20.133289512Z  INFO  2020-10-15 01:41:20,132 [shard 0] legacy_schema_migrator - Dropping legacy schema tables
2020-10-15T01:41:33.315952862Z  INFO  2020-10-15 01:41:33,315 [shard 0] legacy_schema_migrator - Completed migration of legacy schema tables
2020-10-15T01:41:33.319742962Z  INFO  2020-10-15 01:41:33,319 [shard 0] init - loading system sstables
2020-10-15T01:41:46.334367896Z  INFO  2020-10-15 01:41:46,332 [shard 0] init - loading non-system sstables
2020-10-15T01:41:54.474489776Z  INFO  2020-10-15 01:41:54,473 [shard 0] database - Populating Keyspace dt
2020-10-15T01:41:54.474572861Z  INFO  2020-10-15 01:41:54,473 [shard 0] database - Keyspace dt: Reading CF source_element_idx_index id=68593f10-d77b-11ea-9877-000000000001 version=33e3f927-f730-3081-88e1-6bed2962e42a
2020-10-15T01:41:54.474621049Z  INFO  2020-10-15 01:41:54,473 [shard 0] database - Keyspace dt: Reading CF element_twin_idx_index id=630ae8b0-d77b-11ea-9877-000000000001 version=bc3026fd-bc4e-318d-b6f4-ca0b566cb74b
2020-10-15T01:41:54.474643103Z  INFO  2020-10-15 01:41:54,473 [shard 0] database - Keyspace dt: Reading CF source id=65ff2270-d77b-11ea-9877-000000000001 version=5f8471b7-7d19-31d4-9be5-0f153affb0bb
2020-10-15T01:41:54.474662863Z  INFO  2020-10-15 01:41:54,473 [shard 0] database - Keyspace dt: Reading CF source_data id=6af6cd50-d77b-11ea-9877-000000000001 version=b52400e3-b307-3141-b3fc-e5d63573f135
2020-10-15T01:41:54.475031047Z  INFO  2020-10-15 01:41:54,473 [shard 0] database - Keyspace dt: Reading CF element id=607549b0-d77b-11ea-9877-000000000001 version=f44a6c4b-69d8-37f2-b116-7260740acc6c
2020-10-15T01:41:54.475084380Z  INFO  2020-10-15 01:41:54,474 [shard 0] database - Keyspace dt: Reading CF twin id=5e00c740-d77b-11ea-9877-000000000001 version=6240633e-c8cc-3fea-a1e3-452eff1b9659
2020-10-15T01:41:54.475104647Z  INFO  2020-10-15 01:41:54,474 [shard 0] database - Keyspace dt: Reading CF user id=5c294820-d77b-11ea-9877-000000000001 version=02cce273-02f1-3e6a-8674-f1016e3f22d7
2020-10-15T01:41:54.475122522Z  INFO  2020-10-15 01:41:54,474 [shard 0] database - Populating Keyspace system_distributed
2020-10-15T01:41:54.475139651Z  INFO  2020-10-15 01:41:54,474 [shard 0] database - Keyspace system_distributed: Reading CF view_build_status id=5582b59f-8e4e-35e1-b913-3acada51eb04 version=e0b6e628-60e0-39a2-ada0-9b6c13bdd9bc
2020-10-15T01:41:54.475157475Z  INFO  2020-10-15 01:41:54,474 [shard 0] database - Keyspace system_distributed: Reading CF cdc_generations id=6a4df139-00b6-3d21-9efc-dade266dc3b7 version=2511b46b-df1d-39fa-9a77-f5cacf88af47
2020-10-15T01:41:54.475304069Z  INFO  2020-10-15 01:41:54,474 [shard 0] database - Keyspace system_distributed: Reading CF cdc_streams id=07405732-4620-34d6-a85e-947248dad9a4 version=b606cfa4-a37b-32bd-a624-e05cab2bed3c
2020-10-15T01:41:54.475394275Z  INFO  2020-10-15 01:41:54,474 [shard 0] database - Populating Keyspace system_auth
2020-10-15T01:41:54.475415155Z  INFO  2020-10-15 01:41:54,474 [shard 0] database - Keyspace system_auth: Reading CF roles id=5bc52802-de25-35ed-aeab-188eecebb090 version=d8f599da-7544-3f57-aa58-b229deea93e0
2020-10-15T01:41:54.475432796Z  INFO  2020-10-15 01:41:54,474 [shard 0] database - Keyspace system_auth: Reading CF role_members id=0ecdaa87-f8fb-3e60-88d1-74fb36fe5c0d version=2923b5bb-f2f8-36e8-9e73-19019900010c
2020-10-15T01:41:54.475450935Z  INFO  2020-10-15 01:41:54,474 [shard 0] database - Populating Keyspace system_traces
2020-10-15T01:41:54.475467795Z  INFO  2020-10-15 01:41:54,474 [shard 0] database - Keyspace system_traces: Reading CF sessions id=c5e99f16-8677-3914-b17e-960613512345 version=e0fc4b06-6cba-3b7b-bfb6-b42a77c370a9
2020-10-15T01:41:54.475488813Z  INFO  2020-10-15 01:41:54,474 [shard 0] database - Keyspace system_traces: Reading CF node_slow_log_time_idx id=f9706768-aa1e-3d87-9e5c-51a3927c2870 version=eaffc0bb-7b2c-3b64-8924-d8ba685120bc
2020-10-15T01:41:54.475507169Z  INFO  2020-10-15 01:41:54,474 [shard 0] database - Keyspace system_traces: Reading CF sessions_time_idx id=0ebf001c-c1d1-3693-9a63-c3d96ac53318 version=cd5d1e5f-1f42-3b9d-a8ba-3af39d59a7d5
2020-10-15T01:41:54.475546743Z  INFO  2020-10-15 01:41:54,474 [shard 0] database - Keyspace system_traces: Reading CF events id=8826e8e9-e16a-3728-8753-3bc1fc713c25 version=41a6b26e-a03b-3ae1-8a4a-b9446e7f9304
2020-10-15T01:41:54.475566650Z  INFO  2020-10-15 01:41:54,474 [shard 0] database - Keyspace system_traces: Reading CF node_slow_log id=bfcc4e62-5b63-3aa1-a1c3-6f5e47f3325c version=23e7a411-8414-340f-854d-20a3a637e438
2020-10-15T01:42:01.073280903Z  INFO  2020-10-15 01:42:01,072 [shard 0] init - starting view update generator
2020-10-15T01:42:01.074004605Z  INFO  2020-10-15 01:42:01,073 [shard 0] init - discovering staging sstables
2020-10-15T01:42:01.074614341Z  INFO  2020-10-15 01:42:01,074 [shard 0] init - setting up system keyspace
2020-10-15T01:42:01.093838105Z  INFO  2020-10-15 01:42:01,093 [shard 0] init - starting commit log
2020-10-15T01:42:01.093869922Z  INFO  2020-10-15 01:42:01,093 [shard 0] init - replaying commit log
2020-10-15T01:42:01.097783973Z  INFO  2020-10-15 01:42:01,097 [shard 0] commitlog_replayer - Replaying /var/lib/scylla/commitlog/CommitLog-1-54043198508664987.log, /var/lib/scylla/commitlog/CommitLog-1-36028799999183001.log, /var/lib/scylla/commitlog/CommitLog-1-54043198508664985.log, /var/lib/scylla/commitlog/CommitLog-1-2980219031.log, /var/lib/scylla/commitlog/CommitLog-1-18014401489701017.log, /var/lib/scylla/commitlog/CommitLog-1-2980219032.log, /var/lib/scylla/commitlog/CommitLog-1-2980219033.log, /var/lib/scylla/commitlog/CommitLog-1-36028799999183002.log, /var/lib/scylla/commitlog/CommitLog-1-36028799999183000.log, /var/lib/scylla/commitlog/CommitLog-1-54043198508664986.log, /var/lib/scylla/commitlog/CommitLog-1-18014401489701016.log
2020-10-15T01:42:10.203048978Z  INFO  2020-10-15 01:42:10,202 [shard 0] commitlog_replayer - Log replay complete, 21328 replayed mutations (0 invalid, 0 skipped)
2020-10-15T01:42:10.204156316Z  INFO  2020-10-15 01:42:10,203 [shard 0] init - replaying commit log - flushing memtables
2020-10-15T01:42:28.266126900Z  INFO  2020-10-15 01:42:28,265 [shard 0] init - replaying commit log - removing old commitlog segments
2020-10-15T01:42:28.268992844Z  INFO  2020-10-15 01:42:28,267 [shard 0] compaction - Compacting [/var/lib/scylla/data/system/compaction_history-b4dbb7b4dc493fb5b3bfce6e434832ca/mc-920-big-Data.db:level=0, /var/lib/scylla/data/system/compaction_history-b4dbb7b4dc493fb5b3bfce6e434832ca/mc-916-big-Data.db:level=0, /var/lib/scylla/data/system/compaction_history-b4dbb7b4dc493fb5b3bfce6e434832ca/mc-912-big-Data.db:level=0, ]
2020-10-15T01:42:28.269036748Z  INFO  2020-10-15 01:42:28,267 [shard 1] compaction - Compacting [/var/lib/scylla/data/system/compaction_history-b4dbb7b4dc493fb5b3bfce6e434832ca/mc-929-big-Data.db:level=0, /var/lib/scylla/data/system/compaction_history-b4dbb7b4dc493fb5b3bfce6e434832ca/mc-925-big-Data.db:level=0, /var/lib/scylla/data/system/compaction_history-b4dbb7b4dc493fb5b3bfce6e434832ca/mc-921-big-Data.db:level=0, ]
2020-10-15T01:42:28.269053994Z  INFO  2020-10-15 01:42:28,267 [shard 2] compaction - Compacting [/var/lib/scylla/data/system/peers-37f71aca7dc2383ba70672528af04d4f/mc-14-big-Data.db:level=0, /var/lib/scylla/data/system/peers-37f71aca7dc2383ba70672528af04d4f/mc-10-big-Data.db:level=0, /var/lib/scylla/data/system/peers-37f71aca7dc2383ba70672528af04d4f/mc-6-big-Data.db:level=0, ]
2020-10-15T01:42:28.269077275Z  INFO  2020-10-15 01:42:28,267 [shard 0] compaction - Compacting [/var/lib/scylla/data/system/truncated-38c19fd0fb863310a4b70d0cc66628aa/mc-1740-big-Data.db:level=0, /var/lib/scylla/data/system/truncated-38c19fd0fb863310a4b70d0cc66628aa/mc-1744-big-Data.db:level=0, /var/lib/scylla/data/system/truncated-38c19fd0fb863310a4b70d0cc66628aa/mc-1736-big-Data.db:level=0, ]
2020-10-15T01:42:28.269671698Z  INFO  2020-10-15 01:42:28,268 [shard 2] compaction - Compacting [/var/lib/scylla/data/system_schema/dropped_columns-5e7583b5f3f43af19a39b7e1d6f5f11f/mc-690-big-Data.db:level=0, /var/lib/scylla/data/system_schema/dropped_columns-5e7583b5f3f43af19a39b7e1d6f5f11f/mc-686-big-Data.db:level=0, /var/lib/scylla/data/system_schema/dropped_columns-5e7583b5f3f43af19a39b7e1d6f5f11f/mc-682-big-Data.db:level=0, ]
2020-10-15T01:42:28.269726140Z  INFO  2020-10-15 01:42:28,268 [shard 2] compaction - Compacting [/var/lib/scylla/data/system/compaction_history-b4dbb7b4dc493fb5b3bfce6e434832ca/mc-942-big-Data.db:level=0, /var/lib/scylla/data/system/compaction_history-b4dbb7b4dc493fb5b3bfce6e434832ca/mc-938-big-Data.db:level=0, /var/lib/scylla/data/system/compaction_history-b4dbb7b4dc493fb5b3bfce6e434832ca/mc-934-big-Data.db:level=0, ]
2020-10-15T01:42:28.269741022Z  INFO  2020-10-15 01:42:28,268 [shard 2] compaction - Compacting [/var/lib/scylla/data/system_schema/columns-24101c25a2ae3af787c1b40ee1aca33f/mc-690-big-Data.db:level=0, /var/lib/scylla/data/system_schema/columns-24101c25a2ae3af787c1b40ee1aca33f/mc-694-big-Data.db:level=0, /var/lib/scylla/data/system_schema/columns-24101c25a2ae3af787c1b40ee1aca33f/mc-686-big-Data.db:level=0, ]
2020-10-15T01:42:28.269752818Z  INFO  2020-10-15 01:42:28,268 [shard 2] compaction - Compacting [/var/lib/scylla/data/system_schema/keyspaces-abac5682dea631c5b535b3d6cffd0fb6/mc-658-big-Data.db:level=0, /var/lib/scylla/data/system_schema/keyspaces-abac5682dea631c5b535b3d6cffd0fb6/mc-662-big-Data.db:level=0, /var/lib/scylla/data/system_schema/keyspaces-abac5682dea631c5b535b3d6cffd0fb6/mc-654-big-Data.db:level=0, ]
2020-10-15T01:42:28.269764278Z  INFO  2020-10-15 01:42:28,268 [shard 2] compaction - Compacting [/var/lib/scylla/data/system_schema/indexes-0feb57ac311f382fba6d9024d305702f/mc-618-big-Data.db:level=0, /var/lib/scylla/data/system_schema/indexes-0feb57ac311f382fba6d9024d305702f/mc-614-big-Data.db:level=0, ]
2020-10-15T01:42:28.269774972Z  INFO  2020-10-15 01:42:28,268 [shard 2] compaction - Compacting [/var/lib/scylla/data/system_schema/scylla_tables-5d912ff1f7593665b2c88042ab5103dd/mc-538-big-Data.db:level=0, /var/lib/scylla/data/system_schema/scylla_tables-5d912ff1f7593665b2c88042ab5103dd/mc-534-big-Data.db:level=0, ]
2020-10-15T01:42:28.269799168Z  INFO  2020-10-15 01:42:28,268 [shard 3] compaction - Compacting [/var/lib/scylla/data/system_schema/dropped_columns-5e7583b5f3f43af19a39b7e1d6f5f11f/mc-687-big-Data.db:level=0, /var/lib/scylla/data/system_schema/dropped_columns-5e7583b5f3f43af19a39b7e1d6f5f11f/mc-691-big-Data.db:level=0, /var/lib/scylla/data/system_schema/dropped_columns-5e7583b5f3f43af19a39b7e1d6f5f11f/mc-683-big-Data.db:level=0, ]
2020-10-15T01:42:28.269815512Z  INFO  2020-10-15 01:42:28,268 [shard 3] compaction - Compacting [/var/lib/scylla/data/system/clients-ca0f635d863036098d93a1fc06f2a5e5/mc-255-big-Data.db:level=0, /var/lib/scylla/data/system/clients-ca0f635d863036098d93a1fc06f2a5e5/mc-323-big-Data.db:level=0, /var/lib/scylla/data/system/clients-ca0f635d863036098d93a1fc06f2a5e5/mc-303-big-Data.db:level=0, /var/lib/scylla/data/system/clients-ca0f635d863036098d93a1fc06f2a5e5/mc-283-big-Data.db:level=0, /var/lib/scylla/data/system/clients-ca0f635d863036098d93a1fc06f2a5e5/mc-279-big-Data.db:level=0, /var/lib/scylla/data/system/clients-ca0f635d863036098d93a1fc06f2a5e5/mc-259-big-Data.db:level=0, /var/lib/scylla/data/system/clients-ca0f635d863036098d93a1fc06f2a5e5/mc-311-big-Data.db:level=0, /var/lib/scylla/data/system/clients-ca0f635d863036098d93a1fc06f2a5e5/mc-295-big-Data.db:level=0, /var/lib/scylla/data/system/clients-ca0f635d863036098d93a1fc06f2a5e5/mc-271-big-Data.db:level=0, /var/lib/scylla/data/system/clients-ca0f635d863036098d93a1fc06f2a5e5/mc-319-big-Data.db:level=0, /var/lib/scylla/data/system/clients-ca0f635d863036098d93a1fc06f2a5e5/mc-287-big-Data.db:level=0, /var/lib/scylla/data/system/clients-ca0f635d863036098d93a1fc06f2a5e5/mc-307-big-Data.db:level=0, /var/lib/scylla/data/system/clients-ca0f635d863036098d93a1fc06f2a5e5/mc-275-big-Data.db:level=0, /var/lib/scylla/data/system/clients-ca0f635d863036098d93a1fc06f2a5e5/mc-263-big-Data.db:level=0, /var/lib/scylla/data/system/clients-ca0f635d863036098d93a1fc06f2a5e5/mc-299-big-Data.db:level=0, /var/lib/scylla/data/system/clients-ca0f635d863036098d93a1fc06f2a5e5/mc-291-big-Data.db:level=0, /var/lib/scylla/data/system/clients-ca0f635d863036098d93a1fc06f2a5e5/mc-315-big-Data.db:level=0, /var/lib/scylla/data/system/clients-ca0f635d863036098d93a1fc06f2a5e5/mc-267-big-Data.db:level=0, ]
2020-10-15T01:42:28.269844885Z  INFO  2020-10-15 01:42:28,269 [shard 3] compaction - Compacting [/var/lib/scylla/data/system_schema/functions-96489b7980be3e14a70166a0b9159450/mc-627-big-Data.db:level=0, /var/lib/scylla/data/system_schema/functions-96489b7980be3e14a70166a0b9159450/mc-623-big-Data.db:level=0, /var/lib/scylla/data/system_schema/functions-96489b7980be3e14a70166a0b9159450/mc-619-big-Data.db:level=0, ]
2020-10-15T01:42:28.270137168Z  INFO  2020-10-15 01:42:28,269 [shard 3] compaction - Compacting [/var/lib/scylla/data/system/compaction_history-b4dbb7b4dc493fb5b3bfce6e434832ca/mc-943-big-Data.db:level=0, /var/lib/scylla/data/system/compaction_history-b4dbb7b4dc493fb5b3bfce6e434832ca/mc-939-big-Data.db:level=0, /var/lib/scylla/data/system/compaction_history-b4dbb7b4dc493fb5b3bfce6e434832ca/mc-935-big-Data.db:level=0, ]
2020-10-15T01:42:28.270920173Z  INFO  2020-10-15 01:42:28,269 [shard 3] compaction - Compacting [/var/lib/scylla/data/system_schema/columns-24101c25a2ae3af787c1b40ee1aca33f/mc-687-big-Data.db:level=0, /var/lib/scylla/data/system_schema/columns-24101c25a2ae3af787c1b40ee1aca33f/mc-691-big-Data.db:level=0, /var/lib/scylla/data/system_schema/columns-24101c25a2ae3af787c1b40ee1aca33f/mc-683-big-Data.db:level=0, ]
2020-10-15T01:42:28.270945555Z  INFO  2020-10-15 01:42:28,269 [shard 3] compaction - Compacting [/var/lib/scylla/data/system_schema/indexes-0feb57ac311f382fba6d9024d305702f/mc-595-big-Data.db:level=0, /var/lib/scylla/data/system_schema/indexes-0feb57ac311f382fba6d9024d305702f/mc-591-big-Data.db:level=0, ]
2020-10-15T01:42:28.270957946Z  INFO  2020-10-15 01:42:28,270 [shard 3] compaction - Compacting [/var/lib/scylla/data/dt/source_data-6af6cd50d77b11ea9877000000000001/mc-727-big-Data.db:level=0, /var/lib/scylla/data/dt/source_data-6af6cd50d77b11ea9877000000000001/mc-723-big-Data.db:level=0, /var/lib/scylla/data/dt/source_data-6af6cd50d77b11ea9877000000000001/mc-719-big-Data.db:level=0, ]
2020-10-15T01:42:28.270969189Z  INFO  2020-10-15 01:42:28,270 [shard 3] compaction - Compacting [/var/lib/scylla/data/system_schema/scylla_tables-5d912ff1f7593665b2c88042ab5103dd/mc-539-big-Data.db:level=0, /var/lib/scylla/data/system_schema/scylla_tables-5d912ff1f7593665b2c88042ab5103dd/mc-535-big-Data.db:level=0, ]
2020-10-15T01:42:28.274683047Z  INFO  2020-10-15 01:42:28,274 [shard 0] init - initializing migration manager RPC verbs
2020-10-15T01:42:28.276127541Z  INFO  2020-10-15 01:42:28,275 [shard 0] init - initializing storage proxy RPC verbs
2020-10-15T01:42:28.277651308Z  INFO  2020-10-15 01:42:28,277 [shard 0] init - starting streaming service
2020-10-15T01:42:28.280617291Z  INFO  2020-10-15 01:42:28,280 [shard 0] init - starting hinted handoff manager
2020-10-15T01:42:30.368477029Z  WARN  2020-10-15 01:42:30,367 [shard 3] large_data - Writing a partition with too many rows [dt/source_data:d0a71d84-b80f-4558-beac-8887750652e3] (162258 rows)
2020-10-15T01:42:30.384188885Z  INFO  2020-10-15 01:42:30,383 [shard 0] init - starting messaging service
2020-10-15T01:42:30.384258821Z  INFO  2020-10-15 01:42:30,384 [shard 0] repair - Setting max_repair_memory=168820736, max_repair_memory_per_range=33554432, max_repair_ranges_in_parallel=5
2020-10-15T01:42:30.384672223Z  INFO  2020-10-15 01:42:30,384 [shard 0] init - starting storage service
2020-10-15T01:42:30.386004634Z  INFO  2020-10-15 01:42:30,385 [shard 0] storage_service - Loading persisted ring state
2020-10-15T01:42:30.389980851Z  INFO  2020-10-15 01:42:30,389 [shard 0] storage_service - loaded_peer_features: peer_features size=0
2020-10-15T01:42:30.390303776Z  INFO  2020-10-15 01:42:30,389 [shard 0] storage_service - Checking remote features skipped, since this node is a new seed node which knows nothing about the cluster
2020-10-15T01:42:30.391342969Z  INFO  2020-10-15 01:42:30,391 [shard 0] storage_service - Restarting a node in NORMAL status
2020-10-15T01:42:30.429730707Z  INFO  2020-10-15 01:42:30,429 [shard 0] database - Schema version changed to 3f00f995-6495-3765-8599-4e76a2f4c6b2
2020-10-15T01:42:30.430270647Z  INFO  2020-10-15 01:42:30,429 [shard 0] storage_service - Starting up server gossip
2020-10-15T01:42:30.816138412Z  INFO  2020-10-15 01:42:30,815 [shard 2] compaction - Compacted 3 sstables to []. 16430 bytes to 0 (~0% of original) in 0ms = 0.00MB/s. ~384 total partitions merged to 0.
2020-10-15T01:42:31.071152264Z  INFO  2020-10-15 01:42:31,069 [shard 1] compaction - Compacting [/var/lib/scylla/data/system/local-7ad54392bcdd35a684174e047860b377/mc-3729-big-Data.db:level=0, /var/lib/scylla/data/system/local-7ad54392bcdd35a684174e047860b377/mc-3733-big-Data.db:level=0, /var/lib/scylla/data/system/local-7ad54392bcdd35a684174e047860b377/mc-3737-big-Data.db:level=0, /var/lib/scylla/data/system/local-7ad54392bcdd35a684174e047860b377/mc-3725-big-Data.db:level=0, ]
2020-10-15T01:42:34.296709354Z  INFO  2020-10-15 01:42:34,296 [shard 1] compaction - Compacted 3 sstables to [/var/lib/scylla/data/system/compaction_history-b4dbb7b4dc493fb5b3bfce6e434832ca/mc-933-big-Data.db:level=0, ]. 270074 bytes to 97894 (~36% of original) in 2802ms = 0.03MB/s. ~384 total partitions merged to 68.
2020-10-15T01:42:34.324197919Z  INFO  2020-10-15 01:42:34,323 [shard 0] compaction - Compacted 3 sstables to [/var/lib/scylla/data/system/truncated-38c19fd0fb863310a4b70d0cc66628aa/mc-1748-big-Data.db:level=0, ]. 158419 bytes to 76909 (~48% of original) in 3581ms = 0.02MB/s. ~384 total partitions merged to 2.
2020-10-15T01:42:34.327016246Z  INFO  2020-10-15 01:42:34,325 [shard 0] compaction - Compacted 3 sstables to [/var/lib/scylla/data/system/compaction_history-b4dbb7b4dc493fb5b3bfce6e434832ca/mc-924-big-Data.db:level=0, ]. 233225 bytes to 97160 (~41% of original) in 3582ms = 0.03MB/s. ~384 total partitions merged to 76.
2020-10-15T01:42:34.636916008Z  INFO  2020-10-15 01:42:34,636 [shard 2] compaction - Compacting [/var/lib/scylla/data/system_schema/view_virtual_columns-08843b6345dc3be29798a0418295cfaa/mc-634-big-Data.db:level=0, /var/lib/scylla/data/system_schema/view_virtual_columns-08843b6345dc3be29798a0418295cfaa/mc-626-big-Data.db:level=0, /var/lib/scylla/data/system_schema/view_virtual_columns-08843b6345dc3be29798a0418295cfaa/mc-630-big-Data.db:level=0, ]
2020-10-15T01:42:34.638685884Z  INFO  2020-10-15 01:42:34,637 [shard 2] compaction - Compacting [/var/lib/scylla/data/system_schema/types-5a8b1ca866023f77a0459273d308917a/mc-514-big-Data.db:level=0, /var/lib/scylla/data/system_schema/types-5a8b1ca866023f77a0459273d308917a/mc-510-big-Data.db:level=0, ]
2020-10-15T01:42:34.638750768Z  INFO  2020-10-15 01:42:34,637 [shard 2] compaction - Compacting [/var/lib/scylla/data/system_schema/tables-afddfb9dbc1e30688056eed6c302ba09/mc-554-big-Data.db:level=0, /var/lib/scylla/data/system_schema/tables-afddfb9dbc1e30688056eed6c302ba09/mc-550-big-Data.db:level=0, ]
2020-10-15T01:42:34.639665865Z  INFO  2020-10-15 01:42:34,637 [shard 2] compaction - Compacting [/var/lib/scylla/data/system/truncated-38c19fd0fb863310a4b70d0cc66628aa/mc-1182-big-Data.db:level=0, /var/lib/scylla/data/system/truncated-38c19fd0fb863310a4b70d0cc66628aa/mc-1178-big-Data.db:level=0, /var/lib/scylla/data/system/truncated-38c19fd0fb863310a4b70d0cc66628aa/mc-1174-big-Data.db:level=0, ]
2020-10-15T01:42:34.705934602Z  INFO  2020-10-15 01:42:34,705 [shard 0] messaging_service - Starting Messaging Service on port 7000
2020-10-15T01:42:34.801392274Z  INFO  2020-10-15 01:42:34,800 [shard 3] compaction - Compacted 18 sstables to []. 266847 bytes to 0 (~0% of original) in 26ms = 0.00MB/s. ~2304 total partitions merged to 0.
2020-10-15T01:42:35.535390797Z  INFO  2020-10-15 01:42:35,534 [shard 1] compaction - Compacted 4 sstables to [/var/lib/scylla/data/system/local-7ad54392bcdd35a684174e047860b377/mc-3745-big-Data.db:level=0, ]. 31193 bytes to 12604 (~40% of original) in 4093ms = 0.00MB/s. ~512 total partitions merged to 1.
2020-10-15T01:42:35.536109005Z  INFO  2020-10-15 01:42:35,535 [shard 1] compaction - Compacting [/var/lib/scylla/data/system/local-7ad54392bcdd35a684174e047860b377/mc-3741-big-Data.db:level=0, /var/lib/scylla/data/system/local-7ad54392bcdd35a684174e047860b377/mc-3745-big-Data.db:level=0, ]
2020-10-15T01:42:36.064532064Z  INFO  2020-10-15 01:42:36,063 [shard 3] compaction - Compacting [/var/lib/scylla/data/system_schema/view_virtual_columns-08843b6345dc3be29798a0418295cfaa/mc-635-big-Data.db:level=0, /var/lib/scylla/data/system_schema/view_virtual_columns-08843b6345dc3be29798a0418295cfaa/mc-631-big-Data.db:level=0, /var/lib/scylla/data/system_schema/view_virtual_columns-08843b6345dc3be29798a0418295cfaa/mc-627-big-Data.db:level=0, ]
2020-10-15T01:42:36.065031585Z  INFO  2020-10-15 01:42:36,063 [shard 3] compaction - Compacting [/var/lib/scylla/data/system_schema/computed_columns-cc7c7069374033c192a4c3de78dbd2c4/mc-535-big-Data.db:level=0, /var/lib/scylla/data/system_schema/computed_columns-cc7c7069374033c192a4c3de78dbd2c4/mc-531-big-Data.db:level=0, ]
2020-10-15T01:42:36.066455666Z  INFO  2020-10-15 01:42:36,065 [shard 3] compaction - Compacting [/var/lib/scylla/data/system_schema/triggers-4df70b666b05325195a132b54005fd48/mc-611-big-Data.db:level=0, /var/lib/scylla/data/system_schema/triggers-4df70b666b05325195a132b54005fd48/mc-607-big-Data.db:level=0, /var/lib/scylla/data/system_schema/triggers-4df70b666b05325195a132b54005fd48/mc-603-big-Data.db:level=0, ]
2020-10-15T01:42:36.067922936Z  INFO  2020-10-15 01:42:36,067 [shard 3] compaction - Compacting [/var/lib/scylla/data/system_schema/tables-afddfb9dbc1e30688056eed6c302ba09/mc-559-big-Data.db:level=0, /var/lib/scylla/data/system_schema/tables-afddfb9dbc1e30688056eed6c302ba09/mc-555-big-Data.db:level=0, ]
2020-10-15T01:42:36.192080528Z  INFO  2020-10-15 01:42:36,191 [shard 2] compaction - Compacted 2 sstables to [/var/lib/scylla/data/system_schema/scylla_tables-5d912ff1f7593665b2c88042ab5103dd/mc-542-big-Data.db:level=0, ]. 11942 bytes to 6128 (~51% of original) in 6366ms = 0.00MB/s. ~256 total partitions merged to 1.
2020-10-15T01:42:36.192124555Z  INFO  2020-10-15 01:42:36,191 [shard 2] compaction - Compacted 2 sstables to [/var/lib/scylla/data/system_schema/indexes-0feb57ac311f382fba6d9024d305702f/mc-622-big-Data.db:level=0, ]. 11047 bytes to 5600 (~50% of original) in 6367ms = 0.00MB/s. ~256 total partitions merged to 1.
2020-10-15T01:42:36.192137758Z  INFO  2020-10-15 01:42:36,191 [shard 2] compaction - Compacted 3 sstables to [/var/lib/scylla/data/system_schema/dropped_columns-5e7583b5f3f43af19a39b7e1d6f5f11f/mc-694-big-Data.db:level=0, ]. 15984 bytes to 5643 (~35% of original) in 6367ms = 0.00MB/s. ~384 total partitions merged to 1.
2020-10-15T01:42:36.192563112Z  INFO  2020-10-15 01:42:36,191 [shard 2] compaction - Compacted 3 sstables to [/var/lib/scylla/data/system/compaction_history-b4dbb7b4dc493fb5b3bfce6e434832ca/mc-946-big-Data.db:level=0, ]. 180522 bytes to 101391 (~56% of original) in 6367ms = 0.02MB/s. ~384 total partitions merged to 78.
2020-10-15T01:42:36.192615388Z  INFO  2020-10-15 01:42:36,191 [shard 2] compaction - Compacted 3 sstables to [/var/lib/scylla/data/system_schema/keyspaces-abac5682dea631c5b535b3d6cffd0fb6/mc-666-big-Data.db:level=0, ]. 67315 bytes to 56727 (~84% of original) in 6369ms = 0.01MB/s. ~384 total partitions merged to 2.
2020-10-15T01:42:36.193103043Z  INFO  2020-10-15 01:42:36,192 [shard 2] compaction - Compacted 3 sstables to [/var/lib/scylla/data/system_schema/columns-24101c25a2ae3af787c1b40ee1aca33f/mc-698-big-Data.db:level=0, ]. 78709 bytes to 61719 (~78% of original) in 6369ms = 0.01MB/s. ~384 total partitions merged to 2.
2020-10-15T01:42:36.966991905Z  INFO  2020-10-15 01:42:36,965 [shard 1] compaction - Compacted 2 sstables to [/var/lib/scylla/data/system/local-7ad54392bcdd35a684174e047860b377/mc-3749-big-Data.db:level=0, ]. 18696 bytes to 12278 (~65% of original) in 1007ms = 0.01MB/s. ~256 total partitions merged to 1.
2020-10-15T01:42:37.180503481Z  INFO  2020-10-15 01:42:37,179 [shard 2] compaction - Compacting [/var/lib/scylla/data/system_schema/views-9786ac1cdd583201a7cdad556410c985/mc-486-big-Data.db:level=0, /var/lib/scylla/data/system_schema/views-9786ac1cdd583201a7cdad556410c985/mc-482-big-Data.db:level=0, ]
2020-10-15T01:42:37.181120483Z  INFO  2020-10-15 01:42:37,180 [shard 2] compaction - Compacting [/var/lib/scylla/data/system_schema/functions-96489b7980be3e14a70166a0b9159450/mc-622-big-Data.db:level=0, /var/lib/scylla/data/system_schema/functions-96489b7980be3e14a70166a0b9159450/mc-618-big-Data.db:level=0, /var/lib/scylla/data/system_schema/functions-96489b7980be3e14a70166a0b9159450/mc-614-big-Data.db:level=0, ]
2020-10-15T01:42:37.707360694Z  INFO  2020-10-15 01:42:37,706 [shard 3] compaction - Compacted 2 sstables to [/var/lib/scylla/data/system_schema/scylla_tables-5d912ff1f7593665b2c88042ab5103dd/mc-543-big-Data.db:level=0, ]. 12576 bytes to 6428 (~51% of original) in 7792ms = 0.00MB/s. ~256 total partitions merged to 1.
2020-10-15T01:42:37.707403499Z  INFO  2020-10-15 01:42:37,706 [shard 3] compaction - Compacted 2 sstables to [/var/lib/scylla/data/system_schema/indexes-0feb57ac311f382fba6d9024d305702f/mc-599-big-Data.db:level=0, ]. 17883 bytes to 12630 (~70% of original) in 7793ms = 0.00MB/s. ~256 total partitions merged to 2.
2020-10-15T01:42:37.707416269Z  INFO  2020-10-15 01:42:37,706 [shard 3] compaction - Compacted 3 sstables to [/var/lib/scylla/data/system_schema/dropped_columns-5e7583b5f3f43af19a39b7e1d6f5f11f/mc-695-big-Data.db:level=0, ]. 16423 bytes to 5794 (~35% of original) in 7795ms = 0.00MB/s. ~384 total partitions merged to 1.
2020-10-15T01:42:37.812387955Z  INFO  2020-10-15 01:42:37,811 [shard 3] compaction - Compacted 3 sstables to [/var/lib/scylla/data/system_schema/functions-96489b7980be3e14a70166a0b9159450/mc-631-big-Data.db:level=0, ]. 16891 bytes to 5945 (~35% of original) in 7795ms = 0.00MB/s. ~384 total partitions merged to 1.
2020-10-15T01:42:37.812419980Z  INFO  2020-10-15 01:42:37,811 [shard 3] compaction - Compacted 3 sstables to [/var/lib/scylla/data/dt/source_data-6af6cd50d77b11ea9877000000000001/mc-731-big-Data.db:level=0, ]. 13181056 bytes to 13089486 (~99% of original) in 7794ms = 1.60MB/s. ~384 total partitions merged to 1.
2020-10-15T01:42:37.842695523Z  INFO  2020-10-15 01:42:37,842 [shard 2] compaction - Compacted 3 sstables to [/var/lib/scylla/data/system/truncated-38c19fd0fb863310a4b70d0cc66628aa/mc-1186-big-Data.db:level=0, ]. 167628 bytes to 56247 (~33% of original) in 2542ms = 0.02MB/s. ~384 total partitions merged to 4.
2020-10-15T01:42:37.843666621Z  INFO  2020-10-15 01:42:37,843 [shard 3] compaction - Compacted 3 sstables to [/var/lib/scylla/data/system/compaction_history-b4dbb7b4dc493fb5b3bfce6e434832ca/mc-947-big-Data.db:level=0, ]. 285932 bytes to 101567 (~35% of original) in 7797ms = 0.01MB/s. ~384 total partitions merged to 58.
2020-10-15T01:42:37.843969740Z  INFO  2020-10-15 01:42:37,843 [shard 2] compaction - Compacted 2 sstables to [/var/lib/scylla/data/system_schema/types-5a8b1ca866023f77a0459273d308917a/mc-518-big-Data.db:level=0, ]. 11077 bytes to 5615 (~50% of original) in 2542ms = 0.00MB/s. ~256 total partitions merged to 1.
2020-10-15T01:42:37.844458389Z  INFO  2020-10-15 01:42:37,843 [shard 2] compaction - Compacted 2 sstables to [/var/lib/scylla/data/system_schema/tables-afddfb9dbc1e30688056eed6c302ba09/mc-558-big-Data.db:level=0, ]. 67704 bytes to 59779 (~88% of original) in 2544ms = 0.02MB/s. ~256 total partitions merged to 2.
2020-10-15T01:42:37.844864158Z  INFO  2020-10-15 01:42:37,844 [shard 3] compaction - Compacted 3 sstables to [/var/lib/scylla/data/system_schema/columns-24101c25a2ae3af787c1b40ee1aca33f/mc-695-big-Data.db:level=0, ]. 76182 bytes to 57516 (~75% of original) in 7797ms = 0.01MB/s. ~384 total partitions merged to 4.
2020-10-15T01:42:37.930740116Z  INFO  2020-10-15 01:42:37,929 [shard 2] compaction - Compacted 3 sstables to [/var/lib/scylla/data/system_schema/view_virtual_columns-08843b6345dc3be29798a0418295cfaa/mc-638-big-Data.db:level=0, ]. 16452 bytes to 5799 (~35% of original) in 2544ms = 0.00MB/s. ~384 total partitions merged to 1.
2020-10-15T01:42:38.529530427Z  INFO  2020-10-15 01:42:38,528 [shard 2] compaction - Compacting [/var/lib/scylla/data/system_schema/triggers-4df70b666b05325195a132b54005fd48/mc-610-big-Data.db:level=0, /var/lib/scylla/data/system_schema/triggers-4df70b666b05325195a132b54005fd48/mc-606-big-Data.db:level=0, /var/lib/scylla/data/system_schema/triggers-4df70b666b05325195a132b54005fd48/mc-602-big-Data.db:level=0, ]
2020-10-15T01:42:38.529580109Z  INFO  2020-10-15 01:42:38,529 [shard 2] compaction - Compacting [/var/lib/scylla/data/system_schema/aggregates-924c55872e3a345bb10c12f37c1ba895/mc-474-big-Data.db:level=0, /var/lib/scylla/data/system_schema/aggregates-924c55872e3a345bb10c12f37c1ba895/mc-470-big-Data.db:level=0, ]
2020-10-15T01:42:38.597494644Z  INFO  2020-10-15 01:42:38,596 [shard 3] compaction - Compacting [/var/lib/scylla/data/system/large_cells-ead8bbc5f1463ae19f710b11f9a1d296/mc-115-big-Data.db:level=0, /var/lib/scylla/data/system/large_cells-ead8bbc5f1463ae19f710b11f9a1d296/mc-107-big-Data.db:level=0, /var/lib/scylla/data/system/large_cells-ead8bbc5f1463ae19f710b11f9a1d296/mc-111-big-Data.db:level=0, ]
2020-10-15T01:42:38.598087069Z  INFO  2020-10-15 01:42:38,597 [shard 3] compaction - Compacting [/var/lib/scylla/data/system_schema/keyspaces-abac5682dea631c5b535b3d6cffd0fb6/mc-623-big-Data.db:level=0, /var/lib/scylla/data/system_schema/keyspaces-abac5682dea631c5b535b3d6cffd0fb6/mc-619-big-Data.db:level=0, ]
2020-10-15T01:42:38.599161079Z  INFO  2020-10-15 01:42:38,598 [shard 3] compaction - Compacting [/var/lib/scylla/data/system_schema/types-5a8b1ca866023f77a0459273d308917a/mc-511-big-Data.db:level=0, /var/lib/scylla/data/system_schema/types-5a8b1ca866023f77a0459273d308917a/mc-507-big-Data.db:level=0, ]
2020-10-15T01:42:39.374826215Z  INFO  2020-10-15 01:42:39,373 [shard 2] compaction - Compacted 2 sstables to [/var/lib/scylla/data/system_schema/views-9786ac1cdd583201a7cdad556410c985/mc-490-big-Data.db:level=0, ]. 13699 bytes to 7006 (~51% of original) in 1349ms = 0.00MB/s. ~256 total partitions merged to 1.
2020-10-15T01:42:39.375149992Z  INFO  2020-10-15 01:42:39,374 [shard 2] compaction - Compacted 3 sstables to [/var/lib/scylla/data/system_schema/functions-96489b7980be3e14a70166a0b9159450/mc-626-big-Data.db:level=0, ]. 16995 bytes to 5980 (~35% of original) in 1348ms = 0.00MB/s. ~384 total partitions merged to 1.
2020-10-15T01:42:39.664662144Z  INFO  2020-10-15 01:42:39,664 [shard 3] compaction - Compacted 3 sstables to []. 17053 bytes to 0 (~0% of original) in 0ms = 0.00MB/s. ~384 total partitions merged to 0.
2020-10-15T01:42:39.665259025Z  INFO  2020-10-15 01:42:39,664 [shard 3] compaction - Compacted 3 sstables to [/var/lib/scylla/data/system_schema/view_virtual_columns-08843b6345dc3be29798a0418295cfaa/mc-639-big-Data.db:level=0, ]. 23511 bytes to 12927 (~54% of original) in 2533ms = 0.00MB/s. ~384 total partitions merged to 2.
2020-10-15T01:42:39.665962616Z  INFO  2020-10-15 01:42:39,665 [shard 3] compaction - Compacted 3 sstables to [/var/lib/scylla/data/system_schema/triggers-4df70b666b05325195a132b54005fd48/mc-615-big-Data.db:level=0, ]. 16093 bytes to 5679 (~35% of original) in 2533ms = 0.00MB/s. ~384 total partitions merged to 1.
2020-10-15T01:42:39.666621464Z  INFO  2020-10-15 01:42:39,666 [shard 3] compaction - Compacted 2 sstables to [/var/lib/scylla/data/system_schema/tables-afddfb9dbc1e30688056eed6c302ba09/mc-563-big-Data.db:level=0, ]. 65494 bytes to 56355 (~86% of original) in 2531ms = 0.02MB/s. ~256 total partitions merged to 4.
2020-10-15T01:42:39.667373862Z  INFO  2020-10-15 01:42:39,666 [shard 3] compaction - Compacted 2 sstables to [/var/lib/scylla/data/system_schema/computed_columns-cc7c7069374033c192a4c3de78dbd2c4/mc-539-big-Data.db:level=0, ]. 17544 bytes to 12459 (~71% of original) in 2534ms = 0.00MB/s. ~256 total partitions merged to 2.
2020-10-15T01:42:39.968394689Z  INFO  2020-10-15 01:42:39,967 [shard 2] compaction - Compacting [/var/lib/scylla/data/system_schema/computed_columns-cc7c7069374033c192a4c3de78dbd2c4/mc-534-big-Data.db:level=0, /var/lib/scylla/data/system_schema/computed_columns-cc7c7069374033c192a4c3de78dbd2c4/mc-530-big-Data.db:level=0, ]
2020-10-15T01:42:40.268537011Z  INFO  2020-10-15 01:42:40,267 [shard 3] compaction - Compacting [/var/lib/scylla/data/system_schema/aggregates-924c55872e3a345bb10c12f37c1ba895/mc-471-big-Data.db:level=0, /var/lib/scylla/data/system_schema/aggregates-924c55872e3a345bb10c12f37c1ba895/mc-467-big-Data.db:level=0, ]
2020-10-15T01:42:40.268794688Z  INFO  2020-10-15 01:42:40,268 [shard 3] compaction - Compacting [/var/lib/scylla/data/system_schema/views-9786ac1cdd583201a7cdad556410c985/mc-483-big-Data.db:level=0, /var/lib/scylla/data/system_schema/views-9786ac1cdd583201a7cdad556410c985/mc-479-big-Data.db:level=0, ]
2020-10-15T01:42:40.739953445Z  INFO  2020-10-15 01:42:40,739 [shard 2] compaction - Compacted 3 sstables to [/var/lib/scylla/data/system_schema/triggers-4df70b666b05325195a132b54005fd48/mc-614-big-Data.db:level=0, ]. 16197 bytes to 5714 (~35% of original) in 1438ms = 0.00MB/s. ~384 total partitions merged to 1.
2020-10-15T01:42:40.740747094Z  INFO  2020-10-15 01:42:40,739 [shard 2] compaction - Compacted 2 sstables to [/var/lib/scylla/data/system_schema/aggregates-924c55872e3a345bb10c12f37c1ba895/mc-478-big-Data.db:level=0, ]. 11133 bytes to 5723 (~51% of original) in 1438ms = 0.00MB/s. ~256 total partitions merged to 1.
2020-10-15T01:42:40.995498460Z  INFO  2020-10-15 01:42:40,994 [shard 3] compaction - Compacted 2 sstables to [/var/lib/scylla/data/system_schema/types-5a8b1ca866023f77a0459273d308917a/mc-515-big-Data.db:level=0, ]. 10848 bytes to 5580 (~51% of original) in 1669ms = 0.00MB/s. ~256 total partitions merged to 1.
2020-10-15T01:42:40.995979844Z  INFO  2020-10-15 01:42:40,995 [shard 3] compaction - Compacted 2 sstables to [/var/lib/scylla/data/system_schema/keyspaces-abac5682dea631c5b535b3d6cffd0fb6/mc-627-big-Data.db:level=0, ]. 56455 bytes to 51193 (~90% of original) in 1671ms = 0.03MB/s. ~256 total partitions merged to 4.
2020-10-15T01:42:41.672576489Z  INFO  2020-10-15 01:42:41,671 [shard 2] compaction - Compacted 2 sstables to [/var/lib/scylla/data/system_schema/computed_columns-cc7c7069374033c192a4c3de78dbd2c4/mc-538-big-Data.db:level=0, ]. 10551 bytes to 5432 (~51% of original) in 1414ms = 0.00MB/s. ~256 total partitions merged to 1.
2020-10-15T01:42:41.675046542Z  INFO  2020-10-15 01:42:41,674 [shard 3] compaction - Compacting [/var/lib/scylla/data/system/large_rows-40550f66085839a09430f27fc08034e9/mc-35-big-Data.db:level=0, /var/lib/scylla/data/system/large_rows-40550f66085839a09430f27fc08034e9/mc-31-big-Data.db:level=0, ]
2020-10-15T01:42:41.675353755Z  INFO  2020-10-15 01:42:41,674 [shard 3] compaction - Compacting [/var/lib/scylla/data/system/truncated-38c19fd0fb863310a4b70d0cc66628aa/mc-991-big-Data.db:level=0, /var/lib/scylla/data/system/truncated-38c19fd0fb863310a4b70d0cc66628aa/mc-987-big-Data.db:level=0, /var/lib/scylla/data/system/truncated-38c19fd0fb863310a4b70d0cc66628aa/mc-983-big-Data.db:level=0, ]
2020-10-15T01:42:41.866489871Z  INFO  2020-10-15 01:42:41,865 [shard 3] compaction - Compacted 2 sstables to []. 11287 bytes to 0 (~0% of original) in 0ms = 0.00MB/s. ~256 total partitions merged to 0.
2020-10-15T01:42:41.866526240Z  INFO  2020-10-15 01:42:41,865 [shard 3] compaction - Compacted 2 sstables to [/var/lib/scylla/data/system_schema/aggregates-924c55872e3a345bb10c12f37c1ba895/mc-475-big-Data.db:level=0, ]. 11064 bytes to 5688 (~51% of original) in 1407ms = 0.00MB/s. ~256 total partitions merged to 1.
2020-10-15T01:42:41.866539031Z  INFO  2020-10-15 01:42:41,866 [shard 3] compaction - Compacted 2 sstables to [/var/lib/scylla/data/system_schema/views-9786ac1cdd583201a7cdad556410c985/mc-487-big-Data.db:level=0, ]. 21047 bytes to 14388 (~68% of original) in 1406ms = 0.01MB/s. ~256 total partitions merged to 2.
2020-10-15T01:42:42.261667003Z  INFO  2020-10-15 01:42:42,260 [shard 3] compaction - Compacted 3 sstables to [/var/lib/scylla/data/system/truncated-38c19fd0fb863310a4b70d0cc66628aa/mc-995-big-Data.db:level=0, ]. 188995 bytes to 63370 (~33% of original) in 498ms = 0.12MB/s. ~384 total partitions merged to 2.
2020-10-15T01:42:46.711061094Z  INFO  2020-10-15 01:42:46,710 [shard 0] gossip - No gossip backlog; proceeding
2020-10-15T01:42:46.713309207Z  INFO  2020-10-15 01:42:46,712 [shard 0] features - Feature COMPUTED_COLUMNS is enabled
2020-10-15T01:42:46.713392803Z  INFO  2020-10-15 01:42:46,712 [shard 0] features - Feature CORRECT_COUNTER_ORDER is enabled
2020-10-15T01:42:46.713415348Z  INFO  2020-10-15 01:42:46,712 [shard 0] features - Feature CORRECT_NON_COMPOUND_RANGE_TOMBSTONES is enabled
2020-10-15T01:42:46.713433561Z  INFO  2020-10-15 01:42:46,712 [shard 0] features - Feature CORRECT_STATIC_COMPACT_IN_MC is enabled
2020-10-15T01:42:46.713451602Z  INFO  2020-10-15 01:42:46,712 [shard 0] features - Feature COUNTERS is enabled
2020-10-15T01:42:46.713469226Z  INFO  2020-10-15 01:42:46,712 [shard 0] features - Feature DIGEST_INSENSITIVE_TO_EXPIRY is enabled
2020-10-15T01:42:46.713486730Z  INFO  2020-10-15 01:42:46,712 [shard 0] features - Feature DIGEST_MULTIPARTITION_READ is enabled
2020-10-15T01:42:46.713820629Z  INFO  2020-10-15 01:42:46,712 [shard 0] features - Feature HINTED_HANDOFF_SEPARATE_CONNECTION is enabled
2020-10-15T01:42:46.713867174Z  INFO  2020-10-15 01:42:46,712 [shard 0] features - Feature INDEXES is enabled
2020-10-15T01:42:46.713888501Z  INFO  2020-10-15 01:42:46,712 [shard 0] features - Feature LARGE_PARTITIONS is enabled
2020-10-15T01:42:46.713907619Z  INFO  2020-10-15 01:42:46,712 [shard 0] features - Feature LWT is enabled
2020-10-15T01:42:46.713925926Z  INFO  2020-10-15 01:42:46,712 [shard 0] features - Feature MATERIALIZED_VIEWS is enabled
2020-10-15T01:42:46.713944467Z  INFO  2020-10-15 01:42:46,712 [shard 0] features - Feature MC_SSTABLE_FORMAT is enabled
2020-10-15T01:42:46.713962817Z  INFO  2020-10-15 01:42:46,712 [shard 0] features - Feature NONFROZEN_UDTS is enabled
2020-10-15T01:42:46.714033079Z  INFO  2020-10-15 01:42:46,712 [shard 0] features - Feature PER_TABLE_PARTITIONERS is enabled
2020-10-15T01:42:46.714056289Z  INFO  2020-10-15 01:42:46,712 [shard 0] features - Feature RANGE_TOMBSTONES is enabled
2020-10-15T01:42:46.714074667Z  INFO  2020-10-15 01:42:46,713 [shard 0] features - Feature ROLES is enabled
2020-10-15T01:42:46.714139502Z  INFO  2020-10-15 01:42:46,713 [shard 0] features - Feature ROW_LEVEL_REPAIR is enabled
2020-10-15T01:42:46.714158316Z  INFO  2020-10-15 01:42:46,713 [shard 0] features - Feature SCHEMA_TABLES_V3 is enabled
2020-10-15T01:42:46.714187660Z  INFO  2020-10-15 01:42:46,713 [shard 0] features - Feature STREAM_WITH_RPC_STREAM is enabled
2020-10-15T01:42:46.714208120Z  INFO  2020-10-15 01:42:46,713 [shard 0] features - Feature TRUNCATION_TABLE is enabled
2020-10-15T01:42:46.714226935Z  INFO  2020-10-15 01:42:46,713 [shard 0] system_keyspace - Got cluster agreement on truncation table feature. Removing legacy records.
2020-10-15T01:42:46.714691975Z  INFO  2020-10-15 01:42:46,714 [shard 0] features - Feature UNBOUNDED_RANGE_TOMBSTONES is enabled
2020-10-15T01:42:46.714738750Z  INFO  2020-10-15 01:42:46,714 [shard 0] features - Feature VIEW_VIRTUAL_COLUMNS is enabled
2020-10-15T01:42:46.715151236Z  INFO  2020-10-15 01:42:46,714 [shard 0] features - Feature WRITE_FAILURE_REPLY is enabled
2020-10-15T01:42:46.715194093Z  INFO  2020-10-15 01:42:46,714 [shard 0] features - Feature XXHASH is enabled
2020-10-15T01:42:46.717070971Z  INFO  2020-10-15 01:42:46,716 [shard 0] system_keyspace - Legacy records deleted.
2020-10-15T01:42:46.718224389Z  INFO  2020-10-15 01:42:46,717 [shard 0] init - starting system distributed keyspace
2020-10-15T01:42:46.722141357Z  INFO  2020-10-15 01:42:46,721 [shard 0] storage_service - Using saved tokens {943448605036726745, 9061580907506437136, 8957018461898327244, 8813999419995718088, 8775859223532977932, 873311388414975666, 8707696313600310498, 8675978575875245837, 855031166620283245, 8476533345381470087, 8413544620893079714, 8382283044476755854, 7804258889026263620, 778239093056833917, 7732629563319678675, 7564694057214588647, 747840302865059114, 7255484784972643852, 700944770677405149, 7009081579420542256, 7354219953741161264, 6974970471767945112, 6788034976878782500, 667581605220131528, 6496091893897576732, 6478032244021912394, 6420907855788431922, 8777890816944145805, 6381418245203458391, 6358173612251239308, 6302443190184390149, 6115776390551923703, 5906838239532612246, 5890706123786165213, 588034934972968299, 5848278814186320030, 5834675951458569055, 5796254206948921528, -6441145814158460549, 7172238068082229918, -6238625478980828395, -6199824488038647909, -572473923349256348, -5526097868254533829, -5508289632699420366, -6338043935148530859, 4738411181964629022, -5411685484465544274, 5103660925946342563, -5360532551957069796, -5246840897237646542, -8953406550820932827, -511676141100664160, -4872163430844150374, 5153854518462400651, -4829128129506020031, 6818717460470417221, -4735496583611878200, -7913213531410876291, -8612347190400988175, 3361838207769500988, -4770694758141334815, 3533570692245755170, -3014142033706378490, -6648258355715071793, 105268539462240253, 6448269612184381105, 3941245744356891698, -4925670906471950289, -6853270293933441203, -431455211546220291, -4106310081010891923, -4280461110562472301, -4231054370802445643, 4453520694484038438, -5140544052953576706, -7341700934491837716, -4177024142024341044, -2365586676906010085, -4368295386640868227, -6779834804380741154, 7103497347382660592, -471701403720839764, -2187125227394891465, -1593748153114868683, 8325613099551670589, -6017078328443447975, 408961909545308462, -3256341547923989103, 1911454556365012923, -2135119982021577211, -6104126434670973331, -1614584707908969492, -5285270377043925775, 194223785007163967, 3556932048290112968, 4378909036113166689, -2319706609635128471, 782580883702972777, -3880555618453256762, -2879534723161185431, 7469085752185829039, -8001902308657073600, -1522914538603683793, 784130423392421222, -3409621329811667263, -5136236598692180863, -2640475812391264528, 3907413558358164712, -2166731983266837511, -8529251962487546573, -5228242602708342126, -6263078841153087564, -1295419475388780424, 5311755414232655734, -4113405879925637368, 2104079815049743807, -105211415949921556, -1004253484774030395, -6093280019772326743, -1363472444035739717, 7772390126184307669, 3373616921334842984, -3428624778218969630, -4475005699924690030, -1207620414022812792, -4203952547861361192, -4895652206680369668, 5569071124009844993, -2800260328053956713, 1033733984444816800, -1761718599052329021, -6249520955674807415, -6810383749951706976, -2391018463907211455, -3729138346528579520, -3942245253345029362, -1032698423218536378, 2233495137371904435, -1970747149103226319, 2531294222158762011, 4445989245037378795, -2648919406212884980, 800062458669145892, -6586482614645135705, -8855822008500182327, -2076430708060394350, -6127879535600466936, 5017042126534426855, -6767019288334108993, -6985294397658573838, -2605645373691895986, 2542018259596577135, -2699231837109027988, -9132047842757487932, 9066588519930559993, -4601858807243735115, 1470306277250886071, 1688077838521597411, -2700796200994103492, -5656441245782528349, 3822141065635310082, -4415280594152455372, -1709100826419756065, -2732234699235264563, -3101294897153501639, 6933997554702494562, -4541237399207364623, 1251119865371637993, -3280527161887251879, -4007868363884276055, -4134923634748466107, -5595342098352848506, 533209426647054698, 285540986842976874, -4193553788022177878, -7111183380354176443, 7880345233810794046, -7190282066974323895, -7232953798633244985, -7512330892235471280, -889434854029329118, 9122882257136270100, 3909145942678699742, 2870638580126821409, -2685359252619347507, 4540975434217357056, 1912522665107890116, -1474028219808469861, -7767361191227918078, -8495384334141326469, -8024675672634848221, -8352632933072691056, -1084614158625469139, -8372022353883945178, -1171738939209168407, -8485257529464526975, -8549013321787275289, -7405825010257289618, -8694753427154041557, -9173155356561330710, -3164480873853500968, 1172299952227812636, 1535311813904826318, 156312151312654313, 2050968450175517454, 1018091569669202328, 1574734081023094222, 214428871588027420, -5095673126210616552, 2431756818088451524, -1208769590907790735, 3022913469242457337, 2609254198811139442, 5396954320704971060, 284028081363756156, -184157634332906914, 2879924223908633556, 3014475854062098037, 8280511155447462154, 3058186759042775792, 3100842289958262644, -769344519844763244, 3287699046743316011, 7743526815996532326, -7148146405116016542, 352278596429886466, 3606629961194077343, 3840184102447470012, -4623422606623793434, 3924960423780627192, 4660022660859336370, 5401470720317959250, 3979649323160207298, 4037379789709069307, 790424663468033093, 5150907166433009570, 4083460330442256183, 4262233236239091105, 4461207940793579131, 7222389702734437292, 4497639963855891379, 5935809959838255935, 525652295242460822, -9210810031089136649, 3145063885579200582, 5102381975608989830, 5104799485589097680, -467985751191813914, 5122450296475986719, 5256736089695841171, 5341717901052361821, 5441044328235651423, 5661405961885371428, -6303682351633097607, 5704999654143823990}
2020-10-15T01:42:46.742838165Z  INFO  2020-10-15 01:42:46,742 [shard 0] database - Schema version changed to 0e03d198-385b-3f36-8c34-c3f5846bbbac
2020-10-15T01:42:46.760325782Z  INFO  2020-10-15 01:42:46,760 [shard 0] database - Schema version changed to 0e03d198-385b-3f36-8c34-c3f5846bbbac
2020-10-15T01:42:46.779255698Z  INFO  2020-10-15 01:42:46,778 [shard 0] database - Schema version changed to 0e03d198-385b-3f36-8c34-c3f5846bbbac
2020-10-15T01:42:47.376110732Z  INFO  2020-10-15 01:42:47,375 [shard 1] compaction - Compacting [/var/lib/scylla/data/system/local-7ad54392bcdd35a684174e047860b377/mc-3753-big-Data.db:level=0, /var/lib/scylla/data/system/local-7ad54392bcdd35a684174e047860b377/mc-3749-big-Data.db:level=0, ]
2020-10-15T01:42:47.383910894Z  INFO  2020-10-15 01:42:47,383 [shard 0] storage_service - Node 10.0.100.6 state jump to normal
2020-10-15T01:42:47.383940448Z  INFO  2020-10-15 01:42:47,383 [shard 0] storage_service - Remove node 10.0.100.6 from pending replacing endpoint
2020-10-15T01:42:48.316538383Z  INFO  2020-10-15 01:42:48,315 [shard 0] storage_service - NORMAL: node is now in normal status
2020-10-15T01:42:48.316594510Z  INFO  2020-10-15 01:42:48,315 [shard 0] cdc - No generation seen during startup.
2020-10-15T01:42:48.318403817Z  INFO  2020-10-15 01:42:48,317 [shard 0] init - starting tracing
2020-10-15T01:42:48.319298318Z  INFO  2020-10-15 01:42:48,318 [shard 0] storage_service - SSTable data integrity checker is disabled.
2020-10-15T01:42:48.320269745Z  INFO  2020-10-15 01:42:48,319 [shard 0] init - starting batchlog manager
2020-10-15T01:42:48.321165181Z  INFO  2020-10-15 01:42:48,320 [shard 0] init - starting load meter
2020-10-15T01:42:48.321207369Z  INFO  2020-10-15 01:42:48,320 [shard 0] init - starting cf cache hit rate calculator
2020-10-15T01:42:48.322044504Z  INFO  2020-10-15 01:42:48,321 [shard 0] init - starting view update backlog broker
2020-10-15T01:42:48.323196905Z  INFO  2020-10-15 01:42:48,322 [shard 0] init - Waiting for gossip to settle before accepting client requests...
2020-10-15T01:42:48.387968058Z  INFO  2020-10-15 01:42:48,387 [shard 1] compaction - Compacted 2 sstables to [/var/lib/scylla/data/system/local-7ad54392bcdd35a684174e047860b377/mc-3761-big-Data.db:level=0, ]. 18357 bytes to 12072 (~65% of original) in 911ms = 0.01MB/s. ~256 total partitions merged to 1.
2020-10-15T01:42:48.389231089Z  INFO  2020-10-15 01:42:48,388 [shard 1] compaction - Compacting [/var/lib/scylla/data/system/local-7ad54392bcdd35a684174e047860b377/mc-3757-big-Data.db:level=0, /var/lib/scylla/data/system/local-7ad54392bcdd35a684174e047860b377/mc-3761-big-Data.db:level=0, ]
2020-10-15T01:42:48.845772681Z  INFO  2020-10-15 01:42:48,844 [shard 1] compaction - Compacted 2 sstables to [/var/lib/scylla/data/system/local-7ad54392bcdd35a684174e047860b377/mc-3765-big-Data.db:level=0, ]. 18171 bytes to 12074 (~66% of original) in 372ms = 0.03MB/s. ~256 total partitions merged to 1.
2020-10-15T01:43:00.324012974Z  INFO  2020-10-15 01:43:00,323 [shard 0] gossip - No gossip backlog; proceeding
2020-10-15T01:43:00.324807626Z  INFO  2020-10-15 01:43:00,324 [shard 0] init - allow replaying hints
2020-10-15T01:43:00.325443764Z  INFO  2020-10-15 01:43:00,325 [shard 0] init - Launching generate_mv_updates for non system tables
2020-10-15T01:43:00.326122496Z  INFO  2020-10-15 01:43:00,325 [shard 0] init - starting the view builder
2020-10-15T01:43:00.661151413Z  INFO  2020-10-15 01:43:00,660 [shard 0] init - starting native transport
2020-10-15T01:43:00.661877268Z  INFO  2020-10-15 01:43:00,661 [shard 0] compaction - Compacting [/var/lib/scylla/data/system/truncated-38c19fd0fb863310a4b70d0cc66628aa/mc-1752-big-Data.db:level=0, /var/lib/scylla/data/system/truncated-38c19fd0fb863310a4b70d0cc66628aa/mc-1748-big-Data.db:level=0, ]
2020-10-15T01:43:00.664369061Z  INFO  2020-10-15 01:43:00,663 [shard 0] storage_service - Starting listening for CQL clients on 10.0.100.6:9042 (unencrypted)
2020-10-15T01:43:00.666695368Z  INFO  2020-10-15 01:43:00,666 [shard 0] storage_service - Thrift server listening on 10.0.100.6:9160 ...
2020-10-15T01:43:00.667993439Z  INFO  2020-10-15 01:43:00,667 [shard 0] init - serving
2020-10-15T01:43:00.668020776Z  INFO  2020-10-15 01:43:00,667 [shard 0] init - Scylla version 4.1.8-0.20201002.6c43a0dc29 initialization completed.
2020-10-15T01:43:01.127946854Z  INFO  2020-10-15 01:43:01,127 [shard 0] compaction - Compacted 2 sstables to [/var/lib/scylla/data/system/truncated-38c19fd0fb863310a4b70d0cc66628aa/mc-1756-big-Data.db:level=0, ]. 82142 bytes to 76744 (~93% of original) in 373ms = 0.20MB/s. ~256 total partitions merged to 2.
2020-10-15T01:44:22.343631044Z  INFO  2020-10-15 01:44:22,342 [shard 1] compaction - Compacting [/var/lib/scylla/data/system/clients-ca0f635d863036098d93a1fc06f2a5e5/mc-5-big-Data.db:level=0, /var/lib/scylla/data/system/clients-ca0f635d863036098d93a1fc06f2a5e5/mc-9-big-Data.db:level=0, ]
2020-10-15T01:44:22.934256322Z  INFO  2020-10-15 01:44:22,933 [shard 1] compaction - Compacted 2 sstables to [/var/lib/scylla/data/system/clients-ca0f635d863036098d93a1fc06f2a5e5/mc-13-big-Data.db:level=0, ]. 102904 bytes to 5996 (~5% of original) in 489ms = 0.01MB/s. ~256 total partitions merged to 1.
2020-10-15T01:44:42.634483625Z  INFO  2020-10-15 01:44:42,633 [shard 1] compaction - Compacting [/var/lib/scylla/data/system/clients-ca0f635d863036098d93a1fc06f2a5e5/mc-13-big-Data.db:level=0, /var/lib/scylla/data/system/clients-ca0f635d863036098d93a1fc06f2a5e5/mc-17-big-Data.db:level=0, ]
2020-10-15T01:44:43.098778880Z  INFO  2020-10-15 01:44:43,097 [shard 1] compaction - Compacted 2 sstables to [/var/lib/scylla/data/system/clients-ca0f635d863036098d93a1fc06f2a5e5/mc-21-big-Data.db:level=0, ]. 57578 bytes to 6332 (~10% of original) in 366ms = 0.02MB/s. ~256 total partitions merged to 1.
