2020-10-15T01:43:43.242369835Z 0 xIJxx4HTYRf4PsVJNRdOOWUDjs78dij8TwV2W1n4iiTR36GPHegIFwXBNfgikZ
2020-10-15T01:43:43.253922536Z 1 tNi8PpfvodA0rPN1ZsqNYbFOmKZRMnTjKe5bCIiCMVAKt9POtMQ1D7yOevFNKc
2020-10-15T01:43:43.265243021Z 2 IuyEl49GJu97j4F1BkXcsceB5QT264LlnDkZkvYslWNnrXB5Up96xQ3yc66vro
2020-10-15T01:43:43.276165534Z 3 P3rwBQlesQx14LVX10Or3byYyYsX7qi1kW5zojiJYvWSxBSviA30hMu2clwCLx
2020-10-15T01:43:43.287641272Z 4 lHMArWjrGhRDKjhA8VhgMwM0xAEoZ3vFN3VplFTaP7b8DYOamV5rlC820FExwm
2020-10-15T01:43:43.298959918Z 5 bMLMNwnv8aBh3kH2vofj0B39vRFYFiyficpOHUY4JGLpSaGkm8s4N6cQR3tZsr
2020-10-15T01:43:43.309555099Z 6 7tDiyB1VqHCcwGvcENAPjkIzZ7z7t0Uloy5Q39JefozgVKAXeXqbTtyKSpORNS
2020-10-15T01:43:43.320667669Z 7 FLyFvOA2PwJnzlVmQq9wI9eX1v8YxzW8ANmTMYriCZ7ZMQeZ6Itp7LTVzrvG5c
2020-10-15T01:43:43.332079818Z 8 6jePtHLIknH4yP6NQXoHHRuUdItg800DPYGBRwWt47PLnoj7IyylO3atbgrlMz
2020-10-15T01:43:43.343274336Z 9 wB4VitqfBtU3szOfHvCRpltb0uu5ZnAV5X0jBKaCTTjXRlusVcY94LvNFMhV64
2020-10-15T01:43:43.354607404Z 10 B40Gz5O8Ak8CgIfARYc7KEDWHqm8cL1vg7McqrqcrundrUaWDlB8QLlsRLumz
2020-10-15T01:43:43.365714813Z 11 DupUFyb1exSMP5pU5e0ZoV8c1ZPvELbnk9qdceZlnF6cjVGJpJ8psz9KEq9TS
2020-10-15T01:43:43.377040842Z 12 oA5BIK01RBsNMHUVlCyjCQ3aOpTyW2xg7tHUISOomttevJedB8CEZVGhN7fhN
2020-10-15T01:43:43.388237649Z 13 cOpl1MhyWmJGFTlxrlsoGttrEkJnrrP9S3medCL1qcREhxSEwU2VpEyybOgeb
2020-10-15T01:43:43.399503693Z 14 Dw6aeNhGnD9BNjfkZmObeeUqQNQRjK3aTO7ErrUZzumMU4SzHL9lcAa86PAT3
2020-10-15T01:43:43.410751656Z 15 UtWYZfxtZy5cceVQRazkBP8Fbz1TvBrkzEBWPUtRKvivMmTqoOxB8ntBJ7aGI
2020-10-15T01:43:43.421966512Z 16 Ybnrfo1Xfv7rrgJn8Ufn6dSdeiH1I4hiKiIVztIpUKmAJOqti4FMbxYbuc1FC
2020-10-15T01:43:43.433585060Z 17 b9bz4PEgstcDEnLm9aXGZ5hazal1GjqGXX7SP9lfrXfiUWD5G2eODA5JkYOV4
2020-10-15T01:43:43.444730630Z 18 hMySt4ztVpk4hQmKuRnMg1RGIOOLbPYidIwmRsAYR716CpVDdIlfSuqNBjbog
2020-10-15T01:43:43.456107619Z 19 WvqdiSGsKKakonoEbYNwC7tACflaRgHmJdgJsKzqy5vr5mzSKQbaTnzN4WXcC
2020-10-15T01:43:44.227880051Z 20 3gTxDBmSAb4MboDwjjcnuie7CDTMUzTyP8jEdhVHT1ZckusG78J9HaA46jCEx
2020-10-15T01:43:44.238716075Z 21 wHyU7ISddiTUOlnwHoOwKL8UzfHNE4rYGhfVyMy0X6Z19bNlgHv9Kx1frfePy
2020-10-15T01:43:44.249334449Z 22 TmlWnexgxBG0uySvLVLC9S39C3L5yawFh1uoEMjn7ZGGvn8p5poJDbYVbBdTA
2020-10-15T01:43:44.260723506Z 23 WahzN71qVCfMYD5dYQNvilAdGxfxwYcuHyOzUp7M77jR7BbWohjBowbK2wySY
2020-10-15T01:43:44.271443727Z 24 dgyry1DpFDuUovsHKgrSmB5irrZ1LPu3wUwC8p5jSBmsBKrwvguQNDG6ADfgS
2020-10-15T01:43:44.282324479Z 25 Q60j4kmWnJYPYLZgYg07R00nExLUjBtBCPGQ4sfcVmGWoI3ACGNfVy81xBCyz
2020-10-15T01:43:44.293920617Z 26 hTJX6MdxfwTV0bWDGfHPlUzTRq0zjUrNmYNjSmqGDGrR4R6H6PHDZk0aVfO0s
2020-10-15T01:43:44.304634660Z 27 1n7VLwaoyUoVWumHeVms1QYcfvYVfUAfKdxM7lQZxNih6GZGSV5YyZt8NEg8E
2020-10-15T01:43:44.316167205Z 28 1YA46BJ8KWMlXPoUBWvJ6z2CW7JhNEunRL1MSQTSJSn69wefXf8MOmUaORfdk
2020-10-15T01:43:44.328099370Z 29 1sp7IeDfBp82RA5U0AJ6CLgeqzr0yAys9mbzi0CI8lrIsMWAHosrGMEdpTW4L
2020-10-15T01:43:44.338510506Z 30 aH1J31FqfrPwVlqMt0TeAi0WOxtsaDfHc3uF1WyXCvejwChs9sLmgoMxkDVV3
2020-10-15T01:43:44.350054228Z 31 kpPGVCI8IZdyPIcrdfOmGsn3W4EnnzpHyDJ0EqwB1FrGvOnfssxv4rhHEojKJ
2020-10-15T01:43:44.361761741Z 32 38Sa2CZecW9N8ntV8coqDYR4B89ZCqjQc3pJrrMctcc7LRQftv18s6eS2XeNt
2020-10-15T01:43:44.372537730Z 33 tuRXxO1sieFByfhSnVmlgWus5eEixb9G7DvLlLbt56ASKuOTxT9I0lFJoMyy4
2020-10-15T01:43:44.384224799Z 34 KqcK3bbB04zDNTTPDLz67osMbd1PvTcmwWNlNCL6d8U1WcyDqP6IiVS9AkOBT
2020-10-15T01:43:44.396164162Z 35 61joLSZETn4YK7C8FjozEhbjqQOLuRVm4RxX5j3VTZBlxCBzI3j4VrEh6xDkr
2020-10-15T01:43:44.407778286Z 36 8Px3OonprPRkjMuCQ0seEz6dFv2vapV8o4P3glaXvtCECnQRJzm6FHyJfKmhK
2020-10-15T01:43:44.418377527Z 37 dtQZ2Kd8eTglaJoVMsT8S6fKeLaeHOTSNX47qPTHfkIFvV6HA3ZTCIKxX1v3M
2020-10-15T01:43:44.430110105Z 38 kKtngsOWkdr9c9hbs0tgrj8yU1A6ZXG4lnZl2CI6WQR3rsgEUDqQOiu7ixLDB
2020-10-15T01:43:44.441903194Z 39 7bIaak3eD1u5KrOMouNhOBQ7CAj5cqQ27Jn6hFa3mRDJvzEKCnflHpMAHeFwY
2020-10-15T01:43:44.452678577Z 40 Fzo1sCkIDT1R86iY7PgFmBKEFFfDPRiUMZp8YHB1hmVA7zdcc726Ppqn70PZd
2020-10-15T01:43:44.463393790Z 41 5IYzCVXFaDcYVhLqq8pL7Tpt7CzDHreH00XQ3GtSBuyJsihgkDjy7M4Nwjjpo
2020-10-15T01:43:44.475224465Z 42 C2rqTvwkQJVXgkFHMIeYXGGfPK3x5pp6VGhdYmRLGOQbxOQ0JW5Y3qsnUUJp6
2020-10-15T01:43:44.487058529Z 43 Jw0F2QgKfvFr42WyY0ebAF2OLxatvXZJsXCAd71qDr0tgVpPMLmt8fT6CU9NM
2020-10-15T01:43:44.498128040Z 44 Bx2FXSsxw457X0sctCdf7hn8vMRS7No2W6sNe5foLxP843yavF0bpUqbSnjpT
2020-10-15T01:43:44.509222175Z 45 PGLtjm38HC7KRGfFZwEJmBGDdRsoZMbPiNjpS7KmODrLEdO9cjtavG03hpuz1
2020-10-15T01:43:44.521099214Z 46 B5K54krMpd9lFYVMBEdV6y4gbNNN5As3wKOr0EHX2dnJuP6obe1808ceB7ZRI
2020-10-15T01:43:44.532909075Z 47 M2lit3UGjlqaX3J3oatdwDlHEAs8gmWYvXp4dKUCQ9RmWjYOUTUu1zzlFrqem
2020-10-15T01:43:44.545442082Z 48 13ElidbvoMzZ0ICD5P3qJ8lEZ0mcSOJvaBiRdjgkNYi3DrFwjilzacwdw4ijK
2020-10-15T01:43:44.557157528Z 49 aUqWWPVm5i84tAd5T4EqdTiqda6PlAiIDpdjQ5patWpLpmlQ9y7aXAs88U5VK
2020-10-15T01:43:44.568852478Z 50 RFVlve7COXoehTF7M8GRpkgdSMMYU1782Ga1NXfr3VXSjuAUgci8A9TZa2oJS
2020-10-15T01:43:44.579425680Z 51 9UP3ZaUTBxkyUkbgJgMltH1XjbjcAr8iIJU2kaH8piRfsZKwWb10SFbCvzXtz
2020-10-15T01:43:44.591325775Z 52 OTQgmG4TDw4jDmdegNTAemHOrSy8rkeNWwN2w9NkoSS8Ii9rujx0VR5Ed1HHU
2020-10-15T01:43:44.603063060Z 53 b1k21paZ3qOud0M8TwBdYbHyUl0feF21v4XPPUebb8cF2ZZQoOmq2dWHvcZEz
2020-10-15T01:43:44.613908888Z 54 PYmyfTREc8Ah87VBPCGOUd3mTWPTXPUNWb25KRBZr01iUlxSqdUeTwS73y4G6
2020-10-15T01:43:44.624599164Z 55 BsmDoclQ2t86kcKgTZOBJlqFg95btUvL0VupyalDOW00azRewmsndFdQCZs4B
2020-10-15T01:43:44.635497457Z 56 ez3JAzBdFz91TScU0g8S6Bc9yYhMHsriJiA8NlvMDSdV0RK1xjHgym5sYY50l
2020-10-15T01:43:44.646450646Z 57 wbtldf8WvWCLgg3RqHGVltbhPoarkldbcWuY33X5f9UJW2iqcw9I3vHP97tzl
2020-10-15T01:43:44.658169719Z 58 YKFiwCFV8ijFXoRFEsG5rFWU9TFev2r8NexqruIs6BsQFZx54DNoh9aveCLq9
2020-10-15T01:43:44.670121134Z 59 XzxPWKoHrr0XT6NPgqDlOSRKOatp6BsYZCXimUQZEpCDEJKl783Ll2qMeMO0e
2020-10-15T01:43:44.681840820Z 60 jkbLVUqfsIRllkW2tRNmPKBxvgOM5kyrtDib7EAoNXwVrSqYS2td5L4wPHpXm
2020-10-15T01:43:44.692525713Z 61 JfhZubpWe1rK6cPygfx8jjLVESoRz7KRUbgmVqb8B6FLOutb9sJBflEqyvbld
2020-10-15T01:43:44.703630186Z 62 Dy3PaAa2JbFsrPamsJlVcO3fyLvmLoTUgjee93fGN7LQhHSxW4vp5Uzf2ROPr
2020-10-15T01:43:44.714524729Z 63 pZM8mrQRswj86QRtbcBSF4TcZU3EbPArvcb1MCJUqhalkNM6xdNwM5kZfrE5K
2020-10-15T01:43:44.725478200Z 64 LgX9P3u0oYy2gYo147jD9h7xWL72Aj4SJMgHt1g21z3ViNMRnB4RV8zKDKIoR
2020-10-15T01:43:44.736783686Z 65 KObIznBTDZOwgDL4iuZjW6vufkZ8cgOa4GqTTHCg76ZW83oArZufucxsiAvn8
2020-10-15T01:43:44.748375963Z 66 PUGjGUaQhCDvSSGMuv7FQKHio8CQ17nAz7LYG59gn30ddfgCIkFS1PBXc0ENl
2020-10-15T01:43:44.759146511Z 67 5bZxHWHV2WpQwIM80gOcD4mlbRcwvz852bUOKR7kNLYTzXP8yALJJnyvPzuBT
2020-10-15T01:43:44.770134940Z 68 T98Q0l6yZFdPXbLoI3Lj5Djs41EDGGCWyuAQwo2bmhwxcAEeGNgMDNHKryS8j
2020-10-15T01:43:44.782066075Z 69 SaDPLo022iH77TppIviymi7jtOvnWZMu9J2HuUeTZJPRnEfTuQ1oqKH7rWCAk
2020-10-15T01:43:44.794314123Z 70 SldJXpCGjCtgI6jGahJJ769UCZFCPSKPQaqx1zITqSxUdXkzRq9ckCHKK9AQ8
2020-10-15T01:43:44.805900516Z 71 mlf820BhMKAQCBolbM5xdrgmMC9on9zBYsGEHNps2nCbzGVYaZX7HE68ogJh9
2020-10-15T01:43:44.816777148Z 72 8D6B2mrOVX3WhhEO1EOjlrQHs0gfQd9oAUByEQ8QD9zJrvSK3LAbR3HJBxE9t
2020-10-15T01:43:44.827534154Z 73 AJGboJbUdqA7eiWXqLjXzR0QwSPTedabaySjadYPnC7qZn4oc9WTDH5GLd9xp
2020-10-15T01:43:44.839088093Z 74 Ckv9oudSnVDmjnlYMCqs2GXsTeP8QBFQrsjyD0AJynntMJO8BJQGzyK0p85fh
2020-10-15T01:43:44.850738924Z 75 6y6e6aa7hlFkRl8MzyohcgKyOuFV22WMdwl7teU6DeaIXJMLufoKEy5LxKKmx
2020-10-15T01:43:44.862317545Z 76 DaUuKfZ7rGPnKTn4D8lQ78vYrL8kfoyzGnAbdRT0rba7ymO0ogTmD8UF4hbvO
2020-10-15T01:43:44.874143515Z 77 wEUF31BXBVbv3SgGLX0B07YaeAREbuNBh3x7qBRAl4FZjLysBRizwUSWtDYx5
2020-10-15T01:43:44.885915173Z 78 aarpa5nWpKUN6Y2rlW6xNmSpLSYRDq6Vdpe9SlHgyr4wtcyysFo5Not8qZgJF
2020-10-15T01:43:44.896332511Z 79 3cjQz9UVKRWLk3H5aCunD1nV1KF8rDLjz99YVnOdjBl6Y9KgZgxQYdRyn8MAp
2020-10-15T01:43:44.908337925Z 80 qv9KEycsu6fM4XoSIum0otpP407uYUuCNHOUXCgDvpKnbQR69SWkJIGs7cijt
2020-10-15T01:43:44.920126447Z 81 vG0wHTPmbYpWkpnCaFcB3ucnTJXEuCLxU4bo1jEZHQRKou7qjv5nYJdSn17Wy
2020-10-15T01:43:44.931962438Z 82 jXnSapiY2OeUl9CubVj9dDm3gxI0Z5HUWiWSK8Qn85QKL4RNdu6POa0Rl7EpG
2020-10-15T01:43:44.942632038Z 83 MzH2UObOfJX9IsKz0BWG2EcP8eb0IBVl9Ox5RaR3Tn6QKAtX8LqFwRdNBOQE6
2020-10-15T01:43:44.953764075Z 84 KFYnHvnu0Uf7Ay4LlbvS2Bvbq0W9ttgmgCkoQVw8hXDMOuo32p4WHlYg6jBYh
2020-10-15T01:43:44.964438760Z 85 DfgX748y6hEy8Qm7aLt81DGVe0Mdgp9eaCsEiaY7ZnuptYmGAbbXK2rata5SS
2020-10-15T01:43:44.976183290Z 86 njQP1EMnoIMofMWm6LeTDYuv02C395SyOpVsUr8WoEj7uyCitb68MGh3gcLNX
2020-10-15T01:43:44.987696474Z 87 Pyln9wI89siTUrLPZW0aI22fH5QQY3MQ7UbqzBSyMbP7C4EPY7e5leKvql0jS
2020-10-15T01:43:44.999638683Z 88 HYvUxSYyiJnmHUTqkMYBLNw7f0Dk0CRqnjOENtfeqUCZzALmzdCaqBiW2zL5M
2020-10-15T01:43:45.010126612Z 89 egAvOaBVrrUtlMpbqrF7y4zJhFc5KawW3zrTKRaQWAl9kQJ8Dw06bqhBg6WGR
2020-10-15T01:43:45.021831395Z 90 K6gtc26pT8qfyoHZ9smtwQYMOeEVjSJKaL9CCL46kyVzcheHQCjRdWNEWTRRx
2020-10-15T01:43:45.032444798Z 91 YNsTfN6qjVHHeLl7kFB7stYTjXR084XcP2gMJuj7ZhVkunuDIJKaVocPh4whm
2020-10-15T01:43:45.044002240Z 92 LsofexmLISDhBCVt9x86vKJj61gSOLQ4MEQIO66vXmQJZDPg1s4RrsvphokJL
2020-10-15T01:43:45.054426559Z 93 Ay2yApiGmKHs6gTKYIqFuPVyXPiv9DkgNv9CuzncrOemy8gkOp77dZOZWVEAM
2020-10-15T01:43:45.066305178Z 94 NR3R3TURRBbc6zjKY8sDJUZYhDvJzrPl8ijWkjzoEBQE0f0dkieutFtlGMmza
2020-10-15T01:43:45.078019417Z 95 Gmf8nthPy0fkJQsC7mE2SB9iITsYWVqpmlRTUMx7MlEMqvswtXXb1LVKiHx82
2020-10-15T01:43:45.089625227Z 96 X6SzQWvVbI533KmBQg7yZg7x6Elyg66m6vofw7kOnHL5p8QmBi9SYgmC8knUp
2020-10-15T01:43:45.100475421Z 97 GATje3xXwoihgTYMTZ0eLxSjDbj63buSleSsYZe5WvJThuHCnDT4qjbkXfe0A
2020-10-15T01:43:45.112137631Z 98 ky1bA0K4OqVqwjdE6hcpsrKY6DbO9RjB1wiaqLrOhYOMUpxdLrp5GKKurcl2P
2020-10-15T01:43:45.123859226Z 99 jfmQxJyO6UVy5sftVdPVoCOMw9Wmloq61rRVO6lPtafP8yskfV4FwC7Hv5lWi
2020-10-15T01:43:45.134284159Z 100 xqJKicWht4XGCxgrtnpivrZ2C0KEgIVjQvWru4ocb0XC8REzfhRllXjefROU
2020-10-15T01:43:45.146076816Z 101 FXlw252I8nlsjMoHgVPMYl7q5F1QEdQp4PhR1NJNxakd3anUpGfpPZ4oQtD5
2020-10-15T01:43:45.157400766Z 102 w0R2SGHSkeLAUp4DqEcujrFrHmR8DWVJK1OYgbYj7C29800aquNCN9vVHvYM
2020-10-15T01:43:45.169134388Z 103 y1HnmvVVXHWQilFp41lnlbczU68NzTuvvUpC3kS96rs3Ix9QrvdDd2Zw6Nso
2020-10-15T01:43:45.180330460Z 104 181XvfigNQG1Dv57H77n6kmbZ8sHLlno25sTR2z2bGDuqNxc71JpIruervyk
2020-10-15T01:43:45.192161949Z 105 eaYCSuxUs7O10cTpVN4B3d1FUXy6kYULhv6O43I7KPMA1XYAqaX4sCdGDW6k
2020-10-15T01:43:45.203249235Z 106 5BhC0ygRg47YD18TQ6DG12nu59FgmFo9Zho0KGT16fHExHUaT0EKCstk2QZn
2020-10-15T01:43:45.214251743Z 107 cpbZhVDEreJjB6W6121CHT8Y85RMwECU2kicIvfzKmHLDd68785ztc2H3zgj
2020-10-15T01:43:45.225924687Z 108 wcMLhoHtjKnGMdwbtFFWk2GEm2dGAv39BEZSfxiMw4oSBxMtH7manYDRP5J7
2020-10-15T01:43:45.236650532Z 109 RnZ5TxuvRyUxhXRb9fJaE2i7LMngRVKmnevV6jDgGaRdN1Zp5ow08wR4L1MZ
2020-10-15T01:43:45.247448559Z 110 TYQ3c5t0OnJGcVw3xdJVK4tiDfzX8e91bY7BU3spwyMOHoZmHHG58jERMS5s
2020-10-15T01:43:45.259190696Z 111 DxZw6uMrcA7qk1TY1ugeNawDloR1b3iz7ilZBAZ5W2qVnYhn2tn5lNKqFj43
2020-10-15T01:43:45.270681746Z 112 Jyevx264kojD5tvMswDtBAwqj4nror8PdQkMVFzvuVsKvjIOG2OMEgMwgPXN
2020-10-15T01:43:45.281528162Z 113 JOtVR1Vw6uEyTdo1FF0zEfOxDkTilpXEBP912oOjewGvlZiupVREkR7uPFpS
2020-10-15T01:43:45.292434392Z 114 991Z58JjG2NPDkcAHwyGx5lTSRVarulaZX6jia4sfGPT6LF0BMj7L0qNXCmN
2020-10-15T01:43:45.304075973Z 115 Kq6NuPbMw54fEDrgenZ6JXXLLj2YG7e3BkDCx5b4vJZXw7xD1K5IW9wiLjn8
2020-10-15T01:43:45.315519939Z 116 ZQdxIdYUncvR3KTuonDihqBnaj5r6yS67gzbJREWGwVrmVp4cgvYsdYY7UBx
2020-10-15T01:43:45.326094511Z 117 fbwt4RaeiR8oZSAgmXVTSJ7FFYqQpPU0EncZRQea4JaTz7DQUWjM3Ca4Gmc7
2020-10-15T01:43:45.337702061Z 118 PtCigGOZk3i6FM3fWpe1yBWXPJ9qs2jJ76bScfb8HcyRu7YhgM2g6O1mRLHg
2020-10-15T01:43:45.348802639Z 119 O7zwH6KGGTXW71hE8RyG1TGeSz1lAh6Z6Yp5TVc1tERyMQ7UvBQfUXM60Aqb
2020-10-15T01:43:45.359740090Z 120 EEPJjExIC78aymUtAhvbCPEe4nAoFW35K5vVYmqKFxfaWPZWYuvp7BomXr5v
2020-10-15T01:43:45.371220881Z 121 nmh0WWPJ55c8X4LalPJvOF4mWOow28OOipXWUayMSAfS3tyHXjjbgBlAwwh1
2020-10-15T01:43:45.383013710Z 122 KCfBR252bi51TxFE53pgcws7VvSik6BEcOmIIXMbLRyd8xlgcuMNiTXY4LZE
2020-10-15T01:43:45.394767462Z 123 f8Yx4EiQnCdhY3cTwCcH3j7RjSixBnVh6Eq09liuZeFVfWZEIkrf9MFtay6e
2020-10-15T01:43:45.406737776Z 124 EzbagzkX1jrqoTKiXpwqBpNilpgT5E4PRDR6MVm02xh8cZH2LsuYgtGOtURO
2020-10-15T01:43:45.417806583Z 125 89VmJJcPHrK5PlErvr9uWPuioRvDhRsQpE1r9brOIzXpsq5frxtAKe9gI6w1
2020-10-15T01:43:45.428559470Z 126 sOHZGLOLw9UJNCBF7IT6EsBcKGVrTwrMG2whcgaLN386inUnhk4X2oGUgRqq
2020-10-15T01:43:45.439350265Z 127 5E6TuzHiMN7xhx9T1VBKcDBiQffPwPiCV4T9kS9Z5d13mFVOEJojVqVtF9h5
2020-10-15T01:43:45.451083228Z 128 HKHnrBHbarK8ekv1AQZaKtlpKYki8Q1f1rxeI2WHeGfLaHgnMJRVUV0v4mjH
2020-10-15T01:43:45.462010762Z 129 B3CONsyCv7og0ROzl12onpAn016ndiGEeQw1z2hpsS0w5Ft5IOpIx1HsO4Hj
2020-10-15T01:43:45.473671600Z 130 qHGEQcmISCAlmeEgwr2Dsmr274GsScrMqXHVCSfV8neRGLy9NudVzGlvSwQE
2020-10-15T01:43:45.484701684Z 131 rdec0RQPJGDGS0pKH5L0moxIeSe6XDzgCU5ET1TTA4rNPXL6ozlhZkRRdFFw
2020-10-15T01:43:45.495261750Z 132 Ip7j2m8YANcYcGrWJTSenEjMgwiZa1GUEMvpi7iek3utH9F4euDhDfTOtW0H
2020-10-15T01:43:45.507248104Z 133 PkjPUJNMyT8Zc0e77wgZGnzFCf4omslkadqBOmpdeQB5J12AicEf1baE2IOK
2020-10-15T01:43:45.518959146Z 134 Vx5OpnI61ipPoa8GgbI07ix3SFjOjPjVIKUIq9rrOE9gtJAxVVBlvf3dmV4j
2020-10-15T01:43:45.529946308Z 135 nbATr3kzNgnmq0Brzpx79ZmOTnoj9tl9BQiSP9mMFGJydwDQlfKH3R8XmhGQ
2020-10-15T01:43:45.540837874Z 136 27hlZNxnhylXMmjaTwnFeG53Lf2PrO3AB6oH2fofXNKtgwMSqO0O0epHSAGu
2020-10-15T01:43:45.551184400Z 137 1iP9OR1Ib67Ukn35Kffxacrjhxjoarhjj6TqZTAzSI8ozA6DaXjHROYMlzoa
2020-10-15T01:43:45.562774125Z 138 iscYakhGUPi5v7nOgpymBOM9s8ACLcNfoP0zasx39XnhhwAeugWBvbozflP8
2020-10-15T01:43:45.573458466Z 139 beuakNWhvMkKkqSN0mtfSOhN9krHKKWu78RaFbVuR3p0MVya2hKd9rAGpV27
2020-10-15T01:43:45.585191335Z 140 FlWoBRSXGM3cBNfpF9sLbjusqw50DFUOhXqPOj2lRSYaSJ8HDmJazZClXtIT
2020-10-15T01:43:45.596696891Z 141 9a2dsUydtZtECBivQdStZHZjUg1KFTH5yillY9VH9kpzdjfEuWjdZjbqZoYm
2020-10-15T01:43:45.607272428Z 142 L1JxgClV0uXwQJch0NzNh75p782vDg9IhntZHeDjKTm4PQaY0SlWcgdiZEH5
2020-10-15T01:43:45.618919790Z 143 5SeEhUKwWqlTl22KfpZTm064pNwa3c1qVMSEcLfXiOlgsZgmN0Q2wn1kpZTG
2020-10-15T01:43:45.629523881Z 144 CC5LSjUImlrfQ1uranzMJjwYmSDYJJeD1aUmZaUasIxPHNqBo1q6Xf6DYzUL
2020-10-15T01:43:45.641251775Z 145 nCpvwAE8hwSVyY9FseTBFcOLTPs35AhD1JmQ2xQF0i1B34P2PsXKiIbDnh6h
2020-10-15T01:43:45.652931173Z 146 eCwhEyFI51rKXRtCnjTBWoxCgLx8f74tBmmkMJYKQwp4McZQYa12swGPq6we
2020-10-15T01:43:45.663137880Z 147 G6blk1XL0S9Y7ta2y7PCvklTjtEl0eXpr3nPRphbwI4k7pQknUuNUf1jRnT1
2020-10-15T01:43:45.674293569Z 148 JiOcMjfgVL76WyXf1Pr9GHOmmBIfkCo9w4XNrZs1dTCanwnQ3JXsM6sboYGo
2020-10-15T01:43:45.685847047Z 149 5laMkn6nKITzk18YYboQTJykJWtS6wbFH2pl9snyo5khCQPb2UeQToUAMvMG
2020-10-15T01:43:45.696596291Z 150 yf2obzz6TNcWaEDyPaEGtOoEdul5p00XezV2kQPSRtMMVvemRPtn3uIyggwG
2020-10-15T01:43:45.708341502Z 151 hrlsXhfFTyg2YI4K4lMAEF8lCqaGRSPhqiVkU0KuDXePWxaAn3xquqilLL7J
2020-10-15T01:43:45.720075837Z 152 sfCJLrWeJ5xA1Qso7R5fbXsD3xzgyhj8hyier4WXAl6UwpHf3UVhEb7lj7MS
2020-10-15T01:43:45.731532510Z 153 T6kfvhglKGb6wnDrkovG1WsVaOOMXo99vvt7WUnrl3PQ6CXMTKTvKjiOkMv5
2020-10-15T01:43:45.743185468Z 154 Qqr5cL9Quje2nk5eJmEXopYYUJVbn6TMSbQXuWaJOvcKu31J5KLZ6fR4mRCN
2020-10-15T01:43:45.754950048Z 155 DtlXTJb8ec5FtS5XWGjJChiO6Jbh7B5yCNn7QXfPHeVkA1O0a4b1s6D6qAJy
2020-10-15T01:43:45.765384493Z 156 KsAg6TIieRxZwKo116MogzPWje6PcguzN8wRqs6cK0JpG2VXerhiHjFin4Fa
2020-10-15T01:43:45.777371460Z 157 C8mZMkQMTh2huVzkjlDv6rMnfbY45X2JZkGhqLlzeZqiqUMfvP76vXR8kC1J
2020-10-15T01:43:45.789841245Z 158 U9yMsFpoS34zvJ4M1wV1HKMUamX28NuM4E3dMbS2GVye6xjQzpB3BdYawIoL
2020-10-15T01:43:45.801659303Z 159 2gqChRgRoTVytYDT7TFxZqDCQQAXZSOGpEgYnTEbNemWa5tUcndXAPTVLxzq
2020-10-15T01:43:45.812053900Z 160 aFilu2sYqzqvKoMybeCurj2CoG9GLshdh7w1gKw0eKWG8MZVw2HMjVzlrONp
2020-10-15T01:43:45.823768251Z 161 D47ZDdiCed3gKdZcTaYQENLTTzohb5ih41iI0ywdbIRGKiDlnCFir399uuNk
2020-10-15T01:43:45.836023425Z 162 0IYuQK2fIip00Qejxlw2Fyn7VatEos4tjOgSBZHvHwN657bkak3hH2EHJFTM
2020-10-15T01:43:45.847700755Z 163 9Ck2gXazPUY6WjzOG0DFkCy6lQGoRp9i5wImt6xfdPqgEH4cha6lPG8F9pPe
2020-10-15T01:43:45.859247639Z 164 lGKkcyOwh4DvDnJJ6xYT9nSIxA45rOgXwytkZtLfSXXhGx2Ot64yz0CAellf
2020-10-15T01:43:45.870681826Z 165 07Uq99Q6wuHUvrDtyonRIRzwN0Zooq2m7maw0D60OSaJ69TF8JzlcLWqvNA6
2020-10-15T01:43:45.881731555Z 166 auawNKLkfesmxHvSk5dSxTkvFzagS8nn2YpUJCV3Bamn8UrIubpyhesgdxH6
2020-10-15T01:43:45.892239125Z 167 afoMeVzmZgGNLFCWF5BlcTmyRqYMs0XAPIa5yGEA5eWOAFe3duHg5vYiHcpU
2020-10-15T01:43:45.904055183Z 168 55cnpG6hU1Fpa8ea03xspFBbtihJrcHi8Xyplc3ULXopf1Y0EvPeXWgc9NQv
2020-10-15T01:43:45.915880365Z 169 EpHqD0XmuwGVWAvVpKkcj3FaFi7Ehyx8Q35fjpKjSvvVeYKztK2hkOeQ09LF
2020-10-15T01:43:45.926727898Z 170 Ryddh08H1plp4meNRpnqG3o2A0nOrS8YiscI9oKZpJAVGq5fKCbfZJnsFuqk
2020-10-15T01:43:45.937222637Z 171 kwwSPWUI4CFytm7yilYO9rqJ7pBEauUnm7qIxjXRgJScYEW3LdtchrHICeXM
2020-10-15T01:43:45.948782136Z 172 CzIiNGt0zLQyKjQyPVKxWAzbSoQ2doNCuYvYFx4THJuVfjkgDtQbI9GaORaf
2020-10-15T01:43:45.959398217Z 173 BClcjnc3fCSTndTVv9NyE6ZMoPhIlkCbftRWVXz4F2QeGe18m95EIGkODva1
2020-10-15T01:43:45.970299714Z 174 gvNts8CkG3y5iUU0GfDSJuz4DIBtjupaVQAJc8nwnbJGRK1TWJgVPaThiXX5
2020-10-15T01:43:45.981983672Z 175 VHr0U9Ge2MbKQBbvCtHnu9dYLH4gSTSYZjsksW6CwP0aYKqrvIgQ0CT8scly
2020-10-15T01:43:45.993516413Z 176 ib5yeGQ4I7sGgCYN1E8T326jd0W4ly1tDfwQfydQz7KvOtFdNyoX4MGGz9R1
2020-10-15T01:43:46.004310108Z 177 g5B3lDC9IjjkTLynDf62Lq6PpVJhE3sL7AcYqmkgFJXdMgrjgmkrbFGN858K
2020-10-15T01:43:46.016081458Z 178 aj1063jSEyDbHzp3CpUksfUiWV5uAwt77u9FyYZ4wIJlwjTPQh0d7DxUYcW3
2020-10-15T01:43:46.027693016Z 179 WqxGysaCHL18meAj3t5qL5Mnksg8a2NDlCl50or0B2Vwa2T0eMoHgkBCehUh
2020-10-15T01:43:46.039231893Z 180 lLKSFvrQtSshyp2L2KqINrx8Tz51fDBLHfzrkwXZm9UT8MZ40PyWuwP4Iqp7
2020-10-15T01:43:46.051325909Z 181 OCx9RVC3YG7qxzME7AJRHBVHbKSWe3vXnYw46uuw2oKFxH4EqTuQYf6Lg6Vc
2020-10-15T01:43:46.063152217Z 182 y1MAcIJXVAKbuubiV3Y1RXV4LAt0prFY6OHRkJ0DwS70KXYo9gGZbNlpoO6n
2020-10-15T01:43:46.074902692Z 183 JP6Hmgm8pEqCoMC3vOdIuvD4EC6dhFOMZQPkPEoV3izydSDm5htVB88bufMM
2020-10-15T01:43:46.085291406Z 184 faK6QstuerA6MBSQnbPWFl14VSKBmQ4ZdF9KQSWtoLRaruLEYoW898NRUp6I
2020-10-15T01:43:46.097069087Z 185 BBQGx8gkBeVICKnMGeMlRKbofWv0n8noWxALRNNI5Sz7EgtKiBs9kEblbiKW
2020-10-15T01:43:46.108908776Z 186 tOYGW1Ux9QszntoWAcE4BHCUMJgsUuyjVbRls7cqMeurD3anD1eYtDhVvloU
2020-10-15T01:43:46.119703964Z 187 hlawW6t20yBkZ4FYgF8JNwG6LiNvcnL4EVllu92gkoTlSmVwcfejxduMhXhB
2020-10-15T01:43:46.130528289Z 188 EN55s0jZ5yATotaT9bWfC8xge2Xo110fopDSbuLxGr3HYhKvVyvZVhwTtuNN
2020-10-15T01:43:46.141165700Z 189 I7zU3pTq0VfTJqT8k6kTowENHgnIxgacE1K46WmROAfCJ8eMJfqMZ7cLmbkX
2020-10-15T01:43:46.152591445Z 190 cBT3bb1Bvp4ytXyiRcfnBrLVqDAlrQ9CSmQzEB10QIfpTYnLpl4tFx6bUaHj
2020-10-15T01:43:46.163263530Z 191 0QCagUZoTqH4EUOL1xWFPZxrRFAG3u5wvjv5vjuTNBkCjluFCx34vcsXhQBN
2020-10-15T01:43:46.175033151Z 192 n8ocwc31RkTgKusaiou6OhQo9j2Y1w7hF7D4YJbE1DE5pqWG20olb3aiEoA4
2020-10-15T01:43:46.185965776Z 193 shCN0U641IziYWd4g43FGfMYMWhk6IJNmwMHiJtvAeV3uwf0NAHKpEEaSHml
2020-10-15T01:43:46.196638958Z 194 yrTGylV18WNXof6LQpp4wE7uZB3QaFeWhk4IVIorK98HJBljTqqJS0VrtpXD
2020-10-15T01:43:46.207382017Z 195 PiJX1kxWTsmHU4x7v9IvB15S8c2SNE9Y0URTtZpDKkUJaDjllsgwGgZuHSs2
2020-10-15T01:43:46.218974915Z 196 WE5FVXnTRndEzRvAfZWOA3U3YYUmVY4uMNBEVBG5PqQNUZHWbEQj6PMG32zN
2020-10-15T01:43:46.230558871Z 197 beel53DXggmqqDYrgXXnJ1X5i8erID69iCQsg6fIwZ1FRopp7fjXmQIXxtY9
2020-10-15T01:43:46.242316941Z 198 QmwOBlHjNQ4jkR4ed6T8p3rlqOA6vUTWvRgWK6orORNd8OaBeNYQw5Uv0eMV
2020-10-15T01:43:46.253385212Z 199 GodCYMVY7dTE4lEQGXUQp2oeC3hxUy0ANclEMTrgG3W20mjWXPH5Y3ELZpSd
2020-10-15T01:43:46.264391149Z 200 XA4bAov22rvFAjsH3wSKDBW0zSBQoB0YMBhWKpwG8CgoUx4KcK6rUQoDLqKk
2020-10-15T01:43:46.275624296Z 201 tVkvRdiZcwafdeEg225y1zpZXAIqytw8jnAasZKUcKQZqoz042p4JM7VcphD
2020-10-15T01:43:46.286423810Z 202 0HGGQubRsIRJsVOVekirjAXYBKl4t5jW9wOO6ERG8WFplnY1WaS8osPoDrUm
2020-10-15T01:43:46.298167419Z 203 julwhnQkuDDFhqDgmIzj8iIv43AfCEmyKW3hPbbmACkR761IeIWihYhQcUmq
2020-10-15T01:43:46.310070561Z 204 78nHqOHcXvJn6DzkkZutQT6XLneLM40SLqiXfj3205LlQkz4I2qwJopT0459
2020-10-15T01:43:46.321973575Z 205 jPfrFMBxd2YVNIhqpHmzJU4yDlHnhxZbNnxUc4BNdmIVljFMKrVVnLwGhlYa
2020-10-15T01:43:46.333335238Z 206 2aXdi4L0fbUOXld4ytlVvrBqCSLlQRBaKOj4IU7CR3E2eQNn8thJFFguxciw
2020-10-15T01:43:46.344788819Z 207 w0AkKhBL9I8QjvCe6WtmD9mRcgkj1Smt6F7lM8uYGJRG7DO10lfjWsYhrKWo
2020-10-15T01:43:46.355466074Z 208 5qV6BN1iz1NYV4MzJbs3oY3JmW2GaZ4OE5RqPuL057th7HKRwPceXg1KHBRF
2020-10-15T01:43:46.367150685Z 209 IaqpX5UtKkE63m44mazZkLD4f8cdYD3NDd765gIPguAo1woK9AiBa7kwZO9K
2020-10-15T01:43:46.378944743Z 210 5yQyKvQ8eUppz645gLmm2Dzl38OAmnVucmjiTlQFxwvmtK8UKgYeswBM4zUL
2020-10-15T01:43:46.389530507Z 211 fjiww5z2qIph3ExBtnxy0lsoJGQ2pwIghm2wMWtpvbQwGCP23dV78AIl7Nlj
2020-10-15T01:43:46.400581177Z 212 SnFgu6WTZjuClE5NDidzOaUN4mgE7XjxFnsJyRVxxHZZHPmdCNWPr03OCZEc
2020-10-15T01:43:46.411851566Z 213 C0mc7pcTW82I1TqiWiNb2bcPg0N6gmkCSF5RHpM45xpJSxYo3AnpYggYxa5q
2020-10-15T01:43:46.422128361Z 214 u5OqKxoXqpZh4VRP2lxSgzmwr3KqI1YiLLiZ8G4LFONpONqXIACrPbdRT11b
2020-10-15T01:43:46.433629233Z 215 buw7pFNABfVcP9LbX9f5kLYHCrDEQGKwDMkfMgE8WCvcT8JaKJuuSwZOwgUr
2020-10-15T01:43:46.444414831Z 216 voNOETcFvFgYuzG03XYHVWOWUwZtOZfLiMs4DW1F7vNBY4ALhA6ywzndT4lp
2020-10-15T01:43:46.456026851Z 217 FCXh3NWIkP2rpVCXVtsyzXsEZAq18UyRQoZxYzD7aGjkJVPDKPrs5g39JdMn
2020-10-15T01:43:46.466389773Z 218 bGw4jmUsrA2wchUtVN89ZtDzXOmgBhQBf1lfPIncsOEimvislwWKg6zzvm19
2020-10-15T01:43:46.477258840Z 219 pS4A7UdEAGZmaKFkWNyeUjaOBsyOcsEWQfSsZeAe8RFmogs75epidLeUe3oi
2020-10-15T01:43:46.489087641Z 220 Td0dbv7nCHGGdCWk85Qy2TUo0Wa1Cl6bEHAkpYvYsDubvOYBh436UrjD0Zgt
2020-10-15T01:43:46.500767445Z 221 SWft56xcveVsgAzHLmDqiIgJkBzSt1cmReIbyY5vuooZcsL4591VDF5gEAKb
2020-10-15T01:43:46.511390481Z 222 i5mb3h2Co6g6qkHWZJP6kKadr6filynV9Tm2gvjIKVPFjctOGaULV4EBa1PS
2020-10-15T01:43:46.523085618Z 223 SIzTtjRFfh2n2Ru7Hvsz9X7LK54pcFyLkpDt4COUaz3Zmj0Mw11ufVwmWgfY
2020-10-15T01:43:46.534720804Z 224 3Hbm7RZdIj48hbqObHV88WBErNmF4PPjeARLxpWDia9YGLYh7vExCS6Z5gp9
2020-10-15T01:43:46.546049803Z 225 ISmfki4etUNTLii1h17VhijuPHCJpcM6mCqYUsKdHeivyvwHWitkgnD6J2l8
2020-10-15T01:43:46.557569233Z 226 oU4vJ8jMtswkPnPZ5RjteKwxo9IVsO0rGBPpHEIoz8U4q3e4LjiiRT6893cQ
2020-10-15T01:43:46.568327756Z 227 3DXWUxypzBWMs7nlZg3UY3tDGdtaJCGCwsnrVKzXxkmonssWdHe8XC7iYgiN
2020-10-15T01:43:46.580197409Z 228 BLcFSf7cRAyjHJKrq03QJfsRJ8NrgQKhIRjrbDv6ld8vR77rSQYYvxAyik01
2020-10-15T01:43:46.591817686Z 229 yqeq9yWf9A2Gw5hYqYs7XvROBbTxrQzS3dmScYGaGlCdEDnPx4uFPAVinbYa
2020-10-15T01:43:46.602332434Z 230 v7N7xsizLP9JkAOqDT2XUDFadtwBT0gY1FXbryYHsLp3neXS20pFgYLCcRsc
2020-10-15T01:43:46.614086984Z 231 yVoW2hkDTUB4aKe35VJy8IXuoAM9HfUkpHUs2KAsSq1VMPaoRpn4zHzzxkX3
2020-10-15T01:43:46.625574324Z 232 QzqGN7EPJdLdUHEVWnkRpsWRhggUnfn9pIPdnu4XYUkLRxw4E3tHC4qVAQv6
2020-10-15T01:43:46.636182669Z 233 uCiATWBgF68CacUi86SXXTtNAF2Ojvrft9Z9eRdltNbEZYjIVENNQvYVd24R
2020-10-15T01:43:46.647931796Z 234 MYty1mJgaaukAqMfsxdbuOF1fs2eTTpoCXrmEG3XAzqqYMk0Q25Z3Oky0wTn
2020-10-15T01:43:46.658721967Z 235 zYOxhQKkcDTYKIlhXDgcnwS0vcsX9fYWJ4nIJKhtNH1kS50F8l0JCnCqJ5sE
2020-10-15T01:43:46.670170324Z 236 nOOuhJjjB5AHQ6nb7VHFZGnbiysyMKnYkwC8nwWdzisyd5SdISLafPtGymew
2020-10-15T01:43:46.681199125Z 237 cAFz3cH9UPNrJx4PRyrbG8FV7ols86gBO8uZkPvaT9zK0KUgmq9BSKnYa0oa
2020-10-15T01:43:46.693188087Z 238 Tq1koTXO2Lhq9dfh5k4R6MfHbsDODFnZIxmIiyH4AIQZ9owUYZICcFq3QGCF
2020-10-15T01:43:46.704708790Z 239 ePKg0mvAg7IB71z5E0Y3dUANF48lC65NlieZV0BmE9IJyJli5B6Rf8Zmt5eJ
2020-10-15T01:43:46.715444611Z 240 rOmUSmaXtoJaTZzr4IoUExUcvzH6D4oMx2pHOwXYseRffVwF8NcbNOaZZPGE
2020-10-15T01:43:46.727162417Z 241 omJaDObOsdHG8ZSHdd3bINBBmml41iG6iXp5LcrMwtPFs127LNDVhuoX162b
2020-10-15T01:43:46.739305973Z 242 gISDXm7dUt14O8PERGLVbVLRzvDtK5bpWc8MQPsoW0xiJRXUJsXCLEyG6xjB
2020-10-15T01:43:46.751028432Z 243 q2FHMq26MC2wieTykmAdFVkkXgxITg6KqJ5Q0AoINQ2uZxgaG3a3EyP1um19
2020-10-15T01:43:46.762732322Z 244 phYaxgAdb4ocxld8jXHidNibnROw0YyVjepHUTRUBenCmsb0G2eibExgIgUt
2020-10-15T01:43:46.773380690Z 245 ulbd85wk19lM1KggKzchTKxmO8jsBqAjsgiyLhnvGEPjMzWiR7VLcr6YNkZS
2020-10-15T01:43:46.785380859Z 246 LHEFJz2pphKGdRkQfU1pzaFU59EKsctvMyETUjjE86EPZgqQx3UpNy9jGbtp
2020-10-15T01:43:46.797242533Z 247 lkd4ZKX1pQkKiwXZAVuzA3rTAj1Nv6cjuky3v50fbLqqnnVVkIaD8bNwRA52
2020-10-15T01:43:46.809053491Z 248 itF5BPdKdlzhufP6kumNXHeewTu4izuR6ojMluuarvq4VGwANqd8YfAVS5ZN
2020-10-15T01:43:46.820214172Z 249 4Vj4qL0EclLVj4zGaLliBN6OcvldZGo0eexj5nBGoVTWNYdYUpTzhhhzyTfz
2020-10-15T01:43:46.831907673Z 250 lVW9XHdpcLLL6kDjqgUFGK3WpxL22EWRMETCQuxW1LFh7mn4PFpAd4fKkk5X
2020-10-15T01:43:46.842285477Z 251 p0KZ99ApwysCFbGTSnavUIBotabkKeMdqZYjR2yD1v9TipREmaA1nGYq5YmM
2020-10-15T01:43:46.853521120Z 252 U8fWmO4V7evWX4x6b9KnxaCL8QmgwhYxPus3pSvLe4K0UJsPp7czgmViUFNN
2020-10-15T01:43:46.864312941Z 253 eYFD45FzWHiOKWt53PPaa6bPtHr4n7aMmhn4mXjsQGCiuKOR3TfeIWJHp17X
2020-10-15T01:43:46.876053226Z 254 txq8KCCTq53JooIKJcmJZxC7PnnM3JUebCGic7k8piz3eH8zWLhNQWOdo1UP
2020-10-15T01:43:46.888156765Z 255 qk6T9dIGfvwXlk6IZU8HfhsRl7JUkpBwqyubmSc8quwCmsMqditT2hqWu0I2
2020-10-15T01:43:46.899623749Z 256 7Va4QnykyEvTSOVHoB3kVuoyKdUFqobpM1zukLci9Ey8i0t0hNQzOeXF0m0F
2020-10-15T01:43:46.911180065Z 257 JayF78JeEwFWpRLP3mDZzR2Ucyl3CRK2msLUFfmz9NyYlWktlRq1PzUe2Gpw
2020-10-15T01:43:46.922890579Z 258 0bgDg5wWjuiApuHAwnihgyOrXHZo8rIQVoXs5JpSbbqWJcDBzj9RcnAZM6z8
2020-10-15T01:43:46.933613641Z 259 ayP5YhBqSuslQ68fNsFwBxXfU3IGkWfhkIt45hrCkHhQHteCdD8wciZkWoJT
2020-10-15T01:43:46.944231481Z 260 CEuqlvktDCuWQI4n7QQODC6e4UST16ju2PziTonab4NBBGQRgdA49uPxM6vh
2020-10-15T01:43:46.956026851Z 261 mkNUerwtd5HD1DmlXakl4YmKLZIvUa5YpwQRbYhXB92za1Umtg3b30B3PBkp
2020-10-15T01:43:46.967550654Z 262 lSeXQSM9PPflLEciT1K5bAqAFC8vkCJPOog3p4pNg2UlIM8RZxfmRIAYjSv9
2020-10-15T01:43:46.978384169Z 263 OYrVScQb6BkomQhyZHQdAhsBzoqyCeOSIGtQsv36Bb6K61B0KQ9xmKqljQEx
2020-10-15T01:43:46.989942866Z 264 wjToYSkq4N9vOD2rWxMEr5IltR4ZXx2GDdKFzai8YiKWZgDmju6LPqcrC4k7
2020-10-15T01:43:47.000592944Z 265 gfwJySnLw1GBChPpp2hygjuQzwuY6gxj2Jkw9NmLdCJvlRlFgrQvVaImnBAW
2020-10-15T01:43:47.011171651Z 266 9PumhtY2MkuqDRPMJ8Cwm9KKK2SpqhW0qnMesiMkn3emqAK5LMlFcAd1yc7L
2020-10-15T01:43:47.022981620Z 267 6gDw1tVuQhOLMHTjQxNWBxSp37taesYR4vNFpITIJux9pxVvrSNHK0dZntso
2020-10-15T01:43:47.034933936Z 268 g9Rwnj75dcD82MR5cyOzGOXsB6HjTjJnwonJd2aWFsgJzzF064UTuag8Q6HF
2020-10-15T01:43:47.046075294Z 269 snslt53YfMZykonF7WFgMCK1smeNKfGryUIUQVrWF84EO2YJMgq5VFFrm8UU
2020-10-15T01:43:47.057046648Z 270 IV0VMOIhAmyBMxwCj3teMSy0jfPGeet3EV5NYUdofRz5ZXBIyQ724kOZYLFj
2020-10-15T01:43:47.067727211Z 271 bOJob4f1F2jGX57bDmt2VYl97c4y8JiQvJNQ6ihKTtgXJdzjcbDCcf9vkwol
2020-10-15T01:43:47.078298807Z 272 5qkzss0wIOD3Veat1fNtzIDfOTn84FE1rlzaoFcyYeKHBr1oiy9J1BPOr6rc
2020-10-15T01:43:47.089714984Z 273 naMFmxhBNuimDIsaTxAOiLyW5NO9SuQRenxXzUUojTavrQPK4S9SruZ3mmFH
2020-10-15T01:43:47.100333343Z 274 yYtHE3giOsrEHJLaNLiNJBbencckVZoQPC2PjcLoqbwqqUfug249Bvr55inx
2020-10-15T01:43:47.112236607Z 275 aJdmJcK1OYhbmh8ynkiPaI6B8yjRzyGBeCYVBjcC6wGJ8ODWkmxAeCpCNMkY
2020-10-15T01:43:47.124205101Z 276 NhyVoAXNip4PeYqTeMJmLPKBRcyavRbyNmrsMtFrT3kNhGIObEkrwc2WXXk6
2020-10-15T01:43:47.135945986Z 277 BMPr94QvIIHfC84zgoGeYfqxXHQJQmRWaOWSFeXRnofIzJ6dsvfWEoVyTk9f
2020-10-15T01:43:47.146815813Z 278 t78a1Mw1qIGKPaehWUX30P3sbK3d4yR8ud3CUCzRm6nIFnVDhGS9f6WRRGwo
2020-10-15T01:43:47.157440487Z 279 QkajU0Oal0KZoH2ayTWgPultz6B9FI25h3vvFQtLovzWMxT9YCOt3WhZdObB
2020-10-15T01:43:47.169229708Z 280 7fKYICCPnGSobbAeL30FjpQtQhuV3aBPyhvvzIh33KubgB0coN6z0csRpdl2
2020-10-15T01:43:47.181123351Z 281 LjnqCnBtY9F4byzS3YoChn0HyiA04D1jrrZApnBVeOFR8936BHs2yHCnDyY8
2020-10-15T01:43:47.193073788Z 282 xHuV1LKCKyQPp3SjFdxu4mP3xB0hKlY3tZ9ByTn7jHMkbptxyNZ6WRanUzLr
2020-10-15T01:43:47.204077379Z 283 9FIj2NPR1AQeNtxfiVoA10lTTRk41jkjKZmPSEmEDGYvSx97UGcSjSbPBYAI
2020-10-15T01:43:47.216029294Z 284 XAWFNOostKdGEnD1ohyJLNvsPMSeYffUcH16HFUTkPsnWVrjkHFnSGiW82bv
2020-10-15T01:43:47.227773014Z 285 NfXTFeCj4he0yMr3qafVhJVmXpVzOFqsLfGYU6pkfTX0nsfgYrasYCXk4xPf
2020-10-15T01:43:47.238705235Z 286 WYTv7NeFOGBVn7aBA7XQAlGNK2mwZXfRdrNWozy2Ibi7RUeWW9LpkSlDni0P
2020-10-15T01:43:47.249543699Z 287 1cy72d006DUQtx7btam7q37bmhqrrzxpiOb9uWWora58hp6qk1gt7nX7Kqcy
2020-10-15T01:43:47.260386712Z 288 0KWAjgYKiO3u0icit2X3IbHEuvfxls3I8dxTLw49ZCGG8TLxRZspo0xOplxQ
2020-10-15T01:43:47.272049396Z 289 vhhW0umhq7SRnK0f3qKxC7FT0Emarx5ejC8F1usldsyklodPzbGuWiDpYHHv
2020-10-15T01:43:47.284092457Z 290 gsr5pd3oWNv1e3PAXpou6lJ9oztdlRPAO1D1OXBWPlG5rlYEix076x8o9Tfp
2020-10-15T01:43:47.295554091Z 291 YCY84luo1w7iIVkdLmS5anVbT5YWTzS5ogIGOTcSX2qAka1wd6JPHnZA8ix1
2020-10-15T01:43:47.307153816Z 292 XA5b9NShnvWE1x5DgnX3XvWSRe7uiFX0j0ifNyuzws8yFpDnTwipluG9KtyT
2020-10-15T01:43:47.319122398Z 293 QFmklFeTqnGHYQf3u0ZbcEIOrKsQWV4qY6UFMVU0j0S9hG31DIRuv2CpRmJ5
2020-10-15T01:43:47.330725011Z 294 lKg40dCLibP9pt2Nu4haMSEOmJn41uFe4CKnR5RmUZH0OnDg83tGCYSVWKjt
2020-10-15T01:43:47.341886469Z 295 Hgc2H8ZrBQuMFn51o75SGjbHoTlHNq5ci2rPCI0OWWH8PPxK7Y0uP7tn7gda
2020-10-15T01:43:47.352070598Z 296 IZ2jkNRORgwqxZXI9bVfkOKu4vlZOjqLH5zzXZdYFpuOnBtRLCqZ07hVOf0O
2020-10-15T01:43:47.363250372Z 297 IM7T41fqS4udrV5t9n27xTv8lMcEQ63SnUJl0t0EG4Ktmy6CysCf78tuAQbH
2020-10-15T01:43:47.374680105Z 298 CCSYPhAKVBW1QzJv0SW7V9N7aZ68SdkQcHr8DKsSi7c2ZbGi9zqn4KoO0qhI
2020-10-15T01:43:47.385448045Z 299 jWra4udIi0ZPeG2JuuSGIOzOMqP3wmvluLkj5SVv7o78K9MiactMGq0wWAPA
2020-10-15T01:43:47.396990048Z 300 Zdcb07X3NMDqwzVhKFeB5mBmZALYplq1LzDv8DsKdrn7xfgNOzrosXaksRzn
2020-10-15T01:43:47.407613832Z 301 3gfs8pAIxeTq8m4GWsFBoXvltZxR5cO4DUyoUEGglOWBOOM66zalY4OwWXgy
2020-10-15T01:43:47.418959567Z 302 CwMqMGOQyv9lBQ5V3ViVfq8itGZ6HhAoieAfuLkQX8VsK6itYgm2KStPIvut
2020-10-15T01:43:47.430536214Z 303 RFwsSwNpMQH7NdlGFZ9w6XMq0M8t0eQ5CvBYNtrhNqkAlpmF6JGZDa7P7INs
2020-10-15T01:43:47.442249139Z 304 Ik5rA7AT2ySKXUu03QHw4UWUhKATex2PfsPC44OKhZy5sbtNXbpufujnu6F3
2020-10-15T01:43:47.453835694Z 305 STqztCyI89q0c6QfmZDN0KYP8ZHdrAokn51gVO6ArZiKn5mY0bh1rDrKdgPw
2020-10-15T01:43:47.464738333Z 306 uqitRN1y4Ht3ApseFORj7v4w6q9uTmfI3rnC8SvML5A5PsnRlDEW50axWyk5
2020-10-15T01:43:47.475237992Z 307 owXgt4cJhohVIs5N1EZVSTQ2fLlmJIEyApIEdOLpZUpbM6Jw0PdIgsVi3mP4
2020-10-15T01:43:47.486712532Z 308 TNwV05wr1QTsQCuTjXPr2N5x341qrMiQhUcdwg7bbb4Nzb2p2SapTopILdHM
2020-10-15T01:43:47.497232308Z 309 kYNhSMRTwqI6FgnWv68z5NKR9OHcc2el2HQvitRFEQV2i68fAEb2ADK0tzVP
2020-10-15T01:43:47.508932800Z 310 scltLK4IMLXVVMo9L8bj8hT6ajEXOSuJI4yhvp2KT0D8ztTfTpWBYQtDnacP
2020-10-15T01:43:47.519620475Z 311 xUFePu4ROHuQfK1niEpzgz0I45fTlLk5FuI7v4bAaQohSdeYE3o33wjAYfEK
2020-10-15T01:43:47.530598972Z 312 mKHtUFrbEbQt9OQJ6dqwDLtGuQa6r06SdKY4tQelWYrE9mBHyHQpZfed7bo7
2020-10-15T01:43:47.541336275Z 313 aeePpBmobJvyHXJ5wbjchRgTo6jbAr2YpUTtoiysM9pVqZAr67J935U8PMOM
2020-10-15T01:43:47.553279228Z 314 59y7HDI0hoJ69DlaKsCaafDkKLIyKG6zR8hsViAEHlJYuFAev39AaH30X6vs
2020-10-15T01:43:47.564845793Z 315 iEAEzsMDCaUGTOI9W3ruaMnVHxACwN25rVNNtXwkoRgH4c86qrZVgaKHuCzU
2020-10-15T01:43:47.575640003Z 316 1l99KlCfMVgLic9aYKvOkcUA4GXJTnZ91x2snstj2vDVbGg2DdfJLHRzpc2t
2020-10-15T01:43:47.586492806Z 317 LRkJoNnKH2hxqlut4bC92aA51CRZBmCvUKKChW62g6Kq67LEqXSCgHpJLeXf
2020-10-15T01:43:47.597501176Z 318 zcest969zBqgs982v0BzRnW7gRQYPM8T3gYrA50IdD4JIRNG7D9l2DyXICFn
2020-10-15T01:43:47.608530930Z 319 PC3yDbqBWtIWxDzenFrQsw2asVOhSaVNgtvIvEM5wIADzRo3QrO5O1cUns5j
2020-10-15T01:43:47.620088681Z 320 lbhgw9XsxgJdgrj5gaSvCJmWqg2R1vDAA6fF4t0ahrZoicaNsYd8Aco2GDQh
2020-10-15T01:43:47.631925674Z 321 FpvtYJDfOU48YiA1ocRGWGezAQ3a1JZG0UpjQ3jRESroO0XxnFl0nImj40Y5
2020-10-15T01:43:47.642746272Z 322 oofMsscQzkVFZFbMf1Tebq6Rkfna8yRoJNt5e5ZdQmbNwfGPQyJfkgeLhtDM
2020-10-15T01:43:47.653432246Z 323 PGyTKqFXplQ6nLBHvLVjuhhghG4WmDiI0N4FbSD59RjHpPmhH6pic5KUIwnn
2020-10-15T01:43:47.665291865Z 324 X7N6D7f046J6yTWEhaeoOgar3Hbe5LhrFljliQPrDJAH5xC4Gtrwb8enZ3Jw
2020-10-15T01:43:47.676806986Z 325 WtJDonABGSZygcg77naQ8GMa8fwK7ZpGC7rd1jEGP84bgj09wt1W28iingoO
2020-10-15T01:43:47.687518190Z 326 G4ZmZoLhmJsa48SNUSzBpAuqmyIVkAHwiH9QlFu03C0regoUjcmw2zj2dh4E
2020-10-15T01:43:47.698937331Z 327 bDLT2zZEFRvhv5Ocn5pPtBjJW34FTB4Kaox4BcTby20B7n7LkaDES8EVJKVO
2020-10-15T01:43:47.709683322Z 328 rEcywmdLjvRc8hwnXXy4QaojlvtyUdrDjNZHqdoZKGCm6he2dNdQshVl24PM
2020-10-15T01:43:47.720609352Z 329 eJpX98lmnjlXGAzfOb3R1iMIz3ObBZvVdFSasIhPriQwvyVQ2wWozmEMOTG1
2020-10-15T01:43:47.731468719Z 330 SDCkpocJpyrJncznpAQ4wlY7ONo8w5LN4tkLL6PlZ54WD8RznFVzLPL16LX3
2020-10-15T01:43:47.743148159Z 331 RkiROsfhPfbAk7deoP1n2tv4SJS9ytf1gYgnbUTj9DDWwoKs96QtcrNXShhP
2020-10-15T01:43:47.754512729Z 332 2DyWpHEkotrPlwZpw2AK6KVornjzf9ZlozehLH1cMk6cVuAz2BNKpWOXvs8t
2020-10-15T01:43:47.766062564Z 333 LQvFIBURVA0lydKcCLmUpltwIb7xD7nQObU8vfvWUuEowgl9OQhWg9SjHUe3
2020-10-15T01:43:47.777738807Z 334 96KV1iwYOgcrnslzw2vHPj0UyU97Lwx7yR6EDgDF5KQ0MIlMtld5Yd2Hzcq8
2020-10-15T01:43:47.788524651Z 335 46G9Pr1KT1yf5fDHxAGCWHJBLd6NMQtxa6O1N2JF04lyRT2Hkp1neUuiFBJI
2020-10-15T01:43:47.799393518Z 336 g9x9H7WWYoL1kGZg4Se2ugjLyWgkVPFq2FRd37rgmNsJzhJdLzhas3S4G3CS
2020-10-15T01:43:47.810409304Z 337 53pqp3p204j7xZUO1WYtX4LAwtvrHVaz7h24bQREafrHxAZREqmuOakXOZKe
2020-10-15T01:43:47.821290557Z 338 Mqv2ScWvrTFxbH7yDEfbZjh1zMHwFlRLNvoIh31TmXY0zVUPzkmmlSer52g7
2020-10-15T01:43:47.832114205Z 339 Z1mmB8gKj6p3eMJcV8G3Y7tyS2p4TY9gXex7dZ26ZcFsHakNTJQA05b90Ahw
2020-10-15T01:43:47.843847451Z 340 3Tfl44QJH082meFoO5WkgeEHhkqsz2MUCpHQPIR6priI2qIs5kvPBFuBNldz
2020-10-15T01:43:47.855735356Z 341 iiWeJpLf4D8R100zV7O9YZC2LF3XgJlebNjfdsep41zWMHYBMMyxSWt2GAlI
2020-10-15T01:43:47.867225245Z 342 5XlbTmbmTr20s2MPjTeKNXezGi7Fus5nRT3SV7y0ZoYgcfEaW8sf57KmhIKm
2020-10-15T01:43:47.878307676Z 343 Lln6QAq1UnpCcjluxkypYgvA10ID2YdpuqK7MWoLrTdxx0jYeH0wGnZYaQlK
2020-10-15T01:43:47.889899003Z 344 4xVgyPS60ygUrN95eTaDT9ZCCHAnz3ICCYcfbM47plnfHNxUUUDe3pLPrqfF
2020-10-15T01:43:47.901193943Z 345 cM4j40UIxm2siYNk9az2hBHKqdqHmn7CSOWcLb0s08sKeBBbowDPFHQGIXkT
2020-10-15T01:43:47.912850978Z 346 bWrsmKl9X5D8N1lYqowbSQjgbCraiuNgfWiP67Icm2jBzjrkVdHImdi9bjmz
2020-10-15T01:43:47.923317132Z 347 EcPvnooTR0aONilsOFrr4vpuXped18A2MjgIICWqrK3roqbBxaE5HR4flEr9
2020-10-15T01:43:47.936117923Z 348 Nkbwna5KNBUllqoS8RzDvD2XVa055lNk2SHWsACbeEI5aZLroVlGrfFGXqaq
2020-10-15T01:43:47.945750106Z 349 NvDgYOCgPBYORWHQZsYNPRMVC134Jrb0zTPNBZYz04TVFeUoZIyJNuNVNqPt
2020-10-15T01:43:47.956250422Z 350 FT8Tam7gnhHzuL5BJjja5eMxpOdy8vdsHQuf4fJ3IyoYyPTqQIdPEghW2nqT
2020-10-15T01:43:47.967758720Z 351 jrzhp1RzYyyy5CGvgayAqnwhLhdCfSHk97A1q43UQqw8L6Pg00aUaaBcExZU
2020-10-15T01:43:47.978568884Z 352 2ydCoKNzMH3fdC7GDkhLkKbkL7aI1ouJ9BD5m3hY7NUNeyLnr7PRg1A94kjC
2020-10-15T01:43:47.989377205Z 353 a6YHA5NrVW78i1UBjKFsnG11uyf2HE0k0dnv59dgCnhdYautpM7Rg08LcpOA
2020-10-15T01:43:48.001209725Z 354 KEct8vPlZwe34VNifYv5VB2ffSEGKrbJVFnIYUg0KqhODWuYCpRCPyROkWf7
2020-10-15T01:43:48.012160893Z 355 0Awd39s6XhoWBc5qrXTuZ3m0WmUx4iVEKgBbV9A24CtHiliu3lMm7lje29Jc
2020-10-15T01:43:48.023820759Z 356 8yAFQ56b1CEPSgff7Y4Iz4J7WamZDwJaiecmWIPo4OjU9hZ8oSKPHgSj1O6q
2020-10-15T01:43:48.034401649Z 357 9ix83U8hcQgao9d8uzv1xkA4abtIdpAr7fihHQ5Fb6LGdYXJtm9S1wndXQhe
2020-10-15T01:43:48.045275832Z 358 tWYpwmueR67VuvBfd2l2PLmm4fOnzpcpVaub3mA4Oduz8yTOyCKJAwyjl80Z
2020-10-15T01:43:48.057019181Z 359 n6ciOSyJp1sWfkT5lzoqIjo7EiZ8SWf525WfzBGjF9uBWlO7syGwCp6HAKx3
2020-10-15T01:43:48.068494652Z 360 5lpiKA9OQBV8AOQVmpnpeeJQpaF0aLVOoS5ozHmrQX7X2iTQDdGQwDkBKd0T
2020-10-15T01:43:48.079156777Z 361 Yqa1cgZ88rXAIo8gYLB02PEvHWws2S68OFstcoUV02OXisgm2rpLm58cpeXE
2020-10-15T01:43:48.091014924Z 362 MdLZ8uih44ntfq9CcwwwmPTMKCpKnvLs2q8UBqF2DTMwMXfQ88y2tMjLMhcj
2020-10-15T01:43:48.102868453Z 363 mi5CQRAgUNsle940pKXJybGt4IOjcid5qo337MPBwRVCohcXrKSSb4DF0yzC
2020-10-15T01:43:48.113673562Z 364 oH9UWseGzMMkA91ZkcOjO1gpYEicTpOKzZz0Kkz0HNEp2VXVwICdQtU2IsAo
2020-10-15T01:43:48.124307412Z 365 iBWTUTYvC0YEREeYcpGzaZ19xm2luypmsjPhCW7rUrSeqORv9f1Wk4qomi4Z
2020-10-15T01:43:48.135119892Z 366 2iEBb5GAvUqKQoPIqpk4UHjGlje9PCUt3H6dla2kOONYxjUKpCVO20R2Bhf7
2020-10-15T01:43:48.146644617Z 367 AC50svSs8cDczDKCkYrSjnEIGtJmZcoeKpDmTjJwHn7uhBb7X8q9lAjeMjxP
2020-10-15T01:43:48.157691351Z 368 jnUD5xuxES9trRn3E4zN2oeyhNipua7zPb0grIWr9B7stM014GjQ45aWVNek
2020-10-15T01:43:48.169415942Z 369 B6C9oOmuwZyukAAYtm9OiJS7vpVeWd5pxmRSp7eISWl4apJTiw9nYcMhxa5q
2020-10-15T01:43:48.180465818Z 370 EKfe1InkRDfPKK7iemNZ4eIM8UCambPjHTubCVhVUhQUmSieAWqzE7VzVYvn
2020-10-15T01:43:48.191731019Z 371 8GL82eQMDUy5K2f7WOel2NVFS0EokTJHGyUtLLGdu71ZhgSISAtCL0wciNXO
2020-10-15T01:43:48.202208003Z 372 eB4vFLXDHNV96U1b6QrVyPXdr6qvLoNVk6WqQECeaULbSkEZDHj0fT7szRis
2020-10-15T01:43:48.213971616Z 373 jnBTgfjuKPxwtOyDw1NrwdBi3jD9DzTpvnTG0kG1SoxK3sdHDdUowwpEXIag
2020-10-15T01:43:48.225614832Z 374 FIVtfEZA3kUY9TgO7MWLbWr709GPcdyviTNVaYUWZO6XQR4m8GJQCZKInun8
2020-10-15T01:43:48.236551704Z 375 BTAFm90WiRUJ66Q9OB3t8jMjhgEv4NldH8IUDoYPef9jmjrAYzaiOAk6BllU
2020-10-15T01:43:48.247374510Z 376 YFEIJbQOcKPZXsx3UAtvPP3Qa3SeDvjv9f1BSWXr11gC7tPDqEEks2Rl9z1S
2020-10-15T01:43:48.258879022Z 377 AjsDOPiwPbVM1uJMWqO2PWJQn11op6DTU0IxpggVXIxS6AWx8FmACKdUsQnu
2020-10-15T01:43:48.269656587Z 378 9hpisoTz2utumwxqFLzq2wt3G572UGLFjrOCXxz1dtcO66suHDbORvqiMlLo
2020-10-15T01:43:48.280240940Z 379 WhlP1bIGNjv8lbdZJ9TSgSE6oFY1YANmiUIZYJTwr4IlKLA3sJoRzV56vffH
2020-10-15T01:43:48.291915126Z 380 p0092HWZ8kKViFhmC9knwnWzXRmQ9FxRgvgNCD5OOOUca5HhSRBvxKYZekAH
2020-10-15T01:43:48.302463044Z 381 xHqHfVSlbfJnXBeMrgw5J371O42xmztnGpGPyrJLj1cQf8QMUYzAtvQ2VQNQ
2020-10-15T01:43:48.313542897Z 382 5b6ejyaamlhpdp7rsyb6dSiITrLBijf5yUC7DDar9KNgVuUOnILh2FjeZ2EB
2020-10-15T01:43:48.324758263Z 383 JDJMaV6lxq2061PJNXQMdpZ7Ypbk9J9J60ckElzwhqqkewGH2GDkkHwnpM26
2020-10-15T01:43:48.334983269Z 384 YWMeT1hCSm17g292Um1Yk9AodfV49IJeH4LcsaMxo2vOKXAuvqCLzObsBW7W
2020-10-15T01:43:48.346334294Z 385 8Z4i3pJOfE3ijB9oWFhEsCiPlBDKZg2kCU5yLFkFnfxiNlRlFKugNKWY4U6g
2020-10-15T01:43:48.357786293Z 386 33wEcdOrvjCoSNS0raDT0Z9alV6c1xaRKeHN5BIs7Cx8xVyNFSfwzZG5RT7e
2020-10-15T01:43:48.369087722Z 387 usHaUr8RLBtgIUld7odecTomD83ivwNSPkYzIbL9pPh5YTGYJfKh3EQeM63U
2020-10-15T01:43:48.380747544Z 388 Zifkh9nC33ja9jhTbV2zmvb8lr4xS9iAvsjp2zsnkqITkYLPUY6QWTvrIepz
2020-10-15T01:43:48.392258683Z 389 pyiO4hCaIku9x7DngSXrQCxGQ4esjEFTLtEw3RNhBkzfMyGYGO35Zigdrf33
2020-10-15T01:43:48.403677903Z 390 LCvX8ceDLjeRo6eg4qqube4DAwLZBgfRW5emXYINk6cqGIed2bIMRLR99yn4
2020-10-15T01:43:48.415062847Z 391 EdXQvXCqoI3WXKMXAupUbLp1wYsTk7DlHVwIBTC0crob3pLES7ZOG4Ew7hJ3
2020-10-15T01:43:48.427003811Z 392 DuzokG7BeybYBX6IzHur0q56eZbC2dqCFgGMAjE1Z6llrwnrmcrx6bBO2f7x
2020-10-15T01:43:48.438752974Z 393 5O5BE2onNFKgeHH2QDRfI3zvDKEP6dHjgbQI5K7B4FATKnTyvtlqOtoWV5A1
2020-10-15T01:43:48.450278635Z 394 9V1KdipezfHuVh13h3aaF7A1CvdEUWcBULYDcAwPZI05vdZX58NAxI0lFAnH
2020-10-15T01:43:48.461684291Z 395 KqIHWyeL1Ga5QiUONgmw9rPypGxhWtJr4bzWZuYxEeFmNC8j5bbs10r8fqkm
2020-10-15T01:43:48.472276217Z 396 MSyTfz9VWZkn7O2zSbNYfEXuohIiFlVzjzXZd1QfKOIYWUZZtJBJNpVRFwqy
2020-10-15T01:43:48.483790465Z 397 EXfh1HrfaE4URCLANG2XwMaSbb4hFFczt6XPVXFblLpnER0bxiqAv9XVUiUt
2020-10-15T01:43:48.494483033Z 398 Rr2PCHXdCLF6FOL2aNw7G2XFU78BhU4xNJDDQlhcp1c1SCPge1HJv0LYtiev
2020-10-15T01:43:48.506154776Z 399 0ImuUaFXY6sr2o22JBopaB1Md0tnlwKlCMLXUwakslp2cpXfzMx11IuWvYYO
2020-10-15T01:43:48.517668828Z 400 HKDV6qdhY0fJssGXJh13LG8A4RwXuplAqQW0MtFvUdRRBMYAEa5CBR1xABjF
2020-10-15T01:43:48.528292509Z 401 8vwM2sczdSPCEGlWjscJwGUQKydJR3GCSTFz2HFaBUo88c5laKOXPQreFcEH
2020-10-15T01:43:48.539358947Z 402 VOx7IoF3r9Ye5CYcA5vqhbVc5Jb5W440N9ECe2OaA1W9l2hgrUDk7PKGADFD
2020-10-15T01:43:48.550817603Z 403 JnxKUAv5683xJlmojhck53MlS43LsoVKhQQVmoe1GhfsZUbdTONWbT3IEWZK
2020-10-15T01:43:48.561297847Z 404 RqHVYXquO2DHOBkFxfzpOdPriTShYmrUZ7ZnoIucfF1RJXMpWgPaCQjlIG5C
2020-10-15T01:43:48.572372814Z 405 ixPudbuP991g3KJihNh2rxmik7pmxgpmbiRq8OJM08f1Cu65c17UXbXANT7d
2020-10-15T01:43:48.583889660Z 406 Xi4YHPjexcDXfwQuXGcfzIU4vG8RMVtxSAQ2pyz25nYAKOQXf0EBhuTeRHVV
2020-10-15T01:43:48.594480829Z 407 mFNw4xS8RrDskBJQGaegTNWo4rBW5E7FTTWDiN1Xs7QxpxY9oIfO3eGixJaD
2020-10-15T01:43:48.605626164Z 408 yq754w0MJUIjXHbEhFnwZp3NERlwtRI16dDV0lEQ5GiZ43TdkPcAILQKlG95
2020-10-15T01:43:48.616293556Z 409 yMtmz0dAvepsPcSTERP3Jx0YvfCGwzlKA05J0ghaYlX3i5CsDtthjYFQKMfI
2020-10-15T01:43:48.627810234Z 410 s9EksNioq7BdFeDdfZ0z7dtTtbWBHB0Fe3hZuRtrVnuxovR0JzJgKzIWgLvd
2020-10-15T01:43:48.638458271Z 411 HgjjSrrC46A4CoAAcRt48MXLGQK5K1dB8rGOMi4IilZSKVhiowxHyd7XxLor
2020-10-15T01:43:48.650219505Z 412 JGLbhnULyH4Yj0K2A3SyPF24rHasyhJM5N6TneUECe8J3TQHOnVTEfIuLLOa
2020-10-15T01:43:48.661469713Z 413 jqZ4B2QEn0iHABGubT41MQzUtqmNSZRRetplADsk7jiZdBE8QRAegcP4MMb7
2020-10-15T01:43:48.673008027Z 414 XJsOPFC2bD07KtDPKoDBHucrNSF0Pvj0KtD4IOOHTsBb9lt6lZtyngd5Hn6r
2020-10-15T01:43:48.684596605Z 415 aOKQmy2RYXJTr1SjCOgnY9ORoYt0mhB9F0Y2LyDOGb7GpkldR5fxg7qvHuzi
2020-10-15T01:43:48.695307965Z 416 yEABEaEttfCe79496hkpaUwd6R59GTdd9Fq5HHXr0Du2YnhhWebMDSBC9Ifz
2020-10-15T01:43:48.707007094Z 417 VmdjD2HU8nLDZptA3dzLkmqhdikc0lW7h3TFekUK5DPmqsq8ZGJPokemHftg
2020-10-15T01:43:48.719768599Z 418 XryTraYrgrjXUP4AJIxvuqsMMJy5EZ50MZfkWNjw69aUd1RzU1genONYtcWc
2020-10-15T01:43:48.731856489Z 419 vqK4i3ZaMhukGGGGFV6l6o8beuOnPY6rBGaUuoxuScNDaihk4DtZgANIA9Wh
2020-10-15T01:43:48.743742742Z 420 H8enNDg1Kts0D5tK6IlLYeC0lBuBvRpptQMoMbu5Tj52eHZQe2DrP4QfehPh
2020-10-15T01:43:48.754470226Z 421 3ofIrWZuZJnTQhZZOwO24qR4dfqFLvkZ6dnK3jYjZjlx9THCeWG7QKf9LyVn
2020-10-15T01:43:48.765204395Z 422 zFFZNd533CQXkeDDaS876CXtXaPoHwLAue8EAvxqaGsDDWSPmp2ymKoknvdT
2020-10-15T01:43:48.777254913Z 423 XzIqxFy5VkNPcV5hB0c4U9GvN3IXXoYfokN5Sv4R9u7tNg0wUoa07xu7bHQ8
2020-10-15T01:43:48.788987848Z 424 HYOpmn9XOoIe1Oub3y06xaVyjSyICsTjndEw2OEqHOo2QV2uro2XgPiWOK1R
2020-10-15T01:43:48.800314518Z 425 qFKBwtFCLc8m5cZjxgHfUHy8D6MtG7iqAWbHoy9ixHqkCQh5D1VQrFH8X9qB
2020-10-15T01:43:48.811707695Z 426 FWCCMhRACys7yX0AXm63fCNvOBCMrGMUugQFMqxIPceMdsB5lVAWeEwSkQQ5
2020-10-15T01:43:48.823062628Z 427 5hZoSjBThkv7QAr8f5NFZ2gSpFHMxMHozTaEkk8QQS6au7yGqIaAHYeqJmtG
2020-10-15T01:43:48.834880841Z 428 2BM1rG2XaqzIyi5UQHyZjZS0ZPG7zpiuydfKXuKRIhV8fHtYFujsAHGhAfiI
2020-10-15T01:43:48.846194419Z 429 P7hgKCoeJ14bGanKQxDYd3vhAjrVZzpgZThfCbPXhronLeaLWJbykGey91bt
2020-10-15T01:43:48.857090425Z 430 l4a9QVwL9eQpzJi2KQ8Z7VUpmpY2qFEJAbfkgwbo61WWTkZ8wgm2mZeuOCjS
2020-10-15T01:43:48.868951402Z 431 IE6grzoCQSH2kWx4tRKTRZorhurMM03iIYg4ya3thzXOzJWxhhLaZEozFdUV
2020-10-15T01:43:48.880998262Z 432 U5Y6kKDr8dmTO1Z3fK6Tmo31PMBD5tdIwsJbZlTZRBaYcychxq6KmuVtpN1Q
2020-10-15T01:43:48.892516168Z 433 unXc3YUjepUD84u1UFzmfFD2g7dC34FDSB1Xvg6UnIK4EOb4IMGJMAQcVrq3
2020-10-15T01:43:48.903262987Z 434 tMDdQQtlFDytCAgRXCj4KsVlDbUesvPtA4TuAsd3LJGAQv0BNBWD7QdzH9QI
2020-10-15T01:43:48.914663712Z 435 gNSPylhyWyBiApOMTxRL39noRKvsesEMlI3VdoJledmtXYP728K3SNdL2Rdt
2020-10-15T01:43:48.925315794Z 436 kai9QDbDWl5RMHpTfoODLLBn9X3ddfswsDBCx1Pqy6GWKqio7Muc8xxST7We
2020-10-15T01:43:48.937094810Z 437 CveP2qik0s41nm0I3VBPSWeLpfqCVYdSyTFIBHQKuVaNUaFSHvqP3XyA1jId
2020-10-15T01:43:48.947341807Z 438 tZQjccI7ytKtxenqqMxYAQP4EqV50HO6PfloGWiLpj2GSQRu1dzsRQFOBUZ8
2020-10-15T01:43:48.958873413Z 439 tSnhz0QHCq4bPXzu4kOiUx9LE09EY2ehXyCRfF4Av3KQCUncLKHTa8JlsReM
2020-10-15T01:43:48.969956789Z 440 REOWackdEvCramIF0SslIWdi3bt5l1zMMFgcGpZG721dNKpRTekiMbildgQu
2020-10-15T01:43:48.980449740Z 441 MYSEqBMfZ62e7E8T4aD3J2C0xIogwDRWa2XaM7kRu8TbIzOs9FZb7hTuDqkj
2020-10-15T01:43:48.992170869Z 442 EfqY3VKqD1SC2OfWfA8DYNVT44HEalVmWPBVQt2tAC4hHIU52Xf621WvJJgu
2020-10-15T01:43:49.003985130Z 443 yUxBCAVFkPzrj0fUSU8CVL5Oh7ovMDKXworunp53euJ3XzjYSlUF2pomIeYe
2020-10-15T01:43:49.015389056Z 444 vC423Gq66hgOActZ9gDCLOnvrceD9aoZ5h044BB9YJXzzzfMJyMJDnegjrs1
2020-10-15T01:43:49.026417949Z 445 RYl4ZvNws8Lw608Ugu60I7AK0Etobm2jYDIDKNUSzH5W2CubrMLsVAGMR7x0
2020-10-15T01:43:49.038209385Z 446 4tJhGUG10ik3ANKhLO9fa9jHi3vSJa3j2fTX5yhTePTxxcqiDY4YJSrRYMrj
2020-10-15T01:43:49.049740580Z 447 0FFVl5LJ1ZevlthC7rTXeTm4DmtNr7UgnSI4kzKCRmRhOF1NcAGoa9nMfcYB
2020-10-15T01:43:49.060278974Z 448 bxono6Ox9Sx0Es3QPweV442bkBGT9ivE8DawnPWhgy09fProLpGoJLRmjfOk
2020-10-15T01:43:49.071252428Z 449 AGpG6v4GGgxQCl8nB5FCVwBRG6KfQBWAOEiqntDdTJy2Pi4OpUqqiyGTTQx2
2020-10-15T01:43:49.083350493Z 450 Y59k7OQDbOpaVELAgvLlQ2uXrbF302tLLjh5iB2dVKQnvjeqTkYTNeKMCzqn
2020-10-15T01:43:49.094731523Z 451 XnnGLPu5YnwNu0jb3sBnLsqtXKnPq6A6MROfsLXRkqvunqcBKJdtVlFFVnjq
2020-10-15T01:43:49.105465717Z 452 51Uv8ZhsSoIo0Fea7UqGm7YyCcUBLV8yb4JjIq4t7NjZprk6JM7j27ymGucw
2020-10-15T01:43:49.116341226Z 453 QwLn61ucARaZcPVX31JtUlDaNia2ZNieqK5kZzbp2UwMCST4YBkdrZm0wbc0
2020-10-15T01:43:49.128127591Z 454 PIZLqmFquiK9cSGbXF5z50hWTwywc3VwmpogoDhCIKrPoojFsqikQQQMYeiu
2020-10-15T01:43:49.139665437Z 455 AjRXDpmE4Si0IhryDivB3f2RjTxaidh7pvh2U86BpFq1gzCvCge8qtDzWgKK
2020-10-15T01:43:49.151361171Z 456 4W7ejbPLcKNGQTvvSSWbVgNpb4Sn1bugddYv6IK9nnfhSiAOe52SS79akISP
2020-10-15T01:43:49.163341140Z 457 5xYwC5pq3ecnyc4QuYCkb0tAcUFcMhIYvP3VwJJWLUK6oVXlAaXeGc7y96TT
2020-10-15T01:43:49.175149563Z 458 fJLKoHmmR5Q562LBcA9TRbHAltd37sPSNs8gvvPrkwHNZIqPSL50j2nRrfKY
2020-10-15T01:43:49.187287486Z 459 CPXOHFJPwYwX0lsQTtfLlymw98T8I40yNL2M6L7v5uKFxPBFDe2LDyV0pAHQ
2020-10-15T01:43:49.198111805Z 460 6XdvbG3bxIvlLnG1b7l7wiaeKTRaHxp4oMtjePytXPUqjOypjMOI4JjJuhWW
2020-10-15T01:43:49.209645186Z 461 DWxhnpilrVfLtBWGOYMdAV3Wfh56st8PcHVY9AnqjVFLbZr0GJqc5kMLBkIb
2020-10-15T01:43:49.220354991Z 462 vEKyZvIstQDQQVyg43SY7cw9xbe4HYfyPVewjwrFZCswM6kJQvFUyQwN5rvb
2020-10-15T01:43:49.232115738Z 463 Xol11qFTeXTWFiPnyrOeVWuiQHjrlAb9Fhqken8o4iEBi6yUFrDvM4lHW8mF
2020-10-15T01:43:49.242433727Z 464 vLS5yuKBdYmxv7c1KlZNbpTAhUR0aapd2DhS0oRDyzeDRLLM9yrtDjauf5C4
2020-10-15T01:43:49.253644557Z 465 IHIy27g1w4vyUnr0z0gYrcIrejWgSdxUkONN1mYhHGB8Yp5MaHys0Jv7g5YY
2020-10-15T01:43:49.265086473Z 466 oLw2opeC8uZmb1MIScsINOiebbtei4JwsUZNopWd0YlKFLRrLBzYrmJWrQUX
2020-10-15T01:43:49.276717669Z 467 l7IxM53elsdeVgDsBAgb638TCyHmMQ0aj8J8IdN6pwprYNw9lmj2HnqhHiV2
2020-10-15T01:43:49.287588790Z 468 yJ1Lo70z8vsrzpeE2Jgt2dOddONx4dl2G9zg8EUBcmYx1jvUQW5LksDBVMBY
2020-10-15T01:43:49.299412268Z 469 zECxgycRVJ46pu8WCSsMnzz7EXMInYYagFljQ2b3taoVl2CtuanU71qtW2em
2020-10-15T01:43:49.311162483Z 470 LkTTWU3lDmSOrUknZmCqB8EhKAcg1lx1LF2jzXAJpPpE9NoFwjjI4xWmUnew
2020-10-15T01:43:49.322704003Z 471 DzzFIuXCVwU2kDe2Voy144NsIgLCkCi5s7XgFqmJX3scfqh3DiHREaxerzki
2020-10-15T01:43:49.333929694Z 472 KtwVdQHPSKwaWhK8KwBNaEeT7VOp1NZSfzAqWpimUFxKyxzJ15TIhdPFQXoA
2020-10-15T01:43:49.344035488Z 473 M21M92Zkxm4uGH2YtLGyFvWjLu8sg0KSLbtVwlukHaHmcuLV2E0Z1sfgh4ah
2020-10-15T01:43:49.355859936Z 474 BS8b6h4GhHgExzxhMN50sSpS2IW3FHWbhS1P6kQoDUcoy68unfvs48P2jlKD
2020-10-15T01:43:49.366663669Z 475 QzGlnFlVVBEgyFygDx2J2XxTHYffpvNzVEZ6ykNSxReMvUrsjIwQFAVwlxSf
2020-10-15T01:43:49.377968026Z 476 XIz17FH0OWufgGqbNPbSMzEMHjFfs2RUPkPIs6LbpyvB41HfQxhLzDSfxTWL
2020-10-15T01:43:49.388783667Z 477 jxIzJtw6dcEQ3SRIzsXg1f0o8Vrt91iOF3ZPlpCNiYact4m3ERT0fm70RyTL
2020-10-15T01:43:49.400218131Z 478 mU9oiYvJs7GcudjqdXBD8IvZqVwipUg8RdSP3kYnjrqKsGdtgOwxJcDmjfvQ
2020-10-15T01:43:49.413711704Z 479 crmJX5NygfFpHCf076S06moVhtBeTVj7Wi9tScDDY4QE52lkVd11zrtWcAT9
2020-10-15T01:43:49.424214539Z 480 XpPeYcI6eGSWLG0ZvqPYglU0qloJiAgXRvEW8ddmNt5p27zZAhN2dcs7CYGL
2020-10-15T01:43:49.435981424Z 481 eJwbarzBVC4uWR4mh7FZOLmzX6ToW6AQeVMmNT3McFLIJZHeiPMeCUoTV98d
2020-10-15T01:43:49.446486258Z 482 3ckXK91xcMfMuheKPx9Hi9dpbDSGJLI0SWm3NgOkfRy1cqbhcn6UPGCrGtOU
2020-10-15T01:43:49.457952403Z 483 0tc4C8ooorJJthL2LRpSXWZ668YHs2jY5Z3uPPp941RswIYkg808Q0p9jgPK
2020-10-15T01:43:49.469732221Z 484 aIiZvsyqNWXS75jJU6Y9JdNCSjfbHo5bTUAyt5CtHI9WrBWgPrxRgpCuUzwJ
2020-10-15T01:43:49.480472981Z 485 Ow0vrMjT0kqFTqOT762BeQGM1EByMH1Omiiu5huPmY1mh6A2cXZEtoaB4Tun
2020-10-15T01:43:49.491340478Z 486 NFh7pF87bP1qe66ucN6woysV2fAByTZygUFJTcUL6coIcH6ZU31kymAvEdF6
2020-10-15T01:43:49.502373675Z 487 EJD2hkBO9wMpkW2MXxd0uBN5GfBBB9BsLoblCo3xoeAJfbx1oJTr3nBjuwjQ
2020-10-15T01:43:49.513733088Z 488 wlhETkT8PUujkINzed8QmNApaxPAosh5xzgyBTd6IVSGmB7fGiHouiEzaKcs
2020-10-15T01:43:49.524533826Z 489 rfVZ8VNhf81BEr5zerwVvTs9x8ZgUyrFAi0MolfXpcUwuJGYSuRkjc1TQFnT
2020-10-15T01:43:49.535161561Z 490 6ZKs7j5kfcuZOk0hS09LUZ5UBvIvsm9FwRL6lxcMoPc9S6ZPIQKVnsvQL9TM
2020-10-15T01:43:49.546964939Z 491 rjpeZmVZYlNiDt0jPe0Zi5y6ZiVd18hRZpS477s5AjmGuvV2cgkaLl9DgfHf
2020-10-15T01:43:49.558944210Z 492 U7HloNcm7fqRHdIpNjFYuAdCZmslUIkHXiQA4w9daTLYp9YCXx671dkRNw6a
2020-10-15T01:43:49.570944752Z 493 gHUpXNilCarJKAwW6nranHtk6CLdCs5vekxg2pVSAOCutSPFYV1eoMWIP1JJ
2020-10-15T01:43:49.582072143Z 494 jTfLEbbl1vEy7qRxVgjEyOsQNdkct8Tv9G3eoaZILYtl1XSHBaOQIAIzMR7e
2020-10-15T01:43:49.593920178Z 495 deYp23FLIbuaQ6DaNsHfl8YikB1XZctC5qBbTGzQSKaFIbMSqPwa455gfhxs
2020-10-15T01:43:49.604681826Z 496 dGgXvEJuoFU4z33zxLcENNYVYSHjZe7o9rnCqk09vyD6aDLPFK8kyBh4DnYF
2020-10-15T01:43:49.616171630Z 497 MPYF8OGcwkImtakacmdZ665YiJeapvILEvADhOdmg1ZljDpwJIdeAa7BofUf
2020-10-15T01:43:49.628005415Z 498 L9Pulb2tjn5YmZCaP1JO6sAf9vRcDMR1fBtOtM0Ty0yBL3al2WOdksqcTOGk
2020-10-15T01:43:49.639027911Z 499 ljuWAYRSukF06r21ucoaVZzjmWs5rVfW1y7s0ixK9tfxoIHYvqOjHCrwkEZu
2020-10-15T01:43:49.649969728Z 500 NkPREKzlAbqLZ6j4aw0QIBEykdN6dki4k3hktK2G0MVJmuGH4qUnFrFafxNJ
2020-10-15T01:43:49.660773784Z 501 7JnLOCVBVOcHhiz3NMCjkD1lbsnXg6vxxqPrCifH5pdD4AF6WNnOSdnL18Lh
2020-10-15T01:43:49.672217841Z 502 amovwAsQSyP9J7NIrfMRbccxxSUiMEri1M1wbHVvy5DdyuZw5SPOEitnB8DK
2020-10-15T01:43:49.684013048Z 503 mAF17V8G6M7NPVUNWwQ9Xt3vH3oJafZsJntVItr6ytu5lp1bhlQaewvw9wB8
2020-10-15T01:43:49.694669430Z 504 kRbxHES6slc0fuwF1mRyC6z3Ik27P70CndH1j0rH7m6CDqnNS3x35To2aZlO
2020-10-15T01:43:49.705685567Z 505 s4oIV3xyk9AWlgjysKtInM5sCrcGQZRUOK8IVANqVwn5XffNoFzmyYarvkRf
2020-10-15T01:43:49.716369606Z 506 dgnkmtnKx6g3EMBDzX934uHUkkSFmuXaAxxAyixj6lMfbC5cSquoVjcFoqg4
2020-10-15T01:43:49.728036379Z 507 ZrUT1lrqPnsOA9LM0UnaM2g5UzY7ayNI9S5ynnL7qe3mFtBtd4Bw73r9jusR
2020-10-15T01:43:49.739632546Z 508 4hui3HamwFCU7qjCZsQgkOp8qpKCRwFp6lTluQj6mFOqyBx1C0MTYJgxu3OT
2020-10-15T01:43:49.750085507Z 509 ypIi11yWlGt3wh5WDCW6JlSnKhQgH425yzRMoGSBwKiicA7sLQMazzAYj3SR
2020-10-15T01:43:49.761818736Z 510 tZMXc3fnZfJZFobW5qKWK0fT6NmdW82BKhhkcVfTzk8DAvBTte7PDk0f1xHe
2020-10-15T01:43:49.772669530Z 511 rh3X3G1JF5IhEKCkiLIUbvziJx21AZNyTVZx7UBgR830Jf8tvr2DEHtDcRyG
2020-10-15T01:43:49.784084838Z 512 LoosIXHt7HzQK70MlMXwmsBwrrAmLYoxZuPBkmKKA04eUKCMRJ8XUCdXxk0e
2020-10-15T01:43:49.795953534Z 513 Ij7JhHrgCrcfM3c7iyEEggxU0GRI0qFx9lmyqDsDKAYfYe3Cuekq4WzrL9za
2020-10-15T01:43:49.807757181Z 514 YFYAdQgtFpOb8ZRmSBCHOb2Anb4lCcjv2g0Y4sacGLB25LU7rQnSUjlyNfwH
2020-10-15T01:43:49.818417849Z 515 DRfRmWpAl6MvEEFCWjh2xCntGp8vFV1wXUsyHprrqaMAbdQWSQzjZhDXoVkY
2020-10-15T01:43:49.829554626Z 516 aw5YWPIl8ZMO0rnAZGHoH7zXmYesO5fJLRGsmETvDy2FpCx2xzuKtaVGnGP3
2020-10-15T01:43:49.840282813Z 517 bZ9DL3fmNpNc6w5dSxja7QxRBhX8R7vlutHoyryBFNzyySA8MGTatG3mMt1D
2020-10-15T01:43:49.851438214Z 518 VYMBjVP1RKz6PRfsJzMwCnQ6O86ZKYVw56mUN0PvMtyjUtdZZBxkKs992Itl
2020-10-15T01:43:49.862336017Z 519 X9S7e4J2VuBKrY8UyKtejhYYlCnhJCgkkb3oA1v0nOZTguZFX1VYfpkzLvyH
2020-10-15T01:43:49.874130228Z 520 5YJm2P6wd6BGvjeAqkMvT3XgMVZnlocs17OT2e45ggMVxHUDHVgl7mua6z1x
2020-10-15T01:43:49.885976968Z 521 POGEjVEXzUGj7a1kLSoP8exq5XVAhZDJFtsbmrqq8Uh0AvZhLcCBdkgS4iWB
2020-10-15T01:43:49.896662964Z 522 QXbb1HsnlgHwQ2YIXwpapzP45BdtnaRNrA3ECgFQ9rTlF8CYGkMiKCsAAVjl
2020-10-15T01:43:49.908362135Z 523 UVgp70kyukLfJJzrqmlD08TJYj5sd3jltr0ge2cLCp1hGY14aOCzTNlk5jJX
2020-10-15T01:43:49.920137856Z 524 bkkLzBK3ieOWx0rgIHBU7Hq9H9FzUqxLHUjJibP1RthurMydfQXFggmtridT
2020-10-15T01:43:49.931440896Z 525 QZxAlQzVN6ifVVSHb1IeztCIedHP5amSjCQUEV3YyQLaGzU3MZzyOrfyxfs0
2020-10-15T01:43:49.942928145Z 526 IMXk9ohnLymzaHAASFt33D0PzRJWjy07mZb7z3ALPwMmpxSRwFqkWRQRTXCQ
2020-10-15T01:43:49.953609941Z 527 ZSyXnfom8ziEH9PRX2DbvwBeri7lcU1HUKn7CPT6SYkxxdQATwElvMYCav0a
2020-10-15T01:43:49.965303685Z 528 c3BMTjwkQCwgvjT1nyUd0A7eLWnIbqvWsUhMAPpktbnaccGuOAjAQYDsrRSS
2020-10-15T01:43:49.977271649Z 529 TQG4CQ0rCo9DygagzlKi1m9bM5FEZbUraGiczfESkK34X37xBreQ5Rik22nm
2020-10-15T01:43:49.988151841Z 530 nxrnIdfzWgoDyENNdSukzokK8DnmwR7QHibyucsRr1EeALeDlrLQq1cRpOCS
2020-10-15T01:43:50.000037661Z 531 s5sgwrydFFYsbOxLBSxT7J4QKgoxi0z2vGQfnNvFUtAR16iF9YEUi8oxPtkD
2020-10-15T01:43:50.010844854Z 532 oIEfORZDfrZ4EucDWDJo3CKWw8LOzmx2THDKxMiWxcPnFKTWNh1PNyPUAr3h
2020-10-15T01:43:50.021526952Z 533 l3cwQskfiMkzH2cW2jzS2EWXect4LkG9MH1m29DKSMKvfcy3r0PxKZ78kZQS
2020-10-15T01:43:50.033188544Z 534 BgAzyIC21hugJF66kDN2asTpvmSItrn83XvTT0FPAGX6gm89h0U2kcrjEqhe
2020-10-15T01:43:50.045323112Z 535 6qxma89fqZCj7F2voaqjrBjHVLu3UYFRu16ogfvahTEE45w0m4d7jSb8cZKh
2020-10-15T01:43:50.056836189Z 536 zyzxyvql4hr2kmo2x2o1adoepVkPUWRVTGVVdIIkDb1CU8sovq7qUT1Uj3Hp
2020-10-15T01:43:50.067854357Z 537 KCzFrIgQuPUpqxClPIfCuOdRLNn8b5igyueu5v1SNUBXvOPLcojrghDX5bED
2020-10-15T01:43:50.078856814Z 538 hnndEwBjPSimhcDtINjyjV80DNVPJTWmrdvzPRZXzaenFFRgGdjXdvZQ0TMV
2020-10-15T01:43:50.090023658Z 539 aWtNZ0yPyaFkcetunfWK0fTJ1SmELaLkUiBzLRrapPdDz8sZbxXTBFSpMTEg
2020-10-15T01:43:50.101163827Z 540 o71uUlx1ruP1F01VFIDXrqmJcoqWwhuVNyMZQrmOT4aApZmJKb9ic9ShRrWd
2020-10-15T01:43:50.113440871Z 541 OSGVw09lEoAVwfpMxyXkQAGMvzePISM0srtJPpLsp39xTozRssVbPfIT9kia
2020-10-15T01:43:50.124171034Z 542 FRTNDtLtcBD0PYmpnhHJfBuiYknGxcCYQ8saBWfit1wR275R9hbBt6EDB0RN
2020-10-15T01:43:50.135803007Z 543 X4dGbMzinPNMSeedPgviXEA7cwqjELujRO8Y9zmB13Y8V33vTcKOjuTHjaqQ
2020-10-15T01:43:50.146400515Z 544 F0HCvioryx3EwwqQy0t5K3eNdXh3z1Q8dJc2MpTwC3s2mDbE1jswatCijNH5
2020-10-15T01:43:50.158390462Z 545 7T6AhlhqBERN4Ul06y3y677ZT6ygJVDgPbY9ATgNhl6eXc9AEBe1CVc5C9Oz
2020-10-15T01:43:50.170716268Z 546 lpil06drKXeqyis81mJGRwFLxorwl4P0lRUnY9OtX1lrKsheivsaeL87haYT
2020-10-15T01:43:50.181722359Z 547 81VjfGTW7u0uGXRnMo1naVzwoJkC5o5wDX4yc8X0YOD6cfrD1wReEaD9YgIi
2020-10-15T01:43:50.193114622Z 548 pRmhe02fFWjEocOQlIYex33vF5l5hvO1edKqK27QMs9Ecw2eu24M0wzMvjsm
2020-10-15T01:43:50.204623368Z 549 MHgtNozGHuId5nThJIb120LiZ06GBMWENGTtGry4zUyyYJNZcd6R71eU1mbd
2020-10-15T01:43:50.215580857Z 550 UgpQhAu6luRp1GKqMvrV3cvVuRgrgvVs40fWSOlcE8ZOLasTXcUMHen82lmS
2020-10-15T01:43:50.226448986Z 551 QREFQRUR1mcbpUVcfN4rDXiJffC5gEG0wIRe3KhJ5zgq3NjJxC4bb1vSVyPi
2020-10-15T01:43:50.238303040Z 552 L5popaMVl3kzaqncwTFLmyQfczoFQJX9fpqsHD5VhJjX3LkIdHO7QAFU9iE5
2020-10-15T01:43:50.249788413Z 553 xBhTdCDiDjIryuzwlhA8ba4nQIL6MfTIiI7ZC6xKGr5odHXiE58WoDPURTsw
2020-10-15T01:43:50.260513318Z 554 R151P7HlNpJ5Bw5z7u8nvDznH3FaWAYDHhn1zycRtLy0SSDJ7SELQZLOC1kB
2020-10-15T01:43:50.271328087Z 555 ELFQgb5VjeOPecTjyRpTcnKw9Xx2zhsQkHGdV7KQpJOr7EeOhTa8BF5QJep5
2020-10-15T01:43:50.283081810Z 556 pZkADbBu6iZhqkpXE2QsozgMWXvzZACxxfjmzPMb5gJeSBDfbADNiDW8h6Hv
2020-10-15T01:43:50.294948138Z 557 KiixzAPC1W399edVJTunc225v6u7oPLBYU5VoFfRMmg2Oxvcav61hShSV53K
2020-10-15T01:43:50.305592748Z 558 UNmSXs7CiFVuksNnNjJDUGWAKgDeac2CMQ8eZZUYDBzVhRVedl1tZfPUG7x0
2020-10-15T01:43:50.317080602Z 559 iZuXpvVrM1K87pOjDRbxzwdrcdwhmHKLwfvq76Cl8u95eUjShG8v9PK8j0T8
2020-10-15T01:43:50.328483263Z 560 Xm1ZRZO9Ik21j8ierYzjnDg8K7qN5qPXpfRj9YEN1vbgv4vfzCkMJioRp5ZA
2020-10-15T01:43:50.339916819Z 561 ufMUi8Uw3ktb3t5qXoNC1bwxQvqFqx4yVhiBo0JBS6G8q2GTsR6CYXaasBVE
2020-10-15T01:43:50.350188690Z 562 9EaW8HPFPMLYNBC8pVvzfehBWZx05FC0iFTxLFBe5SzxUG1bscVLFZEx7upl
2020-10-15T01:43:50.361564046Z 563 D7eXSTxuIhXxDz6jOszCgLdFpX7QEbaAOGyPrl6j8YLuJF9f9tNpW0YJfj0n
2020-10-15T01:43:50.373040786Z 564 uOyEZDDfulL0qvZnMuOp0Us5UznPI41bLjhL16HKGjtBgsbVzV66iR1d7eAh
2020-10-15T01:43:50.384104227Z 565 WEkixjbdzTRcTNgH6JZL2Un0z27oxIGLm9DzXxM1l5bzzfguWudLF3HRNEXX
2020-10-15T01:43:50.395879450Z 566 bSXRj2w4xyiqVsuTFTgivvyyVQJbCeq7AJkdqhX0eiLWadFHL3UwVwuSrKmy
2020-10-15T01:43:50.406376767Z 567 RW5FRF9LsqDdjDoc84g1ArNUUwdVyLCLDiZRLeFhZgd2cCHHQtwsUKMtWef4
2020-10-15T01:43:50.417432318Z 568 9rPrwjpqnUwFI7YOKfV6sK0cBTfB8KE4iBX0iigvYsQrdTKYVdwnVPkZe9oR
2020-10-15T01:43:50.428207730Z 569 NrpJbovzKsaUKpx4XWAuDNDB9JtjjCYZ1x4E3EJsyFRlbu3CE6iLgCUqIvLr
2020-10-15T01:43:50.439958069Z 570 WZReomiO1yFB7U1aOO71A2YyX5VYCXyIOL1HwMMBvDwQXvEArX6yNEcjfGtx
2020-10-15T01:43:50.451487316Z 571 nu4du4RK9zNR28KNejkufcAAM1NLsvtbCTXGA3GFKK6B4iX29BsNjYQnaX80
2020-10-15T01:43:50.463088744Z 572 mjZTNSjHgYS1w5A6ItSAFEo6FYufDJmJ9H97c3uowHSG7i2zVgkf7ROWv4PD
2020-10-15T01:43:50.475050045Z 573 dvgLbD2qkSPr6iiCFYQdSK95OHaWysCgqLa6CT72OBdOEbVLZZXIX4fz9rS1
2020-10-15T01:43:50.485805708Z 574 Nugz31MOpE4fSEm1DVEvxsSLKHTVC7PHGYPs4nLEvOjtoD7nERzFdRbEbNZK
2020-10-15T01:43:50.496738145Z 575 FYHL7nXvH8ptBLyquZjfVGhWXEPXCw8z0kxMdih0u2ZpIxJ89pzmXRRTZJ5s
2020-10-15T01:43:50.507783001Z 576 PG2ISxqiiQds6T5fo8uxkUHYGwgkM6HfcxUU9HH9RnSbNBFhv7ER1SzJxFFE
2020-10-15T01:43:50.518189222Z 577 zCnWstowQ557uJ8T8wkiCOr8MrBO77QPUGzKgPpC5YGELnAkvm7C07HvKj9z
2020-10-15T01:43:50.529795039Z 578 gBSM41IkpPCgeRLhbhvK9XIpV43mgjgSogVmq5tXsImmmZShfeS8fMZxGPQM
2020-10-15T01:43:50.540576830Z 579 3csg93d5jyWE4nTCkIwVi2XIeL8tbqL4M0DCp38rz5e2UqVmuIaxJuuVd41N
2020-10-15T01:43:50.552209277Z 580 xTEImK7UEZH10CIQgiSt4elcgDp4q8LSWE7GJMLqyp1SauyEgNOUvhG6nAtz
2020-10-15T01:43:50.563515931Z 581 MYGWptaf7vuwPpn9fLVh1aFOEsFIX8iw7i2bv078HqQ7dXZ6Aohq251HPJMD
2020-10-15T01:43:50.574383755Z 582 vAr9iRQt6hF04QY4bNrknBdezN2HNq3NPU89Wmb5B3pLmkIa7IqywpO6OVBz
2020-10-15T01:43:50.586071868Z 583 Yha38a7GPHfIhpQ5QkH2IHmq6BWrzRgPQZQU9JaoprdhnQsV3Gh9o3zAm9M5
2020-10-15T01:43:50.597798818Z 584 mHSbeVuSxtZDxV3Th4j8L4uSH11OzAXTxCvcS6oDJ7Awvbb1WXysJvBsdtRW
2020-10-15T01:43:50.608465053Z 585 KEiyley5aLrnmzAtKwdFvlSMWs3cJSEIZ5MaeHMNSyMQf3rX4Xwlr6VvVqxf
2020-10-15T01:43:50.620305868Z 586 eenvPKjoKARofm3V0v8L5uLXjiLrsaUFqkXm4g1JY5MAyttzhWmKqL49i0T8
2020-10-15T01:43:50.631860305Z 587 i1d7JmNs6Li3HDfgEHXy38TOdfeznVuUKJzPM9U33cdcRgP2jIYwendCyczM
2020-10-15T01:43:50.642254724Z 588 oiLXNS3RnlA0lYYAz6G8WjI0AaXYh9lLGgHUevQOPnM1uOdsMyfxRrN22XMq
2020-10-15T01:43:50.653846763Z 589 3SqUyJpUJF41Qz4nxJNF53oUxSQJUN9TqHM7fCv1UVUqJtS7iK6azuw2zykP
2020-10-15T01:43:50.664650601Z 590 PXpi0KOZlhJh1B3J8n1DHFQ4f0tdslxYj6zCyw7CZPXEm5Jmnut9buiXrZ0v
2020-10-15T01:43:50.676340651Z 591 5PNGNx8aLRpaqUz5sJohqgwFMfrkpA01WJtGgt8sWZHKUYI33INv17E6vNUZ
2020-10-15T01:43:50.687957683Z 592 XYzZVF88yKDgYY0tIyHfxaUMuY86j9XdfEgytpGdstsIPwdwBCMh8sqm91CR
2020-10-15T01:43:50.698848573Z 593 Tcbsj3a1wCWBi2EwXHe9kVpsGb2ybZhCBh54IRr5L1LhMlfzIjuLlEj4SAv4
2020-10-15T01:43:50.709725788Z 594 Vt1MVhQjKvxUyvKLbdBs2FiD65y4x3svSfQ1RXjbNUXMOkA2PAEdOpixiWDD
2020-10-15T01:43:50.721260316Z 595 qLFClvE3nkxsn6WChoakQEK02kGxKl6pN31u4BYemrulmG2UMdudW1350X8S
2020-10-15T01:43:50.733320413Z 596 kkpZscaW87ln5la3Q6eAkZ11HNEfrTOXEoBtLMsyWmm4wjXILsPoVZZRx5nR
2020-10-15T01:43:50.745245912Z 597 CePVw96gtzXkUAF4hDBELLtL7kHPyXF6Wv89G8oRGmJe6Z63aONimOyZzqhn
2020-10-15T01:43:50.757067848Z 598 SGMKmZMdkOOI1aLWDLk7JiSfYRg6zeRb4ZSFnjugHXj5uEba7mcn0iGy5fna
2020-10-15T01:43:50.767925759Z 599 kznkxZvOc8VsoTNu0bs2CdZnyZwoKhHrlVzFxTUUzEXzHMD2XqFYWI8VT2jC
2020-10-15T01:43:50.778471178Z 600 Lx1EEvgDqwmLK89vOcK82xwNSCdmwoT45xUBccWDEhUze5EM6lgrhDPmXMSo
2020-10-15T01:43:50.790043259Z 601 t9rSC5lILDoIIH4bgzuYbqfiAL85IP2QytAVOaacLdE3xGgaerYk6kThx6ZZ
2020-10-15T01:43:50.801729194Z 602 UpHvYpUTJICaFsgWTw4YdE4xkbmaQx3laegpNKAqGxoxP5nHHcgI4e1Gn7rx
2020-10-15T01:43:50.812380497Z 603 6dEmwVaNbTZPWhm7N0BJcDEobzmseJlUR0tWnRaprrvtTxHB71sXbXyWR4UT
2020-10-15T01:43:50.823558128Z 604 eHoW6xtGGAn8c6ZKftSHf3mbUxnqKlCClJmWTlv7YzIwBPdXDlX3XR23f4EZ
2020-10-15T01:43:50.834281853Z 605 mHcX87NqngOl3RyChiS2OYfjZex43xC5ijG1KvbMoLnTBpQd5p1OqrUmujWO
2020-10-15T01:43:50.845869521Z 606 Gy03t6ALMpZ9TBu0wS6N4KIzIn9ewHP8Ykx5EMb19S0wc8vNZponxi4yW7op
2020-10-15T01:43:50.857012513Z 607 vIvtHXjFfqHlnoM3FfMT9GvkhVPaSHIr3SPBg0vwEE1tRHaQSOlwX6A8fxZR
2020-10-15T01:43:50.868994483Z 608 xUXq4kdS9Q28x6PFjIiqTMZTgZFTmm5p5k2Zwk5rQ5JEjEncTwAbjRpXyTtN
2020-10-15T01:43:50.879134344Z 609 ZYlazATMGZpCZC97z1FoAVMGqxA62GsbjY0j0WbcbpvlL3IHkNuQmXWXedzv
2020-10-15T01:43:50.890114645Z 610 gONwlsplOgp9yB2afokElV0eKTRStkbC80jzpvrPAKxPe5zbCEwEpe6tsiJx
2020-10-15T01:43:50.901994538Z 611 S7QGflpqdAokVCIUVjkZXRn2sEgZXi65er2JWQPbTciFCzrVQmDaOcwcBVmt
2020-10-15T01:43:50.913752163Z 612 1m9Q3xGD61iu01Qg9rWHzDeKqSfwKgH80ZhSynrBIFM3rDkcZ61qfKtZk3gn
2020-10-15T01:43:50.924632326Z 613 PHGJBdAbtFf8sy4ksb0YFKFd5iNQK8ZVQ8dqGWFqENdBQZEDSSjCrzpNfRaK
2020-10-15T01:43:50.935530058Z 614 BWemSQOBmlkHJEHJDavt5YJ0992HaIW3xFacbGwHcyYHEbIeuBGiYuCoRDLR
2020-10-15T01:43:50.947210561Z 615 TI7XwhZL21ukBBC45MYz0elTPFawv4ZU9pvM9jOD2EZ8p9EiS0h9jKQsPM1f
2020-10-15T01:43:50.958831581Z 616 4WBKSwmZbOZWvon7X5gXq04VkDE7gjghwtZtYYVq5q5aqV3V0EycAJC5WADZ
2020-10-15T01:43:50.969163344Z 617 MxxOED2bLKKirI6WVVwaZJ0CNOVzdx4E2E4OzfmxgLJOs0c1iZIgnTyIZFom
2020-10-15T01:43:50.980834065Z 618 9JHWeZej2YBza683JLhLUaXeIVrDIlxuTkqiZUM59U3Om3ulqBhNDBeXYJSV
2020-10-15T01:43:50.991294641Z 619 Xcy1Ue5OHpqz2FB8jH5hVdyrTA1SWlxE09oK5oF1Prj3piuayWj69zcugK83
2020-10-15T01:43:51.003052804Z 620 ZMtIogtSh62xwEeqAKBvun3FGTxsikgG0NdOmuwUfwNY9U5XVqjeEZSBGHKW
2020-10-15T01:43:51.014566175Z 621 8rBRXe43yzsCndvL0yvot8JAIQJwgSUYFyzjPc5IHh8V7xqXt6WI1OV5lBGw
2020-10-15T01:43:51.025186602Z 622 xHQ4swlwIEZudB1IwqVMzxZpz1R7C6JyfqENhWbZRg0FI7AfawGnUqR2pTRE
2020-10-15T01:43:51.036704536Z 623 JqjPBlXZViLMg2p2ihssRqBGmQ2axb9LmrjWcPcNLtWm2znM1VxKZ4hrn6P4
2020-10-15T01:43:51.047326294Z 624 HVRg8kFwoAMf1v1FPihYcqGbpwpZs1N8lEOakz3g5TR6fgw3gzBTRWVJuIWs
2020-10-15T01:43:51.058922177Z 625 HrjBs0n1BIG8v8PIuPDPvVG8n2B14qQLuJgMddJYXq5kQjRxxilv1w9PsmU5
2020-10-15T01:43:51.069443349Z 626 GLUfaqXjNGLJasA4RmJuBbicOFkeqwHrvojdF020k2J0kWDNjeXs39R17Y5j
2020-10-15T01:43:51.081258885Z 627 Xk9gituI7n7FjGMCnnDHjzZXswuAcZZvTrud7VurPt74KzVtUvibbeDcCf4l
2020-10-15T01:43:51.093276121Z 628 ozlsl0VzGlSRANDXbOOHYOf3WAiLxAtqxH5anqH0R0hb3OFgQs1iIEe061cE
2020-10-15T01:43:51.104170268Z 629 yAuZypR4FkelcXRBzGc93X7Q1ONeE7Zn3xkkCvRAzbQ8vaK7gAyu274Im3Vl
2020-10-15T01:43:51.115909183Z 630 uxQ8zO1HmGk1wDJVwwrDrHv27TX77G9LMIcsuT2jHti9AucfnSzS3AmJw1i3
2020-10-15T01:43:51.126389890Z 631 JiOx2XTH8ncSCDqZgX84sonGCYAJ9PGyLCVIF8VgKzSN6Z8xnKpSAiAHfMzQ
2020-10-15T01:43:51.137955725Z 632 QUD3SogapuoOPPJ54NeYZxmDu3FPszyUK2PwG9BmNuvJQNFIpYnsxPgJTDxp
2020-10-15T01:43:51.149499081Z 633 qXg9d6qYqL2z1CeUWAFsVWwmXaHbmWHqlva2avaT3QjlQbKb6dPEG84IisEr
2020-10-15T01:43:51.161711816Z 634 xgl8A9MOvHaPcLyLC94j4QULrO9hHGDcr5hVaRK0A0TeD3S7Lt46r5ZofQZl
2020-10-15T01:43:51.172073113Z 635 0tUWDPYH96WdwPsXR2yy9vXE1FaGjM4GIFRuhnc2H1pKganyI7cAd4H6BsWA
2020-10-15T01:43:51.183941169Z 636 04CacFBBjQpMbZNYkkJR8UBwnRhqOhhuAj4AMkrUqhNDOt9wX6UOi2fDixSy
2020-10-15T01:43:51.194678302Z 637 XYT6Qy0SlBwyOQiduHe7WFimnXeQeFeEGYaljJAzoLQGy326IgPhoRWVnYvA
2020-10-15T01:43:51.205362374Z 638 0g6sonDtrvoQ6jd9x8nbPTPIYDl5wvzMMyhnmcOYwHb8NOKPeBtVKmuSktWI
2020-10-15T01:43:51.217310622Z 639 atC15dpCDuBM44M4H9oc25hIkXq6pBJv62TIKCccqjmPYetTmqifknB37buO
2020-10-15T01:43:51.229011037Z 640 GMxf5qqu10yqWQPTI512JqDkcOjeawLpep54M0nqqQRAgQelzBw3PI3KejRF
2020-10-15T01:43:51.239185766Z 641 QDXDAxzZ5JMTAUnSvOW5haQzjj6bnzkiUh8h8uKDLHUYLeRgqX9YqFUyMkba
2020-10-15T01:43:51.250858185Z 642 lwThnWaEncPXAI0J9coiecn0cTwztZvyMUkLtggPd2Ycd4prfD4VDhw1SJ2v
2020-10-15T01:43:51.261521785Z 643 zvKERPgVNBMxOJJeZko7ZUfiAD8VlHuOyEq6naKpEx4RP7iHTWNgsd3Xn6LX
2020-10-15T01:43:51.273288069Z 644 kAt8tVZnrLeUblRby4ROkQlHpWbt6vK3sleEtIJUQM33IG7X6tRuc21If7jP
2020-10-15T01:43:51.285143083Z 645 1TFTLvo4NVsYVAvz17CGwdBMSa4WXG0mMONdf7E0L2SFemOdiQvjor9nG7ra
2020-10-15T01:43:51.297073804Z 646 kiM57Mb90GL6vAfUmyqnfkwg2u9l1mu11Fn8OYXrUCMj6WuISbcQrj9R7M5j
2020-10-15T01:43:51.308568285Z 647 INO8oInaf8ofrJ6tjSqzFJomQ6bsvPCQXzjSfQXh6Bza99cNFdDzCBXn988n
2020-10-15T01:43:51.319132872Z 648 OXAT50wuSjD93s5fEaahcicRle6HVgJA80nouF9EoAOiNBPCSigAVHEIhWPN
2020-10-15T01:43:51.331062234Z 649 8iRDfBRyvQvcm02FykjdgZNIcFTaLMESned0V1IwqZpa8TyJkj245Su0gkzV
2020-10-15T01:43:51.342618346Z 650 dxMWsfSknKzoYw9B8WggmOihCPN3WbCDim16Ab4BmpPHKNkiusysAkGAERd8
2020-10-15T01:43:51.353837015Z 651 arDO4gp1esLxsyPMl5MRESOqsILy6ECC5MRmqw5lHWj2IcMjPzT7rGNApO9n
2020-10-15T01:43:51.364105427Z 652 7Fz5u7ReUQkb3uEEL9cS796uQKTm3ZTDJpRWpfe6Czd2URITgYg8I2vNpI9y
2020-10-15T01:43:51.375268409Z 653 9Uge28oLTis4AbzxsCn9j93rEo7ZtVwifox9P9thfAgCrjQZsfJQIMMZX3D5
2020-10-15T01:43:51.386456052Z 654 E6vGD7MWFqWHRPxkz2gWr2lvNYsA0xcuirSOYoAnJcucWhOc2UoomQ1Id213
2020-10-15T01:43:51.397882354Z 655 uZ0VGzRNqlDDG0SVzSLDzh64UXMD4WFEGdUnHNK0sH65hRmTAFDUHvU0LIxL
2020-10-15T01:43:51.408698041Z 656 BUzhzsQSPmc4NdOEd1Xu2Dto6GfrIC9C06yDTzbxico7Wi48TF98oW51PD6i
2020-10-15T01:43:51.419561923Z 657 LAwDG7S7N5BMN0k5l9nLKK2NgUgSAIVaBN88nusSM9PCFuAhNMPgF2G8HESH
2020-10-15T01:43:51.430392254Z 658 yl3YVNchHwk7TyHikTUqkqceZRer4Zwa8fGA9XuCOKNuJuWt8YT8dW0zOC0H
2020-10-15T01:43:51.441253952Z 659 QEtdaLaa4VBeoidE90ZR9dNqrLGc1SDG3koorLnwZMrh4zCjIhpraMWj70xh
2020-10-15T01:43:51.452910181Z 660 BMBP7f6i6Mulm93VUxmn4Ffn6QGUnFSP8ut11iHLFhu0VOYS7EiAe9eHHfxj
2020-10-15T01:43:51.463417649Z 661 EguJIwAIUBOBY1xUy4wm7aLR5OU26OhV9MH3r8O9fdNuhp6XRfAg5OGdJh5K
2020-10-15T01:43:51.474324426Z 662 RJBhe38lA66AMXXnFUx3Oa2do3lffP9olbxqoVSVfFjRSmfM4tusdaPRKxHG
2020-10-15T01:43:51.486047709Z 663 vFQohzrhaWkcFyPCd4Sft632h98Wxp64NFiWP2LQcc0MP8cWoaQLB5m6qcfz
2020-10-15T01:43:51.496712172Z 664 WI0OetlSgTwZjK9qX22l2gJ4e71HD2076yDc7Ah6EqWAnmqzy9yxyQwwZ93W
2020-10-15T01:43:51.507946213Z 665 xmnK5NrPJl6zMrcyAtvJHvo20bpyTQFbAMdxLJOQ13ckqYKXuVeK8Tfep2BP
2020-10-15T01:43:51.519619593Z 666 akXcRSLJBHiZkiuZKjgNhCXf6C8IPahIP9uBSxrsFQmtcNTlgVpwbCjyILMD
2020-10-15T01:43:51.530483119Z 667 NAGikeuEtMrZHkjo2OewMFzTQilrsIRAUhkX7ZDoduYrLwBDnEc8UzQHcSjJ
2020-10-15T01:43:51.542321380Z 668 cmWmsIhRN5sLI1J37Tj2OSJxqf3epzCyVsUtopQDfLFEjblNKxOpdRZXaRii
2020-10-15T01:43:51.554259357Z 669 V1x8rno1lRPsJYnJ2FbzkurGYq4hb1pm2bh9xGx3KG02YL16J5XErZgprMUf
2020-10-15T01:43:51.565481256Z 670 DeMcGnYq9zu9bH0WFaaJXbYrK91dVjzpu6b0S1AhYV1u6NZcqQBUmgF4Ud1G
2020-10-15T01:43:51.576882088Z 671 hMNW8l9lzKeJ1kAd91N3WcK29CnPdcfY2vgD0INw6aWzBcaTsuBwhMhYYhcL
2020-10-15T01:43:51.587327509Z 672 crF4D1s8ZTEj8IiyAezHD3yHGbarKzGVLP1brLXxsXPo3B3D7sGuhEMYd3g1
2020-10-15T01:43:51.599225914Z 673 rUrhi7NVlCgxsI1wg6nBLnJGCctRXANYNXiYfu0gqcyRXKgajOpETy0qXT6t
2020-10-15T01:43:51.611184210Z 674 qC0Qhmqujn7NJ5RJkqf4Bgb4H9qqsbkFCII0b16tSQnVPh4CfSxx3svgAGWf
2020-10-15T01:43:51.623062116Z 675 wbqIXulzdrnQBVtosmxxxW2BEUjdrVlAqaFqjMuBasvbginyIJb5ojybhvGZ
2020-10-15T01:43:51.634158628Z 676 LOfxkbliTio3GonGTyfObolF0jS8F7nJ1AlR4LuSJuv01fa1UgphWzm2m9xZ
2020-10-15T01:43:51.645907529Z 677 5YO8EaDAtGMOJx7eor9Q42fydJrtC45xZBOk7eA6cQmzKTVgwpThveU6gpOl
2020-10-15T01:43:51.656386272Z 678 DpT9a81X33UixCDJKia3Q0XPicoEbjqEplItYobGAQ8ZES5g0TikoX3jT5vM
2020-10-15T01:43:51.668162968Z 679 gd5VNGe35cAbSCToLlnNwhM7egITv4w8QYQtHcrTRyJTvLj845nZwLZkqU42
2020-10-15T01:43:51.679794096Z 680 ECztlAyuTD4L8iqBpxucbWt5qWiObGBVgj5XgnDSxrp4GKFEku2CzYbYC61m
2020-10-15T01:43:51.691003949Z 681 RiYnk8C9XX1oifsGUlBmjvFmVX3sWLVZoEcgjEkKBmrW43ByJEfE7aFBPUrx
2020-10-15T01:43:51.702563133Z 682 ZazHkVmVf0IOGF2Ayj6iYKXIz7dumWS0JW7ADUqmZmR7duPqZkRKdYO8hq8Y
2020-10-15T01:43:51.714108989Z 683 g0ukwaJufnszsQo60CTW3MQz25V4eOD1RCxapkY0BwMykmzYq8GIYNYA0a7C
2020-10-15T01:43:51.725800041Z 684 qJTQGNAgvlmqDaRzvaj0VGDf7QKGbpfw1CCYuVd2MiGSf8niJFsMedDVnjmV
2020-10-15T01:43:51.736461076Z 685 cwza6tGOR7gb7Z22jsT0eVRhefcGA7ciOD4OolFQ3Mh0YKku8nfjuuF1pWTC
2020-10-15T01:43:51.748057085Z 686 ca5Jdi3KCbjRPeiYR6yAhhy8RYek7fRDKvIVJ9G0feIJwrcGbnEHtiMdriqZ
2020-10-15T01:43:51.758583688Z 687 fgH8AnE9SFtHDnXln8sehDv2I8D09ZJQhDCXtiqxF1jfcyOTPs7D3wRxJuPV
2020-10-15T01:43:51.769683502Z 688 0zhQblvq2cM7OxsMfZQFnTfMNYmgWsirRmrbl3qauCCEPfFU29zQYKTdQKK1
2020-10-15T01:43:51.781215095Z 689 7VNa1N6LxfF18TiHIz7LCv1J23ehqsGPylbifWjZlc9rZCAJVNRblqbrhPcN
2020-10-15T01:43:51.792644238Z 690 L6A1b0m9qfEb8XerEYJeKAgToMG1jhuRelkkO6nq9r9UhaCz26BU7HouUeyP
2020-10-15T01:43:51.804209864Z 691 5BCZjedsnB8ttL1HAEAnkg8P5tU6w26BHWTjwwbZ9BWZPTgDD8ETZ8SPuSev
2020-10-15T01:43:51.816173005Z 692 YxAoZ7wGJsWFdHzefQQDB9GEfbXWROebamqx7eiEKBMZqV8reCnWqr2eNUCN
2020-10-15T01:43:51.827665202Z 693 fvABA5hOZGNe47t7M0I5qL3cqLsptDB5CfYlliw1tTw5iqgwYAwbegdyOpw3
2020-10-15T01:43:51.838190018Z 694 rg2Ki4yHCNWNXaaIT67iJ9MjJz5h2vrNaxyQt1qlEc61Ze8UB7OTlNsafC0e
2020-10-15T01:43:51.849415623Z 695 adtkqAZpP1DR5oLLeeaT5RpGvFBGF2KnSblhfhrRpS8bd4lioDgHrCgFPhlC
2020-10-15T01:43:51.860170918Z 696 NW9zBjXUfUJshyip9sHw3oamPd7ghoOWScywiZfusd17CLrLBoHVEbP8hSUu
2020-10-15T01:43:51.871934867Z 697 fH1jfl0GaJlL1ETqfnuqrmj0myM2psktUYcXjWE0SeaGe7WHqztZqV6rgGHw
2020-10-15T01:43:51.882634950Z 698 iZSH0Z1rFwwaMPdG3NeI0P3mk8AFdWJL28Qf7nJ9swAO3PbpLDOkTJkIdljQ
2020-10-15T01:43:51.893827398Z 699 8itjXTscrjBi1A3SQcAHsyUldTndaPQ1VREYOIvKpMtlR8fx6mTX6QOFIXVo
2020-10-15T01:43:51.905836011Z 700 4PrtC0YzrOULkBO4tiSCddYAgdHFsiCgexRMpCHLb7nd3tfbapsm27mq3lUw
2020-10-15T01:43:51.916270410Z 701 aPUHVgXonvXUJkljV7buJterhGdfj3OYeNaIzTTiGNhaZ1QZUISO57xbiFG3
2020-10-15T01:43:51.928000673Z 702 AuhY71aHzRDloo1PG9gjGNMjaVIUB1PMsf9an8imkovFygcI3LvHzJGqkffB
2020-10-15T01:43:51.938455080Z 703 iH3qPcp8nOStWsT9hCKNszwBBCla5d8sXee9GlWo6nYQOFQD2l20t2CzVksD
2020-10-15T01:43:51.949430464Z 704 Kyx1kohApJJ05Vv8Y13aIhiQcjfYa5HfnB3st3OfHgfEqakbJre9daZjnVN5
2020-10-15T01:43:51.960856888Z 705 1VQnAcucApVywqaS7UqQEp8JbePGaANO1K2ruwM20UYRpLiuhDehaTSc4DVt
2020-10-15T01:43:51.972035832Z 706 T19Ihui8o7OCTNut4qzYiLxpMcto7IulPNDtSfaohAEjJEPCugKo3jRhSobG
2020-10-15T01:43:51.983874292Z 707 fR90X4ngA3SraG9pR8h0j2lIhFLj3QCRbk23w6L4VwD2cE4bS4NowJrupPOJ
2020-10-15T01:43:51.994917927Z 708 vzar2LxcxsoOJc0QueIlnyzMDL1IQ3gyPWG6eGvE8oYnE3RsrsamFmmBi7kG
2020-10-15T01:43:52.005916449Z 709 tSs5Tbarqr7W3kXsC83qW0Oi6S9KJymoDHgBDwlkEdA3bo5wYbrkp2wf1LWw
2020-10-15T01:43:52.017131808Z 710 45OVH89IrLZXIN2bbj4GbxU2mFzdcuz9aRlulIAg36Ey9qBuV5Y7cr03aA2n
2020-10-15T01:43:52.029034568Z 711 0NtAoiG8Yi17NtMiNoWuR16LaW3KBKYLmoRdb6VMnOv6oRfXDptwZ4lpiXR7
2020-10-15T01:43:52.040491750Z 712 usxkvtOkMDUMiRdyUgvPmwv5DnmMxQnDx54De4hGwWUmvjpcMTPph1u57r3U
2020-10-15T01:43:52.051989228Z 713 XsUWUhTsPbBlrPfRQs7H3KxGdW6NZyRTnCqCZo0ER6V5pJs2PhKOF7oOoXsj
2020-10-15T01:43:52.063702856Z 714 jhMja5vB35pHg9QkLKsG3vOTwR4Xlt95dwYMH7sVoWxGSDBGFPDzXnbo3LCD
2020-10-15T01:43:52.074429312Z 715 LkN2RrgiZJqAQW4BVN8jzjadQxqukF5xMw2J7FcF3TrajUhDrSmMlq9E4e2o
2020-10-15T01:43:52.086228734Z 716 gnky5PWhJdv7wWIzeeXE3jMoODLv17siGWi70v0MjuyaYd3PITpPWhf2Mnk1
2020-10-15T01:43:52.097762097Z 717 HJZaOVZ3A5iKR5TQvvvuQTJSjoO0zi1XPc94mnxF6GRLCDKvrbGbCNoc9gdt
2020-10-15T01:43:52.108468135Z 718 htHbTivINSb2tPVTjIfr2FAGphYYOK3wQkJarbSW9bcevjKLynJW8KjsG2qD
2020-10-15T01:43:52.120095433Z 719 WCEzuV5Pju56epaRvKTT0G7UB7GPXeKdBOmkm1uQyafkaV1F6Bq7njceBLI9
2020-10-15T01:43:52.131763671Z 720 lParKDbfzt27YcSAJL39f2EoXkYhPVBSTbIM6GB9LVZtKvvUFIUtaLEfD7wB
2020-10-15T01:43:52.142663279Z 721 DIYocyF6qZDcZU8tFJ9lWGXYQlBU4Knz3XEax3jIcZ86nDXHjiVa5kpqnAhK
2020-10-15T01:43:52.153436701Z 722 EQrVJaX6VoAtXCHcqZIXMxGjFVmz9Xoe3Wor7bB8VeDgFDvMq9fX6v46cPfI
2020-10-15T01:43:52.164993454Z 723 x9LAZjWjZliTRnLiwPjFT8bsVLtIuiJOLYtiI8HSEntt0qqky6oZFNCD9jCs
2020-10-15T01:43:52.176468987Z 724 ohSv6OTSTaMEqg3GjZgMRbi9pt3iqk5PVZ0YXT45P9XoObaHDQ8VsaeZcM8P
2020-10-15T01:43:52.188228348Z 725 7xHAfQl2QnxTitf07yOwZEjxeLbyIPAbXPxpY28PjGxVBQOVUEYS517KHLya
2020-10-15T01:43:52.200328361Z 726 qkiRvlpeleReDOqyR360wN7SEWGZ72PtXZSFln0mjJnX9yl4Zq55EtLPDa3A
2020-10-15T01:43:52.211840405Z 727 sWuzg00WkLSjfheXPfivoI5mnewL3zIM86EHd7AKhmYgr0sRW4aksfCEJMT7
2020-10-15T01:43:52.222620588Z 728 9etacQCp1YhBmCuLiXG9nSyQnap9FvXKukDQdlD9xF30YTvT1wtswnQkKCuM
2020-10-15T01:43:52.233160923Z 729 hPN8YDuZ20WByqnGobTgrGq1PYyDmVRexjVGk0HjtfW2ELccOCodU7dn14mI
2020-10-15T01:43:52.244780280Z 730 oUvxOg08zfkZkxygqf7Iip1hqwo9VKzU9P1ECnkaCe31Dq4tc8BTDXT9LB5q
2020-10-15T01:43:52.255346331Z 731 m3AKRxkK5zrZRxF14FmYC49XVzEyXj8ZDYlefrHwmzYMv6osyRqPVntZJbBP
2020-10-15T01:43:52.266958592Z 732 mQGZi4T0u4tMa4XdKSAML049sG6kSlc9tSXXxp3JIwd61q4LzE7WU690vJSw
2020-10-15T01:43:52.278043753Z 733 49V8RImD9gKdCUmNGwQYr9lvYE9HdvFAFc3eYnnwfzalWa9NoSWuHYl7UbIZ
2020-10-15T01:43:52.288812296Z 734 UVByt8ZCVWOAS3Z52CJeIqjRhVk2ql8c9Cdji6t3BZcCagJj7Nm6QXEBFxhm
2020-10-15T01:43:52.299160062Z 735 xj9D9IokDbBVzRGF979eBmN1XuNlXdk7JNHPej3HuulJjypc7v39AkrMMXvw
2020-10-15T01:43:52.310599812Z 736 mSSmnILAgf6uhKSAzWTR9Gh0I9Ms3Fk37kgvCfTkGXNbUECr4gGiHfNJTNJr
2020-10-15T01:43:52.321324359Z 737 rR0AGi3IvmdIEqFFSpTOLmGavklL5TFuMX9l1mFl8tCm3jXriyWUMa7ugrg0
2020-10-15T01:43:52.332019307Z 738 mVH7oLkDH661HhnleRiJS9lbYcWyaiECZdxHVGhManWSQpxLLcwCycep4DoG
2020-10-15T01:43:52.343958791Z 739 biYjQbTTItHyGX7sBgqhXEGnuHKqoP0IIEdyBsvdCJ0y4UqUvXue022IpCq4
2020-10-15T01:43:52.355508617Z 740 0Za7zBilQw9Om6oR9SJ8AbDMWGVeZBLTZ5pznDfZu3k1gxDevyhLUQRKeOz1
2020-10-15T01:43:52.366473871Z 741 aBwcuXZjfb4EhdWdMrogCWu6wen0h6l2GUnNYzB6qh32Nv0QXzrRQl6628GO
2020-10-15T01:43:52.376995978Z 742 yFIIQDLHNvIKPRkiS0hYqjgt2srg7FrZT6VgewbcEpEukcKuCiBNTklxN0TF
2020-10-15T01:43:52.388771291Z 743 8GzUlhrKam1VLS0BA5dXlkpSnREX3FgwbSpf4orMnHMyMyGXxOWgDi0jPoAM
2020-10-15T01:43:52.399304244Z 744 P98AuyodCPZxDd6C24x809AbCAPQhq35FS143yfjOeXtUgZuyYEca5Jc3cgz
2020-10-15T01:43:52.411053604Z 745 8qdYS5snOn0ss87ZzlG6x75B7pjlUC0569V3KCWCEuNjcZX5NuoZXuugk13q
2020-10-15T01:43:52.422894111Z 746 rnhMGrLzbqA1zZiDEseoEpIQ8p3WAS2tfvXDC4NriNyF2QoIM7cTLnELPAJT
2020-10-15T01:43:52.433548412Z 747 NlSjWFw9u6M1Nju69bRdMY51FPrGwipkHBWpslvmpiHYMhfDiavOSi2reXaJ
2020-10-15T01:43:52.445092274Z 748 r5xHfRP18o95ofKjR6VefkrU5t4R0IJNKQapy39CSoqJnxLVO4OZsRLcXq2y
2020-10-15T01:43:52.456884382Z 749 bHOR91F0ePtM3afqSGsvkfgcri4ULUKmnha8ELnj3cgsHdLzNw4RnttqxVDQ
2020-10-15T01:43:52.468808229Z 750 9M0W2ZcISLuKgoKLA5soJdXxNiJSW7V4dltvStz04i4qNM4LpxZbdV6ijxu4
2020-10-15T01:43:52.479410513Z 751 3HKQ4eedHfPS6DSY81B2LcmBEnb3mlpZ3JC0umTjnx7TXSPk5ucHley9ldOt
2020-10-15T01:43:52.490461783Z 752 XjEPOJDV8ys6uyY0fxTyALWTnvdNI2SfNU5AwoRSIsCHTkUJIiOUisefhOnf
2020-10-15T01:43:52.501411644Z 753 2FBR3oUmMe1UgQ0tdr6NsjM0EwHVRQsZqT2c8etGI6H8mAnnALEfDFFKALjU
2020-10-15T01:43:52.512270382Z 754 UEmCaTul5x1VqdbxwI2YkD6SvU6G50uqPu1nRJnCIcsWaIDe8UJPw8PIvGdW
2020-10-15T01:43:52.523367901Z 755 ot8hNVek332dI7VNB0QUu5P04gQxU0e7DTwOBV2AmLCOPFHBLFzfEDqvAmwu
2020-10-15T01:43:52.534986243Z 756 tjGq61Z6Pgykq2bRyBxsmsnjlYdPQ86OzIDaxSKkEgisj3maV05kTfLFLzaH
2020-10-15T01:43:52.545758515Z 757 0mmvJBeqHldLY1afyvGeAenwotZ9XRzeaoLQgcsWRwCQkeKt8L2tPOcS6Jzi
2020-10-15T01:43:52.557509610Z 758 jHHb3nIvhwt7V6PDTyB9a3HNDYaIhwD0zJijnXEjA7NlZx6hHfwP43FhSLGU
2020-10-15T01:43:52.568939375Z 759 uE8oOh2nezYlBTAfBKlHK36mnf1mNkaLkUjijSjE9Uef8ScR8IYkv7ICcM52
2020-10-15T01:43:52.579448413Z 760 9DcTCV5GylGqCv6zIvfVlojQuhKqUBfBUBB4fDhkzDCSuB89lc6hv2jRw6a2
2020-10-15T01:43:52.591321776Z 761 RXRuXq1EAcYsNYB4oAJsMgKcdqHTMwSPC3CzuAEMNaJYLZ5nqmzVtS3Bon4V
2020-10-15T01:43:52.602937236Z 762 zCXNyaHUHq4mKBitAW2jPl7H0IE9MDZM97SCwfHFsbJiTfm66rjYCy0F4zVV
2020-10-15T01:43:52.613540010Z 763 9j2d9s36w5fPwGTMaxlIQ6nrJV5levyWdMSVB6SXtPwF55X1uOVBmmxZgog6
2020-10-15T01:43:52.625071257Z 764 mTpt3AdV4Xo70OI7OOVoPFImJPEHwaT3dRolOlf2P3JFAoDHQeYG6SPVlzkP
2020-10-15T01:43:52.636739729Z 765 g3cpJkCXPCVtntpu1wY5qy0PYmAc1mxoG12TrGlonksBowESy233ZmpMdMpY
2020-10-15T01:43:52.647168046Z 766 iOvdniD2aj0HIPqAVK5yDbGozPb6AMncHWa16CIF5wvbIv9A1Zz92EmPZiQw
2020-10-15T01:43:52.659041645Z 767 uyfhysaQ9NUIDhzuXaxrcF9yjRHIuWkCSv9oX84XnlbA04HjUtr29kWKTZOG
2020-10-15T01:43:52.670002259Z 768 WilMBPDX8lETznUuBOcQ1jgtYvH5pLLhKuMSFTim402RYpm4cJyffU32Euwm
2020-10-15T01:43:52.680917375Z 769 0H1UZtCR9YjgaOsvsmQxpSKAkh3nfeZM6nsJsRZVR5wPS17Wjdy9vLFu7JTo
2020-10-15T01:43:52.691363504Z 770 f3aBDeshSy4AO91ruci5FzOIkC2jMvewPHblvlY8AccBTnWJ4Pd9iuLBFxdc
2020-10-15T01:43:52.703092692Z 771 dL43yWSO7XXYVc9Kgpv1glUAluewGzJ97W3BRe04mqxmfHzvc4YHZOd4qKyS
2020-10-15T01:43:52.714811535Z 772 Wbdb8FVvEq9TvQBUNen8ULIrafR70epR2k76gqszZ6aZ2yPluC1yRLayBrEA
2020-10-15T01:43:52.725437039Z 773 ZVDhtikulcvfftib8yzjyH0dU1w7ZOkPoqHFIRGoCYEMgOi4zM99EvVYCkAx
2020-10-15T01:43:52.737303473Z 774 XtvKURB0y2jtW0KP8mQoQ1Wu5tRKShoQU0Gb1xeB3wpKDLn1psYvRN3aSZwi
2020-10-15T01:43:52.749281312Z 775 4wQV3sfD4Nf254Dl9liJmuDjAmumJnL9Ijru6ru6R2VazGFx8TcJyJlPs8kY
2020-10-15T01:43:52.760853598Z 776 fd0vnvy5oBZsrL9q9MjI439wpNmcCgCPg3HCrNssRGrRj0LNbiJp2GEE6Zj2
2020-10-15T01:43:52.771501450Z 777 sRxhnA6dZHLFIUDrHfXiq2eUVSAsBSCVRRRbzwzq8S0WVLdEpLVzgR5XYQUY
2020-10-15T01:43:52.782350381Z 778 Xe3Y559KlBIcIODmu6kvcyaNdKaoQJop5H1SZAQ8jr35hsChbtuiFyPATDMD
2020-10-15T01:43:52.794021480Z 779 WRwpjepuUsvuO0ZIsnRrIB9q5wOSIVLwmecmPP18kACACqopovKDMYIoMPpe
2020-10-15T01:43:52.804676097Z 780 Wu0JmQgBwhJ7R25DzvENXKJLEGy9qMm6SljwAICXgQfZvmKZQQUo27qAEXJ1
2020-10-15T01:43:52.816068147Z 781 a4SHfKobZtpaQSNN7kTaWKIe0tr1aQtvs8GrcAj5H1ddRMef6Rnkcnorovh0
2020-10-15T01:43:52.827856112Z 782 UqSUG9oCt1fFPycZaetTXOerTYsEXJ7s9vHiUOswVKVNLW2mDybQ7T9lufOy
2020-10-15T01:43:52.839562388Z 783 JJcsf3lQi285hzCsiTLXqDLpS7tYK0qYNf7GzbSlfAfIXiDjpllZHWizoXyP
2020-10-15T01:43:52.850060966Z 784 qMyFIhx5W5KWbV3TK6Tmf2o7i7Bh1OTgNr2WB1vOt1gwKhOhjVS0bw6BOok7
2020-10-15T01:43:52.861017851Z 785 wKerCECvAvscoCPeTUADKa0fXJfFp4N2WeBK4VqZsUHMgjnW89tZTviMTQ8I
2020-10-15T01:43:52.872451580Z 786 whgrzx60MDEgJLPG0FruQzyhOldwFRVJobjTOU7LRfDRnP3EYbXyhgFdWqYH
2020-10-15T01:43:52.883167722Z 787 uH6EGoIibOlqJnvqNS9Ou6W3T8jn3KJ4dtpVwJl2S1Yuvkhu6R04BdgngqQm
2020-10-15T01:43:52.895008079Z 788 LhTYKzqMYbJu4aU1Bd9ih4L2WtedQs0ElYeKxowB2BMN1yLQUkCYLkVHShLw
2020-10-15T01:43:52.906778214Z 789 yRIjdfKkWEdYJOzZwoOegVG5wAOKCHJkwjS6CxCZ1FUzFdZy49BXxy2lk708
2020-10-15T01:43:52.917519705Z 790 aFFMkqOFft1fR4KLHGLlCOIdRLgHcFPBmr0NJmWTw6uo1N0oHho1o8fu9P4N
2020-10-15T01:43:52.929216963Z 791 V9GuRqos7VR6n9KfMAfdZh3EPJQKLnRudtFHCKEBLXiDdIn6D6FMZMbr7OIz
2020-10-15T01:43:52.941125307Z 792 W4AobM76QIXFBIFmVZlBISLwOsvApoMNZXNLlMxuu4HnsGQOnfCQsu9OAETb
2020-10-15T01:43:52.952891200Z 793 QgBRZMpcDqySeuR1B8HfIEEeFvbDXr9d5jCRt4m74djvCcSU1b6clTKB2arr
2020-10-15T01:43:52.963294477Z 794 gCoqggYhgr7qDaZDPq6TXfzp6VrCa1oAMmd4NAzmKW3EVnlb1jH1VYoNT5mn
2020-10-15T01:43:52.975071012Z 795 awy8HyJi3yoFluu6EPodcUgowI0juY4tvbHp95UwIUTdTOrGFmgtzNYUD7Uj
2020-10-15T01:43:52.986774622Z 796 Tqhjl6wczjaCeqjmrvRAWDsNyYNmtxTN0RTesy9njDJBFDCTt1SbMQA0KxoQ
2020-10-15T01:43:52.997589207Z 797 WZFYtzmVa2ktyLkDZqA2jqN1x7VQbp4Xwi99P72zT3zV3IfsuOVBluE42p9t
2020-10-15T01:43:53.008435784Z 798 vAWXoHFKXoaUpaYnumRM6yZlZH8Ly5s2x7USHPF85abysRVSqXZcrK9q7B9c
2020-10-15T01:43:53.019929906Z 799 kfse9rIEjT3j656HPkpsjzXKiyozoehy0NaiDmVr6S3NlOx0Pg9UcyiXIy6Y
2020-10-15T01:43:53.030468732Z 800 hVide3pO4bDBvpdWhynGtUNMqpSM91RhOG5aYBqKbwqaMubUrTCBeXtUZu1f
2020-10-15T01:43:53.042146760Z 801 PkwleSzvnxr1PP8vrlVcifY75IWDm83TYtZP3mPROlyQ1vEg2v7u49n4qbgY
2020-10-15T01:43:53.053929369Z 802 W5rDQKNpi7TqJIPfEshCHC7mGrd5lk208TeNJ5BHbDx47eKCRKS00KY92d52
2020-10-15T01:43:53.064648581Z 803 VcK6N4Oeu4gA2tRQGm3F21LBTj6GkrMmhid4fR5WqZQ7j5ti7yctSPaWiMeB
2020-10-15T01:43:53.075455630Z 804 7LGPkqPjDTATd3uMvX2PWS0IMpzaYLoOUGXA65feg7Y03XQZHI5XQn1MuEL9
2020-10-15T01:43:53.086293224Z 805 f6f0E6gZ7CSkYUvGia6lFNfh1yR83MZyHgrcsHVjg0THhvfPQyXdaNfB3xgt
2020-10-15T01:43:53.097961909Z 806 ZuYVog1tsxM0DysHaGsPFJIZonvv9dcq32X2BvM9n9pZeuTXio4p8Sa7zoxq
2020-10-15T01:43:53.108741787Z 807 INQ1Zr3sCUWGueJaibvcNaTXsGlLv3LLMQOV1zG6SmM2sJNp6VWglyM2RYIC
2020-10-15T01:43:53.119377838Z 808 gmfSebfxqeGmcCoBW5OvUbgb0XkQAlJeLjg6JEygcFaXG7sUQri3kBrdJUeh
2020-10-15T01:43:53.131326498Z 809 m2p9o4tkMZx4naiiPfsaLFsHxJgDfwKZng3pwagGpXb2yrJ2QU8KDqBLjyG3
2020-10-15T01:43:53.143116594Z 810 LOk2C8VmJBAjwZ0I58glthypSrhU33gNoD6yymE0Pxu0e3BlnmFOeLJd3u2R
2020-10-15T01:43:53.154607057Z 811 Cl0s5DnO14lywzCs8XDw9xvtpeayaAMBvX5u9TQEKriCOxhQA8OBHYmh5Ol1
2020-10-15T01:43:53.165405265Z 812 cKXY1xGSvkj9NGxQYBpo269BWOSv93YCGfmvhYfAszVEp4EqtexYsyefEH8O
2020-10-15T01:43:53.177039872Z 813 zlxkaRavtM6oYoewUbQJvr6f0rR5SeBqrvF6Gd8VOTENS92WTTkdVeo3B3SC
2020-10-15T01:43:53.187662920Z 814 7VULw7fTs5gesJCgfxwNasZX2uno4V138SI0c2qXPjVJrCv2hpoves3ZIhIO
2020-10-15T01:43:53.198341383Z 815 S73kDNqb4id9gxm1Gt1mVD7KA3uTkqsk255h8ZbFJ741OocRLlRCRGEVhrCa
2020-10-15T01:43:53.209391787Z 816 vse1lqh4JuDtLS9ZDkWECNPuuoGPjXh6Ud0xYYHQ0D1yfP1e0R7ySTxCK9uu
2020-10-15T01:43:53.220680374Z 817 voeYEwxR56rp6jtEakvfvHUccqW4GRvRcLrFLKGiHuSjGwAipsMwvzHZ7s3Q
2020-10-15T01:43:53.231243945Z 818 PkahER0nBwAi0duATxCXud3bcaIL7KSSA3Tf0GYRYAQQPUKUaC64XDOYnlZk
2020-10-15T01:43:53.242846702Z 819 oULeM9i9tuHqnPFQjFBMD3JJ7r1nBqvQaPpOqN4VglBgjWFpggwHDkvI317o
2020-10-15T01:43:53.253473414Z 820 7D8r66Q9kRCef7nL6wvHBwpNx70soI6pAymM1KQLoFJ0qZ55TikaUP74DYL3
2020-10-15T01:43:53.264504039Z 821 b8cMN2ADt5SRl5GIvnNuPRyvEgit9usuQtTt2qjpnONXZmlepJ4fFbk78mew
2020-10-15T01:43:53.276097927Z 822 5y3hw0fDwmRzZN18L4kDc86kka2PrDTFr1TloO5bVqTVvhApRtDobkOIyQwV
2020-10-15T01:43:53.288035934Z 823 BygZeZwyDtzS7DwtEPP4qRowP76mUmlDmv4bHmdfKS9DsX6shJpZRwFlPiQp
2020-10-15T01:43:53.298465335Z 824 FHQ01u1lS7E1XhkUlGGIpeeMh4mCatF1Zw5cGe3Scqzdo5so3DCCK5I0GvJ0
2020-10-15T01:43:53.310062533Z 825 jtHEct9qvgIAwytNOBy3EKkDeDZhcKXbFzzlt95luRvyzO0pgUYmz5IyWq6W
2020-10-15T01:43:53.321825170Z 826 spEjQiz7oZoa36rnVr8XEaP3EgL2iYDdpB2s1bAYhtH6sSCmaurx3ToEFmJK
2020-10-15T01:43:53.332621922Z 827 05Xkf0Fy3PMUa1Pwko5gePjqYcLNkFToyuxjse73WRk2iRs0CcTQ6J4hbpPD
2020-10-15T01:43:53.343435016Z 828 gQktnzi6jNYFFjam9a9NHBVsRWhg8OKsW4DloL3LERW8OJKILJkdX8o8NOGt
2020-10-15T01:43:53.354156217Z 829 eCaxdcLDAZXQqgOfq6vfWu1ojKIR1bcgJ3cCk3ScgNGPPylLAyJxSxS2bcrp
2020-10-15T01:43:53.365179169Z 830 6otDCBmvTdFROaz7dV2r6CMvFvX9glfiPrYWqByoN3EDzHO7kkkhowtILEM0
2020-10-15T01:43:53.376348405Z 831 dDsudNLYzTitiM2j86myz6DkdorNENeoUATFebkayDxkqi5BnDR00ZhFctev
2020-10-15T01:43:53.388111138Z 832 TNrUZv5SPcBJL0Y3Tb3Mj9CzcyiU94pj3FGlXwjQRZ1w34q264QbNmJpRKSS
2020-10-15T01:43:53.400001374Z 833 vrB558obm5RK0QxIm6mn0rKJYjSf0aH3a0ffSJwBGABf8K1lsFydQZdenB21
2020-10-15T01:43:53.410871060Z 834 uOillWxg37C1XEN4EyBogX1riKqFlUwHzFf9jwyIYboxJJbLzvtAsosgPV9a
2020-10-15T01:43:53.422001139Z 835 h2ZjsJIoZvlfbZTaNEay0k7S3uaNjlzkc1ObJ0xiRUl6AAiC1cStyfl4ZPlF
2020-10-15T01:43:53.433775693Z 836 9UxBF44fbJ1640PxcZYiCjm0QySPL5OWlh70hC2A5rpqjp5oNlCIUKf5P8CS
2020-10-15T01:43:53.444860160Z 837 u4VzTc7bH5MMvZg2qoxiVRMlJNPURqVijwRBtkzdBI5RJEqOZrqK089KnhFc
2020-10-15T01:43:53.455319325Z 838 kVq6E9i3rMLLY7raTkd6gLkUpLVvPYD3iQF70thJaXZH5T5f8nCsSbmIooIu
2020-10-15T01:43:53.467048668Z 839 S2vxgmbnCygiGX5X7n2vFVseUjuYhWQREQaWUdPxBiWp3gOpSgcaaXu0mdHs
2020-10-15T01:43:53.477656959Z 840 08o8BV8Jqz3Kb3M4XL6KBc93BD5ursATsdcuVGXpLccO0oIMghi2OoCUa8ay
2020-10-15T01:43:53.489037468Z 841 wg5J54qjz9h3RmvLZicyS2OEdJ4PUSTT4YVKiFK9HsYE1TH6ZyjUmvbVF7Te
2020-10-15T01:43:53.500740053Z 842 Rq24BOmByhncRMSLilJdqenHG4kay4Aa0KuwJGuC5M0pu2nkBxAyC7mGOerA
2020-10-15T01:43:53.511330720Z 843 OghVt1eaRvmS6jHVYcSZyyow2prDhdRzHEOdDm7qcWiP30EH8vFvecx1doUa
2020-10-15T01:43:53.523241587Z 844 9NBvMyhUQlX0wF3pEIj8epIDKyq6BxogxamBSbj9qd7zqzcFasKhqJA3KBL4
2020-10-15T01:43:53.535056207Z 845 lF8ZeNUTlkTR54us9iAjg82XcJJgq5usMBH7tOHtZulbpozq0fCGlmlm3IwN
2020-10-15T01:43:53.546836488Z 846 1OJHJnYT4BfQAUn1ahB3EoaSpB11BQTXA84aOBTc2jWrLCHohwJUv6eUFQvO
2020-10-15T01:43:53.557286142Z 847 UxdAJF9AOSPaJyir6Uqr14h5vrg2luZ4PSpoA1LUnsfB2YAe0AQoL01gdTFW
2020-10-15T01:43:53.568599700Z 848 njyrT9swkpMETdfUgh0M8xKWbhtoy4EOwryPtDahDgnXxOBcBbMniXP0DgPw
2020-10-15T01:43:53.579281076Z 849 XT5ju4yHRcr6jrZwFlfGXFFkoMj34ONwzLI7Tcghw12HZl6AjAUMqPeLJXYW
2020-10-15T01:43:53.591150934Z 850 rnLO0YDdMhHeWV12WFRHIf9Pz99dZ8SjkmTk5g16JzT0PQb322ALtbQymmxt
2020-10-15T01:43:53.602923924Z 851 poVl8UJFcCKooRFA5a2B9Mn2UZ8RufETwpnUIHlHRzE4JejdCFb3S6pHgNul
2020-10-15T01:43:53.613847164Z 852 uJDYWUAksrgkeIMSGSS62Arug50wARcyFBu8OC2xfuLMr8qsbMNt1OAghtvf
2020-10-15T01:43:53.624236951Z 853 9OglUZh0OvYNQrSIvh1NJtcCPwM9vrl8TOsJtXlEvttaBvUsvsXthtQOmHON
2020-10-15T01:43:53.635934473Z 854 RdTbVHCRQNzDz72U6XMAoCb7pSh6EBoe594putsmQur8IaxuSneZJWAfsfzR
2020-10-15T01:43:53.646477045Z 855 m4xOdkige1hfZnkM7PrXn9LxV6CYkZ0EAD2G8En0Usc7PWAj6Qztl3FcbmcQ
2020-10-15T01:43:53.657542763Z 856 FTplRVQ4G5X8hztKIBFykMpKTPZMvrg3O4Vv83fF52A0w8hh0Va7EpzerGRB
2020-10-15T01:43:53.669246992Z 857 sU04aILj3gGQ29nG8LczYtOeafPs3zXBkacchMEqElv7HfyYEhyM9sqIsOTQ
2020-10-15T01:43:53.680768808Z 858 s8NU9UR565YzRxtMXpFa9OoQ3XsEZ42c1FGgiN3tpIhsSE1dArbSI0FJSm2f
2020-10-15T01:43:53.691463250Z 859 bbCVzCKmlgVIZ5nYPKzMnCHZPYCiOaJW8Zje25CoVee8aPVvbX2nsF17RirW
2020-10-15T01:43:53.702849473Z 860 vWpgOGjMRrPR9fJDl1YHPesyyxMgFulPGLDXt2KVgH2bwXZkvtrVks63x2Ei
2020-10-15T01:43:53.713439928Z 861 otUT103IDi8EknNhH1kRrjX6Ewvgtm1sgmBxFNy5Q3GCKfFrBBJojuvl8mAt
2020-10-15T01:43:53.725031543Z 862 JGVWVjne8v0DlnrMOimkWRVChCWwFLUIGqudgTY6OoeqoajFfpr4GnDVj8Wq
2020-10-15T01:43:53.735783067Z 863 e6nv5oXPqVxRSFMW7DGZTEWK6AbmaNB7fkjAmn53WHXR14TRuLXFpMkwK7um
2020-10-15T01:43:53.746350434Z 864 mbbsGIP2VIeJco3F6JNpDK03930nG5DQD083AVpK9M4y5dSRGwqTA1082Qyr
2020-10-15T01:43:53.757966646Z 865 1ptDlEBoTdtyyEWtVrvohnrrxcrzdkhnc5FjmSn1fZfoCb1Qh6Q9EYBG5N7I
2020-10-15T01:43:53.769649404Z 866 stg67SwSJSn17eUZQT9qKngX04DWbEwtwi77O5jQnkFCJIqNYDViuV2rHjTl
2020-10-15T01:43:53.780523258Z 867 W9T6VpTEAXxcpXgHAjvn4NxbOgo7dKX0f9t6vPoVDritr7tkAcSF5alllYc9
2020-10-15T01:43:53.792234685Z 868 8uVBC0ptrLwGSeUF7s7I99JspXxP3AnhblNk86u0R18t2xYUPUYtzdFcRxwG
2020-10-15T01:43:53.804361079Z 869 yCXC5BYLAA7We1dTptkl1qSY79MqTs28pjS1Oc7zw8AJbhMGNkHuqU9KgX0B
2020-10-15T01:43:53.815820631Z 870 IHugbSLwxx0FKhENm8lh11QNBQifL3WJK2B62rXCtVOVKwfxcwDkbxeBzfWl
2020-10-15T01:43:53.827585523Z 871 sRfOeqFIYJ29ZORMXu7lw7qeNowfGKH0LaNMKHUJgghSbVr3uYQq7duRP6pV
2020-10-15T01:43:53.838843204Z 872 OMmwUSbaRi2ghm509bitbSAAxDkiBHyJGUX8gm790E7gAyvaluaL6ICbHowJ
2020-10-15T01:43:53.849757627Z 873 pv77pG9DjMHNTBH6TytlPUzDewZlbaivqfBHb2WbyPS9Mszjr42PoNNzovYN
2020-10-15T01:43:53.860846903Z 874 joJzlioOBowGyVySMmpIRNOnkf20ZPRZXzWZULJUh0SvlM7RtB4SZu4xgLNz
2020-10-15T01:43:53.871421192Z 875 HXwverdID9mbenQQJYOn7LyyeFQ0bVz18iOXpAGFncAv0ryalnegO3RO1lii
2020-10-15T01:43:53.884100687Z 876 Zx5mckfTgWhNVWQQ6vtjYOWHJdT3ee8uc0zECtwvVpMVIPE3FSuAwBy6gpAj
2020-10-15T01:43:53.894458828Z 877 CR16nOM4W5BoW8Df0S4dkCEgBazcJ7kUgdz8Ou1lH2whX1emlTfj3nPQkeMw
2020-10-15T01:43:53.906158036Z 878 caksjjUk72bWcHWYMS7HEXM88JrtlSxkwOLodxKUuB8QMuf1NwFtOYcCSQfB
2020-10-15T01:43:53.917799474Z 879 WwGystK61Q3Df4RNBtKNB9MDISoNSfv8ygDIHGzrt3KjkQu7PLZT0RORJPIB
2020-10-15T01:43:53.928604564Z 880 HqOGHb74ssl5FkopP5EpjUsjY16FdlX4fIV5yfv5WzFmjQLlNWbrxHZykf8X
2020-10-15T01:43:53.939303107Z 881 zTei5oIXANFeTVTZm1kZ3KIeyqOVk79vQUNg7XxzS8OPSLFCi7Kvfx66rd14
2020-10-15T01:43:53.950584648Z 882 YLd0Y8VtiSASGH014ccTbs9yb45wy26YDeIMDuuG2fTYoR9An4RDiwx0KEwC
2020-10-15T01:43:53.961308099Z 883 YItg3GREN1LoqZBMnC9s3eI1SXpAJNPZ8DnQEPmzGBHB7ofVjzhaTuKycrd2
2020-10-15T01:43:53.973008267Z 884 soiifkZLVDBWYioDyb7tMElL75kIZL8pI5lwcRsWorZ1joXU7dp77uEpPti1
2020-10-15T01:43:53.983728624Z 885 mzPnqKtvX3nTbxANDOVxW5csnrrGfisMUfa45BrEPZEz8K51skZeZTT5o3Y2
2020-10-15T01:43:53.994752029Z 886 Zmgoll7orFnIPpknhMoLTbxZhnUb5PRVHhL270w1QOLXfawDs0ZLpzhz9Dua
2020-10-15T01:43:54.005643413Z 887 JyQLvSnpRrOi5C6PSDQEdEBammlvXnNVaWtWJIlokbfxxblJE62jaegPmGEX
2020-10-15T01:43:54.016942796Z 888 grS6nh8sMU8jbZfURlKBkYsGILFLknt8ybjeduC2Jh5fIKamPVSZUG1bNbb2
2020-10-15T01:43:54.028405994Z 889 pZLNa8JqzKijRYllVh11IVGNQQ4F5B3eYi8lqsT22mFqUDOKb9EXHpJhY0Jd
2020-10-15T01:43:54.040079630Z 890 x2iJPrcJ53kWGpUjREJSQUnPKOTDbEv8TgyzOQd9zEtkpi0C9nyMXkOMnCg9
2020-10-15T01:43:54.050644515Z 891 LFQUIHr5OD5kHEMNBWgTzUEIFFoOJS7gHO5cWGmCy5UjR6UGG9hJNq6nQKwm
2020-10-15T01:43:54.061581363Z 892 NGaq1NQX0Xj5laAWaJlI3jlYtVQruuZvUGd9s8lxpoDzNJ9ibaK8OpZndGaD
2020-10-15T01:43:54.073179604Z 893 Nqtqth99FTINptPf2ixICM43BZad9Z9Mmolq3pxz3sDxhR2zepmdoX64dABQ
2020-10-15T01:43:54.084843874Z 894 NxOqbaA8tUoYqv8jd5dV9P4TUi7ZbvIJHLEXFoD0i3EQg0q8ibO7otPo7Lpn
2020-10-15T01:43:54.095349581Z 895 VZmQSNsAiXlmcKYkb8XtcANoR8vyvjgIk291P8zOx4EzQFT6PP9jMKRDjyXX
2020-10-15T01:43:54.106988827Z 896 fMtpnSjjGgvqnsJbCE5xYjJERdXrm9KsSG7KsB2JLyIOQP2jozJvuwiPjoIX
2020-10-15T01:43:54.117477415Z 897 6xAEHrFn5dEI0eoym1D5gGvHxFXz2fQHBqG3Coc9KHCOdhKTxrwvs6CSrx5K
2020-10-15T01:43:54.129347055Z 898 I6x7BUodS2OD9FzATyeu8QMNl0tfPjfJHYjwpTCyQF9uoI9E10V5odbLvxV9
2020-10-15T01:43:54.140930218Z 899 CxaOx756Pss3ZUeA6F65SjXteupLM4i6rpwMwtZQOiosVuc0e2QMAy1wRvSK
2020-10-15T01:43:54.151243010Z 900 4pQ7gSHtIG8DZC5EJVbeDc6MW594bdFn7PHN98XCu8GF1IqziB3wWJ6nzU3K
2020-10-15T01:43:54.162723456Z 901 nHkaJNjL6uy4yefD0x0Wl5gsVArrHcYKdtSLq3CopidnPknb9zbh9EqWEleV
2020-10-15T01:43:54.173393934Z 902 QJh26LnW9eDoVzWMmkvWGd0ODWuJ6Vt0uLeSgA44B2KqeYlmKaCIzZ3SGUlP
2020-10-15T01:43:54.185334731Z 903 H7uhf1595Tfl20RvstFMyYNpVxFxFaQRskjQlsnFRJN2vkXpZlZibALP3rAw
2020-10-15T01:43:54.196912485Z 904 vfd32HG6kPAP8N0jBiCFOtCTVSAvLSJzk6pIVJC1WxbBwYu67NLknfx8QI4p
2020-10-15T01:43:54.207428571Z 905 P4UvhYGLiY7rZf82nXIjQdvvGQHwAfOuM3c8X6I5aONWoWs9y4aeUFMk1iyb
2020-10-15T01:43:54.218427672Z 906 VtW1eir8NNiWqu1mA7wxaU938fMTSVMy8yTERZ1WWkPtFPBbdReX6JIkpm72
2020-10-15T01:43:54.230019412Z 907 H2PeIBENsy6xEjAK9f7kSbRmCZaLASoqNR6EOMhERSuK5jhczYNnklKYN74m
2020-10-15T01:43:54.240518432Z 908 jsm6QX14RyKIYHRhkdJdsBLQTN84tn28nr31UXmTXsdNCpOAu96Sd6MzBcMM
2020-10-15T01:43:54.251599341Z 909 fXqjjkn4OZHU0NlNUz0lZCvJYGPqgk2YkRQjsZXdnKfBhLWX5Z4aqu6cF2JI
2020-10-15T01:43:54.262562221Z 910 Yl8RyptUrilvUe9EWvOsXDHggHk5L5HVHEUyMBS81jf7MyrOs3YQEwt6xiAk
2020-10-15T01:43:54.274088626Z 911 cnLW4jGYTozT3HPXRUGH2utBFAUqNmaA2Y7ZKHZDIgVWnKoY2JevhflmA3PY
2020-10-15T01:43:54.284124278Z 912 ANFXZNWFOY8n3Lgcu7CL2vqQ7yl4474p5SazhJwHu6vb545hQ279NO7MMnA0
2020-10-15T01:43:54.295470869Z 913 puaFlfk8OgU6rXPySxPeGzRmGNOFk7c3vrs4Byzx7FcpbrWsxuOYq3Osugvz
2020-10-15T01:43:54.306819185Z 914 Yz0lcbIMrKEyQRX3f7JmR0wcJm4XI4CbnhJZ4ZVEen0z0fAuLlq7ji1iWKzM
2020-10-15T01:43:54.317414517Z 915 m1jP0L4uKXuVjgaykZwGxynJvKZ5p2SwvnCtzv0QmHvIILp8PYZRptQZPqVo
2020-10-15T01:43:54.328116447Z 916 mLLYdfryuFO6lOcDtQcNl1ScWyGJWDgiiUqeS3uQTlXeBV6VohSJJt3itYUa
2020-10-15T01:43:54.339338795Z 917 87RZrQ19xsIrVokPfYlyrxnh87nWMIo08vEdAH88SkFhECXODWVA9H16Mb0s
2020-10-15T01:43:54.350842909Z 918 3nqpEgIgBiRYxPPk1tCpWRJ2DHmqTTsJmZYFbvM16jITciOz9ibIaagwOboE
2020-10-15T01:43:54.361778423Z 919 rWhWDPnfpRjdZd1JG5ULjSVqPv63S5TDpupN830i4ngtNSYl2hqpjoSuFOUQ
2020-10-15T01:43:54.373036858Z 920 7Bp6rz4GCC4U0kIGUx9M5xUaz8tWdG0cLYvq44fEVNZOrnLuuv7XTcBrkbcr
2020-10-15T01:43:54.384658941Z 921 7dyaBXJ3Baxrt5joLVpNkYRcnJHW46tCTwt57q2cyM9KwNWM8uDH7SM36qJA
2020-10-15T01:43:54.395375555Z 922 xM0eFClbaFQ9IAqf4yOHhw87E7tGHk3hQhxgJb5aCpFuFVfwVOfqVfiJvdbW
2020-10-15T01:43:54.407057146Z 923 lhjN0RXfkgtAND0DzA1hFZvoGAHKvwlLH3gZrfTl0iqu3efo1XR9wkgRv6HR
2020-10-15T01:43:54.417787719Z 924 D1g8T9f5CwmFHr8P8xSqWNx5GXlVvWjooqScxLBgxsFbDLEh7FhJAJpolUfo
2020-10-15T01:43:54.428519609Z 925 7RFi8Jd691hlT5pVUZMB7Bh8lGSKCJMQ4fwwgYYSp4F0uAKC0GDz9vt5DTzJ
2020-10-15T01:43:54.439476276Z 926 nvyrTFgPU8XkHeTzyNdyZ9zsdtzbMkH8Ya4LdAKuWKY60rnvs6ycTPKqDAzW
2020-10-15T01:43:54.450392584Z 927 J7O3mgWTxi4QPzRzkLXytuHcGbePbFQuWb9ccGlfswTWIOufSZ28FstIti6H
2020-10-15T01:43:54.461381359Z 928 DRoUfKYcCN3yc8XoddcmemJlTBQDU9lDSWE2YH6CjsYE6xND1PdfVp3Rl7bx
2020-10-15T01:43:54.472293297Z 929 wQktMezc1IZQU1VfYvPJixQy6S7FBTFH7QYqu9aAH6tV6f6PxJzcPNW5FWKA
2020-10-15T01:43:54.483592939Z 930 oU5P1BxE8tTlwIFjOxP5EoDvcCl7zdTLSyxbeyeOZWJpe5IuVW1yoLN3i3W3
2020-10-15T01:43:54.494178238Z 931 RoV4ynFVgpojPT2VCXAwVFuPtiQGDO9ajAq7Zh5oEQQ4Ob7x0hMV8txrkT4l
2020-10-15T01:43:54.506364153Z 932 OySKbnfdXfxvK6xUFIisBIL3yrYNGJ67tFwu3QA3jXEfaZqAQwijD44Qng7t
2020-10-15T01:43:54.518080570Z 933 zaiTETrhpU2kEODXA4asoq48LHIbgN4q1FV7laEJ4GXye7RmCGFEGcOiUdDo
2020-10-15T01:43:54.529874584Z 934 jiYy8E39LQBRX2kol6zxWHPbYA6kqm5J4NdVriksJJ8KGpjYsKbYVpxMIVyY
2020-10-15T01:43:54.540304144Z 935 ayCQXa2KIDiZNXDJ7Yq3doyemeFhRpOtnQkh4dTSX5EWDaMa1o78rhO2WgIG
2020-10-15T01:43:54.551697804Z 936 NKMjkDBl2bPPb5qeOtsiASgJzkhHAgdBhz3irvpE3GiQGhymqc6093VaX7kQ
2020-10-15T01:43:54.562313420Z 937 iSkZAaZiObAsaXlNYgQ3FxexTtDKvFcnpkNPEhWeyVXA5XYDbuyYH7p2CpEl
2020-10-15T01:43:54.574235160Z 938 gFQbtKHNPQkcrqi5lI1hbtTgny2x83VlkK1b2gH8bwpWR0sVaUTUTJhruuf2
2020-10-15T01:43:54.585947457Z 939 ygGoUfqBNzr4PRskZsjvcnGE7aVgv2sbczwcGwnaWWPtet72NVRGiIv19qG7
2020-10-15T01:43:54.596705901Z 940 SXCEhw3Iuzwaf7p9ZSxTdxSqYxQ3WsT870Vi2y1xbAmTrEDGbNAnZaHd3lW5
2020-10-15T01:43:54.607381390Z 941 ScClqpZhsv9kjBKjeqvKpB9GEoLDPWOI8jYgztBgzNG9MvNIJ5CeVFJ9sHeM
2020-10-15T01:43:54.619040030Z 942 S1XAsatEryPhQLtisNkEebV7HkMbACZlfpIUCmDGdlh0hVyYaBTuezxJ7h5c
2020-10-15T01:43:54.630852570Z 943 khGKNiYsaDoCEawtgdqmvrJhSwpqNeRFjdMHBUxJjWMXn7anKFppTrEOI9xF
2020-10-15T01:43:54.641532478Z 944 iIfzrXkUI7aSs6LuTEeS84yw2udASXDQdGyRIw50xrUXwP4lOeqok7widnbu
2020-10-15T01:43:54.652415343Z 945 3Detkj5NCU0ZAJKos5n5DnVkLOOhkabLjq1J5aVgIh3jrFSU0SU19ImQRV0v
2020-10-15T01:43:54.664242325Z 946 ynUpHrJtPTGqEscYFLGfEdvc6VBQ4nGFv17e39QreOsvpq5ByjJb5kV6WLlz
2020-10-15T01:43:54.676052931Z 947 MEdiPgjbeGZNY9HSGO2S6SSaNnkT5nkA0Ol5E7H2vAoiMNTTataeVYvC9A4B
2020-10-15T01:43:54.687975505Z 948 ehwpJaG5WLUXdML0G8VrXBMlZUqBsttcRcfJaj6bl4JGAv4vefR7qLxz8N0P
2020-10-15T01:43:54.698760195Z 949 oCwOMF7hC8yOr5FOmo9GvLImEBLsU7IdVSKGx4oICWFfL429D8DH65ZpP2Ul
2020-10-15T01:43:54.709436682Z 950 fKh3cW3e2mGktE6yN56qZLX21ZmYlMsK8JeA9Aei2D6BT6fe7CGfGGK0hPTE
2020-10-15T01:43:54.721236768Z 951 mtN91G9TaHYa8bifKLH9N14EkxnalMLxkYDnog01IBAVVsXAr9H39akq1uix
2020-10-15T01:43:54.733193129Z 952 Q5vgyG6eOXQZbAm2cWXuIsv4Zb0NOSsy3G29exQNx1fqCiikvW8Wmn9RlPKd
2020-10-15T01:43:54.744962458Z 953 in4T0ADk5zrsLyxPd2WgeFSoDW616uKM03Ltuj5SZac6cODbPrALeX0Ewxvy
2020-10-15T01:43:54.755857915Z 954 yWpDTpvmVO7zSx2LTioLU9eNiRRrbY6Nyo9CjgoHYptOCgqyK52D2jkZCOQe
2020-10-15T01:43:54.766566109Z 955 zvi9TUKADjBVeKxMTTGISYDb9zww1r0sGfCpHls3ffPM9Y9te1CfndptplCZ
2020-10-15T01:43:54.778338530Z 956 v9AsUJfa1GmXprWeoANrrPtT4L9thf4KAx6ROl4gCCoX8iRjTshz3lB1uTzv
2020-10-15T01:43:54.790281434Z 957 k1zJhb74Mh71WgufQX4RO8O6wHdtj92enDkX5ata846YTJwiFDt2lfcbCOkM
2020-10-15T01:43:54.802095277Z 958 fjLWxmSy1KAX8AfdpkovdqNTqiClEUzi9LW338DXl46apNamPLBi2iKfzOrE
2020-10-15T01:43:54.813772859Z 959 CykmoC30sgq3WKvzRqzN2TVLi5QDcjG74H6anL9oJx53kaC38Gk7jTsxM8Cu
2020-10-15T01:43:54.825362747Z 960 mcBpRgjofP9VAKqG1yZa0hPHLrB452ABUVKJUfS8ndBVIpYbwRk0J8iQKXot
2020-10-15T01:43:54.836551746Z 961 KGDUUsjP6NIdSTD50ABbFchLHjMoakMfZnEWNEXB5ekL0nZeEutPz3KMJ4iP
2020-10-15T01:43:54.848122976Z 962 FyUGIpd5ZGfr2f0UbViyiMWtX2HrybZ2RwO9dijp2YjitSbDV2hs6KMQHfR9
2020-10-15T01:43:54.859645326Z 963 ufslJszWW44RxtQ0oiraLIXLAYeQZSTz4QPuKWph3NQDzYU2nUefXV1w1pqe
2020-10-15T01:43:54.870623776Z 964 daHkblGWKkkK0DuhiJtu5tYMQ6bM5eQIsUM7neLNhjHV2yJbbEB8bILmgYOk
2020-10-15T01:43:54.881254756Z 965 pBr31rKA8xAtAfleZJ9B6zkaW2VP4IkHDpSUZMRVGDgPYlqBNILjDZDfZ6Xl
2020-10-15T01:43:54.892408886Z 966 ymLbRJyw4szASu0AIHAg253HEc2PiYAJFZBQE9HkFbBPweBtDWi3qSSuASUg
2020-10-15T01:43:54.904040608Z 967 h2NkuyYQRTolR8RIic1k5mclNJqquqzIl6BTc3VCeXxaU5gz6rbrPtnVWDSM
2020-10-15T01:43:54.915857197Z 968 JgMVMPFvgmn6s6YL6KGtyBCwxItiSOjYkTbMIs4zM74wRHXAiPTP9FOeSm2s
2020-10-15T01:43:54.926576737Z 969 KLtJtev05ZrM0alU38EHZW5HFfED4qSUC69xgXFE1bolvJHyKwB6HIFZfBIa
2020-10-15T01:43:54.937343071Z 970 RPPuUQLLe6dGzKs5R8ndnmSGFZJIrn8StJi74GPwmX8eanjmtCJ1d5EVQxd2
2020-10-15T01:43:54.948434918Z 971 0W5SYthav6l6LHzs82FbAiozwDgYX4kxuipWky9KRxAsNcTKvex5FmrJ0xe9
2020-10-15T01:43:54.960167474Z 972 tS5Wz2ujLhivcOv4CkRSNvas10eGlpVvw81EXYrk9cJgXLLGnKHXYGp5XsMB
2020-10-15T01:43:54.971821472Z 973 xCUBbLCJulFRqv3CRJdBsaKd6yQKggmHgH610H5oYkFG1UbglFOeeeGLmRvz
2020-10-15T01:43:54.982491686Z 974 BL48Mbu6StdjcRXiURjVnDoVXXnkGrmdHADG1z7xByThb1GE0890i2x6pRD6
2020-10-15T01:43:54.994066488Z 975 GKBl9KLa1Y1csNAAzi3j1tgvKwFU8BSDzWplIWfYISVTci6EGoQTBK7vSEMm
2020-10-15T01:43:55.006090188Z 976 SU6aI4OE4IH670wcHBGdg4J4XDIlPu6V7Zxq75Ai9y7ctjYfaa8N28RPjYYX
2020-10-15T01:43:55.018011235Z 977 3m5TunuGagBJs3XWXS1dZoqMxRlnAS0rIvKa1clmTZbVPywj9L80Rx6TmCyi
2020-10-15T01:43:55.029680272Z 978 AUcFaqigIA7ZIoIutIYGnIuwuQZTFuchiClOwxFdcfViuH4wpayC79ZHQKck
2020-10-15T01:43:55.040765487Z 979 vJwADOdFdMaGfIuFXyufEUh5TIlbGWW9MbmRxPtU75XwIDiITXGFHWzgfu6T
2020-10-15T01:43:55.051371763Z 980 w1poyXZT9xLcQiy0RGczESeMbsxCWCvIjQ7krTX0OjcDQ1Pwn8lgFBHSLoe0
2020-10-15T01:43:55.063160073Z 981 dVhKTboP3nBayYtBlDSbDXVQ5iZ8JCWZQo8Jk7VTQ1G0Vd0oGCVCKXxjTqGp
2020-10-15T01:43:55.075012435Z 982 ohG3VatsFoXFG1MgzXOD5WkH9b53ZwzWgVhpBBZfXVoM5t3CwpM15TmrdYC3
2020-10-15T01:43:55.086856298Z 983 jh0DZuDFcxO0AguYUW1nSbQajHEliPDhprl0HaGV56ijxUvfa84whS1OTqrY
2020-10-15T01:43:55.097684175Z 984 PvEV5ZE9zY5yaNOuq2fYZtBVdQkd0lUECr0UO3vL1fXhvO4tII3rP8PuXDFg
2020-10-15T01:43:55.108434937Z 985 EfMj3G5VQ7HcEhzRUFCiCW4y54YrdnfvgDDjIUfL1yT2J1JgC6QMFW0eyE70
2020-10-15T01:43:55.120281415Z 986 H6EGfhKFJOrRGtl6KBdvDjPVahrDRScubIqIvySP4YqdT8y4xLREoMUL7Z4p
2020-10-15T01:43:55.132189845Z 987 rvDSORoW1T4oWigJZoBAqcP87P4cKZCZdqngvUKJ0iJrypNA39bsh1gJF9QP
2020-10-15T01:43:55.143654772Z 988 UPcKhefTjOCGce38nmureUZlP6pzHOqCQCmiuVXZQxZxOhoCC6vMPosmY0FV
2020-10-15T01:43:55.154359450Z 989 cJSvpmHQGDw1urCI3xmf7VwFfYBR6Sir2Mof8a59Wx57XlUaux22uy3RCrff
2020-10-15T01:43:55.166088932Z 990 aeoBdTSeowIbqRg5OU9tcQho6JCrOt3j6DMxzmrds0TtF69Wc247LZeWuaOU
2020-10-15T01:43:55.176858470Z 991 aePRm2YKRnPM384W8XI6WvWjV3OXrW2OhfTpeRs2JPKcetwb9sAzsdB7XaUx
2020-10-15T01:43:55.187550149Z 992 ILLl5BU0JviOllhTiqtqjLEGuAKeTIm8ZRWk4PFcSQct8iOZXbOvsSOTUfZG
2020-10-15T01:43:55.198204665Z 993 bwBu9zULjIJuXjQPpV1OcSkadQsAuvwOdpVl0zaptLCIj1cO3RT0fa5UpfF1
2020-10-15T01:43:55.209425375Z 994 qidE16mzaXkd07Gc87boxGS8WMUcXzzfmcDy1JNhs9YgOpxhicyodxPTFsl2
2020-10-15T01:43:55.221105356Z 995 bq3j3DgveXryc4qbicAZPMFmJsU5q4z1CkhxNySBfgXzrg35C8Q0nxOZiTKu
2020-10-15T01:43:55.233099532Z 996 zDDTVZeRrCBbMOGbr4S1s57PRkBmLmDQ12QCPXLjGz4VOrcqv21wJDhHX55Y
2020-10-15T01:43:55.244915190Z 997 AALnPqoslDuDYPA6xlu7iYV8VVh738JZ3cWTeMZhg2rNyEmXGHlxMKYK9Jp4
2020-10-15T01:43:55.255759794Z 998 rp9iK0hdEoWXfTG2fjCrzgk25QePjifjwMJuSNas1CVUzNnlx9yytbeXGo9j
2020-10-15T01:43:55.266610139Z 999 7zx4x4iOmcR9uIF5lnxiHSidB1o0N5aXXbEpBNQECWPgNBKpxqjkuNC7UJIm
