2020-10-15T01:54:44.171021839Z 0 ATfURVfnfkTPAW93z0R69kwoh3g8u2z9OoMSmJGrh9UzhBQJAkWxNRavHa28Ca
2020-10-15T01:54:44.182127048Z 1 4fVAgME7ZVQd4QBJiGPIHATXb1tSnCQJ2G0P6NXICe6fyrLbeIDqom24CHwu60
2020-10-15T01:54:44.193403684Z 2 HFwHB0DkRzPfE7XUcq5NK9EGeat6iVoywK3p0Murcch1jyJqrcvI0pwzdTKRlq
2020-10-15T01:54:44.203762336Z 3 a2Q8F9zjVqjn1E3NiD1s8sLBDfMlOg6aMEvmSnO2tDLue3qlAquA1ll2jEcnyo
2020-10-15T01:54:44.215005959Z 4 hgVNXXqaV03iWEkbMXo29GEsNkvUoNPpKrjITdcJJtPpE35iZjYsfb4WQI40VR
2020-10-15T01:54:44.226468303Z 5 L3MMrzIX5wp7ApqjwVXzW2AGtsIRLvnNxv14Hcfhhbni47jeZyCK4JUK3XG8zU
2020-10-15T01:54:44.236914476Z 6 M3gI4TK4rIpcmv5ZRNgjx4soWFnEqOYT5atH7Yx7s3hrssNnEpFxWPL5Vy6QX4
2020-10-15T01:54:44.248244322Z 7 rTbgW41MdvER5cU77MLPVoVCtFUIdptWiJnkALPNFvD7euNdOxowjr08TWdPir
2020-10-15T01:54:44.259618301Z 8 3dTQktK6Uo3R7o313QlfnuxrwTX3jKqY1eo8Ny2pqWDLwJNYHsr6UG9ZCNEshB
2020-10-15T01:54:44.270986419Z 9 A5i1wg0MH7jTP7mkGVgti2BVRQWHg5BVkscOCEjaUHP51qIsQuzDmsrz1zg8wS
2020-10-15T01:54:44.282275228Z 10 IbAmix2bcbz832iIfQFzmAYK5ahd0YERLxQmyQ07w3E5bM2fCgnrgSSRLTlVq
2020-10-15T01:54:44.293613912Z 11 GclR3Vqdj5Z3Wfpkdk7kvfT8vrzi9hYUGh4euLAkIEix0pCkZuj8NQrPVQ3FT
2020-10-15T01:54:44.305082253Z 12 YZGDZxZNxf10ZOiWWkb5bztcvsyr2JvOJMgFok9gk51ryBXQyu2hGAV3zk646
2020-10-15T01:54:44.316207316Z 13 Naqyihn7sbDlYaAraVFlUUmGcsh3h1OUee03GS2x6Da8odqWSgYZieYcBtS6D
2020-10-15T01:54:44.327505711Z 14 4lUFMmKD1tUZSN0d1vIODLbOfmE79aB5b1O4jqtJmKxEggupnqSPABVWNlsIJ
2020-10-15T01:54:44.338929446Z 15 1L8BTgWVhlaZt1JYAWZhGTzw6PFnfhWVAak6HKOOp9PokHphq30TpmU7KnUwR
2020-10-15T01:54:44.350311212Z 16 TRt08YEJXP9tWN6eJipvMNDFU3eXa1vFNn5nXAHGO3MsEZYnqxAgHyf1Mve2q
2020-10-15T01:54:44.361649667Z 17 jQhWfIGSmDUNyksTjSd1y9lZDiVeHAUhyZ46tcb7W4LN6p9ejsl6DGsDIGPnK
2020-10-15T01:54:44.373029363Z 18 o0D6oGKnZHN4HDMBkR9Su5Zvkc04A08gcyZ3fdHRJqS0pt1XXXIgiivkSVTA3
2020-10-15T01:54:44.384361869Z 19 j73F6otwKqRbXYe3bE7YekY4HLvmP4tK1K17Y7PvGpUaW7TxfNxWorOuKG5Tw
2020-10-15T01:54:45.189475162Z 20 cUTKXKjIUTmzn19yXWFxCof1DS6hkNDcTd6h5ivMhNJDABpOFLQNUHCTPYvzs
2020-10-15T01:54:45.200558967Z 21 zXevZLY88KCWhnFheEITjRjNdhAIhTYyRYqoxoMWXGegQwVuQDn5glSBxmT7S
2020-10-15T01:54:45.212634097Z 22 y27qM1lLI8YVOgYoiCHNj3kNmlUEn1n8XhhvunHygTjW9AGGKZkxkRuzzXooj
2020-10-15T01:54:45.228289736Z 23 RwBQ1VAgMnqAhACI55WKdvzDkXy3e08wknUMNh4n7a5rTpPlfBvluC8tk4HA6
2020-10-15T01:54:45.239151032Z 24 pHZ2VaDOca0uI58B7ZFwQLvYQEIPwdWuMfGLeuf4gUP9h64gdJijUgu4tVGic
2020-10-15T01:54:45.249790389Z 25 vS0pj2cdLchdQ8MTBHUgp9lWSIWZVdbeirf6Z3D1630PsWn6mOCWSEQDmoJDC
2020-10-15T01:54:45.261423101Z 26 FRlAj3lRaROXh0JntMDw3M6LfMJyQjUBwG3UddDsTJas4ZEYURLxrKqk3GfTh
2020-10-15T01:54:45.272083396Z 27 UZ0EJR3gmyxUxghzTcgV0a2TEv2CuzrVhqJsIl0yMu1ePTWTlcR3ZHCoG23qC
2020-10-15T01:54:45.283715591Z 28 BtiugjQOGMbAbp4OfUINY9lYeNjM8pAdf4f0Tl8nYq6B5Pf7o14tP1EsgQWwk
2020-10-15T01:54:45.295365376Z 29 zMbVsYOLnaPJLYjT7EepZeMJPcEN0CW6RkXmpNlyVpYYnmYZufnYN2grYKtjd
2020-10-15T01:54:45.306290518Z 30 Qe5eD22LyJJdLcmm2whliqNza3pHfezvMLncqWZchR77jXfbdyWFHLusw27rU
2020-10-15T01:54:45.317681196Z 31 yh7MUxzziHlaZYkHxPzBv9OJ8E7jKrNUOrjDmPptSoRHrXejGmdHXTAh1flre
2020-10-15T01:54:45.328812051Z 32 3IG0Rx4T2zw4PPbn8zH2tX6iSjpfHIQ8dbCtaKhzGlIRnJxjiK7ZX3r39LdT0
2020-10-15T01:54:45.340626405Z 33 5AcwXGjZRv5NWikcqSqePvJoiTBuj7qdrzxojUwNToVImVV4d5ZJDKS0qEbWJ
2020-10-15T01:54:45.352356181Z 34 4IhF9zHztBtPrTaQUo9jzuJC5tB8lz3d6IKukLRyK2dd1QXkeooXI9Cie59D8
2020-10-15T01:54:45.363220224Z 35 sGGL4qg3u6iGTJcRgVvl33QoW7k79Wx4xqD14TshAwKwAyzgFEUp7aY0cwPfH
2020-10-15T01:54:45.375746917Z 36 p12bSBnI4TdsvyJ4VH6O0vIgGTZusmy4CkEL9lxnPNHJjTv13DzMqNmanECdq
2020-10-15T01:54:45.385111731Z 37 OhJbVv7jB21Dk8wBGbMH6cuA0npaRfyS9WjJLsZOAaNIQULWQcHcVmGKT1142
2020-10-15T01:54:45.396717528Z 38 DYv10wQp6X02ojks9Z8iK12FWKEbvOVkUB8LHJAJOdV7ols89Dha8PgDVsKa9
2020-10-15T01:54:45.408533072Z 39 Q7A1rB0de1rgoAwxkp5MwcpITI7WLvSBVFnrhChCejKnq51ItqfnK7lgvAq9k
2020-10-15T01:54:45.419136422Z 40 Y8aXwqWmGRgZxa2RS1BVjiUqE09wrMJ4fnI2jkoJEgG0RMV7SOtJ2XZ7tTEUM
2020-10-15T01:54:45.430666422Z 41 wEppHrATgGIFob9whv4JCtAfem9eJv97Jv1mAtapt2M3xVGew5BRAHzm2fcAr
2020-10-15T01:54:45.442278343Z 42 4TQFD54KfxqrGC7WpsIyBkzRl9I9qLTg3GjhMZAMiaFKdUPlpUmAANTes65Yx
2020-10-15T01:54:45.453155635Z 43 ADXJC9fhBCkkM71UZs5XJMMOCQWsPps8oH8lJRK8LDiKBexOhdcdQmotdwOOw
2020-10-15T01:54:45.464691379Z 44 p0R5AyEpSsUBNMM28rxz3H2WC3VSeRmuMhteU2ITtP16RseA0eMVrfE8ui83M
2020-10-15T01:54:45.476147560Z 45 KLrWoZbgHlXKzicLgUsaRYBtH6pbu2eO8fR9rb3jfCvbGXr16X4sdJQM4hFSn
2020-10-15T01:54:45.487655988Z 46 ZnUW523YDdGakW7rjxG3njknHIvpIbBUEW70FaTe5B57DCm88gAm1sqByNVuU
2020-10-15T01:54:45.499380287Z 47 kDPIfPPsFU92KlAGN5dhKWvmsLdmH7JFS5OZfmSoCxD1TAEmlxNiIJYEQlmmr
2020-10-15T01:54:45.509720228Z 48 N5iMBhuvoCj0sfsCjLa3Aek4sVKv5Z8xniOq3YYrtx0WS679YQCPWo7qw7YUP
2020-10-15T01:54:45.521174313Z 49 XBiNkHT4ahzMuOns9V00fzfvAjPkbJ6N9fbdFME6Ae6mRkHvhEVVqhIEE3xcN
2020-10-15T01:54:45.532510280Z 50 Ue5FGfLKuLM6c94ecceebOX15k24OAYEFi4uY32bPLze388j0eegFPuEAm3Jw
2020-10-15T01:54:45.543866156Z 51 niRoXHyd5Urv5yeFcMzQKfin6kVxttbJqj5ZhKJDbXuS5sSMx0I8Td3L92jSH
2020-10-15T01:54:45.555303025Z 52 jsu4wh5zlzD2AQ88j9rpNdkdxzEDt2AvUX53YZwCh9B18GzSom0pW9xpP88wm
2020-10-15T01:54:45.565653269Z 53 JdtyORGvSCqQcZhm7185GFOx88lb9uIFZglmXDNwhOB2ghIcsAuS7jcPDO7pm
2020-10-15T01:54:45.576963008Z 54 M1GXwV2cQK2MS0tweAimWxrBDy5OElNDT9ZHZstquRp6ZpZZhroBgNtPNxBJu
2020-10-15T01:54:45.588366197Z 55 1gncJO7jqgR9aFFS07wL7uEwkLfjvgifymmYDw23EIyh4NYNqfxvZhmdIJ2OH
2020-10-15T01:54:45.599051593Z 56 ItEa6eK2bFbh9rXj5v4QoKCS8iuGwqH6Ch7IAJmGUf109y67Lca12l57QhU7J
2020-10-15T01:54:45.610361521Z 57 u7wuclIsQ0BrxEEiCNQB4nwsjDBUjhWZHn2nwKFQKrIRKapdkYmeAynAyRHLu
2020-10-15T01:54:45.620765112Z 58 0nxwAO44lhqtB4sgTWZC315wqvK6SCU7zHUXZBPIvsS6sPgy0LtQgoqsjPx2b
2020-10-15T01:54:45.632346221Z 59 zgbr6v0QmfGt6rr8fDdUaK5sUgIPiQ3x3WyccAPJlbXtx50p9ss6DVVnBzKFo
2020-10-15T01:54:45.643214615Z 60 JiEkzixrhmQczNCFFREblg70Up0njOZwkovyXc6G6Qf8mAfB9xYs5jXon0IY6
2020-10-15T01:54:45.654671423Z 61 uKRvICJnTBIPLOIuvPqrfke3ugnZlxbmdvTaxJLXctCwXWaNW7GsuiJAVx30A
2020-10-15T01:54:45.666409396Z 62 cICVBOsfbkdpHVS0vHPpJm1zIBHdIQKEIFzxrfSsB8DDi3Fc5FxAKgVgL2oZZ
2020-10-15T01:54:45.676947291Z 63 NQJDCKa7x67CMiAjBwiaTB7FvUexhlJMuL0U2JqA29ocQtkXjM64EorAjlmsu
2020-10-15T01:54:45.688622892Z 64 QfCej7gHgF6yzwP6AXo6yczdK3Q6JL5eIQFA08FaBPnBhAbkw1GPxUEg1m2TC
2020-10-15T01:54:45.699436123Z 65 nnvKl8iERlhjfWLTlYcI1JQfKVNz1hshx9yXprPYxIn7aYC0Mw6nKG9EIzYph
2020-10-15T01:54:45.711302767Z 66 fMRZiwSQYlCOk3oDnTPeZXtsiN2L4p8s7Cj4Y53BmFZEWoaeymPxz0gRn4FHx
2020-10-15T01:54:45.722535244Z 67 HdU2wNGLTyF7FfHxEbF4JHWgyYRXw9Xa78Y6bWS1FJw8Unx94kA32rcuTVFpN
2020-10-15T01:54:45.734767683Z 68 xsw5pQyVJ9yec1Opv0lRUJuOnfFkdigXWlb0EHq3AZ8A5K61WYsbjrdOKpS4i
2020-10-15T01:54:45.746491938Z 69 LsX8LBPcaX4TL3jBdHhgSrEfmq6fu82OsLsZ04qA8mukbQM2TcIaJcFUwvVvi
2020-10-15T01:54:45.758254822Z 70 IMMSz4H4KNxeDMGL5sTh0TJdLpKNrgEL8C6qMZbzqGGJDsG35fOiItosrXdtr
2020-10-15T01:54:45.769079264Z 71 SBKN38iAdUXKXnrFlmQbnx8vAO6XYmACTp8VG8qK57f8xzr2DLqfWu5MLdKQ1
2020-10-15T01:54:45.779882991Z 72 Zh3LTMghnpGGMDrrK12bkLcm8pwXQH7wDdFYPwMR1k30zNxR5yV59V6iJwkZM
2020-10-15T01:54:45.792057058Z 73 nDIuW3uoXLaLo8biblhJDQGVlV0BlBFVgGMDOzgA5GAMYIMaQkgtvK4TVdhYT
2020-10-15T01:54:45.803024170Z 74 qDBCJomTPG2FWFXjo1eYmGqR3zQRpe4Pe6dnQTISSt2SYcdFIfUmx5NbAfkMi
2020-10-15T01:54:45.813727659Z 75 wyfV3JXT41qiOKBD0t6JZoL0B2TZyIhHoVh1iXzohb9vSuVpSTAkTWNAi8i21
2020-10-15T01:54:45.825497484Z 76 I2q5ywQx0HfFTcMVHrmVrI58DBtErclSCfcb3aR4sGUP9g3pxeEkoWAlGl1HF
2020-10-15T01:54:45.837246780Z 77 EqsbMgUyl7kQg5LYhygmnPAxwCr0JUd3zPWUesaJ4LXlOuR09dFpg8cL8OZ4i
2020-10-15T01:54:45.847637783Z 78 TizThMS7bzv9UJrsRYAr80xBvecfp7axcVD45cXnY2oFwWnLhoX74MCkGIn7j
2020-10-15T01:54:45.859248102Z 79 DOLnWjljfc2PtEZjZ5EMe1jIPSMGMnQXICZlqmG6vrO65irgZQ0rhTzRcSGI1
2020-10-15T01:54:45.869997986Z 80 sGzEuwmxwsXes6s39jKI7iExgAIl6khRHq1FtNBrEPiLKOKciWOQ7PnvVGY8U
2020-10-15T01:54:45.880813119Z 81 RTD9U7gjhVfcGQvEtt6HfMwim18xlklKGOX8HXHwZZwWbs8khxOKoj2f5MWVz
2020-10-15T01:54:45.892542196Z 82 wCC8BfjaIg3Tbv4EnaRjRW4KaxSZJuaTBIt9fsxGpEezWYTo7NmJMDPdmXX2Y
2020-10-15T01:54:45.905495900Z 83 HzWEbOxNMubAvx7AA6rYv6civb2TvZzjDvFTh3N3gQ00ivEyzNKwn15p0Y3gm
2020-10-15T01:54:45.917478961Z 84 Q6lpy4Fvt6ogZirxgYVaeM44hHCbIYOT0Lcdj3fc8Diy2c9fYVOLvCRlbrW96
2020-10-15T01:54:45.929365483Z 85 EIp7kamz2vaCUVvilMsYqhoTfl7632kgfnR2TyPRSYZQ6zdRasu0Tpu7WEtno
2020-10-15T01:54:45.940630518Z 86 YZT3uKDplFBfZQKRgWdsS5JtlE5AT8ie9IEdzu55j1YVDduwuuiMDuNTc3nhV
2020-10-15T01:54:45.951504757Z 87 XZ57nL8rxxUsO69PABdjCvWpwBO8cdfgLv4PnFWj5uAWE41QUT0f5UacEGqjY
2020-10-15T01:54:45.963393601Z 88 c6Q18e5A0lM3Qf2fQWFfy3dCvRnBHoGWGvRuiQ4Kv69mrNaw4mqv0R35BuiGE
2020-10-15T01:54:45.973924090Z 89 Nb6WdRLyCAtF3xBhF91i4jCDjjepnGEFOfEahm77Em9FgeuNt2YGyexybOLUn
2020-10-15T01:54:45.985289933Z 90 UDAZ1fBi38yD5tkp88Vp6QE8RXTtiefvveRohB4UXew3lWOZMQyvyRysDjOsG
2020-10-15T01:54:45.995543710Z 91 QNVGhu6gcXlAD4iaYmvJUYk4i4RQ5HtU4xZZ8qTyzTUhXb1NuDcSgyOx5wpwE
2020-10-15T01:54:46.007035297Z 92 MWxAfETVxIODZoqshDeMA4wPwh6twMan8hGaB6W6hXZAGUAFMZmQXiXrXpc70
2020-10-15T01:54:46.017624428Z 93 W1rh4MgFd07xirwZuD1iZbmRNmbHDUEgSt9VELIICiUVeVnZiMIV1yVJ1h9QX
2020-10-15T01:54:46.029403489Z 94 rflCI0Pg7CSUuFgHsFjR6GKSNKj5ycqDSSqj2k7C7lCV8SvDUnG5RaVaOonWC
2020-10-15T01:54:46.040879236Z 95 JFkcqqSI6LUKeyO1ZOD9bgMOBF6cZwdwClrL2T7vkSwJi4vXEsSHRweyaWs4s
2020-10-15T01:54:46.051677003Z 96 5qvrHztDu1vRM8gmNaEoSByeJUEADoY6aHgiLDIa8TL2X9rXXErR2TOenUsZW
2020-10-15T01:54:46.063508464Z 97 nTyI597OhTl7WqgsHvJUI7AmFp0YfAmD17zCmetLeoeU5ZZCWV88xKwPGzAlf
2020-10-15T01:54:46.075199585Z 98 po9vkeTUYjPmjU8hheTUduZN5yZL0Hce08WhYudrGfVB0SpYmacgEKakgDlnH
2020-10-15T01:54:46.086246991Z 99 qeyp7NFbptD9QluLyd9MhZVlKhJMfgx1iECnWgbsnbqhpUiP6ZnnM7bA22r7f
2020-10-15T01:54:46.096787012Z 100 dV4fVjjGaPwseVsNkYnDK6thtcVjna3582XBSEuguC9jGRfkY1oEbTW8QdRn
2020-10-15T01:54:46.108652269Z 101 U45o4FvOIRrx60qGATvbZegpNpxIYZVLZBSzoJj0BiQvNzK3MVSWQgusL6sS
2020-10-15T01:54:46.119976840Z 102 nEUmLLjTVzVt9xCzUne7A9vnnDfl7qLQRkX8mCmv8rRFK3KNJRxH03Rk49ru
2020-10-15T01:54:46.131181826Z 103 verTLKM8edz0vb9SV9EYkSLUYCz9pAQpVXKU1Az0ERjN0F3gI6oR0wTVfWgF
2020-10-15T01:54:46.143205294Z 104 KfHMnCuBYFjPOXIvdl4bxyvYze3MTapmpM9TVQNKRfUavrsLdu1l8zT1B9l1
2020-10-15T01:54:46.154521051Z 105 5Z3kdR92v3twl5deZBHJNQ680QOTFEuXIncu7OdupWPXluNWKRpAAsST0icS
2020-10-15T01:54:46.166105037Z 106 sdkff5657tbabuCyWgrtKz9Aii52Nmk4qH1Mg8C821xzTlRakXp8LMb0ba85
2020-10-15T01:54:46.176903001Z 107 A3Vb5G3Fif9EpMnQwg1oCqi6Yka2erum0vNFW6UtYMy6KOsybvG9UfTeUOy1
2020-10-15T01:54:46.187771601Z 108 qbPzS1OxfBxig5YXHU5rJ61MA04Uqi1NZUp2cZIQX1w2Z2C2vjvRemM9CWrW
2020-10-15T01:54:46.199505314Z 109 TVqidIwz5npWQpggTIjK7Ycdiz1Vg4Rncqdkau1kwvGjss89mdzDfr5nMAK7
2020-10-15T01:54:46.211744481Z 110 lZmY0IUDmxLlUQ94mAIVHMsbzKQ0OPq2fcIiFIqSx6ZfySFT60pgckUjZMo0
2020-10-15T01:54:46.221777668Z 111 rW11G2AbpBSdDfm6DcfEuwvil9Esv6atuU6MW5I0pz55eJ9thC0cNgLroaYv
2020-10-15T01:54:46.233361136Z 112 FlihblCeajz1KS3zeTSVqKzbWe8BdDmELtyz1WPCYO29JpZbhHhZa2VszlbN
2020-10-15T01:54:46.244894682Z 113 H4lQVnfYXaOvvNFlrwQrympxwr2LFUHBLyH7LiHhRxdTAU7pfVD14hkrX0XM
2020-10-15T01:54:46.256596895Z 114 xUDRqUOuubic2OHKyUUEiP6XlL7cxAjDXyFgAqsHfl2v7kUxe1gUI8sWADU5
2020-10-15T01:54:46.268237988Z 115 XEm7sIrfYHBYeOm6z0CAjTLnxH5LjwwC4QGrejRRdNdLLg6UAvXZGZ0JN2kr
2020-10-15T01:54:46.278996443Z 116 XiA1DssTmV3gByHTOVwopyKmegN2VbEUXJoWxhUREepiqLC8qfUL13PsYnWY
2020-10-15T01:54:46.289621843Z 117 Iy359BOJUUNbUOgPhfK41lYX011lEsI2g1Osztktbc6MypEmYE9R86ysAtnu
2020-10-15T01:54:46.300597275Z 118 4bTc3PyADAny3QVP29DVPIy6XX4VUDAGJ8vGOruXbwXsbB67PfkjOjvbh1L7
2020-10-15T01:54:46.311653445Z 119 zs8GiDTsq4gICU2FQXLZFr1y7ClfVchfgQtAUmKZQsM6PsHHihurS5SVUgC1
2020-10-15T01:54:46.323155865Z 120 TdHMC97cEQfufxwnl7TRbwDwQctRGoK0dpPkk8JJFkyzalykWIiI73PLnnqv
2020-10-15T01:54:46.333893320Z 121 4K6zTLejdeWD93ks9JoeDiGQfY8iwpm1w7jbVv1pUYNKqjxQQvJUCqSTi5bd
2020-10-15T01:54:46.344561541Z 122 gNeLmoRoFKCm1lWMgl8kt4P31HKtvLPs8ynGLZNh0WmJn9UiuMuoYHHMfUh2
2020-10-15T01:54:46.355634211Z 123 qXG167cOhAOoqvrcz2I8eqrl0rsZErlIRPzAtnE1yMbGng5CKTmi0xOoZ8rd
2020-10-15T01:54:46.367016452Z 124 Rii9nTudueVaC7Pv3WuuoCCru0ta1VapJX62trV7UVBakM9hDgRXVyiM6bVQ
2020-10-15T01:54:46.378550624Z 125 Y0igApO73A4KC4VrFmFdFl343UYBgEzhzwAGVIX0ms66jQJqjxsSevCkMAED
2020-10-15T01:54:46.390234376Z 126 jPBllmiqtdbF1Gil7OPdFRTvLE41Ut65rPVdoQFcQ7U6CiYneLweyZZI6rqS
2020-10-15T01:54:46.400965161Z 127 Nyq5d9vnSLhCDFPfpwG4LnqB1LXaEr4bvY2jVsS5ctA29VJOner2gzbvP19d
2020-10-15T01:54:46.411890985Z 128 SH9e544L9e1rNvDX5u3g16CZpUsuW8GMDNNwY5NYbCj7bGEEKMxHULAhwKTW
2020-10-15T01:54:46.423585013Z 129 rYSUsMpJshiIrKSes1X3kdC0wCWLYvvDrU2Cs2Tf6mCmX3V5jcD15wrHr5eV
2020-10-15T01:54:46.435118399Z 130 BVy5qsQFlWAiPGGqRC1mcsUOr6kFT1pmre7Ij7TEQDUjQsYG4pHPrEgLYENb
2020-10-15T01:54:46.446657150Z 131 ZiiUWrszhQnmgszdNMYbqnIUj4lKUYVY5kjWSWo304UVaLMVq0rKelKtx3EP
2020-10-15T01:54:46.457758049Z 132 BlX3JQYyJDGN3sgGAuquuBPq1S4V8ojPNQraxfINtEs5ky8Z0QqMGMW5fhBD
2020-10-15T01:54:46.468682193Z 133 rBJwJCidAlw2K5umqhV7ZECqTtWOVeZhRtcafAyjG0pH7I4wpNUi3VuQpknd
2020-10-15T01:54:46.479784045Z 134 7caBI1eEDmeDSunwaodWKuyFu04ZvYNI8FPdsjAY5NcVG9GY4SHZRIS3TuQd
2020-10-15T01:54:46.491055782Z 135 4n6RCrcXdgGi4eUGH5BiHbX2LUouus7yvv2irO7guUzUrdSUGXlRgP69Ncti
2020-10-15T01:54:46.502008009Z 136 W9A3TkuYTLROjcptYrTjX1Ya0Gv7gC53gR9UfJgOny7GIDH6UfgwNUANMhmx
2020-10-15T01:54:46.513597665Z 137 t5S3OzA7jHKmFJ09P9GdFFbVtwIuArSBtIMF3tvEwV3KQuBQyK9pWT9rFfke
2020-10-15T01:54:46.525575349Z 138 KKNR50PGeVL7urUZ22mpJC6QHnfJTAYOcYcleaC3yRzyZoEenmPHfd2ZAMCL
2020-10-15T01:54:46.536344798Z 139 JrBc35GpSy78MBdkTw3fYrg4JNNdyvkp5uVJoXBe0pn1uYPxbFIukSH67tKC
2020-10-15T01:54:46.546929133Z 140 LDP0M6OAaBXIKJx3xk7e5E8qVl19nh4t45Mhc2dhpLOYGOMryEk5jc7n8oED
2020-10-15T01:54:46.557626886Z 141 onqO5TkDJ1tWsgRQv2rqFo8VGacbS5OA3aPM041CleunT78dcg7148Fg2rAQ
2020-10-15T01:54:46.569300579Z 142 6FKA09N8tjlHchE6sAfu0kgPMy1TpVpfzdWdYwV1ApqbpFiaJBmiIiinRpUn
2020-10-15T01:54:46.579727396Z 143 UFhz3uc0zw6kgh8tZbloRjw07JRQXSXoqi6zA9mWYeIsMBz4j5wfj0pXshce
2020-10-15T01:54:46.591415764Z 144 H8XFcVOuLmoYtsvhVqaAyVUzq8flkvl2Qp8CPWolVb4dcxnDmwFJJAEUKsgX
2020-10-15T01:54:46.601863207Z 145 zEP7pdFuLO1DotemS2gA348ZstW8NQPcPzbAog1Ld9KEfkk7JWJrKNRpErxa
2020-10-15T01:54:46.613459265Z 146 0X7BCx2Vvm9PtpksBZiSM7hoo1rT0d0UGeZlWSXh9acjCS2o0jJxQTDCsZCS
2020-10-15T01:54:46.623986417Z 147 2Rbrlhrc5BcTp6udDEhALHnv0tki2JpMot0FVAKPVdPcNfnkfIz8WIBRnQeT
2020-10-15T01:54:46.634534259Z 148 AkON1YEIRVqZi5t6a7bHILiSdxcUetAcF4YE1ovSrISwK3Lq6Vtb1DppDhIO
2020-10-15T01:54:46.646248629Z 149 bZ6Oqs4FTX74SoguufMZieoAvibV9jFx817yVsfzOOmhj3AtZ0bD637HnQMI
2020-10-15T01:54:46.656764811Z 150 L4QsSmdriGzaU3OnbJBYvSMKY4lK5qQqbrwT8TFVUR59LEZEgRwxqTVdDJpF
2020-10-15T01:54:46.668644362Z 151 N5fh3cHXRxbgROINz2A6azBO7iwTuddIfqNzIdYEKCqPe6WdMrYuUyD67Q6L
2020-10-15T01:54:46.680227639Z 152 0P8L5YVviYnHqg1D4iqJobX419Y3C84fbIR4Ly8wLk6gnkFSOCV0qlZ8Uai1
2020-10-15T01:54:46.690663895Z 153 fylvGkcqR5bdd11dWppY5CGh5VDmcCf0giWdET5XUO1Pri6rcB4QNkmvWPZ7
2020-10-15T01:54:46.702070347Z 154 1UmvnUcuce1ep2D7z8uc2m4ZCLSfmmazX6nFjjNJ8JawmxmnEtVd4P0aj47x
2020-10-15T01:54:46.712876626Z 155 G1y44kImB50e0ZmHVPKgsbKocjz6f1Pm1ZdSMX4DaYGgfMw4DnbsJLmZnbUN
2020-10-15T01:54:46.724462543Z 156 n3l1j9e7ZbLdP2h9I4aAW7v2i62TG6vA4RTQ9G47SkkSwwVh4Y7hpDK1wKpL
2020-10-15T01:54:46.735433547Z 157 RRbNZwrGC5giJAEuS5oFaN2R2HspIVtuWBJ7EhSnNLVNpbjHNrat2rzrKOc4
2020-10-15T01:54:46.746355947Z 158 nrFoVJNc30g4p9MSI9rdrU2FkW8HG8S1ADh3d5rXqf8A2Akk0SmX1pRHtegV
2020-10-15T01:54:46.758044756Z 159 D3wdDEIvsGWpT66ZLLX9YRIpjhkXBfVJVFtK7UkL1HRapjyPP73OYlvVKzkl
2020-10-15T01:54:46.768603323Z 160 F1GEiLQBmecjprkweHCijB0alY8R1oCCXX6XGfKrOSXlyfPH19HK2WcJ62Pi
2020-10-15T01:54:46.780268847Z 161 MWmU6RoeEkiF4aJnGpoLz4l8ANCD7LbMPwasuWi889z9B3ESAiDlVNhMxYGk
2020-10-15T01:54:46.791274677Z 162 L9FwY89u1pMxIJmFysDvfHDh7YDAxADwdjQrkyZdGsvQDoYnLMBJH34lnVFF
2020-10-15T01:54:46.802233936Z 163 CG86ORLvNYyOzABk44pb93sSZc8HhaWuNgQSYrxO2TfGM5bYAbJhGl2ZSqbf
2020-10-15T01:54:46.813410293Z 164 AHHWN2kTtI6ETZUvPoGt2NXbHAKQ3qbSWSCuAaM2VX9MAFJ5F0ktG5MyNVEc
2020-10-15T01:54:46.823642780Z 165 xq3VF5ImqfVkiqqSm4XATDnK7t6t5NjnmX88SHVQcWaPIBbheRBKEtLzSF66
2020-10-15T01:54:46.835841611Z 166 NH8sZuKuhFIzFvY47kvt1gYTrapxbzBwXsI8RweBbCOYD43f1R6iklWLivpr
2020-10-15T01:54:46.846996550Z 167 L5yFoZHzfDdtIcFkYyc7En1FANu51EixlnL8GmNPOCWzJS5HJntwkopW8J0P
2020-10-15T01:54:46.857942987Z 168 LHNqpD4mExPDncJCQq6x6YwFWLBDDl2bTNg5Wz8qf50dgctx6fWGYY7cdvLl
2020-10-15T01:54:46.868509015Z 169 wnyjk0VKkbBU7Xe9uKgQpjXQUytGRIvKGFTaSSQob7K18AM5ABxMH1LDOgwp
2020-10-15T01:54:46.880084554Z 170 Uqp9lI8g9cyKru78nfe9s6k14YMLlPFjfmsHQbDRIn2zQES9FN5cdZ7XvsQw
2020-10-15T01:54:46.890874987Z 171 ogUddoHsAp5zgnv7wSAmCYTDvV6OwOMK4iisZ8ewcSLJQOwh3tER8WLjfmY2
2020-10-15T01:54:46.902514637Z 172 pPwL54GGRneFowhQVdFhm15GvhgCOkVYTvLV7gV4hJAx6bCgJGlw2CCSfW7A
2020-10-15T01:54:46.914472040Z 173 mn1iNN8bD9Ii1lsAmuk3IeFbzvI8C31gjuj4QYNAwTdsjOdR8G2jeRyNlESr
2020-10-15T01:54:46.926090583Z 174 nLaW8rCxl9yGiAsaAtERT2GqNpT6YTk3moYpW9pR2LtJIo5TIlcZlcHrVUjh
2020-10-15T01:54:46.937781440Z 175 144njpxWemBHuUyYB3Mb2EpCmTGRckXSlP7Xt1mjfGz87VtqzlsYLT2mnbOW
2020-10-15T01:54:46.949469805Z 176 VCJOOfjzFZ6xDRhGjsILEctdyPBq7ijfGNZEdXPvwXC1ymJmoaC3Q2N4IZO4
2020-10-15T01:54:46.960309819Z 177 on1CjMQgt97HqfeSllub74RfiOQ9aDLILOIBrlaraiazq4NcemEUgcFpm98u
2020-10-15T01:54:46.970925580Z 178 VSXOHQjDS0CQa8HMtUMPgJvA5Qvnvc7RGoEuajxlDMEnVTcResF2Z3lWqaNg
2020-10-15T01:54:46.982539866Z 179 qBuGZyIEIjIlmRuimVdJqHzWuEX1tjB2GqadJXNPxjwFlsRXDpkGyVlzURJS
2020-10-15T01:54:46.993261539Z 180 DCsmL3nAlAZKnQhtIvZRCYTHH7ZFbM8e0MqVQrn5vW1zaCpnIs1Z7C099IIb
2020-10-15T01:54:47.003878317Z 181 ZSEYZCJktTYdScKaE5lT0LkMAyO43sT8IdRKl4WvrOD7aQUvTxfVHtPaZnbK
2020-10-15T01:54:47.015378311Z 182 leKc5kJiDmEhTCjEj3DzhNFbPkfMR43LCrYX3p7qyxoyWhZPeBgTtITOzEv3
2020-10-15T01:54:47.026114674Z 183 oko7QU3QPN7vRQogXveT4kF70Sz5UCVAff6RVtZaqx26b6dncw0tZ15yYPVG
2020-10-15T01:54:47.036600119Z 184 M7LWKSOjW7eSVrVmoTm2XjVHlhCmLEGtDb8ETKJ3Rdt93uhuiPtmvAoySNNp
2020-10-15T01:54:47.048175215Z 185 6MewObYegD1WyVX8mN94vL3cR5yRpHGMELk6NiyGBGqE7JDzZZH7Kk7BfoC8
2020-10-15T01:54:47.059371312Z 186 h4YK9i91n1yj97SMnJlk7whBmYMHsErAEEV6dLNNRny6JASiRMAi2H4CB3PF
2020-10-15T01:54:47.071634670Z 187 rvNVA2mBUmQ6aOfegDuqg8xYsCWhwydFxBQ3WTdHLsozoFZl1zzxj15cglqb
2020-10-15T01:54:47.083403492Z 188 edw9Gf8F9bFO7AawvnB0e1hYdZBaFDduPxnTlJZzenxGOvtOMObGRC47Gz3Q
2020-10-15T01:54:47.094048517Z 189 Tw4xf1Vr3B4UKmJohCnPtUGg4l3LlvFOOODxUGt1UPDvre4ETeps3GFL26D0
2020-10-15T01:54:47.104612962Z 190 23YuVvqwGpPyHMKPRGct2HPGs1x52NzcGQmFCs7u986EnFpLBDTP9GpnWyP6
2020-10-15T01:54:47.115739722Z 191 AqmLG3LPOuTr7JSs6UdKRX3L0v4BDfLZrQw5IMF37HXkIiaRrOsCXlVu9QTu
2020-10-15T01:54:47.126902926Z 192 HGp2r9A0hWiHprZVAZMy8j2swVYi7tDXawdfrZqQuM0Nko7M864weRgGaa28
2020-10-15T01:54:47.138156637Z 193 BvEYjGY4HS9LPig4jLnTEdZaPzQ8L87ZJw4vXKo77jBfumA4CKRf8ln5XHnQ
2020-10-15T01:54:47.149547290Z 194 AY4jKoOEcVZKzRKb6aQ9yuYqqq967E7sV39OxYWxvIcwKL8RwMlTvSqiC1ix
2020-10-15T01:54:47.161134216Z 195 kQu1SieMylppHrzpOCYu3hoGhovPxF2nubqr8X9kpX1a7kgNldC2MPCQ3Peq
2020-10-15T01:54:47.171948280Z 196 tLjcOdvkWFm5pOJI4v0pFVmE52xcmmeM9J1IXIDo4m5Ekpym2UZCZgRWTwdX
2020-10-15T01:54:47.183035324Z 197 iad7FEwzMDb8E5mMYOPmvvph3GOeCgvXmvTGcHdoArhChSTyNq9I569XipFV
2020-10-15T01:54:47.193832160Z 198 cQeB5OQJLIKpcLvF94OKWS0bbae1TSdquwQSWlJ0Wj0lLe4s7mdz0xrCrxok
2020-10-15T01:54:47.205566161Z 199 vbEABlXmakceexgz58ZKgMEyyEy99LilMthMHad7NTWMDOmFL48anXkIC2cN
2020-10-15T01:54:47.216657095Z 200 y5P5YXuHqNqPtdDPtJX6m3CwR3z7wFVUGfeAufBm4lPKIfL54UbiZ3ryHjuw
2020-10-15T01:54:47.228372224Z 201 5PzrMBEQjdEmRpnBZ1xkjTakSNyqxBJfYE8IzCPRCA2NVnM8CWueTQy37KPo
2020-10-15T01:54:47.240387862Z 202 60ilJV4gBqRADNHU9d0H8mMEK5EpsMspuwcoaXLaNb5w7ZaFe4mUIDe0YEQt
2020-10-15T01:54:47.251957027Z 203 PyIMSyEDwpu8XqvIToRICwZvht51BQFgvXRVA9m5hXoY4ro25r9YEe4CyzvY
2020-10-15T01:54:47.262685247Z 204 rt89pvLZxSQl2i69AG7f7J6wJ0fXoz8PjCjT7UYm03A95r5WLfOg0e9iPgwA
2020-10-15T01:54:47.274234583Z 205 f7IkpPRlF792QtLyOvixWaq06W4Lx8U2oLXX1UluPeGumaB6Of5DOEADJzcy
2020-10-15T01:54:47.284957592Z 206 MmFOuTQ734L2Mn4UsDwM8mYudmBtLKmOCYv2qbptANq57kZANozT6UpeQ6Fm
2020-10-15T01:54:47.296395870Z 207 qpV5Nc6JqoelvDiLn8iWew1L7YlJojgjkXkyAwYyGmlH0KLEjkiRn2ZQ52L1
2020-10-15T01:54:47.308215436Z 208 ZdJ10inyQYi1pCa0nSejSL15hBlXtp9dHMYp8tsV5UjkgPm0Q7mr18tfkkkN
2020-10-15T01:54:47.318838418Z 209 bVkE96d1GF3pd7ESAXraPbnKxSA0urLG7hBhJsaWMJUmxot3G5FIXuZp0bdk
2020-10-15T01:54:47.330362004Z 210 ceisXxHDLzm7O0JHz0KVZP1lsodKokSfiMtV4EI62EFsMHoecY7TQyYIdcwI
2020-10-15T01:54:47.341186143Z 211 2JWeglRhLqD5Zp7WS8tUXWX47Slb3agzVewIURmdWCXk8unDCP9wZHlzu3Pz
2020-10-15T01:54:47.351708819Z 212 NV7K2HO0EmvrFRu6KxC7RPsAJOzCJ6B6ijUS3jGedzObjBubKiqFdMiwa3gO
2020-10-15T01:54:47.362531067Z 213 glIBBImeaPR5wCcOnY9XaamT5joB2gPY04Lxh21JuCfhX2XMsWWt11mNygu7
2020-10-15T01:54:47.374112110Z 214 kJo8zGGF7ZiECLxKGlqqMfKspa9UTgA1bDQUy8dOrKSMhT5qcDpYL5m69RZ8
2020-10-15T01:54:47.385209792Z 215 08jP24Xo3XkSiPJq2wIMmLYgNOM8MiQ2DyGd6oAIHaeq5sKi5KlUda6e1NVX
2020-10-15T01:54:47.395940293Z 216 5Ce7WvX3btFlEB6ijizXF8uXsOfAgrEcymZC8K4RTLRjboJa68bfCTVdlWHW
2020-10-15T01:54:47.406462477Z 217 z9cPoEhMExSVsWSCo4c4yS3G9WDGWP92xQBRjpCBOckNEHa8aje2cSF1iSKi
2020-10-15T01:54:47.418285445Z 218 fAPkXucLYEHT5j1ab46s8kJuid01A6sgjYQruI2gOn2wZyjFGA7xZRBpW0My
2020-10-15T01:54:47.428756231Z 219 LFYmRYI0d6qrOjAGsy4ydkZwUQOJwcMPzhDm7I0hU0tAWExk8BOc0SUuB40x
2020-10-15T01:54:47.440633580Z 220 TakKmRczBYT6ukcQgrMfB87EyuKxPMsnz3TKtgGTqC9bdjOrNT6DTM45n9Dr
2020-10-15T01:54:47.452027182Z 221 qvDVkvCX2iIVA8jzAcD5vblR57BbxaNcPc6w6CJAuB6NoEJMJjDEXhXEarUi
2020-10-15T01:54:47.463589414Z 222 UYy1uCx02frkyiVm5GYSjq4r8zIiVnoAavDh4G6v2iOmqbCScm72PRlh9FXk
2020-10-15T01:54:47.474879208Z 223 aStSosHNE6JHGNX7uVWyDtUilVSuUaiLmLnUNUVt4pceOw15GJqPIEBZWrCI
2020-10-15T01:54:47.486424680Z 224 c2HM5GIQMB3gLV0ZnzkWREXkJbzMCJMgqOEsFAwyldeCUwoJEaAoPMXJvGIR
2020-10-15T01:54:47.498428014Z 225 V0rGegd2NFYOYVFvF1SbIRsaBx4G0dPuWjzKOqYv1cW0o5KExiBWLcXYdhL0
2020-10-15T01:54:47.509790195Z 226 w9cKudlNoZ3gHijYINl6khd4DE95hczXW90ojwU4GOapbbUO8Ch7kt2qgJJd
2020-10-15T01:54:47.521370160Z 227 sMX9Rtetkb6jaVDKujhFmKA79HqaYex862VizQKKpzyphdutIbPmeMAvjX6v
2020-10-15T01:54:47.531982265Z 228 QwGZYW6vJkDWmW9PNqqAEyOd96StvFeZdg5s8McItiZQipyVwOKCTMxWnrET
2020-10-15T01:54:47.543517063Z 229 tgVk3HnUfzxFSYtbQeR3OeBmZUv6gUzkK1Bs7YB4qti2GGRs02cLF01xBXlX
2020-10-15T01:54:47.553708381Z 230 mknH3ZxGrumCml6Rb5XG1jctvWAicZqJWLiaMmIwBGAQA1oL0uqLpqpCDYRU
2020-10-15T01:54:47.565508421Z 231 ofpQ7m0ttAmIoIwaWl3GdWsqsPRYucO0EPMx90YzFcRYZkv53nQvkgsUxZ1V
2020-10-15T01:54:47.577363599Z 232 SEFXYYgQqQU4uuNgd7jN3Td6lDRhb8E1nZwEdyWoAfHEMBWjzRAyutQn15YM
2020-10-15T01:54:47.587994885Z 233 6ZxiDAOFmtV1CGhFJmCqMOQrEtVE9lZ3JUBAafaLVka8ZMzmGxI2lFQADqcg
2020-10-15T01:54:47.598972827Z 234 mKCdhrzlfqXnVLdvN1ayPV5TdUxChxyh67nLlmOggV9emSGZgPKEpv8q1Ri9
2020-10-15T01:54:47.610145640Z 235 m5MOoPREsoe4zSc34SZheZCVplzDl5tgnBVnumDdpkpX2Rie5MdhjpsNdkO9
2020-10-15T01:54:47.620687101Z 236 c6c7gql9s6ho2AodQhvLMFMYKqbOaWkKJKaewz9AxRCPtwULBuVtOsyPfgkU
2020-10-15T01:54:47.632389726Z 237 MBtvgDsl3DlTCJrtpkbmLVn6Z84mjm5sJiUIGEEafbkdPkqXt5ZffPtZJCZj
2020-10-15T01:54:47.643185391Z 238 7JugXbX3HMqo95O4CU1cJuaPoDaESz4PT2kmRANswiolFLcGIlYOknwZogzV
2020-10-15T01:54:47.653962598Z 239 OKj2xe5I8100FGLWqqyVnPIom9uCctQr2kEcPyc81PgOYXaQvi9VzLz7g9ST
2020-10-15T01:54:47.665750544Z 240 vqoMJL4ALiElLUSe5hhYT55HAOWG5t6hTsF9WDssAitvru7eodpwrWxqoVsv
2020-10-15T01:54:47.677588033Z 241 ksaBjOzF2TTkdJVaili9439jFWyjCg8XnD5oQzVGiVrgM7DMk3UpGu3ObC2O
2020-10-15T01:54:47.688891079Z 242 xAWoNiGu5EKJiCxO2kXJOmKEodz2Z3IjqxWy948bSAqMo8g09FccAr00c9c0
2020-10-15T01:54:47.700586497Z 243 UcYHsliPRlBclMcIzNXakcz6PVy5aLOCru9nQO8rTkoDCfYrUB7UtRPzYB9E
2020-10-15T01:54:47.712374463Z 244 mr3ysTucMjRSwRKIMlLzjqAbaxMVgKJeBdQmDHttc1ET4GlWYO1p5qf3vMpe
2020-10-15T01:54:47.723063493Z 245 VcoiKFVSMJZynuu1cfjCh8KhSVshS6vd42gSpSQ5qjmSE7h3PJtFY15786of
2020-10-15T01:54:47.733720154Z 246 SWGZaS5cTOXtDkB7gJtczkT9sfr6euQ6ssYZl1NNWUl2MfZqrSAKdio0Smh7
2020-10-15T01:54:47.745428801Z 247 cWMNAknw9dOWbgBHo2CAm7iwdtJ1g9AfbMNXh82olgmpKZwm1qTZFeSfkdai
2020-10-15T01:54:47.756804337Z 248 HsugTgNoqGzYMkv8lc9oyDBosLsdVTunHc2cMxg3Nxdmk2qlOkwekXpMPdzR
2020-10-15T01:54:47.768581675Z 249 796iEvhs9u0hhSxY8EnGwyFcjsd1CcDHjct976WHyccDpmCmubJb3KlBNNG3
2020-10-15T01:54:47.780415389Z 250 G6o9oQFKkCAXKboI7rL1WZidf4FnTCkwkvEUeZ3twE5Y7PiSk5IA8URh9U84
2020-10-15T01:54:47.791324831Z 251 qGxEJtWBbyOGCsP3AUxLXDTXQ868ketE7XdD0xYXuXuc2bZowLyWGD2vlwRR
2020-10-15T01:54:47.801957993Z 252 UO62sxCjGI9giMXTP0mQjiZsqO1F9gHcrFUlp1SDCVDzg4jN0lYFS40PvE9q
2020-10-15T01:54:47.812789417Z 253 8xlSTrwbb5eealrPB1xr2woCrLjd389AgXwTY3TjHfHEeKHswZG8Q5OHKokY
2020-10-15T01:54:47.824367249Z 254 Gf3gp2eS8UOwgaCkjPQsLerNl2FYPryhr4m86n28crT7FkSt8DvI7D9nwflY
2020-10-15T01:54:47.835214349Z 255 qaVtMvYOB6uJDHVnPPYNTx4xUZcoqUnAQu6BT2ZPIvgCQunADFLU9OVu3XEd
2020-10-15T01:54:47.845744331Z 256 LJsBgdU3J1RjJsaM6NxkcH3Q4RPnRTU2sEwmGHk7i30urliPFMVqxkwOJjuH
2020-10-15T01:54:47.857229109Z 257 CEtjduyHV2kVg3mTE1EC26XjyPYkdgE5hzeTbOiJKCmGbZUYsQAT0sEHgADv
2020-10-15T01:54:47.868080766Z 258 FY4rxW7zV0DVQ9OympFqPPsjwOIo8e9zeCjoPPkoUN4Eq8C0Orh247fJVsQf
2020-10-15T01:54:47.878705510Z 259 joksEbn7ecm1PYtB0gdwuoAe1wYKiFmUk4rqaUH8GHYSrGCtHGvFYMJ4Kf4I
2020-10-15T01:54:47.890232886Z 260 Xv1GXHERxGdM3DXbi5a4Oebbm2dFFe7CxlJCNCpmXHt5nynDk6GM5TgSpZL9
2020-10-15T01:54:47.901438156Z 261 U8MovnD7esKQQfblVOvn2ctBFuLXUEX4v0vHpsaZW3VbH6XdJ5tKuOnxebdj
2020-10-15T01:54:47.912687614Z 262 VwkhDokDnKhrWA4uCI7pT53FI2Hfyele9bEWWXrQMBqrT3wbag9v0zGqYiJL
2020-10-15T01:54:47.923935955Z 263 OKXX2yErCiS5sXfqoMsGTAXrDZGeMwgajfuWTA945kIB2fUvdTfRRL4wJN1w
2020-10-15T01:54:47.935462022Z 264 6J1W2FnQmdqbSLlT0T3hg4ADHrhmkgGUHbIF36H4bNur1wKtQFsimpEiBrVu
2020-10-15T01:54:47.947587086Z 265 Gl2cUqpn5Srh6DFTwGw63r50jVEZ5ZeK4KOxRlDgXsDq7f9MgWAdCtcZD1tH
2020-10-15T01:54:47.959491619Z 266 huQotFvyHiDxs0FfX6yD58F5NqN46PiwcBQy9ufmsM2HCGKQychTccmkxbbA
2020-10-15T01:54:47.971210841Z 267 yrx2X4TQxpcfqwnhkD7OyaR2qI8HManNUp59fAMbeZAV1DH009lYn1KqPmIE
2020-10-15T01:54:47.982052396Z 268 0ZwQCuAjknPrqzX4BzIBBHrrAB4CeargLlqwHRNnn1QpAct4avJIm0LnAfxg
2020-10-15T01:54:47.993678297Z 269 EPBP2YX7fuKa5rrwdGSVS9ldWXKyegmNku3c161VOPQQo2aJSqthBpWALxzF
2020-10-15T01:54:48.005480865Z 270 eS6kcxfZItQY6DrKsqgNG33vgQkroAr3ajJgucUAF6vd8U7Gt4QjCyxwEpgv
2020-10-15T01:54:48.016829413Z 271 wjvtVovoe923IDQ30MItcyTuSuvs0Wkaa5c9IZMMPqIEirMW5yUIUoNuiLR6
2020-10-15T01:54:48.027828478Z 272 XmwP134HP36rmEqxhtHH9ffRZ2ACxJJKv9hrp8IRVDyddlYBdJDjjU5ztRwh
2020-10-15T01:54:48.039274796Z 273 HlZapaSgYNDA4oeb2pvwib3yfyzJMimRJyftZXbhl3mdyCF59jWVxCD0QNn9
2020-10-15T01:54:48.051236411Z 274 TXGsfOVDAod4uDsoeHljK1nDlAknw9nxStz565WmpOtrRYxSlprxL7L96Mcb
2020-10-15T01:54:48.061684973Z 275 7mnlobs27KFe2aZDGs0G3mbAJ1IyuYRMyeqpPS4TGjEpkBZfbag4xf7qr4Bs
2020-10-15T01:54:48.072788098Z 276 MBgsxiOmvdAdzefI7pK1HzzHeBIrPFDSH2T4H4xyixcMisAsM08GjFbQchiD
2020-10-15T01:54:48.084627114Z 277 g05mu2Tv3X630tzkfmuzUHyy4dvM7QqHJOy2Gke4I0GTK1sZNqrLlrina21F
2020-10-15T01:54:48.096544321Z 278 67S0kywDzqV5YhLJoIAg3sPVp40gt8PP0NXW8KhmHcgPhRnvHte9FocJ4lUR
2020-10-15T01:54:48.108400112Z 279 CWQAnYP04i5bJRvp4olHh6lLGpgM95wvp297Wfa9xrpngIhC9D02OlTgGxpi
2020-10-15T01:54:48.120220354Z 280 Eb9SQwPbQ8fup1Ee2lpEGqezA1FdWmdXDMzoi62nSxot1TD7AfqasaEaTeHk
2020-10-15T01:54:48.131272004Z 281 gswm8FLDr4irFjOP1RFGsDk3lnIMF8YUX2dz9xndQoLCkkRpCvKDpaDg3RYM
2020-10-15T01:54:48.142300684Z 282 xpwLwQaafz5MImxyVs0rB7qn2NQMG4KCKCoduFBvUyLwKTX8sMxFBp4WjXRM
2020-10-15T01:54:48.153308176Z 283 C9xod99tDbvWuVzGjpb1dzY2LO4mWosWYw66j2weyXnNeK5dUGYaczyKrdGh
2020-10-15T01:54:48.163676164Z 284 aA1spU87qPfACidv8tXg8cyPkgwjqr7dCUuR3dHCKm4dUioHNZDD6BUIAPxA
2020-10-15T01:54:48.175196029Z 285 8qs7eiK8euhCOaYxXLTWZnxPviIphUleH54pboyr1zgtoICnFGbVPLhMfrPG
2020-10-15T01:54:48.185867427Z 286 zswwUelLAh2Z14rSSSzImXynM5o51eGHHhhGHQySlQX7Wq6ArjDTnWHMJ3y3
2020-10-15T01:54:48.197610553Z 287 TwXF9bKUTnlNWJlGesP5Z6xsiDrjtIEMj6ltfNDvKZ0mIE7TkXhHBFdGytPq
2020-10-15T01:54:48.208914154Z 288 9PsYjYw5KMWNOyDdfqblLzKR2wHlUIOmjoyABhbqwcy00OVpnwn0lCsLWtHL
2020-10-15T01:54:48.220668982Z 289 Xs251o2teQNxQWGpkGd1unsU0XaKYOmc9YmO1UE8pjcKN07L5ZXehXDu6okI
2020-10-15T01:54:48.231522249Z 290 rWOKdJyC1XF125wxOOqdK05WXwP8veYDNbAlftDMoJJoOTJQCKdolEXMRhUr
2020-10-15T01:54:48.243061208Z 291 NFU4AnkFUNHaRdox2c4lRu7PUPoQhc8wg3qRPPJmOsHSzI0VeeatU081Dr4M
2020-10-15T01:54:48.254687194Z 292 mKw9Ti634jNpgRV7F9DKFmliR6IobW4nW4EH4ngcDHQ8wx99r2ZZ3VMvffW1
2020-10-15T01:54:48.266546737Z 293 Tjg077RNihVNLSL9AXXaibqGTPPNMLoFGC3MvV6DJgWHRMjlkI7E5gcmdTNN
2020-10-15T01:54:48.278305250Z 294 txq38vUCyrojIq6BKu4nIkURHsFQ0IYaJsOcwo9UFPzmKF9rpvSeG03VPRBI
2020-10-15T01:54:48.288941990Z 295 O1R7UASnV3TrxkCgMfiXDwK5k3C10jsBCpWAwMtJWVYUVTUKTdhiU6OeCUUJ
2020-10-15T01:54:48.300011945Z 296 PljbC9F4Q7MPb0yThKrQqoyXZpqldGBYKaUHGiFt13fFbdu0rPy1uHB5QJwK
2020-10-15T01:54:48.311404536Z 297 UUaztHQ41IuuMQsUWCvJV8slGkOkEDoYLprAfIY4iKJ654fRyx06IQX5FxXh
2020-10-15T01:54:48.323259802Z 298 d3Na5MKMkHClZMrEHAzuhBuLWFs4bcUk1jsTyflvbOigoa8ypB3xZ87UtG76
2020-10-15T01:54:48.334272061Z 299 FJduT0nxatm0XzBlo2S5jIuIPx3HEaqZ9NGbo55Us2EBzH8PeYUDoE3KJLhu
2020-10-15T01:54:48.344961545Z 300 BUTsexVnOVRq7seeshlZdxDFp4wYS5kiLC6kFVWoABI8wQmjIm9mfSvgYRBb
2020-10-15T01:54:48.356729195Z 301 eaGAgx1Tk1N5Gk9BWYDvCLs1545oy89v6xRTLiAE1UUJZaRtzBSZrgVBoQ4V
2020-10-15T01:54:48.368735308Z 302 k1nyFjASgCgz3fc2Cojny8CZXwuLP3pTzLD75AbmGulOxX0hZ38KUSGf4ckC
2020-10-15T01:54:48.380476898Z 303 bL7l32RzMnyxkKEgn7wlj7d93Kf2lQtciN4rWpPh0W3vZIXFzAtnpKb5uvhu
2020-10-15T01:54:48.391842662Z 304 CHSFXkEeeQOsRAW7yPyhNdIdevcmEIMqyPi1L8gQxKVRPnp5ppJ6HcWieLR8
2020-10-15T01:54:48.402900261Z 305 5SUnG857SL0Fu3oZgLmWlRn2UGtRurEy2UPc6xFCoARYjb3ibsGXLJIrVKTB
2020-10-15T01:54:48.413740683Z 306 UGA4ZiOV6zU8uGjvnb4sO9lPYlvrprJBACt0WWpnUuWq1tcOMCzBO0ZrnaPc
2020-10-15T01:54:48.424539664Z 307 9UdlRYTiRhxxqeFyI0vW7coNUUKkbcx3b5T0R1ksxIH0bhFpC9dr0tPYc7uI
2020-10-15T01:54:48.436240022Z 308 H2Nov66FHiLIPGGqUvjt9UnlnG4zSLTqVD15zSFl9JJXTWZ5Q5dWCqFmB30M
2020-10-15T01:54:48.447428734Z 309 a0T65RVG2ktZf0DPQWgym6Te7ypAh17aZ1fHEogiyyK2l8z39cYQNqNtQWXX
2020-10-15T01:54:48.458165094Z 310 ApgI6FACKxWgqFWPZWJUqxXH2wjK1TK3qCTCz5vcvGRG1WpcO3TJfY0sFnD6
2020-10-15T01:54:48.469084953Z 311 dVtgAmzbvr4TgCi3p0aH0mxFn39vGPz5OOQ7lP083GjhJIpNeL9Q558hsyIp
2020-10-15T01:54:48.480308497Z 312 D8e0NSVaIS45VqhjoDwk0XjBzSXexCIy5vuN6hE5y3xKvnZBtx283XJr2cSb
2020-10-15T01:54:48.491054677Z 313 RP5MpXFw4qTwJq2MjJxyqHRLnJNJFkrR2qwx49L6j2Fww7CNf3WEQhS1XELC
2020-10-15T01:54:48.501811192Z 314 0Gzu46aQgJhFCX7VpKSZg5ziD619y8y7C866DcIzhHuYH1flu7a5KWBQ9i02
2020-10-15T01:54:48.513871308Z 315 pcaDOmWzyWqVdje7MD9nWXgnIllUF63lApOJ9uoriGHmcoMMSFoVLTATXp1u
2020-10-15T01:54:48.525238460Z 316 j14h03C7UudA5ezZAhaon0yuHo9M7ETfXYhFtMS9VYZzh189prkt7BSWhgIV
2020-10-15T01:54:48.535878421Z 317 42UPVUeKilTQDH2fAWoQBcrOqB0ssgQSd4oYmbj4numuSySiQLiI55ckbo6p
2020-10-15T01:54:48.547560112Z 318 qCIVJi1P3CWFytmMZ7EYHZLhB1tHle4dKqUFCjJMrQs3O4Y92M8QQSxocwyE
2020-10-15T01:54:48.559462027Z 319 stQdmuCtYN5PaMWZPsEY8rL6zNQwlJXAKzUDhfdhcLu8LqymltgDUE5i0ym8
2020-10-15T01:54:48.570520692Z 320 HIgfrhuaWqUjMowV5AWqdV0I6olI4R5m7bqjGjcsEzlgQJUTIlTkJYdyVxZE
2020-10-15T01:54:48.582414659Z 321 sQ3kULruKZvbTJnBdyqaPZhIHWefxl2YEFS3P0X0kZ7mOA9p1NCoySMdDPmq
2020-10-15T01:54:48.594296483Z 322 rUYgPRKX6cizuqvkPswffCPdwv458MstPb8x7JgNX6gVHGpPZ5dkZJpRaMmp
2020-10-15T01:54:48.604831565Z 323 kEcoqEgg9XUtyrURtmp1EGKM4amJEJhYiheLCJVgGhfv6Mzu6ReRTfUsOJja
2020-10-15T01:54:48.616479150Z 324 YMgjn163wIrkdNFaa9o4h5hggLfvnj3cgs8nrYMsQstzknv3xShj1Wldbro3
2020-10-15T01:54:48.627431006Z 325 Ncs1MJrfs9s7ECVeJiXDCj1RzKh1mEv4760l4rcL59rhkSa8qSWlxadRTwat
2020-10-15T01:54:48.638001685Z 326 ZzMCtFf2kZ0DdmdLv3qdoWXfjvIUrYH7ZJyq9fmornZo4TrfKdq4QhhGoDhp
2020-10-15T01:54:48.648999314Z 327 IvdJ25rAuUBjVAixYDfvse4GhsMP2XNNy6bJ1g2EGq5BaVO57FHgnb71nQb7
2020-10-15T01:54:48.659695777Z 328 BoWqYrYYkp6NOTGKeTkfoDeC4gc5qW7JWFMsmp93pIiDf5XxQ8W53t2znZKH
2020-10-15T01:54:48.671661921Z 329 sY3bdPy5DoskIqQT9ZuKQcDdlJQb7Z9JSDVybZDJ7bBPIgGsnIMGxivaf9Vh
2020-10-15T01:54:48.683555233Z 330 oGeZcGP9dIBGMRoC0ZqI77aQmVRlwKbar5ZzBJfCsx4XjV3q7BA3teHpjfd9
2020-10-15T01:54:48.695606487Z 331 TtsziTV7SYrO3UjuTT5wBt3sIpsqaI7cSwFN7YOXG857yXg3Ja7fx8Gb1rqT
2020-10-15T01:54:48.707057893Z 332 kESmv446reCquws0JhwSDlLJwlmwffKiUjeF7jnqwxKF2pnnWVqw63Z16PJc
2020-10-15T01:54:48.717873870Z 333 K83HJbCkq5bbVzPiDBIABRheRRbDQVlRczlLVyADAhx1qEPs6oQYIAMIN1le
2020-10-15T01:54:48.728758550Z 334 K9vs7mzyVjlXJnqAruuskZjjv95kL8gl1hC6EquCyLD3bAV1nK9qcpTmxmIh
2020-10-15T01:54:48.739612352Z 335 xfB9CfHofW6u29A3joROPddWqdxPdEQMxNKFFukVI44BeinsI34WxYkqIRlR
2020-10-15T01:54:48.751299566Z 336 RgruMKisXk6edYX5wDwIr1nc4jTBWdshU0MSsOGcANbGQsDWH4Cl1uCaRCHR
2020-10-15T01:54:48.761893786Z 337 wSiO126RYkeOdFu8fZJnoFYb8STRiXxyPlEX43UK92WvQeYREnUimLcnlDAo
2020-10-15T01:54:48.772609996Z 338 3wx8Tr7QA0y3GflYDnb4L5lF4j7TY51FsVaaqGbxQmYiUMpH0pOtSd6CgVqK
2020-10-15T01:54:48.783587339Z 339 hdBAuH0Xc1T1XlNuXaI6ijLi4TyBAtqQaJXB9akJLOHV77vTFxdDQhFO4CEY
2020-10-15T01:54:48.795233303Z 340 meK0q34zeGWteVja9M45eN9ZbQaxbdDt1ZWFrATJUj7cYBRUlyQ5JVspk74H
2020-10-15T01:54:48.805897716Z 341 6kVS86WQesU4ZTnccFIRuqJmFMXGOCP9ce2YffCyxwsnosECNkZudgGKuc0R
2020-10-15T01:54:48.817641511Z 342 xETEBKXx0OVi280VLSXGv3pInwJ60ndmU4plp4osgn9f0tpxZL7R57vZbhZz
2020-10-15T01:54:48.829562495Z 343 8TjMtKj5fmoY4TMgFKgDDxZpR6Weywx0O4nCejhNLxEE9QESwiYvwC1jp0zC
2020-10-15T01:54:48.841571013Z 344 fuw66j3uph4lOctpF6shbjJWsfnvDsT4egaulchAzVHYqoMX1Fn7f13HLXOv
2020-10-15T01:54:48.853027113Z 345 1DwYoyEKv2vjFCn9HiNudueT3pT3icgFifPHSklmKNesbZB0VjPlabXMtPag
2020-10-15T01:54:48.863719947Z 346 WAV341KLNTaAzfAbXH5aJ5tpxMnp8199UtD94ucRFRjQ7G2ScmtK4eIi0WNP
2020-10-15T01:54:48.875556777Z 347 4kJjYdBMw1SuzVkkNCWTo34pCCYfjcCrPc3lUx4VYQYlM9cbO6bCALdQVfW3
2020-10-15T01:54:48.885592252Z 348 xltflTVvzTgdBvgwLEyCzi3lnNZn4JB1TLC28YAAcDKeovhHefpH9ztLz8Dg
2020-10-15T01:54:48.896646705Z 349 5mhKatrAqkwHElnsyD7Izvgip6uHby2EiWPXt55FrJkDUsdJYYz4yxysuNrs
2020-10-15T01:54:48.908344611Z 350 HJB6wFMwhWuxqgWefwVRF97Fne5x67oT1thrfAcjOnwn5JIGrvosbgYNNEwS
2020-10-15T01:54:48.919378247Z 351 RVuRcWOBBnuE7UsP73yZa2o5uPADJ22AN0Uuz1MWNK8eBZ68sZYhnGjuUKVi
2020-10-15T01:54:48.930781157Z 352 yOzybfpoQVAzYaU4DknZj3xhEXqkYTbRk4nv4y7jsklLIl3qNcaBBXzWr0xW
2020-10-15T01:54:48.942117164Z 353 X1fg6UFmg2DH0EfGceuAbnNzaHKHyH5rbd68HdYpHdZbmZ3jqrwkcccb4xk0
2020-10-15T01:54:48.952916391Z 354 T5Z9C8jR2dgJpmkYVXMTuwQ3HGdmgmuIUXLge5swJREm0WOyohVA7MUjghvy
2020-10-15T01:54:48.964525195Z 355 ld1k0Jz2GB9sWgnW4iyE68xjWMp1i5Dh20RkrnjlZm75ouUF55kM64njlWtM
2020-10-15T01:54:48.975951748Z 356 T0Y8NuYRivkJKDRxqinp8XGv7AZ3dw0Eja8k09amJgN7jRtj05RbaRLS9MRe
2020-10-15T01:54:48.987407655Z 357 1YxxCiIvXzCoWLBq80PJGBlDe2oGJldEwgeDUK6Tq9HJ7EWFM11FCEDzNqE7
2020-10-15T01:54:48.999100682Z 358 K2I6K08ckx6cwOYME3l1dSfuKbM96Df1sY54aTc6uWsJ1Q41PDVxM6uNJjRK
2020-10-15T01:54:49.009703080Z 359 kczzSY29MPWmZhDPNd3Z3Y7xGCvz7IFiMkDwtBfDmKc73lxDSpBXcqIZXHdV
2020-10-15T01:54:49.021376335Z 360 mP9MT22wP7nfLnVQ4ruLXmoAA4vebjmMBYaAtVRmrwSzTdaqQKjp2CtTQhHD
2020-10-15T01:54:49.031835149Z 361 rKP0ugGUcRdtGKaRB6Az6JWtj2HHQNw6wb7ja3ACDMoeC39A7Jif6ExdEKd7
2020-10-15T01:54:49.042499287Z 362 dyqpzlagjUArwE32lKarFOfAlY8SeOYRtHx2IszaeUFSKhKHZzcZ8GI1I5u6
2020-10-15T01:54:49.054526518Z 363 dTQ8FxlTHANuU0JjiMCBSmphW5P5X2v2P00RURQEUUv2EjWkrXsT4I3zNHvy
2020-10-15T01:54:49.066255003Z 364 RsEoIQb6ZUfrcwwgh8b5pOqLJH4ppr8OGFJ7ShbhVLi9GsYLNfgE7tfL07nq
2020-10-15T01:54:49.076986335Z 365 nmfrjMR0S2XgKM93w2SAywKjHJySJ7HZWji7Mlv7y8v2tNQ1zHwddMHaDUuZ
2020-10-15T01:54:49.088754082Z 366 L0MKh9L6K25rvu1Bwvr7eiQfFx12Zj3md4gpgfW2vzOkFusJ0CbeEWQd6oqu
2020-10-15T01:54:49.100589029Z 367 K9jdCSKAxXbxDatYLRcGkBg8R7N7Oq89lDBUWJvpHsuAMX41QAJ1jstgaY3i
2020-10-15T01:54:49.112101584Z 368 woaNqzNW4QwusFUJjMkeuqu45jAcLAGQlLtPAos7LodS303VsYyfLT00XI75
2020-10-15T01:54:49.122698444Z 369 MQ5jrTDXrKxUMiD1rvtZgHxjAnwbzDwttUuNtFVbZEwRRNxp5I0d80Il2HiM
2020-10-15T01:54:49.134456804Z 370 Zx5HpCsW8krRbjueK3QObNfNm3zOLHpX4NyWlRdDFGVTxcUBk2XmtfBJzYow
2020-10-15T01:54:49.146019261Z 371 zjPTesUlSGdVba0XVEdAx1sxTLiVwCv7o6zMubs97YLbMa1j8z2oPwMWXWWx
2020-10-15T01:54:49.156850260Z 372 tp12ew8FLcAyzoE3HY0RhjSp7agc6jBQhtX375boUxJLBRfdOl2a91HW16pZ
2020-10-15T01:54:49.167930332Z 373 q3PYvxHeCJxvCuqZOcm1US5ChTLCzP0ZgH8eBtae3B3ePSmZ5iH2fBVYZlaJ
2020-10-15T01:54:49.179091750Z 374 hIZ74WNTiGT0qgr6plpwiR454dE4XujXnvAU744lnScBk7lEOmGZ47bS6CRP
2020-10-15T01:54:49.189781776Z 375 nmPN2rMbcUeEnUBZ5tM7um4FKBbgAI2ZSyp2jOQWPXQaXRGVUhH8eJMfAbSY
2020-10-15T01:54:49.201500616Z 376 jvBEuFmwTe6mUQNrmJIGFtGMWziYWfZYJ1760VNe1WEsypRTM3THPn2eTvez
2020-10-15T01:54:49.213249894Z 377 7HVraHjCZOxZJIa3oVMIIPGjCUNj0wECHNDjVwnsPnupCNEDUUcM7oG0NBJo
2020-10-15T01:54:49.223962247Z 378 SKFncQtfF5StwOL26Bn92Y4Ay9C8bw97g8xLgiKF8326FPCVLKFB9qzDA1YT
2020-10-15T01:54:49.235054679Z 379 imNLxZdvFQaXOAJx6aC515OKekep7iNqOvP7NAzi1SQJMOl2sMY25akZqonP
2020-10-15T01:54:49.245523000Z 380 SlAMsZHMC6n7VagTbg9ew3lmf0zO3RYYvMgzlgqvlqHDSZo9en1UrKeUnbye
2020-10-15T01:54:49.257133403Z 381 cdH73KUwAengwd314nQAY7R7aw7nhkZzkSRf2f8zWv0vdle6tPnxJuYOeRKG
2020-10-15T01:54:49.268815086Z 382 G7KcUtWFJ41xdiHYd10LPuwsnA1dm3VTSH6QDfMqtKl0KakRJoZfPL9iuCom
2020-10-15T01:54:49.280435933Z 383 wuaidrVQP2Hg92l3Uh04Ky6fPCEROI9XJ9A1pl9Zqt6uxHVYu3sW3V1d79aK
2020-10-15T01:54:49.291428609Z 384 8HZwIKdBf9Cud4A6iTqw6e0JThNUzIpDX7FGGULDGGG1HuYXaaQOKKM7AaxV
2020-10-15T01:54:49.301871443Z 385 ZEGPi68RJ2Sd54EuKTdJC2MCSYo3Kcu2uQx8D7LP37PtGumfoEMcboTk5mjm
2020-10-15T01:54:49.313050721Z 386 4SY10O7tO8wFjCimKqdS2Pooo2lYWFX2VD1OjCUdkT6eu9GmCMvVio9XtQlB
2020-10-15T01:54:49.323728303Z 387 ksrnddYUuquRH8iHH3XjpX6xQu6wg5S8IKnQBck95ujuEGiQLzeD3rbkArJX
2020-10-15T01:54:49.335425018Z 388 tFRxE9Zho53ug2B3kQTpqjZhrnHKEYPCuTCuspCGebp7m8LVb7ZEU8tHZ41k
2020-10-15T01:54:49.347359024Z 389 b87B6xznUFnSf5bQp1pckk8SA8QPlTraRC43fjyCsCtYDAog2QUGoTFrNipa
2020-10-15T01:54:49.358342200Z 390 1LoQePjGybubz3MJu2CkxZSWxL3tJvLk5gZC7lDzVlW348s7BFDF4n86sKah
2020-10-15T01:54:49.368922374Z 391 FLIqhnNjzvrLIKVE3jgYRt5Hh5ZeBm3LgZ4aAaGzJD3uoyK1bIn5enILreRI
2020-10-15T01:54:49.379999003Z 392 DdC3mdtyL2QdLKR0NWc6noH9wuFS48xpF5uLnCXRHPM1GiGmYmUvY232Epuv
2020-10-15T01:54:49.390727267Z 393 ZgFSsMzrGydk3LveP8DPtPqUYp0Ry6fmfyyqAv2iy6VXUEOgWqohm0FEcpiq
2020-10-15T01:54:49.402242738Z 394 D5B42Tt3Mpd8IwkMwsCpryZmXdmVkF5QaVo3Ahze2sc5Tx5MoUYuIHz4jgXU
2020-10-15T01:54:49.413191078Z 395 daixF4GhfVycL7wbzOKFK6hcKPTPheOs8VnsbsfvfI5smIaiPupZo4seDO48
2020-10-15T01:54:49.423552381Z 396 3kuReAyYjuHX15vO6yld7guZGz9nawNH7kuZPFMqcn1wVuUyYFiYkOJhORba
2020-10-15T01:54:49.435675899Z 397 iYUkGjyDwp7UZ8C1FitB30WSHgmSQbUv8FKombvoGb5XSqWklyq6mQ9OzYlq
2020-10-15T01:54:49.446579631Z 398 Xbw7n5LaW0F6eIiGyFVHvvIeedjQD35aKRvZ41SN33VPiz0m22ekcEfXn63W
2020-10-15T01:54:49.458100585Z 399 TXPMTCcun8ioB5fsbc3t34ZZtnTuptaN48ieJB9MvQ6he4WcQiE3Cyzs9hIn
2020-10-15T01:54:49.468801463Z 400 RzUHvW4ut05sKGYhdVLBoClsFwjHqGesaD9akeHcwyRx1oCoM9HzdRLaLiz4
2020-10-15T01:54:49.480510874Z 401 36MfeAyUrhD1eQ0TTnGLpLBJvQrsnxK1IyMSHKsZSSQown6rficByr9eZwTn
2020-10-15T01:54:49.492180682Z 402 TFxxLPdNHVNAd9SHoYRy0UpN1Fd2I2O1aQPW8LfB7MVQD9rDq1zfyfz9ZogQ
2020-10-15T01:54:49.502881988Z 403 YCVGwP2SGU62z4EzzHS2T3Ly3u1uqTocfMXKdIrQP16CMnkCFo5otUumM1vC
2020-10-15T01:54:49.513633183Z 404 KK6v6mhawRi10PyIFhk5uECwdWvbpzyo22BazJ1AZEmZirlg1OyEhW8r4rmv
2020-10-15T01:54:49.525409270Z 405 reMMmneNHz5CVkWo7iamEj8p4M3z3jPuS92hHfkaE2tpZ9LwZM3XTB4qEy4o
2020-10-15T01:54:49.536130093Z 406 NGliyjP95C3o2oJ96Izx0OnUDL3lU3TozDrYfsQYmBUpK5zdkUDKlVUSEDj4
2020-10-15T01:54:49.547041509Z 407 C0wEEUT0Cs2kBmSTqUFZ4cuMO40mxk3azrRZTgUxYdTCS9p2tY0LtUwiT8DI
2020-10-15T01:54:49.558121872Z 408 qTRfMg6OEpbjD5wnCCApUTzpFaHhVz9KQ4FMevuP5Yeounyx2QIq3sK5hGfF
2020-10-15T01:54:49.568569937Z 409 lMFS43V2ziQGEnkruNvAN9zGt2QORTu2dTowU0vJurqBSFboAbXpmSH0dluP
2020-10-15T01:54:49.580281837Z 410 RwTCiJqOnyIRWzmedWVVxiU8haDi7de9wE1htMc2Q4uQFFclU6wmQhFie82z
2020-10-15T01:54:49.590985232Z 411 bNPdKluw0Pwu1FR6tImnXZDGYZtyvjOTlPkt186P3OGtWKdGlMysXcvj8k6f
2020-10-15T01:54:49.602786666Z 412 XtF1zEoptBVRG6HppcTlWR0vOyt1m18RmXakmHqKRiyctI43TkKuT3F5sMfb
2020-10-15T01:54:49.614474380Z 413 q6nMF8PkxLd4xIKaX1lKsK7T5NTzvk881EQskMrTPnvlyZjbmwoGN6ts6Zcc
2020-10-15T01:54:49.626256541Z 414 w1Ca3trAbEy7B0TwKO63A7P0ffGCvPbbzvXMtTVpc9RfG9Sx3AKJ3z0fmPG5
2020-10-15T01:54:49.636649883Z 415 xZuMop9QefQ1t2WCz9vrHlQdl3hStvfHTGhhcOeMBGGU5qLV3xDWnb4Rfo1n
2020-10-15T01:54:49.647671312Z 416 2gko0jY2Ubom6jt70AeffrtR5V7gwNApi1xGbKhJfmhTwL50HsjTEhmn4wTn
2020-10-15T01:54:49.659316689Z 417 Gm8Lz8kLNTUKTDlDnk4sfFF2AES9cGj5vBwpJv7eD50tbjSM0oABPP8W14ad
2020-10-15T01:54:49.669842478Z 418 MZTBMowLxJF8n227mKXjxUv0cIZpVXdXJLrcVzpqt9Ol1I3Ubbl5Bg2Vo6Sa
2020-10-15T01:54:49.680845763Z 419 Hfv6gVgHVtAvsVpboM6DulmUhUrs6rNRhV5GtjSdUEgSgG81VY1UBdTmIgsd
2020-10-15T01:54:49.692849176Z 420 cGw6JzYZeqJOeJDW5WU4zWwH0bjtdrjqoBoHTvf78mu7ANNrcTs4OcWSbiL7
2020-10-15T01:54:49.704343056Z 421 x7YhN1qfbLFrQK7rlHWB0gXooVaDz5iJERM913WtgO2ABgk3pZDCUu7wOnSO
2020-10-15T01:54:49.714937464Z 422 cBkehRvLU1cw8IabytPjhKN8uSf1aLz3bDyikW8FwuMr6N7Q5aeNJ9OdXW6X
2020-10-15T01:54:49.726661117Z 423 HptJpOAJz1sSdTHH0MOhzT6c59sPANmwSPX6QMP0Qe51WZEPZYrJdNJqr0JS
2020-10-15T01:54:49.738463447Z 424 sGw0ZUyDrg6Aaa9Qb6pZHuInH9VtBVcIIXknMMPLC8isIu8iUZcUt73898gD
2020-10-15T01:54:49.749417012Z 425 8HSSY2KhNYUwMWTWt00pJjkYyHNFOrto4LIYXAQiOPQdZDibB3zLCop6WIpF
2020-10-15T01:54:49.760524215Z 426 S5yHqXA6KqqcQFlKa3EqFOXZOn2NXkm79AuyF9sPEwMGpRtpJikZA8jRbIWd
2020-10-15T01:54:49.770734171Z 427 T6bbS8nAVtJx8gM3DHvvG0EjgKpYECgyt51QZYqfaJOcXhetsD65jpNQ69hL
2020-10-15T01:54:49.781606696Z 428 hpm17WXg6jFCUnODFYAN1QexKY4PRQ9vt2DgIUg7ELmHCDbgrwCctOSssQ2S
2020-10-15T01:54:49.793051053Z 429 vg29jeyd30ybPxoAvIU5896HbvzMcyBq78MQaPv3bRFASpfA5ohLjoPdMkDo
2020-10-15T01:54:49.803778671Z 430 hEe5vB5HyO4yvBFV9q8naj6rQuwBU9ZRiLO52h6qsbC9BRkDydYadBqEPVxR
2020-10-15T01:54:49.815539343Z 431 Unigwvbihe5nGhTqWn0a6KHTHGU5AwfHBDGRiaWiQltJlaRbHVe1unMD8s4T
2020-10-15T01:54:49.827524962Z 432 mRcFhXRr3FYV9qA8hHRZvfhZdhVeYCSJx7jSdB2WVKh1zD3p96wB8V8wDgYL
2020-10-15T01:54:49.838751844Z 433 WJK6c45adY6ksguUSag2nKhYS6lo2MO5olZxMxPKwxHQKDRzeLqH9ZE75jj3
2020-10-15T01:54:49.850188967Z 434 pQdxgSmaQtqkmbrE71L1yWbgnXm4xcvnfxD2AB1P2XxHpXGtblBOVsBd6Url
2020-10-15T01:54:49.860818286Z 435 YjpcbApp8900kmSWqCgKym1a0naIzFPdBHsmia2bAMNTZmC7NV68KVSQkyrR
2020-10-15T01:54:49.872574460Z 436 czl462Q3xQ8X85BjURdM6GbJyGV4iJ9JINAyu4dc2MJ1M7F2aimdgeaDJQw0
2020-10-15T01:54:49.884366426Z 437 CBPmFnsl7xc37FfwOXEJMXwog4Bm0US3Z8z9Vi5oTQxgrgXz3DQqPbgkUnJ5
2020-10-15T01:54:49.895620022Z 438 q9Y6DMvJ1RCjAZITnpOWoKJMyDvRQ1pxkgqXWmArvfSxewsumxKWg9HyeSMf
2020-10-15T01:54:49.906945660Z 439 zxXDEiIWuXuJYL3I9oRoqIWCN5G4hF64QOtlBvXP8zsqBjCVtilZ8Mk4C1yA
2020-10-15T01:54:49.917846824Z 440 vaNxs0rjrf9gFnjFErRZQihb53jfHanLPFIPV0jiqZEs4Z5f3cLjOXwqvXpL
2020-10-15T01:54:49.928894703Z 441 xVTOKngtsRunIfC567s5B988hsIOlErUCxklhDvo0tIKrxHr9nHMPIev9hzw
2020-10-15T01:54:49.940362148Z 442 WKLI7ObtjaaPtoTedp2TgckIUrwQma3HOzd2QarXcg4T7ukNh0vKdro4ow8w
2020-10-15T01:54:49.951492412Z 443 7wUMtUkUTfxoU4JJFW1x0nCaWjlnGcCVsERoEGWnmFS1ITmtpEpjzuW72dBt
2020-10-15T01:54:49.963952712Z 444 hOrqytBIKLgLiFr9KeI440oXDGo8n6xB7mXZPE91K8Y7n0oqmpL9WLHYierF
2020-10-15T01:54:49.975285844Z 445 kytkuEbYbGAqmJwD2FUAm5wK5n0nJnIG71WwxAvAxc853d1LeUBw6NxXHSda
2020-10-15T01:54:49.985979293Z 446 sWyhhNKcomCMRfp9WVAISO0jjgK35EyRQOuRUNcsamaYq1yhR0ssTo9FHaIH
2020-10-15T01:54:49.996882318Z 447 k4SSRcjoOabJA30MBW87MUd8AdJXiuKZwfbquwkyzyvjklEkGj9gENs0UlX9
2020-10-15T01:54:50.007941891Z 448 uRZmFpgISo4YKO1XWDbZns5EVeefcCA9zgWy8VmCcBhyOce4lKaLYcxizkUx
2020-10-15T01:54:50.018966129Z 449 Wwe3sN9yHYJpgOFgNqZ6GMo4RO5ED33mKn2a9vdd1uonkywiicJ3Cil7hXA0
2020-10-15T01:54:50.030353403Z 450 3Xe6zmyzUBeComNGxWr6cR1sVee5QoXDFlpJomKmvEGkd5eVOGU9vi9ddi5a
2020-10-15T01:54:50.042172987Z 451 sJfxkQRR946IY2z3zDHMpzyBqDKD56kxh2r902oiLEdbz7wTjSD5j1742rxE
2020-10-15T01:54:50.053418329Z 452 iS0MusKf48Ee1YXY0u5DQo7ViRILedXjleNM0XLRiFWwHVgAm6ytHOZgpvLd
2020-10-15T01:54:50.064326325Z 453 zDXjIIUGp4jIPtPDjtJherHyAQyHVeL53Vl7n8JMiCz7d4HrDoPqW1oanRvQ
2020-10-15T01:54:50.075020794Z 454 jZ3pgP2wkLZihLURKzcn8YEtoNrBAx28SOZC7lYQB1SCWqa2CYFfYlhOBVTb
2020-10-15T01:54:50.086742411Z 455 kcw77nEKL4oZd5jMWkHoZ3U2JUO7AX8ZWBRnaIDvPJ2Mf3wGBebOkQeslKCN
2020-10-15T01:54:50.098614722Z 456 lw3rFBiSvBVEf6Q73RkxbqpPyYccXuUDFFSYS6VMP5h9GvxUdGpujHep080F
2020-10-15T01:54:50.110164782Z 457 Rx3eOHKJxZE4hKxQsznIKEWzTkeLFtr5jo1MAtHGJF0AAXUGwW78Kd1paf0W
2020-10-15T01:54:50.120729397Z 458 pJcvKzRIUzI2VZNmonwh3LI2SA5hYXlkA3fQQediHlZH75eyy91X171nrUwz
2020-10-15T01:54:50.132382435Z 459 q1WlrYmMUUth6PNuzeYZpMnr6DFgpFtLIgdYQrefS1YQ3wnFGwVKbLtIo4XZ
2020-10-15T01:54:50.143160496Z 460 S2x0fp60JmEQfkLyyCAf1khPIplE2HqfU4MpoZakfz0goPGsb621VPfRrV5D
2020-10-15T01:54:50.153784177Z 461 fEJA3Qs5yyICGDc4AWEoOY191EmbmqEUOLOBO9biAiXe1hgdIayMs9LnhJFy
2020-10-15T01:54:50.165663008Z 462 jHOf68aU0u4PceG3QDIfWw2AjQzgzqCPZz4xlw82SJzGGSxaMBd5VcyGm9ib
2020-10-15T01:54:50.177237091Z 463 XGqaSDfLKX35WwWSmf80qEgDdo8Z1eFrJHZCJAnGDdkTL6Y2yLhOlTFYUeSF
2020-10-15T01:54:50.187797877Z 464 To5JqzkPMjgb9EVbPVS2wDG79qCuqzzpyyND8U1v2TgSXHlwgDGzEKkshDqX
2020-10-15T01:54:50.199488812Z 465 TQ1QVnQVxods8YHlVLxihYzlY7TTv4qETmlEULGC9r303KJ4BT7BtYAyDfXF
2020-10-15T01:54:50.211337986Z 466 TWFRBstbSBwzhBcrGEtctDG1xi5i6YI1ECnaHHsjVDrgdOHOmYFeNZ5WJtOh
2020-10-15T01:54:50.221819231Z 467 mO4MQLkruxC6yRniNXKaXNQlAkvSEcteCfPFZuBN4t7nHmztXTreXNKrwNb7
2020-10-15T01:54:50.233749671Z 468 cFRSZjyM3VdgBB0ihePCDmcrm7olicv3YGV8J9MlO4Q994zfm7oNG98WRCsb
2020-10-15T01:54:50.245456165Z 469 tGegpWzGie6MczSyUlmq7n9N8Al1M8yHZzcNZGRsXvGVj8hZQ8wp0Jo5XMqX
2020-10-15T01:54:50.257190091Z 470 j48FIXpYp9adCOGdKVVU1BV3AxUzhJS2kzzg8ve7yO43VS84WcrmsSIwVvmh
2020-10-15T01:54:50.267863446Z 471 IgF4UDn5jmWrei6reoVhMEMZzVWcUm845Qk4qs9z11nssa6kdCsJGEOOf8ao
2020-10-15T01:54:50.279709096Z 472 8eh71ExI7B16tzQpOJLYGcDns5fLnpKlGk6aVlEfnxKHVoGcQ5LKY9xgYYjq
2020-10-15T01:54:50.291799590Z 473 hB9iH5TsosSxnB75rS30wjEeCi0wim5RNEf5EvOwZB4bk86gHm8OxX1kr02g
2020-10-15T01:54:50.303229804Z 474 055Jcyi6E6HRiifI1SvDwQGhdHQm82uxWpd6CNY7VpnOBG8damaKtBKMiYUb
2020-10-15T01:54:50.313874432Z 475 TVksGE3rT0EZsGdJ13wgLbFzkYTENj23pYMdxa1gZYmUvCSBz0qfmS3UQeaY
2020-10-15T01:54:50.325606748Z 476 P6CRCgEWMYKl2EX9RDBGd1Z8tY2CaAXzvcGQrQEwuVfSbIr03BUtlDkvyKZ4
2020-10-15T01:54:50.337541862Z 477 SRUO0tFNJvbvznFII6D7UIiA9ReUqnHagMp9ikQZywIDWxB4y5kxIL1mtbX7
2020-10-15T01:54:50.349367991Z 478 VmISzC4aEWMA96utiIAOUzGAIKu5yr1bMYFRUkGLuiq1QIAKEVw1VdYXNVmn
2020-10-15T01:54:50.360809065Z 479 HcI3PXR01ZpcbQiFWLeIHf88XLXLfn2LySq8Zp0HI4UJjzEn8aGV988VUlIe
2020-10-15T01:54:50.372120021Z 480 mUP05ZtfA5bRzEHhLCmnwVPxSOZqWiWvTYEO9S9deHjZrN8SX3SoHhUnd3TG
2020-10-15T01:54:50.382734484Z 481 ebkTXVQ0y95gxgjXKsSOC5T8WLClHGBjSEaMzVrxZ5FVWLRGiZugSR09ATG2
2020-10-15T01:54:50.394456205Z 482 vtbC8GvQwrhUgSGFvUaazizQ16URPxYLDegHCUaxzNvJSx1kc0kO8O8MuVeu
2020-10-15T01:54:50.404594269Z 483 UEPMbepsrSNzNvwqci6Weme7OFTRNkChglaoBEEOL9eVtqqlDfW4uK4Dktcu
2020-10-15T01:54:50.416475554Z 484 0HLLa2cchdnvNxcA8MtisoEeh1wXwJ6J1XVxoaJ2nYZs5i4KfZLAQeczu9oE
2020-10-15T01:54:50.427360608Z 485 NSBzyKyM98zuIyJ4qbgshdxTJwyfiLkZA5rIftE5YsPrRJPDvmp4UwEv3GMI
2020-10-15T01:54:50.437420852Z 486 hJ9gTSCgOi0xSUzaO2W3gjanNS9N9BTcuVxAWHvFJxL2HF9GTDAKfHBKlWcP
2020-10-15T01:54:50.449327949Z 487 b46bl2TahLO90ZztLTyv1Y9tkVIEPAWphb14yhxWltX3jjumygdYW01R78ef
2020-10-15T01:54:50.461009838Z 488 zxnoJ9qvZcXutvuztagcOCFXdW7if7U1L4mLYXZA8HuhRvRYU29XvK8YCqmr
2020-10-15T01:54:50.471769894Z 489 X6f2jhjb4DNfSeRRPzrAGyzhREttLojTxsExHmhceP8ElFMBZ7I1lnbx9pQI
2020-10-15T01:54:50.483279282Z 490 Gu9zcgreWnDvlrRGF8O1M7dhPPkh6G2BNtuDTrZpIIhLnjZThCepak7qF6sL
2020-10-15T01:54:50.493941895Z 491 39imfsAnIaA6CxF7b4vBi26INxmeUCb0mAsXrtG5tErjRlD1ODmT3O2phF8v
2020-10-15T01:54:50.505049997Z 492 OK27bMSspB9EfwvLPvt83jVWFgY0jDQCPEXCZnaEGKeVrjXGg2KCbEJW6nVP
2020-10-15T01:54:50.516618641Z 493 l80iZSeGfRVrC5qj7v17iM3b0lCgnJU9xeRlPTXNj9AnHMfNY2oWM0AjqJ3d
2020-10-15T01:54:50.528647090Z 494 bWBDmkUeaxIP0A4gY5TW9loBbCeTN8fvn8p7bOpnVkmb3XAgkrAFPFsYGAYG
2020-10-15T01:54:50.540495344Z 495 buOvXJgtVTdQXgY5TMI8mQgAKBQ2hmS4KRToLmqSuaiITnNmd2HIKj2LbygC
2020-10-15T01:54:50.552573693Z 496 XQKZkcb6SbcuIl9uxcCQiwVVbUhNyijX3DfszN0oaMNHFppz230cJqbjCoEa
2020-10-15T01:54:50.563291625Z 497 7YqpOZxOxN7htLifEc0spdj1qiOA2AKjnwdQA1qfD1zq9t6qbFh4SZLhI7Fp
2020-10-15T01:54:50.573742265Z 498 Id5HnEhRWITQErFuFnZSoT0UBDj8VMkqORBiH44KqCoCyYTa8UbPYd7J3jnw
2020-10-15T01:54:50.585398850Z 499 5omDUfTCk1rmBJmxIpp344rJAbXe0ksC0Avv6BqBe39qh5lw5MKXoPBEZF8U
2020-10-15T01:54:50.596063185Z 500 k3DrBIeWohcwstl8rcurN9KqiH2AeczraAM3TeJNHeMThLmcjPeyjCJzmWEK
2020-10-15T01:54:50.606773474Z 501 9c9LeAsZZSixFScPwcD8LhpWTnNsIcELO0rxU0Bodc2QcKDIK6CoW7DKK7t4
2020-10-15T01:54:50.618541723Z 502 mwew2072cGGTRwAZUzQs99MGGeNj10dlCB1cKFq8g6Di2WOvnyBGE4Bc8e7R
2020-10-15T01:54:50.630046384Z 503 lbF98ZLsNtrI0MMSx9qMCuSSzJA9gsuxqkLqfjrVMm3I3Ux9VmF2YEb9nIFm
2020-10-15T01:54:50.640802035Z 504 TTzSE1T1uQX0Yx1yGY2AONbAXuHiEDFAVD5cyS8mAwSk84q63GvqjmTolvry
2020-10-15T01:54:50.652683424Z 505 johpmcaa7n97UzVf8s9mtWjoyQaLxmBZew1GlIevxcN7W3lDArfaavEHahoN
2020-10-15T01:54:50.664378585Z 506 vySBI9pyG3k9cKKUL6LLvpypUCg7mmprT37gKThzyEBRHoDWzVijvwiJnrEY
2020-10-15T01:54:50.675452148Z 507 zVqDcp7Su9gL1G1QeDfKxpriEsLCKKIjsy7nXL7E2AipuQPvjV4zOdddwC79
2020-10-15T01:54:50.686449970Z 508 mv7MRkcNbFBGklKahxY8cjBLcdf9cKYtumzOZwLNNRcrKk7rMASSZD145VpQ
2020-10-15T01:54:50.696962038Z 509 qacymVmbosMy0blVg82Fmbo9uTAZ0gqjNT9do4HQJ0p8r53WZOAVm2FOeoOJ
2020-10-15T01:54:50.707637416Z 510 zDLDMcDyPJlqwwf1pG7hDTU5wjanWFytez9uL2j5bMwLxT51eq9PdWKZ31H6
2020-10-15T01:54:50.719395556Z 511 6FCNbCgyO4tP8DFJN9ahcegqBHa8Srw46MXIWwF3ooYNM0K3mBBKE8WciO9Z
2020-10-15T01:54:50.730053518Z 512 j69WjvmVc3TPZva0U7xDx72gX2bzfpywKdLToSMllDnMCV1N1LSx7txoZKK6
2020-10-15T01:54:50.740831384Z 513 CSYYFNDkb0AN8SRZdMMUCG7ge4lO68OFb5ODSKDyZQ8saudplmj4QGqjkkkN
2020-10-15T01:54:50.752396264Z 514 d5Sfi1XYALfJvISf3Pbl2DQs0iSYRR83I7pAGj1YKWdVsMYk2pWgtX8KuTYO
2020-10-15T01:54:50.763864587Z 515 BGdzBAAvcYYPLN3uvEodWi7lRjbpYqg1Kbba5SJWSQSWEHN2xcG7RBIYRXeI
2020-10-15T01:54:50.775310947Z 516 BQxZzC30MPHcchXWMingCl7JR0TiFYB9zfsslsQK6rIIVoco8WUBgQ02ZFRA
2020-10-15T01:54:50.785926182Z 517 91Bfrs5u2kth6CfmIdLpLQPcmcMeh2SgcQ5fdMJ25PJw4fM2opVou2rqbDtC
2020-10-15T01:54:50.796881196Z 518 1AzRDWtoNa12kvDdnQwRhjhDgPQX0nqh5J9vXEIBWTgAsF20m5d8pjFkvhpJ
2020-10-15T01:54:50.808607739Z 519 Qvw3GYcXbS0p51UJvFDKFWqg9EX94EtZivyuWi2sGQzVmv3553PQ8C4jYI3P
2020-10-15T01:54:50.820502915Z 520 z2pKaE8dSA6tFbRmP51zwgLkDuVjxIFCylk2jkpiLpz79mJBZROz0ItTvagJ
2020-10-15T01:54:50.832374024Z 521 wUhVPkTGAq52WQFXs2vvNLbItWWSLq9Vto7WHQsSMuDYSe3UFthkmku7Y9M2
2020-10-15T01:54:50.843156280Z 522 yqrwsSND3bfwdZp3jW0M2YzxMs2FhegKY5qpGTyKA1MhvBJanYV6JpzHrAyS
2020-10-15T01:54:50.853764438Z 523 4rUVkuMaBlA0r8rX66m1hQx3cofG4KEFENCxWfPbIHJwThxROHDh8UDhOzEX
2020-10-15T01:54:50.865512840Z 524 1OrTaxF8NJw79mtigfO5A7HcI5OBhTqb1JONzDTj9jQQWzH2pTJS9Y3Pu2eI
2020-10-15T01:54:50.877404783Z 525 GHfeUoDS0SjYJVEoOy3evUApPKlBlEPXxYOvFPF7nObvOLGevG7eQM9zDZvU
2020-10-15T01:54:50.888179592Z 526 AuaBiNtC4ZUnUVE4OKAfM95b1t16WkCaUDWaw4a8Vrf1cRslmWvVLSw7bQUC
2020-10-15T01:54:50.899205893Z 527 GFfuVDzDQxKL6Q0NXe8A78oQfMj9ajAAH7a8jrA9myHUxFQHYn695snTRQUQ
2020-10-15T01:54:50.910182563Z 528 ZVeN5yp4B27DGlxJGy559pENs85wnmmEOh9J7d4Fv5dTkjbGApr7gwyYLqNi
2020-10-15T01:54:50.920511560Z 529 9N4cosLPpQ32vTpPL3c9uF1zpfEauSU6e3kApncGCGbJC9B6qneaHtM9AJv7
2020-10-15T01:54:50.932265090Z 530 F7poG8XVQQUL9bNSHGFVNTNlYAGcAd1cYizKqUFxB0LbgtiaRrkLVu7ekOBV
2020-10-15T01:54:50.942846585Z 531 QBpjIw0SJs7dtbBjBySN9QEAzIAjyObSaQhUtzoydvTlDLfmgyU3dDWWA71r
2020-10-15T01:54:50.953563561Z 532 UbVHH7Yry5l1VXeFHJ3F5puUOimMXwfxypt4KKOKojhAXDjj7DQqK27bAnlf
2020-10-15T01:54:50.965445555Z 533 IhbpDQdUzlpUKjMs660B2dFCCokS83jhoeDe4y8YIJWdswwMD4G9QYikhjPZ
2020-10-15T01:54:50.976674428Z 534 VYLlp9I8vxFORPMrGJjhBNBikKMBHEsspq5gYxCZHkrl84WKqTpuvVgyuxdU
2020-10-15T01:54:50.988359286Z 535 e9bHXIYEnbpoTfad8Gs2ukfREjSEijWFjEo9xVgFOrd4jRyotDzTMhDU54Qp
2020-10-15T01:54:50.998966951Z 536 73fzwRmXri91Wo9oU8BFWvWJsEnUEBeVJSPD9pbe5LbfDqzdVGLW2d0pnE0c
2020-10-15T01:54:51.010473513Z 537 gzWknm4uKkEkuvSDMRTdB0QWpWuPVD9z02YUYlNtfgI8dDtQq1tQHvSqdTyc
2020-10-15T01:54:51.022171709Z 538 ePTwCi7G4BeEADAul8J74QyfNlFBhvgJpBK8XpItDc5VqwUdgZxInS8mwIL4
2020-10-15T01:54:51.032927022Z 539 44M26NScb4LNZ91hFxsrjN23k5Wo8ADhyCYDbSaNkzSUhnBAzVq2Zwdd8frI
2020-10-15T01:54:51.044413122Z 540 TbbmjnjAQR8WhWREZsYatpDdHc3moNFBytr25qa6pKPgImVhNN1qZb8U62UW
2020-10-15T01:54:51.056034971Z 541 YBK6we8etmo1DStd5F4LA4Y5YuYj7jvt2Ic85CrhWbSpV5AXYb42wQDQ06OE
2020-10-15T01:54:51.067665615Z 542 heECDjQEhqEYO578pa0lQTaueB8A1KbnYQdO8Afkq3cvOOTNApCSr3z5aV4e
2020-10-15T01:54:51.079531750Z 543 WjNXHNjiG0rI4jnPnxEYxJwd0FgomPloHpuSmHaAkFaAOxCLogOUQsm9UnYX
2020-10-15T01:54:51.091070581Z 544 mrTLIf1wdkadt19woT5rebzHE8SWO7zE7UIKvt03Lj9CelA6Oo8SOmcXN34u
2020-10-15T01:54:51.101771868Z 545 OsciHAMtJNnafetJHbjos0exusutqoOZdK6X9M2DpJVQQEvMkf6owpiKpHnp
2020-10-15T01:54:51.113219147Z 546 MthY7gM8L0pcCd599peNUi8pQiPJiy2RagzREBnlvNxp3HYMoxfjFtCLQFWz
2020-10-15T01:54:51.123795640Z 547 QtH96ZsY0QJrfLNkbWYNn7zBrNjDE3DbmR5Updn1Kr5Q4pTOtt3ikVKvyRie
2020-10-15T01:54:51.135454271Z 548 e79ueyxq51Q6vJqW5cqv9nMFZg0qbKLoSZ9RM99uAt278F1f1fo833wfN9Bn
2020-10-15T01:54:51.146437509Z 549 vCdtczIRBIxhApVzHftyMIb164EiIkwqOX0SDZ4Uc9sAWJItnKXXBkRlZ4fU
2020-10-15T01:54:51.156823498Z 550 Sx72qu88mPrK9LDNztK2NSYT5dV95mIgohcUCDi1sgNfxAobyxwiV8w6u22g
2020-10-15T01:54:51.167627154Z 551 5dh4ZqY4ul8ehv4kpIHCWKlM0hgsaKo6oWz5psRerW1oztDOLp4Ga1dk9l1d
2020-10-15T01:54:51.179199853Z 552 qvsgTpLCu1reAwo4G7ymEmvjwefCn4G2CR2cLIHHpOIwBUE4dxpN3hCCpC4U
2020-10-15T01:54:51.190014609Z 553 FWerLWbc4bb73ypKlcwzhIqBiRh5lU58g3vnB3MEeOykySOBN3B84JUL9hmI
2020-10-15T01:54:51.200756339Z 554 MRKyHJHhjTbckzc6sn4C0G2jVMItlIDkLD8RxKiKw6swjvc5a8nDzbhnOpad
2020-10-15T01:54:51.212696040Z 555 WmjkgqbitPz4NYDwS3aTgAUh74oWjqB2jtdGBnBVQc3eLUXqghmALeYUGfmI
2020-10-15T01:54:51.225241553Z 556 bwgpLNDz43tgCaLDnuILkriDBp8mPHzOfnD7dtZy2b3jAnUeVr1MRWhb3Auw
2020-10-15T01:54:51.235643961Z 557 LaNI6z08PoK8K3LdhRdljBILz9krjDnoIZOmSQXJTTSyy2a0x5TANOKnrc5d
2020-10-15T01:54:51.247228736Z 558 wanli7vQWfxPHdC9lZJKq9LlFzQSv7IQy5EV5cX98qdV3w61rDrpcobcqGNB
2020-10-15T01:54:51.257712160Z 559 Y52LVlJmCcy3YLitI9zUpvuNdAfGP3O3SLjhugQXopPYb8K1Ar8psesxYleZ
2020-10-15T01:54:51.268691267Z 560 yYwacmPUynLPKQXRpvuAy3FjBBOvxiqNyg0vN0FIs5QqrDIFb2a7DsXezHQH
2020-10-15T01:54:51.280015889Z 561 myiXUNH5nTBgp8vYdCYw4r1C7CzxOzf7uSWI4AaHYHtlEPEQmIgHgU17mgO6
2020-10-15T01:54:51.291750573Z 562 XQWS6n8Dj0Dq5l8rBrlVLM1nWv61T5BlzAZ9m5lvfRndtJLRTX7S0UexkZmw
2020-10-15T01:54:51.302635047Z 563 cuvjuyZtducRnZj7Nktc2Njg6SKL3jC3aGnfAJAKaCBw2lBBy3yFcRgrS4lp
2020-10-15T01:54:51.314371710Z 564 bRvDCaVprbGWuyVz7HOxzfkwZxSfuBL5UJzvDiPYJxLnA7KJzsK15Ag3I23Z
2020-10-15T01:54:51.326034640Z 565 jrdsyvjgLsqURheI407e51pnThKoeC9KdyiL30ecngAXuG0YxYsOqH3SEGho
2020-10-15T01:54:51.336817721Z 566 INs6bYWS1S0XvgdLpRvxSuXSwYyF5sljzRkw3NsLWMRy8gAiKzaXhnx6prpN
2020-10-15T01:54:51.347869828Z 567 flvmrti0pIP2QIXhVoaSW8Qrpo6yMCUbCvRXCDbZlSGFN9n2w2UfKq68Xv6m
2020-10-15T01:54:51.359900637Z 568 DqDNc72TGIV2D5M3sNwjVfpsIqytOFNsYSOQ9r60dX0H0eVWfdKQVxfn7pEW
2020-10-15T01:54:51.371344679Z 569 cQIJ9BgEErBnwWqha7naCTWbIsl3G31pLVARlxPuoF8ttF07Qaw0rcKWlblU
2020-10-15T01:54:51.382684733Z 570 Mrg4RA3gsGliJl4z2Lbxl2LhOzFo8nR8p4cfKpMg2GcNoUlpDFqyodnP9GQ8
2020-10-15T01:54:51.394351297Z 571 WFaVZ2QHsgxnb2aDhJv2txxPVLeaFVY1u4D9suRQcKfmbGwrYKJ1heJrk0Lo
2020-10-15T01:54:51.405325478Z 572 lpiVB5DrPXCSdf9gOdH9Q4pxSWsb3xKSbUqkij3QZtYuC386Lha7d3d8TWPL
2020-10-15T01:54:51.415620778Z 573 1GOGmMQWgmht91i4o98joliL80niIuRL3RoFWmxFr5aBJ81Iw3IjOYDB0BAA
2020-10-15T01:54:51.427238986Z 574 5sSI08Whtv86IXZ2MZkeB2fhkZgmB3LLhJYpQuR60vYUkpQDz4PBphbBai9r
2020-10-15T01:54:51.437641810Z 575 m9IiNNcnw9rwv4laDLp0JbxY5IHvNtrQtOG62qrCfjHrRao1p5QAfLXYpNXi
2020-10-15T01:54:51.449369801Z 576 hcvgLfaqudiyUuHwq0NuGvafCRBa5gSEGjHAqE0jodRHZkRQNRtlPXDOYsUU
2020-10-15T01:54:51.459451380Z 577 oCQRgWny9ZkVUmbAcPRahyYqswO4xnFppqOG17ws4xE6wBnrY9TveQHh8vZj
2020-10-15T01:54:51.470594137Z 578 dY01dLyJfwN9TQjlhuyPkpZtT9DRYf2c1Zr80dwXEW9Ib705fTdLGvq7vw6a
2020-10-15T01:54:51.482109424Z 579 bX3eLtyURYa3D2WBpf5U1PwEVTqJuLmSqXtNm8jQTja0BH4ANwqyiEb6xJDn
2020-10-15T01:54:51.492768833Z 580 W07Z91IQZRzyXivfvBfLS4zvP14NqwExqZ60A29jJ0SAWk37KgQySEUPSWCe
2020-10-15T01:54:51.503786079Z 581 tGglDEJP7w7jy88cExXxCqEcBXff5dvvGOxWwuCRFBqYded80S3Hnl44O4oL
2020-10-15T01:54:51.515125500Z 582 ZM4S3Wmlq2WjlpOWow8KP5PLjUG3okyKSoJVwHaztiGSbf77BAlciu2MuO9U
2020-10-15T01:54:51.525848872Z 583 3cfvqVX9bgO6CMrCSNxWbeYigmPfucmzmTvp7S0JOTDjeq2ZTLDNb3yGIYLV
2020-10-15T01:54:51.537428622Z 584 tIx40h2wzyj58nEKWk5AQ78izHoQzN4LiXDLgHsUKiKty6fFlK4V1imIZyGU
2020-10-15T01:54:51.548360614Z 585 JynqP1ULn95aMxhc5B7WxUVkjlWR0gAGX9TL6DxLTJwQMVelve0b3o5JRCir
2020-10-15T01:54:51.559297383Z 586 MU1TLJwpEeaczALGGT7OmOTWQfUNqrXbkAoaIyesJCbk0XZUH8FGD1xMQ0JN
2020-10-15T01:54:51.570189097Z 587 ImtWcoURmQThbam3MLkICstM1XQ6dzEELhT3iHx6jf7RUOc8NHRyzbzN3xWr
2020-10-15T01:54:51.580954165Z 588 OHcWt80CWoW0d44aVS6hz0NJOdIybzdrLpVRjKcp7AoHSH8K3HjLfhumXLAN
2020-10-15T01:54:51.592640232Z 589 wPy6yXHqus46GY8bJ9UJSkYA6sue0ye2Cluiemp2EQA75Csb52f1FIPBRPnF
2020-10-15T01:54:51.604464576Z 590 heDjMhapxI6LMekdlo9Y97QTZz7co3hi4MD6EH69XZ1fDrnnB5PFj2JFjKbw
2020-10-15T01:54:51.615504024Z 591 0WATaoCEBKmhn9Zcl4tox1HvgokbMCPLGToMYEMJ4jB6ThPqRe3L80uSRKYP
2020-10-15T01:54:51.626148052Z 592 xZMB9dU58SwvEGdnVIstVUqo1XTaXDkTliyws0OLdV05EhFqyVqjfuVziZZa
2020-10-15T01:54:51.637434521Z 593 VxEz478cggmIZi6PDsdnu6haJn7G2hy6cFn7j1rM0B63Eoac72vHwIlEfhCf
2020-10-15T01:54:51.649085087Z 594 QpINr1gcibmWdBf2Om0vgqR5QHXWLGz4NWNriLsuz5SjmFsKnLyDxUhOYjPZ
2020-10-15T01:54:51.659911108Z 595 UkLFK4JYi6IIdU9rQfaqVICcEfcdYg2VSYWlXeogiJURdFeT1V80rQjwWfDs
2020-10-15T01:54:51.671466895Z 596 8qbTaqinCtT1IhvZF6T5MvoKoPAYgItyF93LUPeeskeapezvNJm5CmiJCgVz
2020-10-15T01:54:51.682473961Z 597 sFvOQ3zgMS3N2rID3cBY2V6nivASDNwZC3g5bkz7Esp3c7GukjotZHjSH1Tj
2020-10-15T01:54:51.693465230Z 598 IQawQglKIiGOSEyg01hYWhGOmb86TwDe0sMdZDF8Bq4lyOOZILMpPTrFdwWl
2020-10-15T01:54:51.704184610Z 599 zDXnbxJuW03A5G7l66OjNJskg9OLGHYyW5oS6NCknr4ZPskXAGJ1NZUTVfPY
2020-10-15T01:54:51.714847108Z 600 sw0whDsMaBi4KTLgwG3y6DTgcMyKMQgq6dexoTbEartg92U3aqHRkVRhct31
2020-10-15T01:54:51.726485920Z 601 sLByU0mUgtlxzNhVSAhVJscAdObcUXB9qjc1j0yAPnH9FkH5TrPFyD35qvir
2020-10-15T01:54:51.738387504Z 602 L7V3eLryM94vGhzBeeqEPSnztDoQ1cth90KHIsFXfYoR7AWqihPM5PC3zfRl
2020-10-15T01:54:51.748987982Z 603 iYPeEH8GCzB7MtrDDcnH6caChpKSwUya0qwgXHCBp7G5B7WQvgbvDQkNTFhG
2020-10-15T01:54:51.760107203Z 604 6qQLWi305eCYPhvNGC3mYwJZvMFC4viavLI1yoSkcvczUEgZHpXqUfNJHxfr
2020-10-15T01:54:51.770584775Z 605 0T2jXRHV8ACOLBZDCyOUuVePc2E4VNYiuN6Otm12maPOFjKMkRK7XL9Tpeqi
2020-10-15T01:54:51.782597816Z 606 PizpI61ZpZtFOTvYnP0dZLgYUpzPjnOvtR9t3wjhGjmezsv3KR7zJZPM1yBN
2020-10-15T01:54:51.794536893Z 607 kPz5Vl7XkSwx8ahFE6OPaPw10cc17cq0LTVDgIFIt9ZmyLSJrLGyS3Ycil9j
2020-10-15T01:54:51.806385583Z 608 HUDRnVkKqZKMxkZDN1DIizAwo1EF0ItnxTpQHpswLxYmTYMOGmaK5Obgxrdz
2020-10-15T01:54:51.818283108Z 609 goPR3knKXQSWiAk8jb2wctckXJHQRe3cOOAioflQ10ljeK17btjlbWFm9bHz
2020-10-15T01:54:51.829545426Z 610 FFhS2xvKZQdSTwcPYu1znLN7D3oHwKKu22iLrzI6VPgT9acnNoXp2vFutye4
2020-10-15T01:54:51.840951797Z 611 g5LhufslQrAhV8E5AIfYfQQq4wdJ4FvoY9GFKDdQCT71sIBwXlzKbxRK4jGP
2020-10-15T01:54:51.851696810Z 612 IGHYhQ7gYsHNqu7nZfKvePPCeF5xNbyMmbaeZJkI1cmEr83yyX4ZUlLQDc6j
2020-10-15T01:54:51.863332779Z 613 UEw1ariXTRdzWsBe45EnPUzZvrcElJ5eyNe9XVWBFKIlbSUOXfPLFrEGEGbR
2020-10-15T01:54:51.874090400Z 614 yV5PPgoY1PM0X3m6rgu7tAwSnQMBlhsbWjBXosveFbqWr09pBl2dbfGbsRS3
2020-10-15T01:54:51.885007781Z 615 yRcvsXne4YKx2BClga2FossXvNOhj9M0wfTjZUUJVSIbTxoNs9qI9iQAyPs1
2020-10-15T01:54:51.895833389Z 616 YYLSZLShjqO6u98c15GIlpEQ8KWMjuV8rN7pZJlmMkY5WvyklhTfqhhNp9O1
2020-10-15T01:54:51.907361751Z 617 0iCZ9VC5r0eLjJDTwlPOFcTvzDWn2xknJWYMZ0Ghk0Qqrd5tY4sy7RBQD02A
2020-10-15T01:54:51.918371648Z 618 88tYDZ97sUxK9kfz1XGtS7RVZIazu1kta1cmLt4UkXHkgI8YoFyjamNsFsXD
2020-10-15T01:54:51.929936520Z 619 059cBqLUgbIj998t2GUymYe37HFwm0pYymL1zTfuxHgubbMMy5sISC59yPVD
2020-10-15T01:54:51.941390854Z 620 JoPUyo0Hexdb3kIvjj0TRSWBs2KOX6948apAHJmQpnDDeGVA90JYbc6qt3vg
2020-10-15T01:54:51.952468708Z 621 f9OFmpy3Y0ENg3E76xrlRaOccsQ7JIPYH5mMxUHcbtLuPkV5UGx8Sb7rS5ox
2020-10-15T01:54:51.963675281Z 622 RTSRgymr2UeCW9IIGQW5irBiSgfQsqTtClqhfMjC8XiKxDaCQ5a5ZzwOnuMM
2020-10-15T01:54:51.974889315Z 623 l0ajtnbljUW5r78ZHlyXFFTM5fwnN1frwd8486jkRCqcUCsEy5LeMa0RpUwI
2020-10-15T01:54:51.985644744Z 624 ITrSqvnF5UfsI9N5IWwpUR0giGxqmkR6mF4weuvMYegW7LaBcPeesivxoybc
2020-10-15T01:54:51.997303265Z 625 32HX1AKPWCt0JUDg8spDLd1Ks6DLjEhjlaRdLxnYKIzJxfF0A7fePGxPIVRb
2020-10-15T01:54:52.008231799Z 626 FJGO61TZP30oCCElWzsJKE1qicRjZEe7eVkp8UnGDYRSMXu5hORvV1sL2lPI
2020-10-15T01:54:52.019013520Z 627 YPvVGJInbnetQ0HzhOFUZJ7k0R7SO39ixscsnivqFo4QCKESeCmR1PpNVBxO
2020-10-15T01:54:52.030597092Z 628 uXMCR0dUX2UDHtbSMYaEVEhSu18EhPlrZZptpvEEEed4DvYvQcJ25xKzWVeq
2020-10-15T01:54:52.042130499Z 629 nwFBEnLSxXa2K3rvVjHY2JZuhyFWxVi93Zszwas8jjU2CyJfpNL3BA2fqHGy
2020-10-15T01:54:52.052720828Z 630 QA8BHeJlffrH1TxEtsUlNbDSVpRhruK7cCrmjyQxzhnj75JFDWWdnyf9KuMe
2020-10-15T01:54:52.064628885Z 631 q1JkDuxPEgqQGIRdCIXWDUUD50eBB05uNmqsyndKLvPQlQRn6NNGRyTBtXHV
2020-10-15T01:54:52.076487559Z 632 ot5vyMmMDsVxytXuTR2wvJsEkGdbTY8D8rbCOWBggwYMZDqI8XzKZKfvOFCL
2020-10-15T01:54:52.087406373Z 633 xb1RdJPr0dXbweI6g0zySjtaqd1WsooaeNr2MuhMwqh5jA1tW0Da90EplDNE
2020-10-15T01:54:52.098334081Z 634 txrpP5Kx6LUrN5ZdAdXQDbw694BQhtYlS7JxNREPKsOkpit96Fl28I9jBNox
2020-10-15T01:54:52.109352555Z 635 c7JEURtVvFpwxdWkjQEECNjXuavyAzWzijc52ccLkas4jjDRyWNgI6CbQmIx
2020-10-15T01:54:52.120178744Z 636 jJZP0t5tVZzFC3Am1gP8AfQz1AOR2nlk85ogfeluuITcB57bNWu5yAEoSmaF
2020-10-15T01:54:52.130903365Z 637 UnNYuCKeOqCBoeK6DCmXSNk9tMGjZ9BHM8Za8C5xrn6dBBhtvlj4Q3VlGEFM
2020-10-15T01:54:52.142684319Z 638 MFVfa4vXpX6cwC47Sf4BCoIR2FSGTw1OqbHdBRAfnwsP1i9CpoenDheXgmDu
2020-10-15T01:54:52.154371862Z 639 L4gxfnBQYPDK4Ws8eSGkO8of3eCvUdjhrBzVcGIqRbHRxg7tOH9laBTgtJe3
2020-10-15T01:54:52.166306822Z 640 O9kB2JVFyaVLsZojvneHHq7A8SYoW4vd1kIJzRBwX6wOB8bCGkyU908y94jJ
2020-10-15T01:54:52.177381251Z 641 xIAmGLH5ohbuCTj4NavP6mOYoVtyh5x2MBMEDlyYOZ2HLRLXiFis0vQlRqWT
2020-10-15T01:54:52.189166751Z 642 2cMLSVpouwZ90Y4GWZWbq3cmfKiRiVPDWPWL8YkcLEWIPyaQIK7xgtnP8yQT
2020-10-15T01:54:52.199808241Z 643 ViBo861liuIBwNUsb7aJLOqqj3FaUV9MDIGwIEt904ABglX9i7qFRr09ccgm
2020-10-15T01:54:52.211263247Z 644 tYocxZqrKQ0oEsoMWuD6P52x0nIAQROJkLbZQ9stGhZFyyLP0QNit4GhpHvD
2020-10-15T01:54:52.222443932Z 645 0xSNsHiRHOO9pT0TMJZYKuJxMETWmegLLgvsi8sH66WCaEtL7wrMQi7Wm9Bo
2020-10-15T01:54:52.234376943Z 646 vk8Gf22mkPE2gOZP5BJAEp9sSmyI4okS62m1rCTotrIrkUkpvQFJLjwkfwTy
2020-10-15T01:54:52.244881582Z 647 3VaBBEgnuI14LaWAKZ943Wl1jqyc3skWY5yE5XJHARTykWbHDo0fwnUVfsOL
2020-10-15T01:54:52.256544142Z 648 AExLrg7WgVsoIqL8qrSd63qwQVY3150hvSPn6N1Smze3h3l8A22KECZRNj7d
2020-10-15T01:54:52.268503627Z 649 TTiRIgtjNoeVgOYl8XOETEC1wmGc2Z6NU3KA3SzBKWZIAUuZkgRtVX8uUvpO
2020-10-15T01:54:52.280379609Z 650 cXZ8z0RwLMxOloLR6ElSxzxM70a7ZtrpXYN3qjAdWbv0RjaXDIK9sXDy55LZ
2020-10-15T01:54:52.291639379Z 651 WWJ7laWKTTCMvIvZASE5rlLpQu4J2v3rw5lYwnLmQkVcdAmob8huj9q4Po8m
2020-10-15T01:54:52.303382651Z 652 PZWVG2fGk8jwGy8cl8eTAsybhmhRsvTYki1u2moL1wDDiSCT71bNijQIeLEB
2020-10-15T01:54:52.314036489Z 653 ViXDI5GBalWINf9NASkdKHV7TBu4lExVh9mufJR9d2mfMCoxceAUmE5vtheo
2020-10-15T01:54:52.325726839Z 654 8ZGSRJL1vpoJiordAl46g7YbMwiQF7EvBN7kC2DRpHrtk2BDsYOnrYFqzK8d
2020-10-15T01:54:52.337515609Z 655 Wdoq9QDqnfukvssVuocOYifKlYqH2RgQjNVrwDxTTDnhjlicoMmC4tRjURcD
2020-10-15T01:54:52.348362741Z 656 bd7tBQUceYxIPIsssxZBc8OddLANcS4YAHrIpa3wi7pt511xFiJmNiThO0rO
2020-10-15T01:54:52.359114746Z 657 Of5qk5fn28aT3VOLMiyloRcGUOxsAFAutYgmIxl4lk76rZmvWVSOygbSQ3RB
2020-10-15T01:54:52.369869977Z 658 7dIysD5CprtV1uDzPJZWtwOu600V9M2ck8XESnOFRW65hdoj7xAyhzSM7QM5
2020-10-15T01:54:52.381593227Z 659 NPUmm8buXePlPO4hWYSrcrFymVmBqFIxbRynUnsnAWZK0QGqQor09Ck6mtvS
2020-10-15T01:54:52.393028580Z 660 IFNiqa2gaTgETVzUwcxVNtn7vK03lrkHjV3RI0NKknb2avJg9yZZx3DeMX5M
2020-10-15T01:54:52.404664776Z 661 FEvdg9IP6c9aiZfMsXyTmMBoprFGP1A6zIUaRRH6ret67n96FHfLKXxncUtI
2020-10-15T01:54:52.416211507Z 662 ocRcHqg1J6HDZbkC2ixgOJLdaxgpkkpYoM5JUrit2ES9eI5SccwFlZYvPZX5
2020-10-15T01:54:52.427024789Z 663 lw8iZmTcsdFERnd8ZKmdWt3jtgYKPui6fcXzoXG1QTJ5B9F6o08IkwRNMQig
2020-10-15T01:54:52.437372165Z 664 IDNuu73cwptKbLQyPUd4QNjEWOIoCFOVIYqPiywHGx349lavorDppipRJNCr
2020-10-15T01:54:52.449270487Z 665 tUc34v0JV1PnIdKPwriML2lXSuhNxj8chioHBnag9o8GJ3VLjnKyRJWi0hC7
2020-10-15T01:54:52.460453725Z 666 1LINi3U3aghc3IKhhyUnMYBuaqIPBQ4VKxIHk72xY7tbJy6wy0mgwuTuOClw
2020-10-15T01:54:52.471581419Z 667 iBQY7TJGV6NXFiS20D7X7hrQYaL0QUsAfH1TCFBpxHmh55uXO5VcfMN1Ssmk
2020-10-15T01:54:52.483565426Z 668 cVeuRDTQzupmagyl7OpBLzgthfEOJEDYuCzr1EVajScrCJgZdukVOBSQZhSL
2020-10-15T01:54:52.495600867Z 669 YdZwNgDcUW6LE6sZaTUa7sAO9fnk5NDm19uOU59hEiMJvjCLflbupl1JRW2O
2020-10-15T01:54:52.507093079Z 670 nKN1eGe8sBG9fWZoID5zeZysxaSg7WqaUUvVcWZNtTrRL9CrZvttnKl0pK9I
2020-10-15T01:54:52.517645460Z 671 nFPJo5O8ckKXnVWG5LzhzCCSIEqxqqOYHKhjNZTZICC6F5SKRb0hYNF1DXi9
2020-10-15T01:54:52.529298082Z 672 zEilSZR0ZMLYZQLb9oppuuERGLzPW3cMMLiUyphIi3L6SLEOpWI5QrFsLGde
2020-10-15T01:54:52.539722452Z 673 GW9D3cIZKoUEKV74dJmF8bqz1lZMU0rq6S28mlWaDkEUACokLmGbg39CqBk3
2020-10-15T01:54:52.551571484Z 674 3VIN7cwUnITWE1njhMW0lVgeWNKaLtD9eVRDADknh0b11QgigMKwcnQqLbch
2020-10-15T01:54:52.563203716Z 675 e0CMEI98wrS7IpwUeL5e3Rq7Uk6Yk3ZoWQyBHFSorre2C8xai4xDQumYlvQG
2020-10-15T01:54:52.574099431Z 676 bYI6ihlMJswY1xbjiQoklIE2pneqUF3tyCiWWevzfY1sEBocyCW2HIe45bgI
2020-10-15T01:54:52.584749041Z 677 sbOrvnTfndD7WgiL8F3X6u18QGcKnN6CA4bpeIrDl7OXwRNwekaV43yI6EO7
2020-10-15T01:54:52.596442638Z 678 gh52UbhPbsmZrQdMHZbyQkHXZOeiFjpmb0ObfjHZWMqYw4v5Je2B12pzWU6h
2020-10-15T01:54:52.607333336Z 679 dhOKihV5xNbkTocozaaYy332WY60FVfeV0JBX2bWr459GGgQRpuzqC5r99nG
2020-10-15T01:54:52.617929096Z 680 vt9caf0EQJB52Qkvtl0QF6nVtDGeKJz8PawCohsdxoD6zc1VmoW7ra5GBdCp
2020-10-15T01:54:52.628849348Z 681 DS0GKSgYKb7FqPTvDbcXaCfE3PWzpLKNXs07NhSKPBV84uwl6AIjdLIRnmVq
2020-10-15T01:54:52.640193657Z 682 IVvqmvlpAIseAiTe4wVzMHLveABayed2GaC9lmVmpbCsZYD2Xs5KGsn6ToZZ
2020-10-15T01:54:52.650841159Z 683 sijs23V2e3u4nxXPcvYrBIBqYkgrSAzYAHohfFHhcY2lqEPV8YwRFnU5qNs2
2020-10-15T01:54:52.662499905Z 684 8fh4LRcHfeCsTMTcxYdwqOqqx27bzWyrsdgQB2H22C62XPC1AUT0L1b1zpUj
2020-10-15T01:54:52.674423096Z 685 p7o4M6ws01Nj9yNEIP2f2v1BjbvKcKppQw3mUmU5tHyopTWlGZWCTa36zXgz
2020-10-15T01:54:52.685169667Z 686 0LVJ8YnfmMWsEaHYDusuKNniRZWXZ7LSx8XwkjURvucjwNGf6OyHXJ7uFXU7
2020-10-15T01:54:52.696065484Z 687 rwlMdFwK1kICF8NTDaKv6LDAFU7BwErGsU5XGMJSHGfUWBFzNw4BNctRz2RA
2020-10-15T01:54:52.706872877Z 688 Nu1xDHMWwDAOqZgMFGDWKgG64urseAHpHyIvEu5Cg5dA9E8h27NKAehUKrl4
2020-10-15T01:54:52.718289529Z 689 UPFlhdW3d9M1uB56rHDdv9sCiCnSEeqmPfNnmiFgPXTzqfjhTlzotvJth6QZ
2020-10-15T01:54:52.728975528Z 690 CdX2ExilTGdoerQmvq5szXrL9XFOWWx0kMifrhm5WkDI9ooWItF2azFstNK0
2020-10-15T01:54:52.739823804Z 691 ZI13rWcfTH4uhErSQ2dXgxJHxNaVgGGTJMW9AHiVUZIIKUfjTG4VP74ravEV
2020-10-15T01:54:52.750999033Z 692 s0KdKVIB2S30UsmUCN6eo75x9ma3ShzyzchDKy1CXLmIOTKbskzfuP828DSN
2020-10-15T01:54:52.761727177Z 693 z2AcjptW3T4RzkbgZDAGEkLIyYYJwkUlf6klRHTar6EBGpxc0k3G4W30MVrQ
2020-10-15T01:54:52.773462689Z 694 1XUd99mPbGKFRZ7l4A7A3Yn21yS8VyQzieCD2QP0gwGe0YVlN4NpNSdUbHQ4
2020-10-15T01:54:52.784933456Z 695 qQLPWwyXN0fiERfRRokrHuzcUwbAM9huvMAp4uCoX7vV8Q5bjT9lYIUUT88b
2020-10-15T01:54:52.795734757Z 696 ka5qFs87RGSOpkjxpCjdwxk8tUK2NEPeEKrE1D5UT8WWfxzgrKP67PQupsXV
2020-10-15T01:54:52.807636282Z 697 GHP5yBZhMRWpwxfSvutccFLM5Bqk8fxfpkh8mFX4CQDsh63EEmcorJ9u8XBG
2020-10-15T01:54:52.819595428Z 698 gOo60Qcjyv2Yq9zAE5M3oMu4tav07RNzjf3Zc5dWzNndEBK2ddo7G8GjcCrA
2020-10-15T01:54:52.830896376Z 699 8FobHkvJIIe4D2JHpnsnAXDUX9OfHLmzkXBdwj3CtyXtYHmEQobqXXGzJVaq
2020-10-15T01:54:52.842531737Z 700 Co2QE1eXUpAQFKMrNlN0NWPWC2ZLk9m929gjDra1f4GzqPfu8bmM6myfpHxM
2020-10-15T01:54:52.854144064Z 701 tLvT8AAPn6HDdKIyt7nMrqM8jM9m52aKDty3PXvUPdyomZf2bPmRrADqt4Dg
2020-10-15T01:54:52.865087457Z 702 8ry1i6ZURtrDkfxL7M003hcaTWYK2O2IEPEOs3qjJutTyM2l924ZmsS7M2fD
2020-10-15T01:54:52.876362230Z 703 tWkmEzyocKffQxuGfgKC6JDbjiW4JuTDn8KprhHPmDMUnWq9wbVHKz5WEXvP
2020-10-15T01:54:52.888514239Z 704 eGKvthlntyhbFm1NSjSvxpYKrJNeRGZB2n5gfnOhY3YnanTnzj25R22E4c1f
2020-10-15T01:54:52.900349108Z 705 vGkBVE6JEt0jn7r8ynbu3NI3ZhqaRBwX0qXb951SjK5wgO1ysnLD5v8BHV6L
2020-10-15T01:54:52.910982287Z 706 hZ4yainl7BHg0wov6gVcKeUHefEYGHxxsKCwtOr01Rowg22TtjGeZHDUFyfU
2020-10-15T01:54:52.921886789Z 707 KkAN5h5CIuVtBgrsREkQDOj2jBA8WJv4WSeOrFM278fn5FMIbxtd0FUzWlrx
2020-10-15T01:54:52.933239099Z 708 NcHalc0cMBazPlqeaYMIFuM9F9H6fxhPx65XG8FFcoit6g8aGU8orJTuz9UK
2020-10-15T01:54:52.944577618Z 709 LqYTiIYV1ZgQGIbm8zyTz6GpQfDlrz4bvNJhqapTpp4EHuBqsikh4zK56R76
2020-10-15T01:54:52.955761402Z 710 nvRdGqlbV1hLSDhkG75kWAiu35G9zUTe1jZPcqWUgW5uI6qCzKc8oDpUg2Cs
2020-10-15T01:54:52.966457805Z 711 fzI3wSz9DAaA5P6Ks9Zyy2q70EHIin3LVtGmo2tmHLotzzIx3wDF5i3zD8Cn
2020-10-15T01:54:52.977410810Z 712 5qwfEK5mu6cAYktQAjO0EV3Q6U01vxhgAHcLjgfqa1fJcwI1IHHMxW6hQ6U3
2020-10-15T01:54:52.989452320Z 713 40MbWl0oQJJ7XmqnOUc4V2DDDDoHNMOoBJbaoMDhvNJkmP5jgrE4VM1EMgcK
2020-10-15T01:54:53.001269262Z 714 VyoBc9YXEtmNUmwrPGiLGoQ7BEJN4RzjVSGvZz1jtvbnjO0gdBvXxOW1U0qp
2020-10-15T01:54:53.012367836Z 715 x66ytfi3xoBV2Sn1lRhtCZkEohixw93cJgUk1SpV1viOMCJwIGeziLHngjCi
2020-10-15T01:54:53.023524600Z 716 zzGzF2K0YAiCs2KYPu0CVTyv4UgBp2n9BHVEU345oo6ANAJg9S3QVcZTXcZC
2020-10-15T01:54:53.034511841Z 717 NmJd81xInn8vanxFgDGeQ4V9WxPTGwskJjO4cPWteqMvbIcLBupdxaZR9QfN
2020-10-15T01:54:53.046208738Z 718 LJHmJAk1cPhidQqVoLLcP9QKNYLwGX7SEXlwaKUJQjruMzQLphuoQHEldxcE
2020-10-15T01:54:53.056743336Z 719 TJYc0QDuEpps7gDWUkTgZRlUVYOQBNAUeLhbV3YUUf95ZjqRm1cqBKixEM3r
2020-10-15T01:54:53.067789131Z 720 4ejPjETmEDY19pkvpI2yqBBsv1HvcBJw9rtsZINNHAWm8HJRCRT2j0AmCPVp
2020-10-15T01:54:53.079587171Z 721 Zwb2LtyIKttiEhaBopgptCwrYkgwFqSxdynCGBImZcZ14dAW5TSOtsG4DBnA
2020-10-15T01:54:53.091335974Z 722 2hsBpZQc12fZpqeAfdarLqBgw5XUFzVDe3QJMcgKPOKXiu0frKQ2exgVJ8Y1
2020-10-15T01:54:53.101635318Z 723 V46SgXdG9qC2CFtZPjtGNEy5OT9TDPyTtzYtmwgg4xz4lPxhbfmI3tPNOt22
2020-10-15T01:54:53.113302971Z 724 RAitcWAth8id0LIpdEDKDolgh1913t6kYtVPVNQKanpJTgEaSwszchWEx6AR
2020-10-15T01:54:53.123848045Z 725 mELBdQQac0019kom7XTdURl3wtFu3xGkAyMhOg67OJfdNSCnH6d7P7XC1vUo
2020-10-15T01:54:53.134913588Z 726 HcuPlsecE7PyWekuttYmOvVxAiwtY4VUokzPtkq5KxWXBKgNkxhKpxz8jIHW
2020-10-15T01:54:53.146629320Z 727 mOa8KfVFAuz4qJvNAWLS6qVLL2dmyTR5fjgOlVomEsQKaN0BvBuOw2fvBVHN
2020-10-15T01:54:53.158473911Z 728 dwokucdTOZw3eiMADtiUP7j8juJLOLwlDTerP9fvpYaO6gdiuMyMLpCQlhsZ
2020-10-15T01:54:53.170004182Z 729 BhqcPW6wqKCDDmKkQ4qQPs7c7BR5dJKBR9MgvVkAiIfjep28bjlnDjeyxdTj
2020-10-15T01:54:53.181574557Z 730 sfRkcH5TYBSjGqPJZxzIRACVxE8kt0VX3gX0pNIxWxYNTqMztJpwj9W2kYhS
2020-10-15T01:54:53.193425546Z 731 yuQ6wZ1qpTYjH98RGuILObmu3YsCIFTvQFlmQQX1DAnycrRMheFp1ubkbniT
2020-10-15T01:54:53.204283980Z 732 mNiAtxYKLoYyTP9h8bXoiXJ3dREJdbgEzIsblcoft6v2EejN76bcSzvUmvwf
2020-10-15T01:54:53.214993552Z 733 7I1Iot7b3VJiN6nJ2OSVXEYKEdsovpoWEweP3lSGvoPztEiwFnaWzKaicy39
2020-10-15T01:54:53.226652102Z 734 1Y8JXjSBsV04rBYRYeqfmCq9e4kFaKeslox17l2HxWzgnHwNTgHSAJa7emlI
2020-10-15T01:54:53.238078723Z 735 2epCx3JS843bSLvGoKjANt6GSI5FlULfbMcsY34XHbk8pyPdykfGdF3SExqY
2020-10-15T01:54:53.248652573Z 736 n1jsIk5RySuf9xKX5DxNOaOU68a5EdXe15V80q6nmLcZfh2G5jNqLDGa97Hj
2020-10-15T01:54:53.259714814Z 737 ICwkZ5CZS0ionTaYbVurRm45sRXyUmeOcQy2fIdacB3njKbs8tYWxsIQ4SlX
2020-10-15T01:54:53.270882274Z 738 PKqN1tk8Tpq79FoHMIlqEmCIbV88h8fods3OWfx7wsqsEVAJXsFpbnPNXKQL
2020-10-15T01:54:53.282849275Z 739 oZWb8NYehd2Buke0aMLppGm98tX1Mq5xAqvShuoV4tdOUbIFZIhssJrcGpSG
2020-10-15T01:54:53.294522270Z 740 XAVQkVPrF2FfjMUsb4d8II893M9htLL77M7opEUMSSXPHSiZdoLZxUaY90t7
2020-10-15T01:54:53.305572007Z 741 8dtmgyPkeby3Dulzvlzm3raTojUXGg39igDlPSoKBXyNUtRn5HxAFtEAhBPp
2020-10-15T01:54:53.317339204Z 742 VAyhniUiH9zk6XtyBP7tP0Aw5CWGCjSTWNXffSHGCSYkjBAHc625vhkywovR
2020-10-15T01:54:53.327986897Z 743 NWQmGtVekgPv0N3CsKn4yB6RuzIkmBxY68NADGcYWYnw47a57myN4qDLZtAM
2020-10-15T01:54:53.339484216Z 744 uyfmw7AhlYrXF0tIcG8QrFsTjsgwNLO3i0dV5wE8VjIeHm9jPSFdlNRAmg29
2020-10-15T01:54:53.351481627Z 745 hHOXcMuxulOdV6mVs6WqdrjvDID3XBENWzx0T8SZQORgGJ04XqriZOxAkmFv
2020-10-15T01:54:53.362357713Z 746 hC0SBiDpEO6Ge0WbNYBRznHkdE69VD2GiKZdpnHj9owXx2GLYRVyjTjv9VbS
2020-10-15T01:54:53.374276815Z 747 GETKKHSSc8gwd1NSHNiAnSOosJN4qp3MBkIX5zSsTITA8GgIBW5rD8RXTD6d
2020-10-15T01:54:53.385313950Z 748 5XN0FR84GB2PsCWyYEoUysWCA825il2aSKe7sZmQp10lA4RIueFMLJNCa4DR
2020-10-15T01:54:53.396083723Z 749 XB2tg3lH0x1IEVoRR9zrUroCjYct0Bc7HWXCnJJG8fVO4AE55XKC9cetGj5k
2020-10-15T01:54:53.406909038Z 750 6ek8cPqoDjIF6fIcQKYQBsmBc6Ao5v5b3veURPfLWy5oSCs6Sfdo92bhXBNF
2020-10-15T01:54:53.418569505Z 751 eCyXvagrTxI8IRQfMyl4XPlS3UwKKC0dMJkoimG9DUB4JUj4OIWBGIfHxru7
2020-10-15T01:54:53.430877574Z 752 qJSThHJH2OTuXGD5xfZb0vbIgXhQS19wKSGIlnnVHumhmMSzVisn9bE9yXQq
2020-10-15T01:54:53.442105363Z 753 D09iRFX5wR2N9BBxrToU6i3lQfIC7RdtyqvepxsmEV8EybeyBLgGTsauDMji
2020-10-15T01:54:53.453269762Z 754 MntFUGL6bktqVLHmFWc6SHNMQNQwDPhW4uQrqMYoTGQPphRUBjA8UpsSKL3M
2020-10-15T01:54:53.463628620Z 755 HTD0PtDoi8rBh1MqNHpa773oWuDvkPzVMzGkiFshDaEIhRE8BVtne6F8cNTZ
2020-10-15T01:54:53.474564030Z 756 l8di7kXksxT6kOiq7ywlf9uUu70K8OamW7ZFy55oG8jfly6JsVe2VbxPgamQ
2020-10-15T01:54:53.486319301Z 757 tfFcJldhNapG7Rs9EXcOYCq1ljmmK7W5M3RoDkdN9hv1Ialh3ngH8OnBVda0
2020-10-15T01:54:53.497441521Z 758 LrPg4xrkxIXBC3lqv8v0jfAHOCckY6eTfIKylogxjIAwmtalox8ZsugWHOPE
2020-10-15T01:54:53.508936312Z 759 mQp3F2o8Jxa52cMXaLIDK6mdY30OtNydEdcG1beX5VVzz5LC0RVcbSj828Bu
2020-10-15T01:54:53.520475695Z 760 RHD0dnnn1LxHu6ItAmurgcR36py8DmTldUJBiOjZ7bPnCPaHrSHd1HhFwbfU
2020-10-15T01:54:53.532259016Z 761 h4hcO5mPtRuUaQJqTm9YuzbmtHm31Tb1miKFgWiQTBamTrCC0crFMFufHSni
2020-10-15T01:54:53.542831018Z 762 R93l6oT58r5emj2QbK2NhbgJok3FWEkcFbMIiSFpBqgDjOfPv84jjiA1dh9I
2020-10-15T01:54:53.554229258Z 763 n7ps8rYYgKIUnIttGklgxtqanqDkXmm8jsChKb9Mmjc6KfKHmkl6jpDDaR4I
2020-10-15T01:54:53.564668683Z 764 P3DGK2XCe0bQK3ec6Ewjo0AHK93eSN5Ca67PsLs4gMvsL7BugJJz1tFzLC45
2020-10-15T01:54:53.576190294Z 765 mytgojBbY29gOCnXhCjlIKMCrLMPwDD2fO0VrAGtQCFRVM1Ag0DoiCTs3Vlc
2020-10-15T01:54:53.586881293Z 766 P93rICZRkbKQjsKUHc4KwUgV7hIcS0GsYry2gsIxO7IastNzwIQrDJW7wEgu
2020-10-15T01:54:53.598417499Z 767 XaFsUN7MMel6BLI32YOq8neOoz0x0Q1JAN5sUlRNijomwlf0Naz0A5Am0IF0
2020-10-15T01:54:53.608806825Z 768 6qmDIG5RzFAHEIdHgTDh3eqUZjLvjlzJxo3m07BdHVO4Fufg7keFtMTKKRpc
2020-10-15T01:54:53.620690259Z 769 0ouKur1YP0Wh3hOhhXIsORVF5okNKsl2qpitB7l37iTPRSA75h5EXJGhv1RE
2020-10-15T01:54:53.632236087Z 770 VQOiOk9gjHrVjvix6BjojcaKW5oWIqwDLGVZ1194kXqCeMoPxzsw2DF0XlZ3
2020-10-15T01:54:53.642697016Z 771 45tXB4KEucqzDoi835GU2x8zHP8Z08RGBgmoeAO9SExAJL43EKP8sGcQwwH8
2020-10-15T01:54:53.654249148Z 772 dze6UXC2NxR7lydwNzIlXMrYsdCtMXpGMEAv25eUNmcP5I7H9qyhLIaa3EBr
2020-10-15T01:54:53.664969413Z 773 qkhxwaRjooUOYpzqy4g52QVjysPaypU69tdOHuOCtY8PjD9EzfyAzY89j6wi
2020-10-15T01:54:53.676532901Z 774 gJMW6af24Uj5tA3iiRaGSigKpgPyFwRQ3m8vILsuBIblmQV28iaehTuQXLNb
2020-10-15T01:54:53.687966533Z 775 srMlNXerIPR5c5fBnSgVLqLj3JXpGgXErdbp2kottTDmSiC7QWqRq9ni3N6Q
2020-10-15T01:54:53.699536681Z 776 9aKotQG988mrC5KDU6Yq30pCpIdfOHgrDvct74mgH2WNgQu6g4tLWM2DGJ02
2020-10-15T01:54:53.711161144Z 777 bEde3wa1n3MFBlWuxBFODa0RGTOgKQDyQrp840UD4EdjH6hKMkqqRebBw6qX
2020-10-15T01:54:53.721877237Z 778 5QUrLhc3dTiDqoNroBESlrXjLuJH5j3cfgBe8XwayE0fy85xVoqP4kl2yyi6
2020-10-15T01:54:53.733197041Z 779 e6U7EmWYXmH0qv33wJQ3mSP2xCitWIEWMoM7mRjgLePZuepcpF7NKOSsMaZW
2020-10-15T01:54:53.743599022Z 780 paiqxhfmtyLE4Fksbgk3Zf1UVqCHb96offM8mzpXnKYiMuJcSNSa5551seZS
2020-10-15T01:54:53.754968800Z 781 pKrHVTB5Ws12uuqWnw8huCyHjui60iteauAlDBa8sbpuuwJ5rzfOBYrlzs4I
2020-10-15T01:54:53.766512608Z 782 b2tAgk5PoKI8LH5S005fHRUbhbjOlbuuTXiUlkLb2A9U8XnldCPoRzAT7Dag
2020-10-15T01:54:53.778381409Z 783 WaPLGppuCqtcRGZfSHDm1Sf1wN9FAJdicVFNm3tkQaZHyDkdtCHWZIaYzKHk
2020-10-15T01:54:53.788982474Z 784 mB4RzKQve2WKVoTWmNaGWYhTRQKzI5o0arNxBxmg8MpFWB9HWcIDJD9X54eO
2020-10-15T01:54:53.800353082Z 785 Tw3Wxnj4VaR4XqcuBWLYxecmbiKgIhOZS8mdMTJzjYDe6V4ShAO1CSLDiiQM
2020-10-15T01:54:53.810637015Z 786 P9NlAyrYKRsmapE56U02aGi3HNhc525MxVYn67s2i2rzXmvCdFQ4a7Yfnbmz
2020-10-15T01:54:53.821751342Z 787 8OWSRiZi0MzEkA5xHJoDUeGYv0rYLyg7kY3eP1JRIKv5WmaovAlq4X7wwryk
2020-10-15T01:54:53.833146308Z 788 QkbKxxxhO9CnlcqokGT09Khdwl9q6pMRWKGZxhpMYHDGls3hTezweYZdrZNT
2020-10-15T01:54:53.843698451Z 789 IPWHDHnALr0yHv9kGpBZB0r6mNbcW1GTdHtFIHMqmd2LSuQN87R3azwl4MjT
2020-10-15T01:54:53.855492643Z 790 4NPrgnTAaYOOp9JifZp97TiyBW7SEFAjmLqg1SQ7AZH03OjMZqrcJ0ND6uja
2020-10-15T01:54:53.866039988Z 791 Vva622qGY8J4STdvNEBQiIYCxYRdakwvBgwpNoAwoBpWewuHHr65nKfD73dr
2020-10-15T01:54:53.877170846Z 792 i7tz2Bh5JCB0YMWRKGJplX2m1ZVzBd1hOA5773B498Y3wJcZxPjEImdyQHmQ
2020-10-15T01:54:53.888325765Z 793 eF2eWioALgaW0DgL0mQui5ngIJ3xI4lBFmXyciXhe0Fg7UEP4vPqLgxoVCax
2020-10-15T01:54:53.898738846Z 794 ozjciF97mdaUL5hZU9urjSaFdAQERkYfPYIWq02jD6KPWuJG9iiu9Y1U2FVV
2020-10-15T01:54:53.910318988Z 795 f7KdjI3duTIEpm4G9OyOpGJwOjDG4wEMeIK2YE8hcY6Wel45jNa203d95Z2B
2020-10-15T01:54:53.920762186Z 796 NiN6wh8hR13y8h1Jyyq8syO9SuW46vIkX9FAF6TTUsX5OM9VKRFaZvL5ps73
2020-10-15T01:54:53.931586642Z 797 K6HSAqLaXZlS39YKCp69Xn5KzTkPsdknzmYpBPApERuVVaZHUNd5Wk7cm5Bh
2020-10-15T01:54:53.943308652Z 798 fwoCkReHXJ7hqdtvMdjzz7rRwYeWjSr5jqDkng1aO9rNcJmInNPKXhMROwes
2020-10-15T01:54:53.954236969Z 799 xuokyOmfl8NkbVIROru3XU1vajcGufhKo6UIi8PRuy6ZzHCHgvdskXQpIYpY
2020-10-15T01:54:53.965410523Z 800 09lyMxehunV8eWHYwZ0lcGexx1xXPEHBPn3nQUXquzE38ONx3QNm8vre9CF1
2020-10-15T01:54:53.976710947Z 801 szCB50LwowJZacPhiDTr0HKUR8X39rI7ZNLoYHXf7AEk5c8cV1WyKGBM1MKg
2020-10-15T01:54:53.987951635Z 802 G1vWoP5AMAxwRYtyKG1j0hjyZmW8uQrQMQhSPsn9JY5J9ol0olOSIWMQGJL7
2020-10-15T01:54:53.999238257Z 803 Rl8HqW1JRX9Sk4aJPcb2mRQBpiUpbar4yelNCj4h5hOhx3wVHPKKHkP4D1fs
2020-10-15T01:54:54.009623562Z 804 JSClxqsPytsMENFFPwYDgkzCUKgCCCa2m910PWg0GhEU9PpiUycsssVJJ2C9
2020-10-15T01:54:54.021486112Z 805 f4qnjpOJFuTswsEtZwUBaK8LWgfogMEHxE315eaeLD9oEw7VnEXWi4bBsnoF
2020-10-15T01:54:54.033220000Z 806 yqRakDaxPpR4qnKIBWMf36Knsnwp8gav3pcrVGR5kyx2Td6Ej39YI4yxq38S
2020-10-15T01:54:54.043694810Z 807 veNLDWyWuAFvr2LcWE8pSHalMHSpTp1API39c6jvFP8cw16ShKLuVcszoJG6
2020-10-15T01:54:54.055241238Z 808 5mwhQyH3Rd8NNbBp0oqGIGJJnHagQk0pm5h3oc3FdOVTNuSdmDjJC1vYZJ6x
2020-10-15T01:54:54.065796240Z 809 Rp73ojCRX8PdakVC3SYgdD7LZDQGm0nyToTBqWZLPFkXZqeLhl1jQ6ZQbsb5
2020-10-15T01:54:54.077325211Z 810 AAlKEqcbftRBJ0ev8EDZ6GaNhZeZAzuB9bwzePUWVWiDgr90PSmfPN7s3HgM
2020-10-15T01:54:54.087740570Z 811 o33tgoE1MnmBpTaU9oWOyyDcjs870WH54b6xYkv55vWufwM4frvKOOtixtdP
2020-10-15T01:54:54.099409069Z 812 rVCkYBA0DhftNRXpbUx1UFWOFgA3XMox3vebYNHFX83lY0DRrtYtax5SDxtm
2020-10-15T01:54:54.110133081Z 813 PNxHxF1qKHwxs1kWOPHyCZcsR1svG1yV0UYInRxM1L66XczctWJ8Gmr08DuZ
2020-10-15T01:54:54.120613258Z 814 M0WaswwJ5B7aqNvbtjgScXWSvGO9vdkF3QAxt9xcKeLtjvdQn7hmMIYenT0b
2020-10-15T01:54:54.132013781Z 815 N5did3wCHrWc9P1IaOE3Zf57GYGu8rbx0AZgcd51gqfhKhUqMsHx10ZzmVzg
2020-10-15T01:54:54.143544542Z 816 SX0jyAKADtTeBcc3VxLHDgB1ZXBi1zOY4I84O6sCX3TeJAeCxaIHABXaJTJY
2020-10-15T01:54:54.155244777Z 817 LpNJAYBzP6hpccGScPsACDuEJJVy3Oab9kIq9ZgsElAfeVw0xmUZWsw68SQY
2020-10-15T01:54:54.165667963Z 818 XX3EcSvnWcZ8r8MrWZ2mOCb9OHhz3TACEVd3RgN71elX2bSiw5XfHWQT4JdA
2020-10-15T01:54:54.177409465Z 819 BL7p5BED7ZFQwxN4f8RyZyqEYE6TV1vhDxMXqFlcCbLXGQ8ePBbeyNkLhHx8
2020-10-15T01:54:54.187858202Z 820 tksL8yMtY5OJJYw9o4TOqXaWUSQZFxw2ztg6w181pCjO9aoJvODn5l7dDQno
2020-10-15T01:54:54.198601463Z 821 Ect56v00MpnFL8q2pp8eTFYCT5S2zijRaQQXzs6ov5P7ZkrqM73hyUX0v3Uc
2020-10-15T01:54:54.210557851Z 822 vLXmZ938HG630pkm7OIC1V8qYcRuSKg2uJ6TTQBVQoQuaAywq12WimjqdzwL
2020-10-15T01:54:54.222321783Z 823 yf5v8X8nof1hBL8MtCZhvN4ajrgOjy6nHAiOjSgfOmg7IqQUEyMneiv882IS
2020-10-15T01:54:54.232891282Z 824 0UQUeXTYA3f4JOd9iEYbtVsWIYWpd13aH5WNBM7qVEIiWtloZMyXdVCn5TS0
2020-10-15T01:54:54.244407414Z 825 bgRzLpLTt38e1xNYMk80Di1UXx52COhsRqoaEcvSJAiFeowow2l2ZSCQf48B
2020-10-15T01:54:54.255088387Z 826 wtVSIkCBfDnQboZQo6vzSuBGPV0acQvAUjuhpt5aVGVyEpi5vcom74VtchL7
2020-10-15T01:54:54.265680465Z 827 fpy6wAHfIEEZPEiDY2sEW1MkZ2jWFSsdo4VPECfxYfIErQYC6W6xnVmm6zKo
2020-10-15T01:54:54.277422552Z 828 qPTdzmEl6G6zJ1t28UDStp4Z3JymHrNkhhBgbmqBi1My0BK1WilfXXVv2vjp
2020-10-15T01:54:54.289140267Z 829 AktHbWB019Ul7srkHJ4CJyBTruZXKhBIacRMGOLwZzwd61DMOdrr5JhcSdQN
2020-10-15T01:54:54.299682492Z 830 bwkSqOeWeERCjoUaj5bZvDNle64YrCnIKjdmpx4e1Gv3GEFuCZdVoxcUdsat
2020-10-15T01:54:54.311332337Z 831 C42lab9rnutDit0FwI2kojdjq6nVwv7cB20RD9rUa3xaL7xMLriml07RPcHo
2020-10-15T01:54:54.321944356Z 832 iLSZcH7RiY3AfVtn3Ogu7Uyo0Q02Nw3SADeU9a6HpSOwCjqphWUfrJS0Zz8T
2020-10-15T01:54:54.333388726Z 833 6byyyBO1uhkCJOtdBViGvObdtjRDeO1CpH5SvEei3WfDsyiKzd3NMgP097Qq
2020-10-15T01:54:54.343921506Z 834 vDftEzxPiW941v3JLEs25JVfFuYSsB0fS9QyTQKIEhjucecFHvW3QMMsDird
2020-10-15T01:54:54.355713268Z 835 v7XMSkl6kI5JctSH8JrS99L34TbzGPpXhcRzAMZKI1jvxGFR9YkOv9hT2RtB
2020-10-15T01:54:54.367600922Z 836 t5YsQz4CRYklvLAoIs7cnN5I8Fo38iwrBMyO6v9I2fXRGlAo83b0KIXzsrj0
2020-10-15T01:54:54.379366027Z 837 rE7t0yYAK0OJoBsl7CZWM6w1jHOBOgDa6yXdBiuTzutzEOSSd9Y4chqPmzVI
2020-10-15T01:54:54.389845733Z 838 7FCC4AZdiNPYej4lfVoS6nFdAfFaeJgssXSO2tMvSlfzcfKTjvIJyl3hRbFP
2020-10-15T01:54:54.401619381Z 839 J3FpouQCjknwQotZSQgmY13NROaW3Wt04Ah9OQycUFiT8wFX7tO6nW6f8sRK
2020-10-15T01:54:54.413246410Z 840 Xe9Z3zaugPG5n5pT5FJEFHjvIrJSjGG7sBsecoXjtC0WFlyFwzSLMj9rGAkQ
2020-10-15T01:54:54.423911742Z 841 gBaSRelnH0TlJ04jYPU35U837ebbpBurgURz2wRaHfRSqmcYoAU4enhml9Kj
2020-10-15T01:54:54.434938363Z 842 XGWu4QezWLmoLVzjyFTO3Xfzn34ARUuw2EAEctcjzxoNU6dsf1m0dtIb6Y3n
2020-10-15T01:54:54.445831006Z 843 AfvWMXVTy6C339slgyi3CxnZRzhYrrzltwklF9yGHsR3saM9Cmk3VNvOCWLB
2020-10-15T01:54:54.457777641Z 844 LAr9ZJNr9CBuiTFhryinBHHbkda3UIE7BE3o4O33H0zuIdB1SZx8t9kvdHnV
2020-10-15T01:54:54.469410819Z 845 SD2Gy6d6XKtDz0qqwYnooraqut2BASYbeF8KVgSqtDJWLtpE6hYNCpjKkJ5d
2020-10-15T01:54:54.480538771Z 846 InV18iw3emYZH4vpxufqCP3SWVFV3CZmNXR7L4vhKEWQaPatBPIHIihNTtXI
2020-10-15T01:54:54.492176104Z 847 mVkEuUTX5OeppjCvkssLAYZrrDGlVToP1xxTFgAdj8VZSvwMHStLKP7VR1v4
2020-10-15T01:54:54.503371398Z 848 aa8q1zb3f41LTr3IJsski3LtsL2F1dwl1Li8luG43SHgN7WJnKJv1kVZozKK
2020-10-15T01:54:54.513931541Z 849 Z3OtoqrDwhE74VfWHpJxzyj8TiSOeDCBcpNSLwvJJESDU6E0lz2E1Gxy7zrV
2020-10-15T01:54:54.525530518Z 850 8cAPlGKRHk8sv7daEds5JMq5S9AmjsTS1VxSTr5wxCb8ZRMABQXf0FBIrzKX
2020-10-15T01:54:54.537311580Z 851 z3zjm0yWPuFsx36oGC69QBHfrCpdGU8wjMyzQyS3bISrv3tkT0js1YIo5MCm
2020-10-15T01:54:54.547956780Z 852 eQeziTCPwN9DYuPkdBQAqcZtKH7jVMm8tFeFMHPS2kej7minxiwPaWAemAHC
2020-10-15T01:54:54.559623862Z 853 a1p9bm2EGTwF6C9zfVHPnaQFZyJ5gzffq2ncGgFv8AB3YPL7qEZRsWkP9wy9
2020-10-15T01:54:54.571220305Z 854 Ma5Lpu3D3F0ULpbLYqBg4tmnKd6wCCcHVWzyaU7JAcnkPI9YrZ1ov0dQDq8t
2020-10-15T01:54:54.581876607Z 855 Ka1kM3dJ3fLzcbX7BqYnYnCPeiEWkFZ3MspDNA431AQcLgoBHqtkx73qLgi8
2020-10-15T01:54:54.594053978Z 856 6RQWBN2Iht8LNPPbwhgnyGXdVSTE2qr9Ov2rsImoo3vitNpymJdZep5A5otL
2020-10-15T01:54:54.605659911Z 857 UYIug4CwiBoqxIk8V5R45QAxIQl7uVnmwOjkdKP11ckG09p8iD4lnn4dUkPM
2020-10-15T01:54:54.617366374Z 858 y2O1pFLxwkZMTCncL1LF8sgODbYllfwz6fRWqK0Eo4RmE0ihPf4L31gh12pM
2020-10-15T01:54:54.627826978Z 859 HaLHtEuDHEDV468fcKSGTBBh1jBOoNef46TLAhwlvo2KBhbV75zGsIBr1pAX
2020-10-15T01:54:54.639574853Z 860 yvwtq5riwuUwa2shYMHsZkosHFLB738CU76huE7S0NbHHclmx0gL1fpMEG9j
2020-10-15T01:54:54.651259623Z 861 4F1uO1GGrydJUSuHAqFupCgHBQFaxIFFgbY96tVun4omGaRcv9pDvHh8j49f
2020-10-15T01:54:54.662229587Z 862 ViHkm6riwFzU11c7dNlkc1gBLY0kf8Le5a3rL1QRGGob1xI0lVVJZzESMPgk
2020-10-15T01:54:54.673291172Z 863 jBBZq50tdecvXVmTztUuoMi6NBNtwmxWk1v8PnQ7k0j1znN4KlDGtp2wzZwd
2020-10-15T01:54:54.684004340Z 864 aMsVomWiqiO1bYy8uUGT7tlJ2m4pf7iA0B3L3oLr9jC8MgEPdHM1snIgXJr2
2020-10-15T01:54:54.695690606Z 865 YtxtLbSFaNnlRmSpiI7vxIEbX68TZLcNJWPPFdACfqp8cZh1xvwmmkyUcMQR
2020-10-15T01:54:54.707793170Z 866 aGOgneXQ5L3UhjXcHOFnUdESczfIrJCiGy5Eug3XqaVaPXZdtHhAqaJHTEMj
2020-10-15T01:54:54.719833115Z 867 ad46uaf8cnJ0DNsYtvstIdGRyqyCbrw44COSSTHpfOsKoJQFoehwazDEdaii
2020-10-15T01:54:54.731789829Z 868 uc6EicXqPvAABgWihTwFeIZOL4FAHC2AlTHRxvAw0yj4oSX3scT8KT4PooDK
2020-10-15T01:54:54.743473158Z 869 oKU8Rl9MOSffghyLbLJ3FnFP0BLoPC66qDLgcl887cj4pfOev6cT1K7Lb5Yr
2020-10-15T01:54:54.754435852Z 870 TDszXW4OJutbxZYAiLSAImNpjQaFT5eYouaJmofhm60c6JgEPCFjtn9n35kR
2020-10-15T01:54:54.765055203Z 871 4SIEf1g3plkHZxCne0UV3kRRDzh0TNRykLZgKxGp5fx4N0tOrlyydXS1fCYu
2020-10-15T01:54:54.776697005Z 872 UWyOZ6jTj1NTrcSWiP5xDrwEmd53xgabReQwKXnPnY0KUt9FVC0QO2XIH4Ov
2020-10-15T01:54:54.788425951Z 873 0xVdGTVnlitzZitvqzZOJtudr9AY0ufO2YRigYueg0gYzXtmz7QOAv3tL8cP
2020-10-15T01:54:54.800079181Z 874 xS0UvsKr4ugu1GS9XOKceKr6fbPB9cHH3RGokN5398nV40EF9ZHVBF7FtWhg
2020-10-15T01:54:54.811582614Z 875 pTyHTxYAVf3K20ubmHztQmtjMQ8pEsa2hDAelGyX3qy7p7HybVUzQ9nVQ9PK
2020-10-15T01:54:54.823121396Z 876 LpFOwvlbUpDczXpLYrVMVqeOaL6C00kq5qbTCEIB67nmvfc3UBpAjO7vwBjE
2020-10-15T01:54:54.833825044Z 877 uhOCfJCnY9I6grkYJ7l7RG5km8glXhfjS3enY0VNhqpuvjDEgKTxZahIY0n2
2020-10-15T01:54:54.845461559Z 878 QaMJ97NDHv8qjx7aRTJVoyvgeFbfJ11sx9veyD2pJ1Xe8LTBreGEkXQE1JYY
2020-10-15T01:54:54.856449542Z 879 2497apthOl9NeOpBB2w1mmIZcubk0fljf2Xqxeo01Q1fjcNkXWEvekVCGsY5
2020-10-15T01:54:54.867852054Z 880 CoqpNXdQOGeM5Wb5hlII2g4OA7IEN2utwbInfHAbgX57mWywwloeA1iBKBOC
2020-10-15T01:54:54.878736883Z 881 hUtcdn0f07dCbc71SaMziRd0SEDge5jV6KC5ARplJUfn2TfgNYYF8eWEh4R5
2020-10-15T01:54:54.890323321Z 882 o2XBx7Ie8MifbJhKTsJi9n19bwCK1ET9MyypqI9JhXwkCSdspFGkl71ug6u2
2020-10-15T01:54:54.901007667Z 883 Dj3eBACZXaUeCgB3qeENa8I1N4Ddy4Q9jbMhOMY21NM4zj36aOHSRumbGXci
2020-10-15T01:54:54.912354748Z 884 B1fXdbSG22EtQxVXsO4TUK9KrMw5K4puGpysBoUo5purOi10T2NGwWDYhIDu
2020-10-15T01:54:54.922927159Z 885 AyMTTDjDHRIeTH12H1tCfqiMkphiTSxBgQAeQj1oI6mRpXeurzci9ogneTtX
2020-10-15T01:54:54.934429770Z 886 Rc50w7T4wVUiO9m6N0TETnUTlAfc677FZpLeNaacMMSFLY0qWHr2nOrvu4fg
2020-10-15T01:54:54.945374784Z 887 RUSjnnQ6sjqAQvEHaB2YlVvH4csCw6fV9duOQrhoxgoN0tvAzvbS7n3bdwnS
2020-10-15T01:54:54.955487530Z 888 HPHdEVzGlIDrBQI3Tjczrrivxv52RK0J8G8o8mRTFvWDJgzWWL0xnYwh14Op
2020-10-15T01:54:54.967043877Z 889 v9Ano8KjtMJiPWlLuUY684yhNSMcJL6nW7HzdPJWzMd3Ale1nxSw0o6s7Wz3
2020-10-15T01:54:54.979576404Z 890 1vrlgu3lsMHi2EaAWT3ohGQU88Di1Bvj3soBPGNWVrfC5lD09BguZ2MK7UKo
2020-10-15T01:54:54.990558910Z 891 7SKrKzbBfPslbXLeGeYul9bv6lDIsiHId1m37SJdKGJCBiGwrbY6W7rsNY3f
2020-10-15T01:54:55.002395172Z 892 S1MsXjsjnoEAhYH9yvF9nLCzeoNh9UwFyfM29zFdUuvMP0GcMvCFOr78dvBD
2020-10-15T01:54:55.012805796Z 893 Z6LE3IK79GFGLDOMqpO20seagQ0bCHtEOuA7SXMp15PhRxSYgDBVEDfjf2e6
2020-10-15T01:54:55.024277899Z 894 dgHTDaP5Ym1EF1haB0S8L0K7jRD3lEfJVtPvrb8w6v5o8ShlgOGav22sUAG1
2020-10-15T01:54:55.035214947Z 895 OSOPY8tRoc5K7melyC3xTafqV31IoT4g7lybiITa6aKxZysCG8JAVlyDsgdS
2020-10-15T01:54:55.046435884Z 896 VAn0kaVgNd9FXD7fngGYTJMRqHGz70sqiQXjyGigsC35YqbH6nQlKlcBKVBo
2020-10-15T01:54:55.058049912Z 897 nzp4wSTuYovzwYSXaoQhX1fhCGrLyeRVVn8BVSQQeKUjKCctT2ygTlAOjMgA
2020-10-15T01:54:55.069508342Z 898 KMKl9MJGqprUzbovpygp0KtEPUs2blAcBqdpgFCojmgiVtFM7cviodlK295X
2020-10-15T01:54:55.081154677Z 899 oNqBpITwXdTJGmfWt7zubD6bVl8uAYElUz68NE8s8wwzNzlUOlm2dOYJCWip
2020-10-15T01:54:55.091967896Z 900 1iWrSl23mslurVqk07J0Urwdl1AJb7yNOqx14WIUtTg9RfwkkXjmYcAFjBqv
2020-10-15T01:54:55.103665373Z 901 51JnEVBgs9ml8NyiWrBsqlNFv3bzl50dxwaCkMzEqX0GH5uip9S0mdINCu41
2020-10-15T01:54:55.115053068Z 902 VNBmmhCkBs9HDmU1j0IYMKdyHpt0qjncsi6qLBnEKVbdpsgX4NywpGX7Q8vm
2020-10-15T01:54:55.126540312Z 903 HIcRQrXhYMysGl5DVodW0GRQa8lvGTvNsNt4JEDesUDSeIPbtqDDG1yJ5Txu
2020-10-15T01:54:55.138064322Z 904 SMuE8030hlrd5MmohICVZaMUAlJU1LQtj5O6mt6CXmjPavtVQ6ojeOAb1YXW
2020-10-15T01:54:55.148753656Z 905 2J9hAuewsI5ajI1OtQeNKjt1esFq9NqShwFbpEptnXfszImejvUT4nd1HYu9
2020-10-15T01:54:55.160679079Z 906 9SVqbnGfErV0oZUDIf0KOgUrJ4TUpWF32qymUSXh1eqjk6C03Vnhrk0W8HnO
2020-10-15T01:54:55.172577754Z 907 UDshRaRDzGMH4vEWsMSRxnTH1RsAGqQMCtoVzVWeXNkTSKx5O8Sn9eJ8jYgu
2020-10-15T01:54:55.183634719Z 908 ORHj4NRCPvVeERG9bcfrKtz6chAAnKIPxzegekVnrDEZqoU69vd1DVSuaCoR
2020-10-15T01:54:55.195546343Z 909 wWzg6UMa15DLgZltrIiNtV435t1MeMcJty4KEW0XjsyHvLIQzaKBAaQSopI8
2020-10-15T01:54:55.207163113Z 910 0HaFje960QPMplt1jajtjufkheU7rQBdokS2iqwPjrSuQQgWNr6p5Ykw9hHs
2020-10-15T01:54:55.217906597Z 911 IAJH2wsZ9qctcmgFS4QKjNzEgse1hqJPvF61ETITmzXrOCzDPaxpG7pgkGUM
2020-10-15T01:54:55.229620060Z 912 MYu3uFlMnX66oia6QsXJ6vgqAtIhKhBf3pHNJ1ALECapO3jnNjUPcR7PdLaS
2020-10-15T01:54:55.241151754Z 913 jWvKZlII5YfccIRH9jlpqd5GfNWniWXtyisUNU80IgARfPmqRbr66DcZBAiB
2020-10-15T01:54:55.251758968Z 914 9wLA4ldmIrxhznFyVAwj2s8MU8DOaxhgFNFA3elmUA6DCjGTvkDkkyV0g0si
2020-10-15T01:54:55.263530954Z 915 h6gVnlDc4MU95DwnJBFUU4d6wIGDJclql9Pv8e9WxWYzOfe24LTUrh1yDdH2
2020-10-15T01:54:55.275141527Z 916 WkJ4PudyGxLbwsIgY6TRQ707dmflR9bJ1GhZJSUByswHsMDTQFq80Np2AEn8
2020-10-15T01:54:55.285790577Z 917 OGCGU0hmrxV89Toq3hCtapMSifQrb764kiGWjU6BegguJ4M0KrvOGuwZrWVc
2020-10-15T01:54:55.297769650Z 918 TdDXzWQQEirxpO4ECzKX5MvuQETXUjJulsCe14y8xOKoqlI8z7UDEUNRFb7u
2020-10-15T01:54:55.309358405Z 919 Kmg3a90SOLeSNrtTSEU9rRKMKbBjYItRU66Qq2vj2DYl7symWnzYMx7toF40
2020-10-15T01:54:55.320806826Z 920 g5srUqLdz9MM3obDMYZA4fqxO5s3DktnkxNLdokiko1roGqOmtXBTZWSyfgX
2020-10-15T01:54:55.332590625Z 921 R3HZ6rK8am1qtUL3BsLhPkE9Uif11KuOXc6zgsx7AZuba2e8mSWQebGLv0uS
2020-10-15T01:54:55.344202246Z 922 KyqP5G2fL8NXa9PHHRLoV64YemzIAljCf5QBAgzTxcOVnUB0xHrVvs7Rrin4
2020-10-15T01:54:55.354975794Z 923 6DyhwpuxDxmX9tCvL9o4mNNFWsXRuf32YUuRc744C7iWLvKHoR9SpcGHFnGJ
2020-10-15T01:54:55.365921646Z 924 N4RNZcd0VP4iZ4giEbhAwoxxGnSzD8z18EO9MmYTAB7ahYHfNLNoWN84En6B
2020-10-15T01:54:55.376716700Z 925 tlT7okWgVg9rp1LkwcqQh9MnLDqo39eFKHzx1Oly3U4aHZyvOg1DVCJHIv7r
2020-10-15T01:54:55.388509550Z 926 ccGNRVc38ZwhRjM6lk7kxFeogtUk1uqH3pqQu6vCUqzJ2wGSVuXInAdfWFFX
2020-10-15T01:54:55.400319004Z 927 JpPrWLkXcZVyyGoOHh2uzQwSlFQiJI0OTsEYZ5L7eDt6hNpgRIIK7B5fNz8v
2020-10-15T01:54:55.410831006Z 928 kowlz5xAg7SzeMPyafR7Bw5WdGqJqO1fz8TygMh6TnrFDlCtz1btX1tfV6zM
2020-10-15T01:54:55.422556203Z 929 l9sCdq73k13oEQk0apzv4FlOHquZOlT7tiP77N8MhcsgF8272UQ9MHSgChaH
2020-10-15T01:54:55.434158619Z 930 VEjCdBy04EYZpesT1hr1vcI8ZwuJfZwTySMaeJD2fSbC440Cft6OS7yL3JST
2020-10-15T01:54:55.444777270Z 931 o7Lm6zu3ovVSNFxHaidsK21rFaT8C9EY3eMSpH6Ew9xd51FwjU3c1C0QUC2p
2020-10-15T01:54:55.455551229Z 932 hQHWnX1D0Ff9CwiZ3jc0r1vKKwhhiVV6m109exbdeh8iCBELR39jH7CSLrmG
2020-10-15T01:54:55.466842836Z 933 2QuPdS650RilePwoJaevswvQDVbvkdTRshwQLEOSPbSOKOZnYO8XVeMouAAy
2020-10-15T01:54:55.478659099Z 934 ZRc8M8Ue5BgxjLA8F5qzK765SwbqwYbJYwRN8UACcA3I3wOe9PQMVGXUyZqi
2020-10-15T01:54:55.489910543Z 935 MoeIDtScxZjq3huuGIqt72yBYjKTPgZetaivpW3BZntg1zLxwUox98LbNAp4
2020-10-15T01:54:55.500707743Z 936 xdY0Uqpj7ty8WMbrCPOFAdeVvba0qw548qPBBsmkqFHA3mGvBfKeMlAA3Rz9
2020-10-15T01:54:55.511654351Z 937 OuKpta5Swl2SHev8jDJFYk5nPNtyXzLk8C3zWtuPputeQHMiuVDelBHzqmMC
2020-10-15T01:54:55.523382228Z 938 RecvzVsTWrs96nNrRGS0uQcbfeoQEQ85AwguuOuUyYpkulxnUAgMroYzYRrf
2020-10-15T01:54:55.533908577Z 939 wCqfMq9rBAwTSVSaqCHRJovnUXm28Aev4B9cpzpvntPAr4DPpDFM2PzNMwV5
2020-10-15T01:54:55.545535613Z 940 vT76dto1bd1azGdTSNCJsyHXkd9jPJf0Z9cUs9CQavZECkZ36dKSa5j6YQ8R
2020-10-15T01:54:55.557054533Z 941 CBMVk0KhjjcnsSZNpu9bXMZkO9OXWOoTqzeEjohnzJ3osqt0q5DquMhb1tYY
2020-10-15T01:54:55.567670937Z 942 ojDrR0S0ZlODbDyj2dQRNUXjhT9npD2AR7URV4qp1Vs0K9S23Hwp9jIAhBbw
2020-10-15T01:54:55.579559013Z 943 rIHqgiJnrgkDP8ue08HwP3SH909M3R5Bg0sNEo50qeeuFGskY5Xw4bhujASm
2020-10-15T01:54:55.591048252Z 944 7ccQ1S6WyvtrOrcgHo4RSd0jVeNkOMAxbEFxbNPme9OTYKDh6sniYwPlP9Za
2020-10-15T01:54:55.601861735Z 945 S3uxiQDoeGTIqs0Gjc4pyGNMRNlMm6rJBtJCNj2Q81AQ8kixImV5VpN892f0
2020-10-15T01:54:55.613363227Z 946 mE5weTg4pWwTH7dFXpjzdCeUcuhtq4FAKJafE9TuPpFuJ5GomnbOt861FDVr
2020-10-15T01:54:55.623862963Z 947 wIKUSI1S7tMQ0WqLv0ZLgOZcOn4xcEnq85zvU110uPBb61ajghYkzdJPb3fr
2020-10-15T01:54:55.635404750Z 948 qUT0gGsImWXRu4VaGYmhiltO6yE1lfKbtVzKfASNwjTgnuSCG25AAgOgGCAm
2020-10-15T01:54:55.646889428Z 949 Wtn3VZgVRPrO6CcpzR0UmLOsoeJCaGOu0jntmmLYmnxejvHgQaT59pJa93yM
2020-10-15T01:54:55.658561086Z 950 j55iuGZQKpjy0BY0jzRXJn1FP9qWsaiJw2TIV0JL8V5H4Nb6x36XmRpX1nzB
2020-10-15T01:54:55.670324782Z 951 x7NnbJhxZPTzRNvSZIsq3wvNz231kTktV8xOFsglLF7ZrA3eg3AW8oZHYnY8
2020-10-15T01:54:55.681389494Z 952 YPWKykVeh5JphnsxNPTBoWUjWqiJVHwiHxlM823i2ttjjadLKadYFBL8By6U
2020-10-15T01:54:55.692367127Z 953 9IsAKC5Cs0AC8VfZrjBJm37T64g2A7qvvf4a159zLk8spW16TWX8Y3we93Yk
2020-10-15T01:54:55.702941319Z 954 bREpisg9TxNOFG7GapPnpqi9goO3auSBBzI9RriPCND7tZXcgcsc0MKRUrZj
2020-10-15T01:54:55.714476048Z 955 B81uuQwrCahvpYtBolrngrpIVms07tezDh0ZgKZ4axMniLDpvbEwtqzHv3QF
2020-10-15T01:54:55.726310289Z 956 RqV4QPS2JiS2YbJI4JknLodKBB9qc3EhPhm5MF5FjBy4qFKmiQj5TGPCUp02
2020-10-15T01:54:55.736819449Z 957 QoU49BkTHHLTumDG7IbXSejjYCxUxVrdZIJjFotvzB7csaXDbZtfUCBmVqDd
2020-10-15T01:54:55.748818479Z 958 sJHu80IooS1coqBofQiNn0RBQmE7ijYtCGudWytRxJdcoNKBKwigII7IqH0k
2020-10-15T01:54:55.760407086Z 959 4z8ij0VzkrSJi7hxOhr3PtFGxutWUXTE7IiY8a2ZHyPYULVd1w78Qm7fXvlb
2020-10-15T01:54:55.770980876Z 960 AoBYyj9ZgYVuTOfkMI3xhDShqYKzg9iE89JXHEVIDNVTCByAWDd4qASPgGYW
2020-10-15T01:54:55.782684522Z 961 AYY9nQD2PiDsDox9EsqgUvOjX3yn9H0N1Ivfb97ntYVWA9kfPn7YS9NgqhVt
2020-10-15T01:54:55.794348681Z 962 TwsREk0gxncZ3MCYV4l1W6JXdrs85FZ5OvggSKrXJ96dvKWriJ460cHydbv3
2020-10-15T01:54:55.805101128Z 963 D1A5RZx6wxHKumNTzwvfnfdS9N6HWaFNA6GD1YdRmW8nvPvLUH8UbvEBKhkJ
2020-10-15T01:54:55.815840941Z 964 ScVNkwo3lHl7MAmKFCdv33HAZkz9fTgrlWQCPYWoioQyRp6X4CuUTDfhjn8y
2020-10-15T01:54:55.826908157Z 965 mdGY1yI5dfjHtDCEXIaArTu2Na4Brha93SszwZF0l8gKf17elv37y5tsoLEY
2020-10-15T01:54:55.838023188Z 966 IXvMfMqsJ3mlXcjqucRiHwh8DjdwuGq9WygpCdAmzcWGKwk9vJjneawrsd7B
2020-10-15T01:54:55.849593133Z 967 tGno9XdOhgPHNT5TKDfcBke1Ku02bqn7iMgfoWnw2XTcg9Kd16XcQmbMV8Ut
2020-10-15T01:54:55.861534092Z 968 Q7WPQ0YzNlVuXdrosCCwERQarq8PQ1zfvNcaR5eTEYfaO9muQim1uIGPScYU
2020-10-15T01:54:55.873297960Z 969 x8etAIiV2go2TpUV0F09ydKNc88E5JAqJH3CQK8iEfpcLOLMhJfHwdAIFpsV
2020-10-15T01:54:55.883994597Z 970 Q3IseOumg99wOgPnMYoehQBpFiwavscrm6ISVRe3SKQHqmljvUxD4T4xImYd
2020-10-15T01:54:55.894846962Z 971 s1chQW4i2hgw7SwbP2FJqNE1ShfazcmwuBWUp3aL7fEJvnJgqJxDyCQWG0LX
2020-10-15T01:54:55.906421624Z 972 hUiSUzXmvrMc14vMO0bKYPWBCksrmOE7vCNuZKTFht3XsCSMEUEgTzfN27lA
2020-10-15T01:54:55.917926225Z 973 snebKjSGGFhpsCFzH7h2mJRMfyYpyoaDrAIDe5QOK7IAAqVX85zHXtGAg7S3
2020-10-15T01:54:55.929473047Z 974 SxI696Eu6KypPN9q2Ss6uVWMAYBadSDDNCbvmbDBsKCvDcsSUjuyFZCO8bf1
2020-10-15T01:54:55.940664676Z 975 DLApZLWs90nGj1r2dlaFCSTSQHoRd9g4TaNc0bW2FpwdnTUrlNZV0ABOrcBO
2020-10-15T01:54:55.952262541Z 976 CQa1NS4rxlYfzE0apTKOuakJcEa94nTUH1dBvM59mK4U1hAxZ6beLZe91Zmg
2020-10-15T01:54:55.963478424Z 977 sWoC93LZQz2IXknB3FaErr8pBbB4Hxmgwv3ODUPUtcmon2LtXvfSqBfPPDk9
2020-10-15T01:54:55.975074184Z 978 lT8IV8GNakA2yAFtImXkvI0sjQY0PB4VWloooPnFEMhMrIa79Ier4iYiZIEF
2020-10-15T01:54:55.986454666Z 979 odgaxmyszM5ctO67yDlob7hPyICJSIV6TSSkeFggILFRHkBEbnrp0qEZiic4
2020-10-15T01:54:55.998066997Z 980 AGe0fFA6lZYeIlUcqWywngfZcyHmxXQENR3xEXcVFZUtoXO5Jrfcyznfwzpw
2020-10-15T01:54:56.008742631Z 981 W7yyuUu3ivtuGAx0nD104T45uotkOPnAG2OmprsYs0UwVI9ukO5CtwsegNgs
2020-10-15T01:54:56.020297942Z 982 UvxCKlssvssvtyRcwAgpfz7dGxZagK5YKUxWMHqPhgZKkJJEJZqWUcspebNB
2020-10-15T01:54:56.031164825Z 983 Z7q1K7lVEZ88LBZImXo99gDbj1jHYrBADcJDrkbDXPM3ITR2hIoytcCETDCP
2020-10-15T01:54:56.042445180Z 984 go9BCQv0AI907cfv1MwRFiqnDfleS4czfeWQCFlsrVbvTstoGQqbHTGzlkBO
2020-10-15T01:54:56.054419746Z 985 vY4nAyS1p2g5znvmfgtkkgvBPAbRxkcsQhU7PRFKEG7lWgUi1Qzvz3Qj0OCf
2020-10-15T01:54:56.065118171Z 986 V14y1HIEq8kLll98KtPL0Kko1VhwcoHJRokhOC2yFTsE8XFobhqDMQAjFoJk
2020-10-15T01:54:56.075849547Z 987 Od3279xJANNKju84MNLspkfJtx3JtOntBs0eTmmXJThAIxvrKRdPUkJKBCsW
2020-10-15T01:54:56.087620574Z 988 RvPx9WqdgZG08tyw4c37uOkbNynNiSuryu0v8SybiLEC5SJ7JQ32FE4rFlCy
2020-10-15T01:54:56.107627240Z 989 DR7xgunBYxXB09nRpX9qX5NOODlrQOqQ68ybogtS9Gwc2B94lzpzRnA2SPKa
2020-10-15T01:54:56.119413626Z 990 mf1H4zcanpsjL4lnXVzzXx8hIqjmZTxkVOev9vgLjT2vCtPNvf67lk5P8stW
2020-10-15T01:54:56.129673219Z 991 htbrvH2yM4eJgkk1fm0buj5aYwbScQK8xehantGKBGQetv3pk957zBtHLJPu
2020-10-15T01:54:56.141405894Z 992 HAdCqvaAC043IQg6WIHBj9mROkbKFbLIbZun98TQqWsCSBF8rJlMAK6IoWUq
2020-10-15T01:54:56.152069548Z 993 6sYOfhwLinbZKtguICq3tte7WT490Q8CMwvC2LdKJRCBI0fUCqJrBmdLZE5B
2020-10-15T01:54:56.163738512Z 994 o04WwyJLc6tKt6PJepUMduntTzPk2Kt5pFA4fPVDn7P6dEDxtQESonPqNahi
2020-10-15T01:54:56.175142283Z 995 XV1TKknoVKBBfv3nK24gNNNDCmpzx4GKSC6PlboKU25XlOMCvU4pqZQKUQ4F
2020-10-15T01:54:56.186560197Z 996 xVjStVdZ655RO2OMQqKkPif1uxMCi4iIEkqzRaFPOkohIhyJhhCNbluvKJ8N
2020-10-15T01:54:56.197927235Z 997 Ku19o6i3JzonD5k8obHfcELpkmeq9F6yMvPD9WaCWNnQ6RhR2ZSZk8cYXqoX
2020-10-15T01:54:56.209707834Z 998 PtTwFCMqFjAzT3JSZIeVBQdHR5ZpW50DY4jY0zlWwinqxOFzgkJKPRfhBki3
2020-10-15T01:54:56.221522253Z 999 1Ll5KGAnfjRdtH1xTfLyuka0JG5C3N7SZLuF05yJ5vz3knJu9z0ZDSi7Othw
