2020-10-15T02:05:49.053105872Z 0 agfzULi0MmwRrSUxs0lASFo5YnSmE0RUK2pwMIGHHRh3DcDcGNY7c2cUO1SpVJ
2020-10-15T02:05:49.064442795Z 1 ABE76ZrnygvssbmxVuYgjiRKPYKxZUnr3HOd060wUvd1tDk9TrwqR0UH94XYtu
2020-10-15T02:05:49.075826873Z 2 zPo6qVKoN7kIzvhY5TSJ04HlUFFKKOqFJhgNaedVnsbuPC7KJk0gIB8Bmn0nOl
2020-10-15T02:05:49.086150746Z 3 t4DyERf5bnrYk4q3lTIXrbee3dSjvPkcdbmgksLPjNNMj1YZ5VdOqDW2BiZimh
2020-10-15T02:05:49.097287312Z 4 BFDPb8kj5xRkTvanvVqaar7dQb7NXKdZpyNn1i43961kWNVheXqkDHhAysvCfq
2020-10-15T02:05:49.108642461Z 5 ipzpEOpe7KaZ3g9J5JlcKnh0sS6gWr2jdLiNS5EWvMKq1GwqLkEwG7zd7Hw2Yc
2020-10-15T02:05:49.119129869Z 6 HsgHHlelDdYkiOitvj0lrxDfksAuneFLLqfLF4tfEBXklaNyrtXMZZQyoJVD8F
2020-10-15T02:05:49.130289726Z 7 NlJ1Pa7bIAAgOxmm8bkSaGG2P6joa5hgnvNgXLgPskBxgll60no1CbnpGT1c3x
2020-10-15T02:05:49.141637153Z 8 ov8t2tzsD99pgotBfX1kbaJU6LRKmLbi2MQFcrYNHNnkbVgAJ9BUWpoGCbiGeG
2020-10-15T02:05:49.152928565Z 9 zCR5nQdtgMQTBILW0S1guKo1aPRVGPNbG1uwAizN9JNA3Px6hhM3LGWbG2p0w4
2020-10-15T02:05:49.164320298Z 10 8n5z6QB58AHTFnfrqc2mHKglzhaJBMQjAwAGDFwuisrcmqaURSxUk3w3rvcxy
2020-10-15T02:05:49.175250351Z 11 64HzPBQqUiV6Idc2xqIZEIeT6nFdhU9zkWXji3dkiYQeEjqfWH2p7rDXwp1XE
2020-10-15T02:05:49.186669076Z 12 QzJNkvqfbWolkbjE2cozSQsATlgSivc3B2SnlGeT957epvRStUMDACdSB7zMU
2020-10-15T02:05:49.198932564Z 13 e6EHGUVmKpPJ90CAaEXFHeK75HalsnhEKtwTkctN4eUc4lcoJoa1jtlZXoWoS
2020-10-15T02:05:49.208982088Z 14 0bWFUUmN0oJTxzZ3wf2x4JeYeOwDvW3terlY9EKhYkCC2P5A7ZE5x4wVljO9L
2020-10-15T02:05:49.220308662Z 15 7Ez7P4Ok6Of7fDYdBFmiso04bInls1Mfa2E1KgVX20Gp20bw7SO2hbIYu2WHe
2020-10-15T02:05:49.231503576Z 16 KMVn7KNCGFDHsZeqqkApXEBieA55aJWlGC0Mq5HR5FIyPq5pX7vSZFyXXgISu
2020-10-15T02:05:49.242852385Z 17 hCxxXHCbh8tmDzGqZA8yLuhv6Vm8WbNwhUHH6NCbR8RDHOjV9VC5Ck795P31I
2020-10-15T02:05:49.253065643Z 18 Gs9unh4ulfaMxv1J9dTYv99zqXyjXOxF4Y24c2zSCFhtUFedA6skSDOquHtUF
2020-10-15T02:05:49.264322602Z 19 HyVfjnd9bToTLmhIGxkgxdzSQcHZh2OsOB4Gp87aocNYjhEx6yAjABj4qrlYl
2020-10-15T02:05:50.044963455Z 20 vDAV75zu3SeztyHZYv2rMkZJz0Imo33mwmoB8QOfZzQgkng343yYVVZNd21kf
2020-10-15T02:05:50.056031404Z 21 oUCGresEzP2ErdW20xWruguQK21IKFgNyImMtDKikaJpU9FGMLD4SUyZT5zlx
2020-10-15T02:05:50.068041928Z 22 eaJht4KFttCpyPNpgnDIAY9m5W1jKHoGl9I478pmXCDC5lYQ4jCmhpp6u9ZHk
2020-10-15T02:05:50.079582304Z 23 ts8xV1hYp548rSMlwQxdpx4r65epvE57EGNaWRdOg1seolbzKwdakmprRCjIy
2020-10-15T02:05:50.090577811Z 24 utl7sMWqh5MpJrtm9EZqWVBLeJZicnNrs7B8qCO0yen7tniUef5s8s7NIYcd3
2020-10-15T02:05:50.101089779Z 25 kaL3lA4BkbEe4sJHEzcLzDvKEEU2i2faztiw4GrT9Uf6XCx9GoltMHHyVZC4d
2020-10-15T02:05:50.112724333Z 26 2SZayd41ui9TdSiZlmAQMVhYAepUaOaQrCifMqDiPuRMG2dRzVTf0nXN9y989
2020-10-15T02:05:50.123256789Z 27 OLOn62gioTvGezslvqATD9qE0Ril8nMtHOWVct6xHSBoaWsaj67gt2T5747qG
2020-10-15T02:05:50.135036344Z 28 ULchoepy0PHjXd7gYxKmQcjQCG3eyWuWIct8QKHzalOCfPLgZZNq64jbBHSTR
2020-10-15T02:05:50.146914991Z 29 A1AGeU3UdBmrIBwIQXyif0vAAfDGBbeW11MVCDAkWXU4lnobX13YNtJoJJZIx
2020-10-15T02:05:50.157481293Z 30 BQ0fWVC2loKzMxfr2s4qxrP3eVgtEZ3mPtRbxcrS3Q2kF03adr95vmHk5gfmG
2020-10-15T02:05:50.168604294Z 31 uhPGvffYnUd7tRSlRPFxKDGoD1VX3PiSpRuTrvzgBYyLQqTrXlkdeAxybafBC
2020-10-15T02:05:50.179280284Z 32 mNVfEGhyfnmkBChhElMoB8Eh6pJRslsXqIfZlqRp1SdQfMtKzvRvv2jaLactz
2020-10-15T02:05:50.191065114Z 33 cjMY12psCduCyam6AqcHv41WclhJPRADfk5cs5qmNDn4YPUHKOsRia6eWpC36
2020-10-15T02:05:50.202766903Z 34 x0yI889V3yOI3lVIyIyaQTIo8AvAWe0MiOEcIG49xg9KFK2Vm9desnLF5eAVZ
2020-10-15T02:05:50.213618548Z 35 fr9dGYOHKKI5oMAfJocB4UYlKIccp5zonNUlg0x5zPrvqkfw1lCzIQgDVoPAT
2020-10-15T02:05:50.224232429Z 36 iEy9oXaXM6Umy9cjus3nSab5MhtoRJJTza0F0GEUoZ2nrnlgIK9r5NhShSkUg
2020-10-15T02:05:50.236073094Z 37 XrzUZlKbJcnxWO6peY54Bo5iE5hRb3b7G6kIkyQGeB8IGd5SXglKngmFTG5fV
2020-10-15T02:05:50.247769976Z 38 rx3Le3eBucRKkfnz4mS707MpkCBD9xZZUHK15DK3O44t2wfSr1k5ugFY28nCT
2020-10-15T02:05:50.258684871Z 39 PRETcf5PqZ4q4Iy3E3Bf71j4m0JhBegQysjSRtWgYKTQ7foEyjdPO0f85VCQN
2020-10-15T02:05:50.269454331Z 40 J4xwVLtnAEIR4H0SZzdlb3kspgjwLDwIuyR1ZSL437w10jjlyaWFDHH6aDFsU
2020-10-15T02:05:50.281095130Z 41 lQW4gzkWFKt0Z2aUYnm0sSRgNXFj6RRGCJV2KxvnpnOYwFR7tmjPgbh3kXVoa
2020-10-15T02:05:50.292789511Z 42 G9cNbckrtnMNeWXkA9a0Utcy9IVqfA8xrMDoOPp7vNNc1vIKhmETEOx13IWWV
2020-10-15T02:05:50.303349631Z 43 hX2teFZOK7Y1UzUSJyFyrQ8xW4fvmDR73ByEXwIJnCgPYSFKamPtSlVGgnJX9
2020-10-15T02:05:50.314854823Z 44 TYaCugrkc5xEjsHwIvuscc1V7aCM3FiJYLxhJwiKKEgDtF9Lc9XXW7lvxtQQ9
2020-10-15T02:05:50.326547470Z 45 3kk0vp3GeJ5ASHWX0abOjanXDKRYOIWhRFou4dfI3Cl2Q15ilxecgDgfx3Xk7
2020-10-15T02:05:50.337333145Z 46 ye026AlQhu81K5vZ9HuLlJOXyvqbX3IYYQXHwC1lCuRdGx3OUTtkobKUJdHsY
2020-10-15T02:05:50.349023665Z 47 mFktPKsmDr3TarLIQmcEcANG3wWSNumcCM9VXl54IvxTjaB8N9fdZ6KH6djMi
2020-10-15T02:05:50.360860270Z 48 V7o7Zqs8q5CJL7MJCZk7pe4taFpcqKnnyXK1yTtlvvhXIw5aXemZLCsU5ekI6
2020-10-15T02:05:50.371711055Z 49 gFa9SK83xcxN6h4y4no4rKQqa4tAR5ymfiKZZ3QyFASG0yZu2aOYT5ww0NWUK
2020-10-15T02:05:50.382323768Z 50 J3mkUOCzltLx0aeYt9fzDkGaXUFLTzsN2vrSHyAEspkL62bxaUzPDNFzNPGhk
2020-10-15T02:05:50.394032898Z 51 T2XbXhcoPf7w2fyK7vKYt0OxxnqMVUow393jc8rOvYbbN1iRFXxQgGEFlve6D
2020-10-15T02:05:50.405838412Z 52 nw3lVQcKAgApQT6wuPLB84OeHTmEywQdUntqLYukmp22B4s2AEXuNy6sRnpxn
2020-10-15T02:05:50.417963816Z 53 bF1hp3bIEbkw1Pz3GLBoTgcGMRpJyRw21G8Jzdeim8c42JGvvs026jw7L7JPg
2020-10-15T02:05:50.428454717Z 54 6pIoUL3VxfGqNOnlOvjoWDrdl2kS6Seic54SUxMgLfCVpNL2m250iLVK49qj2
2020-10-15T02:05:50.439370352Z 55 ZpIh5eIcK9EeHLBIBpU59442QXEM6VMqlcKpTECe3DuxngoYNm0RgiShzI58A
2020-10-15T02:05:50.450226898Z 56 RmIs0OILxUdawmAZsOOHQjbyPlVPP5nZ7HTgf3fhnKfLxU3vV6cnOJotXY80N
2020-10-15T02:05:50.461241932Z 57 q8DCVnSF4k9Fpe9gJC3cY7F4l5xCpCrKzrJm8w24nmlI2wdQQ7dUFRUbg6i7b
2020-10-15T02:05:50.472250509Z 58 j49DteOtr8PIaQ732Do9q4yluPXhP1I4z9JOt9iaMrHhLeshaY6VFwiZYYNbs
2020-10-15T02:05:50.483257823Z 59 O2UlkkLXuymc5wEAECWmJggkpL3OaabNoctJrNEgk8hj99YeScE5RRkhiGZME
2020-10-15T02:05:50.494702092Z 60 aHRaFe7fbvrx6vwGcCR8YPZUu5RFamGxAOV1dNABD4jR9QpR5bBWGb7nDt0l5
2020-10-15T02:05:50.507001343Z 61 n06EgFGShkdoR8LbVNQFhz5EULP60wJlkkCfvDPNCUOXidW5XqejlxWKojY8l
2020-10-15T02:05:50.518267511Z 62 ywV09W8WyKCxZBdKtaAsjcdQuq0HYIRAD4znw4qMQmb5smD43Hc4dVLEa7i46
2020-10-15T02:05:50.529489058Z 63 M5Ow317JcN8KRwtDyDC2Xo0JzGZMVJC89oZjG4OMB25YZp5ydEMMx8SR5ASJl
2020-10-15T02:05:50.540287275Z 64 PXJ684bqH4dlPjd2iERMhwWNHrJkJ7KzGAcY0eSHoBSUBpHsMpxSHFq8XCIqS
2020-10-15T02:05:50.552183088Z 65 hariU7LzbxvdNnL9UaXCwtZ2LdASwfpZYdD4ljVyU96PkF7cc6o4TAcsNf3Pt
2020-10-15T02:05:50.563653884Z 66 XG2dnyTvdDAsPkwFIG1Wus5og2AHXa8VlXLT78GI8v4RJ75lrE44n2uu15rW6
2020-10-15T02:05:50.574709667Z 67 5uZf0MJaMHJbGRkLDv8xZvWCjAp4OJ3FfYZyGdNVrsxL2JQuyHM6hc8I7sUyw
2020-10-15T02:05:50.586260612Z 68 284KAq02GIsB5rFNow6XaAyoObD1yXSSXRBcja10PCv0OyZH0fy7RrTRGc1r2
2020-10-15T02:05:50.596541418Z 69 OUoaU8AKYKq4CEYqMNpNZTlhTu0RGYSfABLqAfLPOsYkhaVmp7Mt5aZ5bzAG3
2020-10-15T02:05:50.607023200Z 70 nhr3qnY8rtBjUP3GHL8pW20Y3SgdcLS7EMqQz8VbQXfk7R9aVSRW74ujnxi7r
2020-10-15T02:05:50.618219704Z 71 D57fpqD5DekSDGFcMPeOQmnXEN8ADL8WHdZ5V4gwJuMygGc4FWZnpsPJa5ojE
2020-10-15T02:05:50.629845341Z 72 dTU1rGGPIqWCs8Cyk5zVavI2c8M4GlrAyu6Hjvb9MoJvEE4Go02kNm3IdVuWJ
2020-10-15T02:05:50.640828185Z 73 tCgq0kmP4PEzkZAh3k2i8yejnbgfHvU12XuDrDWeqv073j6B8owddTmC0xNDM
2020-10-15T02:05:50.651487051Z 74 956qAPRL7N9wCg43pirclSXboIlIB0MFNnPpc9ByT0NqB7rgCjufiLkjFYE0k
2020-10-15T02:05:50.663162159Z 75 Q9yZVuOfhZBqscNAjcYs3QiRGghQra8PC7a6FY8WIbxfYyyySoAZrWJmlx4BG
2020-10-15T02:05:50.674896195Z 76 MDLAFEjvE6ooOZRF5fes93sMzGYjAlSu4bo1Yn7rv2vZlT3c2CyEPMSJXbjtA
2020-10-15T02:05:50.686350382Z 77 HQ34xjG0m098VmtwS887fcFz3w44XoegyO32v4W9GPNf0AbkZyItlFF6h9COn
2020-10-15T02:05:50.697852232Z 78 m4lRK7T9NhwfBFztjDlQ8kNrlYnIEwsrR6RTNpUg6ld8KAIFAAXCR4s2A43Hi
2020-10-15T02:05:50.709844217Z 79 uepKWMSZl2SqaWqHaU9AmxGGBNglxZmEybZ63wZgzBEqcvQpgEWonMfbqEH79
2020-10-15T02:05:50.720768680Z 80 2B6JRkaSFXpeXn0RQy14csUIfMTfjWYTGfQGDiEzszfBgHmfNXSJIhwk16QGr
2020-10-15T02:05:50.731911534Z 81 vQTefQfHOkZSlIt0Lfh8722plFRR9EvQyMDo3Dtvw6FdO7ScxgQJoH0dPwt7F
2020-10-15T02:05:50.743779243Z 82 2BzOluTUdgDWcQXWImpzsNTFwNfHTD21suGwNDlKHrYDiVDUIhskHokiuOxAx
2020-10-15T02:05:50.754264741Z 83 4Oi6nZcUs2x5Ro6ztvDFXOVeACE3eC6zIVm63V6vZtDFKpNf6O84jWZhdfGXS
2020-10-15T02:05:50.765822362Z 84 CMqOYdyblYX5oyv8oDr8VLmE08K62DH7UARL67GbLQwU9TTmZPzppMNB33pY4
2020-10-15T02:05:50.776449878Z 85 u7AM2YVmyPkLiS1IVIrK2I20483jNrlPxWoVpBYeRCzO7L4GXoKkMHItDFeEw
2020-10-15T02:05:50.787060332Z 86 AMqZ7zV7Lq6c43WDUyh6KcGwQ3DbyWeBJ7s39ScOVtCzacfDbj2KGNrn5rad5
2020-10-15T02:05:50.798988405Z 87 F0hxHcSOJe1BeUpzgc0mTsXzdmBfX3MwlO1GJLy6VTRRx3SN6kgIUPpzAZk9f
2020-10-15T02:05:50.810627812Z 88 9ZZQ7GsbFOjufjAGNbTobMEDPgPQvb2JW1qK91nLdOuckH3VGR76lraGo7mi5
2020-10-15T02:05:50.821163254Z 89 Gee5uKzqY45yIXEGkbTcLewLuu4juCUwews5zjp8dqJhA1hRp7dMkYFYsp7iD
2020-10-15T02:05:50.832831915Z 90 Ga44fqROPrDzRTMILRX6mXyQEMdPmbZL6o8Ue9jx7Vt36xGV7H4TXLLzX0Tfg
2020-10-15T02:05:50.843459122Z 91 Og6nmYGEnAD3XPxFwabtJZTtDSVGB7Yp30YKx3aZhX7ThaG5Hn7ctSZiHDVJm
2020-10-15T02:05:50.855086531Z 92 EndL5e499jSKO1nmA8XjSAxtCKJNXpHN7Ap1SqMIyO85h4twEpkAujqapQnUq
2020-10-15T02:05:50.867156872Z 93 FBGVsFFxXXaQM6PIsSgeKjeNiDQjowTGZdl4e3qYb81DnkjxXwiZjBHhhcAs1
2020-10-15T02:05:50.878980447Z 94 DnGoDxkj3vmaWdoKqS2YomfCJky4NfQNo1xQQZWjAa1vdwYl3oyMf3seqNiXJ
2020-10-15T02:05:50.889316937Z 95 cFYZ2gr7NbSVOwsRu5BZKwEcswTrRiXbJwKAwMoUtk9xQ3QUAlCaOtZabPoAU
2020-10-15T02:05:50.900950108Z 96 wlweGglfIojjQlOEgSxDiGmcDoOle389NQ1ZcGxBLpzwU1oV0pHcPavxU8NRW
2020-10-15T02:05:50.913100197Z 97 lrTCB9KY8vew9xtw8C84fB1WpJZo188P75ILNzS90NFVRbjdtaGwsoKx9GpBQ
2020-10-15T02:05:50.924768217Z 98 1wgR5zVi31w1bCGJk6I3Q7QrV4hXEu57Rv4ECvejr7cB1RSHaubPCWF5QCZu6
2020-10-15T02:05:50.935178387Z 99 6ANgZEjKl9hwk2W9HGIPGCimBfirWI67dFwsXlZjlEHoA4eAZF0ULqKcobhA3
2020-10-15T02:05:50.946626714Z 100 DYvqdneZM4kObETsRGO3Tf5izUbucMuiZx830yY8dFbOsi1ca2XbBFTfsmtQ
2020-10-15T02:05:50.957407854Z 101 Cp7uu2KEQugyI2LZFTEwEytgBZpE0AGiipgOvDJvgnwno1icUOEJAnmX2xwF
2020-10-15T02:05:50.968799998Z 102 U02Ga7RKg991VG0k3RlnSJ4uXjvscUdNUdVGy9V7azkD4biaNVO2aIDq0sGT
2020-10-15T02:05:50.980658109Z 103 1w0IzALLKQBzfCyvnoT5tMJir8QVBB1DhG0oRfpeN3lnlfhzB64JS2zUFmk0
2020-10-15T02:05:50.991217729Z 104 QpTtO9goqgavSv3QluiCVBXboVGGKA2bNbtJbtTqyymBJwT9XnNiVYfBIHgU
2020-10-15T02:05:51.003087197Z 105 qI5g0PsVz3r20cYNE6ge252PIjl021bUGRn8JpXvSNbSDNKXYfCt8w61PLde
2020-10-15T02:05:51.014949000Z 106 0VKTg6fBcPVYxeT6ypScUnwMNVn4FBRRxytD4udE1aP50AAk0uu5RJaHcZiF
2020-10-15T02:05:51.026733028Z 107 5hJ264UJ8KTFHkKemYcfO0Dv1cPUe73oFcjTxa1ZYVFNlBJYnL4tyCQcWCwl
2020-10-15T02:05:51.037824305Z 108 ABnyGOAXJ4SjA6BUs2dCEN5npwj4XV4ZhooRHnDel3lMas72FFGMILLOCBpt
2020-10-15T02:05:51.048575681Z 109 gBWiZBGEy73QOJ0xDp70p1fODi2nvALIZRDFsuQdIc9RjRF46mUI95qHzbcf
2020-10-15T02:05:51.059316144Z 110 R3kTzmoFdz9ebQUfBIhFlZx2DXZejuW8OB3bE5GMK2bG3du3zSxqeiEiuehk
2020-10-15T02:05:51.071066465Z 111 bBM4LczEh8xANW6VYWRr3ADPpIGzORsulGnL5sFsxWi0612luURAn9V5OQlV
2020-10-15T02:05:51.082842220Z 112 Bk5qvDwffPBdv8JgiTmognXTzK2UEEWYlazIsRhZeQEfBbGeMr1zam3PLBKN
2020-10-15T02:05:51.094750125Z 113 juBLSvfNUgI6VIpieCZ3DqUC4fnEZ7KZc75A2N51PD3nehTRTeHHqTXaujli
2020-10-15T02:05:51.106310635Z 114 JQL465JliBinH1iJZ1uc1W0iDDRfiFuE6HDBqaeJiwrApBJsPGMZpUFGtfZ5
2020-10-15T02:05:51.117496876Z 115 A6jr563AodGSKldV6I7S1WdUKovLuIZGdNezukQr1GwMhFbRaAtcFu9LTje2
2020-10-15T02:05:51.129292880Z 116 2ERmGhphe9H3t8EBIBKBGHTQxx0VNs8AWPu8wMQtQrlPfHDQpqTHBSgkE8Wk
2020-10-15T02:05:51.141001532Z 117 hYKDzI0YOTUIEOmQ3fXaHbvbzCgmkWHC1UIrVrN6s24f54JiHL7RWAexmUQM
2020-10-15T02:05:51.151853993Z 118 piElemLNQmVw4lijICNJpKR6EOPpo7dH7lhh4HYtekCYTke6FtXZhp4bUEOm
2020-10-15T02:05:51.162744139Z 119 Sb6dOY0DgHCptglMrQ04lrOtv1uDjC0RY8asyTZbNdFXFdaPPMroLH41Flgt
2020-10-15T02:05:51.174561858Z 120 LCtEgN8PZnHcfQkzmJOvIRH665vhrmKFXj8nHkZNzdwPcjXDrnKDavlpsRk3
2020-10-15T02:05:51.185193182Z 121 AhvmuukmerwPxa6wPh9ojdNKRO2KmfBNZxRo5uecMIx9SzWpHgxpZQgLzdEY
2020-10-15T02:05:51.196244735Z 122 hlTNNHhDYU0VvPstXNdhu46NNuQLE7vBesfGWMlUxzvX4r4hjh682FEOZDt3
2020-10-15T02:05:51.207860912Z 123 mT77WpMTrtDMkYN5iNj2QLrDiT4ZGlLD0Sj7NapNGdrTZ6BQ57GotBRWolS7
2020-10-15T02:05:51.219443917Z 124 qKnksOODb8eHOacgdU3jlSvneOlA7Z1e2HpmdKINSjsFCJDSZg4WG2hESDnu
2020-10-15T02:05:51.230458004Z 125 C7ygOMGti4TPWN6VBuNf1K94tYvrBUyYNkIVsZD6PaGR2nCx0MVy3akvNWMz
2020-10-15T02:05:51.241414790Z 126 p2TqyOD4Rfuz2uruOpAmfOAv46iDQorWFMxy5ue1g0K5VRSeINqKBiogOZYE
2020-10-15T02:05:51.252467165Z 127 I7jX8qIp6SphNY6i2wMHrqFAic9j2nlWw3oFi3YqtDAYsNC1wZ8WDVilCPrV
2020-10-15T02:05:51.264011217Z 128 pNCdgolHvUV5mJ44DKY4m82SrKF9cWk7QUmwgDVZ0xlHqwqIYIebFPienpeZ
2020-10-15T02:05:51.275782763Z 129 0XtIbFSYHE9xgH1DdkD4cPdgnMJC9L6Ci0CE83hySShdXGnLbuJohqAjt5dv
2020-10-15T02:05:51.286347758Z 130 a3FmnjxArvJdZdfN3DPdrDYd8UleL147vygMxtgKOGYtdPXYArkkJpVfKeBJ
2020-10-15T02:05:51.297459596Z 131 GoAaBJ30xYW8Es0dgxHxLOE98QA9Dcb8sgl54vWvuswkHYLOrcKmLQY1b2zb
2020-10-15T02:05:51.308282117Z 132 uEbhZLiVTCHWppNH10evWRPkfkFyr1SvljCmkspJdg9egNEtBFtbNFZ4GsEm
2020-10-15T02:05:51.319255163Z 133 UvYW9LU6qaDh8KNT7tnWXaPQptNZ3MYvRjru5oJ599bvVQ2k18UzLBF9V79g
2020-10-15T02:05:51.330247482Z 134 dOc8IsAp35ZVEo8ak9MQK5qyrzDDmVYTJM2sYgL3up3GVR3bHK5wyOX3SNno
2020-10-15T02:05:51.342178370Z 135 3RfDKcxdRH9UUA6OR8cKQYavsuP61IZ0ou1JxUUVKBzoasFyE3aYl4XtqRyp
2020-10-15T02:05:51.353912071Z 136 xu8l6DAqiUkTWw1qD2nTGZQGdsxw57WLcytnwrsNNv9g8unQf5vbL6znUIvV
2020-10-15T02:05:51.365480051Z 137 JsnECu3wPJjbpGehwuHphO3E5Ggzbb17ecVjkZRCX7i7fa6wBmOdmjPSm0tn
2020-10-15T02:05:51.376992680Z 138 KFl14P4KCVtt2v8qe3x0ycUBd7mXbyBU6kaYOGSTJ14amSWwgXB07N2kuI41
2020-10-15T02:05:51.388583612Z 139 SR9flpSLV2aZf4oXAv9ZEzlfFsTOVvr4t2dqBOOTb6zbTc69cYNyjK5wYYJX
2020-10-15T02:05:51.399478257Z 140 zel0lkQOCnfTQHOnWy67RdhxUlEhWU6x7Qz50n1t6Qe6OrrYXKaqbdwhjfZF
2020-10-15T02:05:51.410329306Z 141 cKDKeh8IYv9yAzmRtPE9D2DxYyVtZNcJCoC7BfoQq22P5xUzm9ztYYNrbSqD
2020-10-15T02:05:51.422203977Z 142 FnSquMSHMp3QYr7UOu50V4lqbevIpsiW2PMnbOSmAqoA6tmhzt7DS7mqyPvj
2020-10-15T02:05:51.433857641Z 143 gYGNPVXk2gJHl9SUtcMmsf0nd3ydiLx5Jw7UwV8Lxy9mhcwowWxE08vwMzZg
2020-10-15T02:05:51.445636969Z 144 4yszLsYzav8rp31sRW9pfOlQ1jcASalvXuGfoRayVj9EtP7UvWMOND1Czki3
2020-10-15T02:05:51.456269846Z 145 Y9vslCMqO5vOeCyVXiINWUjg5zL7Eq3ixawJrh9MpsAPKTiRdzryfSqcw4St
2020-10-15T02:05:51.468040537Z 146 HFwBVZsVV3mdaCSAxsIJTVKWRWGQZ8ImBBjqhUvHiiqFpCYM7dT9cWDrpT2b
2020-10-15T02:05:51.479863967Z 147 tHxhOpFhKrS9PZUa1utLbyXVysphyoiZSfPsnRfSVTVr3wvmu7XcMMab8EmI
2020-10-15T02:05:51.490730034Z 148 C9XaR7f96KmQLtPZkE6wP3pxNLkK6pGS6Xhxksx2MCyAec242MC8jMwsqv3l
2020-10-15T02:05:51.502037032Z 149 7igmqjxfQIKYQEVi4oRToATd6b6ZhNOzC25QlAW89DQ14lfiERJMa4SC8wUm
2020-10-15T02:05:51.513647283Z 150 cYuvHnOxCdfMMRhtKsP8Z4PLej1qSWusdgiw0O8K9zjQDdjTbAReYXlx4ur6
2020-10-15T02:05:51.524184787Z 151 ExyuYVsdENjCfCWLnX4wWVJJummxUXAWfh3cnulAcWSPcllSDGDlRZCiD2bq
2020-10-15T02:05:51.535918932Z 152 WBF0B2Y6bhhREF26vCXTg0VZhkqVcfCcIP8T8bQFDxbxETqoYIewITKqgXU4
2020-10-15T02:05:51.547615703Z 153 2x2UDwEV7njUin0jusWj5Acuo74nfCGGa72ZN3hVveicQOjZH5Ok9V0LEXZ1
2020-10-15T02:05:51.558253026Z 154 Dihjl68uI4rE76Mx5ykkXXZK9daXI3qtKRmzXuSXpHX5MR2Op5bW2fbGqyqv
2020-10-15T02:05:51.569507981Z 155 Rb55cjYDPm5WBPPx7RDMQO3RCdz3IrLHhzFxb8mTuF6Mkg2b2mtbKmQc2iju
2020-10-15T02:05:51.580544813Z 156 8wMhsllYTHP54vISVezsyoKzVhKUhn5SysawHVtkz7KZg7aIUDqkMk7KJqDq
2020-10-15T02:05:51.590917216Z 157 tKm9fRhKcIh834LtOmz75AH70APmuKrhnf44VgEQT5Wgcfi9Xh7q5TjHJaWo
2020-10-15T02:05:51.602759687Z 158 QwJ4q0KmvuBMljxmg2b7FPIjUPvKpXXyC5xwShWLd6XYkqxb4Fm9l9OBWQrp
2020-10-15T02:05:51.614949666Z 159 L9lNZFZksZ7uLu2bcVsWCig5KM7E8KpNeODiPmk2r3DjA3noxfkNMMgXVkDd
2020-10-15T02:05:51.626706701Z 160 qNaxfKO6AchOcoAeJbgZgqTADjfOPzvFkooe2aQTU8xhqqlFLoNyRatPvtKn
2020-10-15T02:05:51.637520213Z 161 75myyLNo66VMulAAPRIoi19CN41FrmXBscbxXLgJQRL0HvaxLupxnNjKa4tN
2020-10-15T02:05:51.648527526Z 162 1n1wjCpzJ1N1s4nY9TbGa0Ch6mf5NbK41KADxytZt7Bg9GWKRV7aeAC23igE
2020-10-15T02:05:51.659251627Z 163 TI3s0it3NIUalVGmGpX1whoe3PKe7OeuPyP9wBtSUv7TDAKU7gBJlEkXQGnL
2020-10-15T02:05:51.670137381Z 164 7rLiwKxoybj0cBh9qN7gJJ8Uu5BXvD4lnfpOHCPDe9WMvthlbzoTW0zM1KXF
2020-10-15T02:05:51.682127094Z 165 6gzgCXxaIzT4B4oZTxrWDgxRv7pcGOfRNasoEBzgjLWQfdHTHjpJb7AllZOX
2020-10-15T02:05:51.694077015Z 166 6rCedjPIubQpPQwUbcz3ea9BlvcQs1nDvR8PpEArMpN6EbOOyA1ZWT6Qc7gQ
2020-10-15T02:05:51.705462869Z 167 p4265MTnpd6qDjx2nMCkxRr8TWotafsQHTt1SoHhvauUwlhHIqzFM8uRsNQD
2020-10-15T02:05:51.716195818Z 168 l01xUoDDygMatr9UiFQQ2SEc9oHrtn0qyBGwOEKxrjCCY8W074SlVKy10vvA
2020-10-15T02:05:51.726961664Z 169 OwNXAKvfb3066mEAa5IlofSE1XjmIc206Ew9FrkiS2MM1u0JdjtzDpNRDFDr
2020-10-15T02:05:51.737993621Z 170 OaAcpq4uSu0ieKOwP2Ok55yun9BZQnW51zKTjQqlMxScSVUMiglrRGyRdW4m
2020-10-15T02:05:51.748930971Z 171 tmsXDBnJsrcE8PWudIudyuEFsYS32SM6M0sB1K4PE86AMQDrnjIazcGMXWBh
2020-10-15T02:05:51.760166077Z 172 ac1pTT1yJCGH7PCZ3Mz1ALTQaXugS0wE9NvhhwAqLkrro2Gv5RNnVRy99vaH
2020-10-15T02:05:51.772203361Z 173 zU6XoadWycLbYE9aBnE4PBu1pWcHfJ4s7NIpJTAnt6RlIfYbkyFRG41SS6E0
2020-10-15T02:05:51.783609330Z 174 IASDboM1AMPstoFGoFx5MgLp5GmkRBJCIcF01RN9MJtaPo4y2ftMdPfnXioj
2020-10-15T02:05:51.794039302Z 175 qYYJ8R9ovqnhgP08EoPCyhQABuCs4fFNryx1uTI32TLIZGlyelk9tDJZxgYJ
2020-10-15T02:05:51.805584259Z 176 EyEnmEk8FkT09D8wil2f7kv4uB8kARO2csOleLDUdSwsLCfdxi5FIBKiyIam
2020-10-15T02:05:51.816135787Z 177 njnT12WCh3aNwnLuV5hLW1gnkIJFQZzbI8q9VVnYjToN7ndj7uR4Z2q5La1k
2020-10-15T02:05:51.827872070Z 178 uUJroMsEHvVxXaYSR4xTLgRgttHCQDzUzktwfqHAXqai70LvOkviuqoBINtj
2020-10-15T02:05:51.839474708Z 179 19HYhjbFDSV1aheSColkW10SHRHgERCMtBzIZORn5rAzIMRkkAz29XVuObOg
2020-10-15T02:05:51.850185888Z 180 4oL9PbmQftJrBclIx3xvMXvr2awoja00wmlcPD5nPxEnLO7G5yEj8MKqXY9G
2020-10-15T02:05:51.861740416Z 181 P9kSncYqeXWf6joLyOOwsXaz7Xp4mb1YGGRoftUKQaz16pPxoDnpxeJtLN4S
2020-10-15T02:05:51.872160977Z 182 k30bDY26h6SoYTS8idGbfvS0mxBrZ8g06aOedFgRjDLRRIDLmaWYgVa9FkOs
2020-10-15T02:05:51.883870811Z 183 mnwDRIOhZl4ORgANPa8CfxyUevOGOqOq3CAdjKgpkOjt8KH06lS30ICN9q9P
2020-10-15T02:05:51.894334734Z 184 IjCqBlW5asp7cZIqSznRqtvWGuGKKSDMqZYgwwNBQ4UDijJj2WgUot1QpL6Q
2020-10-15T02:05:51.905278729Z 185 pDIqHAXTeW6L4EZ01WzISyLIufFP7qVupQN5nfJPdcq3U4ap1HY46SNNoPx4
2020-10-15T02:05:51.916238978Z 186 W6uufsKYB1VdnVWZHdO6uFU26Ah0oqdznve4nEBnOGJeL8vy1YyrQ1DKCu4L
2020-10-15T02:05:51.927957683Z 187 inhpGOQ4oqkrkJEmQnT5jR0vnsIPsBxkm8XJvGJs5euj6wZgxj1e6Zn7BJvd
2020-10-15T02:05:51.938781900Z 188 MTI2mPWsTNEXRX1Te56WBtjdDzHnFA3gSVI3QNFSrqAYMAv5UYj7m0GPuloM
2020-10-15T02:05:51.949717930Z 189 wZIVIFIrsTZDRtUb48tZJzgHiarf3BjBkEn0Re5EWIR1fMf6k69bzQ6Tzk46
2020-10-15T02:05:51.960099502Z 190 MK9kNcmG3wpvoLD5DP5cV4MSCIDSAVJbdYHEDM5P0mb6k43oD8USip6wLDEZ
2020-10-15T02:05:51.971919445Z 191 WtHg2jvp6lOAYcBo4lXHzIqRra0jV6cO4VLTGIUh6ekP79Y5hoiSL5i8lIdU
2020-10-15T02:05:51.983582709Z 192 M3FcmRKWvgH6bg907pM4TVqoGX2jObPwkxtJ2WRiiayKrDo9BTT83SajoS87
2020-10-15T02:05:51.994929908Z 193 x4pxEKdLPRjWsMdb5KVOMpmUO8FBsa0ar5BA7UwiHll6VwA7brYzAgCvBZqc
2020-10-15T02:05:52.006874014Z 194 4T6RylqtdYZo7I8pbKCh0wcgK02mvKMKaYnm16sOLtXvfuY51cgOlGujgJ9t
2020-10-15T02:05:52.018520285Z 195 n9QArwqcDnXtznxmgp74o28wFaPQWS12r0yZpnJi7n7L88m0DSHXSk1yZp9e
2020-10-15T02:05:52.030154201Z 196 HyhuJH1WZVzHTbqYEvrXQWWVEM11eatB1VnniGC193V01zeNtFfSKwTdpj6b
2020-10-15T02:05:52.041614451Z 197 bncQeD8NK7AqaDWyb1ytl6rceC7dWJpHGC2C6PtNbJOP1kBlATJRtx0ss4Z9
2020-10-15T02:05:52.053187455Z 198 McGhRO4pvryxJgc22JCQR8R5sPXslQcZlJsPMKxCFrGhOojufWICLcUJXqo6
2020-10-15T02:05:52.064770552Z 199 72BywYhprqu7F2CPsFoTXeBLfQDa7jmTCGjLstdbKTzSixVMXnXAfddGdHtk
2020-10-15T02:05:52.076341031Z 200 gVoOvmc8Tv0eaegPsXIeK53liakLeJMQST2kNeHgejBL6UUJCpNYt8r8IJtT
2020-10-15T02:05:52.087330590Z 201 7q8he1iZeO6avB3AzVcDrLTogDNmO0ok7vGqU4TiUAXJcHJhSRIN2bzkwbae
2020-10-15T02:05:52.098978592Z 202 a2ClgcAoPAwRlxaszeb7VMknogMYNGshAuwCj1KlJsCFSqD8XjzkdtZA8WXi
2020-10-15T02:05:52.110687732Z 203 nFTxG0WdlKnARBT0s8uxeiYqjnUgOxM2gsp4l3bpLZAfsEja7cuOA9TVRrpM
2020-10-15T02:05:52.121314219Z 204 jrYbFVWIwJrgkSq8jPPshE13nfC9kKWPTambVPkKM51AQPy3yj5VfeyLykNq
2020-10-15T02:05:52.132076585Z 205 I5DbbByKY7CrT9jtkhzqHLm8FWQgdh6mNKK8P23yk9bf2MVvXfuyOfpUIkjY
2020-10-15T02:05:52.143537079Z 206 7KTunZZlNvtXqbX1oXiOARN5KCksYaCFe1oEqlJEuPY83gAVB0vUU99yblTq
2020-10-15T02:05:52.154295838Z 207 5apcMOs4kMwTggQUs0K1sKjNs92qIswqcjWQVP79ZyDM8rsHAyQRaB4QW2e6
2020-10-15T02:05:52.165139497Z 208 MOcM24bGRFKPLQJSYwaJHFAR0WIiwr2yPf3WYFCUE6thQNdmqKRjHEw9UpzG
2020-10-15T02:05:52.176301927Z 209 arjTveK3k1r3RimVzH3p6W7owKDbmxGJyLU6HreMqWz1rtuA7z3wpoEEnDOk
2020-10-15T02:05:52.187381165Z 210 WhQHmxryv0lR3mZANINCAuuGLxS7rHAMlv8bac6uy1sVbFTH50MytWRk4iVd
2020-10-15T02:05:52.198159862Z 211 jlN6Pid1LFu68Qlf9d1pkLQeiPehSL7neyl3cxANDbeFsi1EkRbmHu9Yo263
2020-10-15T02:05:52.209395806Z 212 I5n1VvyIPd1lDRi5mryNgilDWipXGMKVudtsvx2oQCISDNiryCbNZIftoaVb
2020-10-15T02:05:52.219707096Z 213 1TZuuO0ol3iZ0ztRskHcSCnQoWwcBF2HCNV09hd43rje13qGbvRjGOxwvFMz
2020-10-15T02:05:52.231198063Z 214 RfTyUaxVUvT8Q79y5VFqzF2ETptBmZH6LyA0ilogKq2Ah6Jwv9K2qGfknGir
2020-10-15T02:05:52.242062660Z 215 3EH9XwancYOuOzWEeAYsBeZVwZXvgqM9HPI42vHFnD069Qt5EJTE7noeRQff
2020-10-15T02:05:52.253796653Z 216 SrG6MjcnTn4l1pv0EDJM6jrEzOeeH7G4kF4dF37wct3XBLRlru90S4ICRxmD
2020-10-15T02:05:52.265452611Z 217 u6Ks9bLI8FAUqd7ALxH6Ek6ESRUeDhfyXrt8d7xHqhd970cHxbXH1gp4gmKm
2020-10-15T02:05:52.276132655Z 218 vVI3g3bGUgk3MhLxXUkYSoJG1sV0P7lxt8LUDF6cc9hgOo9y2xiLULOUnMNk
2020-10-15T02:05:52.287709091Z 219 OUoegXSunsKRJB4mhYrRMFUMgiY3WoEQzRf8FeZR3RxTnGrQtfUwjo6QO4gL
2020-10-15T02:05:52.298317344Z 220 nP6p0670foMWPCEASPJCnQJVnWutraP429wHxBSYPdQ4JJZjQq2HmkqLOby8
2020-10-15T02:05:52.309149095Z 221 58eBA3F72p2AJ7w4NYQEGR95ZLGkWAuPQqz5KcoAlZwrEz1c63pnAOlSWeth
2020-10-15T02:05:52.320271900Z 222 SmVqbzpq6DOSebLXMmGNM0D3Gu1rGnGdJAWFGPikadum62MqeFpqCMwk88rA
2020-10-15T02:05:52.331953952Z 223 4RSPEK7bJ7pdKqfAtSWoNiChFRxL8UQmY52rpKT9x6isp8q5RSkVOXNrCalm
2020-10-15T02:05:52.343828808Z 224 WGSMudqyRl3yT2pHlCDKEJI0bcbtFKDsOHPPQ1UJMijXohGJcX0c0iTDjTq0
2020-10-15T02:05:52.355625478Z 225 eW4p0DB3BNO4kRr4hgaISM4XOVXK3wTLqhq02JXc3Oe4NrqDW7Xl09GKg0dO
2020-10-15T02:05:52.366527770Z 226 6kp8tKGkKssoVV4ZRCXNBwgN00uUBGQeeeVBRhDx3fTJxGATHMhRFodwdJfq
2020-10-15T02:05:52.377613007Z 227 JHFC1ZX799baSXY7CVwQeHiCtO3na1Y0DkaYUcFVOpBmh90VYvfyuH45Mz1b
2020-10-15T02:05:52.388455201Z 228 1cmmc5qI50QggUcDAB0tLr1nYEiG6FAi1WhnfeIDKrreEx7VCePx5bEi59Yt
2020-10-15T02:05:52.399326657Z 229 hGgabs65j1cxisqTiKhvERw8I38bpATLGNoNZsT1fWruwn7HJbe9Hm1kUz7S
2020-10-15T02:05:52.409920761Z 230 RbkDcGATsgbHTskPnwRqDtJJB3GJenrlSjuFfUXvMwwEsRsRsbxDhfqIrsl2
2020-10-15T02:05:52.421078026Z 231 Tg3aWX7FVPz3SDZWbUmEzO6dCBQiG7MWqFV4NjHFPOcnGDvwbLbTzy4Y2CQk
2020-10-15T02:05:52.432568477Z 232 vUgmoqLDKTpDwcP6KJLN3Qyewac6ZctoRasrL8vHt7BWdUtMtxv3QZmXkIDU
2020-10-15T02:05:52.443198604Z 233 jHRYfanoQwz1fFzBwq0gzuCwU1hOGd10tfhWw57cJwKh0rT2USO4D1LGb72g
2020-10-15T02:05:52.455019408Z 234 1rqdPEGoN1gLaWjchqlr7JkTLp8RkBrTUjJquBaHjsXudOBDonqRUAkvHrEj
2020-10-15T02:05:52.466735217Z 235 iFGuMWGbrFfMJpGa8nBdOUdKpXKMDcDOpRirT7b7xcbw42ykfaYgZ51b2uLM
2020-10-15T02:05:52.477830525Z 236 gyWSQuzVuG1ZoOMbBnpNbwzI2XENauVrkQmVXZGzDxLZMqiM1wgha2fQtYEG
2020-10-15T02:05:52.489782462Z 237 h5XFVbw7XEgvtrTmUcFrauR38fvnARYq4HwzNPG1I5sDuG2CSvryRabIw3cY
2020-10-15T02:05:52.501947378Z 238 VSH4FtHHO0t4D4FtAbwKlcJf8YXHsFp3iaxUUl9phG7hQGcziAkDF1XDy5OB
2020-10-15T02:05:52.513802425Z 239 uTlrWD3NBa3m0gWJz8J9l3WDcRcCF6dnKiaV3Nuoky0aYeAX40Szht74wZsm
2020-10-15T02:05:52.525728005Z 240 NMAgdxzXh6vhYd8w3zXl9KNPTWjkPH5n7hPwTpyUGqGSzgLwIDtbys63dp5p
2020-10-15T02:05:52.537713110Z 241 N1eU4mOzxsMbbgnEDvlFKZOmHJXgBeOiyrXpDE8nPh4J2sG7iTbq3zUo3lnv
2020-10-15T02:05:52.549495613Z 242 AIdBe0kLIustnrRnpFHHugQ9odEUtwtMvxZVVUfOLW1kC22aflmCyRJhN0dQ
2020-10-15T02:05:52.562074168Z 243 cYG2PSs0Ub5bSoZKq8KqENd5mbKei1TFwp9fNtTu8np0RHwEcxIM820LlYr4
2020-10-15T02:05:52.573340826Z 244 pFaDX6DjX4sXI9RsxM1ZouYab3MCdpv4uFQr4RNBeemR5sswfIOeY566FIB1
2020-10-15T02:05:52.584295043Z 245 KdPUK9Nc0yOe7b5ZQzyxK8aq69TknBG2GVeJ0IInCSsxqhQwMtioLtHSwQkb
2020-10-15T02:05:52.596003813Z 246 oxDOFchKYcZg66g1iRGGfqeA2hh8YQfaLonBIJwRUa9zrkuygerEkRR8SAIo
2020-10-15T02:05:52.607507748Z 247 BadhVdT14keQop7kRanRQEJIW9KIag8O8rMRenm7TCeDCRRsmyognjdKIrT6
2020-10-15T02:05:52.618853466Z 248 c878tY2nrvhUX0obOi3O0hGhqvv5NSAlEFtDU5OQ33NFOJGhN2EFgcTLRFDa
2020-10-15T02:05:52.630437216Z 249 RbdEyncXJzKaQd6WgKORCCD20arpRxUHZavPp5FC1UQcRLLAaBtA0CkTBrtW
2020-10-15T02:05:52.641634007Z 250 MXKvPYBrL5bKYnfvahEG7yd1djDjUn4e5xbItsMhHkiClgdjsogGNFBXBWVL
2020-10-15T02:05:52.652448199Z 251 l0Yap8usWDVEn6jkf20UFsVjZceIPT7nLshDEHJofoopJeg11fmjuptr7X58
2020-10-15T02:05:52.663552122Z 252 l5im7WXM3T3Yg9vbAwRjrq7h0lD50T4iIt3JDJ2tqE5NcWtaqqGSPFf28Onj
2020-10-15T02:05:52.674778727Z 253 wAYMNAIohONIYLGQpGLHkKvzSkkNexVHpZLT0amiseGhuIj9ZUB8OQ2C4gP7
2020-10-15T02:05:52.686696513Z 254 zJbtI2Cg6xiyKMw73KN6scDNPFsejY4toYme7QC6ycGnff15NrflfKizop0a
2020-10-15T02:05:52.698655352Z 255 0ONuMZvGx5lsK021BBR3qndOcb5GgTXeaYwWtaV7KcQsPmokVUeIClGbmd35
2020-10-15T02:05:52.710762408Z 256 SlBhAhp4aWfyAzHhgqld1ibvmUoZLYt1977L0CnkzID0SLv8qaOEVKUNywU5
2020-10-15T02:05:52.722054642Z 257 I8B4R5CcZBlLfA0zvyeholPRY6RpUBLdACDrtdYMw2nAWN0WlHzJtHxGfBvU
2020-10-15T02:05:52.733775352Z 258 CpPOsLi1NNSbopWLJ47bihHQKfJtdmMHl2ZTxLYEQ9K19LelGqN5txDhb8Kb
2020-10-15T02:05:52.745104066Z 259 gq0cyNiAPjAxtxFgOg9GyBvS0sa6HKp08lexqTjqlama4iAM13Dh7DAMCd8f
2020-10-15T02:05:52.756124723Z 260 g37oCUPvPiic7Cz9Uu5PINOGstrWTu7YmUi2VMscRE7x2XHMnvDa6ZA9F1yY
2020-10-15T02:05:52.767315050Z 261 c1A9Fgr5fuKddwgPc6wBy6tdqsgnm3YaxEFOG1QLCQk7rqWUhs5HU0n98z7A
2020-10-15T02:05:52.778524924Z 262 SzwktcqtH7RQDfRrI3oArOuC7eDcPFHEiIbHmgiRaceSeSYXd0qbSm9chhrS
2020-10-15T02:05:52.789370864Z 263 ynW4Yx61xvKGvb2sJ0QYsMPGhgMVYHb4RBhq17iQjEbkDcQWM2aYLB4wRMd5
2020-10-15T02:05:52.800429119Z 264 HtR8YGuWANaeg4jBVsit7fWPlG10Qpp1ZhRHo2yKWJplKi83fPWMHcjTmwgd
2020-10-15T02:05:52.811161412Z 265 hbVWqgxs5YYkvpdUQDYun3gD82zn6vhsrg9DJ21e1mjCDL8N5hQ7KfV8uo7O
2020-10-15T02:05:52.823276507Z 266 agzxgjp0Wgb0sEn2moaR5S3PswpzXHfGminzlTx9qPe8CDRgHQN9vpnbE1NP
2020-10-15T02:05:52.834706882Z 267 v5fXnyWgTW5ZSJ1kuxnLxPqBigx5yNp79WqmBRqZHSa73ethQnrr6kqqMt0K
2020-10-15T02:05:52.845658651Z 268 4yB9ye925HcZWYDKYr7UMdFhHRwDHzHoh1Zba2EUKomFInGccUtfo3Lun3KH
2020-10-15T02:05:52.856638967Z 269 M3E2axWjwLHqLiSdyiS1uTcrBeqWP38MZtxsHIZlC2LSl1TRkelqaMWfwQRr
2020-10-15T02:05:52.867449668Z 270 ob2UtZLy3Kk2Q9sHU4OadgWUy5JsFbx3RbNbpwtsjk31AqfEbB7lllYnB1Wi
2020-10-15T02:05:52.878137038Z 271 IYbHDusgf0czcjVQ8B0h3LxHysKbqnsU5dcRw40cNMxyMlQCQl6qamfTxTCL
2020-10-15T02:05:52.889945871Z 272 AgXkzIk8xcWddtDLHSaj6RrWThB7qW2jjmRBKwz0ezN2FNwPpY4qlNCvF0Wo
2020-10-15T02:05:52.901765817Z 273 uXyA2KJKTjtvHjVhaTQAFCM48yZrCfNoZFtuMf9HIFvTTfUldDkFgoCJDJYF
2020-10-15T02:05:52.912885902Z 274 JXVGFL99Mj5AWvIbTGAtAWF2USwjuvf8CluRY3XNjzKOKgDBweQOShTbVHy3
2020-10-15T02:05:52.923757376Z 275 sjmXXrq8tJmDBtx7tzeF1mUFhd0ZFNvtWxXj1jejM9CYZzzWDSMnZ70x0ogq
2020-10-15T02:05:52.934545370Z 276 IR8dxzpii0OS9Wz9F1SVIMaZDUSxDF8Y4h3LpMm2vbttgtmTsfMU65st18I5
2020-10-15T02:05:52.945236577Z 277 FmQWi2kUBQhoIxsgxbzQExcQJ6zNF1jzNBxmp9gyOImNhFdn0weW4lVI99YH
2020-10-15T02:05:52.956979031Z 278 aDlXbHdoujun7NE3vA3vHkRgDyTFJ11FPyTHkHZglu8yP8c5pwy730CkFWU7
2020-10-15T02:05:52.968887967Z 279 fIMwWvZdFTHASlXjaiep0GQiXQCvnTGp6vx6LWYMQPxwdYqxSAbThLBiCjLe
2020-10-15T02:05:52.980680303Z 280 yR5bKL1kC7L9ZJuSFf2RGVKku7xJBRJVfdun4Ft26oZIrA47B6h4TCHzLspz
2020-10-15T02:05:52.991362489Z 281 3vKcoWHtBWlFrgJidlg3iMfWPxVPXvD1iL7M2WFBfD4lIJgVXZ1vmigtqw0E
2020-10-15T02:05:53.002304347Z 282 uDedsEVjMJC3GJ6Uhs8z2ZGG4kfuexHhumXeklay0LdNUZuRb5tnCaKAwyeI
2020-10-15T02:05:53.013217013Z 283 ynYnWcJifSK2X91dh2PtCfXoXxmJ3tZkDC345cxjPi5onGQexNoWwzs4tRq4
2020-10-15T02:05:53.024305100Z 284 DbOhmGNnw6uAKlXdPAJ8kD95hbY6y7LPr5Rp0d4HDvWuFSTHQK4KlLqtOEmK
2020-10-15T02:05:53.035205968Z 285 f0Y9ZzhmzmSZnzH1xG3HTrymtOrpp5Tp0WFe6pLj4mBKvbjenlagPEMRDOb0
2020-10-15T02:05:53.046743658Z 286 l1kDLlGcAgcfbELVLK7AQx4E0PCNjKFiOaK0JWPF0CftIvfLXG0vUoGJeYIM
2020-10-15T02:05:53.058247349Z 287 CGFQDFmmZ3jkZGIu6GhQiGv2gFNEraQT5ywgbwC1e7WewShtQV8SpMC8gIIT
2020-10-15T02:05:53.069829907Z 288 InK8CY7vbgan5dISGqh7uubGfpez0uQthbweaM1LmuYnECHHyxBdSqO3mYLT
2020-10-15T02:05:53.081548101Z 289 x0vlVo5rlaUpo9caQ6qhrex2xDH0LllE2NnZUDARZJdDLsWmPnBx3nNQISse
2020-10-15T02:05:53.092445008Z 290 DjHPgz983ICP8UW6xxrYbPuVjLemCk1zjEa90E4XNQ2dIYAipcuoxn2E550o
2020-10-15T02:05:53.104096861Z 291 jtO6yQhUc2kg0GBLYZqhp8XUrf7QmuOcSogLZ0f5suB4GFNxPXZ45uCKrps1
2020-10-15T02:05:53.115600704Z 292 IW7kMv2Ch45NYsZvN7srCvBLKRCIPMrjmldJ56QJAhhJGQ4jEfqmb7GupOA9
2020-10-15T02:05:53.126221995Z 293 zSyv3DVaZ1WwNFwTA8AnAQibM6CUUgi82vbH3nxp9l2khrOFaen4ju39VTjp
2020-10-15T02:05:53.137806277Z 294 rpdFCPQZYRm0RVDvYQSNp2tAAjyDp9opM3mLHffb9bhQjdTxp3Y1RGEFMu1i
2020-10-15T02:05:53.148596924Z 295 0V0ujCL3vsoUqBeVTi9PvAoRLjlT371eOp9NzPPP9P4BdYSEyd3XQc9t77cg
2020-10-15T02:05:53.159332666Z 296 Y8MlR3mk3YdVrOEgNe1OpYZIdDjrZYCZLzxujkLn6KR3iZHzILUmZZhAe7Vi
2020-10-15T02:05:53.171002610Z 297 mZfrcQA8VD1VH3D2C600pwFbolHxZi3Ykk6lG4jR9vFiJEbJs4LPTioyqeRm
2020-10-15T02:05:53.182337581Z 298 aBDGDkyVDwY9oT7RJgjaNkPuyApgcmJ9y2FOoOHdq59qChjod5HDgxcPqAcS
2020-10-15T02:05:53.193068974Z 299 W1TimZqjzaFWSnuW8W41yyAgBGKiOBLa72tYSmKEvdO0KyCxOOKv1TMNi6Db
2020-10-15T02:05:53.204716976Z 300 C0LumLEURSI1WzIdMaRISqTAly2wMOSnjH11fXyf2kyYG271SHlMpMS0gVgx
2020-10-15T02:05:53.215982508Z 301 F1F1G5VlLfI0VJn0rJGG9ooUAVDdYv4jKcg94Kpv4VphKrTEiU7J7v1P0ikN
2020-10-15T02:05:53.227565069Z 302 UARxgk13I4rD3Oejt86JQsUPAIdyZ9vH4EM8srOyKgcXDeymu8WoCIDyCjpC
2020-10-15T02:05:53.238088095Z 303 wQnmgLjN4TtcFAvafzJEjIdf0h5tg5ZU6dOIunZIoBSSAl9bK84VEImHhlYB
2020-10-15T02:05:53.249453719Z 304 5Y9zOHiGaLbwbNFfO94lT9i2HWRiyPLjEIBERSz1rySLQPFONf2U4NcmbpPA
2020-10-15T02:05:53.260173879Z 305 HG1XAy5EeETFfco2VFAkW611TCKHmru9vVvCAe9SdzMe5CoBqA84fMn7xxqZ
2020-10-15T02:05:53.271860234Z 306 c1aPB4AY6NA3LvQglmCn4HAv0xWvy3B0CFjnVET2LvyYTFyfF5qxtj0aOn8w
2020-10-15T02:05:53.283726382Z 307 sMPZ8OgSVeMlfO27RyzPTJ9qyiV8HwP9kHbx5ESuhFrHmpWV2WDqfgvef0Ql
2020-10-15T02:05:53.294137531Z 308 bnfrv87TArFdCbcWJNkRmEt1dpg93g8VBlyXAVG2VnBgsQKgtW96uqZewxnz
2020-10-15T02:05:53.305799402Z 309 AOxkB3aNqSkKARcqoI9V4Hff06QkX4U7CJCvYR29Z1MrPByxYeR8LxDL2Gv9
2020-10-15T02:05:53.317466213Z 310 amlHLg7U4gFxnHiGsbjOu22kqvUp0qB7J4CRg7rHVN2KjwCE21FPATNm8ll1
2020-10-15T02:05:53.328364989Z 311 NqdAGj6oDIFlPVTbHHtJUcDmughBqOXiucScAr1JxTgMmxSe9yCoesE6iMPl
2020-10-15T02:05:53.339237780Z 312 62cldS5qlMm5LtPLvv0sqaFl9U1fBIy6AgvPQe22t16s8vgZdUbF83G7Dl1d
2020-10-15T02:05:53.351129530Z 313 se2Ed2dl1rx39IVeiO3ianh3Q9NoeG9X0WiacZNyih4aPYrOSa8npiCbXS4P
2020-10-15T02:05:53.362670195Z 314 xqCv5LMlftXeCblla03zdm2OZF26UqhVeW7lWz2KSpIy2FAqy7tA4RbDShu5
2020-10-15T02:05:53.373412973Z 315 zRGc7esgDRVXrJjgfPXTlDmVN36Hi2GheeTKBLsjJlTDr2hIPI9JRRFdSt2V
2020-10-15T02:05:53.383939553Z 316 51XNV2PtCxpefauJfuVEhVSaC61U2NoA5Gzf03J3T6SIGUUUgL9qHFEdnsjw
2020-10-15T02:05:53.395547337Z 317 FZtRgemBu6eJDuxuummF60U53LFfVP3XYuX022CA2sC7fvBnCdBS8rwozNwF
2020-10-15T02:05:53.406331485Z 318 5kVH7DjVV9ZCGqZ6L8scIfklHWVsfKez8YcPGyJFY2kcYhFbSn5WD0xOOf4B
2020-10-15T02:05:53.417870086Z 319 SGLDUelbfPYgZtXkozaSkahW1Q2JljxtGIyvAjMB9s4PhT0ZkU02s127sA3K
2020-10-15T02:05:53.429643416Z 320 Qgjn4XequGI0efpigw0iHWNeo8CO4d02vJmtPhjvbP5khTo0tgoxPDVcLPZf
2020-10-15T02:05:53.440102920Z 321 RfcLH5wltKThoveb1KonuVohfr1d1H7NeQV2jBD7oDRPuMhXD8Wson0hQ3kn
2020-10-15T02:05:53.451786848Z 322 TZDeRqdENZQW1JBzfw3wEaXai2xWLexBtcM49Yu4HkGP4im44Hx8VYVTqBud
2020-10-15T02:05:53.464132064Z 323 EJOVs2Do9jrCz7ZWVjGuY191bMjXXmZs0asn5wlx7CiEtYxGYMPZn18tGmoV
2020-10-15T02:05:53.475092078Z 324 YFqXXPY2XOPNJy01PK1AuV6OkocVXACGARvRvHhYywVRoNVIxuZqSAOzsKCQ
2020-10-15T02:05:53.486636012Z 325 YOZkmk7TZkAa175exuLf5a8e9XOcDZLbtPYURSu13A45qvWV1CBfKpt8JtLk
2020-10-15T02:05:53.496945003Z 326 n6MUjtQum0TfR8nCSC8KmwjF4NIYv2Vp8VuwZryndzaTjNX9x0t6YTSEMuo3
2020-10-15T02:05:53.508706810Z 327 Gwp5Fvjq4jWG43F2hZ9x4RZCDN6adIdO7UDCNhL5xHJAJAfOL2X3vHnwF4RC
2020-10-15T02:05:53.519350784Z 328 JwyyE3BjSxvvmHYURGg27qowQyVDmits87VHo5uSpgZZ2qqyp60mbZpMdjBJ
2020-10-15T02:05:53.530964010Z 329 OwMauKpFTsiX6cs2PJSAhglPxgMNslG02WAZZpP31FBJNgKu1D7DnmjlJZzz
2020-10-15T02:05:53.543006550Z 330 5Qs7hrYXiXpOO0Stmci45MTAyOy0Jw00CSe76dpQrP4vg3rPlQHVYiTeyNHM
2020-10-15T02:05:53.554675191Z 331 yMUd2DB21lqskmwcznxV0bjvI4siRTPEZoCoJx0lFDvq2hAEDEuRVDGnC6ZI
2020-10-15T02:05:53.565457979Z 332 8fdTvD1AX3AQGNP7oq1tNLBQQBsuThB2xVTZFb4uMDMOb5VHECxINlL2yimF
2020-10-15T02:05:53.575964624Z 333 Ww9sl8sbqrtiDMbCSli3zk4vORS874zBNrhzo98w5geXAJ08E08uJ3umEbrr
2020-10-15T02:05:53.587737401Z 334 seUY2z0rmHIT2xkbzbokdvAKdmJ2lFDA36wemvt5PoxeV1Jb9WgfsHLYaJ5K
2020-10-15T02:05:53.598875773Z 335 2Bv70Hs8K8k4lUsqndk5X1ptIxPxs1c45pMrWYPen34Ptme3pXj6mgjuhOLt
2020-10-15T02:05:53.610727294Z 336 aET9ubEtpmCS4VEAEGaHrPxgwJwlFmezPfwQYTfBcSV9q58oye7UvXdEmrHQ
2020-10-15T02:05:53.621240654Z 337 BOrMTa0qOrQjGYLM1GQkmMwTRsEp6A9KXck8rQckNGkvbH2MUrgyTFPzsuDP
2020-10-15T02:05:53.632101056Z 338 C8eRQCPLoPZ6AXyLb4Xf6bRereQALPW4KgjjVoRN4kUtksiRlnm28iEtxsrS
2020-10-15T02:05:53.643496576Z 339 ijWUN8eN85Ih7P7PhNdWVcgqjMpT52NQWg53xR7n8ZSMq4NndD17RsyE8buz
2020-10-15T02:05:53.654143167Z 340 s5fOwA2wsCxm7ZMiBXvOpGgHgijeCzfjy6oDjksgTPI8x4ZSfIjXvuFyiwPC
2020-10-15T02:05:53.665259932Z 341 w9Rw26P0NiiMMTleUKpmQZOsULIqRqM5MnJKWRwpYZel8sCp7UkYeV8pTuVN
2020-10-15T02:05:53.676115897Z 342 99FXFMkiDOIUfavKzW5aPrxxWdzFTpi3ziAPkBngnHoAYiYwxs9Q1OYWtHnA
2020-10-15T02:05:53.686764338Z 343 EnlY8W2exiN970KV0HOow0wJMaguny55Hp64PZccrVQ4kDA297nJUvHT69qA
2020-10-15T02:05:53.698598196Z 344 rPji6a97q2Y7ZENqby5md6zXZnVM0lME3drUzBK9vtNqxA7zccExnJe4Bhus
2020-10-15T02:05:53.708945573Z 345 Mmd93kAaV73dM4HRypdkcXVuNGe9Ku6HfyxfGW27k5ZVEOSlSrQR0F7jzBST
2020-10-15T02:05:53.720775132Z 346 Oi3T33IG2ict61g57cEI0GXLLqcxa7XoX60J1L4KoHJG9xOvjmeRgDFsiKhd
2020-10-15T02:05:53.732831576Z 347 1iyASNfCKFjijanWCDDHrmQ18PkTqcyhU2ps0xRJ7agNFgzLn1l4FNp38EGE
2020-10-15T02:05:53.744913021Z 348 h2c0CWHwwzOK0bmup0T8bGIxVJVKmugTOA7xifTDOBfHjRTimyGPGIgsqkbL
2020-10-15T02:05:53.756853519Z 349 xKOJZkRGzEhYTYUj4UP0BEOLiDTg3gsjxDeCbX7LOAdkxTjux16iVHi3yhSe
2020-10-15T02:05:53.768572861Z 350 gN5MA3XBXD6uxJztbqHq0SEbEmE5bNo0CqxKuelkPbdBfALudhdiVu2BHgXk
2020-10-15T02:05:53.779037651Z 351 fFwtO0Jo35D4iwUgHDRmekN4VjJN3HCf33XA9g1QumMVdBxiKBywgrPj1ks3
2020-10-15T02:05:53.790889724Z 352 V3eah2N8Is5nvJIxnnif7bZREA61BC6PZRAnCosnpsGIujcbDdeMMII1duQ9
2020-10-15T02:05:53.802768747Z 353 kDXysHafhszuhOquzDE3mPnzeN8h5uQVjYNG9ffZiDXVXBmiD3yDgSrw33cC
2020-10-15T02:05:53.813686458Z 354 A7o4OlwMHUin9fcBYelqIvRmD3EztKsmFyzRogpPUH681RTBaxkrmuNSTPyU
2020-10-15T02:05:53.824621074Z 355 nOHGywcNXocSy92mtnFA3fL3VeFu5hOfOCeWS7DRAeh79L6eNYYiQAgUw5Hq
2020-10-15T02:05:53.835243598Z 356 cS3YzOIhGSsG3IsX1LigqGi4YqOaTdBcytLD3Hd4xET5k5nPi4F8E0nSwo6N
2020-10-15T02:05:53.846015846Z 357 NiBMnR5sYpxm6kcqZt2OUkznDe6ZKUT4jfIJ7qBJTfDPSx1x8MkinB1CtOvU
2020-10-15T02:05:53.857765377Z 358 wvtCneqrgD1TarpHNibeAodKgSgXyenv2CSmaBPHuGoYc6keRP5JDB25ASlH
2020-10-15T02:05:53.868594054Z 359 jNTQWIgKBpcYbBqq042AaxgFtsbfbcD9xpQ10xebkyZskYxp99e2U54uuxro
2020-10-15T02:05:53.879429850Z 360 EdyEXCDMOKia468WXpsmDXkyd1W8NlGXs9JPjM4BKaBh34BeEm4us4PBDRix
2020-10-15T02:05:53.891341760Z 361 WcLZ9TePJmfJP71DtDnPOewMkBvRnbrbiRtO55mLyM70I5uQ9sSlIfH3jOUp
2020-10-15T02:05:53.901993587Z 362 42WImqEOA1XKeGFfJN9g3BugUPaStnPklqvxZenr6d1UosejuORNPpOgSA1P
2020-10-15T02:05:53.913698732Z 363 mWPVHXGa8YlDm3i2OvxoPvsbHzYLEkPq6FfVtfBdIBTZTadHlYU2ff7opFpf
2020-10-15T02:05:53.924381415Z 364 aElNPwM8blf0yYUvEE3KlEumevAD7I5VdV7TsRDYYCzNpL26VQHDSsfZM2DE
2020-10-15T02:05:53.935072736Z 365 yxYc6E5o3db3Qq1Cq7WF0i3Ht7Z5Ot8Wt6Co1h8f8U7p4L6a3ZvpTASfD8Vm
2020-10-15T02:05:53.946696741Z 366 S04LLatj7y4jjDcp9UGXh9lGOgkQeKkXCH7ldT6OXvQD38G9e1PC2PNgUZpH
2020-10-15T02:05:53.958700164Z 367 aZdaU6ZTC7sRyXOylWPbzCDe5RFxffBHxE5cvpstGJpHCEhGTpH9Qq0nduUY
2020-10-15T02:05:53.970627674Z 368 laHCxj4dtm3hIqIgpAG8upVxBmFdba2fUrQc1udblgpDa69QJLSttaV0bOl7
2020-10-15T02:05:53.981387554Z 369 IPmKH6n0MLp4iSJjX1tfa8AbCTbDQSS3HcONLIsTzRF7vqcJF1l0D4b39nmf
2020-10-15T02:05:53.992144435Z 370 GaNSFfnlZKC32jMD1GacnOl06bHrP2dEmQWcspEQHPEjF6yaWho9fqbj22IX
2020-10-15T02:05:54.003106844Z 371 37ALE9fgKDYEDFUSYaVOZzjqw0ZSvMdf4K3ePB4BWe0zKR9xBnIZiWJUBC5Q
2020-10-15T02:05:54.014231216Z 372 5sorPpzmbfuvE5vgbTislm17QXqtJsAkqjhDyzKI8Aj8Yak4yDlLgm94Q3ja
2020-10-15T02:05:54.025660204Z 373 Xh7PFYG7gQcjCyJaJO86FSNsu0zjtGrZVNmB62IyN8IELdfjPF7j67Qezr3O
2020-10-15T02:05:54.035945074Z 374 677NpAk7JnsSymc1Bq0W9hcshgiOMLjdAC1FJuFaLSC7c0hYKUNEHnHhECpk
2020-10-15T02:05:54.047776285Z 375 Y7WmCX42HuNkxQ1s3deQKbD6n9X8HmJ2dlaBLdSFqK4wi6w92Hd1hgUwrZaL
2020-10-15T02:05:54.059395397Z 376 sdZOzLOyldAM0UhBBwnYujGemdBh2GHNfwYaVqbMoOiNu5qIOPO070ZIjeT4
2020-10-15T02:05:54.070030947Z 377 qaxoV6uPSCVF2eOfxaELPKJlpsJzSUIVVvSO1yb8nXmp7i3sC1ClHhuCSh3D
2020-10-15T02:05:54.081266430Z 378 faVPSKZClS4OkNsZMio7ZeNUOdeKJL3nMT19Up4HdOWnMGVLhYGKmww91pDs
2020-10-15T02:05:54.092636419Z 379 gqBfsslrWPbRDbG0n8XGhpzD4S2azcNRwUQ9BOaQdCR09pHhT4ZDjlVdKXR5
2020-10-15T02:05:54.104327226Z 380 PnVxC8cLQ14qByrmX64En1y8gU7ZkyohKHArcT16MQdipZgbMwK30fjnqQjn
2020-10-15T02:05:54.115193264Z 381 RcPztoZDJ4B1qiVvyQ71CHtoVRzYobOfaZ44RdEs4EYXNLsooOyoYwlt4zlO
2020-10-15T02:05:54.126093953Z 382 3wC7z1q2LIZhVkt6lfwm64bt8nb7oUVsuTl8QKqSkWIHXnUXSXQbejTZX04H
2020-10-15T02:05:54.137781396Z 383 rNlSo33OfhbOdmeVfFZKwwNp1g5WnsYu6Q1EASCr33OgVAedwW5XtRF15SlD
2020-10-15T02:05:54.149902019Z 384 XbbQYTQLKudJC6UaE2dZSGH09Tc62bRnYRDa5d58mTdznUk9UkFSAW5yIR6c
2020-10-15T02:05:54.161713316Z 385 BydUGhTdB31l7UxZZ4ReJylqdEZ2wH5ZzGpkzIbYpBVFg9KwJdvINJtGmFwd
2020-10-15T02:05:54.173530931Z 386 jGMeFiOdaXFo217yI2944Tus7L0Qmi4fn70ujpyZVeFtdg9RDmVQboq4fLPF
2020-10-15T02:05:54.184146162Z 387 CjASVpTLSVBUa5s22TrT8L2Um8MRJui9HBSt8YSIeCHsJBdEzjQ23eNjZdbX
2020-10-15T02:05:54.195385675Z 388 ukaWty4INOnimLTVOe9zbxoyi3xMxQyY6tWDji3fCr5i7UNgmZBAVdyN66ud
2020-10-15T02:05:54.205900688Z 389 9Cr0TZrrVfAvMPsSQBYeHoWQGigMXjSNnXQVAFPSJOSz8frxtzNUoqth4UbD
2020-10-15T02:05:54.217399889Z 390 tdCH5LXcxAtBHpo5xrsd6qbLFyBhoYwAIVJIDEj1qc0jwuJ9utYWtmjNXmKm
2020-10-15T02:05:54.228414322Z 391 QAoAUNNQ0P4VGtcJLE8J7jBFpJeylIV6vQWzcXfB1CaUaLZpdwHwEynpLLda
2020-10-15T02:05:54.238983886Z 392 C9ObgycDonfs2KMCwagrSgbgx687bv3FqaNg0auk3Ifd3gVxFJI85iqevIft
2020-10-15T02:05:54.250623504Z 393 lyGQDgKIhnX3HdJkHsqObe3CPwlyb6KHSMXDlfDiwxbFsYozecq12IlcgzT8
2020-10-15T02:05:54.261199395Z 394 yh8B7t5NR5399ADCI2hTyN6KrGbo12scvCr9S7e1Tsgf9efRmxIT2R6LUML2
2020-10-15T02:05:54.272877535Z 395 A7TlNCvIPAUPVhaAmLLLgtsnflooZJnXu1MotUuGuVfzYbYchrys7SJe7OAl
2020-10-15T02:05:54.283422462Z 396 hGf01MLm4QIQc8jPK3UJ7NAshG8UH3fBZ9RMGAe73HUFrCfZIvCeNo1uNswz
2020-10-15T02:05:54.294635492Z 397 ua75reQrBe1I4CNiWBQmZzmwfub2ZSwfcwaH7qLwm8qkiCyj0OGOG0DyP3lS
2020-10-15T02:05:54.305697944Z 398 rY8mlBQ7Swf4LTYxJ00RyCZ87kl0mCKo8jMZk0inlvEfVoohRSXge91xgZoJ
2020-10-15T02:05:54.316277409Z 399 c9S66tNpWusG43I2854KQUDeTW72fWn812tQfemjsOnjXGVsFHJWjzLe6XwH
2020-10-15T02:05:54.327884644Z 400 GjwkKGZApBdyfGEhKSSO1dJzke8PIHTIKfA3kuNUBjnKFwTo2gTPu8nfOrqF
2020-10-15T02:05:54.339471856Z 401 T0t0Zz5J3itGJzaghLUvN9kxMKsff9Gv3Tg46R6AwywxZFU4bewMetzNvJES
2020-10-15T02:05:54.351086545Z 402 i3L3TUNRe1XAOB2NcJHMVadsA8OSKi9EPNNOYJDXWZDue9IiP9jsqILljia3
2020-10-15T02:05:54.362404965Z 403 JgTc46QQibb9HxJ1VzFq2L0Y4H4wROnFTvPKA1SIYlXNVXit3zA9WBOHtHWK
2020-10-15T02:05:54.373873752Z 404 PHREeHlbgR6CFYLP1jTYuwMoARb3l1enNvtn2M92YHGyRCIIf8zonQgX0JQX
2020-10-15T02:05:54.385352417Z 405 2tfYKCKZu7hOJm3v77HAfiSkqTTd4m2JRBC0YERY6eJOGX1DDDHrLViHtEhE
2020-10-15T02:05:54.396891371Z 406 gUolFcDVNv6LCzEvMD9wLSo5Kwed3JHvDg8bG9v87YbZ9JsnLHlwT0MDHoMu
2020-10-15T02:05:54.408458647Z 407 zRSARyLKV37KkRWvgX0xFqBoXKmh9BLDBndpmyxMIrsxCSXXur53FjtPPaYQ
2020-10-15T02:05:54.420157104Z 408 TufAuPERVKP6yYIl266l7KsgDqa9ffwlUevAgp9fKJQoQvX84YK0irFS4FVt
2020-10-15T02:05:54.431153883Z 409 Tv0JmeCfPRzn0gf3ENAUW3sYez1FbRZssTTMNilX47WsPKiD7mvCTGZUb4UT
2020-10-15T02:05:54.442688877Z 410 ATrMz78lKsFyRahtn8Bu2EcXJM9Lgmbwe7LT4gN46oXVh8lNIIPgqoG4mWdw
2020-10-15T02:05:54.453060241Z 411 aa0IJDQ0CMJ6MQlL2XPQwudvIhUiZxNGEyuJ8boX72PqP42FvEGOKDtekY1z
2020-10-15T02:05:54.464958816Z 412 f1fFfgaT2fvVIHbMQIgzdMYTH0EhnwrzuBnkCZO4GodfisEtba98uJLQqik9
2020-10-15T02:05:54.476639101Z 413 Ohr681395iGU3NOquvyXJKaGpOt8FeR9SFUq5buAWzjcf3qgOiTI2tshHOCC
2020-10-15T02:05:54.487609226Z 414 X7jakYCJumCMvbsfQVZdPHqglybnfdvTmYEocaWTyQF5zFD5JXxbSm4711DD
2020-10-15T02:05:54.498716237Z 415 gcfpV0sjSi1QMgnEl7kHSBhUwtaKAsrrX08oAZs1gQiVPj8Ep5HQr8U9ZosK
2020-10-15T02:05:54.510297582Z 416 zDp2HF4Y8FEE8Esjwa5Jq7Tp94Huq5zXnxAGQuPPhLcc2PV4yDZL7BiONHon
2020-10-15T02:05:54.521975977Z 417 iEzmY2fK4PwYVDwsstIfy1Dybe42mlNXTo9nINCIQNQba4dIX6lXKOf61HSp
2020-10-15T02:05:54.533715537Z 418 SYwvGdzBHrfOG2pXeVmOdfasLZhOpY936P9JtyPAiLEfmg1gzk5JL87OgUlv
2020-10-15T02:05:54.544191647Z 419 WL4HoucU7GZ6b5b3zyWxLNwOidl0CsvD6pbN1ZHeofAZE9SG95dzV9L6H6ra
2020-10-15T02:05:54.555750223Z 420 koyH16b0T4xaJHCWfQppTXXejkcpaNGpkyv1UeS2DyDW7qECS0Ts2row9XNq
2020-10-15T02:05:54.567470908Z 421 4Zie80aHFNmxCDqYs8JZtuWKO2ATIAWHR4yQseG5I5YfkRPE0qtG1sBXc6ww
2020-10-15T02:05:54.578054663Z 422 CyO8NzJes3aZnqHRBixUMKUTDoIvrP5lUkZBk7gDdgshYe6OXnJfZ503M4si
2020-10-15T02:05:54.589456525Z 423 XnbkqsE01R36reSW5VqB8EeVZngKMrCxdtiDyxrBqTMrvpIec9zKKTrljoKu
2020-10-15T02:05:54.600218376Z 424 mx8tHL5ErFVqXGeGjg7HpdjqbStxrkjUnVJR6dxrzjJo4R5Xholvmn6GQr8A
2020-10-15T02:05:54.611868751Z 425 MVYjVl7gY4sGqR3uKaUWpqhoZqAZniPuZJGvveB2ZMS4IfKp3P85cxcQzHXo
2020-10-15T02:05:54.622588594Z 426 BdUgapUycsWxY5q6CBkjzF0n5aL8QAkpwZJdINnX8flmCBElMYZHW1pSKRPn
2020-10-15T02:05:54.633210249Z 427 TrjQwQSNJsngENpolZzsy7dt9Hjfv4spQKMxPXPA0Q7NApqoXIRzUqwLHVdy
2020-10-15T02:05:54.644891777Z 428 vVR7e5Hp5zWtUIHIMQ7v1X1ty7UzYMp7VkGlp0uI8R3Gdyz7TXRZXtkmXzqE
2020-10-15T02:05:54.656747177Z 429 wlSDpDvccTsm74mCsUHTlJdX9wMFgdLdYGXpmULz4O4xfjg0F8lMxtXMqznp
2020-10-15T02:05:54.667752599Z 430 fVwecf7W3QWZTwY5rWR1ixsE10tsHRwhXkmFJSUigzDHNiwvRSLVVaV6XfHb
2020-10-15T02:05:54.677851561Z 431 8D1XRqdQaIxVgne29l1x52o8AQXq0V9bEzWB6skCATn90ked9ymefM2VSi3Y
2020-10-15T02:05:54.689635621Z 432 p7dFDnuobGBSfEKfEDKskT6PbobUPJIuvmmMiC29Yb7zNLBID3KIByneaQ2d
2020-10-15T02:05:54.699717859Z 433 5JJ0WUraaZXu0gGDzQd3fxzjc1Wexxi2v6brhaKfe0TnKd2gbPu2o1FuLOXN
2020-10-15T02:05:54.711081164Z 434 lJC7mqVetIrle7MZwwmBS5CxYDpVbMWzXpiqDyhNuK3BpFWm1NqxJ71YE59E
2020-10-15T02:05:54.722257989Z 435 ini5PINKuWMXRTMxJ2RtcuMRGCXD0uVdF93M3HxtGdjqPqufmcInESwQ1jQl
2020-10-15T02:05:54.733786325Z 436 6BD7IHHtCuxp7QNhXsWL5P6k4o7vipBE0PlLImboe9P9VT3jYDR7PjWvIf4A
2020-10-15T02:05:54.745383669Z 437 hSi3HvmLwlBfuAR8rxe1uVAJEehidhDlPkKk0aX2j3UQoqYF34BD5Q8xksSi
2020-10-15T02:05:54.756807714Z 438 f3oiW6R4K0rBX9Wo41VaYMrtYaJTRQASdKC2lRVdMSudgaqPEP1n2RoD65uW
2020-10-15T02:05:54.768212890Z 439 tvlBwYIibJUzS5zWsgOrDWna7pmZGGFm0GxLfH4CtB50qulIXWrG44EI58rD
2020-10-15T02:05:54.779693901Z 440 R1NkGFE5wmbWEBUSueKBrDkG2wzGtbpJ43Z9SsKok8FRb2Zq5fdTYXLDpx9B
2020-10-15T02:05:54.790088673Z 441 eInI4aAGMYPPkHwAA9SUdzaIEnxXonSDMwyAnSx629bvniNmm09cxxjHz3sz
2020-10-15T02:05:54.801517512Z 442 7vh7qa3AxVlgZPVcQ4GDwHnL5oPbAmtgMaucnyTUgRA8o040ATFJnhkryfSL
2020-10-15T02:05:54.812423066Z 443 wW6Q1bdYpYkwPdCMS8cUlFknltHz3eQ6AgBJBr3oW9WfiKhC9ESwu5XPqd6j
2020-10-15T02:05:54.823186772Z 444 u5aR4D6F4nXjnTGK1zf7Hx3LYw5U0lfkzS4iKtpsmAy1EIDUeINP2HVrt3AC
2020-10-15T02:05:54.834743651Z 445 qLuIt9jTCkiaVQCklIZpYw3j4WOIVZ9frBhX6BhfNej2gMQv3bBDNyLFvgpR
2020-10-15T02:05:54.845690555Z 446 YHDVrrEXzXXIPH9NHjtHZiqXKtFDMRRAIDMGg2YKCk3nEnXcgFkKFBRdup6Q
2020-10-15T02:05:54.856403108Z 447 EjHLkVVmWIbmQGNdHFOkoQJxXGRWRX2kmtOjIgV0Iy2Wf0eYodSegi14FSE0
2020-10-15T02:05:54.867830749Z 448 8kTAcJXdKUzX0hUyAmQCixrNjAuhzMdAGcLDU78YII6hejaHRFKZgpsoHsyM
2020-10-15T02:05:54.879711780Z 449 0Rd1pDW1MZCm327Du4xFA6tFZJSg61o6xAR6Qz4GaAGABptN0epxarm57u0K
2020-10-15T02:05:54.890892032Z 450 DZ1dRutVmPrZzgqWz4W0YG3IWG1DlzQPRXw0sWVxscmX3lpjgku0NCqxTVhh
2020-10-15T02:05:54.901227636Z 451 mMso0oQXKuTzmVhQIZXjOanpOvtGXyCzQaHmW9J5ibpF2cE1xP5fRRTeLPTp
2020-10-15T02:05:54.912115851Z 452 38ev10yrxVV6gYsoJlVAHlcKMm4s02rrgZH5IdKgDQfDk3duX5CNSTju2sZC
2020-10-15T02:05:54.923534083Z 453 gAAt5onS8eQEhu0WWDDQZMSiYcVlMACW5j8Rld6r9saKCuaM2Qc8tV74IT4L
2020-10-15T02:05:54.934727881Z 454 tLMKwRhbnNkaCywWqETV3bAVJJPxbOEI3QgpXYXJPNCoEbgk6kIrGXv4tkw4
2020-10-15T02:05:54.945318398Z 455 DQZdQphCxeg75TgOa3X6gyPlVmX0SiBvUjGMELR7gkn0Y5fwOwp0LAuqSdgB
2020-10-15T02:05:54.956335911Z 456 TPFGQR4ogjOcoJj0uRimDe9FbJ1FY4e8p2eCuGVb7XMDlYTduF4qMLRQxCXc
2020-10-15T02:05:54.967006872Z 457 049L1ktal4XjxDcP6w1tLfEarpuezsTdL6JyOePjwzd5kTjjY0mQugCeUq9r
2020-10-15T02:05:54.978702032Z 458 fi5OQ0Lk7tLDZM2MoqnOZ63I3YUMG9Qtl5TSgG0K2YGPG9ik04oUqmX9hqWf
2020-10-15T02:05:54.989435074Z 459 Wmhuhby2hKsy1LKbhjaNJ54F5wG92bd9JT0DLrLvNXwZmHpbdyDkdycLYILS
2020-10-15T02:05:55.000254263Z 460 oq4m6h3jIFuqKJMAW883JPzmcJcJApDz1QKRCOjUOyqeQjhcXaZCV5a3KSmN
2020-10-15T02:05:55.011141964Z 461 ZUlPOEP3ILPn4S6Q0bPrv8roATiuuI8HPTSkEac2wEar99ENGlcwSKAIE6bG
2020-10-15T02:05:55.022869977Z 462 V7p1mSwiSXnK8FJl3LZQdKUPDuDcbQAhXvWnLNSwhawzF5IsSfJ814nf0xdC
2020-10-15T02:05:55.034150642Z 463 D9zORplathFmu9e96PNJHn5JLg9Jo9esmMWJ3JkgZZ7luVtSZzzXB334dhwT
2020-10-15T02:05:55.045978359Z 464 XjHlTH1GWLwyRKJw6eQTvnE81SG4dCdiyWEXfPAlRatkym8UOid7DOsnuRUE
2020-10-15T02:05:55.057801299Z 465 3ypvmNt4QbmCTfdGM4dcOSrF0m8SM5lkhvj3Fbh01dDI6D5BLBQ7W8DzhMHb
2020-10-15T02:05:55.068653729Z 466 gQU0eZzpmmPzNglrh0EK7uIrO8mPPzwKlWccrTpRVkeZU2ybYrIStQQedu7A
2020-10-15T02:05:55.079395747Z 467 4CQM2BRu5fN6nTxNN3rkcwMBhgjGtDkh4IosccpVdMV8le4iMmDOVdrJOG0U
2020-10-15T02:05:55.090221631Z 468 SxFnfj24EbjJXtCFqZN5gZEryQKu7gDkqxmRCAne4j4jHSGaBpmpBipvleih
2020-10-15T02:05:55.101308115Z 469 7vlcUxKwMd1nqsgHcjyKZvuM6e7Run8N1cKdCrcFoVjFWW4Kg2qnvDvLz8Hy
2020-10-15T02:05:55.111970357Z 470 pbexnWUS1X2yxM4Ie7YChpGwNweOK90LdutAOdNjuS68PCBIs7nEI9WonGuE
2020-10-15T02:05:55.123643831Z 471 KO4p6nUNsJX9n58kqq3lUk23RDWdE8t6VovnJjde69LSvteRkx1efnOLeens
2020-10-15T02:05:55.134563036Z 472 bCV2Z9qvipliX4TwQPRvooZ8f8dWBrNIi27rXWS8QtWwvRW7ud8Mv4Bd46Y5
2020-10-15T02:05:55.145400046Z 473 Bdi53gQCZPi37m0naHKwyGGN8Y5Kj7u2XKVEsaGt3c2VF2FUhgoT5pkrTjwt
2020-10-15T02:05:55.156968520Z 474 xGGrhrld0nW3K89vFGGJlNw7onrES9v73SO1QmTv5XGDnge9P4X7rBR1wpS1
2020-10-15T02:05:55.168112751Z 475 7hgyqmhbs7QxtvRY87kdnBe64tpYH1PAVWrObHeMuj5fL1NLjhKQb9DNoPku
2020-10-15T02:05:55.178897579Z 476 Xm7ZjekIMr9Z1OVjH4NOhVcf0uNCplBu0c8QeQ2xoR2BmScAKCyX3fnmbIa9
2020-10-15T02:05:55.189843753Z 477 XNHs7fQMs6ILWxBE3JwINDg8zJtGvKNtfucV2qNARsXIWqsf9LBdq1o2I0AS
2020-10-15T02:05:55.201617064Z 478 4cHCG86Ny9gXf66JB1V8Y6zUykkG5WvihjLbfhDfx6BOx0vZTwY8u5uv3Z4l
2020-10-15T02:05:55.212121678Z 479 8IraQTAunisZuolgQu7MRQteTiIVZw3vtS5qkwW7k8AlYf8gRdZAbqpR2tY9
2020-10-15T02:05:55.223002138Z 480 UELbVSm5Mw8sm0uUFVoG4ToZlSq6Wszi74mICS1c8sdvgL8PHcPjzAglVvfK
2020-10-15T02:05:55.233685380Z 481 ZPauRbuO6D72R56JgVB4Yral5bwIKZs289E7MZsokaOU8NOcG9CasWFMlro7
2020-10-15T02:05:55.245855057Z 482 TvM2zhUmwWdpjcHTXAWiZABljE9o4MOZUG4y6rvoy7IjYyAojtuU99T8o8bk
2020-10-15T02:05:55.257414047Z 483 PFnhZkISWRHNG7i3UrB93lNgcgfZtIjlQMq7JtKDoaTVVrNPDHCkoIE2iVY5
2020-10-15T02:05:55.268318502Z 484 rk1WyaCClVFSobCXi55YES9JQqDdDk9MJhq6OIWEJ42stwslbfr2jdUtq92G
2020-10-15T02:05:55.279347825Z 485 eJlwYdno1PzVKCwS17UkvM2pVbWvbbLU5N9ua3JLEd9KOlQM1jrOjV72jQDC
2020-10-15T02:05:55.290391628Z 486 NJVAhVAvJRsbbWmzCnNgDkznrO8dF31iVZh5lwzf8BMxXVSFQjP0XU3wezbx
2020-10-15T02:05:55.301294396Z 487 BruLi2AUMN4SHzABCwdGwZhRcVV0fsSAJOZy4xOqTANw4vNNjOFwBW014AIE
2020-10-15T02:05:55.311980433Z 488 L9dUCOSkEUJEOu38CVZwqpZu5dzDTJFygqAH9Kd5tPj9yaejGh6yeyurshBN
2020-10-15T02:05:55.324133855Z 489 vBZMay5kvYaurLTBjuSmpxtjFW1hUdRAzq1BBnjH64qATbC7IUXhhILO7lb2
2020-10-15T02:05:55.336065077Z 490 6OJVa2Gk7CKOMCgsPnFT3Mi2JjCqtjzjUoDEZNBo6Kcbti3JUBQSoHoaV4DX
2020-10-15T02:05:55.347273252Z 491 owI1LHaQnbGoSq6mtp245zWdCmDo03eRg8f5OZ5ZxTPcelvPmzCowGGAznMg
2020-10-15T02:05:55.358896602Z 492 licZbV9d80pu66dG6hVQ8rKMzlllu4EBwdopiwm2jpvwYhbAxAx12ZFKInXX
2020-10-15T02:05:55.370069879Z 493 ugJwpUWBlskxKPIIy3r98BKhmL6mmkpo2EwxN3F5uoWKRhUsUtAI4hIUloj9
2020-10-15T02:05:55.381921539Z 494 tDXjw32IcjjlNyGBtLpUAW1Sq52aZrNbAgElytWpgQJTCt6Rey7TCLfkbZtd
2020-10-15T02:05:55.393842220Z 495 wGZgUba5k2iidDZsJREmxVqctFbfZZsEeWa3XPbG3PgTPMZFE6L6PbKhTtmJ
2020-10-15T02:05:55.404591706Z 496 qRibjnqzxAnzRC3hyU3NEMjuwBfAAj0jetOm8CebTMR9W1OavO2m2c7Otruf
2020-10-15T02:05:55.415952759Z 497 EoxNlm5Mdi1fxrSZFdS1gasjf8vegZKHOqMHcEhc0NbgUVclnE4NwYD3co43
2020-10-15T02:05:55.426586068Z 498 VA4gs26EHrwlPW5jB2O22ukKQT3rzZwp4mlliNHBwCCMUsDRYrgiq4TpVBo4
2020-10-15T02:05:55.437406745Z 499 eSHEob12jbqm8dp3DMdieZtROG2OUcguF5vqfNFQEkCYIMATXWN52WtLctuI
2020-10-15T02:05:55.448009123Z 500 bJdZQPvfyPINL2uOKvDKyQ4NhiPoq2IuPsL2f1CEkZuENPzM2GT955JlFttM
2020-10-15T02:05:55.459864723Z 501 zvN4NA2UGT2NzNehnIlehMo7HFL2nCVBx3njbgqwB9CRSsDNUuUjsRK4m8fg
2020-10-15T02:05:55.471569572Z 502 dkdwMaM401RZRBeMOxYBTP9Z8OUdRfLsD4GEdtE26nSGYd6mbi781CYak0h7
2020-10-15T02:05:55.482143019Z 503 qJpjqp1KKBQLSCbmFVtj5ZdI5LF90pFFZ2qtjrvgpFsdHWFUy5tDgJDAa2vQ
2020-10-15T02:05:55.493768606Z 504 7jgPfWHs8iHyVNb87FkTlHVxgz1yZD42nKsZSH64APcXTB0Y2F74IgF8l8zT
2020-10-15T02:05:55.505240546Z 505 N6xzwD2wZ9StEcgXhiDaij9Edfm7K75kunME6Fz8vXQkYSBdcEZkdHFiJb18
2020-10-15T02:05:55.516945854Z 506 2h8evCfxBwAzWTl4B6ikvMUGq8sWcyNpUVEHHoqVg6FhEmCLY16GBenX5zIm
2020-10-15T02:05:55.528885165Z 507 2mJgjGNWYw7PKzoJrSsrrvX5b6AGsGfkNJWTUUH0OXryKZ13BtuKl7sMA3Al
2020-10-15T02:05:55.540782847Z 508 tAkIEbiEKHCZzXe6xkwT6hjDsyVkUGPsPcY1yDLqKPAPX7gMN1ds95kkIlZD
2020-10-15T02:05:55.551610324Z 509 RTOJGpY6K5dHJGcTSt5mpVqOZMPDdOfkEEZG06T8TslDi6KZu1zfONqg16qy
2020-10-15T02:05:55.562835259Z 510 U5Bl3d9kxfgaP0nHtw8cJSqjHsdd0K6UR2tOlR5U3B1hfvDM2uYnLFkYk5Iu
2020-10-15T02:05:55.574178598Z 511 r42LLmM6TlPzKuoVBn5KyTrxSfSwiqoRoBv8nm7OPOboYGeT77cb5KfFExra
2020-10-15T02:05:55.585059731Z 512 O35MUtayv7i0FsAtLbQFp2G9vYgJld9DCcgZhvA8fbmpX0QiGTo2UJqpBJTc
2020-10-15T02:05:55.596668163Z 513 XNuwuNF3z1vx2rqxh70DooWiHT2niewruqiMwUdHdLzY09pDLfDCbrbNx0Ha
2020-10-15T02:05:55.608345790Z 514 jiaimz5PSQxYMrV2gpNwo49lQIWmaI2ZKIPvUhfVQk1X1s7SNPFaYvoDZBie
2020-10-15T02:05:55.618943608Z 515 7u30r9TpJoASuLWrvQJb5nT3vPrL6kcYhzMlBIrHFGV2O9egxL5I1H2CRwTe
2020-10-15T02:05:55.630533775Z 516 9BcYySaG7OXorp4K0a21sZYhw4eVdZ3stmirIvnv9wHenlHl6nKZogyLrQfa
2020-10-15T02:05:55.641300814Z 517 bl0zKdJDQNR0JCCYw3hMIF1GWWj7RhXuWlkIK7OrOd1kxty9bEooBBysQMkX
2020-10-15T02:05:55.652170306Z 518 niY0LwvYfSqw9e1W04xni5yrpCqu6g1yrzyGElST9XPhCL3n6Qdftubr9yff
2020-10-15T02:05:55.663505980Z 519 Q5rmy0m62hVCQNsDA5DrNVyvscNQ0kocoaxbWTFf1o4muVetk1O98KDlUgzK
2020-10-15T02:05:55.675148268Z 520 fOxiKlgvQKLcvuO4qV9875HvSTXFc2TRrPUDVirFllp94IRldzv6Sp0fkorT
2020-10-15T02:05:55.687282923Z 521 Hzyvp7uQii4UMA9cBld5T6oZcufeb37zdY5KDvbrJZ07b9ESmMlgBLStAP1o
2020-10-15T02:05:55.698633985Z 522 FwPJBvQ3OUx19nIRwQzENQFQQAzY4VkwNdSQDeIKh8x4Bwxx7flBKyqcTdI3
2020-10-15T02:05:55.709114856Z 523 Pxsoe01eTRRvVCC47WHZxFP11BtdLJtiC2ilOMh6ZiJccbpyKHK4OYXiqNuK
2020-10-15T02:05:55.719854802Z 524 iBS5tkMK4wAQW1VsVWCp27P0vfAsiSrw3UuDYR5b2eDksGk8AlSJSVYpTbn6
2020-10-15T02:05:55.731883789Z 525 jQBaQLK9NdttpKD8536fSCWW6VvnqKNSef4LCYj6LeRIL4pG6XrZPbg8Xi3V
2020-10-15T02:05:55.743817542Z 526 dP3arRRbNIvbHuyRGGOAiAwieO6RvvyDLUtqRJGi214JJLYarZ2JQZQrNVTg
2020-10-15T02:05:55.755405656Z 527 964qQdLmoCsM47l8FYICsrCQ9Dejcp5bPvImuSt3Yn2TgacJwUgLpWQH4yTa
2020-10-15T02:05:55.766668737Z 528 iIYR3qBQLH2Z9uz0xboV1DiNeIYvCAe7yq9Z6HNkjgyCEsrRtNfCM7OkiQg2
2020-10-15T02:05:55.777313588Z 529 EvAuztbzxR0uLpCafTbUO02uFuAR0SEBOQcbSVybVa971DzGLUor3ObFm9jH
2020-10-15T02:05:55.788877010Z 530 wSKYTmzIK1S4fGcfEVhVZh8oZOZaC1XhSGyhXrhLKA3V18poA7GGB0RdQn5A
2020-10-15T02:05:55.800647823Z 531 fLtU64QWceOgnyqS5hJjfMGHOzSvLm6dJUoyhYOjqgyPFD538LO6kGyK1Cjx
2020-10-15T02:05:55.811277753Z 532 GaXalOcOyEkie452bPmcd2hSfqroRaO23ZPh2gjLyjEiEdJ3wU3hp5QTKwqK
2020-10-15T02:05:55.822872078Z 533 LSlWDSxsZMrxeZmJzq1gCKmWCUqo1eUn6hVQsWxutnkgefMbTdpBRnHJUBil
2020-10-15T02:05:55.834993097Z 534 7L7bxOAwKvPmcdABA0y1OQQI30lbrcXCrfL93b5CQNacN2ncIv44AhKtqsXI
2020-10-15T02:05:55.846823267Z 535 hiGvesa9Okxvpj47EY5tmg76ypSy94xS1gx2IkUm1DIGesULEQjezBXfSRFb
2020-10-15T02:05:55.857416776Z 536 kCHXHxSf0jYkOmCHQIj8AyajhuJw6PRTHYOTwly51rXboCpIpGiqLINcay0j
2020-10-15T02:05:55.868417427Z 537 lfaEKPOxwikUUNHc1t1lZacCaH3ptrjDKAvqWdlZT38VYliaJDHf83TLkgBF
2020-10-15T02:05:55.879546122Z 538 bvVVBBY5LmssLNYGXH21cRRT0vYFteqAWm1mpuJPd9WiSEUNp9LFHEotS2IN
2020-10-15T02:05:55.890245134Z 539 EyFQGYZrUMm0R7BQF2hc9PrHnRKfPTnT51WUclO9MHEdR5KI4Dxm7QumqB6z
2020-10-15T02:05:55.901038508Z 540 Syic6wGitCGyeuyqacVeamTJ3WoNd2hHP0rT6Yx9gdiSfiMPC5px4afxlLWi
2020-10-15T02:05:55.912686298Z 541 TVclpMW5qCFsienjXCzXbryTseUB9BLFlYZLrAIYGDFjomPBsHxFzUQflNLp
2020-10-15T02:05:55.923532274Z 542 YXnkwdk9UdNa2oqikquyKbi4KyScltgPqOCVTFF1HLpopdSk0OuE6AWsb6W8
2020-10-15T02:05:55.934167604Z 543 jMuOJrDrEHhjpAzscfMnEaEXOheoto0O5oCE2cIbvIlDnAtLx0I3eH3qQMBy
2020-10-15T02:05:55.945310985Z 544 YIquZigrtH7sTO5d9yzQ7UrbZBolIno3dUJbWuGSmrQhRqSX8u1enaqwsaSR
2020-10-15T02:05:55.956744838Z 545 QfDXEb0kmBTCnvffGgD3VqAoBySRhDNqsI2LnbOMPVqIrf2XW7eQ6g1I6Mjm
2020-10-15T02:05:55.968482146Z 546 pWFR5wyizZj07k4vLsuljKRfSw2wMjeocIbYjzRos3UUopmvmtsHM8YK94EK
2020-10-15T02:05:55.979122043Z 547 Tl7IEN7RXpfyNVxIDhFEig9g24nUHQTDCRFTRacUJ5NweNMY5EJECDd9tQve
2020-10-15T02:05:55.990978083Z 548 6g50onhudE3m0lW5NuOoZig8NEh0HS9kzpXeEQQb5UKF4ta65HyY1iMKOD2y
2020-10-15T02:05:56.002892528Z 549 nZzieXkFkEs3d9W8j2eZ2TqyXFuf47tn30iQwtd5mURVfuLXWWNdKu1NnQ3V
2020-10-15T02:05:56.014724355Z 550 vjfW0LbHFQDlSO2uoSMHHvU2vLKzM9dMrxvJfUMY4D3WkOD0m8xRwwSD0KdU
2020-10-15T02:05:56.025421159Z 551 7UXDoWyvMawoGu81bFTQn1Rsz58TVnDU5yN9ryAzIT1XUM3DTrXdivWfhhff
2020-10-15T02:05:56.036017478Z 552 wBXzvqpdnC1rAkb2epfBrCHRXa0ahPUogn8pdAsru4osT8DRShZI7JlpPL1d
2020-10-15T02:05:56.047826003Z 553 dYq2USbEMFIs3csnr2EtsULpDHpVOdGxhoNhAdyi5a8ZOuowR2fDQebxhHre
2020-10-15T02:05:56.058302895Z 554 dhnziJWXg0g8ummSd1HpGoGaiNfhDXoeBJkPPfA9go5v0SGSowiFaXGLPh1P
2020-10-15T02:05:56.069934468Z 555 5stjP4DX7MsBG1Kz70LwQXm98gT8DC5MqjsBg165Pjqv6eEXhQ0Ls6ZDMpOW
2020-10-15T02:05:56.081845926Z 556 O4aBiSyF2Z86fbFh4kwst2ME57yKfnN0uNHPWxuJerBdwCDyXpz1J0SPaYzI
2020-10-15T02:05:56.092095140Z 557 PQbHbEYEzyZWvZqtu907Fl1TfnvDvAoPEiCRAzohuidKmoIXrnPwPT1oi7Ju
2020-10-15T02:05:56.103819324Z 558 P5FpRkZkhG1u7XZUADsEsnTTupkDXywM6FKQTTVbCXFGNcx3csosMhig09Tq
2020-10-15T02:05:56.115771471Z 559 0xWbiRufZgwY5PQdrzeWAKzzWfoVG9ycsP09mI4wnkE2YF7tNJjJdkEiw6PR
2020-10-15T02:05:56.127818140Z 560 8VGmb6k85mBBzvS2SdJbrTcoimJB7SKEVJNA8fvxCFHdaaz3odCqXZSaNWiJ
2020-10-15T02:05:56.139953916Z 561 QRws5rXyoynQhKupe1aGRygzZD8EzHAL6yLmMuUFcuoG0BxYMVXGKDZQSpRI
2020-10-15T02:05:56.151828150Z 562 VT8AzOPiQ03SCQqtehKrnwy4bvvZ7eY2qmM35wZNNRBRJ2g7sjcoeyRUJnxi
2020-10-15T02:05:56.163699768Z 563 Mt9dIEU93lakmDtJty6tNu8gd5oVgarFmylZD2pUwWn1YHZM9WCZ0NRsnqfJ
2020-10-15T02:05:56.175488722Z 564 N8yiyQKu3sjPhPxUmbIMZDw1t4gWp9ZZOxZsRgbn9idPbESU0Jdbv7XKFkFK
2020-10-15T02:05:56.186854777Z 565 7r1jRTom64q4mREb9XaRj0Buhou3H1wKHObE97K0TmS6euYTsxcGvRqEPeoZ
2020-10-15T02:05:56.197696613Z 566 sBpXAxGKM43PY0OrQCf0SpamoHLLRlcP6K3997eTzHDwBFLRTOTTYxr2iQsR
2020-10-15T02:05:56.208827237Z 567 lJvwxjecD8eSRcjTsnqadiLO6uQvUITMKCSknWkdyQoNAgCvysfKLEu9c9ju
2020-10-15T02:05:56.219901950Z 568 sBTJ6LNXM6bPHp0ytN8jvyuKjPKMNbKu1FSqdYP1iAizlzouz8nVLkIcChcp
2020-10-15T02:05:56.231602611Z 569 HGqUbrewoOg9TQt7ec95aMln8O4MFC19Xm0qCDXJbx7IlluJuKqYgPvOwZux
2020-10-15T02:05:56.241951788Z 570 jPcr7tRGlmAwfP9sSTZalGLQqIoYnXX6p1bhQyLcjNSsxwHHhYa7YJzXTVT5
2020-10-15T02:05:56.253669244Z 571 8Uljx7TYoyFvpe895W1qCPJwKqZ1snLNHBMZEXSOGXcNazSx13RjuwnntbXy
2020-10-15T02:05:56.264425481Z 572 xkEH30RGx5GtoWihps4Q92gBnzO1OlJNwfzAWE1lTq77E9nD6qDDnReVtxXB
2020-10-15T02:05:56.275339035Z 573 IwGN9CGzAXwezXjhj0ffdWp3FUP2VuaoTkF5rdAqHU1ZewolOwOKDnwzu2J6
2020-10-15T02:05:56.286736958Z 574 mqZBDZEyidcdlEzX56RKw3MEIUaXpbx6Q4fulE4HRlWBJm7B4LGgwfSC9g5p
2020-10-15T02:05:56.297959611Z 575 Am0uNaxGWs4rhFiWe2rFfolgl6ezXtvtcHH4eUUJVVVvCSwM7XeckJtHIUAQ
2020-10-15T02:05:56.309631790Z 576 NNkmavELTNkqPKPcNwEhxNw3ESNl4RKyn8nJdgb0LRk4IUgi5WFjMU3RScgY
2020-10-15T02:05:56.320229578Z 577 iZa6ZBi54BCDiYHSjiFYYNP4nK4qwkpQvrFpzGiWTWHHEur1OcXsPKeQWCJ2
2020-10-15T02:05:56.332095636Z 578 X1aPfFhMRN2eL0BQdUzKdFC0Uw5nSMAdhtm235D5T3iwpNZjpWofFeE6bxkX
2020-10-15T02:05:56.343853584Z 579 uOegDbCPcxteQlGSLgI47eFoBqXOn2po1WkAN3rLdpqkJAuuQyoBb1aZ42k9
2020-10-15T02:05:56.354056373Z 580 TnXoKhNBEkP5JDqJRwg8jUP8mvtnqOwBKNJMAqZfIV1Zjv1rtJFI24DmYZpz
2020-10-15T02:05:56.365582624Z 581 5eHsfOYef227krB5x56496pH1FlFmaYF6yn1G90zD0rVHfmgdlVs16vZEH3B
2020-10-15T02:05:56.376072869Z 582 Xn0yYcuBWfuDomHMKcVAAR8w8fLIKNu1q12hxFk2XWHALNM8ckQeHK0xPYcZ
2020-10-15T02:05:56.391244539Z 583 PY25TnWPOCKiIZrwqnImxByLKRjKumKsh4fcepEH0LIoi5LJ76AOowC1EVR1
2020-10-15T02:05:56.402630100Z 584 jaJPnfkLb7TQhf5F69ks1OhSikHe9WMrP9HwBMwsixdrRHEVJsGSbJYsuRdk
2020-10-15T02:05:56.413239858Z 585 TygDa1dtzoNpaloN1R5bMRTMIRg96jQHPa7acfp2jD314dYAGiAlAraW6lfe
2020-10-15T02:05:56.424050149Z 586 IxxkntNnyAKcKyMLq18mEwL2qQdVWgBOhQbHwL8wxwEKWxBoQBrxHvz37r6q
2020-10-15T02:05:56.435922646Z 587 4nUzmf9JFHTRKPZxCeJXJZFxzzhjZZQ3FOq49mprapqPuYrRKEydti4Yce38
2020-10-15T02:05:56.447892301Z 588 VBNJOF5DipI0vrwAzwmGIzGfj4igVb0cQks7iU5xYGSvmTXHTMHQn0fcAhiT
2020-10-15T02:05:56.459715534Z 589 EjZiMh3E9CILp92QR4po4pdsL94A44VJ7itmIrTf1Cl9VxEiQLvcwLCS8FTA
2020-10-15T02:05:56.471667250Z 590 RpE5bzyloRLNLnNdc4vK1cAP4tZ9SepBKx0JmZe7BIgY88o7GvpaeJP16VJC
2020-10-15T02:05:56.482160154Z 591 0InwWqzplTJFFMxRAu1Lt0piJoJ5khxJ58zaYl4mj8kthvTjgfGTJg5oGqLO
2020-10-15T02:05:56.493813718Z 592 T6vN7oogjJI450fwawrgdqt26EeGC68wJK4llHdrDVb2CEof99wbkrOGh9jQ
2020-10-15T02:05:56.505489130Z 593 zAJuJTre3oWCNLhaACBUfbf946bKtH0XjCP2CjGQqb9CNXMTqEnzykVVsoTh
2020-10-15T02:05:56.516142056Z 594 tv37fcM9bSKj0rRUXxrvePLfZ260TA1WofFu6R3vqWZKkISXYhP5srcOCKJB
2020-10-15T02:05:56.528008801Z 595 iKypmf5sC2eCRFTH0R9aJA9TD3a2HIy7AKHEuYamkDEgjJQXCNUeNV7lO8Pd
2020-10-15T02:05:56.539895754Z 596 ObilqaZpkzKHWyXr1oPzm4Gq8zETw6QqG9euawczbwvOc9PXqgrRbJM2VvxP
2020-10-15T02:05:56.552104720Z 597 tBg2VivPLvhyWb0Nnm5PJmiKs6LlmE4SzMOqmKuPetpM6rCq18rzROwSzDEO
2020-10-15T02:05:56.563018167Z 598 GlOlEZMCsCYc8Ldeg5zLdJr0O0qFQ0YBKz1UPX49UiOXuhVaU535szluUDMv
2020-10-15T02:05:56.574662071Z 599 c3PRPaIGIBrUiweslXK6KTz6ghIVNF6wQiI1OXKsrq2zh4UaBa83GI9EiSGK
2020-10-15T02:05:56.585118971Z 600 cVmJIvZgUu20OrrHhWRyXFhepb9JWFfKqKleO4N0elO5CYLhRgtZK80yPXR0
2020-10-15T02:05:56.596795532Z 601 yyiwn4jc6uHjwiwKHEmdXPWEHYbMRWEkkrcEjbAddcmwuNJnoSQS9Jxdemtg
2020-10-15T02:05:56.608322203Z 602 KnkYqdV1IOe3JS7VJaBDe0fPxryX9XD0SnyyhAA93iG4jBDImpRojAKIp9o6
2020-10-15T02:05:56.619919727Z 603 amSPZnOcjuKyjCktkdcIArCXQvAFiVxzAMZV55FQVBAOF0AS7XigSuF9DrTm
2020-10-15T02:05:56.631383442Z 604 kDg529q0Idnrxz9eoC7qxUfGzlheqKkJJ7c3L0gB4ET2TeemBtA0oPY5H4NH
2020-10-15T02:05:56.642944729Z 605 mlC1laOQ8kuRpmoYe7FISMANZI5IXSLag0rUkTTv4u22Y6j4TOTLGTV4vmTO
2020-10-15T02:05:56.654595374Z 606 W0E0Tmsjwr6v4pnv9gCIyizIZhBevBuut0naS2Vq52vk5QVoniFdw88qcwG0
2020-10-15T02:05:56.666360714Z 607 3uXq8AOuDjbJb89wxA739bLm95KH5RPskiT9v4kgY2aXsUn7L5NohUd1njaD
2020-10-15T02:05:56.677869737Z 608 8FoShIbO05tRxqCgNySDdo2SEiJSg3bPsHWYE6xEyzGTVVsn71acHsZhJppo
2020-10-15T02:05:56.689159791Z 609 EBoAU6xarzhntRPxhlwUXQG4V1hUAa6Zu0wj9woYjXp6Q6nxMRsDzqnEaRhb
2020-10-15T02:05:56.700504077Z 610 WREbMb5G5UeIj7TS9Pmz86y0u5Pew6ZAbYAYBygf8crgDXsnmHLHp6VkWdBR
2020-10-15T02:05:56.711287991Z 611 JK4YH6c5MbdRZJ1vL1tojM2cAhCn0h94qqhD42M1PURfBngBLuZcrR5xmr22
2020-10-15T02:05:56.722068474Z 612 ihXDWsyrj7uhv9bus2zfUMCjwHHewDuTkt5MEd9iutR4aCelGIY2yZZQQ5hS
2020-10-15T02:05:56.733287632Z 613 wetDh8lM8UDDx6dmvgru87SIkOLalDcIhMthmJDSYMxh47PGbzmXCyKWV5Z1
2020-10-15T02:05:56.743997261Z 614 lUAhF7VXSHJCXT4FhwQjgbfVyMga1XRJvz71gMC9XJbtyUa7uv63LB7I7jk4
2020-10-15T02:05:56.754903452Z 615 5wCbNf75kpw2tv32pbnGGgBRAUSYg42rjRa2gRewtKgP5dvDVf427AMhq7H5
2020-10-15T02:05:56.766541013Z 616 3JMKXMDQNifpBxHCHrrJeuOKi1DHEyiFm2ucVeiB6VPOMfi80fdS7VOWSXIa
2020-10-15T02:05:56.777280322Z 617 dNIKJL3Y6YmlElE9PYh3iepn8ZoscV0z8JkXztkgxzYF1dvn8tOYWkJekZ6i
2020-10-15T02:05:56.788212808Z 618 OJKKBKheN28Pr5cncS00I9tKcvLcWf8MqiCYF2ODetZvvBYIIHplnBMZrBxK
2020-10-15T02:05:56.799383018Z 619 1X2p9TrBCoCmHnY7zYQvxWHEwscBFe9Px7iHPpEura9oSoNbWDZWNmk4gMsQ
2020-10-15T02:05:56.811223911Z 620 lp3Foj5ktEYPfFphxDAxm8VqDEjsZoktkDjwNIGNjFFB5l8vfE6gf2jFymJ3
2020-10-15T02:05:56.822103353Z 621 QBJPu6MpC5P1Ya623vbHrNAMs4xfZLfW35WcAimHL3laxIljQSFaMOd30SJ6
2020-10-15T02:05:56.833825691Z 622 ZJuQ0QdLL7Hdfn9AYmH4O448PsOcDU7PX7isLoWCzQcKFGsKb7VoKosV5JSZ
2020-10-15T02:05:56.845569978Z 623 ZqQ4uKqoDqRQI8wMPJ4qOSgnrjbnwmQJAYvbpVy4y0rW3eSV4l2dsR8r3FEt
2020-10-15T02:05:56.855920090Z 624 NdTyDdCvTbXMLCA5igrgYZVL5cVNIoQOd5GLmZwL7ogrT6KG1SlCEeTVd3P5
2020-10-15T02:05:56.867434764Z 625 NsNkzrSjh8rGKSARJARzEKWfPIF2iToKap1Q1MvTmNEwKWjh6Xc3lmfunN9I
2020-10-15T02:05:56.877993509Z 626 CRn1VjpzYldNPSyGwiKZILjdRfc3jVCyydSvxHJY9aL5I9FSkZb8oG9N9wZi
2020-10-15T02:05:56.889693056Z 627 fcECpp0tcBp4xBjE8NiOJt7BxoNHC4QyzytaMKWERAxhI0zuAToAspMINLTG
2020-10-15T02:05:56.901277367Z 628 uJjHhYuI1Wn55Yz4daAxPyQJl2vg4kryNNZbTOsNjsg9S1mOe8YZEQrVrZ7F
2020-10-15T02:05:56.912323681Z 629 wz1I24u04iotEp9q43hPuhjikO85AbvhrouVnooyCQjzW9cPR4n5GTF4wDul
2020-10-15T02:05:56.923864527Z 630 B9dojI7o0jRXvkmtruwD9NTA0vywR3FYg3q49ML8HgC2HVaCJXq1wcC7A3Fm
2020-10-15T02:05:56.935594032Z 631 3kHE2diAPJZBAXB9RAx6dZt6PewFiZch7YmZh96U5IEuX8CjauKyvpo4EU0u
2020-10-15T02:05:56.945970165Z 632 aTl0KxiDILz8ILR1trZLb9eg9VHQrbe7OmCDFbhVifeSsJq6XDuJGHdlflvr
2020-10-15T02:05:56.957719228Z 633 ajKnybm1wTFdn7BDRlL7xFftqWP7ppBApVqJBVt8FrkXbOXXtRD3g9Nih1bB
2020-10-15T02:05:56.969472361Z 634 23sXcdEBI1fl5zPhVvXI5QYaRWgkZWQR0H29CXr8N15P9Qwx5yI92qjjRQ5n
2020-10-15T02:05:56.980196620Z 635 lde7DJVDOOGbpXyiRIr1OC1e5VtrgJDc7S9FEjkVh0CVzz7CIgt0uj1mKcV8
2020-10-15T02:05:56.991314473Z 636 YV7cdNM1a409bBcr0WeXicvVPh3O3ypdFGVDCeEPk4KHKNfjM8tr3i1aOLiB
2020-10-15T02:05:57.002958954Z 637 kj1hczdFpwacx4g4TFmNHg3Em3JBNrFD0TCLqZvK7SZJhmeviv0kASRmgTnG
2020-10-15T02:05:57.014536504Z 638 BBd2I6BlmKvRCmfW2f5G4niLvALKX6BJMBrgvOL4LSIZQst5raWAUdPsdGfc
2020-10-15T02:05:57.025109613Z 639 IS383erYtzF2I1dkaQw8wCPf6qwxXDEUmIuLOwvMyquedzL2kDk0HFzXy4uM
2020-10-15T02:05:57.036649658Z 640 R3QCV21HmG8oFNrNTUtYrVTwkYpqzBnY0aFAeKqzsYrgXVTIfaEso8EqFHAb
2020-10-15T02:05:57.047376402Z 641 537VzQkhQw3pf6nM3AlKw27VR6QBpuJ1MuipoMT0DpS5WSAMHRpaP6qJxfaO
2020-10-15T02:05:57.058098547Z 642 yMTfiD7VzPnhCYdokLqVMG9daThy0nmH52SraGi0g8aUdkwylVZUjHgQHbWW
2020-10-15T02:05:57.070001828Z 643 sduo2xCxUPTg6BWdQSQC9VpevjHkZ2MqL5Cdwk1uyT1Xl8qDXSCht9f6ZLXe
2020-10-15T02:05:57.081747825Z 644 KoSCOcFtBGR7JrMX4DdwZukrsNWZfZSooYPdP73OKtzPqm98FF8oieEMttMm
2020-10-15T02:05:57.093312732Z 645 blHpkJnGDYykyZTY4CMgpYFHnje4EmO1tDf4s3MtFm8HBmMozxmAEMAIzKEy
2020-10-15T02:05:57.104089200Z 646 qpocn0fJfmyi7cW7iRWhHe77FWVxBQdSZuD4rxuGTpr2PM026vDu6YsUf57t
2020-10-15T02:05:57.115798360Z 647 Z5Z15BAexPaNZWTg99a6htoiWN6XigoJ3GyRGXQ9xTnhCLQnx3GQSfsXAbaN
2020-10-15T02:05:57.126476527Z 648 7oozFi8hW38BkruP9n3L1rCul2msJscy9lNerioJN9h8MNculWet2gm8vlcH
2020-10-15T02:05:57.136927255Z 649 osq2G20LMQUfxYd52pLlteChqbCoVeivSo6zQ12pyCJ1MnXsxWonQQwFCWiU
2020-10-15T02:05:57.148417654Z 650 p6E9nM2QOOWz1HzILI6y10PWjHjSd8ih4L6jCcVxmWJlHePY08fGySVfJ2fJ
2020-10-15T02:05:57.159195716Z 651 hN0Rvn9mGmFZfdPNcpKrnccHkkhzCyNlqOmhNGx89fzTXIgbQi5rWVPh82yX
2020-10-15T02:05:57.170997159Z 652 iKFLxZOUfSz0y2rhMYH8sWXeuq9fNV8vhFbCfZrz6d6PyxCPsTgTIBDBPETE
2020-10-15T02:05:57.182475469Z 653 3G7TefVAALZYncPtMBeFgYnOaMavbS52Rv2IuQK8SGPXrktaNKwcAZzFVTfe
2020-10-15T02:05:57.194559113Z 654 DQQoi2FzkBWnPlSDLFYeej2plRZjtGEC0PjiySXVObBHNtRAziNiXbaUyaVd
2020-10-15T02:05:57.205698589Z 655 N2rbvttAV0xbclr6WHEtXaPOsdDe1YlF2m02Ed7wtooVlr26JKCp8YZ3MLX0
2020-10-15T02:05:57.217139440Z 656 klaGZwbL92TeaO58iNWYjSowZ88pXCYMgWoa5wSyIuPRRVB6AOBVc3oMujYh
2020-10-15T02:05:57.228937933Z 657 YRByHxv2Vkb9GWtGs5jYw6mfHEkYc85TrqBmA0Ow9zxkyQqqdTQxpYOdRXZb
2020-10-15T02:05:57.240442454Z 658 NSJaY1zzAbDybPhU4vCfaJaNGC2xgRzAEk5NKmrhqGgkkcXAKKQnR82Yli17
2020-10-15T02:05:57.251247416Z 659 4O55q7BCnBzl4wNKBK2r6ujBvIGYU8s294r6EJKSoOw83epHrJAcjRwj8LQU
2020-10-15T02:05:57.262922128Z 660 sGJtQxWzhpartsHtn6xDZP3JO8iNBUTzUrDsjKLJ23QFkXpfGxEFkglLuTT8
2020-10-15T02:05:57.273975519Z 661 hFfb51H4x4QFkIRXHmMwXoHvawokrFiFD4IOhbVLB4V5E6KyXDI0MkeLoOFC
2020-10-15T02:05:57.285518794Z 662 8iDI3Zm8j53wgw3dcI5e3uQygNj9FnVzLJ9BYyVvhFnwKYUr024DUzBvsChE
2020-10-15T02:05:57.297018517Z 663 wlMDTF2GKhZjSsNUxr4kIH6LqirwlDSHtMEnJdtAezgrTmABbswzYKe1fiqf
2020-10-15T02:05:57.309095450Z 664 4c7JdEv7VwNkW8UpvxV4ilxJ2gsf6elv8cl27u0flwDJAbVtwogOKq0r4vgO
2020-10-15T02:05:57.320827267Z 665 GIYRpsHG0xkNiL4hrDTFrw6cngTOatmkfmEdoQpT2GVCFe5TqVFsqL1wYPca
2020-10-15T02:05:57.352883645Z 666 OGF7MCDRcFymA0fMhDHwofjgT5wggymD20DM83wveXXpXDDK2DJlCFXTDWDO
2020-10-15T02:05:57.363389200Z 667 aZUDV5GX0ANE9eThLSOSxO4fS30A1F84vUJVsHGDVVNvE7pYnEcOySWYHHgb
2020-10-15T02:05:57.374287234Z 668 fj4WW1ZMxqqqMEb7FtEVLKhz6XIXDDV4ENzpdNBL8nQWKak5k4UzyzuRpboa
2020-10-15T02:05:57.385192721Z 669 NWGXsdkuwwGIGKwvDRsLeRfvKsZ7pkj6EHh4zYEGNBI72oFgutU7VycbZbwn
2020-10-15T02:05:57.396308567Z 670 3XIuqwHOBZFapmpfjATGiBmRPsMgm6RNfT89AUBvyM49Qpr4wCOKToUnNgSK
2020-10-15T02:05:57.407182411Z 671 7bRpsr8K5fhcFoFWVBB5wt0hGKobSjIfVWcCpc63r5ZkGCAhk5fDU4yFi5Ug
2020-10-15T02:05:57.418631352Z 672 h4xNqeOMyyt2P6uJ3Ma3kSvJSZt0F6hT9R7Q8CQp8eByZhkqFBWEUgwxAkJS
2020-10-15T02:05:57.434771633Z 673 yggS1kOrlGOC46L2iUtDQt7jcLufIybwBBftMAcdxt2C8tIQXMG89uRflNJb
2020-10-15T02:05:57.446652173Z 674 4sqYZEYcEG0zB1bWGwPRasReXB32Y2vVtyGpKQTjK1aRfLSGt3Dd6JLEUigf
2020-10-15T02:05:57.457316499Z 675 z9w7AJm7FmzHCzXB9xQCfBQ3lpFZ0pCA3WS4e9JVm1z99Zr6enGCgPxK9jCw
2020-10-15T02:05:57.467981166Z 676 9prTWSftKIj8W128Lwkc2674slgq2opyLsq9DWqoNwpoRIxj1W6kfAkulo8O
2020-10-15T02:05:57.479439748Z 677 FAZQNlFXwXGritpJZjJixi9jUKD6BRv9CLZmdCRNFpZKYscCAztV37uvdtI1
2020-10-15T02:05:57.490295542Z 678 cBR5vo6i5wIGPaFGVqRtrcYdMjAPBMHZEkTWoblBnma6rdFtAG7viKkz3kly
2020-10-15T02:05:57.502370182Z 679 ikz82cXO1nlXQ7VmNeSwY9W9reFXiUhF1THwBfbiGUdUhQ4MbelKRnepG6a0
2020-10-15T02:05:57.512113893Z 680 H5POFkpBzKoPx2gULbX2Na7mYH4GtOyePrFRvVVP41KL7v3jrDsDu5YEFqB2
2020-10-15T02:05:57.523866361Z 681 BFnalADD7FeR6TziOryXcEp4S1wPc8uGSMF6dYI9zOMTsCJgTfmcWW3uz6wm
2020-10-15T02:05:57.535136457Z 682 n0NcI1hPj4saYtDlIR2kci3oe9nhLfl9HLqULYVM3wQFNPYKYBXg28EIZJe8
2020-10-15T02:05:57.547221063Z 683 NvUAJICIKJ5Dq3VsYHNAlNCSufHyY8iLpAguHV0DeDNbunkc34jIOuJ36zmU
2020-10-15T02:05:57.557925418Z 684 mohP4Fj7hGN3ziryZg3L1Bw2z0dfL2NU4nAW0n5B84yIrnWkCvkMNe4yy3gf
2020-10-15T02:05:57.569617566Z 685 R8o1P6SfWpfo9wE0nkJwFjc6WXumKhsOcORzFHcsMArT7bHzL23K3lRbh9zO
2020-10-15T02:05:57.580122895Z 686 1oRMzX9eCzf2mKipEKxUYY8fzkppyxpyMSkotl8SZ77qJhDObMxNpwbBYpdG
2020-10-15T02:05:57.591895505Z 687 ekUmlpB7l9EH0LAIFtRq0ypiSoVeCXa6MOYVFYP5usQNef5EWobrjG3HpryL
2020-10-15T02:05:57.603541517Z 688 PCZlPuLjLbxhvcihXD87itkK3dPmlQg5ftRwJHkxbNW4EUTX6EDwkv8zYvoO
2020-10-15T02:05:57.614186492Z 689 ItQrt52sYHUUyX1X01OAv7dlbZuUfQbn020je4eT0o7uegvT1MsySCbHuCHY
2020-10-15T02:05:57.625600367Z 690 ImUMrBSpTOmD8DndKbBCwnogyitmtJvL5uNtbZ4kvm3yDRhmW2qqF0PTHJuP
2020-10-15T02:05:57.636176377Z 691 PzBhuQQ25pBjn6AcbGSvW7aqYhNJkWCKMHgwcfdZSS6K8T9WhWNpIKdcRx1U
2020-10-15T02:05:57.647771540Z 692 FPUeT8DxhiwdQzpQ4mamJ3BcrklVbaF2xf2Qee3b96OkL1klwptl3n7CrDOG
2020-10-15T02:05:57.659438943Z 693 cEV58LjQmePtcLaR27uAi6ItFWX3ZYG0XXkBGoKUb5d3JY7iDPWOMXX8sbAI
2020-10-15T02:05:57.670015874Z 694 JE5hbafIswWWdZIukW3xDCUfwgaUC94Dr05TsDzS5sJxcjdL2KSi6Q71HvLS
2020-10-15T02:05:57.682032668Z 695 H6bl7c5CMtzj6yEeZ04HrGWCbmeRWopv9gxcDrywCJi69aZ4Pg0RQ8UlWo3w
2020-10-15T02:05:57.693612183Z 696 bITZQkmAtTVUupeVyHbfNmo6l42DzaQJRXa6mEiJJWlllEGQk1VDUzexWqbs
2020-10-15T02:05:57.704678002Z 697 JvR7p2kd9vS2KzXnC3aygrTufoxs9EYIJM6NsjlvIe8UZAlKHxwGvDgwCznY
2020-10-15T02:05:57.715763985Z 698 2au3gJcJtoXECtK4eaHfxXoaanlQ6ve2vFneZQjzJ3FbGdZMBXQ5dPJYYLti
2020-10-15T02:05:57.727232740Z 699 UP2CT1J23tfT64wnk9cdf3xCttu6nKwbcZ2eMvoY77SZ8xnyaoKmEfMVgLu8
2020-10-15T02:05:57.738472749Z 700 If2sikNHGMPE8uqzpp1oBngvoT08qtfLWoxEHn0UpNcSnBfdaYlmeE5Okprn
2020-10-15T02:05:57.748900117Z 701 dtFcF1HZs6fflGDFzh2iG64RTJPt7FZDB3U7GW7kv9LQHzCK14vsik12lBYR
2020-10-15T02:05:57.760619695Z 702 jHqsHNucvzzFihDk3YC7UJb9w9CksEzvcq3CSKAl6ndwr2XfP6OO6hfEBrd8
2020-10-15T02:05:57.771627946Z 703 E4xBjLJvPABXAw71uXsUhdwVUdNjnVhk9omX8dT9AaHrEKC5EwYaElRUaWtl
2020-10-15T02:05:57.782224244Z 704 S3nk4u0f5zQOr1zMK4WtPS4e1ZUc3vt4tomVXt8j6bd8XCLXrOoPURIsPouq
2020-10-15T02:05:57.793077688Z 705 TbCO3CmIQUhavM3gXLdM5PE57jCM2pfk5ao6kDJgganOx2iL1ob4V4KAmS26
2020-10-15T02:05:57.804723360Z 706 ljIP8MelfVbEFxtPOTOtMLvgCWGwmDc03jjiArnwdFmP9P0SvPav619r20O9
2020-10-15T02:05:57.816668946Z 707 xxvv7DVnztqIJjnsKH2b4OY8X9TUQOCnAlrrwXF6XY3UzWKP3zclxOSsYA5I
2020-10-15T02:05:57.827444690Z 708 k98mH6UJcP7wr38YE4InQUrljIB4V3hMDP3aOm6VUQs9ECD7KaNbEeMr1gAa
2020-10-15T02:05:57.838368225Z 709 5GjLZcJbS1CnrwG8F6G4e5DanyVW9da8hRBGnLAwFM62igAExAgWhAtXrxhI
2020-10-15T02:05:57.849121862Z 710 3Icb7Ka4jOOhRK7ldQ9SzD0QFgqbyR97FnleTTKv0vCPIlPjOwVMjfX9Bv4Q
2020-10-15T02:05:57.860039111Z 711 eKx8gAzDVl0QSSiCfC8cE04dB3TBqfFpHlnRSLHwSAgmxjAOHvlI8K0yl9JQ
2020-10-15T02:05:57.871736317Z 712 mffL9am8rLbXHIEKKVQAlIqOCC2pr0ItYLJhf0pMq2LoUoqMcIBZNnJX9eRV
2020-10-15T02:05:57.882262692Z 713 vw8wdP0XvGVofsXGE8IuWxPeu8rPlXSFc1ZCXSWON0ArDofyDkNlQ1mQGg5g
2020-10-15T02:05:57.893015568Z 714 frMlIfH1j2Ynf3yvL0qM5Vc4kok93ZA0xyz0vpJtwZxguPmCMALNOFxEacfz
2020-10-15T02:05:57.904630324Z 715 aReBZfG1o5p5OxuJIxeMmRDaDHpuhMiLa2IhbAX8k2yHP59u4VFCsmUWIz9S
2020-10-15T02:05:57.915159417Z 716 ys4CcESqodVcqZH2qowUw1JQGZ6sOxD6Y4NKIRf2uxUbLI1N78UN2K3I6CtH
2020-10-15T02:05:57.925956071Z 717 1VDLuQI0BZVUI7sebHcFhrOVbYNOFO1965v5Ss4hCXOTOqBxxtJ8TBfWLDPO
2020-10-15T02:05:57.937565232Z 718 mXR50bwD36Kr3moSX6R1K3vRccfWbJWiWvv9Jv76eSUGIreHE2Jw8hWTWAXu
2020-10-15T02:05:57.948521423Z 719 KoWZTsjRobnzkPWkWns87WGIEkIo2MvDrh7UUJQ3VmjmGU1mbKAOAOeGPygl
2020-10-15T02:05:57.959152923Z 720 u7py0p45lr5jLC4Y5wHKhfWUgmgfuVCmNjZU5xLYqAajMX9AvafQFQ8YrjF8
2020-10-15T02:05:57.970886317Z 721 23jiP5z6RagghZQoIPnFTHrRLaS58i7MMYMzhz143nVXb1fznprQbi9XNWCZ
2020-10-15T02:05:57.982600839Z 722 PqxM9gxop7DwLz0o6r7mWSgEm9UxeyR1CzEM2KqoDZsjljKnhkxJGtsC5Twr
2020-10-15T02:05:57.993215200Z 723 FCrZJv14ZTh9owi23vplIKhwXVgBXglKmMT9arZfLhutmiXl5DCAEoNVDvFL
2020-10-15T02:05:58.004136374Z 724 jP7iMenE4PKswd8Fd8pimSEs2KCPDdAESu5BSBvJJYOToL3TvZm97jS3Bguv
2020-10-15T02:05:58.015859696Z 725 Wp5j9tzbl9kyKyyNcFpwbpbgHyAwZcBcLmNs27aDSCm5acjqbdTNkaKib7CR
2020-10-15T02:05:58.027353461Z 726 3bRH7vyhDda7q84UtZnXWXEU4lP2WYzYBWrEnXSmnIWliucihnlu6lf6m84v
2020-10-15T02:05:58.038900496Z 727 myzzn1ARMJrM38RMwueq81cyXmM4GCquICzBSL1AVJ9WTtnUaBeTpAy0Lx7y
2020-10-15T02:05:58.050529166Z 728 Ha5MgdWOu22kTU2N5Oi3E4y8JiSVHpc4jLK0sKHH1MipGMC2nsVxsMmYf8D8
2020-10-15T02:05:58.061627109Z 729 DW0qvopXurJmV2bMpbXFWgBTtyAZvs9qLo66XoGxVAVftPxwfH0WE6571XCS
2020-10-15T02:05:58.072020077Z 730 KwyuMf6o5HqDPtyT9sbxmlkMIUi62sRcNXgdFXkOxmI0KjtgtOBB2UunWFZe
2020-10-15T02:05:58.083823976Z 731 77Bf7RRnFYlOGKbusYslYQNijtqaLqS15sRcMJjUswgi8DkTNN4Ori5CK3cX
2020-10-15T02:05:58.095826510Z 732 16eNfZ1lK7i4CnnGUwfibgcjaXYP7KpT6ojbAGjajWoahn1F21qp6XLm4DG8
2020-10-15T02:05:58.107725877Z 733 dbYtW6ptPTelcY6WYWNw6Xtry4bsfFywTmvdQulidhAKlslg0Y1lbRAJPZ1O
2020-10-15T02:05:58.118523735Z 734 EZzM5HoyDOKz2XiO5ToC5L9e2znEdREvkFJswgG2rgPBBbbyejaeP0grL39V
2020-10-15T02:05:58.129136788Z 735 i685q7Kt1K4HCNsoZLCjIzfQxy5sZWgaf7ayNCudJ4XGNJXeEd6vXFOjmRjh
2020-10-15T02:05:58.139802840Z 736 QlnpcD1kuC6fzAwr6fuZ4FdDG0tFyyCJSJx5dKB8S6JuhHHpzM4fq599Zhwe
2020-10-15T02:05:58.151671573Z 737 ZRpkxjAUTdWH6VppUJLDvSxhxiXmxRgH3ZdYm7gj4bqpOuVwdETxkNRfZPrB
2020-10-15T02:05:58.162424993Z 738 6IzwVKKEbC3Kn64Mj0cjdbGX4Yep3X7vVAwBP8N8Q9dYvq6OGzIf9vLQcoJ6
2020-10-15T02:05:58.173040997Z 739 W6CQqe6ldEYmpCGanPYOlgb1WyoMRp6bwjA5nDnBaBgSKWgWP1bre9nExed8
2020-10-15T02:05:58.184925822Z 740 elPJ0m335QBOALgGi3VYOWaXLEraQQ7ocWfk8506siLn6ULMt4Rw7HcJt5Sr
2020-10-15T02:05:58.196383465Z 741 Qz52VYmRfH8k3LTBDmA2lL0hgSrlc9KxQRLfD513qCZqsQxgqAblwbvBHHuI
2020-10-15T02:05:58.207065338Z 742 HOnStNMMrbJSlqeawCrZAsBLaHLFFdNU5UvjGjwT63Sv3n7Gz7H08aRYhqDF
2020-10-15T02:05:58.218099810Z 743 MhICjAxruMFErnGaXZeNAPbHwIfdzRoJZCOlDGILuRD7duFCXU4MlAnVFuvk
2020-10-15T02:05:58.229554708Z 744 NiSoIUpHlE9xkw4orhKY8Edmm4CPGBmxlQbl9zo5Fj3BGmthxLB8dCfPnpcI
2020-10-15T02:05:58.240497368Z 745 xEU6fPlFj5cGADyjfyvxZaRHzDNZYKRHj8utZDQROYhRPFqLgD3pLBDFmFnT
2020-10-15T02:05:58.251812797Z 746 goYZ8xTu5BF8ad987dpbWsY96WnP0iCLPiRYooiY4L9h4E7sMpW1vinr48mo
2020-10-15T02:05:58.263730950Z 747 bxvPaEwnHYexRkRaVah101KKOpKYCqd0RktinwRWsOG8n90P2MAu9yPxSbuM
2020-10-15T02:05:58.275498895Z 748 YDfqbe4YXfqc7ueJeGxn0SatVhzzotFadVtN7E8fLkJ6LZAj2ngXE7C9XV9C
2020-10-15T02:05:58.286338525Z 749 EMzlDtlVPJCF0wcfIO7WU41d4ypyvDOtIHANQhcOpT8EPD4IRHICkbF4aMuz
2020-10-15T02:05:58.297233274Z 750 JK4cFEO7Bq3ijBnlop3VEonYCnckIK5X4LQdAtgJC6XGS0WBWpJYRN9QTxGd
2020-10-15T02:05:58.308130607Z 751 OqegsvjBnY55R1OWpE9hKEkX1AvmSdM7oAmVw3eAFlt4ANIS3hzfIqh0Ld9F
2020-10-15T02:05:58.319846666Z 752 UbnXcw2ZNsp6Hoyzms3re9MaypVUQsipKyZh6PfHyR9PKDIedPCrnGoE48no
2020-10-15T02:05:58.331665084Z 753 Yw52wf46O9jszEsHU2NLUE4Uvv3QIIMGRC7eikpZopwxCaJrLuF77FolyRB9
2020-10-15T02:05:58.343380059Z 754 vxv55UkHDZPpilq4GUo2gewZszfHme6ulOC74ObnUs00HChN0H8LayjxjcNf
2020-10-15T02:05:58.354283694Z 755 vs3aPaasFGCgkctQfGEagZk06CY93V6V9prcCoFB8Np0eySK8I2AJFR2sXIG
2020-10-15T02:05:58.365062268Z 756 E5uQJVFzFZZmrJv5nLhsw0IwzKIl62Obpv9rrGTmgd93wRiSdSeV6cEAmndt
2020-10-15T02:05:58.376970834Z 757 kCdKbmskrrHe3EKcKeAlpVwV8eMzNbbBw8jLULplgeKmzcKO7qLYjSUojlMq
2020-10-15T02:05:58.388100354Z 758 3BHk2B0GtKAFDkUGyn03mBXYkGGpku1g9vg40biLhGsRRyEuFj6IldCo3ONv
2020-10-15T02:05:58.399059593Z 759 5Ph5OB8ujTIfFpw53m3jdfANdBvZRgWlRfHG835DVgk8omFrpnpJeJcT2WAS
2020-10-15T02:05:58.410559020Z 760 9PiWxjZVfpTGxGTYPwYmc3oEZdlpzO0sQDjBlCHN062czqfuB5csJj7BHWMC
2020-10-15T02:05:58.421184561Z 761 iaoj3ZedaZXWlSsJ9g0w4ec89MQemXH6deWofN1cAa6ExJ1uDkL7eimQSd3t
2020-10-15T02:05:58.432656709Z 762 8bprGe5zfTCLGYkgOHvGKNjDLLKKhlX5ZTvlRf2O6yjjynbVHIEkS5yTEa9z
2020-10-15T02:05:58.443465169Z 763 EnI7rS2Wnz5sdVA9V6DDROPRFkwRF2XbIxmCltyjaBgPwRSpN6hdVOxlREyt
2020-10-15T02:05:58.454345816Z 764 L2LjvTRA4zNzHPBHZbsPAs0o4DOYOYi6kw3UYGP4P3amo7GxIPqp0c12aCbm
2020-10-15T02:05:58.465098845Z 765 wXj3c2QUCPdcCj2wNvhLSVd5jghqEg79bp9Mq13wy2RnycP9Zpeiy1hWlgsR
2020-10-15T02:05:58.476597055Z 766 f6qizInHIMJ1mWembrO5MeO81uGlgG8ToPa87TfM7WxgBr7dohMbp1D2WRIg
2020-10-15T02:05:58.487271640Z 767 zGlIjwiiJH820ayQHvJwFkHEHeiYRYh8zIWua9m6AmZXMCdR0B5yqPEpOfEL
2020-10-15T02:05:58.499014906Z 768 iKLJ5AIaI3hL7wQ3FFguz11BwsT4huLGQxe3R6Qgze7ZAEApqfkgYFBkrXFs
2020-10-15T02:05:58.510917703Z 769 dlcsPuzoK1PpiMykREv2Wu4pcXTrrcyXhbcVVtN2tiatpk7wteSX5jYGrEjv
2020-10-15T02:05:58.522548404Z 770 EqMYYRWpmT9mRNtVeNhCdaRYmi24yU1PiWZ4nqQvdTisBibMRmJB5gvF1ZNZ
2020-10-15T02:05:58.533093008Z 771 lQz3LwXrjPQOaw4v249X6A43bolSccVXlVU2yxPZ1UAw2mWBdcpTTkoLm5pO
2020-10-15T02:05:58.544699803Z 772 f6GVSpisaKnkuqD7iw4gTXCFFCbv15CbF9qsglOoXSzkEKv6O48D8D9Uao2u
2020-10-15T02:05:58.555479428Z 773 Kpv0NglZb7ntheeD4moYhR1nw0lSMTtcwBQR1cqPdTlh7Ykk5rwwJLujx9MT
2020-10-15T02:05:58.567027768Z 774 sVzpVS3nzmi4fG3IVRpf8sTddZMYql9p71FxVgrmfUGD9A0S7ZbMRrPUXe5e
2020-10-15T02:05:58.578888602Z 775 PNuix1YcCrI2kVA9XRgC6jCEZDvJDWH3H5YYL4dEBEZ3drsLVCTri8A30otP
2020-10-15T02:05:58.589564095Z 776 PuLHnX1ZRNCY7yk23YDRJPQxxpXtFbzc4mfuegk55kq0HCxbZ4FQOGqeqbGl
2020-10-15T02:05:58.600102040Z 777 UB6LJyM4ug7Ctnx6JHx3lmAG3h21GZ1NiHKvyNO5xutQAyLquhq56Pv7DNLr
2020-10-15T02:05:58.611865748Z 778 GQ7FjZfUIA3l94K8G4A8ss6di2rRfS9h8UrK09haxStc7ZZ3mKeV6nZJxt8P
2020-10-15T02:05:58.623829244Z 779 BPuFJXAVI2pmS7pD0zJxR1OQhjImStqGMeDyDm6yd1wvHeiHzBnSe6tDm40x
2020-10-15T02:05:58.635662110Z 780 AmbljFdVWYKpciqBx12U0MRNuahNBnut3wlfrkto8m2dPTS0FUvcf8H6lYHx
2020-10-15T02:05:58.646427499Z 781 nplb6njRYGzCDvu4PuxnD2HbizMCLz7S9pDq8hHGYo1atQj2N3AKIZxSmYZy
2020-10-15T02:05:58.657726105Z 782 F7W8BDhB7eiBcTtyobeicd2pBHN2xYMpDVkexFDHvn01lv8apQwB14xSK7Fn
2020-10-15T02:05:58.669197387Z 783 ovGZif0QLJW75Jki3zsmbmZdxzMhfz2ykiFqGh11tB1MrYIlHAXTn7NQSHXq
2020-10-15T02:05:58.680807648Z 784 bD0kt18rETi2kMNcUzQEEmUXACt5h55DBnCZNx11VA9xjBRJdZ70L3uiGkzr
2020-10-15T02:05:58.692420602Z 785 qKItpBfHA5WCkeEPOS1CACaR4pXXzEfi4t2n3XbyryRdaNsRyF7giHQw8MvQ
2020-10-15T02:05:58.703677269Z 786 amQDGn6EMiplIHoN6griq5lmQVLX0JQ34X2tFy6jVa4rxePZI0YAojn8WjT5
2020-10-15T02:05:58.714837849Z 787 9AgENHbG0On28LCwXBcSDr34rBLhWMfRAE32Wfx8uDUwUEPD793alSFPl5NH
2020-10-15T02:05:58.726004975Z 788 khpkOlXH0cegMRzwbkj8YAYQTyvhFCuwoYRZxM5ZaWn4ySjRFCaRrL49P0Q8
2020-10-15T02:05:58.737365786Z 789 saDiTYpKAUA9HY2EGFsEIMiT7Gz5MUpQiFRhmy6ppgs19y0sUKXbzXoIwdMH
2020-10-15T02:05:58.748508120Z 790 knMl6dcDiIzsZRIPMazzjTymlL6SlSRJBpmNKyrfAvYu3xKlB1vGn1qCBmrS
2020-10-15T02:05:58.759977944Z 791 m22MZe5WeUJrcvMGRNzepa6Q8bQZAq9VoJKRVqjlCSowYeveS951Z2i0msPx
2020-10-15T02:05:58.771567920Z 792 sQaEGMbTCE0sHaDS3gklB2OioEbSPIuUE0yDmzdggEV3GZJ6ZridEgo8sNIH
2020-10-15T02:05:58.782417435Z 793 geiB1TZTTBT4Rjs1TwpCpme19Y1kqqpWAJPah8ArEmK9L7S9HOqPCXQYOQ5L
2020-10-15T02:05:58.792971489Z 794 1XxTKo3PwkGStFy8OhokbcjCKdIlwP3s0GPhlWj081SQBW0w0pjDElRC5m5v
2020-10-15T02:05:58.804466306Z 795 nTxf86wdjadDKSdbAHFAbtHsqSr1zvtnWR2MxMaYKFcgVL1xF81OhuW82p3U
2020-10-15T02:05:58.815025158Z 796 ZitEhMD9PUk8Zl5740vZBOXhuuWiHy9uuRfQxrTqnaZMaZ9LZssn0sfObdOp
2020-10-15T02:05:58.826825993Z 797 WbCpYKLMQXFdMZKuOZuzgZ6zFCMnPQSghxpPMW7NqCrodLY8lb8cuXNvz0LR
2020-10-15T02:05:58.838715491Z 798 S0VhcZ83toITmTrWoH0LkfiEqxOiXimihzpD4fiSgb3qDnhudxksrY1ttVBc
2020-10-15T02:05:58.849360297Z 799 5VLp1YLn9lHxg3KzyXU8Z1J3F5xgjDrP4xLyJii6tKMRICSUxEkLk57le3uM
2020-10-15T02:05:58.860020294Z 800 aGM0z9aCAYPrIyvYui2tBeiWEd1FdunvaP1xnMBupozLeF3MoQxDQKK50a68
2020-10-15T02:05:58.871698278Z 801 goFhbMEU8r6HTgHe83TdwOlAZTijmas68GMEAlJ7H5ZfXKaS14pFyXH92pCB
2020-10-15T02:05:58.882392338Z 802 qN3Z1zC3lsseGjYmsbAMocXOkFo3OTDuaYH5vDakCbFdG3gDfMXRy7aJkPG8
2020-10-15T02:05:58.893141097Z 803 xb95CHRm1YbtElyH4l5UVPmxcsqdmJpdN5z23Iiq8wFnMb8bcQtHNPrRnUMh
2020-10-15T02:05:58.905129209Z 804 KuowVuWyaApdVE6iGEdwFChQJtRnny8z69JF5JeGC4N7QKnVx4lxD0Owb3Gs
2020-10-15T02:05:58.916124546Z 805 rpCW98DR5SAPcnfTrw20n2Moa9GLvrmr7HrOBREmENMeOdK2XxtwX9JkdU3N
2020-10-15T02:05:58.927868851Z 806 wVqur6xz9YvvaaILu9MbtctSTvHEiNokpqRhGNkZH8hcSFM1G8aavgJ78PZT
2020-10-15T02:05:58.939527653Z 807 GWSvLt9CQfFT9FC5bAXxjoMMkF3pCdrKvUA3R2wFZJZsDG1iv4ZsSLb2xbv7
2020-10-15T02:05:58.950203126Z 808 tQuj5kRbddxkeh6tRMSGxEj6UtMozlJB6QCBhqWPJ4V9ThVaSVDOyVXE5OMR
2020-10-15T02:05:58.961988908Z 809 qu2X8LlTyqYyXEVPKm99QEVnowOvcWKtDN2BNlHxk1UakedHuxw2BzPzS9xL
2020-10-15T02:05:58.973764259Z 810 D0qgh1juNk7rgtercwxFmRheTEMJB8r4Lij3NuovgSfiAz7GDuShVVB6IkAG
2020-10-15T02:05:58.984678990Z 811 CwNCTOTb08qixiLxxkPhLHSd8r1bRWtPntyWkNzkNk5WNKimPJDIwY9Qe3Nd
2020-10-15T02:05:58.995462144Z 812 8j2Fijo1tHxtazE6fL6BA8kO7FAQuqzeZRwyS6rMFwtM1kQczhkl4moCeP6G
2020-10-15T02:05:59.006979435Z 813 IHR1nx0rhAkja6XryvSpxvKdljuoY9NxIZbdTBC0kpinSvtMXYc6l2yaqePw
2020-10-15T02:05:59.018620242Z 814 i0ZdQAfKkReFFfgzRXmOTQaFdw28SvG14bMH84PX1ip6q8Fn4cxC813VrHzJ
2020-10-15T02:05:59.029141456Z 815 WkPbFqsPDC9WSV2zlhZdCqpgMrouTNbApJYmOKrd731LRLavbiwIb2rb4mCz
2020-10-15T02:05:59.041995800Z 816 EQG1xbtxU7yaS1ebZ0CmleYqSn1SjaPem2C8ywMulVpMbT4AiOaGX4P8mKZF
2020-10-15T02:05:59.053171439Z 817 TMPkQiCTTJMpfZvggyQrFeKwZV9VLTmFIKugHtA4zOammx58n1D7K9yBMhmh
2020-10-15T02:05:59.064842791Z 818 XvoDfmQ85WxFac9caaBtKY2KSDpoOvpmM4BPuGs4gdatwaMyp94QqDkJWmFO
2020-10-15T02:05:59.075307742Z 819 V4lgI0XU4ycTjaY2Xnr0WveQO7DJITUdCtkyC9WfIr6ASPxJCEmN2tRfrV2h
2020-10-15T02:05:59.087089860Z 820 VWJTFN4irhZxeslLEyUkTy2bkhRp3ErLYyqIBoZE63hMg3RFn4mOpqalMAH6
2020-10-15T02:05:59.098835785Z 821 CP57F4gPSkPoRCABzKpi7hp15yVWxdseoX9o6z6Vss36qDCkybsiBMHSfc86
2020-10-15T02:05:59.109519827Z 822 iaqT19ZYjQ9ZnAZRRPiFsgfQtEEMqRTm53yLLC1yScJLzZgVMJUgVNWOZuZ2
2020-10-15T02:05:59.119972437Z 823 V4MSXsVnYUNVedfXk8ZKG2tqTIGknqLhCnwHPXz41DdniuxJhSTyTSU5ksVh
2020-10-15T02:05:59.131334249Z 824 JRC4rikac4waFW3y7tI9ypYBdMgpCFDKiz8EAso0FNikjsET3trYBg1GTBkx
2020-10-15T02:05:59.142242725Z 825 LtNAB4EGkwznHYmidscDjIR5N2PzdhVd6kD4lrEhkmxorisn45mgwke7vnsp
2020-10-15T02:05:59.153570143Z 826 vTHvbLiyqIenA9zhx5u1nr48t9iTYjB7f9XV7s4YomdlFdPrhaS5axb4ZfgX
2020-10-15T02:05:59.164193306Z 827 8Dw34gYxvPFWe7HIrFcfMlyHzCphUW5R6NGmmBFfBletGCGDvFvQS457nNjr
2020-10-15T02:05:59.175731507Z 828 F0SMy0c3Cz7FpviXb4Mn9Nv4UsTpTdrbKJK7Cm193HzkhoywWImrys1n8HBM
2020-10-15T02:05:59.186158172Z 829 WfGVbkT6Og1amxb1dS6vr7G56z4od5ZIKSuFqiCznTNsXbWZOScMIc3rb24d
2020-10-15T02:05:59.197696593Z 830 EdWntxCjI7VRJMaFXTb4Kk9N0Icb9ECGvJyV7ZH8iK91MhSZz7BKua9ayeUb
2020-10-15T02:05:59.208454582Z 831 rrCUPwbVXOUrdSsjIpCp0gI1BvdHq2ICaX7Kh4rH3SYe3Zrq6fIsDf0H1oaN
2020-10-15T02:05:59.219087918Z 832 ZKl7ABl69O18Ci7iCB65ffJhq4l75sN3wF6MGSKXE3gmFG4WhWT3eXVTHZ1U
2020-10-15T02:05:59.230155240Z 833 Soao1sQOfvygALAHqZIsBoJJdqkUtjjKsvZmB3d80BwD4DmBODHvSDJmFHA8
2020-10-15T02:05:59.241199593Z 834 yewsTlYMjLs8BXxe01kI4fVfsgYk4fHskBI6KTBKlnpqqgSKHsvIdVJeCnnH
2020-10-15T02:05:59.252833146Z 835 JHcFMnZlGL6dpjevXODLP6KvCielik0Q2B8wAqqE7qxfWbmUS3i4g34HaGzx
2020-10-15T02:05:59.264287708Z 836 qyLOri7F2zA9RTMyECRHsc6uePCaqDmUPC0TRA9AY4j90XZWBEwUzKaK52U7
2020-10-15T02:05:59.275628727Z 837 bd2lJa7QXecobsvGpJ6iug96BzpivDhRxDIlBCxa5HNufDxAbFmU9aHSiyTP
2020-10-15T02:05:59.285987454Z 838 tJABIYS8Dl9VaHsZXwjG7m5g84RkZAnZ6EV7az21TjDtdZHAb9DSTzGra7P0
2020-10-15T02:05:59.297948184Z 839 rxAs1GFCIjmz4Ii3faGhkSMRmWBL60D2GZjxGK8NyHIULuP7oRx5stdCzlOt
2020-10-15T02:05:59.309696223Z 840 0wBNybxoxzp62YymigAGnQgdSso03OLTz8Lm3dzsLhCi4LYGGl93me7aIaBN
2020-10-15T02:05:59.320159474Z 841 VJHyHif8uNs5OmBQgYehrLxmymXbmSQhVhnFCbsmlIkbKeJ5snDfK8kNPJm7
2020-10-15T02:05:59.331710890Z 842 IVBe8qJArZ2rPdXvvBfP5JAtOGZur60byWd6wBsIjN2xTTZcIKjkZCGz13FF
2020-10-15T02:05:59.342629822Z 843 G9XbZwMg8S1VBdHePgF8aB0cOUNhaGAJZTsmOOd8nuWZUBxZKmGqDWSyjjqr
2020-10-15T02:05:59.353214297Z 844 2C89NEZS6ftQVXenshfez7Hqk9gxkpcGAZV9TomW5YfdJmPNu2yp5m8qRiVl
2020-10-15T02:05:59.365059320Z 845 PcRjMiryRTnbThtwYw8mAaRaAaVoWNO1SQy2oVNDAqNU9QVL0hwh3pYE1xPd
2020-10-15T02:05:59.376168395Z 846 DpQb9L5iuYT930ns2kXOCxCrXCHPaZlea98ehWmVNrJfGJGMzQ8K2kua0Tmw
2020-10-15T02:05:59.387712047Z 847 E9iUG6WYv1LYGyQJru1hMEa7Jn4EmsB0cB1zjZUJdTlOZvo86dMqqNsRhUbB
2020-10-15T02:05:59.398040075Z 848 2PqNNLRHKTAWBtRsS5pzwhhj0cj2M5xi0Z2jvRTGoTCr1N8TJ6Lwp8Cc1SwQ
2020-10-15T02:05:59.409693235Z 849 LOLqLSCEllsxjMx10jDyHVsXUr075ZzYC5ac9oF1chuaTesAJSRC9XIJQiQl
2020-10-15T02:05:59.420404236Z 850 5xZsxHRJ0f4Sbf8DTjjkcMEUleV9L3ceXOJWEqkmPpuTcU6jqmJUmz8D1KYN
2020-10-15T02:05:59.430940509Z 851 GGhLViTXU9ZuxALNX2fYLrafMSO1iN8vMgzEWbLfQtWCAhuYo3ivxAxafOs3
2020-10-15T02:05:59.442604142Z 852 rfxa3uKCFXx5X9ZlthaJM5i5SqNcjZr5R2VpJwpbOgmPJbUJVQYtYiHKHfAp
2020-10-15T02:05:59.453145386Z 853 Q1343qjuEAyYvTS6y0D69nOeitJbSdhmjoWkjFQUtg1xXWFi2mMfyeeeNSth
2020-10-15T02:05:59.464688872Z 854 9NCTXYfQamfmoQEYjquak4cC2punQmXa4XAkzxzieVV1VSAIZEuCyE0bP9ew
2020-10-15T02:05:59.475505351Z 855 00rwUWqYbP3lbmYDb4iXuPD1n6AflmKLQl2eKzjy1a7mMqiYrIp8b6q9rb8i
2020-10-15T02:05:59.486349274Z 856 WWKV9onAH4jSJcrZmJnRO5eQH887M9HNgfrlv0GzsBLr1diWcU9ldaHi6Oup
2020-10-15T02:05:59.497222576Z 857 mkF3IYVFTpodECsxKhuPGAwcoRfjpKu0JLl7ExLJnN5w5fcN2EAR4RXFHjC6
2020-10-15T02:05:59.508110524Z 858 HFyvJvyLc0LNib4R2oKgihSGiKjaMzJ0XJ0MQPzDrTBEPFghHIJgFiEqu3wM
2020-10-15T02:05:59.519614306Z 859 p4lnLJFTO7bnt3QtemeGVVOOJzQa1fHS2a5j4tJJbZZvWEVNT0cdBscMj4oT
2020-10-15T02:05:59.530223048Z 860 vNvo3SWhGf5yIEuYSdtFvWszbdTwzydEjCjJTnDPFPbrxayzK8HjCMfuWEQ0
2020-10-15T02:05:59.542043735Z 861 xgqs4q0YjrpfY6F91yuK5b85EolgPlQYvJmDQWCz0N1wB7SGVyasjVgLBQtR
2020-10-15T02:05:59.553167604Z 862 u2XX62rtxFBwbkt544AjxqwLRlO5MzbhtewEu1Ex4VElGibCMp5Yet0x5ch4
2020-10-15T02:05:59.564656659Z 863 cFMuKENn66XpId6w3W2dGjPBhXd9UsblSYbSpxDf6jJFPj01HrV68afOL816
2020-10-15T02:05:59.576464033Z 864 paHqvcYR9ygH41vbab0gsqBdmQPj30FqaDz7IpvqLeC4JxblJ4Cmqo7tNtQx
2020-10-15T02:05:59.587169065Z 865 tUUIypGPauVtapKA1TaJBnBb0W8PB11wYaWCXSgIl0mlNHahgGtAjV6qO1lF
2020-10-15T02:05:59.599006233Z 866 55Ezvm0uPw1kTNszQqQzeG6o1OMbMXtk8mhoCaZJs1xnEA0pW2iFNxIn5KcL
2020-10-15T02:05:59.610504002Z 867 muVvtaYBpN2VhpFI51tUP7HZoFz92eJ3Hn0ahKUr6lITx3J8Zb7I4xa78upM
2020-10-15T02:05:59.621819308Z 868 U2m8eQDzaTbrhkvd7ew0ilNQOX5crwYGYB5x9LtuKGuOQtBgZAzL2LtwjOy0
2020-10-15T02:05:59.633204802Z 869 OKpZRJAUDD9ld09sLOnQcgk38VqHotBhgx8FNKy6MtdHFlOTXJZxpAvuY7Rg
2020-10-15T02:05:59.644836617Z 870 qYeEFW9N2xvSIkF5cFwRLhInwi5frSlSvumdOHpT7Kh644UCn04v3YSXgILc
2020-10-15T02:05:59.656517110Z 871 fp1rJtgqpJQy2hy7vHkV2pleTLrYo9M4KXtmXVaSI1qucym9Py8t0N88xnSq
2020-10-15T02:05:59.667330872Z 872 pm4BuvDsPoCWaumIJmj4Obe29ik8zuaNzrHtfohIoeOVLNL8wleYp9fv00KW
2020-10-15T02:05:59.678440769Z 873 oJKtYEDz4yn2CBjJp1ZqFbXil5XkTbp1PLU2ndtUMTcBd9WB5yREptXn5bEv
2020-10-15T02:05:59.689207539Z 874 Fp1d41ydRVeBppYklCAoZhSCtFFBNF4nlMDr9m3zb14m2DIO20v2gKTt1pmK
2020-10-15T02:05:59.700813403Z 875 hXuILHLx7Y517CpHMpKJRK64hsHZiIBDLqAzLWqDWfpmAyxEqMeGOOm1fpHZ
2020-10-15T02:05:59.712763811Z 876 OLAw8wR1U5aZbSq8qj0OcX0j0fhGdrO8ws5UKWYf9bLMVZRkYEJEyhL6b6u2
2020-10-15T02:05:59.723984304Z 877 dvCLgdCUkj7jH3ubJ42wtA2KmT8FkEb3ukWb5igGcdl3N3m7RvukJWMMhHAf
2020-10-15T02:05:59.734997987Z 878 dkuycp9R5vt7skPt055KXtaFYU2CDStlKHw2qMMkXx3vWOCjkMJ69uVeJwWz
2020-10-15T02:05:59.745889907Z 879 FzWjiV354c07PqN9NoIpwlcWO871zCljCxLJsT7RRilRiPJpUy9LGCOVQVeC
2020-10-15T02:05:59.758198115Z 880 fmdvnRmeECfzPHCsx4U86Igy9lSafSX6gDuLROxh9Yu8HHpSCqBnK3uKMKrZ
2020-10-15T02:05:59.768880016Z 881 QI6kPW5PWQxyX9lOGMhDpkU4WWSiYQo7IOf5vbsgLh3kiO9xr0FpQhZftoxS
2020-10-15T02:05:59.780603002Z 882 0TFl8HcgMCjjybUUwpTM9dZgSZvdiHgbtRH3fyL4klNGuCtd8pICRSCBbxoH
2020-10-15T02:05:59.791346225Z 883 vWgNt6kE2C0ep5jigGPECCK7maOph6qjnJZOEVFb2rbIMijkMP3JX0V0p2J9
2020-10-15T02:05:59.802160713Z 884 9TLvr3UCeojS5hStgZpenEzPEG8O99AKijytklLAncBWxTXSJeqpjQ5TzCcX
2020-10-15T02:05:59.813980402Z 885 RTTnXTjzjeN1CYLyBMci9p26FbGOrbWwEJNxerl0ce8MN7LAZzQBgTV58hIs
2020-10-15T02:05:59.825742063Z 886 s3YkZTELs3OtnBL3DOu3fv12RtFk6LPg8kr3r61FwqaZz3wwOT0ceXE0UhQw
2020-10-15T02:05:59.837562050Z 887 xPaOaZRdJPtCNsa4sZHr9D58lUr5kYU0rEdXcNDwDY9MTs15dV9w5rjKkXhO
2020-10-15T02:05:59.848381777Z 888 NuAzqNssgXWX7QZxcIXSVbiNnT5edZf8LiSVTag53LqjYzuPSGRdSWsICsXH
2020-10-15T02:05:59.859238460Z 889 L9RJFzbOxSjT7LMgWBwVakSGoFLjFwOO8gTH5tSZO93xQFksCWEwM0283xcr
2020-10-15T02:05:59.870213335Z 890 adjdYA47X8hRKlf2zzzkF3syXGbAKWojdOZjawCvsNEBsm3HQ0W5iRwGa0mD
2020-10-15T02:05:59.881141655Z 891 4vLLVr3lAJqTNpnqPcahJJR84YM3lOjrZ5794gEDyV0BLp8jKN9WaQLJDmRI
2020-10-15T02:05:59.892180813Z 892 mPwdSs1q8u9Bl6Z6NIPKDGwozc2R176chlwJOmyko2xKfA0DAjHW5HrXTV4r
2020-10-15T02:05:59.903036039Z 893 2E8UzYaTRyJHkGaDsYM837ymYcSmfZMBQ2Ed6rtwtlQKRALyp3szfCsH3Xln
2020-10-15T02:05:59.914596773Z 894 zo48NjQrHSoqd1K7l52kwhKupaivkqHO1XoFLBZUY1Pfb0YWzSDwwCxQhZgC
2020-10-15T02:05:59.925193145Z 895 eCb6dV3JaTNUmVyft7dLp86zJkHRhkKwbEOAMo45EVJv7mtNRGF2vdwOPHYM
2020-10-15T02:05:59.936364996Z 896 A13OGkWUm1zQMQ6BqnprqRY4aRVDk89ixbrgxfsqVTLinqV2Fs32a0r4RBiE
2020-10-15T02:05:59.948284636Z 897 pD2YGxPIOVvEpHL5DpfZLMQwOcA4mB1eaffVhUEZNyXoh6VhEJDZOQ1NDydp
2020-10-15T02:05:59.959059874Z 898 W8GWX6k5tBd05eurVbRTN8KO5b42jF2vERiAEmMNRt9HiCV4QWA877TxH4aW
2020-10-15T02:05:59.970830056Z 899 kxRnFlXGxrxSbIzE5G5yCHYIThGBGnPEb5s6SYnCGwattzmP86RhBilICEsC
2020-10-15T02:05:59.982525364Z 900 VowR3D9GXN8wPLYCc0p8pCpfM0bXtclDNTVyl0VT5nKLk4OCNR0zCPLsqlWd
2020-10-15T02:05:59.993266185Z 901 t5bgipnfzExmcomOlvIaBhJELW5M7fu5QlGpSjKEu7GMfIXZfaBd2bcEXbPF
2020-10-15T02:06:00.004485810Z 902 87sPkDUGRBXBn0dhhNiu5uSv7eE5plZSsCOAE9c0SWQ0vCTEQMCeCZVNGu0e
2020-10-15T02:06:00.015162353Z 903 uO6vBjAysimDV5dP4PghwnLYTgGx2Dcspg4EI7aeuqE5PlM5ZZICgS0Siuju
2020-10-15T02:06:00.026776648Z 904 Z7aBFauOBzoyKTzh0QQDfjecRJBbchY6eYnPU9bCLhnZvPpUdSeU2YOy1emP
2020-10-15T02:06:00.038462123Z 905 iwMs8vhLb1iMoVq1Gvm2tdMTkeU0Vn5cgoUAb8acgodGvoE76Uz9hE7MYgV1
2020-10-15T02:06:00.049067078Z 906 OTJNmNDdoZQmICoXEauYxQ3X68XhPvlO0ktPoN0I5J3U9GzGsK00JxDO7qGu
2020-10-15T02:06:00.060869981Z 907 OI6JpYALDnfrIgrFacizZwAH8nlzcYutzXFtiw7H6JikrNChJgqceqhXcarv
2020-10-15T02:06:00.072647692Z 908 uLwrGRRp6MHG7utP85Tth9kfXZqPZpBIw9TYhQ2a4CzPdEFkU71cXjIlgRVE
2020-10-15T02:06:00.083202356Z 909 IM0a9kR2U5uSBPSCak6B4sv1lAr9E6OjEvqybaVnnzrnpcwMDFSdtjwE6UBi
2020-10-15T02:06:00.094221401Z 910 LLwQ4bKgp0BRCmXSwC1gJAKqiEoAd0id8csWQtwF4h8co85Q8Jpl3RAAkYj0
2020-10-15T02:06:00.105077016Z 911 fhXk7JMslNIbOmqZhRRznFvcuagwKmOqwttKj1F4PMQ1xmOUoSvaFzylq5wG
2020-10-15T02:06:00.116069375Z 912 r2dLMVjqsJOnxOpo8XBMsLsM6UqnRnxAhfNJn2yayefxLIYjpLYDhlaakxEG
2020-10-15T02:06:00.127333324Z 913 nkWk4eEwfqj5NA2pJ6vCjBeicDyirhffEtE0Cz3uD67Zx4ca6AOJqrUpdG2x
2020-10-15T02:06:00.138120627Z 914 AtZ9PND12zxlOLRvQRoonfWZD3cKuEg87pPlACpVP9GpBG2DdI8EpphDg0Hd
2020-10-15T02:06:00.149803263Z 915 M4g4cAn0XNgIH3SNt3U3v4kxzpByT3Xomm2s4HW0z9ZddCS3kc6B1gZTReDW
2020-10-15T02:06:00.161537482Z 916 aIVPJkkkZFkU67Wlrw4G7LxuPY3wxcsQVDxm6WrXwaqMZMXej9gu9kmANIM0
2020-10-15T02:06:00.172280647Z 917 09zt2oHXTTKB0WyynXTS1UrEyGnfxYaKcA8fOL7mQptbpNHvFBGLB25PFYss
2020-10-15T02:06:00.184205423Z 918 Edtce6mlTBIyBW7RQzOVknQ8AVLgwuQr8MuV1KVOc7hAjsc9kQVwTjQsp6QL
2020-10-15T02:06:00.195450240Z 919 WKrFB66dbyJ8j1ktVR38mQB0e6ITbV3rGEKNqSAmVvCEQhl4DzdOf0nomDSV
2020-10-15T02:06:00.206529799Z 920 ve4TnUiOo6m1JiODfuqWfz5EVkCoG65CWBo99AiEjQGia8MCQS4jqayzJs1C
2020-10-15T02:06:00.216966520Z 921 3Uekm3q2i49rrin3at1AOrJiKOiDhBXteAbql3qM46OFNlwcsjqFPMnJKImY
2020-10-15T02:06:00.228813996Z 922 yZUJwZk8aS0fx6q8BEwt8xa4mrTSFsIH0C0G5i7X8kh01YfmgRztqYiiFzKA
2020-10-15T02:06:00.240764690Z 923 8nVMpEjeHF5llHov76fitQhXbdaxw00P7tcdVuRXvjvTgjn5Ao2CLcBrqMpN
2020-10-15T02:06:00.252945998Z 924 Pmtde0jluJ80Um2KGH90hpUEgMU7KaUFH8BW8pLqnW9mItOspdvXRUYdmgex
2020-10-15T02:06:00.263846287Z 925 lVsUiMl9yytmbtGvB8DaNxpqiXKOIlahrgyhIr9Zb8Wb0lFM4nlMq1KzZYfl
2020-10-15T02:06:00.275001710Z 926 6z4jPKYE5Ka3Dd1w4u6wl4eqpaxinnEhqMNKnArVIvYDs3QsU1tErf66g81v
2020-10-15T02:06:00.286825379Z 927 bSjO0ByMfH8SymdJMVOiGtq6Amm8y0lC25DNvqhklwVkM8w1AoEAEGs5tGWH
2020-10-15T02:06:00.298588296Z 928 bNjZRRtQBf8M4Gd4Jdqs38C9QeOkgxu5PbolJ0kY2dY6hiBgDvKSTUKpXIFd
2020-10-15T02:06:00.308749677Z 929 qbWlmfTb5mCSWug3ylvyZ1WG7KlUaT79ypX5oG46gJcucZdg1keANlu5UZcM
2020-10-15T02:06:00.320355512Z 930 kjg7GMYQ6SjB7f84Dt9nPRH4qhMap2ZaXpypVsNiKF8vunhYaK7ncE2C6eOa
2020-10-15T02:06:00.331635133Z 931 zfci4DqTy1CypgpPUTXMIhlL2Zad2NND2pDX17XOGGGjJtivQIPcl0Azqtcf
2020-10-15T02:06:00.342264948Z 932 0hOvEQVAdNQt6Sz2yFwdVpPewGBeZ9ep6t3POgQjqVuNNns4woQsCo0EXCYn
2020-10-15T02:06:00.352981309Z 933 sanlCmuJnuSvPfcYfERwHVSU0EWnFZL2waYyJKYyW5tWolDnJipY5IYFxuvb
2020-10-15T02:06:00.364671627Z 934 3VGLhepjKpEoXzjb8qEighJwqXKgNHChCdpIGhO8PJUmLJAjcfzx77VYpJZW
2020-10-15T02:06:00.376174212Z 935 1KqzZLQy862euTxWD4mQ6bj6L2WTMn7iTPI2aRSmXLSTgwi2m4sivYjCCBB3
2020-10-15T02:06:00.387918012Z 936 sVoLdoS8Y1x0V5hXyyitp0CKphR1Ytr8gshM3rghXZAMnc0gyeYarvpnaaOc
2020-10-15T02:06:00.399161570Z 937 Lg5IWM1xoop74xEizN6Wu03KosoSTV6l9P9N7IhPJgke6NvBur8HVa8PZz4C
2020-10-15T02:06:00.410118401Z 938 MN1oNmwl4pQaEdimlqe7WsFydBMJiut0vIB9dao6ozevr5jMSuKBky7ayZP0
2020-10-15T02:06:00.421827078Z 939 llkoxIPVp0Oi3HiUst9lUkSBMOmIfgkiOCRYuGlLZteObUUvAtEC16roTvWj
2020-10-15T02:06:00.433377644Z 940 jxzB1XWe4HW5QXtUw5vCGywXXZ8e8F4hZuotU4mbb3xdNRT3fE70rX5mlikq
2020-10-15T02:06:00.444745721Z 941 rC5efOjNRB07SZK6xBQcERrztrpJYhjqr76Lf6E59gDsck8h0WHoz7pp6Eft
2020-10-15T02:06:00.455885337Z 942 dSEVUXpA4uFZ4xUwZqe6I1uN73pVegY69dS7mGBxq5F7aFve1f9Bu2RLMfNb
2020-10-15T02:06:00.467561487Z 943 axzbtHO3F3XS0bdxII0o5b1XATSZTLZEyzIr7X2drUWqFFwZBd2CLenhyXNp
2020-10-15T02:06:00.478716358Z 944 ObpTOTDnjSA1ery14Avi9f2bh8HDuzXrcugTByRSAB8tMbnAWx2nCWyaF2HG
2020-10-15T02:06:00.490511339Z 945 91CiFf5ObCbDSlpjhM71lsdHHJvfix3Xhx0Nca4sN4QYKZQGS0wCKlUc2y1n
2020-10-15T02:06:00.501357793Z 946 wewpBTlfJ92oQLisr0upAFnmn0LxLfAgYP6W2c38XfqdUqmPCGVaXH1tsEZW
2020-10-15T02:06:00.512496280Z 947 Puuz2ZLjs8URA67Z8kH0sDP7YcY05zsGuR0gfugJetI3BGj5afwsF6wPXW8d
2020-10-15T02:06:00.523417303Z 948 clki7G3Yu6fTMtfoaPZ7gT9MbY7ZwcbvcCJvTxYNQf2sW4IzEhatBtN2PHjU
2020-10-15T02:06:00.535623288Z 949 1ZsUuIDjgKqyPbbWu9ugikF9s4Lgi5Xza2dKqO298PiYQOm5X5E4Kva6coqw
2020-10-15T02:06:00.546019222Z 950 TRt27ZHadzglOvPHx5kABYykvEE81XR6nhb4g4sIr7yiKRLHsKIzwS5n5k5k
2020-10-15T02:06:00.557397305Z 951 fyftchi2MHPZu1Ws36t5Gi6lj0ZbMp78LWdGksIHlM2VjaolU3lXfEeSrVCU
2020-10-15T02:06:00.568172340Z 952 NO8S1IIOheILK1p66zOBaBoflYv7BKJWq6CVkI1crPJFer9nr4bEhdsHyE3b
2020-10-15T02:06:00.580017513Z 953 hp03Ct77esmykiMWuhD8AJByjfZxrgLyX0xOYuiwZdEvuP3KnlcklMKo0Owm
2020-10-15T02:06:00.592164892Z 954 a3EDJgWVijJEWuXNJ1AaY1ulk6BwcLFzGA0rrZL9oA7peqF8AHsquMa6As4Y
2020-10-15T02:06:00.603310771Z 955 ZulakhD5SwCiDol2hzENkItbgdhN79YS4RSQmvn2acw327euOulOjG6NPA1N
2020-10-15T02:06:00.614179728Z 956 f3EYQR5IlcMdQdlV3c8JH12RGgQOaWA5LDvf6WhrAkeGIshgmLikaSat8ao4
2020-10-15T02:06:00.625664574Z 957 m6fut85STorNXlIzfzGaWv8fAjmrM0uMA6AycsCnZFeE9JKV1VKm0cOqXWuc
2020-10-15T02:06:00.637571358Z 958 p89EMDfxC6jbUsRKSLrj4WXuQggAqKI0EjAut9g7YP5fXeCpKGvMuV1CVp6r
2020-10-15T02:06:00.648334375Z 959 6saA9DlMdJtIWlaA4pTRmmIepzRzfS22XlC3MvbYIvKBcB8GlRK0US4rsaS3
2020-10-15T02:06:00.659199305Z 960 YlP6ZjaPHgV3nJVRfrKJqhWZcA51hfd52mr25UtXHKTINCqaHGoHVfT8Vpzr
2020-10-15T02:06:00.670196138Z 961 r8BWxcMCUrmv7EGUI1ypPtRLhDnMGmcAaDSY9KSrMGVZ2J2Us1k1CHXru8IY
2020-10-15T02:06:00.680919822Z 962 z9fXsnajXGyS20aMv2YQ7XStnjae9CM1c1uHBG8RBKA7xX1axHvw4LBNQtOk
2020-10-15T02:06:00.692580462Z 963 WFdKLARl1g7eViYW9qPlBzYRhnDTQyhG9Kqfy5R7UkBTjwEFBYNlNVWdlOP6
2020-10-15T02:06:00.703363539Z 964 L6PEw4vZuedvYS78AUpRo47pGRx2cKCdwWvWvx75hffje6RqUCIkS7fUvEhf
2020-10-15T02:06:00.714106327Z 965 lE2kIUcB7tuCdObHk5mMvkZY8rWutyI2r99Z4Rne3tv8pxlHV5vI0VB3QTt2
2020-10-15T02:06:00.725960552Z 966 1ff2GQ0juDRiPrhFY5SIslJsuf4w9rYYvQhkIwALhKnKpQxBUIw2LnfOUpPI
2020-10-15T02:06:00.738103583Z 967 IA11Snw4Xw0fpKkLIV9DeYfEjZXTA25z84pPfGfZQgTZHg3x79piUMK0Uo2s
2020-10-15T02:06:00.749470681Z 968 sb1rJj0U0IoYHc240TbWANFijFWYKB2MCCjRAOg50e53SHIhrWFE7JDKPtCe
2020-10-15T02:06:00.760130051Z 969 OQ6So0gpuGWwYcDRn6LzkFAOMWZ8lZdkyt17CsXgN08McVewkUJ15S0oVqdG
2020-10-15T02:06:00.771110628Z 970 wof7cP52T1HIVRAM2SuRJ631mYKQ9zMTPVPUPENQetmT3t4zwZuQRn7EZQfk
2020-10-15T02:06:00.781988601Z 971 Sf4f8ShZdhDC11Z4oiVAl4HpW7Mbnh7RZXwOrCvTuyTKRTGSccPTOVz57ywV
2020-10-15T02:06:00.792887077Z 972 8QnItm4JuU2bunpDmyd5Ci00ZxmPmQtZXIu4bN5LlT1FbA05ZPC9uWGfMnl2
2020-10-15T02:06:00.804527629Z 973 TVxG0jDuqvy69LexrE0n16MQemmkNH4QxcQY8YKbA0r1w8V0v8DAXP0xLPG0
2020-10-15T02:06:00.815037727Z 974 wtAsbXfAlANxRLsuyVmOV4DhpeZavEJlZdWLYnIbd9u2sUA0KIpIsVfcBsAS
2020-10-15T02:06:00.826768616Z 975 D4QLTvteysKa2vEKyD7tOcQf0yuDJTn0bSX2NayaxhJik78uRWrSm8lfI9Y8
2020-10-15T02:06:00.838513619Z 976 Krledw6hqZmNxxrHJxi7aTancTG91wLV8GPmUA5YLlpA8ksuWiwkzQP45JAQ
2020-10-15T02:06:00.849501852Z 977 5x5ckKsbZe0zXQtc0RJ5wRX1tN3x343bZ9aG3iF2waaKjt2eqn33M90TOv4Z
2020-10-15T02:06:00.860424182Z 978 BN1j2iZ66pYBH96Tu0kgG90ORNAQ7GlYOtqIu9FaRSfl6Fp3XJ0fcucEmFha
2020-10-15T02:06:00.871200971Z 979 Jk4428fmvaDMjkyXsReWaHK2bFioIjd3mGSOo6rYTrrr0roeBfZPVM3bQjWf
2020-10-15T02:06:00.882905112Z 980 hv3O0sLlQbHp5dPRBl92Sl8tZAYEg2s0xepLsNVPpTxzisxv4uEH8qDbgtvt
2020-10-15T02:06:00.894842849Z 981 8tonsTIixVrzevlZcXe0lbcvpeedUClVElm0oUUOIivoKGilp1UHiRsAcqp7
2020-10-15T02:06:00.905442289Z 982 faeBJh1i7XhoVznfNYEJPyQiVdN2MJOp2HbiruUcYVvdxCkRYh5JHewhmVYa
2020-10-15T02:06:00.916221167Z 983 Tig9bIk4kYfOnXe9nuzEqFGebtlF1DdJhgiXeVl103G90cHfkyw0jxbZBqBr
2020-10-15T02:06:00.927757928Z 984 DRFpofKddXcnilhoKmjtXvxM9Putyeo2YDRZPRnxtkwND3yUy7X7asXvVnEU
2020-10-15T02:06:00.938406932Z 985 ewtI2vA7X4NEFITw2YtTcePhnpQZ6lTVwBcwvC9gAO1FQyQnPEHXG2KCVkDH
2020-10-15T02:06:00.949827692Z 986 PrMJRNHIs2SjXStDNWanHAmCJfD0abZjAjRbVLTAD9Sl30ocLF8SNZbu0N0V
2020-10-15T02:06:00.961601093Z 987 15wKYuHnIAHdYFEmFgFsC80NKgcIgCXyQBMBq5qSblemihwFYQiJhWK8NBsp
2020-10-15T02:06:00.973042352Z 988 SPS8gaxb8ZizuTCP21IyVyScVdlxFStdSffDyfI0jKsYAq90h7k64HYt7YMh
2020-10-15T02:06:00.985017455Z 989 6HWATj3F9kM58COrDjAkp5vOQZpitZs53twZQHQw3EAyYdSBZsaQW3v0IiOm
2020-10-15T02:06:00.996629398Z 990 GsswpRljTe3zlyKMcPNcaKDWvJvqqjdljUILLNlKTvbv1T0RJLx4U6dS7HeD
2020-10-15T02:06:01.006944603Z 991 mVcSa1TxxejVml73p3ao2wvcaF32EJkBSyq72DgRXOpY5X2bcJ2B1mebbhU3
2020-10-15T02:06:01.018525417Z 992 oPBbGzu594dC6k3LW9mfuuc1rgGRPpsTp3GSykocvBllX7GNNlpgTpr5JMTD
2020-10-15T02:06:01.029166994Z 993 wKFJw9He60AWxI3WHWUJwAic5dzeVZ0sFu5EBNlnsvvQy45pw1HZ1EMay3b9
2020-10-15T02:06:01.040893420Z 994 Myi2Qr4ohHJTt7xG04FGHyBgR7FZVVLVzMRsoffQxlskzjNX6C0hXDcNyAgg
2020-10-15T02:06:01.052776332Z 995 H3qe7Mf7RxeWYxkvbktQq9qR02cJq2EtDkKRgsVBIQrOhqg0R43hoZPeOLr3
2020-10-15T02:06:01.063389525Z 996 8kbsPEIXGdNhouZdQmmjJSfxYGtAYpx6s5hAbikpn1MRInCztjtgNy0BbWDO
2020-10-15T02:06:01.073952706Z 997 ycflyBfQBoSdip7DRFtuSQmZYMczfcPUEifeB6NuelNeoAr3PB7oPhPOHuaV
2020-10-15T02:06:01.085711416Z 998 Cneunqxmgkrk9D8Fpln9i9zBCDn9XRo5YMCERFBPZXC9B1FAmNpXcfs1sdPw
2020-10-15T02:06:01.096427853Z 999 UhOYpnP0R8s9bUXAJC7tSuXKmFKuITPTNZerKYz7krMh4aHzjlihqitZVZE5
