2020-10-14T23:39:03.692455891Z  running: (['/opt/scylladb/scripts/scylla_dev_mode_setup', '--developer-mode', '1'],)
2020-10-14T23:39:04.193786547Z  running: (['/opt/scylladb/scripts/scylla_io_setup'],)
2020-10-14T23:39:04.595586118Z  2020-10-14 23:39:04,595 CRIT Supervisor is running as root.  Privileges were not dropped because no user is specified in the config file.  If you intend to run as root, you can set user=root in the config file to avoid this message.
2020-10-14T23:39:04.595629860Z  2020-10-14 23:39:04,595 INFO Included extra file "/etc/supervisord.conf.d/node-exporter.conf" during parsing
2020-10-14T23:39:04.595952416Z  2020-10-14 23:39:04,595 INFO Included extra file "/etc/supervisord.conf.d/rsyslog.conf" during parsing
2020-10-14T23:39:04.595987201Z  2020-10-14 23:39:04,595 INFO Included extra file "/etc/supervisord.conf.d/scylla-housekeeping.conf" during parsing
2020-10-14T23:39:04.596084207Z  2020-10-14 23:39:04,595 INFO Included extra file "/etc/supervisord.conf.d/scylla-jmx.conf" during parsing
2020-10-14T23:39:04.596389722Z  2020-10-14 23:39:04,596 INFO Included extra file "/etc/supervisord.conf.d/scylla-server.conf" during parsing
2020-10-14T23:39:04.596524329Z  2020-10-14 23:39:04,596 INFO Included extra file "/etc/supervisord.conf.d/sshd-server.conf" during parsing
2020-10-14T23:39:04.630761218Z  2020-10-14 23:39:04,630 INFO RPC interface 'supervisor' initialized
2020-10-14T23:39:04.630858079Z  2020-10-14 23:39:04,630 CRIT Server 'inet_http_server' running without any HTTP authentication checking
2020-10-14T23:39:04.631426539Z  2020-10-14 23:39:04,631 INFO supervisord started with pid 25
2020-10-14T23:39:05.634999496Z  2020-10-14 23:39:05,634 INFO spawned: 'scylla' with pid 28
2020-10-14T23:39:05.642883347Z  2020-10-14 23:39:05,637 INFO spawned: 'scylla-housekeeping' with pid 29
2020-10-14T23:39:05.642917995Z  2020-10-14 23:39:05,640 INFO spawned: 'sshd' with pid 30
2020-10-14T23:39:05.646974439Z  2020-10-14 23:39:05,643 INFO spawned: 'scylla-jmx' with pid 31
2020-10-14T23:39:05.647742205Z  2020-10-14 23:39:05,646 INFO spawned: 'rsyslog' with pid 32
2020-10-14T23:39:05.650391018Z  2020-10-14 23:39:05,649 INFO spawned: 'node-exporter' with pid 34
2020-10-14T23:39:05.675968009Z  Generating public/private ed25519 key pair.
2020-10-14T23:39:05.676001980Z  Your identification has been saved in /etc/ssh/ssh_host_ed25519_key.
2020-10-14T23:39:05.676013367Z  Your public key has been saved in /etc/ssh/ssh_host_ed25519_key.pub.
2020-10-14T23:39:05.676023647Z  The key fingerprint is:
2020-10-14T23:39:05.676033429Z  SHA256:8jSEfXIIqMa40Wox139ISk0z4fGQDduEmauC7wSr/Z4 root@1c555cfb63a8
2020-10-14T23:39:05.676043349Z  The key's randomart image is:
2020-10-14T23:39:05.676052810Z  +--[ED25519 256]--+
2020-10-14T23:39:05.676062247Z  |     ..=O.       |
2020-10-14T23:39:05.676071693Z  |    . .%Bo       |
2020-10-14T23:39:05.676081095Z  | + .. +oOoo      |
2020-10-14T23:39:05.676090370Z  |oo=. o = +       |
2020-10-14T23:39:05.676099867Z  | *= . * S        |
2020-10-14T23:39:05.676121735Z  |ooo. o * o       |
2020-10-14T23:39:05.676132147Z  |.....   o        |
2020-10-14T23:39:05.676141272Z  |.... .           |
2020-10-14T23:39:05.676150293Z  |. o+E            |
2020-10-14T23:39:05.676159311Z  +----[SHA256]-----+
2020-10-14T23:39:05.676342193Z  time="2020-10-14T23:39:05Z" level=info msg="Starting node_exporter (version=0.17.0, branch=HEAD, revision=f6f6194a436b9a63d0439abc585c76b19a206b21)" source="node_exporter.go:82"
2020-10-14T23:39:05.676365475Z  time="2020-10-14T23:39:05Z" level=info msg="Build context (go=go1.11.2, user=root@322511e06ced, date=20181130-15:51:33)" source="node_exporter.go:83"
2020-10-14T23:39:05.677420398Z  time="2020-10-14T23:39:05Z" level=info msg="Enabled collectors:" source="node_exporter.go:90"
2020-10-14T23:39:05.677440214Z  time="2020-10-14T23:39:05Z" level=info msg=" - arp" source="node_exporter.go:97"
2020-10-14T23:39:05.677682948Z  time="2020-10-14T23:39:05Z" level=info msg=" - bcache" source="node_exporter.go:97"
2020-10-14T23:39:05.677706163Z  time="2020-10-14T23:39:05Z" level=info msg=" - bonding" source="node_exporter.go:97"
2020-10-14T23:39:05.677717135Z  time="2020-10-14T23:39:05Z" level=info msg=" - conntrack" source="node_exporter.go:97"
2020-10-14T23:39:05.677726852Z  time="2020-10-14T23:39:05Z" level=info msg=" - cpu" source="node_exporter.go:97"
2020-10-14T23:39:05.677736331Z  time="2020-10-14T23:39:05Z" level=info msg=" - diskstats" source="node_exporter.go:97"
2020-10-14T23:39:05.677745558Z  time="2020-10-14T23:39:05Z" level=info msg=" - edac" source="node_exporter.go:97"
2020-10-14T23:39:05.677755164Z  time="2020-10-14T23:39:05Z" level=info msg=" - entropy" source="node_exporter.go:97"
2020-10-14T23:39:05.677764531Z  time="2020-10-14T23:39:05Z" level=info msg=" - filefd" source="node_exporter.go:97"
2020-10-14T23:39:05.677774002Z  time="2020-10-14T23:39:05Z" level=info msg=" - filesystem" source="node_exporter.go:97"
2020-10-14T23:39:05.677783552Z  time="2020-10-14T23:39:05Z" level=info msg=" - hwmon" source="node_exporter.go:97"
2020-10-14T23:39:05.677792981Z  time="2020-10-14T23:39:05Z" level=info msg=" - infiniband" source="node_exporter.go:97"
2020-10-14T23:39:05.677802524Z  time="2020-10-14T23:39:05Z" level=info msg=" - interrupts" source="node_exporter.go:97"
2020-10-14T23:39:05.677916702Z  time="2020-10-14T23:39:05Z" level=info msg=" - ipvs" source="node_exporter.go:97"
2020-10-14T23:39:05.677935566Z  time="2020-10-14T23:39:05Z" level=info msg=" - loadavg" source="node_exporter.go:97"
2020-10-14T23:39:05.677945862Z  time="2020-10-14T23:39:05Z" level=info msg=" - mdadm" source="node_exporter.go:97"
2020-10-14T23:39:05.677972281Z  time="2020-10-14T23:39:05Z" level=info msg=" - meminfo" source="node_exporter.go:97"
2020-10-14T23:39:05.677982121Z  time="2020-10-14T23:39:05Z" level=info msg=" - netclass" source="node_exporter.go:97"
2020-10-14T23:39:05.677992027Z  time="2020-10-14T23:39:05Z" level=info msg=" - netdev" source="node_exporter.go:97"
2020-10-14T23:39:05.678153375Z  time="2020-10-14T23:39:05Z" level=info msg=" - netstat" source="node_exporter.go:97"
2020-10-14T23:39:05.678172870Z  time="2020-10-14T23:39:05Z" level=info msg=" - nfs" source="node_exporter.go:97"
2020-10-14T23:39:05.678183298Z  time="2020-10-14T23:39:05Z" level=info msg=" - nfsd" source="node_exporter.go:97"
2020-10-14T23:39:05.678404793Z  time="2020-10-14T23:39:05Z" level=info msg=" - sockstat" source="node_exporter.go:97"
2020-10-14T23:39:05.678422736Z  time="2020-10-14T23:39:05Z" level=info msg=" - stat" source="node_exporter.go:97"
2020-10-14T23:39:05.678432786Z  time="2020-10-14T23:39:05Z" level=info msg=" - textfile" source="node_exporter.go:97"
2020-10-14T23:39:05.678458254Z  time="2020-10-14T23:39:05Z" level=info msg=" - time" source="node_exporter.go:97"
2020-10-14T23:39:05.678475709Z  time="2020-10-14T23:39:05Z" level=info msg=" - timex" source="node_exporter.go:97"
2020-10-14T23:39:05.678617234Z  time="2020-10-14T23:39:05Z" level=info msg=" - uname" source="node_exporter.go:97"
2020-10-14T23:39:05.678635965Z  time="2020-10-14T23:39:05Z" level=info msg=" - vmstat" source="node_exporter.go:97"
2020-10-14T23:39:05.678646193Z  time="2020-10-14T23:39:05Z" level=info msg=" - xfs" source="node_exporter.go:97"
2020-10-14T23:39:05.678655766Z  time="2020-10-14T23:39:05Z" level=info msg=" - zfs" source="node_exporter.go:97"
2020-10-14T23:39:05.678665150Z  time="2020-10-14T23:39:05Z" level=info msg="Listening on :9100" source="node_exporter.go:111"
2020-10-14T23:39:06.033120275Z  Scylla version 4.1.8-0.20201002.6c43a0dc29 with build-id fec471b0d185de7f191d861ccfc539eff76f31ab starting ...
2020-10-14T23:39:06.033166250Z  command used: "/usr/bin/scylla --log-to-syslog 0 --log-to-stdout 1 --default-log-level info --network-stack posix --developer-mode=1 --overprovisioned --listen-address 10.0.93.3 --rpc-address 10.0.93.3 --seed-provider-parameters seeds=10.0.93.3 --blocked-reactor-notify-ms 999999999"
2020-10-14T23:39:06.033178704Z  parsed command line options: [log-to-syslog: 0, log-to-stdout: 1, default-log-level: info, network-stack: posix, developer-mode: 1, overprovisioned, listen-address: 10.0.93.3, rpc-address: 10.0.93.3, seed-provider-parameters: seeds=10.0.93.3, blocked-reactor-notify-ms: 999999999]
2020-10-14T23:39:06.069665649Z  WARN  2020-10-14 23:39:06,068 [shard 0] seastar - Unable to set SCHED_FIFO scheduling policy for timer thread; latency impact possible. Try adding CAP_SYS_NICE
2020-10-14T23:39:06.106519675Z  INFO  2020-10-14 23:39:06,106 [shard 0] init - installing SIGHUP handler
2020-10-14T23:39:06.112983584Z  INFO  2020-10-14 23:39:06,112 [shard 0] init - Scylla version 4.1.8-0.20201002.6c43a0dc29 with build-id fec471b0d185de7f191d861ccfc539eff76f31ab starting ...
2020-10-14T23:39:06.113033741Z  
2020-10-14T23:39:06.114157031Z  INFO  2020-10-14 23:39:06,113 [shard 0] init - starting prometheus API server
2020-10-14T23:39:06.116288073Z  INFO  2020-10-14 23:39:06,115 [shard 0] init - starting tokens manager
2020-10-14T23:39:06.116620929Z  INFO  2020-10-14 23:39:06,116 [shard 0] init - starting migration manager notifier
2020-10-14T23:39:06.117089770Z  INFO  2020-10-14 23:39:06,116 [shard 0] init - creating tracing
2020-10-14T23:39:06.117836840Z  INFO  2020-10-14 23:39:06,117 [shard 0] init - creating snitch
2020-10-14T23:39:06.119185838Z  INFO  2020-10-14 23:39:06,118 [shard 0] init - determining DNS name
2020-10-14T23:39:06.119223385Z  INFO  2020-10-14 23:39:06,118 [shard 0] init - starting API server
2020-10-14T23:39:06.120513628Z  INFO  2020-10-14 23:39:06,120 [shard 0] init - Scylla API server listening on 127.0.0.1:10000 ...
2020-10-14T23:39:06.121450128Z  INFO  2020-10-14 23:39:06,121 [shard 0] init - initializing storage service
2020-10-14T23:39:06.121972604Z  INFO  2020-10-14 23:39:06,121 [shard 0] init - starting per-shard database core
2020-10-14T23:39:06.128133275Z  WARN  2020-10-14 23:39:06,127 [shard 0] init - I/O Scheduler is not properly configured! This is a non-supported setup, and performance is expected to be unpredictably bad.
2020-10-14T23:39:06.128169542Z   Reason found: none of --max-io-requests, --io-properties and --io-properties-file are set.
2020-10-14T23:39:06.128182038Z  To properly configure the I/O Scheduler, run the scylla_io_setup utility shipped with Scylla.
2020-10-14T23:39:06.128191999Z  
2020-10-14T23:39:06.128531747Z  INFO  2020-10-14 23:39:06,128 [shard 0] init - creating and verifying directories
2020-10-14T23:39:06.422907006Z  Connecting to http://localhost:10000
2020-10-14T23:39:06.422955129Z  Starting the JMX server
2020-10-14T23:39:06.462164166Z  INFO  2020-10-14 23:39:06,460 [shard 0] database - Populating Keyspace system_schema
2020-10-14T23:39:06.462207651Z  INFO  2020-10-14 23:39:06,460 [shard 0] database - Keyspace system_schema: Reading CF computed_columns id=cc7c7069-3740-33c1-92a4-c3de78dbd2c4 version=2b8c4439-de76-31e0-807f-3b7290a975d7
2020-10-14T23:39:06.462219472Z  INFO  2020-10-14 23:39:06,460 [shard 0] database - Keyspace system_schema: Reading CF view_virtual_columns id=08843b63-45dc-3be2-9798-a0418295cfaa version=c777531c-15f7-326f-8ebe-39fd0265c8c9
2020-10-14T23:39:06.462230267Z  INFO  2020-10-14 23:39:06,460 [shard 0] database - Keyspace system_schema: Reading CF dropped_columns id=5e7583b5-f3f4-3af1-9a39-b7e1d6f5f11f version=7426bc6c-4c2f-3200-8ad8-4329610ed59a
2020-10-14T23:39:06.462240713Z  INFO  2020-10-14 23:39:06,460 [shard 0] database - Keyspace system_schema: Reading CF indexes id=0feb57ac-311f-382f-ba6d-9024d305702f version=99c40462-8687-304e-abe3-2bdbef1f25aa
2020-10-14T23:39:06.462251089Z  INFO  2020-10-14 23:39:06,460 [shard 0] database - Keyspace system_schema: Reading CF functions id=96489b79-80be-3e14-a701-66a0b9159450 version=329ed804-55b3-3eee-ad61-d85317b96097
2020-10-14T23:39:06.462261658Z  INFO  2020-10-14 23:39:06,460 [shard 0] database - Keyspace system_schema: Reading CF columns id=24101c25-a2ae-3af7-87c1-b40ee1aca33f version=d33236d4-9bdd-3c09-abf0-a0bc5edc2526
2020-10-14T23:39:06.462272050Z  INFO  2020-10-14 23:39:06,460 [shard 0] database - Keyspace system_schema: Reading CF scylla_tables id=5d912ff1-f759-3665-b2c8-8042ab5103dd version=38e5e56b-155d-39b5-a0d2-8e5dcad42a26
2020-10-14T23:39:06.462282634Z  INFO  2020-10-14 23:39:06,460 [shard 0] database - Keyspace system_schema: Reading CF tables id=afddfb9d-bc1e-3068-8056-eed6c302ba09 version=b6240810-eeb7-36d5-9411-43b2d68dddab
2020-10-14T23:39:06.462308794Z  INFO  2020-10-14 23:39:06,461 [shard 0] database - Keyspace system_schema: Reading CF keyspaces id=abac5682-dea6-31c5-b535-b3d6cffd0fb6 version=e79ca8ba-6556-3f7d-925a-7f20cf57938c
2020-10-14T23:39:06.462320416Z  INFO  2020-10-14 23:39:06,461 [shard 0] database - Keyspace system_schema: Reading CF triggers id=4df70b66-6b05-3251-95a1-32b54005fd48 version=582d7071-1ef0-37c8-adc6-471a13636139
2020-10-14T23:39:06.462332445Z  INFO  2020-10-14 23:39:06,461 [shard 0] database - Keyspace system_schema: Reading CF views id=9786ac1c-dd58-3201-a7cd-ad556410c985 version=5b58bb47-96e7-3f57-accf-0bfca4dbbc6e
2020-10-14T23:39:06.462343129Z  INFO  2020-10-14 23:39:06,461 [shard 0] database - Keyspace system_schema: Reading CF types id=5a8b1ca8-6602-3f77-a045-9273d308917a version=de51b2ce-5e4d-3b7d-a75f-2204332ce8d1
2020-10-14T23:39:06.462353325Z  INFO  2020-10-14 23:39:06,461 [shard 0] database - Keyspace system_schema: Reading CF aggregates id=924c5587-2e3a-345b-b10c-12f37c1ba895 version=4b53e92c-0368-3d5c-b959-2ec1bfd1a59f
2020-10-14T23:39:06.981277518Z  JMX is enabled to receive remote connections on port: 71992020-10-14 23:39:06,981 INFO success: scylla entered RUNNING state, process has stayed up for > than 1 seconds (startsecs)
2020-10-14T23:39:06.981414377Z  2020-10-14 23:39:06,981 INFO success: scylla-housekeeping entered RUNNING state, process has stayed up for > than 1 seconds (startsecs)
2020-10-14T23:39:06.981522454Z  2020-10-14 23:39:06,981 INFO success: sshd entered RUNNING state, process has stayed up for > than 1 seconds (startsecs)
2020-10-14T23:39:06.981645007Z  2020-10-14 23:39:06,981 INFO success: scylla-jmx entered RUNNING state, process has stayed up for > than 1 seconds (startsecs)
2020-10-14T23:39:06.981775377Z  2020-10-14 23:39:06,981 INFO success: rsyslog entered RUNNING state, process has stayed up for > than 1 seconds (startsecs)
2020-10-14T23:39:06.981816845Z  2020-10-14 23:39:06,981 INFO success: node-exporter entered RUNNING state, process has stayed up for > than 1 seconds (startsecs)
2020-10-14T23:39:06.982194357Z  
2020-10-14T23:39:07.361486918Z  Generating public/private rsa key pair.
2020-10-14T23:39:07.361517298Z  Your identification has been saved in /etc/ssh/ssh_host_rsa_key.
2020-10-14T23:39:07.361528225Z  Your public key has been saved in /etc/ssh/ssh_host_rsa_key.pub.
2020-10-14T23:39:07.361537701Z  The key fingerprint is:
2020-10-14T23:39:07.361546847Z  SHA256:TDpw+8UQO5hDVP3JfDNDmrunSejrJ55cu4xBdYpIPIk root@1c555cfb63a8
2020-10-14T23:39:07.361556124Z  The key's randomart image is:
2020-10-14T23:39:07.361565012Z  +---[RSA 4096]----+
2020-10-14T23:39:07.361573740Z  |     .o.o.       |
2020-10-14T23:39:07.361582770Z  |     . = +.   .  |
2020-10-14T23:39:07.361591879Z  |    . E X  +.=.  |
2020-10-14T23:39:07.361600848Z  |     o B * oBo=  |
2020-10-14T23:39:07.361609594Z  |      + S = .o + |
2020-10-14T23:39:07.361678447Z  |       o o ..    |
2020-10-14T23:39:07.361700536Z  |        . o o.   |
2020-10-14T23:39:07.361710480Z  |         o.Boo.  |
2020-10-14T23:39:07.361719216Z  |         oO+*+   |
2020-10-14T23:39:07.361727982Z  +----[SHA256]-----+
2020-10-14T23:39:07.377852673Z  Could not load host key: /etc/ssh/ssh_host_ecdsa_key
2020-10-14T23:39:11.314394428Z  Traceback (most recent call last):
2020-10-14T23:39:11.314442468Z    File "/opt/scylladb/scripts/libexec/scylla-housekeeping", line 208, in <module>
2020-10-14T23:39:11.314455803Z      args.func(args)
2020-10-14T23:39:11.314466215Z    File "/opt/scylladb/scripts/libexec/scylla-housekeeping", line 134, in check_version
2020-10-14T23:39:11.314477032Z      current_version = sanitize_version(get_api('/storage_service/scylla_release_version'))
2020-10-14T23:39:11.314487548Z    File "/opt/scylladb/scripts/libexec/scylla-housekeeping", line 93, in get_api
2020-10-14T23:39:11.314498266Z      return get_json_from_url("http://" + api_address + path)
2020-10-14T23:39:11.314508889Z    File "/opt/scylladb/scripts/libexec/scylla-housekeeping", line 88, in get_json_from_url
2020-10-14T23:39:11.314519458Z      raise RuntimeError(f'Failed to get "{path}" due to the following error: {retval}')
2020-10-14T23:39:11.314530200Z  RuntimeError: Failed to get "http://localhost:10000/storage_service/scylla_release_version" due to the following error: HTTP Error 404: Not Found
2020-10-14T23:39:12.510724292Z  INFO  2020-10-14 23:39:12,510 [shard 0] database - Populating Keyspace system
2020-10-14T23:39:12.510752264Z  INFO  2020-10-14 23:39:12,510 [shard 0] database - Keyspace system: Reading CF schema_aggregates id=a5fc57fc-9d6c-3bfd-a3fc-01ad54686fea version=d06c934f-9a69-374c-86f1-523ab26fb05c
2020-10-14T23:39:12.510765157Z  INFO  2020-10-14 23:39:12,510 [shard 0] database - Keyspace system: Reading CF schema_triggers id=0359bc71-7123-3ee1-9a4a-b9dfb11fc125 version=75e4ec4c-76da-3f59-984e-66810ba0c62b
2020-10-14T23:39:12.511161191Z  INFO  2020-10-14 23:39:12,510 [shard 0] database - Keyspace system: Reading CF compaction_history id=b4dbb7b4-dc49-3fb5-b3bf-ce6e434832ca version=25cae56a-8d75-39f3-a146-3756ab4981c7
2020-10-14T23:39:12.511202291Z  INFO  2020-10-14 23:39:12,510 [shard 0] database - Keyspace system: Reading CF compactions_in_progress id=55080ab0-5d9c-3886-90a4-acb25fe1f77b version=540263f1-40db-3869-8a38-3baadedc222d
2020-10-14T23:39:12.511215344Z  INFO  2020-10-14 23:39:12,510 [shard 0] database - Keyspace system: Reading CF range_xfers id=55d76438-4e55-3f8b-9f6e-676d4af3976d version=dd15a078-409b-350d-9bef-c5f3520832d8
2020-10-14T23:39:12.511227508Z  INFO  2020-10-14 23:39:12,510 [shard 0] database - Keyspace system: Reading CF scylla_views_builds_in_progress id=a04c7bfd-1e13-36c9-a44d-f22da352281d version=e3fb736c-6956-3990-a31d-9a482279e3fc
2020-10-14T23:39:12.511239020Z  INFO  2020-10-14 23:39:12,510 [shard 0] database - Keyspace system: Reading CF IndexInfo id=9f5c6374-d485-3229-9a0a-5094af9ad1e3 version=bbb3743b-351f-3023-b4fc-09a9be37d529
2020-10-14T23:39:12.511250236Z  INFO  2020-10-14 23:39:12,510 [shard 0] database - Keyspace system: Reading CF cdc_local id=0bcaffd4-0c83-3ead-ad13-dc1d5015b77c version=0aa4d3a2-ed95-3ecd-aba0-cd75622ad290
2020-10-14T23:39:12.511277965Z  INFO  2020-10-14 23:39:12,510 [shard 0] database - Keyspace system: Reading CF schema_columnfamilies id=45f5b360-24bc-3f83-a363-1034ea4fa697 version=7f7a5fea-07b7-304d-a6f8-f7aec72cabdb
2020-10-14T23:39:12.511290154Z  INFO  2020-10-14 23:39:12,510 [shard 0] database - Keyspace system: Reading CF batchlog id=0290003c-977e-397c-ac3e-fdfdc01d626b version=e2a2e804-49e4-3597-9f16-39fd9475835c
2020-10-14T23:39:12.511300597Z  INFO  2020-10-14 23:39:12,510 [shard 0] database - Keyspace system: Reading CF schema_functions id=d1b675fe-2b50-3ca4-8e49-c0f81989dcad version=a50959dd-2be0-3e4e-8bb5-cf40796e256a
2020-10-14T23:39:12.511311000Z  INFO  2020-10-14 23:39:12,510 [shard 0] database - Keyspace system: Reading CF peer_events id=59dfeaea-8db2-3341-91ef-109974d81484 version=7f874a05-72b8-3c21-9acb-baa164fc351a
2020-10-14T23:39:12.511321640Z  INFO  2020-10-14 23:39:12,510 [shard 0] database - Keyspace system: Reading CF local id=7ad54392-bcdd-35a6-8417-4e047860b377 version=7fa82c2e-5b67-37dd-8e5e-2079e18f1536
2020-10-14T23:39:12.511333390Z  INFO  2020-10-14 23:39:12,510 [shard 0] database - Keyspace system: Reading CF clients id=ca0f635d-8630-3609-8d93-a1fc06f2a5e5 version=51273ebf-e6f9-3cd5-b455-ea09ad29796f
2020-10-14T23:39:12.511785753Z  INFO  2020-10-14 23:39:12,510 [shard 0] database - Keyspace system: Reading CF size_estimates id=618f817b-005f-3678-b8a4-53f3930b8e86 version=6d4dbcff-f05b-3dc3-95ad-f79f7b10504d
2020-10-14T23:39:12.511805908Z  INFO  2020-10-14 23:39:12,510 [shard 0] database - Keyspace system: Reading CF large_partitions id=8a7fe624-96b0-34b1-b90e-f71bddcdd2d3 version=04fa9920-9369-3a96-be39-6dd9fdc816b6
2020-10-14T23:39:12.511816896Z  INFO  2020-10-14 23:39:12,510 [shard 0] database - Keyspace system: Reading CF schema_columns id=296e9c04-9bec-3085-827d-c17d3df2122a version=53cfbb66-ee0d-37be-97bb-b2afb3746f85
2020-10-14T23:39:12.511827420Z  INFO  2020-10-14 23:39:12,510 [shard 0] database - Keyspace system: Reading CF built_views id=4b3c50a9-ea87-3d76-9101-6dbc9c38494a version=a28aa0b3-6def-30a7-9fbe-ce78b3f3c9b9
2020-10-14T23:39:12.511837924Z  INFO  2020-10-14 23:39:12,511 [shard 0] database - Keyspace system: Reading CF peers id=37f71aca-7dc2-383b-a706-72528af04d4f version=f6f6871f-8c86-3eca-ac0b-2a2e848e395d
2020-10-14T23:39:12.511847941Z  INFO  2020-10-14 23:39:12,511 [shard 0] database - Keyspace system: Reading CF hints id=2666e205-73ef-38b3-90fe-fecf96e8f0c7 version=0b74fdd1-e96d-309e-a14e-a5bcd7ac885d
2020-10-14T23:39:12.511858350Z  INFO  2020-10-14 23:39:12,511 [shard 0] database - Keyspace system: Reading CF large_rows id=40550f66-0858-39a0-9430-f27fc08034e9 version=aee3acb0-7926-317b-848e-db7bc3721695
2020-10-14T23:39:12.511868914Z  INFO  2020-10-14 23:39:12,511 [shard 0] database - Keyspace system: Reading CF large_cells id=ead8bbc5-f146-3ae1-9f71-0b11f9a1d296 version=0d4a6937-a781-3f87-a192-b4e4a4a40acf
2020-10-14T23:39:12.511879156Z  INFO  2020-10-14 23:39:12,511 [shard 0] database - Keyspace system: Reading CF scylla_local id=2972ec7f-fb20-38dd-aac1-d876f2e3fcbd version=5f0b407d-eedf-3845-a48e-dbb9673d10e1
2020-10-14T23:39:12.511889551Z  INFO  2020-10-14 23:39:12,511 [shard 0] database - Keyspace system: Reading CF views_builds_in_progress id=b7f2c108-78cd-3c80-9cd5-d609b2bd149c version=b905cce5-1474-3085-819a-7592453e2fb9
2020-10-14T23:39:12.511900111Z  INFO  2020-10-14 23:39:12,511 [shard 0] database - Keyspace system: Reading CF schema_usertypes id=3aa75225-4f82-350b-8d5c-430fa221fa0a version=3c53e6bb-56d5-3618-a0b2-4ff5f18127d7
2020-10-14T23:39:12.511923208Z  INFO  2020-10-14 23:39:12,511 [shard 0] database - Keyspace system: Reading CF sstable_activity id=5a1ff267-ace0-3f12-8563-cfae6103c65e version=bdec57a3-b234-334b-be9c-7b1f33113995
2020-10-14T23:39:12.511935717Z  INFO  2020-10-14 23:39:12,511 [shard 0] database - Keyspace system: Reading CF truncated id=38c19fd0-fb86-3310-a4b7-0d0cc66628aa version=6da9a85c-7ae0-3917-aead-54a2f65a57a8
2020-10-14T23:39:12.511946140Z  INFO  2020-10-14 23:39:12,511 [shard 0] database - Keyspace system: Reading CF paxos id=b7b7f0c2-fd0a-3410-8c05-3ef614bb7c2d version=6dd372de-72fb-3e1b-9b8c-f97738a67fe9
2020-10-14T23:39:12.511956566Z  INFO  2020-10-14 23:39:12,511 [shard 0] database - Keyspace system: Reading CF schema_keyspaces id=b0f22357-4458-3cdb-9631-c43e59ce3676 version=84d28cef-59f9-34a9-9be5-31c684997f03
2020-10-14T23:39:24.671278034Z  INFO  2020-10-14 23:39:24,670 [shard 0] init - starting gossip
2020-10-14T23:39:24.671334022Z  WARN  2020-10-14 23:39:24,670 [shard 0] init - Using default cluster name is not recommended. Using a unique cluster name will reduce the chance of adding nodes to the wrong cluster by mistake
2020-10-14T23:39:24.671695469Z  INFO  2020-10-14 23:39:24,671 [shard 0] init - starting storage proxy
2020-10-14T23:39:24.685087520Z  INFO  2020-10-14 23:39:24,684 [shard 0] init - creating hints manager
2020-10-14T23:39:24.685652626Z  INFO  2020-10-14 23:39:24,685 [shard 1] init - creating hints manager
2020-10-14T23:39:24.685693561Z  INFO  2020-10-14 23:39:24,685 [shard 2] init - creating hints manager
2020-10-14T23:39:24.686387872Z  INFO  2020-10-14 23:39:24,685 [shard 3] init - creating hints manager
2020-10-14T23:39:24.686932169Z  INFO  2020-10-14 23:39:24,686 [shard 0] init - starting migration manager
2020-10-14T23:39:24.687510468Z  INFO  2020-10-14 23:39:24,687 [shard 0] init - starting query processor
2020-10-14T23:39:24.688813148Z  INFO  2020-10-14 23:39:24,688 [shard 0] init - initializing batchlog manager
2020-10-14T23:39:24.694036262Z  INFO  2020-10-14 23:39:24,693 [shard 0] legacy_schema_migrator - Moving 0 keyspaces from legacy schema tables to the new schema keyspace (system_schema)
2020-10-14T23:39:24.694504270Z  INFO  2020-10-14 23:39:24,694 [shard 0] legacy_schema_migrator - Dropping legacy schema tables
2020-10-14T23:39:37.978973379Z  INFO  2020-10-14 23:39:37,978 [shard 0] legacy_schema_migrator - Completed migration of legacy schema tables
2020-10-14T23:39:37.983676748Z  INFO  2020-10-14 23:39:37,982 [shard 0] init - loading system sstables
2020-10-14T23:39:53.783477100Z  INFO  2020-10-14 23:39:53,782 [shard 0] init - loading non-system sstables
2020-10-14T23:40:04.239589164Z  INFO  2020-10-14 23:40:04,238 [shard 0] database - Populating Keyspace dt
2020-10-14T23:40:04.239644170Z  INFO  2020-10-14 23:40:04,238 [shard 0] database - Keyspace dt: Reading CF source_element_idx_index id=68593f10-d77b-11ea-9877-000000000001 version=33e3f927-f730-3081-88e1-6bed2962e42a
2020-10-14T23:40:04.239662710Z  INFO  2020-10-14 23:40:04,239 [shard 0] database - Keyspace dt: Reading CF element_twin_idx_index id=630ae8b0-d77b-11ea-9877-000000000001 version=bc3026fd-bc4e-318d-b6f4-ca0b566cb74b
2020-10-14T23:40:04.239719695Z  INFO  2020-10-14 23:40:04,239 [shard 0] database - Keyspace dt: Reading CF source id=65ff2270-d77b-11ea-9877-000000000001 version=5f8471b7-7d19-31d4-9be5-0f153affb0bb
2020-10-14T23:40:04.240029339Z  INFO  2020-10-14 23:40:04,239 [shard 0] database - Keyspace dt: Reading CF source_data id=6af6cd50-d77b-11ea-9877-000000000001 version=b52400e3-b307-3141-b3fc-e5d63573f135
2020-10-14T23:40:04.240088851Z  INFO  2020-10-14 23:40:04,239 [shard 0] database - Keyspace dt: Reading CF element id=607549b0-d77b-11ea-9877-000000000001 version=f44a6c4b-69d8-37f2-b116-7260740acc6c
2020-10-14T23:40:04.240108550Z  INFO  2020-10-14 23:40:04,239 [shard 0] database - Keyspace dt: Reading CF twin id=5e00c740-d77b-11ea-9877-000000000001 version=6240633e-c8cc-3fea-a1e3-452eff1b9659
2020-10-14T23:40:04.240126820Z  INFO  2020-10-14 23:40:04,239 [shard 0] database - Keyspace dt: Reading CF user id=5c294820-d77b-11ea-9877-000000000001 version=02cce273-02f1-3e6a-8674-f1016e3f22d7
2020-10-14T23:40:04.240144702Z  INFO  2020-10-14 23:40:04,239 [shard 0] database - Populating Keyspace system_distributed
2020-10-14T23:40:04.240161740Z  INFO  2020-10-14 23:40:04,239 [shard 0] database - Keyspace system_distributed: Reading CF view_build_status id=5582b59f-8e4e-35e1-b913-3acada51eb04 version=e0b6e628-60e0-39a2-ada0-9b6c13bdd9bc
2020-10-14T23:40:04.240179645Z  INFO  2020-10-14 23:40:04,239 [shard 0] database - Keyspace system_distributed: Reading CF cdc_generations id=6a4df139-00b6-3d21-9efc-dade266dc3b7 version=2511b46b-df1d-39fa-9a77-f5cacf88af47
2020-10-14T23:40:04.240197264Z  INFO  2020-10-14 23:40:04,239 [shard 0] database - Keyspace system_distributed: Reading CF cdc_streams id=07405732-4620-34d6-a85e-947248dad9a4 version=b606cfa4-a37b-32bd-a624-e05cab2bed3c
2020-10-14T23:40:04.240215138Z  INFO  2020-10-14 23:40:04,239 [shard 0] database - Populating Keyspace system_auth
2020-10-14T23:40:04.240232449Z  INFO  2020-10-14 23:40:04,239 [shard 0] database - Keyspace system_auth: Reading CF roles id=5bc52802-de25-35ed-aeab-188eecebb090 version=d8f599da-7544-3f57-aa58-b229deea93e0
2020-10-14T23:40:04.240250230Z  INFO  2020-10-14 23:40:04,239 [shard 0] database - Keyspace system_auth: Reading CF role_members id=0ecdaa87-f8fb-3e60-88d1-74fb36fe5c0d version=2923b5bb-f2f8-36e8-9e73-19019900010c
2020-10-14T23:40:04.240267705Z  INFO  2020-10-14 23:40:04,239 [shard 0] database - Populating Keyspace system_traces
2020-10-14T23:40:04.240284385Z  INFO  2020-10-14 23:40:04,239 [shard 0] database - Keyspace system_traces: Reading CF sessions id=c5e99f16-8677-3914-b17e-960613512345 version=e0fc4b06-6cba-3b7b-bfb6-b42a77c370a9
2020-10-14T23:40:04.240303967Z  INFO  2020-10-14 23:40:04,239 [shard 0] database - Keyspace system_traces: Reading CF node_slow_log_time_idx id=f9706768-aa1e-3d87-9e5c-51a3927c2870 version=eaffc0bb-7b2c-3b64-8924-d8ba685120bc
2020-10-14T23:40:04.240321781Z  INFO  2020-10-14 23:40:04,239 [shard 0] database - Keyspace system_traces: Reading CF sessions_time_idx id=0ebf001c-c1d1-3693-9a63-c3d96ac53318 version=cd5d1e5f-1f42-3b9d-a8ba-3af39d59a7d5
2020-10-14T23:40:04.240339248Z  INFO  2020-10-14 23:40:04,239 [shard 0] database - Keyspace system_traces: Reading CF events id=8826e8e9-e16a-3728-8753-3bc1fc713c25 version=41a6b26e-a03b-3ae1-8a4a-b9446e7f9304
2020-10-14T23:40:04.240357035Z  INFO  2020-10-14 23:40:04,239 [shard 0] database - Keyspace system_traces: Reading CF node_slow_log id=bfcc4e62-5b63-3aa1-a1c3-6f5e47f3325c version=23e7a411-8414-340f-854d-20a3a637e438
2020-10-14T23:40:10.453229048Z  INFO  2020-10-14 23:40:10,452 [shard 0] init - starting view update generator
2020-10-14T23:40:10.454068225Z  INFO  2020-10-14 23:40:10,453 [shard 0] init - discovering staging sstables
2020-10-14T23:40:10.455116286Z  INFO  2020-10-14 23:40:10,454 [shard 0] init - setting up system keyspace
2020-10-14T23:40:10.472656138Z  INFO  2020-10-14 23:40:10,472 [shard 0] init - starting commit log
2020-10-14T23:40:10.473678624Z  INFO  2020-10-14 23:40:10,473 [shard 0] compaction - Compacting [/var/lib/scylla/data/system/peers-37f71aca7dc2383ba70672528af04d4f/mc-8-big-Data.db:level=0, /var/lib/scylla/data/system/peers-37f71aca7dc2383ba70672528af04d4f/mc-4-big-Data.db:level=0, ]
2020-10-14T23:40:10.474320550Z  INFO  2020-10-14 23:40:10,474 [shard 1] compaction - Compacting [/var/lib/scylla/data/system/clients-ca0f635d863036098d93a1fc06f2a5e5/mc-77-big-Data.db:level=0, /var/lib/scylla/data/system/clients-ca0f635d863036098d93a1fc06f2a5e5/mc-81-big-Data.db:level=0, ]
2020-10-14T23:40:10.474683215Z  INFO  2020-10-14 23:40:10,474 [shard 1] compaction - Compacting [/var/lib/scylla/data/system/compaction_history-b4dbb7b4dc493fb5b3bfce6e434832ca/mc-857-big-Data.db:level=0, /var/lib/scylla/data/system/compaction_history-b4dbb7b4dc493fb5b3bfce6e434832ca/mc-853-big-Data.db:level=0, ]
2020-10-14T23:40:10.474730361Z  INFO  2020-10-14 23:40:10,474 [shard 1] compaction - Compacting [/var/lib/scylla/data/system/local-7ad54392bcdd35a684174e047860b377/mc-3461-big-Data.db:level=0, /var/lib/scylla/data/system/local-7ad54392bcdd35a684174e047860b377/mc-3465-big-Data.db:level=0, /var/lib/scylla/data/system/local-7ad54392bcdd35a684174e047860b377/mc-3457-big-Data.db:level=0, ]
2020-10-14T23:40:10.475120519Z  INFO  2020-10-14 23:40:10,474 [shard 3] compaction - Compacting [/var/lib/scylla/data/system/compaction_history-b4dbb7b4dc493fb5b3bfce6e434832ca/mc-871-big-Data.db:level=0, /var/lib/scylla/data/system/compaction_history-b4dbb7b4dc493fb5b3bfce6e434832ca/mc-867-big-Data.db:level=0, ]
2020-10-14T23:40:10.475168640Z  INFO  2020-10-14 23:40:10,474 [shard 2] compaction - Compacting [/var/lib/scylla/data/system/compaction_history-b4dbb7b4dc493fb5b3bfce6e434832ca/mc-866-big-Data.db:level=0, /var/lib/scylla/data/system/compaction_history-b4dbb7b4dc493fb5b3bfce6e434832ca/mc-870-big-Data.db:level=0, ]
2020-10-14T23:40:10.475182206Z  INFO  2020-10-14 23:40:10,474 [shard 2] compaction - Compacting [/var/lib/scylla/data/system/truncated-38c19fd0fb863310a4b70d0cc66628aa/mc-1110-big-Data.db:level=0, /var/lib/scylla/data/system/truncated-38c19fd0fb863310a4b70d0cc66628aa/mc-1106-big-Data.db:level=0, ]
2020-10-14T23:40:10.475194280Z  INFO  2020-10-14 23:40:10,474 [shard 0] compaction - Compacting [/var/lib/scylla/data/system/compaction_history-b4dbb7b4dc493fb5b3bfce6e434832ca/mc-844-big-Data.db:level=0, /var/lib/scylla/data/system/compaction_history-b4dbb7b4dc493fb5b3bfce6e434832ca/mc-848-big-Data.db:level=0, ]
2020-10-14T23:40:10.475979084Z  INFO  2020-10-14 23:40:10,475 [shard 0] compaction - Compacting [/var/lib/scylla/data/system/truncated-38c19fd0fb863310a4b70d0cc66628aa/mc-1616-big-Data.db:level=0, /var/lib/scylla/data/system/truncated-38c19fd0fb863310a4b70d0cc66628aa/mc-1612-big-Data.db:level=0, ]
2020-10-14T23:40:10.476024298Z  INFO  2020-10-14 23:40:10,475 [shard 3] compaction - Compacting [/var/lib/scylla/data/system/large_cells-ead8bbc5f1463ae19f710b11f9a1d296/mc-67-big-Data.db:level=0, /var/lib/scylla/data/system/large_cells-ead8bbc5f1463ae19f710b11f9a1d296/mc-71-big-Data.db:level=0, ]
2020-10-14T23:40:10.476054785Z  INFO  2020-10-14 23:40:10,475 [shard 3] compaction - Compacting [/var/lib/scylla/data/dt/source_data-6af6cd50d77b11ea9877000000000001/mc-655-big-Data.db:level=0, /var/lib/scylla/data/dt/source_data-6af6cd50d77b11ea9877000000000001/mc-651-big-Data.db:level=0, ]
2020-10-14T23:40:10.476067304Z  INFO  2020-10-14 23:40:10,475 [shard 3] compaction - Compacting [/var/lib/scylla/data/system/truncated-38c19fd0fb863310a4b70d0cc66628aa/mc-919-big-Data.db:level=0, /var/lib/scylla/data/system/truncated-38c19fd0fb863310a4b70d0cc66628aa/mc-915-big-Data.db:level=0, ]
2020-10-14T23:40:10.479758210Z  INFO  2020-10-14 23:40:10,479 [shard 0] init - initializing migration manager RPC verbs
2020-10-14T23:40:10.480323747Z  INFO  2020-10-14 23:40:10,480 [shard 0] init - initializing storage proxy RPC verbs
2020-10-14T23:40:10.480813193Z  INFO  2020-10-14 23:40:10,480 [shard 0] init - starting streaming service
2020-10-14T23:40:10.481683622Z  INFO  2020-10-14 23:40:10,481 [shard 0] init - starting hinted handoff manager
2020-10-14T23:40:11.640575575Z  WARN  2020-10-14 23:40:11,639 [shard 3] large_data - Writing a partition with too many rows [dt/source_data:d0a71d84-b80f-4558-beac-8887750652e3] (155258 rows)
2020-10-14T23:40:12.090626781Z  INFO  2020-10-14 23:40:12,089 [shard 0] compaction - Compacted 2 sstables to []. 10953 bytes to 0 (~0% of original) in 2ms = 0.00MB/s. ~256 total partitions merged to 0.
2020-10-14T23:40:12.368324081Z  INFO  2020-10-14 23:40:12,367 [shard 1] compaction - Compacted 2 sstables to []. 38178 bytes to 0 (~0% of original) in 5ms = 0.00MB/s. ~256 total partitions merged to 0.
2020-10-14T23:40:12.517095657Z  INFO  2020-10-14 23:40:12,516 [shard 0] init - starting messaging service
2020-10-14T23:40:12.517802387Z  INFO  2020-10-14 23:40:12,517 [shard 0] repair - Setting max_repair_memory=168820736, max_repair_memory_per_range=33554432, max_repair_ranges_in_parallel=5
2020-10-14T23:40:12.518249549Z  INFO  2020-10-14 23:40:12,517 [shard 0] init - starting storage service
2020-10-14T23:40:12.519249722Z  INFO  2020-10-14 23:40:12,518 [shard 0] storage_service - Loading persisted ring state
2020-10-14T23:40:12.521713188Z  INFO  2020-10-14 23:40:12,521 [shard 0] storage_service - loaded_peer_features: peer_features size=0
2020-10-14T23:40:12.521977749Z  INFO  2020-10-14 23:40:12,521 [shard 0] storage_service - Checking remote features skipped, since this node is a new seed node which knows nothing about the cluster
2020-10-14T23:40:12.523148215Z  INFO  2020-10-14 23:40:12,522 [shard 0] storage_service - Restarting a node in NORMAL status
2020-10-14T23:40:12.554501630Z  INFO  2020-10-14 23:40:12,554 [shard 0] database - Schema version changed to 3f00f995-6495-3765-8599-4e76a2f4c6b2
2020-10-14T23:40:12.554895924Z  INFO  2020-10-14 23:40:12,554 [shard 0] storage_service - Starting up server gossip
2020-10-14T23:40:12.743123924Z  INFO  2020-10-14 23:40:12,742 [shard 3] compaction - Compacted 2 sstables to []. 11370 bytes to 0 (~0% of original) in 0ms = 0.00MB/s. ~256 total partitions merged to 0.
2020-10-14T23:40:14.079058896Z  INFO  2020-10-14 23:40:14,078 [shard 2] compaction - Compacted 2 sstables to [/var/lib/scylla/data/system/compaction_history-b4dbb7b4dc493fb5b3bfce6e434832ca/mc-874-big-Data.db:level=0, ]. 179671 bytes to 93463 (~52% of original) in 2347ms = 0.04MB/s. ~256 total partitions merged to 25.
2020-10-14T23:40:14.079696150Z  INFO  2020-10-14 23:40:14,079 [shard 2] compaction - Compacted 2 sstables to [/var/lib/scylla/data/system/truncated-38c19fd0fb863310a4b70d0cc66628aa/mc-1114-big-Data.db:level=0, ]. 112019 bytes to 56087 (~50% of original) in 2347ms = 0.02MB/s. ~256 total partitions merged to 4.
2020-10-14T23:40:14.622374519Z  INFO  2020-10-14 23:40:14,621 [shard 0] compaction - Compacted 2 sstables to [/var/lib/scylla/data/system/compaction_history-b4dbb7b4dc493fb5b3bfce6e434832ca/mc-852-big-Data.db:level=0, ]. 162242 bytes to 83016 (~51% of original) in 3073ms = 0.03MB/s. ~256 total partitions merged to 26.
2020-10-14T23:40:14.622860363Z  INFO  2020-10-14 23:40:14,622 [shard 0] compaction - Compacted 2 sstables to [/var/lib/scylla/data/system/truncated-38c19fd0fb863310a4b70d0cc66628aa/mc-1620-big-Data.db:level=0, ]. 81981 bytes to 76749 (~93% of original) in 3072ms = 0.02MB/s. ~256 total partitions merged to 2.
2020-10-14T23:40:15.803537675Z  INFO  2020-10-14 23:40:15,802 [shard 1] compaction - Compacted 3 sstables to [/var/lib/scylla/data/system/local-7ad54392bcdd35a684174e047860b377/mc-3469-big-Data.db:level=0, ]. 24520 bytes to 12440 (~50% of original) in 3871ms = 0.00MB/s. ~384 total partitions merged to 1.
2020-10-14T23:40:15.804407520Z  INFO  2020-10-14 23:40:15,803 [shard 1] compaction - Compacted 2 sstables to [/var/lib/scylla/data/system/compaction_history-b4dbb7b4dc493fb5b3bfce6e434832ca/mc-861-big-Data.db:level=0, ]. 167557 bytes to 89838 (~53% of original) in 3980ms = 0.02MB/s. ~256 total partitions merged to 21.
2020-10-14T23:40:15.805578707Z  INFO  2020-10-14 23:40:15,805 [shard 1] compaction - Compacting [/var/lib/scylla/data/system/local-7ad54392bcdd35a684174e047860b377/mc-3473-big-Data.db:level=0, /var/lib/scylla/data/system/local-7ad54392bcdd35a684174e047860b377/mc-3469-big-Data.db:level=0, ]
2020-10-14T23:40:15.806013295Z  INFO  2020-10-14 23:40:15,805 [shard 0] messaging_service - Starting Messaging Service on port 7000
2020-10-14T23:40:16.887021033Z  INFO  2020-10-14 23:40:16,886 [shard 3] compaction - Compacted 2 sstables to [/var/lib/scylla/data/dt/source_data-6af6cd50d77b11ea9877000000000001/mc-659-big-Data.db:level=0, ]. 12524772 bytes to 12519443 (~99% of original) in 5064ms = 2.36MB/s. ~256 total partitions merged to 1.
2020-10-14T23:40:17.015204211Z  INFO  2020-10-14 23:40:17,014 [shard 3] compaction - Compacted 2 sstables to [/var/lib/scylla/data/system/compaction_history-b4dbb7b4dc493fb5b3bfce6e434832ca/mc-875-big-Data.db:level=0, ]. 156964 bytes to 85276 (~54% of original) in 5066ms = 0.02MB/s. ~256 total partitions merged to 17.
2020-10-14T23:40:17.016115991Z  INFO  2020-10-14 23:40:17,015 [shard 3] compaction - Compacted 2 sstables to [/var/lib/scylla/data/system/truncated-38c19fd0fb863310a4b70d0cc66628aa/mc-923-big-Data.db:level=0, ]. 126264 bytes to 63208 (~50% of original) in 5064ms = 0.01MB/s. ~256 total partitions merged to 2.
2020-10-14T23:40:17.453749151Z  INFO  2020-10-14 23:40:17,452 [shard 1] compaction - Compacted 2 sstables to [/var/lib/scylla/data/system/local-7ad54392bcdd35a684174e047860b377/mc-3477-big-Data.db:level=0, ]. 19048 bytes to 12276 (~64% of original) in 1211ms = 0.01MB/s. ~256 total partitions merged to 1.
2020-10-14T23:40:27.810657830Z  INFO  2020-10-14 23:40:27,809 [shard 0] gossip - No gossip backlog; proceeding
2020-10-14T23:40:27.812740025Z  INFO  2020-10-14 23:40:27,812 [shard 0] features - Feature COMPUTED_COLUMNS is enabled
2020-10-14T23:40:27.812813970Z  INFO  2020-10-14 23:40:27,812 [shard 0] features - Feature CORRECT_COUNTER_ORDER is enabled
2020-10-14T23:40:27.812835129Z  INFO  2020-10-14 23:40:27,812 [shard 0] features - Feature CORRECT_NON_COMPOUND_RANGE_TOMBSTONES is enabled
2020-10-14T23:40:27.812852350Z  INFO  2020-10-14 23:40:27,812 [shard 0] features - Feature CORRECT_STATIC_COMPACT_IN_MC is enabled
2020-10-14T23:40:27.812874716Z  INFO  2020-10-14 23:40:27,812 [shard 0] features - Feature COUNTERS is enabled
2020-10-14T23:40:27.812884470Z  INFO  2020-10-14 23:40:27,812 [shard 0] features - Feature DIGEST_INSENSITIVE_TO_EXPIRY is enabled
2020-10-14T23:40:27.812894411Z  INFO  2020-10-14 23:40:27,812 [shard 0] features - Feature DIGEST_MULTIPARTITION_READ is enabled
2020-10-14T23:40:27.812904221Z  INFO  2020-10-14 23:40:27,812 [shard 0] features - Feature HINTED_HANDOFF_SEPARATE_CONNECTION is enabled
2020-10-14T23:40:27.813087502Z  INFO  2020-10-14 23:40:27,812 [shard 0] features - Feature INDEXES is enabled
2020-10-14T23:40:27.813128935Z  INFO  2020-10-14 23:40:27,812 [shard 0] features - Feature LARGE_PARTITIONS is enabled
2020-10-14T23:40:27.813148804Z  INFO  2020-10-14 23:40:27,812 [shard 0] features - Feature LWT is enabled
2020-10-14T23:40:27.813166426Z  INFO  2020-10-14 23:40:27,812 [shard 0] features - Feature MATERIALIZED_VIEWS is enabled
2020-10-14T23:40:27.813183405Z  INFO  2020-10-14 23:40:27,812 [shard 0] features - Feature MC_SSTABLE_FORMAT is enabled
2020-10-14T23:40:27.813200474Z  INFO  2020-10-14 23:40:27,812 [shard 0] features - Feature NONFROZEN_UDTS is enabled
2020-10-14T23:40:27.813217358Z  INFO  2020-10-14 23:40:27,812 [shard 0] features - Feature PER_TABLE_PARTITIONERS is enabled
2020-10-14T23:40:27.813255249Z  INFO  2020-10-14 23:40:27,812 [shard 0] features - Feature RANGE_TOMBSTONES is enabled
2020-10-14T23:40:27.813275908Z  INFO  2020-10-14 23:40:27,812 [shard 0] features - Feature ROLES is enabled
2020-10-14T23:40:27.813293381Z  INFO  2020-10-14 23:40:27,812 [shard 0] features - Feature ROW_LEVEL_REPAIR is enabled
2020-10-14T23:40:27.813356806Z  INFO  2020-10-14 23:40:27,812 [shard 0] features - Feature SCHEMA_TABLES_V3 is enabled
2020-10-14T23:40:27.813374942Z  INFO  2020-10-14 23:40:27,812 [shard 0] features - Feature STREAM_WITH_RPC_STREAM is enabled
2020-10-14T23:40:27.813391940Z  INFO  2020-10-14 23:40:27,812 [shard 0] features - Feature TRUNCATION_TABLE is enabled
2020-10-14T23:40:27.813451072Z  INFO  2020-10-14 23:40:27,812 [shard 0] system_keyspace - Got cluster agreement on truncation table feature. Removing legacy records.
2020-10-14T23:40:27.813480331Z  INFO  2020-10-14 23:40:27,812 [shard 0] features - Feature UNBOUNDED_RANGE_TOMBSTONES is enabled
2020-10-14T23:40:27.813971069Z  INFO  2020-10-14 23:40:27,812 [shard 0] features - Feature VIEW_VIRTUAL_COLUMNS is enabled
2020-10-14T23:40:27.814431180Z  INFO  2020-10-14 23:40:27,813 [shard 0] features - Feature WRITE_FAILURE_REPLY is enabled
2020-10-14T23:40:27.814473567Z  INFO  2020-10-14 23:40:27,813 [shard 0] features - Feature XXHASH is enabled
2020-10-14T23:40:27.815433457Z  INFO  2020-10-14 23:40:27,814 [shard 0] system_keyspace - Legacy records deleted.
2020-10-14T23:40:27.816446192Z  INFO  2020-10-14 23:40:27,815 [shard 0] init - starting system distributed keyspace
2020-10-14T23:40:27.821316537Z  INFO  2020-10-14 23:40:27,820 [shard 0] storage_service - Using saved tokens {943448605036726745, 9061580907506437136, 8957018461898327244, 8813999419995718088, 8775859223532977932, 873311388414975666, 8707696313600310498, 8675978575875245837, 855031166620283245, 8476533345381470087, 8413544620893079714, 8382283044476755854, 7804258889026263620, 778239093056833917, 7732629563319678675, 7564694057214588647, 747840302865059114, 7255484784972643852, 700944770677405149, 7009081579420542256, 7354219953741161264, 6974970471767945112, 6788034976878782500, 667581605220131528, 6496091893897576732, 6478032244021912394, 6420907855788431922, 8777890816944145805, 6381418245203458391, 6358173612251239308, 6302443190184390149, 6115776390551923703, 5906838239532612246, 5890706123786165213, 588034934972968299, 5848278814186320030, 5834675951458569055, 5796254206948921528, -6441145814158460549, 7172238068082229918, -6238625478980828395, -6199824488038647909, -572473923349256348, -5526097868254533829, -5508289632699420366, -6338043935148530859, 4738411181964629022, -5411685484465544274, 5103660925946342563, -5360532551957069796, -5246840897237646542, -8953406550820932827, -511676141100664160, -4872163430844150374, 5153854518462400651, -4829128129506020031, 6818717460470417221, -4735496583611878200, -7913213531410876291, -8612347190400988175, 3361838207769500988, -4770694758141334815, 3533570692245755170, -3014142033706378490, -6648258355715071793, 105268539462240253, 6448269612184381105, 3941245744356891698, -4925670906471950289, -6853270293933441203, -431455211546220291, -4106310081010891923, -4280461110562472301, -4231054370802445643, 4453520694484038438, -5140544052953576706, -7341700934491837716, -4177024142024341044, -2365586676906010085, -4368295386640868227, -6779834804380741154, 7103497347382660592, -471701403720839764, -2187125227394891465, -1593748153114868683, 8325613099551670589, -6017078328443447975, 408961909545308462, -3256341547923989103, 1911454556365012923, -2135119982021577211, -6104126434670973331, -1614584707908969492, -5285270377043925775, 194223785007163967, 3556932048290112968, 4378909036113166689, -2319706609635128471, 782580883702972777, -3880555618453256762, -2879534723161185431, 7469085752185829039, -8001902308657073600, -1522914538603683793, 784130423392421222, -3409621329811667263, -5136236598692180863, -2640475812391264528, 3907413558358164712, -2166731983266837511, -8529251962487546573, -5228242602708342126, -6263078841153087564, -1295419475388780424, 5311755414232655734, -4113405879925637368, 2104079815049743807, -105211415949921556, -1004253484774030395, -6093280019772326743, -1363472444035739717, 7772390126184307669, 3373616921334842984, -3428624778218969630, -4475005699924690030, -1207620414022812792, -4203952547861361192, -4895652206680369668, 5569071124009844993, -2800260328053956713, 1033733984444816800, -1761718599052329021, -6249520955674807415, -6810383749951706976, -2391018463907211455, -3729138346528579520, -3942245253345029362, -1032698423218536378, 2233495137371904435, -1970747149103226319, 2531294222158762011, 4445989245037378795, -2648919406212884980, 800062458669145892, -6586482614645135705, -8855822008500182327, -2076430708060394350, -6127879535600466936, 5017042126534426855, -6767019288334108993, -6985294397658573838, -2605645373691895986, 2542018259596577135, -2699231837109027988, -9132047842757487932, 9066588519930559993, -4601858807243735115, 1470306277250886071, 1688077838521597411, -2700796200994103492, -5656441245782528349, 3822141065635310082, -4415280594152455372, -1709100826419756065, -2732234699235264563, -3101294897153501639, 6933997554702494562, -4541237399207364623, 1251119865371637993, -3280527161887251879, -4007868363884276055, -4134923634748466107, -5595342098352848506, 533209426647054698, 285540986842976874, -4193553788022177878, -7111183380354176443, 7880345233810794046, -7190282066974323895, -7232953798633244985, -7512330892235471280, -889434854029329118, 9122882257136270100, 3909145942678699742, 2870638580126821409, -2685359252619347507, 4540975434217357056, 1912522665107890116, -1474028219808469861, -7767361191227918078, -8495384334141326469, -8024675672634848221, -8352632933072691056, -1084614158625469139, -8372022353883945178, -1171738939209168407, -8485257529464526975, -8549013321787275289, -7405825010257289618, -8694753427154041557, -9173155356561330710, -3164480873853500968, 1172299952227812636, 1535311813904826318, 156312151312654313, 2050968450175517454, 1018091569669202328, 1574734081023094222, 214428871588027420, -5095673126210616552, 2431756818088451524, -1208769590907790735, 3022913469242457337, 2609254198811139442, 5396954320704971060, 284028081363756156, -184157634332906914, 2879924223908633556, 3014475854062098037, 8280511155447462154, 3058186759042775792, 3100842289958262644, -769344519844763244, 3287699046743316011, 7743526815996532326, -7148146405116016542, 352278596429886466, 3606629961194077343, 3840184102447470012, -4623422606623793434, 3924960423780627192, 4660022660859336370, 5401470720317959250, 3979649323160207298, 4037379789709069307, 790424663468033093, 5150907166433009570, 4083460330442256183, 4262233236239091105, 4461207940793579131, 7222389702734437292, 4497639963855891379, 5935809959838255935, 525652295242460822, -9210810031089136649, 3145063885579200582, 5102381975608989830, 5104799485589097680, -467985751191813914, 5122450296475986719, 5256736089695841171, 5341717901052361821, 5441044328235651423, 5661405961885371428, -6303682351633097607, 5704999654143823990}
2020-10-14T23:40:27.843681906Z  INFO  2020-10-14 23:40:27,843 [shard 0] database - Schema version changed to e1b2d478-e5f2-30c4-b994-d93919918df3
2020-10-14T23:40:27.866608424Z  INFO  2020-10-14 23:40:27,866 [shard 0] database - Schema version changed to 0e03d198-385b-3f36-8c34-c3f5846bbbac
2020-10-14T23:40:27.887360512Z  INFO  2020-10-14 23:40:27,886 [shard 0] database - Schema version changed to 0e03d198-385b-3f36-8c34-c3f5846bbbac
2020-10-14T23:40:29.636353295Z  INFO  2020-10-14 23:40:29,635 [shard 1] compaction - Compacting [/var/lib/scylla/data/system/local-7ad54392bcdd35a684174e047860b377/mc-3481-big-Data.db:level=0, /var/lib/scylla/data/system/local-7ad54392bcdd35a684174e047860b377/mc-3477-big-Data.db:level=0, ]
2020-10-14T23:40:29.749151176Z  INFO  2020-10-14 23:40:29,748 [shard 0] storage_service - Node 10.0.93.3 state jump to normal
2020-10-14T23:40:29.749188816Z  INFO  2020-10-14 23:40:29,748 [shard 0] storage_service - Remove node 10.0.93.3 from pending replacing endpoint
2020-10-14T23:40:30.994632080Z  INFO  2020-10-14 23:40:30,993 [shard 0] storage_service - NORMAL: node is now in normal status
2020-10-14T23:40:30.994698458Z  INFO  2020-10-14 23:40:30,993 [shard 0] cdc - No generation seen during startup.
2020-10-14T23:40:30.996662953Z  INFO  2020-10-14 23:40:30,995 [shard 0] init - starting tracing
2020-10-14T23:40:30.996930244Z  INFO  2020-10-14 23:40:30,996 [shard 0] storage_service - SSTable data integrity checker is disabled.
2020-10-14T23:40:30.998160115Z  INFO  2020-10-14 23:40:30,997 [shard 0] init - starting batchlog manager
2020-10-14T23:40:30.998633250Z  INFO  2020-10-14 23:40:30,997 [shard 0] init - starting load meter
2020-10-14T23:40:30.998667715Z  INFO  2020-10-14 23:40:30,997 [shard 0] init - starting cf cache hit rate calculator
2020-10-14T23:40:30.998710598Z  INFO  2020-10-14 23:40:30,997 [shard 0] init - starting view update backlog broker
2020-10-14T23:40:30.999962924Z  INFO  2020-10-14 23:40:30,999 [shard 0] init - Waiting for gossip to settle before accepting client requests...
2020-10-14T23:40:31.257681747Z  INFO  2020-10-14 23:40:31,256 [shard 1] compaction - Compacted 2 sstables to [/var/lib/scylla/data/system/local-7ad54392bcdd35a684174e047860b377/mc-3489-big-Data.db:level=0, ]. 18355 bytes to 12071 (~65% of original) in 1248ms = 0.01MB/s. ~256 total partitions merged to 1.
2020-10-14T23:40:31.258652978Z  INFO  2020-10-14 23:40:31,258 [shard 1] compaction - Compacting [/var/lib/scylla/data/system/local-7ad54392bcdd35a684174e047860b377/mc-3485-big-Data.db:level=0, /var/lib/scylla/data/system/local-7ad54392bcdd35a684174e047860b377/mc-3489-big-Data.db:level=0, ]
2020-10-14T23:40:31.706463369Z  INFO  2020-10-14 23:40:31,705 [shard 1] compaction - Compacted 2 sstables to [/var/lib/scylla/data/system/local-7ad54392bcdd35a684174e047860b377/mc-3493-big-Data.db:level=0, ]. 18170 bytes to 12073 (~66% of original) in 370ms = 0.03MB/s. ~256 total partitions merged to 1.
2020-10-14T23:40:43.001573110Z  INFO  2020-10-14 23:40:42,999 [shard 0] gossip - No gossip backlog; proceeding
2020-10-14T23:40:43.003192613Z  INFO  2020-10-14 23:40:43,001 [shard 0] init - allow replaying hints
2020-10-14T23:40:43.003232875Z  INFO  2020-10-14 23:40:43,002 [shard 0] init - Launching generate_mv_updates for non system tables
2020-10-14T23:40:43.003252691Z  INFO  2020-10-14 23:40:43,002 [shard 0] init - starting the view builder
2020-10-14T23:40:43.343922305Z  INFO  2020-10-14 23:40:43,343 [shard 0] init - starting native transport
2020-10-14T23:40:43.343959354Z  INFO  2020-10-14 23:40:43,343 [shard 0] compaction - Compacting [/var/lib/scylla/data/system/truncated-38c19fd0fb863310a4b70d0cc66628aa/mc-1624-big-Data.db:level=0, /var/lib/scylla/data/system/truncated-38c19fd0fb863310a4b70d0cc66628aa/mc-1620-big-Data.db:level=0, ]
2020-10-14T23:40:43.345440725Z  INFO  2020-10-14 23:40:43,345 [shard 0] storage_service - Starting listening for CQL clients on 10.0.93.3:9042 (unencrypted)
2020-10-14T23:40:43.347359485Z  INFO  2020-10-14 23:40:43,347 [shard 0] storage_service - Thrift server listening on 10.0.93.3:9160 ...
2020-10-14T23:40:43.348197821Z  INFO  2020-10-14 23:40:43,347 [shard 0] init - serving
2020-10-14T23:40:43.348231332Z  INFO  2020-10-14 23:40:43,347 [shard 0] init - Scylla version 4.1.8-0.20201002.6c43a0dc29 initialization completed.
2020-10-14T23:40:43.842238452Z  INFO  2020-10-14 23:40:43,841 [shard 0] compaction - Compacted 2 sstables to [/var/lib/scylla/data/system/truncated-38c19fd0fb863310a4b70d0cc66628aa/mc-1628-big-Data.db:level=0, ]. 81981 bytes to 76744 (~93% of original) in 406ms = 0.18MB/s. ~256 total partitions merged to 2.
2020-10-14T23:43:30.727532913Z  INFO  2020-10-14 23:43:30,726 [shard 1] compaction - Compacting [/var/lib/scylla/data/system/clients-ca0f635d863036098d93a1fc06f2a5e5/mc-85-big-Data.db:level=0, /var/lib/scylla/data/system/clients-ca0f635d863036098d93a1fc06f2a5e5/mc-89-big-Data.db:level=0, ]
2020-10-14T23:43:31.157282552Z  INFO  2020-10-14 23:43:31,156 [shard 1] compaction - Compacted 2 sstables to [/var/lib/scylla/data/system/clients-ca0f635d863036098d93a1fc06f2a5e5/mc-93-big-Data.db:level=0, ]. 102947 bytes to 6381 (~6% of original) in 337ms = 0.02MB/s. ~256 total partitions merged to 1.
2020-10-14T23:43:49.215738039Z  INFO  2020-10-14 23:43:49,215 [shard 1] compaction - Compacting [/var/lib/scylla/data/system/clients-ca0f635d863036098d93a1fc06f2a5e5/mc-93-big-Data.db:level=0, /var/lib/scylla/data/system/clients-ca0f635d863036098d93a1fc06f2a5e5/mc-97-big-Data.db:level=0, ]
2020-10-14T23:43:49.699025405Z  INFO  2020-10-14 23:43:49,698 [shard 1] compaction - Compacted 2 sstables to [/var/lib/scylla/data/system/clients-ca0f635d863036098d93a1fc06f2a5e5/mc-101-big-Data.db:level=0, ]. 57892 bytes to 6032 (~10% of original) in 398ms = 0.01MB/s. ~256 total partitions merged to 1.
