2020-10-14T23:31:38.294678151Z  running: (['/opt/scylladb/scripts/scylla_dev_mode_setup', '--developer-mode', '1'],)
2020-10-14T23:31:38.779697978Z  running: (['/opt/scylladb/scripts/scylla_io_setup'],)
2020-10-14T23:31:39.175407858Z  2020-10-14 23:31:39,174 CRIT Supervisor is running as root.  Privileges were not dropped because no user is specified in the config file.  If you intend to run as root, you can set user=root in the config file to avoid this message.
2020-10-14T23:31:39.175586182Z  2020-10-14 23:31:39,175 INFO Included extra file "/etc/supervisord.conf.d/node-exporter.conf" during parsing
2020-10-14T23:31:39.175882926Z  2020-10-14 23:31:39,175 INFO Included extra file "/etc/supervisord.conf.d/rsyslog.conf" during parsing
2020-10-14T23:31:39.176120499Z  2020-10-14 23:31:39,175 INFO Included extra file "/etc/supervisord.conf.d/scylla-housekeeping.conf" during parsing
2020-10-14T23:31:39.176358950Z  2020-10-14 23:31:39,176 INFO Included extra file "/etc/supervisord.conf.d/scylla-jmx.conf" during parsing
2020-10-14T23:31:39.176532013Z  2020-10-14 23:31:39,176 INFO Included extra file "/etc/supervisord.conf.d/scylla-server.conf" during parsing
2020-10-14T23:31:39.176843565Z  2020-10-14 23:31:39,176 INFO Included extra file "/etc/supervisord.conf.d/sshd-server.conf" during parsing
2020-10-14T23:31:39.219315327Z  2020-10-14 23:31:39,219 INFO RPC interface 'supervisor' initialized
2020-10-14T23:31:39.219462520Z  2020-10-14 23:31:39,219 CRIT Server 'inet_http_server' running without any HTTP authentication checking
2020-10-14T23:31:39.219807334Z  2020-10-14 23:31:39,219 INFO supervisord started with pid 29
2020-10-14T23:31:40.224016043Z  2020-10-14 23:31:40,223 INFO spawned: 'scylla' with pid 32
2020-10-14T23:31:40.234920320Z  2020-10-14 23:31:40,226 INFO spawned: 'scylla-housekeeping' with pid 33
2020-10-14T23:31:40.234959002Z  2020-10-14 23:31:40,230 INFO spawned: 'sshd' with pid 34
2020-10-14T23:31:40.234970955Z  2020-10-14 23:31:40,234 INFO spawned: 'scylla-jmx' with pid 35
2020-10-14T23:31:40.237978566Z  2020-10-14 23:31:40,237 INFO spawned: 'rsyslog' with pid 36
2020-10-14T23:31:40.243075231Z  2020-10-14 23:31:40,242 INFO spawned: 'node-exporter' with pid 38
2020-10-14T23:31:40.265753885Z  time="2020-10-14T23:31:40Z" level=info msg="Starting node_exporter (version=0.17.0, branch=HEAD, revision=f6f6194a436b9a63d0439abc585c76b19a206b21)" source="node_exporter.go:82"
2020-10-14T23:31:40.265791092Z  time="2020-10-14T23:31:40Z" level=info msg="Build context (go=go1.11.2, user=root@322511e06ced, date=20181130-15:51:33)" source="node_exporter.go:83"
2020-10-14T23:31:40.266470552Z  time="2020-10-14T23:31:40Z" level=info msg="Enabled collectors:" source="node_exporter.go:90"
2020-10-14T23:31:40.266494510Z  time="2020-10-14T23:31:40Z" level=info msg=" - arp" source="node_exporter.go:97"
2020-10-14T23:31:40.266818331Z  time="2020-10-14T23:31:40Z" level=info msg=" - bcache" source="node_exporter.go:97"
2020-10-14T23:31:40.266840373Z  time="2020-10-14T23:31:40Z" level=info msg=" - bonding" source="node_exporter.go:97"
2020-10-14T23:31:40.266851774Z  time="2020-10-14T23:31:40Z" level=info msg=" - conntrack" source="node_exporter.go:97"
2020-10-14T23:31:40.266878505Z  time="2020-10-14T23:31:40Z" level=info msg=" - cpu" source="node_exporter.go:97"
2020-10-14T23:31:40.266889432Z  time="2020-10-14T23:31:40Z" level=info msg=" - diskstats" source="node_exporter.go:97"
2020-10-14T23:31:40.266899346Z  time="2020-10-14T23:31:40Z" level=info msg=" - edac" source="node_exporter.go:97"
2020-10-14T23:31:40.266908994Z  time="2020-10-14T23:31:40Z" level=info msg=" - entropy" source="node_exporter.go:97"
2020-10-14T23:31:40.266918770Z  time="2020-10-14T23:31:40Z" level=info msg=" - filefd" source="node_exporter.go:97"
2020-10-14T23:31:40.266928461Z  time="2020-10-14T23:31:40Z" level=info msg=" - filesystem" source="node_exporter.go:97"
2020-10-14T23:31:40.266937970Z  time="2020-10-14T23:31:40Z" level=info msg=" - hwmon" source="node_exporter.go:97"
2020-10-14T23:31:40.266947537Z  time="2020-10-14T23:31:40Z" level=info msg=" - infiniband" source="node_exporter.go:97"
2020-10-14T23:31:40.266957178Z  time="2020-10-14T23:31:40Z" level=info msg=" - interrupts" source="node_exporter.go:97"
2020-10-14T23:31:40.266966696Z  time="2020-10-14T23:31:40Z" level=info msg=" - ipvs" source="node_exporter.go:97"
2020-10-14T23:31:40.266976464Z  time="2020-10-14T23:31:40Z" level=info msg=" - loadavg" source="node_exporter.go:97"
2020-10-14T23:31:40.266985978Z  time="2020-10-14T23:31:40Z" level=info msg=" - mdadm" source="node_exporter.go:97"
2020-10-14T23:31:40.266995588Z  time="2020-10-14T23:31:40Z" level=info msg=" - meminfo" source="node_exporter.go:97"
2020-10-14T23:31:40.267345623Z  time="2020-10-14T23:31:40Z" level=info msg=" - netclass" source="node_exporter.go:97"
2020-10-14T23:31:40.267365537Z  time="2020-10-14T23:31:40Z" level=info msg=" - netdev" source="node_exporter.go:97"
2020-10-14T23:31:40.267376501Z  time="2020-10-14T23:31:40Z" level=info msg=" - netstat" source="node_exporter.go:97"
2020-10-14T23:31:40.267386701Z  time="2020-10-14T23:31:40Z" level=info msg=" - nfs" source="node_exporter.go:97"
2020-10-14T23:31:40.267396741Z  time="2020-10-14T23:31:40Z" level=info msg=" - nfsd" source="node_exporter.go:97"
2020-10-14T23:31:40.267406742Z  time="2020-10-14T23:31:40Z" level=info msg=" - sockstat" source="node_exporter.go:97"
2020-10-14T23:31:40.267416684Z  time="2020-10-14T23:31:40Z" level=info msg=" - stat" source="node_exporter.go:97"
2020-10-14T23:31:40.267426456Z  time="2020-10-14T23:31:40Z" level=info msg=" - textfile" source="node_exporter.go:97"
2020-10-14T23:31:40.267436351Z  time="2020-10-14T23:31:40Z" level=info msg=" - time" source="node_exporter.go:97"
2020-10-14T23:31:40.267446800Z  time="2020-10-14T23:31:40Z" level=info msg=" - timex" source="node_exporter.go:97"
2020-10-14T23:31:40.267456614Z  time="2020-10-14T23:31:40Z" level=info msg=" - uname" source="node_exporter.go:97"
2020-10-14T23:31:40.267466366Z  time="2020-10-14T23:31:40Z" level=info msg=" - vmstat" source="node_exporter.go:97"
2020-10-14T23:31:40.267476108Z  time="2020-10-14T23:31:40Z" level=info msg=" - xfs" source="node_exporter.go:97"
2020-10-14T23:31:40.267496510Z  time="2020-10-14T23:31:40Z" level=info msg=" - zfs" source="node_exporter.go:97"
2020-10-14T23:31:40.267507807Z  time="2020-10-14T23:31:40Z" level=info msg="Listening on :9100" source="node_exporter.go:111"
2020-10-14T23:31:40.274741023Z  Generating public/private ed25519 key pair.
2020-10-14T23:31:40.274769351Z  Your identification has been saved in /etc/ssh/ssh_host_ed25519_key.
2020-10-14T23:31:40.274779959Z  Your public key has been saved in /etc/ssh/ssh_host_ed25519_key.pub.
2020-10-14T23:31:40.274816095Z  The key fingerprint is:
2020-10-14T23:31:40.274826403Z  SHA256:S72xeNf7wg4zu0ubXrf50pgxPas4/xS+rvoT6g3yVVM root@ef001d6d0446
2020-10-14T23:31:40.274835734Z  The key's randomart image is:
2020-10-14T23:31:40.274845025Z  +--[ED25519 256]--+
2020-10-14T23:31:40.274854004Z  |                 |
2020-10-14T23:31:40.274870221Z  |                 |
2020-10-14T23:31:40.274879150Z  |                E|
2020-10-14T23:31:40.274895527Z  |         .      .|
2020-10-14T23:31:40.274905026Z  |        S o    = |
2020-10-14T23:31:40.274913878Z  |       . o + o=.+|
2020-10-14T23:31:40.274922949Z  |        o.+.Bo+O+|
2020-10-14T23:31:40.274938946Z  |         .o==XB+=|
2020-10-14T23:31:40.274947757Z  |          .*%XOX+|
2020-10-14T23:31:40.274967954Z  +----[SHA256]-----+
2020-10-14T23:31:40.319268102Z  Generating public/private rsa key pair.
2020-10-14T23:31:40.319303369Z  Your identification has been saved in /etc/ssh/ssh_host_rsa_key.
2020-10-14T23:31:40.319314562Z  Your public key has been saved in /etc/ssh/ssh_host_rsa_key.pub.
2020-10-14T23:31:40.319324322Z  The key fingerprint is:
2020-10-14T23:31:40.319334048Z  SHA256:zgyMubClkW++twbV/kyr+NrX8ASQ1eDZzauf3z6yZaA root@ef001d6d0446
2020-10-14T23:31:40.319343673Z  The key's randomart image is:
2020-10-14T23:31:40.319353113Z  +---[RSA 4096]----+
2020-10-14T23:31:40.319362386Z  |         ooo     |
2020-10-14T23:31:40.319371665Z  |        o. o.o   |
2020-10-14T23:31:40.319380874Z  |       . .o . o  |
2020-10-14T23:31:40.319390006Z  |   . +. . .    . |
2020-10-14T23:31:40.319399394Z  |  + +.o.S  . ..  |
2020-10-14T23:31:40.319408692Z  |   B.. =. o o..  |
2020-10-14T23:31:40.319418503Z  |  o +.  ++ E.  o |
2020-10-14T23:31:40.319427777Z  |   o  oo  = oooo.|
2020-10-14T23:31:40.319437023Z  |    o++++o   .=o=|
2020-10-14T23:31:40.319446195Z  +----[SHA256]-----+
2020-10-14T23:31:40.332705360Z  Could not load host key: /etc/ssh/ssh_host_ecdsa_key
2020-10-14T23:31:40.616917093Z  Scylla version 4.1.8-0.20201002.6c43a0dc29 with build-id fec471b0d185de7f191d861ccfc539eff76f31ab starting ...
2020-10-14T23:31:40.617217441Z  command used: "/usr/bin/scylla --log-to-syslog 0 --log-to-stdout 1 --default-log-level info --network-stack posix --developer-mode=1 --overprovisioned --listen-address 10.0.92.3 --rpc-address 10.0.92.3 --seed-provider-parameters seeds=10.0.92.3 --blocked-reactor-notify-ms 999999999"
2020-10-14T23:31:40.617519776Z  parsed command line options: [log-to-syslog: 0, log-to-stdout: 1, default-log-level: info, network-stack: posix, developer-mode: 1, overprovisioned, listen-address: 10.0.92.3, rpc-address: 10.0.92.3, seed-provider-parameters: seeds=10.0.92.3, blocked-reactor-notify-ms: 999999999]
2020-10-14T23:31:40.664317839Z  WARN  2020-10-14 23:31:40,663 [shard 0] seastar - Unable to set SCHED_FIFO scheduling policy for timer thread; latency impact possible. Try adding CAP_SYS_NICE
2020-10-14T23:31:40.679303993Z  INFO  2020-10-14 23:31:40,678 [shard 0] init - installing SIGHUP handler
2020-10-14T23:31:40.685462640Z  INFO  2020-10-14 23:31:40,684 [shard 0] init - Scylla version 4.1.8-0.20201002.6c43a0dc29 with build-id fec471b0d185de7f191d861ccfc539eff76f31ab starting ...
2020-10-14T23:31:40.685497376Z  
2020-10-14T23:31:40.686699142Z  INFO  2020-10-14 23:31:40,686 [shard 0] init - starting prometheus API server
2020-10-14T23:31:40.688776064Z  INFO  2020-10-14 23:31:40,688 [shard 0] init - starting tokens manager
2020-10-14T23:31:40.691388590Z  INFO  2020-10-14 23:31:40,689 [shard 0] init - starting migration manager notifier
2020-10-14T23:31:40.693135123Z  INFO  2020-10-14 23:31:40,692 [shard 0] init - creating tracing
2020-10-14T23:31:40.700220899Z  INFO  2020-10-14 23:31:40,699 [shard 0] init - creating snitch
2020-10-14T23:31:40.700817186Z  INFO  2020-10-14 23:31:40,700 [shard 0] init - determining DNS name
2020-10-14T23:31:40.700863113Z  INFO  2020-10-14 23:31:40,700 [shard 0] init - starting API server
2020-10-14T23:31:40.703281412Z  INFO  2020-10-14 23:31:40,702 [shard 0] init - Scylla API server listening on 127.0.0.1:10000 ...
2020-10-14T23:31:40.705878250Z  INFO  2020-10-14 23:31:40,705 [shard 0] init - initializing storage service
2020-10-14T23:31:40.706625510Z  INFO  2020-10-14 23:31:40,706 [shard 0] init - starting per-shard database core
2020-10-14T23:31:40.712256576Z  WARN  2020-10-14 23:31:40,711 [shard 0] init - I/O Scheduler is not properly configured! This is a non-supported setup, and performance is expected to be unpredictably bad.
2020-10-14T23:31:40.712320031Z   Reason found: none of --max-io-requests, --io-properties and --io-properties-file are set.
2020-10-14T23:31:40.712332669Z  To properly configure the I/O Scheduler, run the scylla_io_setup utility shipped with Scylla.
2020-10-14T23:31:40.712343145Z  
2020-10-14T23:31:40.712860159Z  INFO  2020-10-14 23:31:40,712 [shard 0] init - creating and verifying directories
2020-10-14T23:31:40.906279604Z  Connecting to http://localhost:10000
2020-10-14T23:31:40.906338458Z  Starting the JMX server
2020-10-14T23:31:41.137401031Z  INFO  2020-10-14 23:31:41,135 [shard 0] database - Populating Keyspace system_schema
2020-10-14T23:31:41.137447972Z  INFO  2020-10-14 23:31:41,135 [shard 0] database - Keyspace system_schema: Reading CF computed_columns id=cc7c7069-3740-33c1-92a4-c3de78dbd2c4 version=2b8c4439-de76-31e0-807f-3b7290a975d7
2020-10-14T23:31:41.137477534Z  INFO  2020-10-14 23:31:41,135 [shard 0] database - Keyspace system_schema: Reading CF view_virtual_columns id=08843b63-45dc-3be2-9798-a0418295cfaa version=c777531c-15f7-326f-8ebe-39fd0265c8c9
2020-10-14T23:31:41.137489626Z  INFO  2020-10-14 23:31:41,135 [shard 0] database - Keyspace system_schema: Reading CF dropped_columns id=5e7583b5-f3f4-3af1-9a39-b7e1d6f5f11f version=7426bc6c-4c2f-3200-8ad8-4329610ed59a
2020-10-14T23:31:41.137515234Z  INFO  2020-10-14 23:31:41,135 [shard 0] database - Keyspace system_schema: Reading CF indexes id=0feb57ac-311f-382f-ba6d-9024d305702f version=99c40462-8687-304e-abe3-2bdbef1f25aa
2020-10-14T23:31:41.137527237Z  INFO  2020-10-14 23:31:41,135 [shard 0] database - Keyspace system_schema: Reading CF functions id=96489b79-80be-3e14-a701-66a0b9159450 version=329ed804-55b3-3eee-ad61-d85317b96097
2020-10-14T23:31:41.137537990Z  INFO  2020-10-14 23:31:41,135 [shard 0] database - Keyspace system_schema: Reading CF columns id=24101c25-a2ae-3af7-87c1-b40ee1aca33f version=d33236d4-9bdd-3c09-abf0-a0bc5edc2526
2020-10-14T23:31:41.137548677Z  INFO  2020-10-14 23:31:41,135 [shard 0] database - Keyspace system_schema: Reading CF scylla_tables id=5d912ff1-f759-3665-b2c8-8042ab5103dd version=38e5e56b-155d-39b5-a0d2-8e5dcad42a26
2020-10-14T23:31:41.137559050Z  INFO  2020-10-14 23:31:41,135 [shard 0] database - Keyspace system_schema: Reading CF tables id=afddfb9d-bc1e-3068-8056-eed6c302ba09 version=b6240810-eeb7-36d5-9411-43b2d68dddab
2020-10-14T23:31:41.137569471Z  INFO  2020-10-14 23:31:41,135 [shard 0] database - Keyspace system_schema: Reading CF keyspaces id=abac5682-dea6-31c5-b535-b3d6cffd0fb6 version=e79ca8ba-6556-3f7d-925a-7f20cf57938c
2020-10-14T23:31:41.137580195Z  INFO  2020-10-14 23:31:41,135 [shard 0] database - Keyspace system_schema: Reading CF triggers id=4df70b66-6b05-3251-95a1-32b54005fd48 version=582d7071-1ef0-37c8-adc6-471a13636139
2020-10-14T23:31:41.137592735Z  INFO  2020-10-14 23:31:41,135 [shard 0] database - Keyspace system_schema: Reading CF views id=9786ac1c-dd58-3201-a7cd-ad556410c985 version=5b58bb47-96e7-3f57-accf-0bfca4dbbc6e
2020-10-14T23:31:41.137603876Z  INFO  2020-10-14 23:31:41,135 [shard 0] database - Keyspace system_schema: Reading CF types id=5a8b1ca8-6602-3f77-a045-9273d308917a version=de51b2ce-5e4d-3b7d-a75f-2204332ce8d1
2020-10-14T23:31:41.137614483Z  INFO  2020-10-14 23:31:41,135 [shard 0] database - Keyspace system_schema: Reading CF aggregates id=924c5587-2e3a-345b-b10c-12f37c1ba895 version=4b53e92c-0368-3d5c-b959-2ec1bfd1a59f
2020-10-14T23:31:41.492490282Z  JMX is enabled to receive remote connections on port: 7199
2020-10-14T23:31:41.492901624Z  2020-10-14 23:31:41,492 INFO success: scylla entered RUNNING state, process has stayed up for > than 1 seconds (startsecs)
2020-10-14T23:31:41.493282216Z  2020-10-14 23:31:41,492 INFO success: scylla-housekeeping entered RUNNING state, process has stayed up for > than 1 seconds (startsecs)
2020-10-14T23:31:41.493507745Z  2020-10-14 23:31:41,493 INFO success: sshd entered RUNNING state, process has stayed up for > than 1 seconds (startsecs)
2020-10-14T23:31:41.493831796Z  2020-10-14 23:31:41,493 INFO success: scylla-jmx entered RUNNING state, process has stayed up for > than 1 seconds (startsecs)
2020-10-14T23:31:41.494174774Z  2020-10-14 23:31:41,493 INFO success: rsyslog entered RUNNING state, process has stayed up for > than 1 seconds (startsecs)
2020-10-14T23:31:41.494477801Z  2020-10-14 23:31:41,494 INFO success: node-exporter entered RUNNING state, process has stayed up for > than 1 seconds (startsecs)
2020-10-14T23:31:45.904199406Z  Traceback (most recent call last):
2020-10-14T23:31:45.904233752Z    File "/opt/scylladb/scripts/libexec/scylla-housekeeping", line 208, in <module>
2020-10-14T23:31:45.904246447Z      args.func(args)
2020-10-14T23:31:45.904257276Z    File "/opt/scylladb/scripts/libexec/scylla-housekeeping", line 134, in check_version
2020-10-14T23:31:45.904267487Z      current_version = sanitize_version(get_api('/storage_service/scylla_release_version'))
2020-10-14T23:31:45.904277682Z    File "/opt/scylladb/scripts/libexec/scylla-housekeeping", line 93, in get_api
2020-10-14T23:31:45.904294817Z      return get_json_from_url("http://" + api_address + path)
2020-10-14T23:31:45.904304916Z    File "/opt/scylladb/scripts/libexec/scylla-housekeeping", line 88, in get_json_from_url
2020-10-14T23:31:45.904314837Z      raise RuntimeError(f'Failed to get "{path}" due to the following error: {retval}')
2020-10-14T23:31:45.904325019Z  RuntimeError: Failed to get "http://localhost:10000/storage_service/scylla_release_version" due to the following error: HTTP Error 404: Not Found
2020-10-14T23:31:48.449286832Z  INFO  2020-10-14 23:31:48,448 [shard 0] database - Found temporary sstable directory: "/var/lib/scylla/data/system_schema/scylla_tables-5d912ff1f7593665b2c88042ab5103dd/0000000000000506.sstable", removing
2020-10-14T23:31:48.449328362Z  INFO  2020-10-14 23:31:48,448 [shard 0] database - Found temporary sstable directory: "/var/lib/scylla/data/system_schema/scylla_tables-5d912ff1f7593665b2c88042ab5103dd/0000000000000507.sstable", removing
2020-10-14T23:31:48.449757826Z  INFO  2020-10-14 23:31:48,448 [shard 0] database - Found temporary sstable directory: "/var/lib/scylla/data/system_schema/tables-afddfb9dbc1e30688056eed6c302ba09/0000000000000522.sstable", removing
2020-10-14T23:31:48.449784504Z  INFO  2020-10-14 23:31:48,448 [shard 0] database - Found temporary sstable directory: "/var/lib/scylla/data/system_schema/tables-afddfb9dbc1e30688056eed6c302ba09/0000000000000527.sstable", removing
2020-10-14T23:31:48.450606801Z  INFO  2020-10-14 23:31:48,450 [shard 0] database - Found temporary sstable directory: "/var/lib/scylla/data/system_schema/types-5a8b1ca866023f77a0459273d308917a/0000000000000478.sstable", removing
2020-10-14T23:31:48.450633426Z  INFO  2020-10-14 23:31:48,450 [shard 0] database - Found temporary sstable directory: "/var/lib/scylla/data/system_schema/types-5a8b1ca866023f77a0459273d308917a/0000000000000479.sstable", removing
2020-10-14T23:31:48.451137468Z  INFO  2020-10-14 23:31:48,450 [shard 0] database - Found temporary sstable directory: "/var/lib/scylla/data/system_schema/views-9786ac1cdd583201a7cdad556410c985/0000000000000451.sstable", removing
2020-10-14T23:31:48.451164583Z  INFO  2020-10-14 23:31:48,450 [shard 0] database - Found temporary sstable directory: "/var/lib/scylla/data/system_schema/views-9786ac1cdd583201a7cdad556410c985/0000000000000454.sstable", removing
2020-10-14T23:31:48.451800887Z  INFO  2020-10-14 23:31:48,451 [shard 0] database - Found temporary sstable directory: "/var/lib/scylla/data/system_schema/aggregates-924c55872e3a345bb10c12f37c1ba895/0000000000000439.sstable", removing
2020-10-14T23:31:48.546549110Z  WARN  2020-10-14 23:31:48,546 [shard 0] sstable - Deleting components of sstable from system_schema.scylla_tables of generation 507 that has a temporary TOC
2020-10-14T23:31:48.624649060Z  WARN  2020-10-14 23:31:48,624 [shard 0] sstable - Deleting components of sstable from system_schema.types of generation 478 that has a temporary TOC
2020-10-14T23:31:48.624687963Z  WARN  2020-10-14 23:31:48,624 [shard 0] sstable - Deleting components of sstable from system_schema.views of generation 454 that has a temporary TOC
2020-10-14T23:31:48.624700588Z  WARN  2020-10-14 23:31:48,624 [shard 0] sstable - Deleting components of sstable from system_schema.tables of generation 522 that has a temporary TOC
2020-10-14T23:31:48.624851955Z  WARN  2020-10-14 23:31:48,624 [shard 0] sstable - Deleting components of sstable from system_schema.aggregates of generation 439 that has a temporary TOC
2020-10-14T23:31:48.702490946Z  WARN  2020-10-14 23:31:48,701 [shard 0] sstable - Deleting components of sstable from system_schema.scylla_tables of generation 506 that has a temporary TOC
2020-10-14T23:31:49.846889777Z  WARN  2020-10-14 23:31:49,846 [shard 0] sstable - Deleting components of sstable from system_schema.views of generation 451 that has a temporary TOC
2020-10-14T23:31:50.461594298Z  WARN  2020-10-14 23:31:50,460 [shard 0] sstable - Deleting components of sstable from system_schema.tables of generation 527 that has a temporary TOC
2020-10-14T23:31:50.461641030Z  WARN  2020-10-14 23:31:50,460 [shard 0] sstable - Deleting components of sstable from system_schema.types of generation 479 that has a temporary TOC
2020-10-14T23:31:51.410752682Z  INFO  2020-10-14 23:31:51,410 [shard 0] database - Populating Keyspace system
2020-10-14T23:31:51.411224746Z  INFO  2020-10-14 23:31:51,410 [shard 0] database - Keyspace system: Reading CF schema_aggregates id=a5fc57fc-9d6c-3bfd-a3fc-01ad54686fea version=d06c934f-9a69-374c-86f1-523ab26fb05c
2020-10-14T23:31:51.411287773Z  INFO  2020-10-14 23:31:51,410 [shard 0] database - Keyspace system: Reading CF schema_triggers id=0359bc71-7123-3ee1-9a4a-b9dfb11fc125 version=75e4ec4c-76da-3f59-984e-66810ba0c62b
2020-10-14T23:31:51.411433520Z  INFO  2020-10-14 23:31:51,410 [shard 0] database - Keyspace system: Reading CF compaction_history id=b4dbb7b4-dc49-3fb5-b3bf-ce6e434832ca version=25cae56a-8d75-39f3-a146-3756ab4981c7
2020-10-14T23:31:51.411475659Z  INFO  2020-10-14 23:31:51,410 [shard 0] database - Keyspace system: Reading CF compactions_in_progress id=55080ab0-5d9c-3886-90a4-acb25fe1f77b version=540263f1-40db-3869-8a38-3baadedc222d
2020-10-14T23:31:51.411488736Z  INFO  2020-10-14 23:31:51,410 [shard 0] database - Keyspace system: Reading CF range_xfers id=55d76438-4e55-3f8b-9f6e-676d4af3976d version=dd15a078-409b-350d-9bef-c5f3520832d8
2020-10-14T23:31:51.411499376Z  INFO  2020-10-14 23:31:51,410 [shard 0] database - Keyspace system: Reading CF scylla_views_builds_in_progress id=a04c7bfd-1e13-36c9-a44d-f22da352281d version=e3fb736c-6956-3990-a31d-9a482279e3fc
2020-10-14T23:31:51.411509747Z  INFO  2020-10-14 23:31:51,411 [shard 0] database - Keyspace system: Reading CF IndexInfo id=9f5c6374-d485-3229-9a0a-5094af9ad1e3 version=bbb3743b-351f-3023-b4fc-09a9be37d529
2020-10-14T23:31:51.411535828Z  INFO  2020-10-14 23:31:51,411 [shard 0] database - Keyspace system: Reading CF cdc_local id=0bcaffd4-0c83-3ead-ad13-dc1d5015b77c version=0aa4d3a2-ed95-3ecd-aba0-cd75622ad290
2020-10-14T23:31:51.411547322Z  INFO  2020-10-14 23:31:51,411 [shard 0] database - Keyspace system: Reading CF schema_columnfamilies id=45f5b360-24bc-3f83-a363-1034ea4fa697 version=7f7a5fea-07b7-304d-a6f8-f7aec72cabdb
2020-10-14T23:31:51.411557792Z  INFO  2020-10-14 23:31:51,411 [shard 0] database - Keyspace system: Reading CF batchlog id=0290003c-977e-397c-ac3e-fdfdc01d626b version=e2a2e804-49e4-3597-9f16-39fd9475835c
2020-10-14T23:31:51.411706481Z  INFO  2020-10-14 23:31:51,411 [shard 0] database - Keyspace system: Reading CF schema_functions id=d1b675fe-2b50-3ca4-8e49-c0f81989dcad version=a50959dd-2be0-3e4e-8bb5-cf40796e256a
2020-10-14T23:31:51.411723997Z  INFO  2020-10-14 23:31:51,411 [shard 0] database - Keyspace system: Reading CF peer_events id=59dfeaea-8db2-3341-91ef-109974d81484 version=7f874a05-72b8-3c21-9acb-baa164fc351a
2020-10-14T23:31:51.411734780Z  INFO  2020-10-14 23:31:51,411 [shard 0] database - Keyspace system: Reading CF local id=7ad54392-bcdd-35a6-8417-4e047860b377 version=7fa82c2e-5b67-37dd-8e5e-2079e18f1536
2020-10-14T23:31:51.411747313Z  INFO  2020-10-14 23:31:51,411 [shard 0] database - Keyspace system: Reading CF clients id=ca0f635d-8630-3609-8d93-a1fc06f2a5e5 version=51273ebf-e6f9-3cd5-b455-ea09ad29796f
2020-10-14T23:31:51.411758546Z  INFO  2020-10-14 23:31:51,411 [shard 0] database - Keyspace system: Reading CF size_estimates id=618f817b-005f-3678-b8a4-53f3930b8e86 version=6d4dbcff-f05b-3dc3-95ad-f79f7b10504d
2020-10-14T23:31:51.411769172Z  INFO  2020-10-14 23:31:51,411 [shard 0] database - Keyspace system: Reading CF large_partitions id=8a7fe624-96b0-34b1-b90e-f71bddcdd2d3 version=04fa9920-9369-3a96-be39-6dd9fdc816b6
2020-10-14T23:31:51.411779560Z  INFO  2020-10-14 23:31:51,411 [shard 0] database - Keyspace system: Reading CF schema_columns id=296e9c04-9bec-3085-827d-c17d3df2122a version=53cfbb66-ee0d-37be-97bb-b2afb3746f85
2020-10-14T23:31:51.411789892Z  INFO  2020-10-14 23:31:51,411 [shard 0] database - Keyspace system: Reading CF built_views id=4b3c50a9-ea87-3d76-9101-6dbc9c38494a version=a28aa0b3-6def-30a7-9fbe-ce78b3f3c9b9
2020-10-14T23:31:51.411800361Z  INFO  2020-10-14 23:31:51,411 [shard 0] database - Keyspace system: Reading CF peers id=37f71aca-7dc2-383b-a706-72528af04d4f version=f6f6871f-8c86-3eca-ac0b-2a2e848e395d
2020-10-14T23:31:51.411810830Z  INFO  2020-10-14 23:31:51,411 [shard 0] database - Keyspace system: Reading CF hints id=2666e205-73ef-38b3-90fe-fecf96e8f0c7 version=0b74fdd1-e96d-309e-a14e-a5bcd7ac885d
2020-10-14T23:31:51.411828601Z  INFO  2020-10-14 23:31:51,411 [shard 0] database - Keyspace system: Reading CF large_rows id=40550f66-0858-39a0-9430-f27fc08034e9 version=aee3acb0-7926-317b-848e-db7bc3721695
2020-10-14T23:31:51.411839214Z  INFO  2020-10-14 23:31:51,411 [shard 0] database - Keyspace system: Reading CF large_cells id=ead8bbc5-f146-3ae1-9f71-0b11f9a1d296 version=0d4a6937-a781-3f87-a192-b4e4a4a40acf
2020-10-14T23:31:51.411850185Z  INFO  2020-10-14 23:31:51,411 [shard 0] database - Keyspace system: Reading CF scylla_local id=2972ec7f-fb20-38dd-aac1-d876f2e3fcbd version=5f0b407d-eedf-3845-a48e-dbb9673d10e1
2020-10-14T23:31:51.411860690Z  INFO  2020-10-14 23:31:51,411 [shard 0] database - Keyspace system: Reading CF views_builds_in_progress id=b7f2c108-78cd-3c80-9cd5-d609b2bd149c version=b905cce5-1474-3085-819a-7592453e2fb9
2020-10-14T23:31:51.411881476Z  INFO  2020-10-14 23:31:51,411 [shard 0] database - Keyspace system: Reading CF schema_usertypes id=3aa75225-4f82-350b-8d5c-430fa221fa0a version=3c53e6bb-56d5-3618-a0b2-4ff5f18127d7
2020-10-14T23:31:51.411893548Z  INFO  2020-10-14 23:31:51,411 [shard 0] database - Keyspace system: Reading CF sstable_activity id=5a1ff267-ace0-3f12-8563-cfae6103c65e version=bdec57a3-b234-334b-be9c-7b1f33113995
2020-10-14T23:31:51.411903896Z  INFO  2020-10-14 23:31:51,411 [shard 0] database - Keyspace system: Reading CF truncated id=38c19fd0-fb86-3310-a4b7-0d0cc66628aa version=6da9a85c-7ae0-3917-aead-54a2f65a57a8
2020-10-14T23:31:51.411914103Z  INFO  2020-10-14 23:31:51,411 [shard 0] database - Keyspace system: Reading CF paxos id=b7b7f0c2-fd0a-3410-8c05-3ef614bb7c2d version=6dd372de-72fb-3e1b-9b8c-f97738a67fe9
2020-10-14T23:31:51.411924456Z  INFO  2020-10-14 23:31:51,411 [shard 0] database - Keyspace system: Reading CF schema_keyspaces id=b0f22357-4458-3cdb-9631-c43e59ce3676 version=84d28cef-59f9-34a9-9be5-31c684997f03
2020-10-14T23:32:02.010856924Z  INFO  2020-10-14 23:32:02,010 [shard 0] init - starting gossip
2020-10-14T23:32:02.010884905Z  WARN  2020-10-14 23:32:02,010 [shard 0] init - Using default cluster name is not recommended. Using a unique cluster name will reduce the chance of adding nodes to the wrong cluster by mistake
2020-10-14T23:32:02.011257253Z  INFO  2020-10-14 23:32:02,010 [shard 0] init - starting storage proxy
2020-10-14T23:32:02.025976698Z  INFO  2020-10-14 23:32:02,025 [shard 0] init - creating hints manager
2020-10-14T23:32:02.026753970Z  INFO  2020-10-14 23:32:02,026 [shard 2] init - creating hints manager
2020-10-14T23:32:02.027008763Z  INFO  2020-10-14 23:32:02,026 [shard 3] init - creating hints manager
2020-10-14T23:32:02.027613858Z  INFO  2020-10-14 23:32:02,027 [shard 1] init - creating hints manager
2020-10-14T23:32:02.028235335Z  INFO  2020-10-14 23:32:02,027 [shard 0] init - starting migration manager
2020-10-14T23:32:02.028706784Z  INFO  2020-10-14 23:32:02,028 [shard 0] init - starting query processor
2020-10-14T23:32:02.030476300Z  INFO  2020-10-14 23:32:02,030 [shard 0] init - initializing batchlog manager
2020-10-14T23:32:02.034681946Z  INFO  2020-10-14 23:32:02,034 [shard 0] legacy_schema_migrator - Moving 0 keyspaces from legacy schema tables to the new schema keyspace (system_schema)
2020-10-14T23:32:02.035207526Z  INFO  2020-10-14 23:32:02,034 [shard 0] legacy_schema_migrator - Dropping legacy schema tables
2020-10-14T23:32:11.825336143Z  INFO  2020-10-14 23:32:11,824 [shard 0] legacy_schema_migrator - Completed migration of legacy schema tables
2020-10-14T23:32:11.829419930Z  INFO  2020-10-14 23:32:11,828 [shard 0] init - loading system sstables
2020-10-14T23:32:26.098270234Z  INFO  2020-10-14 23:32:26,097 [shard 0] init - loading non-system sstables
2020-10-14T23:32:35.008901239Z  INFO  2020-10-14 23:32:35,008 [shard 0] database - Populating Keyspace dt
2020-10-14T23:32:35.008959394Z  INFO  2020-10-14 23:32:35,008 [shard 0] database - Keyspace dt: Reading CF source_element_idx_index id=68593f10-d77b-11ea-9877-000000000001 version=33e3f927-f730-3081-88e1-6bed2962e42a
2020-10-14T23:32:35.008987442Z  INFO  2020-10-14 23:32:35,008 [shard 0] database - Keyspace dt: Reading CF element_twin_idx_index id=630ae8b0-d77b-11ea-9877-000000000001 version=bc3026fd-bc4e-318d-b6f4-ca0b566cb74b
2020-10-14T23:32:35.008999020Z  INFO  2020-10-14 23:32:35,008 [shard 0] database - Keyspace dt: Reading CF source id=65ff2270-d77b-11ea-9877-000000000001 version=5f8471b7-7d19-31d4-9be5-0f153affb0bb
2020-10-14T23:32:35.009176557Z  INFO  2020-10-14 23:32:35,008 [shard 0] database - Keyspace dt: Reading CF source_data id=6af6cd50-d77b-11ea-9877-000000000001 version=b52400e3-b307-3141-b3fc-e5d63573f135
2020-10-14T23:32:35.009194288Z  INFO  2020-10-14 23:32:35,008 [shard 0] database - Keyspace dt: Reading CF element id=607549b0-d77b-11ea-9877-000000000001 version=f44a6c4b-69d8-37f2-b116-7260740acc6c
2020-10-14T23:32:35.009204666Z  INFO  2020-10-14 23:32:35,008 [shard 0] database - Keyspace dt: Reading CF twin id=5e00c740-d77b-11ea-9877-000000000001 version=6240633e-c8cc-3fea-a1e3-452eff1b9659
2020-10-14T23:32:35.009228278Z  INFO  2020-10-14 23:32:35,008 [shard 0] database - Keyspace dt: Reading CF user id=5c294820-d77b-11ea-9877-000000000001 version=02cce273-02f1-3e6a-8674-f1016e3f22d7
2020-10-14T23:32:35.009240665Z  INFO  2020-10-14 23:32:35,008 [shard 0] database - Populating Keyspace system_distributed
2020-10-14T23:32:35.009250592Z  INFO  2020-10-14 23:32:35,008 [shard 0] database - Keyspace system_distributed: Reading CF view_build_status id=5582b59f-8e4e-35e1-b913-3acada51eb04 version=e0b6e628-60e0-39a2-ada0-9b6c13bdd9bc
2020-10-14T23:32:35.009261347Z  INFO  2020-10-14 23:32:35,008 [shard 0] database - Keyspace system_distributed: Reading CF cdc_generations id=6a4df139-00b6-3d21-9efc-dade266dc3b7 version=2511b46b-df1d-39fa-9a77-f5cacf88af47
2020-10-14T23:32:35.009271396Z  INFO  2020-10-14 23:32:35,008 [shard 0] database - Keyspace system_distributed: Reading CF cdc_streams id=07405732-4620-34d6-a85e-947248dad9a4 version=b606cfa4-a37b-32bd-a624-e05cab2bed3c
2020-10-14T23:32:35.009281430Z  INFO  2020-10-14 23:32:35,008 [shard 0] database - Populating Keyspace system_auth
2020-10-14T23:32:35.009415096Z  INFO  2020-10-14 23:32:35,008 [shard 0] database - Keyspace system_auth: Reading CF roles id=5bc52802-de25-35ed-aeab-188eecebb090 version=d8f599da-7544-3f57-aa58-b229deea93e0
2020-10-14T23:32:35.009439920Z  INFO  2020-10-14 23:32:35,008 [shard 0] database - Keyspace system_auth: Reading CF role_members id=0ecdaa87-f8fb-3e60-88d1-74fb36fe5c0d version=2923b5bb-f2f8-36e8-9e73-19019900010c
2020-10-14T23:32:35.009452091Z  INFO  2020-10-14 23:32:35,008 [shard 0] database - Populating Keyspace system_traces
2020-10-14T23:32:35.009462214Z  INFO  2020-10-14 23:32:35,008 [shard 0] database - Keyspace system_traces: Reading CF sessions id=c5e99f16-8677-3914-b17e-960613512345 version=e0fc4b06-6cba-3b7b-bfb6-b42a77c370a9
2020-10-14T23:32:35.009478611Z  INFO  2020-10-14 23:32:35,008 [shard 0] database - Keyspace system_traces: Reading CF node_slow_log_time_idx id=f9706768-aa1e-3d87-9e5c-51a3927c2870 version=eaffc0bb-7b2c-3b64-8924-d8ba685120bc
2020-10-14T23:32:35.009490200Z  INFO  2020-10-14 23:32:35,009 [shard 0] database - Keyspace system_traces: Reading CF sessions_time_idx id=0ebf001c-c1d1-3693-9a63-c3d96ac53318 version=cd5d1e5f-1f42-3b9d-a8ba-3af39d59a7d5
2020-10-14T23:32:35.009510174Z  INFO  2020-10-14 23:32:35,009 [shard 0] database - Keyspace system_traces: Reading CF events id=8826e8e9-e16a-3728-8753-3bc1fc713c25 version=41a6b26e-a03b-3ae1-8a4a-b9446e7f9304
2020-10-14T23:32:35.009521500Z  INFO  2020-10-14 23:32:35,009 [shard 0] database - Keyspace system_traces: Reading CF node_slow_log id=bfcc4e62-5b63-3aa1-a1c3-6f5e47f3325c version=23e7a411-8414-340f-854d-20a3a637e438
2020-10-14T23:32:40.881817395Z  INFO  2020-10-14 23:32:40,881 [shard 0] init - starting view update generator
2020-10-14T23:32:40.882458728Z  INFO  2020-10-14 23:32:40,882 [shard 0] init - discovering staging sstables
2020-10-14T23:32:40.883139779Z  INFO  2020-10-14 23:32:40,882 [shard 0] init - setting up system keyspace
2020-10-14T23:32:40.899554941Z  INFO  2020-10-14 23:32:40,899 [shard 0] init - starting commit log
2020-10-14T23:32:40.899597121Z  INFO  2020-10-14 23:32:40,899 [shard 0] init - replaying commit log
2020-10-14T23:32:40.902715619Z  INFO  2020-10-14 23:32:40,902 [shard 0] commitlog_replayer - Replaying /var/lib/scylla/commitlog/CommitLog-1-18014401482479645.log, /var/lib/scylla/commitlog/CommitLog-1-2972997659.log, /var/lib/scylla/commitlog/CommitLog-1-54043198501443613.log, /var/lib/scylla/commitlog/CommitLog-1-2972997660.log, /var/lib/scylla/commitlog/CommitLog-1-36028799991961630.log, /var/lib/scylla/commitlog/CommitLog-1-2972997661.log, /var/lib/scylla/commitlog/CommitLog-1-36028799991961629.log, /var/lib/scylla/commitlog/CommitLog-1-36028799991961631.log, /var/lib/scylla/commitlog/CommitLog-1-18014401482479644.log, /var/lib/scylla/commitlog/CommitLog-1-54043198501443615.log, /var/lib/scylla/commitlog/CommitLog-1-54043198501443614.log
2020-10-14T23:32:44.557518565Z  INFO  2020-10-14 23:32:44,556 [shard 0] commitlog_replayer - Log replay complete, 21317 replayed mutations (0 invalid, 0 skipped)
2020-10-14T23:32:44.561383687Z  INFO  2020-10-14 23:32:44,560 [shard 0] init - replaying commit log - flushing memtables
2020-10-14T23:33:02.586688103Z  INFO  2020-10-14 23:33:02,585 [shard 0] init - replaying commit log - removing old commitlog segments
2020-10-14T23:33:02.591822493Z  INFO  2020-10-14 23:33:02,589 [shard 0] compaction - Compacting [/var/lib/scylla/data/system/compaction_history-b4dbb7b4dc493fb5b3bfce6e434832ca/mc-840-big-Data.db:level=0, /var/lib/scylla/data/system/compaction_history-b4dbb7b4dc493fb5b3bfce6e434832ca/mc-836-big-Data.db:level=0, /var/lib/scylla/data/system/compaction_history-b4dbb7b4dc493fb5b3bfce6e434832ca/mc-832-big-Data.db:level=0, ]
2020-10-14T23:33:02.592021407Z  INFO  2020-10-14 23:33:02,590 [shard 0] compaction - Compacting [/var/lib/scylla/data/system/truncated-38c19fd0fb863310a4b70d0cc66628aa/mc-1596-big-Data.db:level=0, /var/lib/scylla/data/system/truncated-38c19fd0fb863310a4b70d0cc66628aa/mc-1600-big-Data.db:level=0, /var/lib/scylla/data/system/truncated-38c19fd0fb863310a4b70d0cc66628aa/mc-1592-big-Data.db:level=0, ]
2020-10-14T23:33:02.592064416Z  INFO  2020-10-14 23:33:02,590 [shard 2] compaction - Compacting [/var/lib/scylla/data/system/peers-37f71aca7dc2383ba70672528af04d4f/mc-34-big-Data.db:level=0, /var/lib/scylla/data/system/peers-37f71aca7dc2383ba70672528af04d4f/mc-26-big-Data.db:level=0, /var/lib/scylla/data/system/peers-37f71aca7dc2383ba70672528af04d4f/mc-30-big-Data.db:level=0, ]
2020-10-14T23:33:02.592087297Z  INFO  2020-10-14 23:33:02,590 [shard 3] compaction - Compacting [/var/lib/scylla/data/system_schema/dropped_columns-5e7583b5f3f43af19a39b7e1d6f5f11f/mc-639-big-Data.db:level=0, /var/lib/scylla/data/system_schema/dropped_columns-5e7583b5f3f43af19a39b7e1d6f5f11f/mc-643-big-Data.db:level=0, /var/lib/scylla/data/system_schema/dropped_columns-5e7583b5f3f43af19a39b7e1d6f5f11f/mc-635-big-Data.db:level=0, ]
2020-10-14T23:33:02.592137293Z  INFO  2020-10-14 23:33:02,590 [shard 1] compaction - Compacting [/var/lib/scylla/data/system/clients-ca0f635d863036098d93a1fc06f2a5e5/mc-21-big-Data.db:level=0, /var/lib/scylla/data/system/clients-ca0f635d863036098d93a1fc06f2a5e5/mc-49-big-Data.db:level=0, /var/lib/scylla/data/system/clients-ca0f635d863036098d93a1fc06f2a5e5/mc-45-big-Data.db:level=0, /var/lib/scylla/data/system/clients-ca0f635d863036098d93a1fc06f2a5e5/mc-57-big-Data.db:level=0, /var/lib/scylla/data/system/clients-ca0f635d863036098d93a1fc06f2a5e5/mc-41-big-Data.db:level=0, /var/lib/scylla/data/system/clients-ca0f635d863036098d93a1fc06f2a5e5/mc-37-big-Data.db:level=0, /var/lib/scylla/data/system/clients-ca0f635d863036098d93a1fc06f2a5e5/mc-25-big-Data.db:level=0, /var/lib/scylla/data/system/clients-ca0f635d863036098d93a1fc06f2a5e5/mc-53-big-Data.db:level=0, /var/lib/scylla/data/system/clients-ca0f635d863036098d93a1fc06f2a5e5/mc-33-big-Data.db:level=0, /var/lib/scylla/data/system/clients-ca0f635d863036098d93a1fc06f2a5e5/mc-29-big-Data.db:level=0, ]
2020-10-14T23:33:02.592165574Z  INFO  2020-10-14 23:33:02,590 [shard 2] compaction - Compacting [/var/lib/scylla/data/system_schema/dropped_columns-5e7583b5f3f43af19a39b7e1d6f5f11f/mc-638-big-Data.db:level=0, /var/lib/scylla/data/system_schema/dropped_columns-5e7583b5f3f43af19a39b7e1d6f5f11f/mc-642-big-Data.db:level=0, /var/lib/scylla/data/system_schema/dropped_columns-5e7583b5f3f43af19a39b7e1d6f5f11f/mc-634-big-Data.db:level=0, ]
2020-10-14T23:33:02.592186192Z  INFO  2020-10-14 23:33:02,590 [shard 2] compaction - Compacting [/var/lib/scylla/data/system/compaction_history-b4dbb7b4dc493fb5b3bfce6e434832ca/mc-862-big-Data.db:level=0, /var/lib/scylla/data/system/compaction_history-b4dbb7b4dc493fb5b3bfce6e434832ca/mc-858-big-Data.db:level=0, /var/lib/scylla/data/system/compaction_history-b4dbb7b4dc493fb5b3bfce6e434832ca/mc-854-big-Data.db:level=0, ]
2020-10-14T23:33:02.592205583Z  INFO  2020-10-14 23:33:02,590 [shard 1] compaction - Compacting [/var/lib/scylla/data/system/compaction_history-b4dbb7b4dc493fb5b3bfce6e434832ca/mc-849-big-Data.db:level=0, /var/lib/scylla/data/system/compaction_history-b4dbb7b4dc493fb5b3bfce6e434832ca/mc-845-big-Data.db:level=0, /var/lib/scylla/data/system/compaction_history-b4dbb7b4dc493fb5b3bfce6e434832ca/mc-841-big-Data.db:level=0, ]
2020-10-14T23:33:02.592225084Z  INFO  2020-10-14 23:33:02,590 [shard 3] compaction - Compacting [/var/lib/scylla/data/system_schema/functions-96489b7980be3e14a70166a0b9159450/mc-579-big-Data.db:level=0, /var/lib/scylla/data/system_schema/functions-96489b7980be3e14a70166a0b9159450/mc-571-big-Data.db:level=0, /var/lib/scylla/data/system_schema/functions-96489b7980be3e14a70166a0b9159450/mc-575-big-Data.db:level=0, ]
2020-10-14T23:33:02.593562730Z  INFO  2020-10-14 23:33:02,591 [shard 3] compaction - Compacting [/var/lib/scylla/data/system/compaction_history-b4dbb7b4dc493fb5b3bfce6e434832ca/mc-863-big-Data.db:level=0, /var/lib/scylla/data/system/compaction_history-b4dbb7b4dc493fb5b3bfce6e434832ca/mc-859-big-Data.db:level=0, /var/lib/scylla/data/system/compaction_history-b4dbb7b4dc493fb5b3bfce6e434832ca/mc-855-big-Data.db:level=0, ]
2020-10-14T23:33:02.593599990Z  INFO  2020-10-14 23:33:02,591 [shard 2] compaction - Compacting [/var/lib/scylla/data/system_schema/columns-24101c25a2ae3af787c1b40ee1aca33f/mc-642-big-Data.db:level=0, /var/lib/scylla/data/system_schema/columns-24101c25a2ae3af787c1b40ee1aca33f/mc-646-big-Data.db:level=0, /var/lib/scylla/data/system_schema/columns-24101c25a2ae3af787c1b40ee1aca33f/mc-638-big-Data.db:level=0, ]
2020-10-14T23:33:02.593639042Z  INFO  2020-10-14 23:33:02,591 [shard 3] compaction - Compacting [/var/lib/scylla/data/system_schema/columns-24101c25a2ae3af787c1b40ee1aca33f/mc-639-big-Data.db:level=0, /var/lib/scylla/data/system_schema/columns-24101c25a2ae3af787c1b40ee1aca33f/mc-643-big-Data.db:level=0, /var/lib/scylla/data/system_schema/columns-24101c25a2ae3af787c1b40ee1aca33f/mc-635-big-Data.db:level=0, ]
2020-10-14T23:33:02.593689299Z  INFO  2020-10-14 23:33:02,591 [shard 2] compaction - Compacting [/var/lib/scylla/data/system_schema/keyspaces-abac5682dea631c5b535b3d6cffd0fb6/mc-610-big-Data.db:level=0, /var/lib/scylla/data/system_schema/keyspaces-abac5682dea631c5b535b3d6cffd0fb6/mc-614-big-Data.db:level=0, /var/lib/scylla/data/system_schema/keyspaces-abac5682dea631c5b535b3d6cffd0fb6/mc-606-big-Data.db:level=0, ]
2020-10-14T23:33:02.593713254Z  INFO  2020-10-14 23:33:02,591 [shard 3] compaction - Compacting [/var/lib/scylla/data/system_schema/indexes-0feb57ac311f382fba6d9024d305702f/mc-563-big-Data.db:level=0, /var/lib/scylla/data/system_schema/indexes-0feb57ac311f382fba6d9024d305702f/mc-559-big-Data.db:level=0, /var/lib/scylla/data/system_schema/indexes-0feb57ac311f382fba6d9024d305702f/mc-555-big-Data.db:level=0, ]
2020-10-14T23:33:02.593733094Z  INFO  2020-10-14 23:33:02,591 [shard 2] compaction - Compacting [/var/lib/scylla/data/system_schema/types-5a8b1ca866023f77a0459273d308917a/mc-478-big-Data.db:level=0, /var/lib/scylla/data/system_schema/types-5a8b1ca866023f77a0459273d308917a/mc-474-big-Data.db:level=0, ]
2020-10-14T23:33:02.593754788Z  INFO  2020-10-14 23:33:02,592 [shard 3] compaction - Compacting [/var/lib/scylla/data/dt/source_data-6af6cd50d77b11ea9877000000000001/mc-647-big-Data.db:level=0, /var/lib/scylla/data/dt/source_data-6af6cd50d77b11ea9877000000000001/mc-643-big-Data.db:level=0, /var/lib/scylla/data/dt/source_data-6af6cd50d77b11ea9877000000000001/mc-639-big-Data.db:level=0, ]
2020-10-14T23:33:02.593774970Z  INFO  2020-10-14 23:33:02,592 [shard 2] compaction - Compacting [/var/lib/scylla/data/system_schema/tables-afddfb9dbc1e30688056eed6c302ba09/mc-522-big-Data.db:level=0, /var/lib/scylla/data/system_schema/tables-afddfb9dbc1e30688056eed6c302ba09/mc-518-big-Data.db:level=0, ]
2020-10-14T23:33:02.593793376Z  INFO  2020-10-14 23:33:02,592 [shard 1] compaction - Compacting [/var/lib/scylla/data/system/local-7ad54392bcdd35a684174e047860b377/mc-3421-big-Data.db:level=0, /var/lib/scylla/data/system/local-7ad54392bcdd35a684174e047860b377/mc-3425-big-Data.db:level=0, /var/lib/scylla/data/system/local-7ad54392bcdd35a684174e047860b377/mc-3429-big-Data.db:level=0, /var/lib/scylla/data/system/local-7ad54392bcdd35a684174e047860b377/mc-3417-big-Data.db:level=0, ]
2020-10-14T23:33:02.598240499Z  INFO  2020-10-14 23:33:02,597 [shard 0] init - initializing migration manager RPC verbs
2020-10-14T23:33:02.600032361Z  INFO  2020-10-14 23:33:02,599 [shard 0] init - initializing storage proxy RPC verbs
2020-10-14T23:33:02.601527524Z  INFO  2020-10-14 23:33:02,601 [shard 0] init - starting streaming service
2020-10-14T23:33:02.604981686Z  INFO  2020-10-14 23:33:02,604 [shard 0] init - starting hinted handoff manager
2020-10-14T23:33:03.886739502Z  WARN  2020-10-14 23:33:03,886 [shard 3] large_data - Writing a partition with too many rows [dt/source_data:d0a71d84-b80f-4558-beac-8887750652e3] (154258 rows)
2020-10-14T23:33:04.609188031Z  INFO  2020-10-14 23:33:04,607 [shard 0] init - starting messaging service
2020-10-14T23:33:04.609263134Z  INFO  2020-10-14 23:33:04,608 [shard 0] repair - Setting max_repair_memory=168820736, max_repair_memory_per_range=33554432, max_repair_ranges_in_parallel=5
2020-10-14T23:33:04.609433213Z  INFO  2020-10-14 23:33:04,609 [shard 0] init - starting storage service
2020-10-14T23:33:04.611623395Z  INFO  2020-10-14 23:33:04,611 [shard 0] storage_service - Loading persisted ring state
2020-10-14T23:33:04.616000869Z  INFO  2020-10-14 23:33:04,615 [shard 0] storage_service - loaded_peer_features: peer_features size=0
2020-10-14T23:33:04.616040151Z  INFO  2020-10-14 23:33:04,615 [shard 0] storage_service - Checking remote features skipped, since this node is a new seed node which knows nothing about the cluster
2020-10-14T23:33:04.617622885Z  INFO  2020-10-14 23:33:04,617 [shard 0] storage_service - Restarting a node in NORMAL status
2020-10-14T23:33:04.654761712Z  INFO  2020-10-14 23:33:04,654 [shard 0] database - Schema version changed to 3f00f995-6495-3765-8599-4e76a2f4c6b2
2020-10-14T23:33:04.655145394Z  INFO  2020-10-14 23:33:04,654 [shard 0] storage_service - Starting up server gossip
2020-10-14T23:33:04.913107257Z  INFO  2020-10-14 23:33:04,912 [shard 2] compaction - Compacted 3 sstables to []. 16428 bytes to 0 (~0% of original) in 0ms = 0.00MB/s. ~384 total partitions merged to 0.
2020-10-14T23:33:05.923166935Z  INFO  2020-10-14 23:33:05,922 [shard 1] compaction - Compacted 10 sstables to []. 246489 bytes to 0 (~0% of original) in 28ms = 0.00MB/s. ~1280 total partitions merged to 0.
2020-10-14T23:33:07.318028040Z  INFO  2020-10-14 23:33:07,315 [shard 0] compaction - Compacted 3 sstables to [/var/lib/scylla/data/system/truncated-38c19fd0fb863310a4b70d0cc66628aa/mc-1604-big-Data.db:level=0, ]. 158416 bytes to 76909 (~48% of original) in 3147ms = 0.02MB/s. ~384 total partitions merged to 2.
2020-10-14T23:33:07.320277729Z  INFO  2020-10-14 23:33:07,317 [shard 0] compaction - Compacted 3 sstables to [/var/lib/scylla/data/system/compaction_history-b4dbb7b4dc493fb5b3bfce6e434832ca/mc-844-big-Data.db:level=0, ]. 214353 bytes to 80696 (~37% of original) in 3148ms = 0.02MB/s. ~384 total partitions merged to 12.
2020-10-14T23:33:07.598495160Z  INFO  2020-10-14 23:33:07,597 [shard 2] compaction - Compacting [/var/lib/scylla/data/system_schema/views-9786ac1cdd583201a7cdad556410c985/mc-454-big-Data.db:level=0, /var/lib/scylla/data/system_schema/views-9786ac1cdd583201a7cdad556410c985/mc-450-big-Data.db:level=0, ]
2020-10-14T23:33:07.600090747Z  INFO  2020-10-14 23:33:07,599 [shard 2] compaction - Compacting [/var/lib/scylla/data/system_schema/view_virtual_columns-08843b6345dc3be29798a0418295cfaa/mc-586-big-Data.db:level=0, /var/lib/scylla/data/system_schema/view_virtual_columns-08843b6345dc3be29798a0418295cfaa/mc-578-big-Data.db:level=0, /var/lib/scylla/data/system_schema/view_virtual_columns-08843b6345dc3be29798a0418295cfaa/mc-582-big-Data.db:level=0, ]
2020-10-14T23:33:07.601439475Z  INFO  2020-10-14 23:33:07,600 [shard 2] compaction - Compacting [/var/lib/scylla/data/system_schema/scylla_tables-5d912ff1f7593665b2c88042ab5103dd/mc-506-big-Data.db:level=0, /var/lib/scylla/data/system_schema/scylla_tables-5d912ff1f7593665b2c88042ab5103dd/mc-502-big-Data.db:level=0, ]
2020-10-14T23:33:07.602103605Z  INFO  2020-10-14 23:33:07,601 [shard 2] compaction - Compacting [/var/lib/scylla/data/system/truncated-38c19fd0fb863310a4b70d0cc66628aa/mc-1102-big-Data.db:level=0, /var/lib/scylla/data/system/truncated-38c19fd0fb863310a4b70d0cc66628aa/mc-1098-big-Data.db:level=0, /var/lib/scylla/data/system/truncated-38c19fd0fb863310a4b70d0cc66628aa/mc-1094-big-Data.db:level=0, ]
2020-10-14T23:33:08.173565575Z  INFO  2020-10-14 23:33:08,172 [shard 3] compaction - Compacting [/var/lib/scylla/data/system_schema/triggers-4df70b666b05325195a132b54005fd48/mc-559-big-Data.db:level=0, /var/lib/scylla/data/system_schema/triggers-4df70b666b05325195a132b54005fd48/mc-563-big-Data.db:level=0, /var/lib/scylla/data/system_schema/triggers-4df70b666b05325195a132b54005fd48/mc-555-big-Data.db:level=0, ]
2020-10-14T23:33:08.173631026Z  INFO  2020-10-14 23:33:08,173 [shard 3] compaction - Compacting [/var/lib/scylla/data/system_schema/view_virtual_columns-08843b6345dc3be29798a0418295cfaa/mc-587-big-Data.db:level=0, /var/lib/scylla/data/system_schema/view_virtual_columns-08843b6345dc3be29798a0418295cfaa/mc-583-big-Data.db:level=0, /var/lib/scylla/data/system_schema/view_virtual_columns-08843b6345dc3be29798a0418295cfaa/mc-579-big-Data.db:level=0, ]
2020-10-14T23:33:08.174829405Z  INFO  2020-10-14 23:33:08,174 [shard 3] compaction - Compacting [/var/lib/scylla/data/system_schema/computed_columns-cc7c7069374033c192a4c3de78dbd2c4/mc-503-big-Data.db:level=0, /var/lib/scylla/data/system_schema/computed_columns-cc7c7069374033c192a4c3de78dbd2c4/mc-499-big-Data.db:level=0, ]
2020-10-14T23:33:08.175312095Z  INFO  2020-10-14 23:33:08,174 [shard 3] compaction - Compacting [/var/lib/scylla/data/system_schema/scylla_tables-5d912ff1f7593665b2c88042ab5103dd/mc-507-big-Data.db:level=0, /var/lib/scylla/data/system_schema/scylla_tables-5d912ff1f7593665b2c88042ab5103dd/mc-503-big-Data.db:level=0, ]
2020-10-14T23:33:08.177434360Z  INFO  2020-10-14 23:33:08,176 [shard 3] compaction - Compacting [/var/lib/scylla/data/system_schema/tables-afddfb9dbc1e30688056eed6c302ba09/mc-527-big-Data.db:level=0, /var/lib/scylla/data/system_schema/tables-afddfb9dbc1e30688056eed6c302ba09/mc-523-big-Data.db:level=0, ]
2020-10-14T23:33:08.976441484Z  INFO  2020-10-14 23:33:08,975 [shard 0] messaging_service - Starting Messaging Service on port 7000
2020-10-14T23:33:09.205678993Z  INFO  2020-10-14 23:33:09,204 [shard 1] compaction - Compacted 4 sstables to [/var/lib/scylla/data/system/local-7ad54392bcdd35a684174e047860b377/mc-3433-big-Data.db:level=0, ]. 31130 bytes to 12613 (~40% of original) in 5468ms = 0.00MB/s. ~512 total partitions merged to 1.
2020-10-14T23:33:09.207409152Z  INFO  2020-10-14 23:33:09,206 [shard 1] compaction - Compacting [/var/lib/scylla/data/system/local-7ad54392bcdd35a684174e047860b377/mc-3437-big-Data.db:level=0, /var/lib/scylla/data/system/local-7ad54392bcdd35a684174e047860b377/mc-3433-big-Data.db:level=0, ]
2020-10-14T23:33:09.208321302Z  INFO  2020-10-14 23:33:09,207 [shard 1] compaction - Compacted 3 sstables to [/var/lib/scylla/data/system/compaction_history-b4dbb7b4dc493fb5b3bfce6e434832ca/mc-853-big-Data.db:level=0, ]. 222629 bytes to 81518 (~36% of original) in 5577ms = 0.01MB/s. ~384 total partitions merged to 12.
2020-10-14T23:33:10.129651810Z  INFO  2020-10-14 23:33:10,128 [shard 2] compaction - Compacted 2 sstables to [/var/lib/scylla/data/system_schema/types-5a8b1ca866023f77a0459273d308917a/mc-482-big-Data.db:level=0, ]. 10758 bytes to 5615 (~52% of original) in 5005ms = 0.00MB/s. ~256 total partitions merged to 1.
2020-10-14T23:33:10.224376661Z  INFO  2020-10-14 23:33:10,223 [shard 2] compaction - Compacted 3 sstables to [/var/lib/scylla/data/system_schema/dropped_columns-5e7583b5f3f43af19a39b7e1d6f5f11f/mc-646-big-Data.db:level=0, ]. 15664 bytes to 5643 (~36% of original) in 5009ms = 0.00MB/s. ~384 total partitions merged to 1.
2020-10-14T23:33:10.225180582Z  INFO  2020-10-14 23:33:10,224 [shard 2] compaction - Compacted 3 sstables to [/var/lib/scylla/data/system_schema/columns-24101c25a2ae3af787c1b40ee1aca33f/mc-650-big-Data.db:level=0, ]. 78709 bytes to 61719 (~78% of original) in 5008ms = 0.01MB/s. ~384 total partitions merged to 2.
2020-10-14T23:33:10.327903917Z  INFO  2020-10-14 23:33:10,327 [shard 2] compaction - Compacted 2 sstables to [/var/lib/scylla/data/system_schema/tables-afddfb9dbc1e30688056eed6c302ba09/mc-526-big-Data.db:level=0, ]. 67705 bytes to 59779 (~88% of original) in 5008ms = 0.01MB/s. ~256 total partitions merged to 2.
2020-10-14T23:33:10.329015385Z  INFO  2020-10-14 23:33:10,328 [shard 2] compaction - Compacted 3 sstables to [/var/lib/scylla/data/system/compaction_history-b4dbb7b4dc493fb5b3bfce6e434832ca/mc-866-big-Data.db:level=0, ]. 210989 bytes to 92351 (~43% of original) in 5009ms = 0.02MB/s. ~384 total partitions merged to 12.
2020-10-14T23:33:10.397665817Z  INFO  2020-10-14 23:33:10,397 [shard 3] compaction - Compacted 3 sstables to [/var/lib/scylla/data/system_schema/functions-96489b7980be3e14a70166a0b9159450/mc-583-big-Data.db:level=0, ]. 16570 bytes to 5945 (~35% of original) in 5581ms = 0.00MB/s. ~384 total partitions merged to 1.
2020-10-14T23:33:10.398168050Z  INFO  2020-10-14 23:33:10,397 [shard 2] compaction - Compacted 3 sstables to [/var/lib/scylla/data/system_schema/keyspaces-abac5682dea631c5b535b3d6cffd0fb6/mc-618-big-Data.db:level=0, ]. 67154 bytes to 56727 (~84% of original) in 5010ms = 0.01MB/s. ~384 total partitions merged to 2.
2020-10-14T23:33:10.474827119Z  INFO  2020-10-14 23:33:10,474 [shard 3] compaction - Compacted 3 sstables to [/var/lib/scylla/data/system_schema/dropped_columns-5e7583b5f3f43af19a39b7e1d6f5f11f/mc-647-big-Data.db:level=0, ]. 16419 bytes to 5795 (~35% of original) in 5582ms = 0.00MB/s. ~384 total partitions merged to 1.
2020-10-14T23:33:10.475437558Z  INFO  2020-10-14 23:33:10,474 [shard 3] compaction - Compacted 3 sstables to [/var/lib/scylla/data/system/compaction_history-b4dbb7b4dc493fb5b3bfce6e434832ca/mc-867-big-Data.db:level=0, ]. 224431 bytes to 85105 (~37% of original) in 5583ms = 0.01MB/s. ~384 total partitions merged to 14.
2020-10-14T23:33:10.475527598Z  INFO  2020-10-14 23:33:10,474 [shard 3] compaction - Compacted 3 sstables to [/var/lib/scylla/data/system_schema/indexes-0feb57ac311f382fba6d9024d305702f/mc-567-big-Data.db:level=0, ]. 23135 bytes to 12790 (~55% of original) in 5583ms = 0.00MB/s. ~384 total partitions merged to 2.
2020-10-14T23:33:10.475938045Z  INFO  2020-10-14 23:33:10,475 [shard 3] compaction - Compacted 3 sstables to [/var/lib/scylla/data/system_schema/columns-24101c25a2ae3af787c1b40ee1aca33f/mc-647-big-Data.db:level=0, ]. 76181 bytes to 57505 (~75% of original) in 5585ms = 0.01MB/s. ~384 total partitions merged to 4.
2020-10-14T23:33:10.646964430Z  INFO  2020-10-14 23:33:10,646 [shard 1] compaction - Compacted 2 sstables to [/var/lib/scylla/data/system/local-7ad54392bcdd35a684174e047860b377/mc-3441-big-Data.db:level=0, ]. 18705 bytes to 12290 (~65% of original) in 1018ms = 0.01MB/s. ~256 total partitions merged to 1.
2020-10-14T23:33:10.794459336Z  INFO  2020-10-14 23:33:10,793 [shard 3] compaction - Compacted 3 sstables to [/var/lib/scylla/data/dt/source_data-6af6cd50d77b11ea9877000000000001/mc-651-big-Data.db:level=0, ]. 12529977 bytes to 12438211 (~99% of original) in 5923ms = 2.00MB/s. ~384 total partitions merged to 1.
2020-10-14T23:33:11.707601969Z  INFO  2020-10-14 23:33:11,705 [shard 3] compaction - Compacting [/var/lib/scylla/data/system_schema/types-5a8b1ca866023f77a0459273d308917a/mc-479-big-Data.db:level=0, /var/lib/scylla/data/system_schema/types-5a8b1ca866023f77a0459273d308917a/mc-475-big-Data.db:level=0, ]
2020-10-14T23:33:11.707636227Z  INFO  2020-10-14 23:33:11,706 [shard 3] compaction - Compacting [/var/lib/scylla/data/system_schema/keyspaces-abac5682dea631c5b535b3d6cffd0fb6/mc-587-big-Data.db:level=0, /var/lib/scylla/data/system_schema/keyspaces-abac5682dea631c5b535b3d6cffd0fb6/mc-591-big-Data.db:level=0, /var/lib/scylla/data/system_schema/keyspaces-abac5682dea631c5b535b3d6cffd0fb6/mc-583-big-Data.db:level=0, ]
2020-10-14T23:33:11.783636958Z  INFO  2020-10-14 23:33:11,782 [shard 2] compaction - Compacting [/var/lib/scylla/data/system_schema/aggregates-924c55872e3a345bb10c12f37c1ba895/mc-442-big-Data.db:level=0, /var/lib/scylla/data/system_schema/aggregates-924c55872e3a345bb10c12f37c1ba895/mc-438-big-Data.db:level=0, ]
2020-10-14T23:33:11.784206853Z  INFO  2020-10-14 23:33:11,783 [shard 2] compaction - Compacting [/var/lib/scylla/data/system_schema/functions-96489b7980be3e14a70166a0b9159450/mc-574-big-Data.db:level=0, /var/lib/scylla/data/system_schema/functions-96489b7980be3e14a70166a0b9159450/mc-566-big-Data.db:level=0, /var/lib/scylla/data/system_schema/functions-96489b7980be3e14a70166a0b9159450/mc-570-big-Data.db:level=0, ]
2020-10-14T23:33:12.985978889Z  INFO  2020-10-14 23:33:12,985 [shard 2] compaction - Compacted 2 sstables to [/var/lib/scylla/data/system_schema/views-9786ac1cdd583201a7cdad556410c985/mc-458-big-Data.db:level=0, ]. 13540 bytes to 7006 (~51% of original) in 4184ms = 0.00MB/s. ~256 total partitions merged to 1.
2020-10-14T23:33:13.163121190Z  INFO  2020-10-14 23:33:13,162 [shard 2] compaction - Compacted 3 sstables to [/var/lib/scylla/data/system_schema/view_virtual_columns-08843b6345dc3be29798a0418295cfaa/mc-590-big-Data.db:level=0, ]. 16132 bytes to 5799 (~35% of original) in 4184ms = 0.00MB/s. ~384 total partitions merged to 1.
2020-10-14T23:33:13.168351552Z  INFO  2020-10-14 23:33:13,167 [shard 2] compaction - Compacted 2 sstables to [/var/lib/scylla/data/system_schema/scylla_tables-5d912ff1f7593665b2c88042ab5103dd/mc-510-big-Data.db:level=0, ]. 11946 bytes to 6127 (~51% of original) in 4184ms = 0.00MB/s. ~256 total partitions merged to 1.
2020-10-14T23:33:13.232499610Z  INFO  2020-10-14 23:33:13,231 [shard 3] compaction - Compacted 3 sstables to [/var/lib/scylla/data/system_schema/triggers-4df70b666b05325195a132b54005fd48/mc-567-big-Data.db:level=0, ]. 15772 bytes to 5679 (~36% of original) in 3532ms = 0.00MB/s. ~384 total partitions merged to 1.
2020-10-14T23:33:13.510016814Z  INFO  2020-10-14 23:33:13,507 [shard 3] compaction - Compacted 2 sstables to [/var/lib/scylla/data/system_schema/scylla_tables-5d912ff1f7593665b2c88042ab5103dd/mc-511-big-Data.db:level=0, ]. 12572 bytes to 6441 (~51% of original) in 3532ms = 0.00MB/s. ~256 total partitions merged to 1.
2020-10-14T23:33:13.510101287Z  INFO  2020-10-14 23:33:13,507 [shard 3] compaction - Compacted 3 sstables to [/var/lib/scylla/data/system_schema/view_virtual_columns-08843b6345dc3be29798a0418295cfaa/mc-591-big-Data.db:level=0, ]. 23511 bytes to 12927 (~54% of original) in 3533ms = 0.00MB/s. ~384 total partitions merged to 2.
2020-10-14T23:33:13.510129597Z  INFO  2020-10-14 23:33:13,508 [shard 3] compaction - Compacted 2 sstables to [/var/lib/scylla/data/system_schema/computed_columns-cc7c7069374033c192a4c3de78dbd2c4/mc-507-big-Data.db:level=0, ]. 17544 bytes to 12459 (~71% of original) in 3532ms = 0.00MB/s. ~256 total partitions merged to 2.
2020-10-14T23:33:13.510895199Z  INFO  2020-10-14 23:33:13,509 [shard 3] compaction - Compacted 2 sstables to [/var/lib/scylla/data/system_schema/tables-afddfb9dbc1e30688056eed6c302ba09/mc-531-big-Data.db:level=0, ]. 65496 bytes to 56355 (~86% of original) in 3529ms = 0.02MB/s. ~256 total partitions merged to 4.
2020-10-14T23:33:14.068551878Z  INFO  2020-10-14 23:33:14,067 [shard 2] compaction - Compacted 3 sstables to [/var/lib/scylla/data/system/truncated-38c19fd0fb863310a4b70d0cc66628aa/mc-1106-big-Data.db:level=0, ]. 167630 bytes to 56251 (~33% of original) in 4317ms = 0.01MB/s. ~384 total partitions merged to 4.
2020-10-14T23:33:15.641785561Z  INFO  2020-10-14 23:33:15,641 [shard 2] compaction - Compacting [/var/lib/scylla/data/system_schema/triggers-4df70b666b05325195a132b54005fd48/mc-562-big-Data.db:level=0, /var/lib/scylla/data/system_schema/triggers-4df70b666b05325195a132b54005fd48/mc-558-big-Data.db:level=0, /var/lib/scylla/data/system_schema/triggers-4df70b666b05325195a132b54005fd48/mc-554-big-Data.db:level=0, ]
2020-10-14T23:33:15.643297485Z  INFO  2020-10-14 23:33:15,641 [shard 3] compaction - Compacting [/var/lib/scylla/data/system_schema/aggregates-924c55872e3a345bb10c12f37c1ba895/mc-439-big-Data.db:level=0, /var/lib/scylla/data/system_schema/aggregates-924c55872e3a345bb10c12f37c1ba895/mc-435-big-Data.db:level=0, ]
2020-10-14T23:33:15.643367369Z  INFO  2020-10-14 23:33:15,642 [shard 2] compaction - Compacting [/var/lib/scylla/data/system_schema/computed_columns-cc7c7069374033c192a4c3de78dbd2c4/mc-502-big-Data.db:level=0, /var/lib/scylla/data/system_schema/computed_columns-cc7c7069374033c192a4c3de78dbd2c4/mc-498-big-Data.db:level=0, ]
2020-10-14T23:33:15.643383258Z  INFO  2020-10-14 23:33:15,642 [shard 3] compaction - Compacting [/var/lib/scylla/data/system_schema/views-9786ac1cdd583201a7cdad556410c985/mc-451-big-Data.db:level=0, /var/lib/scylla/data/system_schema/views-9786ac1cdd583201a7cdad556410c985/mc-447-big-Data.db:level=0, ]
2020-10-14T23:33:16.376550419Z  INFO  2020-10-14 23:33:16,375 [shard 3] compaction - Compacted 2 sstables to [/var/lib/scylla/data/system_schema/types-5a8b1ca866023f77a0459273d308917a/mc-483-big-Data.db:level=0, ]. 10687 bytes to 5580 (~52% of original) in 3936ms = 0.00MB/s. ~256 total partitions merged to 1.
2020-10-14T23:33:16.377466446Z  INFO  2020-10-14 23:33:16,377 [shard 2] compaction - Compacted 2 sstables to [/var/lib/scylla/data/system_schema/aggregates-924c55872e3a345bb10c12f37c1ba895/mc-446-big-Data.db:level=0, ]. 10974 bytes to 5723 (~52% of original) in 3860ms = 0.00MB/s. ~256 total partitions merged to 1.
2020-10-14T23:33:16.377953301Z  INFO  2020-10-14 23:33:16,377 [shard 2] compaction - Compacted 3 sstables to [/var/lib/scylla/data/system_schema/functions-96489b7980be3e14a70166a0b9159450/mc-578-big-Data.db:level=0, ]. 16675 bytes to 5980 (~35% of original) in 3857ms = 0.00MB/s. ~384 total partitions merged to 1.
2020-10-14T23:33:16.418885631Z  INFO  2020-10-14 23:33:16,418 [shard 3] compaction - Compacted 3 sstables to [/var/lib/scylla/data/system_schema/keyspaces-abac5682dea631c5b535b3d6cffd0fb6/mc-595-big-Data.db:level=0, ]. 61710 bytes to 51353 (~83% of original) in 3936ms = 0.01MB/s. ~384 total partitions merged to 4.
2020-10-14T23:33:16.941091871Z  INFO  2020-10-14 23:33:16,940 [shard 2] compaction - Compacting [/var/lib/scylla/data/system_schema/indexes-0feb57ac311f382fba6d9024d305702f/mc-582-big-Data.db:level=0, /var/lib/scylla/data/system_schema/indexes-0feb57ac311f382fba6d9024d305702f/mc-574-big-Data.db:level=0, /var/lib/scylla/data/system_schema/indexes-0feb57ac311f382fba6d9024d305702f/mc-578-big-Data.db:level=0, ]
2020-10-14T23:33:16.943754783Z  INFO  2020-10-14 23:33:16,943 [shard 3] compaction - Compacting [/var/lib/scylla/data/system/truncated-38c19fd0fb863310a4b70d0cc66628aa/mc-911-big-Data.db:level=0, /var/lib/scylla/data/system/truncated-38c19fd0fb863310a4b70d0cc66628aa/mc-907-big-Data.db:level=0, /var/lib/scylla/data/system/truncated-38c19fd0fb863310a4b70d0cc66628aa/mc-903-big-Data.db:level=0, ]
2020-10-14T23:33:17.289256647Z  INFO  2020-10-14 23:33:17,287 [shard 3] compaction - Compacted 2 sstables to [/var/lib/scylla/data/system_schema/views-9786ac1cdd583201a7cdad556410c985/mc-455-big-Data.db:level=0, ]. 21046 bytes to 14388 (~68% of original) in 1301ms = 0.01MB/s. ~256 total partitions merged to 2.
2020-10-14T23:33:17.289320092Z  INFO  2020-10-14 23:33:17,287 [shard 3] compaction - Compacted 2 sstables to [/var/lib/scylla/data/system_schema/aggregates-924c55872e3a345bb10c12f37c1ba895/mc-443-big-Data.db:level=0, ]. 10903 bytes to 5688 (~52% of original) in 1300ms = 0.00MB/s. ~256 total partitions merged to 1.
2020-10-14T23:33:17.382360093Z  INFO  2020-10-14 23:33:17,381 [shard 2] compaction - Compacted 2 sstables to [/var/lib/scylla/data/system_schema/computed_columns-cc7c7069374033c192a4c3de78dbd2c4/mc-506-big-Data.db:level=0, ]. 10392 bytes to 5432 (~52% of original) in 1298ms = 0.00MB/s. ~256 total partitions merged to 1.
2020-10-14T23:33:17.450299707Z  INFO  2020-10-14 23:33:17,449 [shard 2] compaction - Compacted 3 sstables to [/var/lib/scylla/data/system_schema/triggers-4df70b666b05325195a132b54005fd48/mc-566-big-Data.db:level=0, ]. 15877 bytes to 5714 (~35% of original) in 1299ms = 0.00MB/s. ~384 total partitions merged to 1.
2020-10-14T23:33:18.039725293Z  INFO  2020-10-14 23:33:18,038 [shard 3] compaction - Compacted 3 sstables to [/var/lib/scylla/data/system/truncated-38c19fd0fb863310a4b70d0cc66628aa/mc-915-big-Data.db:level=0, ]. 188986 bytes to 63367 (~33% of original) in 831ms = 0.07MB/s. ~384 total partitions merged to 2.
2020-10-14T23:33:18.082047616Z  INFO  2020-10-14 23:33:18,081 [shard 2] compaction - Compacted 3 sstables to [/var/lib/scylla/data/system_schema/indexes-0feb57ac311f382fba6d9024d305702f/mc-586-big-Data.db:level=0, ]. 16015 bytes to 5760 (~35% of original) in 901ms = 0.01MB/s. ~384 total partitions merged to 1.
2020-10-14T23:33:20.980504594Z  INFO  2020-10-14 23:33:20,979 [shard 0] gossip - No gossip backlog; proceeding
2020-10-14T23:33:20.983227506Z  INFO  2020-10-14 23:33:20,982 [shard 0] features - Feature COMPUTED_COLUMNS is enabled
2020-10-14T23:33:20.983296305Z  INFO  2020-10-14 23:33:20,982 [shard 0] features - Feature CORRECT_COUNTER_ORDER is enabled
2020-10-14T23:33:20.983318365Z  INFO  2020-10-14 23:33:20,982 [shard 0] features - Feature CORRECT_NON_COMPOUND_RANGE_TOMBSTONES is enabled
2020-10-14T23:33:20.983337463Z  INFO  2020-10-14 23:33:20,982 [shard 0] features - Feature CORRECT_STATIC_COMPACT_IN_MC is enabled
2020-10-14T23:33:20.983356183Z  INFO  2020-10-14 23:33:20,982 [shard 0] features - Feature COUNTERS is enabled
2020-10-14T23:33:20.983932417Z  INFO  2020-10-14 23:33:20,982 [shard 0] features - Feature DIGEST_INSENSITIVE_TO_EXPIRY is enabled
2020-10-14T23:33:20.983993045Z  INFO  2020-10-14 23:33:20,982 [shard 0] features - Feature DIGEST_MULTIPARTITION_READ is enabled
2020-10-14T23:33:20.984013373Z  INFO  2020-10-14 23:33:20,982 [shard 0] features - Feature HINTED_HANDOFF_SEPARATE_CONNECTION is enabled
2020-10-14T23:33:20.984032100Z  INFO  2020-10-14 23:33:20,982 [shard 0] features - Feature INDEXES is enabled
2020-10-14T23:33:20.984050513Z  INFO  2020-10-14 23:33:20,982 [shard 0] features - Feature LARGE_PARTITIONS is enabled
2020-10-14T23:33:20.984068854Z  INFO  2020-10-14 23:33:20,983 [shard 0] features - Feature LWT is enabled
2020-10-14T23:33:20.984087094Z  INFO  2020-10-14 23:33:20,983 [shard 0] features - Feature MATERIALIZED_VIEWS is enabled
2020-10-14T23:33:20.984135555Z  INFO  2020-10-14 23:33:20,983 [shard 0] features - Feature MC_SSTABLE_FORMAT is enabled
2020-10-14T23:33:20.984156760Z  INFO  2020-10-14 23:33:20,983 [shard 0] features - Feature NONFROZEN_UDTS is enabled
2020-10-14T23:33:20.984175176Z  INFO  2020-10-14 23:33:20,983 [shard 0] features - Feature PER_TABLE_PARTITIONERS is enabled
2020-10-14T23:33:20.984193026Z  INFO  2020-10-14 23:33:20,983 [shard 0] features - Feature RANGE_TOMBSTONES is enabled
2020-10-14T23:33:20.984211191Z  INFO  2020-10-14 23:33:20,983 [shard 0] features - Feature ROLES is enabled
2020-10-14T23:33:20.984594254Z  INFO  2020-10-14 23:33:20,983 [shard 0] features - Feature ROW_LEVEL_REPAIR is enabled
2020-10-14T23:33:20.984652508Z  INFO  2020-10-14 23:33:20,983 [shard 0] features - Feature SCHEMA_TABLES_V3 is enabled
2020-10-14T23:33:20.984674132Z  INFO  2020-10-14 23:33:20,983 [shard 0] features - Feature STREAM_WITH_RPC_STREAM is enabled
2020-10-14T23:33:20.984692353Z  INFO  2020-10-14 23:33:20,983 [shard 0] features - Feature TRUNCATION_TABLE is enabled
2020-10-14T23:33:20.984710653Z  INFO  2020-10-14 23:33:20,983 [shard 0] system_keyspace - Got cluster agreement on truncation table feature. Removing legacy records.
2020-10-14T23:33:20.985269039Z  INFO  2020-10-14 23:33:20,984 [shard 0] features - Feature UNBOUNDED_RANGE_TOMBSTONES is enabled
2020-10-14T23:33:20.985327838Z  INFO  2020-10-14 23:33:20,984 [shard 0] features - Feature VIEW_VIRTUAL_COLUMNS is enabled
2020-10-14T23:33:20.985349471Z  INFO  2020-10-14 23:33:20,984 [shard 0] features - Feature WRITE_FAILURE_REPLY is enabled
2020-10-14T23:33:20.985368199Z  INFO  2020-10-14 23:33:20,984 [shard 0] features - Feature XXHASH is enabled
2020-10-14T23:33:20.987133595Z  INFO  2020-10-14 23:33:20,986 [shard 0] system_keyspace - Legacy records deleted.
2020-10-14T23:33:20.988726797Z  INFO  2020-10-14 23:33:20,988 [shard 0] init - starting system distributed keyspace
2020-10-14T23:33:20.992569395Z  INFO  2020-10-14 23:33:20,992 [shard 0] storage_service - Using saved tokens {943448605036726745, 9061580907506437136, 8957018461898327244, 8813999419995718088, 8775859223532977932, 873311388414975666, 8707696313600310498, 8675978575875245837, 855031166620283245, 8476533345381470087, 8413544620893079714, 8382283044476755854, 7804258889026263620, 778239093056833917, 7732629563319678675, 7564694057214588647, 747840302865059114, 7255484784972643852, 700944770677405149, 7009081579420542256, 7354219953741161264, 6974970471767945112, 6788034976878782500, 667581605220131528, 6496091893897576732, 6478032244021912394, 6420907855788431922, 8777890816944145805, 6381418245203458391, 6358173612251239308, 6302443190184390149, 6115776390551923703, 5906838239532612246, 5890706123786165213, 588034934972968299, 5848278814186320030, 5834675951458569055, 5796254206948921528, -6441145814158460549, 7172238068082229918, -6238625478980828395, -6199824488038647909, -572473923349256348, -5526097868254533829, -5508289632699420366, -6338043935148530859, 4738411181964629022, -5411685484465544274, 5103660925946342563, -5360532551957069796, -5246840897237646542, -8953406550820932827, -511676141100664160, -4872163430844150374, 5153854518462400651, -4829128129506020031, 6818717460470417221, -4735496583611878200, -7913213531410876291, -8612347190400988175, 3361838207769500988, -4770694758141334815, 3533570692245755170, -3014142033706378490, -6648258355715071793, 105268539462240253, 6448269612184381105, 3941245744356891698, -4925670906471950289, -6853270293933441203, -431455211546220291, -4106310081010891923, -4280461110562472301, -4231054370802445643, 4453520694484038438, -5140544052953576706, -7341700934491837716, -4177024142024341044, -2365586676906010085, -4368295386640868227, -6779834804380741154, 7103497347382660592, -471701403720839764, -2187125227394891465, -1593748153114868683, 8325613099551670589, -6017078328443447975, 408961909545308462, -3256341547923989103, 1911454556365012923, -2135119982021577211, -6104126434670973331, -1614584707908969492, -5285270377043925775, 194223785007163967, 3556932048290112968, 4378909036113166689, -2319706609635128471, 782580883702972777, -3880555618453256762, -2879534723161185431, 7469085752185829039, -8001902308657073600, -1522914538603683793, 784130423392421222, -3409621329811667263, -5136236598692180863, -2640475812391264528, 3907413558358164712, -2166731983266837511, -8529251962487546573, -5228242602708342126, -6263078841153087564, -1295419475388780424, 5311755414232655734, -4113405879925637368, 2104079815049743807, -105211415949921556, -1004253484774030395, -6093280019772326743, -1363472444035739717, 7772390126184307669, 3373616921334842984, -3428624778218969630, -4475005699924690030, -1207620414022812792, -4203952547861361192, -4895652206680369668, 5569071124009844993, -2800260328053956713, 1033733984444816800, -1761718599052329021, -6249520955674807415, -6810383749951706976, -2391018463907211455, -3729138346528579520, -3942245253345029362, -1032698423218536378, 2233495137371904435, -1970747149103226319, 2531294222158762011, 4445989245037378795, -2648919406212884980, 800062458669145892, -6586482614645135705, -8855822008500182327, -2076430708060394350, -6127879535600466936, 5017042126534426855, -6767019288334108993, -6985294397658573838, -2605645373691895986, 2542018259596577135, -2699231837109027988, -9132047842757487932, 9066588519930559993, -4601858807243735115, 1470306277250886071, 1688077838521597411, -2700796200994103492, -5656441245782528349, 3822141065635310082, -4415280594152455372, -1709100826419756065, -2732234699235264563, -3101294897153501639, 6933997554702494562, -4541237399207364623, 1251119865371637993, -3280527161887251879, -4007868363884276055, -4134923634748466107, -5595342098352848506, 533209426647054698, 285540986842976874, -4193553788022177878, -7111183380354176443, 7880345233810794046, -7190282066974323895, -7232953798633244985, -7512330892235471280, -889434854029329118, 9122882257136270100, 3909145942678699742, 2870638580126821409, -2685359252619347507, 4540975434217357056, 1912522665107890116, -1474028219808469861, -7767361191227918078, -8495384334141326469, -8024675672634848221, -8352632933072691056, -1084614158625469139, -8372022353883945178, -1171738939209168407, -8485257529464526975, -8549013321787275289, -7405825010257289618, -8694753427154041557, -9173155356561330710, -3164480873853500968, 1172299952227812636, 1535311813904826318, 156312151312654313, 2050968450175517454, 1018091569669202328, 1574734081023094222, 214428871588027420, -5095673126210616552, 2431756818088451524, -1208769590907790735, 3022913469242457337, 2609254198811139442, 5396954320704971060, 284028081363756156, -184157634332906914, 2879924223908633556, 3014475854062098037, 8280511155447462154, 3058186759042775792, 3100842289958262644, -769344519844763244, 3287699046743316011, 7743526815996532326, -7148146405116016542, 352278596429886466, 3606629961194077343, 3840184102447470012, -4623422606623793434, 3924960423780627192, 4660022660859336370, 5401470720317959250, 3979649323160207298, 4037379789709069307, 790424663468033093, 5150907166433009570, 4083460330442256183, 4262233236239091105, 4461207940793579131, 7222389702734437292, 4497639963855891379, 5935809959838255935, 525652295242460822, -9210810031089136649, 3145063885579200582, 5102381975608989830, 5104799485589097680, -467985751191813914, 5122450296475986719, 5256736089695841171, 5341717901052361821, 5441044328235651423, 5661405961885371428, -6303682351633097607, 5704999654143823990}
2020-10-14T23:33:21.010762774Z  INFO  2020-10-14 23:33:21,010 [shard 0] database - Schema version changed to e1b2d478-e5f2-30c4-b994-d93919918df3
2020-10-14T23:33:21.029431735Z  INFO  2020-10-14 23:33:21,029 [shard 0] database - Schema version changed to 0e03d198-385b-3f36-8c34-c3f5846bbbac
2020-10-14T23:33:21.047274834Z  INFO  2020-10-14 23:33:21,046 [shard 0] database - Schema version changed to 0e03d198-385b-3f36-8c34-c3f5846bbbac
2020-10-14T23:33:21.582877294Z  INFO  2020-10-14 23:33:21,582 [shard 1] compaction - Compacting [/var/lib/scylla/data/system/local-7ad54392bcdd35a684174e047860b377/mc-3445-big-Data.db:level=0, /var/lib/scylla/data/system/local-7ad54392bcdd35a684174e047860b377/mc-3441-big-Data.db:level=0, ]
2020-10-14T23:33:21.637572723Z  INFO  2020-10-14 23:33:21,636 [shard 0] storage_service - Node 10.0.92.3 state jump to normal
2020-10-14T23:33:21.637669866Z  INFO  2020-10-14 23:33:21,636 [shard 0] storage_service - Remove node 10.0.92.3 from pending replacing endpoint
2020-10-14T23:33:22.346600111Z  INFO  2020-10-14 23:33:22,345 [shard 0] storage_service - NORMAL: node is now in normal status
2020-10-14T23:33:22.346639782Z  INFO  2020-10-14 23:33:22,345 [shard 0] cdc - No generation seen during startup.
2020-10-14T23:33:22.348328550Z  INFO  2020-10-14 23:33:22,347 [shard 0] init - starting tracing
2020-10-14T23:33:22.348701526Z  INFO  2020-10-14 23:33:22,348 [shard 0] storage_service - SSTable data integrity checker is disabled.
2020-10-14T23:33:22.349134078Z  INFO  2020-10-14 23:33:22,348 [shard 0] init - starting batchlog manager
2020-10-14T23:33:22.349623916Z  INFO  2020-10-14 23:33:22,348 [shard 0] init - starting load meter
2020-10-14T23:33:22.349642604Z  INFO  2020-10-14 23:33:22,348 [shard 0] init - starting cf cache hit rate calculator
2020-10-14T23:33:22.349652630Z  INFO  2020-10-14 23:33:22,349 [shard 0] init - starting view update backlog broker
2020-10-14T23:33:22.350357772Z  INFO  2020-10-14 23:33:22,350 [shard 0] init - Waiting for gossip to settle before accepting client requests...
2020-10-14T23:33:22.394606590Z  INFO  2020-10-14 23:33:22,394 [shard 1] compaction - Compacted 2 sstables to [/var/lib/scylla/data/system/local-7ad54392bcdd35a684174e047860b377/mc-3453-big-Data.db:level=0, ]. 18369 bytes to 12071 (~65% of original) in 693ms = 0.02MB/s. ~256 total partitions merged to 1.
2020-10-14T23:33:22.395667263Z  INFO  2020-10-14 23:33:22,395 [shard 1] compaction - Compacting [/var/lib/scylla/data/system/local-7ad54392bcdd35a684174e047860b377/mc-3449-big-Data.db:level=0, /var/lib/scylla/data/system/local-7ad54392bcdd35a684174e047860b377/mc-3453-big-Data.db:level=0, ]
2020-10-14T23:33:22.864675639Z  INFO  2020-10-14 23:33:22,864 [shard 1] compaction - Compacted 2 sstables to [/var/lib/scylla/data/system/local-7ad54392bcdd35a684174e047860b377/mc-3457-big-Data.db:level=0, ]. 18170 bytes to 12074 (~66% of original) in 377ms = 0.03MB/s. ~256 total partitions merged to 1.
2020-10-14T23:33:34.351561263Z  INFO  2020-10-14 23:33:34,350 [shard 0] gossip - No gossip backlog; proceeding
2020-10-14T23:33:34.352896655Z  INFO  2020-10-14 23:33:34,352 [shard 0] init - allow replaying hints
2020-10-14T23:33:34.353781890Z  INFO  2020-10-14 23:33:34,353 [shard 0] init - Launching generate_mv_updates for non system tables
2020-10-14T23:33:34.354362404Z  INFO  2020-10-14 23:33:34,353 [shard 0] init - starting the view builder
2020-10-14T23:33:34.721700967Z  INFO  2020-10-14 23:33:34,719 [shard 0] init - starting native transport
2020-10-14T23:33:34.721755069Z  INFO  2020-10-14 23:33:34,720 [shard 0] compaction - Compacting [/var/lib/scylla/data/system/truncated-38c19fd0fb863310a4b70d0cc66628aa/mc-1608-big-Data.db:level=0, /var/lib/scylla/data/system/truncated-38c19fd0fb863310a4b70d0cc66628aa/mc-1604-big-Data.db:level=0, ]
2020-10-14T23:33:34.721986498Z  INFO  2020-10-14 23:33:34,721 [shard 0] storage_service - Starting listening for CQL clients on 10.0.92.3:9042 (unencrypted)
2020-10-14T23:33:34.723475707Z  INFO  2020-10-14 23:33:34,722 [shard 0] storage_service - Thrift server listening on 10.0.92.3:9160 ...
2020-10-14T23:33:34.724548107Z  INFO  2020-10-14 23:33:34,724 [shard 0] init - serving
2020-10-14T23:33:34.724793569Z  INFO  2020-10-14 23:33:34,724 [shard 0] init - Scylla version 4.1.8-0.20201002.6c43a0dc29 initialization completed.
2020-10-14T23:33:35.167958653Z  INFO  2020-10-14 23:33:35,167 [shard 0] compaction - Compacted 2 sstables to [/var/lib/scylla/data/system/truncated-38c19fd0fb863310a4b70d0cc66628aa/mc-1612-big-Data.db:level=0, ]. 82142 bytes to 76743 (~93% of original) in 371ms = 0.20MB/s. ~256 total partitions merged to 2.
2020-10-14T23:35:32.964200470Z  INFO  2020-10-14 23:35:32,963 [shard 1] compaction - Compacting [/var/lib/scylla/data/system/clients-ca0f635d863036098d93a1fc06f2a5e5/mc-61-big-Data.db:level=0, /var/lib/scylla/data/system/clients-ca0f635d863036098d93a1fc06f2a5e5/mc-65-big-Data.db:level=0, ]
2020-10-14T23:35:33.462407073Z  INFO  2020-10-14 23:35:33,461 [shard 1] compaction - Compacted 2 sstables to [/var/lib/scylla/data/system/clients-ca0f635d863036098d93a1fc06f2a5e5/mc-69-big-Data.db:level=0, ]. 102986 bytes to 6291 (~6% of original) in 397ms = 0.02MB/s. ~256 total partitions merged to 1.
2020-10-14T23:35:51.488697461Z  INFO  2020-10-14 23:35:51,488 [shard 1] compaction - Compacting [/var/lib/scylla/data/system/clients-ca0f635d863036098d93a1fc06f2a5e5/mc-69-big-Data.db:level=0, /var/lib/scylla/data/system/clients-ca0f635d863036098d93a1fc06f2a5e5/mc-73-big-Data.db:level=0, ]
2020-10-14T23:35:52.161123037Z  INFO  2020-10-14 23:35:52,160 [shard 1] compaction - Compacted 2 sstables to [/var/lib/scylla/data/system/clients-ca0f635d863036098d93a1fc06f2a5e5/mc-77-big-Data.db:level=0, ]. 57748 bytes to 6033 (~10% of original) in 528ms = 0.01MB/s. ~256 total partitions merged to 1.
