2020-10-14T23:34:54.995721703Z 0 KGMFmUUMWTdHL5kDFCwFr6U085WeT6yItdkow2AewSNHRqs9p4dGtkv9ATFBfz
2020-10-14T23:34:55.006970769Z 1 Rc2UOCZlO8UMtQwxlaNoV3IkPBH1L6CSbVd5kuHSRwXNx7DGFs9Mg0qDWrpogQ
2020-10-14T23:34:55.017383232Z 2 O4A3cPqrKZncqV2HmPRI9tpRzvZJMu8p2Dm19lZnSIzoRCpdWf9EMKtt7LKDoq
2020-10-14T23:34:55.028903904Z 3 2YPAWwD0Nu5ngYIFvLYjC8ZlH4v3ttHwfske25B9HCCbAkM6jgyJHeAlVWBrgg
2020-10-14T23:34:55.040261879Z 4 uRtJyv6wzZbLIocP9EaN0GW5hOEQoK91PyWqdk1DXqZxzVhLBHdfQ0A64pef4w
2020-10-14T23:34:55.051451493Z 5 9JReYFPNAMXbCje4xpfLLVilHEMMxQlMg3zisKkHEj72VkPJVuTtVDavcce2kV
2020-10-14T23:34:55.062989194Z 6 s6zy7ixprcmYa13kXp5Ex8ox4mB7yRKa89SPQgbWvxpndGi7G21PCJCU38vWp9
2020-10-14T23:34:55.074408693Z 7 60VRIdsmbzaSpYKBeneJTLtbuXwEZA2D47QvpJKARhNDYGA1Gp0LSr21wyeXfH
2020-10-14T23:34:55.085522882Z 8 7khsMd9L5GYdd4rxSmaus2XKow1XIqFYMKRxbQuGU2RejOBQ4r43I1eIY5bzXJ
2020-10-14T23:34:55.096851859Z 9 4MZvo0uRZDfPUy7uLxHrFSvwQQgNPDsM52LYzCRBQdq7VdRCcgi0P3Je35JLvy
2020-10-14T23:34:55.108100221Z 10 mEhwthQWbNRUilEd7bsG51Sbvp3akqmklAgKrBlJhz4N1v4z0NsdzUfQd055I
2020-10-14T23:34:55.120042196Z 11 2PablXYrfQP9w5d38SfKMOk3uqj2PY4mQ2y7dHVTla2H7Bhgfe6s083RXRM8g
2020-10-14T23:34:55.130329925Z 12 X37i6HcA3kJ00Lz7W4CVvgz70UAO1IDDMqkI9dWk0UO6TB7otuqvXBtVTFni3
2020-10-14T23:34:55.141374335Z 13 T7NV9SbNxhO9ITIagjH6GN5stkCLMN1huYN7MlW4fzZmjAnIniKgCG63KEw0J
2020-10-14T23:34:55.152800625Z 14 MRGFPKelulayiNJ09z8sgRkHDBrEgLd5xXzgYnjIa0mC86SVGEwT6HSMSr6Eh
2020-10-14T23:34:55.163371235Z 15 8v6P9A9kXb7qAw2gfubp6OE3SABbSJkZSV3Tv6O3T3qrmoxrsqlJE3aC0rCCm
2020-10-14T23:34:55.175416241Z 16 g2XEJ585ZuJW0P8oweWiNY8LQDnZhKda1QhX562pKHKXIQnCDgQFHxhzQONfi
2020-10-14T23:34:55.185635134Z 17 rZZhMGTHlkwF5ghtMBcKNIDw3gjYt2nU8wcc6qDhj98aSbrB1xNPz0duatTKb
2020-10-14T23:34:55.197016759Z 18 illIRHUowr8r4XAGQOPDunKl3tsh0j3ZWYZ4bjOqyfsP0ecPhOgMefDbLHW9P
2020-10-14T23:34:55.208643310Z 19 woxDtHNzXtq8N04Y2Fr1MdRqyndp4gSsMFlJf9An8ery3Gc4jCk6h80KzwidY
2020-10-14T23:34:55.219646565Z 20 LIA5CSf6go4Z56YO6maYoccFB9ucvJMHK0yRxqM6WOwT30gt6hcF0uD5nRybD
2020-10-14T23:34:55.231477158Z 21 Nzjw02kfFVGKZGn6gg3pJMaI20cTcXHmhQBYfpF1RQSYgnhdJyHSTa8U6pPvm
2020-10-14T23:34:55.242733096Z 22 IBvd4FVkEdK2dK6XEeePfzgGfAHJDJi8dJ4I9XFjcKHuX6pREFkSz9nlXj87f
2020-10-14T23:34:55.253412245Z 23 vDmkTTmYjhKBAUKcBICgdOB63xetqIYczb3LRcRXy1moE2KwPrY9KXkFmn7TF
2020-10-14T23:34:55.265084341Z 24 OUTcOM0GCUOfULPk9GIdsE2ZtytnRPGZxYV20e1ykXXAm6bPfENrasmNLYa7t
2020-10-14T23:34:55.276858741Z 25 cN7hcIc7cTWVgmSFadU5MsuGCPScfeTj1G8I0vMejRHBjCrlntINdXHIS5VZP
2020-10-14T23:34:55.287399561Z 26 Gd1NK0Z4YmciAQfMFkiPo6tHy7H6YbgQNbwYutbhocVvAgMwbsK0BefIhumgh
2020-10-14T23:34:55.299098087Z 27 QKDoJaF3tindpInKgWK3eyTaWG1sMcBhhJj1wTEgpUd0YsB0BeWwCeOhn5Mej
2020-10-14T23:34:55.310575022Z 28 F75NVfw7NKjS6JeNel0WEheoSpfhtFJO2KoUNjYrIpVFA5pl9cWF0ZSgm6rVs
2020-10-14T23:34:55.321991496Z 29 DALFoaGCbrmOcILrKLmKIFS382JH2hFt28lRyPbiY9DpSUMUEOpk0XL3ZMAd7
2020-10-14T23:34:55.333919461Z 30 8Sbr6dyjMS3cgPAVrfoiBPsPcDgf0I8XQry71Ule84jgoQfWrwQ9LD7240Xw8
2020-10-14T23:34:55.344346850Z 31 3Rny88fXbEKR9s117vuiQ0gWF9xupLrkoyeMsKd3U7tRxHVW6a38phhZFlkaW
2020-10-14T23:34:55.355664595Z 32 lcH7U9j3uDpDJKeLHdFVFMAL0BIouJahYhVhul44hGwEqYC6FehSOfkFuTBTM
2020-10-14T23:34:55.367032920Z 33 D1WvpGCFRcKfy6zroStS4sLv4Tv7vuS1OYrZfUhv03pSh3PWpnQSx5e5GIOAC
2020-10-14T23:34:55.378939495Z 34 cQnFz2DKStuHcEuCkfqbtHlyj7PoMf2HuH92mxSrodN51C5UKHybUkJovd0xX
2020-10-14T23:34:55.389342940Z 35 GEx8PR5mDhGnbkR5TjedeGFyyvpYqLJGWagyBVTyTGPisOQkCoLN9jU4642Rz
2020-10-14T23:34:55.400887723Z 36 IFHKYPc4eIlc1nty12ADoClbiGUwSLbdKVUXCqKLRUpAx1p2o6MdsViggY3wi
2020-10-14T23:34:55.411344009Z 37 RnodloHrkenxXyAB9lunELB8WyawHs5ScY3rNxrRRrn0XaPvZVSdwB79MCdwI
2020-10-14T23:34:55.422938695Z 38 QtKgFCbV0MQnQQhYmRlMEG37QWXpG19TYsdS1sbcKGO3XTKwaRKrurJfFbaOZ
2020-10-14T23:34:55.433691474Z 39 BQwhtlbfoYuNxohzZMdscTx5ngoUVOZEXxErrsagqlYnFsfnlcqgEpUTjzMcS
2020-10-14T23:34:55.444550311Z 40 LZZJwhKeK2KwKxODCdAkkDtIiDJhA5qe8OQefe9HNlCvN5K3fQCD48uz87prA
2020-10-14T23:34:55.456188832Z 41 TPPDlJqB6hDHgzGuQmamk0MsK2qIiAguwM2Trl1JI4alGk8cZygJ44u7Rf4Wa
2020-10-14T23:34:55.467959568Z 42 dKE89MBRNlPAnqZS2qnBMjzK1jEicYDH4tTHkze3aUIKAFmfCU2y2vA5yuDLL
2020-10-14T23:34:55.478765620Z 43 MPjeK9HVP3BluX2GEfdVYEKDH55Y64DxQ9ciovITk6Vsvsu0IHMS5EnsyEuMw
2020-10-14T23:34:55.489593690Z 44 cYD6UFbtccsGSw5whdCb29javj6zNzuzZJMtZWvLeH5nHk549e7HcWDgjjzcB
2020-10-14T23:34:55.501056912Z 45 OeT3jyG0zu36RQP94p65GCd4mTgekW6enuX4feFjqmN4wy6G5HU17sPSbTNCs
2020-10-14T23:34:55.513011962Z 46 nQSBhtWJqq8Z5H0YvS3Tcl3vBULkokcvKCwJDwx7xikcp3QnihIzzW1GgaSQc
2020-10-14T23:34:55.523852309Z 47 GqSLzNuqzSCFqzkSaaZBPNwqweXJG2R2ZDKGNSOJvY8G0m73Jdl0g2rMog6KN
2020-10-14T23:34:55.534552966Z 48 EImqOoUub0LVvS51DrBjfLHTp5lkSCmMQDdDmy8AC5azwrFlFoX6hvOL7EF68
2020-10-14T23:34:55.545796615Z 49 WJT5QsOEwcOkCkdFun5oJRyghteh3vm9l5ZfKaKd9juLkjNhECdCowIXnPmoM
2020-10-14T23:34:55.557058246Z 50 pwmb2yIdAGiIts8teZ64l8mWYqw3K4rQXWIpNt2Qe7XyL1xwJzpdxJs7HXP1E
2020-10-14T23:34:55.568787282Z 51 imSZPsQUSqGfAmtbk2uobUbocnbvcKpny3485Fpvq0maZxkxWNdmHYoIcx889
2020-10-14T23:34:55.579602519Z 52 BQI9T6B9RMuVlSgNuO1l3C32syX8vkzB4CZLDwUD16QFpQiBm7r1j7csqcpyt
2020-10-14T23:34:55.591205705Z 53 veJT6gh47EvQhXD2bVcYLcVf82KDzjyJeXR8erEHLk2eIuQhe2IoU5bjAM4Ry
2020-10-14T23:34:55.603220362Z 54 NIj73jpRiJOj91GCZb5fu38WOi6HgunlB9smVfvVD7XzSPjeoLsI6DiMj0khF
2020-10-14T23:34:55.614781980Z 55 Pmq61KMPjDZ6A72u12fKORulTtnR55ZhFMpPgfA5yNmfiTohkUTorN4hSLXmQ
2020-10-14T23:34:55.625252225Z 56 dCSpdvuzgSRIGWxRt6HJCF4r5qZZv5JdOnk1WWAE6rXfa6gAROzkkSBhWojR6
2020-10-14T23:34:55.636221437Z 57 4L0FyWkSPrhLHD6Anb4TLKCcrX3lfQnh9HiGmQsmkzYXDoA3lM7Ou91MnNrZ9
2020-10-14T23:34:55.647428214Z 58 PquOxXfEC2K1Ea81sUQvOL7n4HeJR4bsGJc8b8LxHKBQj0CobBUwatHTUNdW5
2020-10-14T23:34:55.659151368Z 59 uVX3V49lqf8vZERJ4NkMABbSChLug6EPKNCEDddpbtr28NhsFrXZLkz4qhJ0X
2020-10-14T23:34:55.670844473Z 60 dt1Rtc3ftwNGaPhQcb5KpThuPawt3etFcX108lJgJ583oEjO8UEwt01TZ3GnK
2020-10-14T23:34:55.682052980Z 61 0jfdmIcH86IWE6HsQIBfIY5GiCNY6PwBhfIZqOEMVAniLinBkHfIxMwQYLIzj
2020-10-14T23:34:55.694009783Z 62 raLcsymzMZjxLj9rT6mRVdb0j1H0vXglSED2x0KfLyT5iF81Qex4Rq5nh8D1a
2020-10-14T23:34:55.705706835Z 63 YbaV3Hc57QU6Q4qO76joqsmT8pfD5nMAxAfBVdUmUEJx7R1nn16xbK9lQkJZr
2020-10-14T23:34:55.717304013Z 64 cVUThMOfeQ9MoWE4PouVAx30vHIXWhs4YNHS4GdlHo1AdGwkWClvsv8gdn4Iv
2020-10-14T23:34:55.728833667Z 65 rJBfEWNledfry5pk25iFAmFE79Ft2dVKXqMLrRuvW1jMhhjH5p0rgjEdqiiWS
2020-10-14T23:34:55.739534553Z 66 qRk4L743bP92V4gTGIqWAC1i2gPgXf2vkChOlElsYOIATdYM34SDqJ357JroC
2020-10-14T23:34:55.750575343Z 67 QycLnIekxniWRY7BPbNFfSRfwmDwA8G8dO6BkTU0xBaY7c60qwnkDHWTuhwy5
2020-10-14T23:34:55.761181054Z 68 TegsI02DVBMOxpMLR1Jd7kg6Yu6nGG0MHxCWqsx6MZH4qpD0EKgejC1b9qS5U
2020-10-14T23:34:55.772949946Z 69 TnHw8FdFUmkWBGrSOKgPdPOpBF37QwBbAOWRW6xC1Q28lRlcC6jalGVzHnGGo
2020-10-14T23:34:55.783690944Z 70 NnqtftCQxSNgbNqFioC7dXJLmGqo0HAy9vnL3Z9nLiCY86W0zRJhGWcjy5gKp
2020-10-14T23:34:55.795198520Z 71 Hzd1KDqxYY3Mm1sDVTKyGz1tOdO4AtGyvCAt9soPRTjz0oyvrXyNLNlTy3vHG
2020-10-14T23:34:55.806607553Z 72 TC7M5GPkBrYzxmiUxddudD0rxDX0WluJ2ughBJunB9Lx7qtxng2UHbPLIbYAo
2020-10-14T23:34:55.817793975Z 73 814ogp5afO5xtNWULhIqikA6jFubQ1DwAeuvJGu3mZtdVvtJNrJpoO7XvFmEZ
2020-10-14T23:34:55.828337194Z 74 WYVGqPkttVSIiHdA9Pb571sG2rXZ7NnheZeAPHkbwTPs2LKd09o4tyIZquesy
2020-10-14T23:34:55.839968836Z 75 eZ0gyLf17N9gZWNCR4heqhgQ0Q7hYwTYaGqGxIpemrlG7WP06Kjj7qMBCaPsu
2020-10-14T23:34:55.850230095Z 76 z8KDjzW7oWMnQmRBqsmJbhcn6oxJ2S2WEf4BbVHpAun8sHH3vNuqDe1c5yvyB
2020-10-14T23:34:55.861589532Z 77 kYNnYaY2gc1on1I2iDE0Ej7qlfvPRv2BUcP6fE1C5W5p2H35WqQajq8QfXgSD
2020-10-14T23:34:55.872411325Z 78 RRveucruG5CYQ4dHIm3hmKXkPpT9QaERiuJPzzAtRW5oiEOASMYWkXmfk89ed
2020-10-14T23:34:55.884046318Z 79 wa6cuglRdB15xMvO0UKI5n8Y28p4oSPU98FSAFyLuQwP9RdYvnX23KTbOdQQy
2020-10-14T23:34:55.895054904Z 80 H1zJKvnUJeNuAJO8GRiPBvl4tMFG8b2ZMg02A57AiPz1LyIddnMWlm5apUG7q
2020-10-14T23:34:55.906861586Z 81 OW40f0jolVR5iK3YnO9VLSiIXZG2MUEfNFiTG9TBs9dmgXoha2UO7JCtHv9mf
2020-10-14T23:34:55.917855676Z 82 8KKknBZ3tDWcVmdTj0ZtZ3ug6PcAyaYtvCKCLskgoZgI52u4nZmjGPaenzwIg
2020-10-14T23:34:55.928392549Z 83 9WA4xuPu1KZq6HGXsMxZVP5t27sCBVQmcEl5d3NjvVWSmdLeo7axWUXJJKqb0
2020-10-14T23:34:55.939445001Z 84 GEZRS25LZS2AFfpTwmQlL8XHTTiquGtAyDT2WCSwCyt1uWD4NgLVlCt32N4NB
2020-10-14T23:34:55.950736963Z 85 dBp5PRyPOw9x3oMyh5vPwoVq84hmCjVkUNtz9IDyMysllExvx7sCvuMKYKZ9t
2020-10-14T23:34:55.961623249Z 86 Rh2HAYMGRPK4O8uVfsumtHZLcOiIFfR1Sv3AIBA0Y89hA8PoFj8slBqi7vhUB
2020-10-14T23:34:55.973198050Z 87 YVVcZEIlUCypUZEaXI5JFkHCnj3RJggV3Mxu1dBIXS0F25eW77cX73SSLth7o
2020-10-14T23:34:55.985106676Z 88 1QzchLDWq07UoZkM79r5fdFwPE9BolvAsvh1gku7YUF7ARgyOnT2DJZt9Hv6j
2020-10-14T23:34:55.997054916Z 89 QjU6MCSFk5Y9AgMU14bI5gGS8RlZqTwj0mI5UXkO3hk5bvuZPl4XVG1UEndaJ
2020-10-14T23:34:56.008894768Z 90 vZk3ekoBkhMZxYFiZCE49qgS7whrDaHykpGt0yiPlbb2vvqjNWyi9Bl8MZjSX
2020-10-14T23:34:56.019081829Z 91 2hnlAMemv1L90IlqqkHGPC0yNrhiXz07E8MkQKIRgvqtyOCPpLfpSL1pkdPo1
2020-10-14T23:34:56.030761714Z 92 6H5fayAVZ9tdYB25mdOdgfM7ZgmBTqykhvwOyFfP7gzsIZoVwn7qn0ZM1duiw
2020-10-14T23:34:56.041410009Z 93 3GbFbIqCEtMUbJkCld7qfwCCVyHJt4oDYcTAL3mWGicktBdHxrQnIcXqknB4K
2020-10-14T23:34:56.053233989Z 94 hniTMtjDdG4e4TTqjDfOphUiUuaRCR29xHtyvOOEBdXRSuDf2Jtnp2GYTRWhN
2020-10-14T23:34:56.065070072Z 95 rRBctnvidzu6PRW81VOtcJ6KDMx4BVx8MoaQmB41zoUOnn1oqxH0sjd4snETh
2020-10-14T23:34:56.075922416Z 96 n18uKUS2jmuqMagDd9E6Yj0H8A8z0FF1ieD3WVVecDs6kTcaik0Blz8YZZ2m0
2020-10-14T23:34:56.086877090Z 97 Bjr0jYfaMCAiHxNgWSnExYB9RSsH2MXcmxVS3a0HImP5cbNghPawRrJpfUBqL
2020-10-14T23:34:56.097414907Z 98 LnTkc0Z6wUrYnCu7tQmu1Td1UpU54fz0S7tksGTJpWYJIiVy7K2Hxo7pFqNI9
2020-10-14T23:34:56.109104391Z 99 xWQkQpbPG5Gp8UljdAEw2E9wNNhOvsLtVVg21eqIXDhM62wqRd7nMM8tjQP3c
2020-10-14T23:34:56.119362010Z 100 fWqiVw9lT1Jt4dC53ypPTSLeVlig5XEReuxdpzlE6J8aRRs26v63NtLw0TTx
2020-10-14T23:34:56.130414575Z 101 rn5c2B7Ywj8nsMSQpHyd6IKeMp7sjjbBzhkbluJx2Be7QC8CLfsOMfqsjQUn
2020-10-14T23:34:56.142387814Z 102 EiALhqpNhxpnOMIA2HirFJhmihsmHwQkboGuUj79SjWTO6sEzv9YpGbromNS
2020-10-14T23:34:56.153394034Z 103 Ke3T5O77wxOopAEXG6zpPraj77J46zLYVAu3cy1uQU6JgtUlamG5RodNwRkY
2020-10-14T23:34:56.164988234Z 104 KLF2J0VtHIgGeKU62Bqc0rttdK3hCvt1Ietj04Zht43ZSB2sWgOLiO5hDVPH
2020-10-14T23:34:56.175380314Z 105 2swyn7KhshNRAvjiplFSNm6LNFN0f2wHvoqvxiyP3GJ0lSq1hJoSQqkkKVv6
2020-10-14T23:34:56.187531690Z 106 7EqlbtTMIalyf3RzNdIgfHzms55ht7P8XgSabTFWErrnMJlfyRf1RS6JxT6D
2020-10-14T23:34:56.199241516Z 107 Joso9hmCEVhO9YtT8JyLrur7kJPSsd8lDkxXbfnTlWW6CmOXYBq7Kzc1Yy4v
2020-10-14T23:34:56.211338305Z 108 0ioLgwfOSYTOkDkHMkP2BwjmO0Vy35GbWwAYvOvTvNmrwRly2nkfUpbzSCYC
2020-10-14T23:34:56.223140151Z 109 iPeZ0rygWCaeTuvcpX6jR24O0DC8UrCcuaqbCqTlvd690fbQpZPoRvBHhAVD
2020-10-14T23:34:56.234980459Z 110 5mwPHGVFPosGLyw3fevyOSlHZjzLQBn7xUbNCs9KK8OzxRd2TYlEyQ4vOc2g
2020-10-14T23:34:56.245807727Z 111 rdLQYFt7zI0AP7ZAjwxTAtpjH29wLUPOuTQjfP1YDpUjsRoK142Ogs84RkFQ
2020-10-14T23:34:56.256744653Z 112 GkJOIPMSJmXreJFIN8yYKIbIObHGarFY8gc8VTLqzY5rgKX7OFS3OOur7n5s
2020-10-14T23:34:56.267407846Z 113 YcXkjKhH9gTyVwJqg9dUMQtwu9gWzYj5vglRCEbEFu9M6ogDoYlVKJs4IKXL
2020-10-14T23:34:56.278162490Z 114 ciCHe14KKlkCpGfC8MmlToMxlYIKumGs4ZGyjmI5WR78s0o82C8P3GjMTLk4
2020-10-14T23:34:56.290135839Z 115 Rgm92hBIIOxBp6WmxLg8FENZMuJ3YRTBcjm0XfDC1HdAClVdqrTjqr02VLFa
2020-10-14T23:34:56.301677405Z 116 cVla504iUhJr4OYNGfPVEyb8Qph7JIVIE4TM9LMBXQkXe9Qqk6zpT9ZCc0Lv
2020-10-14T23:34:56.312377386Z 117 4hd6fP1hLXZSiMbC9Zlkye60O6AaPv1UlrTGEMUinIuZD2P1vKOgDfeQHK36
2020-10-14T23:34:56.324257836Z 118 s6iyouhV3LFKjFjwFUZRKYzOZsAzUiQdNX817NJReO5ER0KH4yq12etXqLHP
2020-10-14T23:34:56.335301664Z 119 DrNeFumboowWG2ogs3nBBayyiwGOGXiBcduip3AFMNB4fhX2pNJlFRSl2Pxr
2020-10-14T23:34:56.346344137Z 120 fkNbYJ5vRlO1deymqShJ1Rpng8vWsNAVvirCNzbEwHs1HRcid8nGsBCejXQJ
2020-10-14T23:34:56.358326274Z 121 EYL3ES72u1bz83Zc65TTHRkM0cBljJMH3SP9t3dUoWTedGQOfEaAUiqsSc7z
2020-10-14T23:34:56.369868712Z 122 Qnc6VkR0LHgJPZxRxYDZu9DCu0nEiSqoQQoE1IVtvM4MNZg9g4e3Ah2fNEev
2020-10-14T23:34:56.380481757Z 123 zbyBDtgHR6yE2YiXFjHfmP39TnN7O5A0M8um2hBBZcsZ9UDCLm7Gi70sDlCa
2020-10-14T23:34:56.391858010Z 124 u9U5L9uZiBrzkMAk5zEldIIom5VvserjqVVGsuuqVSQFQkYXJ559EpXBHOP3
2020-10-14T23:34:56.402491637Z 125 pgg4H3yUuwTKqdcPxkQunoJSOUt1p76YbGV9wagUOaqqHy4EGDahpJa7Zwdj
2020-10-14T23:34:56.413096078Z 126 lygVhSLFoMvUmoNt6Ny7VfUH6FNgXxKI9WRqm7bc2Ae3VNfBnpmpGlTQem2H
2020-10-14T23:34:56.424795664Z 127 cVDCBtAEMSAVybRviI1oycFqzpvlmEGeYBEFtF2JX7bMgdGGXg40pWget4WZ
2020-10-14T23:34:56.435385078Z 128 txrJNNB18ntLKxyWcgtzy3f0o1JTJgD816RV7NdKTxUf4i15BRsocZ7fAZzy
2020-10-14T23:34:56.447145436Z 129 hJNEoct6Pd0qlFREBjqABAFFL8X0h2FnAHPKo9OCCRN4vMsF0N8t8RrGO8xm
2020-10-14T23:34:56.458766656Z 130 se3AgvoeIDqo2eiIwnfeavJtq01LEEAuCPYXuWqaIBRgQCQzSKy6fC5GGGom
2020-10-14T23:34:56.469851503Z 131 60AaC5Ys9swZwETsDurRJwCM070jloyAresrhHkQ1eJg0XOg7dmd9oDhMiAx
2020-10-14T23:34:56.480120326Z 132 ydKPsvm7r0wLKHO4d3iCMqCMycKzcoR9aJEg9G8yXjg4nuvNC6U7K18XRebO
2020-10-14T23:34:56.492003192Z 133 jWWekfBBRt3yMy91SrNC3zcJ5GuM9jCDyRMqfUbqVTa3Mx5Nd5vo5Axii8mQ
2020-10-14T23:34:56.503538854Z 134 K7Xk610zixBK2lOFWAnCm4dxqKteyF9sgeuXBI1XwSQfLxIrafdQIAOZ9QVb
2020-10-14T23:34:56.514324887Z 135 oxDtJV6i1i6jgeouPuBQQ2GDlNXtfQq45tu3Wf0yLCkAN7X1aSZtPCwH64Fn
2020-10-14T23:34:56.526039274Z 136 B6ic4873Z30rnUR6mBiErYSkCRuZTyILgxrVyvFgEaK3L21DfZTeKPJ9MNE0
2020-10-14T23:34:56.536857780Z 137 lKAaUoo4pa0nyIXLh16LsiVKrBmAvVWxzvMXoYDYwbEgIWIqYDxgcJNGwl6w
2020-10-14T23:34:56.547524641Z 138 PLp4khmOXfL1eDjUxt7x4GG6ISWKwCLWbDsjnxAAoTfCgv27PSqA9jzq67k0
2020-10-14T23:34:56.558493959Z 139 GmZpNvoQSqJQh1go7MX3yksrvqfzHkW6qIV11Amg3yJYtpdtX1wpzhfytZ2I
2020-10-14T23:34:56.570175184Z 140 7Fp00KyjjhsQeRhgZmtNCevxJCnDGimn5qRuQ4ll8xeuCSsd1j8X327BsgUh
2020-10-14T23:34:56.582051015Z 141 5XKu5XuoZDCoUYrvZwqAuIGDmEIfTbj2tgKfplR9xonKU0pJGQpNSSeafxw5
2020-10-14T23:34:56.592692063Z 142 YY5rU9oXNgMdy5CcN4wI1iSQZyFDrhAaga9m4K1Hbmbm4garZ0jwCaJbZ4Ui
2020-10-14T23:34:56.603188344Z 143 ijXJlwT1pePaHKeSFE32ZMmuhAk5Pvdo84jFHUBPwDMjDDK50yEpeIMxtven
2020-10-14T23:34:56.614827289Z 144 sYacpHhTjdemWo1HIh5XS4STw6tcWWr5aIYkOwXULRZbxD2QQ7UXKKgtwI6a
2020-10-14T23:34:56.625274054Z 145 VEvZlXmdoqYWPJBhGtOcUZvmXLUNho9qbg4UycvWUdKyOUYE8trA51xgHiL3
2020-10-14T23:34:56.636396242Z 146 P4DgSmnxzKwl536QgqFzTIFmHtih86QcnzbPbL7rML9ey5LcfR2aNX6VevMR
2020-10-14T23:34:56.648053462Z 147 lzySoxm72WF04D2PzDFUs9GkLc8J2k1gj0ZBDiSjc6VIRkbHEL8DJmKx6fhi
2020-10-14T23:34:56.660076842Z 148 qsXxzxjg8UPc1DM9qZQPCr5jxIcaJ9MEa9rzo1qHHbOsthKzRkKMOFo2EHMY
2020-10-14T23:34:56.671778405Z 149 vAx2Urf8stlnd84GGyPokYwPyo0ANdPPRyZJrmHCNlaD371vs2lV6ElRoX2g
2020-10-14T23:34:56.682839137Z 150 QaRcrLoEdc7izr2hWJVi1c7UURj0hr9MXr1RaijtNUOdZmYPes9EvrRiiNJg
2020-10-14T23:34:56.694567877Z 151 u2rfeVL8dpJ5TtHL3BKTVn352THENIwsCJTbvFAZJ8rlxfyVsrJ32ce5zgze
2020-10-14T23:34:56.705548472Z 152 DbYdghqVFdc9oJDFuGPL5I1lztTbhqpsivUbNheWdK61vFcVVSUuYts2jZgk
2020-10-14T23:34:56.716370429Z 153 e6DjQPOzB9h8E8VPRLccQLEIi0sWeukrVXlvvsLZTXJtu7r5WWQlz5zX8guj
2020-10-14T23:34:56.728160674Z 154 ztLpojINddzcPHLzhAXeNJq7AhGPiGFEATU1wtBX9TOdVsLo1czfj9UOIsyD
2020-10-14T23:34:56.740025093Z 155 H3aePlyJqx6G8rar4k8goSWi0BER0CZmDL8wlKT40BdbSMcMwQ13fACOrz9s
2020-10-14T23:34:56.751134999Z 156 AStsZnPEY4uKLokuYQ8GHNhB3dgCLQ4H3IYVoxiiinwnbkrKjcWFq9jKbc1N
2020-10-14T23:34:56.762544913Z 157 outj4iXyJKIaoRh6ZKLxeLngQTZfTrwFMJo2eF9itCBfGdyuFcvjPHKCZMqy
2020-10-14T23:34:56.774259289Z 158 Pz93R27QR3elalaoYAhdYLR91UitsNB0iqGAXLd1bHZoSMLhROZQxvVG0Brj
2020-10-14T23:34:56.786279224Z 159 rKjY6pH72Q5UU4Kpp6hyuLOxRj4mRjXnKwQFP19EeuiKTOv1cPKDTsDPaXQl
2020-10-14T23:34:56.797823757Z 160 0kEGOknkOQz1M67XyW1kcAh7SdjBXxhcw4zJPZJaeqyE17k6ayP73WJewXns
2020-10-14T23:34:56.808630998Z 161 24zdfxM0nGVy6kM6sJyIhyLkwzS9aWYORqfxHFeiQYp1jLnq8F8cKsZfw0tM
2020-10-14T23:34:56.819147831Z 162 DJDao8z43dH9dmO1oQQd0pvk3yjjaHjetjR5lMEXtCGuervwzeyQ0NZffu3W
2020-10-14T23:34:56.830850014Z 163 WMypZFT6WtxQpbhp9Y5PmXEcFb9X2LXIWeSLJ0fMstI7yECahAvUjPtP6ZFC
2020-10-14T23:34:56.841533898Z 164 czSiZgLhXFXOzEodLVfmRnkgUatJwwEn37W4qyJc991bD8SZDpNJWrV12cBw
2020-10-14T23:34:56.853070965Z 165 40MjaMx9omehL51PTOlYOjEG32pJFzEQpAa7UkcxIIWrd1bLq1BkJjxnww0v
2020-10-14T23:34:56.863843461Z 166 xMKpJQJp7WPaNKg2N8yyFt8CM1t8IscEuh3jxihLiVwkn5iYewhkRL7s5Mr8
2020-10-14T23:34:56.875099751Z 167 wA5E64hUUmF7BT0KeEVSp1sELNSVDjMgFIoiR0wd6Lt2VwOrBRAJVGLhHSrA
2020-10-14T23:34:56.886941748Z 168 DcFkOUl42JaBVbQBPeQ7ux9SQpujcU1Av6cvdnguPyOjREN8lgC2yDT3ooRl
2020-10-14T23:34:56.897216967Z 169 MK8odHvBGOuJiB8ADLdvxtiJjsI0CBtOp2MT7cizcAhgUvB4U0BgDAOFxkrL
2020-10-14T23:34:56.908669073Z 170 y1GwIiq5Es66gdj2Ms3pXuQijIIhYfy2xjyFI70QvIXsvxKh6LO7evVWIHPa
2020-10-14T23:34:56.919242503Z 171 3WX8ph3n0QQXKNYnH1MaPkStJR5vvV6d1uR1k1PQVWb5AerLcrHZPJQVLY81
2020-10-14T23:34:56.931066944Z 172 3GdGuCtVsON32BjHcvo1ds1NonztgdW4VnPkCr8lZgfO2WfOVbFb9XjrA92Z
2020-10-14T23:34:56.942091848Z 173 3L4VgGQHtZSiD9VvbUeCq16PlGi4BdAmIHbRSGKdBNAZeHSuTbzcnkSOQmo2
2020-10-14T23:34:56.952776557Z 174 3Q9V6Fb9UlFa2qRVlTVjGaHfqnpnDGWxH701C2afKRfucIYOhDW5IjpWBmRL
2020-10-14T23:34:56.964152825Z 175 6aRsBrB9HhlUL099XTh8UdyKPxnC4feregkPsxoMnx6mHVYFF9Fkhl10jh2i
2020-10-14T23:34:56.975861541Z 176 eFmQQUPQSNP7vmJBpKQ7diot0wiUN0Qf8Jrt6u4mHtQHMyAuK9h0ly2mRRtI
2020-10-14T23:34:56.986539782Z 177 tdmldCOgCl45F95vfknXZMM1GtEMEbFk04fHLU0dGP85xFShJqicUL6iLurV
2020-10-14T23:34:56.998132139Z 178 Izlf0Q7GL9WC5MY2FY4KwZiklAuJ6BTnUrKSYs0qwzNbWeZSSivtvbRDypWe
2020-10-14T23:34:57.009055232Z 179 r1ZptJcfs39ixdCYqnMOIpZcE3cOA3ncOQk2oaR5i17VqkoFBm0DPBW9DVjo
2020-10-14T23:34:57.021077142Z 180 S9IY6I0fdMorZb862BqGOOk9dJEqPeULvuMQ43KEtE43bFWdjaOtNDm8kqxI
2020-10-14T23:34:57.032754887Z 181 ltVbsonvqUILT149DPCEq6BW8wT2oH7CIyr4Arslh85f3tfLcmiShBh3c6lU
2020-10-14T23:34:57.043547060Z 182 fMt1h16py9rxGWph69v3B0Gv8Qu4NCE1pVL1bJgtu7FiMuDGTbkAioAfJJ8C
2020-10-14T23:34:57.055377613Z 183 IcEiWr9C0HTa8yIGzDAzUOTEc05z9J13ChBllVMLLlBiaE3nHqCRfGdmPUpQ
2020-10-14T23:34:57.067151718Z 184 mUkNiPPqHMvWYlGTtEK2qkAVjuedZK1ImqJYUP7bpAPJTFur4GmgjY99ohny
2020-10-14T23:34:57.078703306Z 185 Doe2xi6fGnRSPgvck7jKxbdrpoWOYg4nhuZ98ZrBta3ywU56otuNqy8HqDlv
2020-10-14T23:34:57.089245087Z 186 u02kA4bJhbI3u9x7ArZyymUxo3XBgbAKJifSlfZCQGb0I2AvHPnJTm6b3Edk
2020-10-14T23:34:57.100234722Z 187 Oyh2LESelC5Jzt8MU3b0YLylW8FkVb2URemZFBvc1oBRre4rLVQ5s1oR6FTD
2020-10-14T23:34:57.112114210Z 188 UacofK5HYAxqy55ueDszOG5Cm2MHmtE1QAE02cNbm6piVte6KTDc5713FxEX
2020-10-14T23:34:57.122931367Z 189 PfW5sanCM84GsD2HqfsN2vlFgkp1ZOVvqfaMWLVrzAOMTHVBH5DI81y1lWQS
2020-10-14T23:34:57.133639916Z 190 SYn6BNgZTwdN4c7JyaGdU9Fmbl9O4Vuxt7kx8yuvD6VjgT2YQuadZliLxm7Q
2020-10-14T23:34:57.145065507Z 191 xkOqGXuReU9t51DyvfslGyg76BiiXFho7jwGpGYywGjx1B9rjic8b5L2OKho
2020-10-14T23:34:57.156776333Z 192 m2Cb8T8yfINwMPQnH8qWwmCEqrhodJfJV1etxMPwtTxfx2aQyQZadNQB67lp
2020-10-14T23:34:57.167965682Z 193 Xq3XVBsReKry7E8STgLNGgcQbgBfRdsP34JuNIFem0GBCo1wlWBH1jJASHuc
2020-10-14T23:34:57.178992818Z 194 OzCngU3S8g8zy3958LWtb3Yrng97AWPYc9GuUXftunC67ckuevyFr5GEr4Wu
2020-10-14T23:34:57.191830877Z 195 UywuJDxx6wl3o4b2G78OK50wbgpn2QOJBXEAlhlLBmF2ROb1hO0cehxA6Vwa
2020-10-14T23:34:57.202634289Z 196 0FWwWZrGEr19vWvGEjPxKXs0f8wxKoOFeLKpD1mSvAsyCsexgESyqmW4KJyv
2020-10-14T23:34:57.213982649Z 197 pvCyR2jQEMYlvz9RqJvuFlI0ilXMvK62YK8jLWwGr1Zieq84FUJayqoc5rqI
2020-10-14T23:34:57.224680307Z 198 aSW6hpUxl3aRukVe9p83jHbeIT8Uc65daJa58cbzmmJRBElzaqukPmq8L0s5
2020-10-14T23:34:57.235462429Z 199 hfiMkMP0z6eczmNtjq4CHgt9qPjOf6JkGcOORPLeeydbiJCwrCZ8qEDAZlke
2020-10-14T23:34:57.246397863Z 200 kkS0Vr246OTGXMQovGlwGumnb0T9B5qbUuYGKN2OYzYcxoMG5XIehNRrWA86
2020-10-14T23:34:57.257195824Z 201 3UmGUuWKSbLse2FEgohmUVga83NasrifARs9rx8ZHuyQevR6GcCvBHzuZaWS
2020-10-14T23:34:57.268553827Z 202 5k75akKFnhYlKnP7Z5THYFmQuVCTXeURooqqMJRkakUdBSlfbY5yFG4Q9KPI
2020-10-14T23:34:57.279256872Z 203 rLRHNibwyV0CUx2qZBjqj4E13JnatFYnhjGhcsDIE29dpAz5kLivZCFPjIaA
2020-10-14T23:34:57.290846096Z 204 TcOcG6IF5NqpEXFC6IKDOeg62DZ6mTsILox5xRThoLIhxOrITunEUb2SFDkz
2020-10-14T23:34:57.301795077Z 205 MvMD9c6V7n0tnQnzjMURTw7FThMUF6G0RNLi43yn2zlRK8YNkTn2yoJDEmdF
2020-10-14T23:34:57.312937625Z 206 yJwjpeEp4kIkJ2PavB6HlPSdFNlX0hbisXqWq5ipnnTpZKCqKqsQBbmsODW5
2020-10-14T23:34:57.323900232Z 207 UxPJ2hPivGwcDGtqOascxlDqn6Czxa8UD6cIpbPc7O4bZcfxmOu9AiBqlRcF
2020-10-14T23:34:57.335425833Z 208 gtRdbc7Y336kX0rlUZONP7sBn6b0bkmV4x9rGFKcDCPfLHDkOudsZG5rAd4g
2020-10-14T23:34:57.346135871Z 209 civEfnx7XM4Xg3TvHn1aUfbDUbq88ll9lP2atuFXbAGMlDCnuo8kNzwPD39m
2020-10-14T23:34:57.357747990Z 210 mtBmJ8CtAWF23PX47UL5vBLh4uluvc5AlrkytitDy0WKc3m3XeqRehuXV7Fn
2020-10-14T23:34:57.368434967Z 211 vmPyQXKh72DloW6Vn5k52rcXEIMosDk11rMT4Y0uNbqB5qW6pgYESjCZ6PwT
2020-10-14T23:34:57.380314295Z 212 aYpN7W4A8cz5iw4RWHfLs22UHOUW8cKwaEus2BrghjJHYqDRAj4tDq9yzeqj
2020-10-14T23:34:57.391619335Z 213 xhNJWu0GV3ujsDgjx91MEG6SdV7RERt3r5Sd6KiDJqfgpEZI2j4swA9rlZW4
2020-10-14T23:34:57.403172697Z 214 7bTeJqXGID8W7KvzTLR3KcE2jFHoGvhuadM38f2smLfhFLFFjpghx9QZCIWL
2020-10-14T23:34:57.415160135Z 215 wmz3pOpNAxDwBk1NJaoNmtg8720nAwinuNXqFvsJMQTeBsNcczzlXmW1TzMa
2020-10-14T23:34:57.426865133Z 216 2lGUlnqHd1I4AC71BSA01NMUBGgMoUL7piGjHkzV5MHrVscgtCriZ33EHNTB
2020-10-14T23:34:57.437568577Z 217 9KWQ0Vlul4LK23DikqhudQ8vpFRKLKSk1HsITsR6JmCJLVUtnkPIgbnJ49p9
2020-10-14T23:34:57.448637773Z 218 EYUSzdYtMewabVKQYebcy4FXM0PykswW8WymFQftE1GolaTxJ2r6fStRLd5R
2020-10-14T23:34:57.459841407Z 219 jM35ExwC9UZeo5eTsZGDQw9S9cpqYNvF5ZpdCDM0Kh2B0EkdMrDgDMmKA9dA
2020-10-14T23:34:57.470396962Z 220 pFfZmLMy9ugV3uCDkN1be9CXAXLkROEGCCpy20xh0uzQVgR9RTkaaCtOF6UL
2020-10-14T23:34:57.481912441Z 221 Yt7Ug9injlYiOWoxd8tAjIMYYIKn2D4sJABy1oUEADgDyHiqxzvRjYWCpMaq
2020-10-14T23:34:57.492529405Z 222 mzGsM1a3JuZdgCVQ18WwoOPmwLwx4wqjyftfOZmSmW5qj2NgYbHjfYr4FE7R
2020-10-14T23:34:57.504001119Z 223 bBGGpnFyCnQQxHgUcozXNNxFOOnO1yxYzSvlkCC6bA1m3KPmnXRFcuU7tvhl
2020-10-14T23:34:57.515316254Z 224 WwFkZB92hWb8QUouYU8GjH8MoHgYyK3JimWcnK6RvIuiQNiyVE9B8iYOCODk
2020-10-14T23:34:57.527319834Z 225 RW6v4ZOjfBErbonhjcidYoz5rBwX2WV4XHpXZQo2KWtoc07ZwESNKO2KkSJD
2020-10-14T23:34:57.538607723Z 226 MPURuRUCGYzX0F0RJmXegQgH1rG9dfOTqBP3AWsxJcQVUA7UBXZ4xtupWs8P
2020-10-14T23:34:57.550059713Z 227 yKT9rH6UNwac4mZftmKCZkTyJpqZhuYvrZkLEjqy8HM0D3iKzd6W3bQvRCuy
2020-10-14T23:34:57.561957129Z 228 Ajf4sESDDJgnPcIjFomAbLHZZyAmmHCbK4VtBYQyZofmpEkk6EBtQ9Vorj5Y
2020-10-14T23:34:57.572928189Z 229 D46O61785KFCfGRBuQ3TCRZ2zHSoiFPUahjcK09T0WNp0NsNlUhurbRJ6JmP
2020-10-14T23:34:57.583946896Z 230 FO4pc1OvGwATfKOs4dMnKgnWg2hl0kB6QgXoskREGDERAY7YiwC8HnEG61s5
2020-10-14T23:34:57.595229297Z 231 fCO9sDHxmxMN9eF39G1YnI5Ui733tTmETXSp2kLPFUhHyWGdpvrzhqnMQcuW
2020-10-14T23:34:57.607043763Z 232 kV2tDOdHbsuOuqOYZMHlziGlNuQrM9CQmy3ruugvvmPqY4RGvxAlNJ1Dwj2T
2020-10-14T23:34:57.618861693Z 233 MqGimYtCgpP5Upd88nEQEsUkAruGZhq05n5eVbVzeH1TOzj3cBvt3lP1mlTl
2020-10-14T23:34:57.630166822Z 234 CiCsTiuUvqM6AaU15EfhbrTHIoBtX5CrZJIwNneCeBOTCWYopxr6Ifw9BSYE
2020-10-14T23:34:57.642224679Z 235 Lx9gkhDJ7GLrfASGN1w2rQDMbAUN6iM7RFXi7htjsbOVW9iPAPBeg5vGfehG
2020-10-14T23:34:57.654048887Z 236 u2jyqauzFM7WTXstXEHTOIVpnpK2jV7mSURuhGHzHh5AG9DcLlPQDlaI5sUB
2020-10-14T23:34:57.665075598Z 237 nXwAwLkuUJk75QUCXALZmroSCCcHbhcEfr1VYgiFcuqv7D6vf5KlCnQlfxNq
2020-10-14T23:34:57.676265866Z 238 5W5bjLAgMiL9bsEXnbstAckOesJN9mq9U888WvibHlPe5iYBV98owUA3uhOv
2020-10-14T23:34:57.688176520Z 239 KVhwVIjticlS5jEBXGy9zJYwfJx4At0ELgk2gVSloWUhh76PsIYFoaNjLQFI
2020-10-14T23:34:57.699974165Z 240 Rq83QBHV8MMXM34LM54enqqIOCURvXsXqLFQKuB21va8e68BECEXT3XWsJOq
2020-10-14T23:34:57.710863714Z 241 zWGbwJMGo00U1uEoKQ20N6VifQoDOaZ5NNbDv9e63jLQIdoYpJNZX8m8g50L
2020-10-14T23:34:57.722335690Z 242 sSEqrAVVSoze5xEDT7kInSHVhHeZnyvlxdEuX1tEAvcvLYYGPoh1LWKiQtjZ
2020-10-14T23:34:57.734459848Z 243 myc8lugayPzkRQYQnG2PLN0t24tKv5Xc7Un1xN2Qd4rd5SsAMrlryzBd9UCr
2020-10-14T23:34:57.745981053Z 244 4Nzi7pPltFuKgjFuZjKf0DPyvwPS0iSiu45WcNKIUnYoK3RXhKv9gKOgDtWL
2020-10-14T23:34:57.758212559Z 245 LtRYMThAevgsMvAidtGJSHe34wq751naoUDrBth4mH1vg32HBf9L71eGHy4A
2020-10-14T23:34:57.769888697Z 246 GtjJK7NPpX4uwzYZ3w8E27rC174Py8rJ4TJgnQzl9hCMeGi9uvEb431S8K5B
2020-10-14T23:34:57.780691446Z 247 melhp2u4IgZlB6IbpZSmlE66nio5J5QNjhzTDx0xu4K8HWprF3YdSFkrostu
2020-10-14T23:34:57.791548970Z 248 rPSb4nP5t0xKQRimr1aF8aIufawWPkjuc0n8NAP9xt4qYRkj1oJdJSVEt54a
2020-10-14T23:34:57.802372932Z 249 mnwAawCSWPKxfDeEqEE3df6sfC3BvjwmBEvnB4ZElei5FIeON2kdOsIJCG8v
2020-10-14T23:34:57.813177820Z 250 qwcGvPetCwbEfCSh7CJUwptNT1wOWXeAfjRD9A9NPWG5tEZXGDaAGgPaDsf2
2020-10-14T23:34:57.824871170Z 251 DpO6A7AMT9Gqhzo4F5a5Y6MQhT9TWrbT9ozcUx6jMLcLkgLgPuprEfNK4jWd
2020-10-14T23:34:57.835378608Z 252 cy8YxuArOsXgHQDHW0oVgxcMPrNwdCekbMSBzBG7YNpa5lbdmcW38avLClqP
2020-10-14T23:34:57.847001383Z 253 q7iPAlgLhDhgX76plAgbgVZ1PYf7eZeoKB7lLg8tGczGWxEhK88daNxTV4uL
2020-10-14T23:34:57.857432427Z 254 vg2T75xTgGFveVfO8d0yT9Wjpi2VHPCZe9K6z4rNMxhMGDabngQWNrqpRQpc
2020-10-14T23:34:57.869074723Z 255 ogsBkEVMHIOuoZkAXbiR57Yek9Fdkih8iNvDt90Dg4eobtip00ZhwhdGOlsZ
2020-10-14T23:34:57.880977357Z 256 il3PziYKe9ZveCHvGZXghucGEzo2OdpuqmpKr5cBFGJBjHr4WoCpz7T2yEva
2020-10-14T23:34:57.892675413Z 257 NebpvRrZwSF4VzSXONz4cLgozyrbmPc7px4DH3nJaRT7UKISX4bOhUInYp4U
2020-10-14T23:34:57.903733622Z 258 IYbkSQgLc3yqCVxuP9850lDm0fhZQAeIL7uJ4GWsdeRczWGwryi8MGgKDhUT
2020-10-14T23:34:57.914457053Z 259 iuEBETOHvSEh0b0ivC3hb7tyvMsSg520jxqTA7dBETWjxpGTiMN1ucJPubFQ
2020-10-14T23:34:57.925413021Z 260 ngThjdbOO17AzFU69xsj16zLzh1iGJq2EVjYPlSHO4WWySZRHG69vGvsN8kM
2020-10-14T23:34:57.937217261Z 261 U3FwjOeGu1e9iG2gEdx1FmVt9vmZoZ0bOZsPPsHMFsp8ZVoM8SZWbgJWBhbg
2020-10-14T23:34:57.948217241Z 262 uAOXUdaYILRHT1GRwsrYMrK1o5lLu4zkurUoxk7W4jArbsUs9ZOrtJx51Awc
2020-10-14T23:34:57.959737897Z 263 w9mXamF0zwaGPPWuYlFGFWVMgrBk0WsCZriGSSQdN1mZjRU5LSLAsyXZNOjA
2020-10-14T23:34:57.970521566Z 264 uf6SBpDfe8XookWMLwRg5BcUYfiFxwg28XEY6v43w8XkhSAAyEj78zd5kj9f
2020-10-14T23:34:57.982085436Z 265 cidMtxS7VUE4ztgTMPSufcT4sUMtrA4BjGJVzPrWFPdYkerjz1NdjHjXi2gK
2020-10-14T23:34:57.993991309Z 266 55mwlRaVEnJ4E0rmwXKx5C9VjoYWL5O6KSuS0BrTuJ4bRlM8M5osVDnFBs2y
2020-10-14T23:34:58.004805403Z 267 b2j2Q3OhVjm3hrbxCvg6K3QJYC7yAaONoC54EqQKXIp4P80kmREZL2gjJnvd
2020-10-14T23:34:58.015408054Z 268 pxsnBCdK2QPNVXbAGSk02LunrQm8jPmyUkd6y1oZx2JJE6DnE8V6pcq3tyRU
2020-10-14T23:34:58.027030433Z 269 nrRLyTSo4I0YsBuj3zN75ixj0EpzxULHNq6ZPzmmqgcWK39YXepCKDDCl870
2020-10-14T23:34:58.037639200Z 270 jfQhDoQuBZwJebfikU8YYYOPHSej1UM63snI0uqY3OAPuiEgmZEnDDM3Etv9
2020-10-14T23:34:58.048417162Z 271 glJG0EmKTDJ4XQOmnYyLnpxgihVFtg66yhtC2Ve6gLd3y2VH2WBmsc7SsIQK
2020-10-14T23:34:58.060286934Z 272 VcjRIvQtSLHKxjBDbo0LySb9GdjOzjyBGnxrkJuIXi4vlLu3ijwxJG8jVj6C
2020-10-14T23:34:58.072003581Z 273 Nz8FNCgzuKcytb2lkumcLhZKLHH0oDC2SwB94Futp7dU1UyUCypP5Ow2ZIw2
2020-10-14T23:34:58.083605454Z 274 jLZb0pBZbsiI6WdyVvUeTmspBtPHAeFtcALS65U7lMVWRKrt2L3Q3R6aTi2x
2020-10-14T23:34:58.095107722Z 275 5yFSHURfdyoj6xxgcNYM2pVVujwQf2EIitcI2pLOfkvOOg9tUbw8mTqMI6De
2020-10-14T23:34:58.106592689Z 276 Hrm1lsIAerpYtcb0qFaQrJsZL7trLSfp8rniV7fn8aCS5QFqDw7wxhTG3T0a
2020-10-14T23:34:58.117676274Z 277 KeMW3Nsz2b3tq9WrfdRrixLTKnhpFlNJ75Z66Ux0cKqqk6tsvkkxK7vF0Mzk
2020-10-14T23:34:58.128469362Z 278 uhpaC2tBQYzRFb6hAYW5kl3CUosO4hcADLIffWcljIh4l01ivzXr94VA1FDw
2020-10-14T23:34:58.140132250Z 279 MMyqcKA2AGCe990mVAXC6Fje77Q12DAVFBpbKxuFcgPn3qFtyCEpqkUgQbdm
2020-10-14T23:34:58.151087048Z 280 XNgJfvyGBupzbvxmODcw8x2QHO2iAIYIcgwGEL0cOGqUfQXp6vn5BgdZOzsu
2020-10-14T23:34:58.163234145Z 281 MRTYEvw3vSSIQfNjmBXUuMv1gM3X21BRj7L6kPgcd5Xs8gSNIvkFl2P7qc0z
2020-10-14T23:34:58.174439424Z 282 mbddhZKBnSBcPrRrBdP7ArJuxn0AxTv7TY5GbnCe7FFEDWh2evJc2wWriUZQ
2020-10-14T23:34:58.186086990Z 283 06sJslLZvJahvTtHs41QcWp3PEh8FpMwpbiUb5qVksiu97kiiJLGa4wqjZ6e
2020-10-14T23:34:58.198063158Z 284 u0NPEaKcwkxQHO0W7ESZ2Fl8h4Q624fcqTphZdszKctfKAuvBEZfSekRdAWK
2020-10-14T23:34:58.208906082Z 285 Rati3jPqsWO5lMG4EprfEoVxWzm6lKTd87vJPWRmSluOan5aM1yNEO03PkmI
2020-10-14T23:34:58.219447539Z 286 MG3Q7icO1xkZAG05DBwXHYbzHns7WAI2WenW1QHH4gF7MoSgPTjFFcYd6jXw
2020-10-14T23:34:58.231115065Z 287 FkhcJIs5MGQX608IkbD0R2AFfC5WKn5OkRKEglB2rZlVPrI9y0Nk4KvAeMBe
2020-10-14T23:34:58.242712633Z 288 eKa27xCtLrdaswYcMPxCR2cTqBvuieBPwqQN9FDrogkVV6GCeDJxGOsmvkRK
2020-10-14T23:34:58.254440374Z 289 7HAxjm2MsqNOAZwlCighlLsNW4PHwWTyMJXYVrblqZnSvm00WS8vd4VER7Jf
2020-10-14T23:34:58.266219564Z 290 vhzCgny5p4or7SzyHBYVCi5LB6c3PSZzKUMfrDRr4qIwtTyyNEKiTZQW9mUY
2020-10-14T23:34:58.277842533Z 291 LfEuJFDX6IcDkXVDLW6m7usHyFmaFklvU2724PbG7D5tIDvklYfpQyzekX2D
2020-10-14T23:34:58.288455196Z 292 LZD8c4Ht8EMG4dv0jlcIhkAqGuCRXursHTU3FuLQfpIx4EWhhicYZtDCRVKw
2020-10-14T23:34:58.300201723Z 293 3KW8kRIPXcFBU6Ra3ksbwfnEYzsz8uiE9coe3sQPu1FnopWZ4uWnBfQeuWxI
2020-10-14T23:34:58.311717074Z 294 hA8xQPiSJRPydkeFsAiOvYbEOw0cBd9wtXSOwG1SjEUjZw73YpDpVrYAR6xu
2020-10-14T23:34:58.323322400Z 295 o25KTLEEBGFaEbUyWfwqMq3EEhRZMklVHvZXxChcyEhRzOhfYHHrUVqQxhPy
2020-10-14T23:34:58.335232444Z 296 BbTLwCFeNDYwX3pzAWhvUIDD5yYNzRne17yDFyoeHcxfXvpDkZCFvN97boqx
2020-10-14T23:34:58.346360759Z 297 s2ly4KYP8gkd8wmaADBzojscJWDvxDuRVMpO4Y3m3iFLeTG78RHS0oQ0UY6x
2020-10-14T23:34:58.357826103Z 298 ScaLh4hI9MiEzc48sNi1ksX6wGPYVVr2Z4F7IsMOdkVefoGJMmqBKYkIp8zM
2020-10-14T23:34:58.368663657Z 299 zJTz8SgEu1sJ7i6tbsuENwqpDw7wMUPLZoPPuaP5SaMygUQ7B7KRKfgX8AmD
2020-10-14T23:34:58.380016648Z 300 mLP9WjTAUFcKsTG5zCCIuLOIrj5IRGoqPXuI9VSUylhJgWlDaDSNihu0CQLc
2020-10-14T23:34:58.392086854Z 301 UV8McG5ix1996YREeGYTviCgSIgQZSgvNfiOJA3v9L4JA8451G003uPyPEV3
2020-10-14T23:34:58.403322792Z 302 jVHMNPnMtuZ7C7fIC96A7j5HDXzOUfYq2601ecc1XBLEODCXLmYc3dbdV5QW
2020-10-14T23:34:58.414780285Z 303 yem1Hiej2umnkU4kKKcJC1ZnGa5hKYwJAvvN6Oi7mgURdDqTrUb4SaMtnMHr
2020-10-14T23:34:58.426255282Z 304 XV2ooPSJMMIB39PZRpd2JbSQ227xDDrjh0vRkjL09IzcqCykccvqpUNLRKSI
2020-10-14T23:34:58.437972976Z 305 4VymysCEZIX4j3l126lXIWpkN3HaifmVgCmPiyqewuoYMmJEtXLDi7reffn0
2020-10-14T23:34:58.448774975Z 306 F2xaDoMGSSWnGnlhM4OMpOZ4qw1kOIgyFrLS19IYghfOmn5n1wuPRdQkW3y3
2020-10-14T23:34:58.459478089Z 307 2YtYWtU9IDi2LYNAQxSoghR3UJ7TJOwJHZVMQwTzQRejOY1td3w1Y3yLdj8J
2020-10-14T23:34:58.471046255Z 308 Mpg1PuLgZMFarWCb3XYwiFOXxTqWRKbd620dUy8xkrSkjTEM8zYIm7IOzk4b
2020-10-14T23:34:58.482547018Z 309 nMUxPmT2XEigmje7630kOkeiOB8gJbiu5qECIQq1nMCe0xJLfYikVl34MMOZ
2020-10-14T23:34:58.493726054Z 310 Nkj4cqY0oxpTNruxlXGLFsEmGrx6Sa4ceLYq7RACijcvXhSdyEY5CefL2YVW
2020-10-14T23:34:58.505293895Z 311 pFZOPQA6hpUti8Cb7IJFW43cREmRMcJsafIM5nZ0lVroE0Yp0B6zkPkXAPD6
2020-10-14T23:34:58.517010786Z 312 ErJWnQHdNgGBcGqMyO8IUxvknvumfGsZv3M69eysipL4tiFVWsLUU6xCCNrV
2020-10-14T23:34:58.528164066Z 313 Ytar4vV4byXlms2P2uX3JpF9vhjPNoQBR0aA92sT3keShKgbegBXDUik3FlP
2020-10-14T23:34:58.539494379Z 314 kPrxXV1ptRJYRequG4WX2TWHHFQ5UdNgpPxamvxRFnoJwMOKW9JBUIwP1Y33
2020-10-14T23:34:58.550248831Z 315 iciSyt8kfVIw46PSGwVeV1R1bwuB0z7AJ4gumILox2iBDeBxvW4V3JoZGIi3
2020-10-14T23:34:58.561942636Z 316 TCMUlHNo7qlp81d67ljIoWUscC72Nnx5eJxIBwSNkyHOZID4MrUCOTYROaBi
2020-10-14T23:34:58.572636986Z 317 ToQmdEfeWhSQS1ZrGCWrQmsFm08IKrB7znWiyTTQm6ip2M0lrXjs5bbBacPi
2020-10-14T23:34:58.583954205Z 318 NyTPrvhmZFTg4Nwmh1c5Mo29lvKnevWwS7hewrjmNyyD264W34kZRYPnojgu
2020-10-14T23:34:58.594605995Z 319 xrMyMVrTnBT1l9vIxNrRMTpZActPs9zIDWGKUtLN4NwZR1B1VDs7R7SzWJqf
2020-10-14T23:34:58.606069268Z 320 sovtANsLM67HZ5GcdNAiX0YBEyLyTEEkfduKer3Zin8hjmO0krnTzApwxILM
2020-10-14T23:34:58.617283230Z 321 7k6d61b6dIe4eDKaFS1kiXnovqLiC8IPvwhHAcJfdMEhzwunFOV7KaQAriKT
2020-10-14T23:34:58.629167536Z 322 MW0pdATatbvPI7SMb8hKpzvc3stT0Wui0urayuWIvoJgibTfuVoiBiA0V0sz
2020-10-14T23:34:58.640782148Z 323 egaAVWFG4UWJGql4WT1pUFY8aVzQUmPNh5msqfQc4Wrd9yIyyvBjx1pDkgIL
2020-10-14T23:34:58.651792747Z 324 of5RXNR5fnRHLylNvWVd2mivMAs5uSH2bw55gYhcq19JFicQGCFrWPFmRsP2
2020-10-14T23:34:58.662192944Z 325 7TO1JiWu97z6MubD6eIkaIcwfXlZV9F2ezkT4jAiFDHzvGBq9BY7A4FC56TJ
2020-10-14T23:34:58.673680410Z 326 1zW7BkmTeArEh1b4UrNv69B7U6Z5BsswnodZArtNC0asAZMAbQ9ZRph0dXAj
2020-10-14T23:34:58.685154245Z 327 NoKLnExbR2VHvQGsm1Y53C3UhxpQn8Hm5FjURMuVNlcNte5lJ40lYzI7fv5l
2020-10-14T23:34:58.696662166Z 328 AlL8PKuKnxl49T5QKX0whZNXp7yfyjmOniCNQi6IdhLRSAsREVzcSN1Uhcor
2020-10-14T23:34:58.707274043Z 329 fxxZrFBlbaD713BbbADJknVC3iLlSRxuhFHB3dEAhA1gBfdfh40R5EiBnmBL
2020-10-14T23:34:58.718488903Z 330 zPziXPoOVa5uRL7QsqYGfGg0SoiQkotn9pXckgPbsm8oFcsOItK3xOMrGySP
2020-10-14T23:34:58.729719316Z 331 G72MSRvmPoogjKvf5rZ22zsuVfye0Fjxqn3mYy7U8xvxz6BeaZyCSRVvZI9v
2020-10-14T23:34:58.741131102Z 332 aQnjZoeJm5vaPT2o4UUwTTJeFXTZuI1zeWFrjoug9pPr4UxHa5dMNRmXOwTL
2020-10-14T23:34:58.752956807Z 333 TLJwGRby9cLin8qCJUbQ9o7eNlGYzu2pRWSNs9XEwZW9vmAsVeib7n97pxjy
2020-10-14T23:34:58.763718508Z 334 XIPiYGjm46zuujFqfR0cgUCc8vnzb4RHv0Ue5j73AVYk1x7ojxslh2Wy0X6J
2020-10-14T23:34:58.775247194Z 335 sT8Vl9bbm2tYUJePKPkB2e7Okt5LqUXrderxyKFYZQC697r9iHEWhrxGfEPl
2020-10-14T23:34:58.786697396Z 336 aCNsyrejAP8m9zqOVZkYXO3HJ9LZLZNF75rLcI4OlHW5NiRh8YhBuazWCfty
2020-10-14T23:34:58.797629369Z 337 iJRpByYPlwE5T2MQ7nTtonDo1Ori7nHNZ8rrYGV0kMyAZWTco6vufuxF7Zyp
2020-10-14T23:34:58.808807774Z 338 Rw8EswOiUFzYeQ66PvDlFZE1SgfWuEw0xvabBpHuCpHauG1Z47GagjTubuuc
2020-10-14T23:34:58.819597557Z 339 S54a4l3Qh3jCe2EP8DhOohsJ1iMg4WLYfdKVTQeuDmYGVvJLa5pkqSRL5WJj
2020-10-14T23:34:58.831139107Z 340 wY49XzILsCnkLFZNOO8ILLLTxTSBCxZVy9Y3T0YMvuFm3G3FKILNJK7njUOH
2020-10-14T23:34:58.842378315Z 341 ouxGmACT2DnVgLHv2E9yMvfc884AZvRatkcxwp2IuYGILPauOgj62nXbp0sc
2020-10-14T23:34:58.854209906Z 342 crAzkLHBQST7lu9LL7PLx7hj9a672oYz48tmMEfKgYo7zXkSXRwpb5f2l2qT
2020-10-14T23:34:58.866227380Z 343 ERjhK6zmQjdkPrO9y1AbIQQJShEF46toVPKsHLVUaBSLj5KIwy9Z4MwGdZ6Q
2020-10-14T23:34:58.877787741Z 344 PYgb01JPYUDsfCC0e7nGHnm71mlBk7c4RqjN6fNTiIkT1JrStliNpFdlvhag
2020-10-14T23:34:58.888350870Z 345 m7dNn5gt7zy9v3kYbCNomIW3YwsPChO9uN3nd02kYus3akO6duoqkU65iT46
2020-10-14T23:34:58.900251509Z 346 IW3kQALjthObJBGJOZkQibZw8mTTMCPMFF6Z0gmJ10rIlsK9vZQmCbkECWR1
2020-10-14T23:34:58.911974207Z 347 3Tc6tkhLRJVfw3nrkhuSY4w7HjvKfCGAN4FcuZvwkPPRGYJIhWzs3AGY5GXY
2020-10-14T23:34:58.922715811Z 348 zWLM3kLHbdaXEZcEabzs0tGmO1QtFEcjWGBDm3zump1MgsGkDveuFZwItYe8
2020-10-14T23:34:58.933457706Z 349 jIYa5KwEB6XIgXYUonb76MqJfpnwbVaM3m1TZAH5HY4tSjgtTQJtmV6SgExw
2020-10-14T23:34:58.945040936Z 350 Vwfkhq9ESEFMHOETsCAQNnGH2fjFrwrVdzWEik7VkSXmEpFXcaZT6eBDTtOC
2020-10-14T23:34:58.956720478Z 351 V1E43H5vAq00IT0Hq8Rj6dfnztdAXXKWlsO6hkv3jqVPb4XXMxYYHEZpCGPn
2020-10-14T23:34:58.967735131Z 352 SULsUiKM4oEsHOoLyvl8fNMyDxq75CEc68rGNXVX1257slzf42oub4TbbdLA
2020-10-14T23:34:58.978490955Z 353 tVemOrnkswVBd7GIvMISXKrO5O2eLqKZHRZYrkPQvti4ZlxOPMZXghjsq3a5
2020-10-14T23:34:58.989350082Z 354 uQABuhU4ihZiVgnPUoVXVt93zxe7JmwPqcVAFYz07641FIFKUbSs58snYQgA
2020-10-14T23:34:59.000375093Z 355 NFc8jsrbF2IiOnwSKSwRobjngdMtLrZ5jI9bbUr60fwOZnzHFgoksjTwqrGc
2020-10-14T23:34:59.011211860Z 356 9Hy6o1AEfYbw1Pa24rIMHi32J5OuF15WmoANQSnZZPjECGB19KXs6UkMfBES
2020-10-14T23:34:59.022992859Z 357 GxA4DtsCtvPGauOeHA7bjHAdT9J5lU2pGIyNVBrjkEvq5KV688XX6eW9hKQN
2020-10-14T23:34:59.034071665Z 358 Fp57IhDZLjIPLYlTRCxOOvAKWkrYsV08OL1hjlxd458xNzzVG7MT8BuLFyPy
2020-10-14T23:34:59.045067049Z 359 oEBOrCI0Dc4CS5y6iFamYHkkxByv5VpVOerQ5IX4N3hGrrAwbFPEQUVWQPyd
2020-10-14T23:34:59.055834728Z 360 IC5TKPglN3QwMGwVe58oYBkHhgCaNdzHzgG0iVXhV4wlnCFW797nDA4qyXkN
2020-10-14T23:34:59.066057036Z 361 nM4Dh0xYFzYo2wsEoX60cUUPSFNjUlXgF6Ua8lbF4Nv4OcXiC7cKq7DWrxlA
2020-10-14T23:34:59.077605821Z 362 uN2OmDBexvthTtX1SvURZqT1oUc7BCTuXp06JX73RpsGnVboco2NDxICOoiy
2020-10-14T23:34:59.089205633Z 363 nO4vITbaeQRZx3PEMxocKfQ2v3tOP0ESx5zROVjn1oxvd20R9ya4jOdvMuYi
2020-10-14T23:34:59.100957272Z 364 JXX1i2I2cTibRStNLQFrGjox6zHHOziMIC8aHnttX8rBOKnRS9y2IQXjzWMR
2020-10-14T23:34:59.112225974Z 365 0jbxJ55EvExWErukAibUq57v0JkRarv8bfGdB2RqvxrfpcJe7nDGKuOHFMLi
2020-10-14T23:34:59.123280367Z 366 M5POk7bbMie6rzrKiEZUhJV4OFpTms03tuFBTtAf7ditZgp6qrtk3noTQrfr
2020-10-14T23:34:59.134993521Z 367 OQkxEpiDmWNPFM0UUkw1jSaOScKDz3Hh7kvxM5LRZFfLUtSqDzASNyu2zSTm
2020-10-14T23:34:59.145621334Z 368 wnswSi5NzPO7vcR2OYVi248SE7buFDqleIAhKhMZGJOcnFIhhJAl85dUpx4x
2020-10-14T23:34:59.156530554Z 369 jN4KI2ZF8rw7p64qbp2vQaMV6aOnv0rRkxQJmeDO6f6Hop4DPSCvx2apDwzA
2020-10-14T23:34:59.168121441Z 370 KOPeP2miw1H232ubCm99Yxl5VbSDl3nip30CLtzx4c08wTXiSpNTAf0aFl8g
2020-10-14T23:34:59.179495604Z 371 4LDetkzqgUG1f7haiL2dA37iriBXWb9vrozVSMjv9vmrxN4tjlFTMG32IUXr
2020-10-14T23:34:59.191203947Z 372 oVQ30sMpeaQPshvku0LKrJprIvrwrmFDhuBaGC38FaeAy9aJHOLuodxgmgLd
2020-10-14T23:34:59.202964164Z 373 EOocmXMAXugoETaUYoSzyDcn5LXAr05C1BptQbsNGbWh7kKgpvxMe8FvkQ0t
2020-10-14T23:34:59.214756322Z 374 iEDl71DYoPcWLn1gCoVOjf7iob0qcwYfc9uRgiEzxBS5Z0OH4NuWYGHxWVzB
2020-10-14T23:34:59.225849280Z 375 SsI5RNKXFELYtHNVDMrrzLSVWbSa2YS5LGNbhphxuqYMLa4zJTLOUfCwu3oy
2020-10-14T23:34:59.236513649Z 376 o7FinVj9BNbC0Wodi5hfnSAnCZcaDBdXtBdubiCF4EC1mb1qCHTMj3i5FGgD
2020-10-14T23:34:59.247637871Z 377 tgASsHhnWrtbhLYBdIF057rEvW18PB5XXTDiW8Rk0DHDIBhcft9VKusws3dR
2020-10-14T23:34:59.258608259Z 378 hameKlEEDi0Kjmap5NE57yaqIUXhC0B6HOyYCaFs6ca15KXWGR1uzLOT8Eyn
2020-10-14T23:34:59.269519037Z 379 ITccI6Dx9L3tdnZGrxe0VqRfXOdMrWaLxkUt7S0qteyKzoyaNg49lbgemQid
2020-10-14T23:34:59.280408644Z 380 dQHOZTDOHNGNrmOrHjBha85EEAxD1pGEQn86loPcatouRJGeGJEzAfb5nr1i
2020-10-14T23:34:59.291853158Z 381 w70hmzjw6CSphWFqgM3U6zraON1c1WOnz8zPvGErnmZEpsd4nLuuG2nz9Veo
2020-10-14T23:34:59.303127248Z 382 yqPTdqZT4L6z206GKFgr3LFqQaWNZDz0lzGgLiye6vh961fMCwuP6pVWx57R
2020-10-14T23:34:59.315307160Z 383 0HIwfrzWVkEl1g1HGDOTH30EpHEa3wYoWMsvvCEQcY8ZWmwcZAvvZFjGthgR
2020-10-14T23:34:59.326806424Z 384 2xjFAkARGgA71jZVNvZQigJCyq6JYcTCcE8jc3oMJwmSh5rUEeWLZRTXDEpe
2020-10-14T23:34:59.337182802Z 385 h8QIJMFsWoI90hF96LOfZ63wIC1bEGB18SuI8S0EMKyoJiWE4QIaidOiA6x7
2020-10-14T23:34:59.349208731Z 386 2E0jfTWtgQRzrcvYSGDwgrg6ieLtto5nMgbi6dOFXlFJ2YGLoseiovcZLMnA
2020-10-14T23:34:59.361047173Z 387 1EeY5b6XIgV66fF5newwUiJ6Uq29Fyb31xVjq9z9rh01rZHwS1n81F5q9otv
2020-10-14T23:34:59.371913908Z 388 L9sRrQtTALQcWKrb5mZmBnNjxScAOzrRaPlbLUsDalZpjk7Qv6QnLBeIypdP
2020-10-14T23:34:59.382925344Z 389 VZqiZyKh9rSfXSitsjvCqx7sK6eg073PxhnV1O7S3ILfWa6I7UPgFlsNCcom
2020-10-14T23:34:59.393634217Z 390 akJOkWa6z53i9wzuOHheBoSFG9QP2HE9QgGrx4gW03cRGXzTHRK84TTWiDIJ
2020-10-14T23:34:59.405103311Z 391 CTJd75sCAu5uFJf4ZBbv7UF6L3BAHMJxmtFdcA6WxSBrxIQ1tfP8CmErLMRM
2020-10-14T23:34:59.416785692Z 392 iDxwIuAGs3ZysfIAb2a1TzHKkNqrtiG4deDTWG15qgPkAHa7Vl4fO7l1tz3v
2020-10-14T23:34:59.428250881Z 393 r02u5oGP1yhlXFdQW7eubTnV4dmvPoVWtrKNlTsPdLCA0EY3IdSZWDW9fijX
2020-10-14T23:34:59.439180732Z 394 Tz66LwSO5MbvRk5nvsE2PzxY12JZkJRzmblMnTdJq6EAf20F80YJCNdXWnYo
2020-10-14T23:34:59.451380741Z 395 iVN11z9I86qw2tcJfmd5Pj5m0E0eapCmnmQ141VEggk6GGTuG1gXSYlIiozC
2020-10-14T23:34:59.463024764Z 396 iibraP13JlKWDt2BUEqnqkZp4crAPgGgWRYtNVqZZZHqYYjssHtIGN5sh9vH
2020-10-14T23:34:59.475089953Z 397 0IRz2A1uaCxjNUMPvRiP5Rzt3zz5m0RggI8xud52NDaj3S0IxgeUEa0ZCVtc
2020-10-14T23:34:59.485892338Z 398 HPTFq48yK7RB30TNFqlZznRAkgpBbZxx8PJyYKnbCvhbXTugv6IQb2fd53zZ
2020-10-14T23:34:59.496172164Z 399 9jBJRktvcqVdug8t3aSDrtIPJNscYntPjbaJ7Q2BobETQS1iFuUa0QzHuSSa
2020-10-14T23:34:59.508240672Z 400 XNtASCNvHaRGE6ymu4IVsxAqzq6wamZ1k6E8piZzpsMFtDNh9jLBcK65rJ7L
2020-10-14T23:34:59.520013716Z 401 xm8E4YzPOTTZ2K7W9dhdCYBcQAQJZQRwCjXMAeOK59bM0VLyeVfz10pa6cF8
2020-10-14T23:34:59.531613440Z 402 10IfIcoZ3GJFW6xyevz2c7G5H1WN42lBYQD5fubXRGpUvmTsUfLnL5ejzjC6
2020-10-14T23:34:59.542400371Z 403 KAAAmP9X9NA2q9X2hLxyVvuR8MVEcwr3gzylYscVRTx86dOcwhqFQCwrIvys
2020-10-14T23:34:59.553331949Z 404 gihgpM9TDb8O7YBKUBABRGzLt86qZm7L2dYZNskvM0gxszmVqS1Qyz3953jN
2020-10-14T23:34:59.565028447Z 405 XhugIRTT1OHsn2PImdMYXdsZZNek8DgtmMzro3JlrN0T5bkX5dVusz8jQMM3
2020-10-14T23:34:59.575811051Z 406 0IKnln5v8Cb4avlON3gGPRxZOxskKX9dHWMwI3qyRT4OZTAqrXJL0pb9gie2
2020-10-14T23:34:59.586518650Z 407 hh4AG5F9K1ThW3hDCR61HXAcatcqDA0rghT9eRTAwbE8SncvnXgIn5w0SSHs
2020-10-14T23:34:59.597921780Z 408 ffidxHKrwoS7qbbTHCF15YhHHOKYomnND2QBJcDRBkYG54cDEJ41li93FKLz
2020-10-14T23:34:59.608720568Z 409 kwAOBf8OCi8nUlej00UpH7jSAw6laMuLMKQVMX2JvYAKtNcJxr42jc6sqSkr
2020-10-14T23:34:59.620204545Z 410 yGKDlAgv3mTfxQ6asnDsaqufAvOfJJUMvpWQNH4TV1ROWxZnnnxRQPME91B0
2020-10-14T23:34:59.631908495Z 411 vV86NQGOFBPfpW6rsyqiVmdaW4R7zOQwyYoo9gsTSDF8lJfqBzwKYTEsfzSk
2020-10-14T23:34:59.642443691Z 412 ukiY2JBRp8i1i8jP7yaUWHSYCUxusW4wTJEwBJXRaRz33Q5j53OZZoGRBpmn
2020-10-14T23:34:59.653836402Z 413 A3l4SMbdUMqM77d0t1WsEuosIA7HryrRMyS1tii7tRJaCGb7DBiq59TTEI19
2020-10-14T23:34:59.664041905Z 414 G0nkjzcsZV041252sMUP4gUzNQNQh0j4WZtLETexvEsQOCjLFxSAGgnuRlwJ
2020-10-14T23:34:59.675723338Z 415 0S09xgk0Mw3qnynwQqoQZUvfsBjxhfr5ZL8BElru0zV2lIh1dK8iJ5d8NGJL
2020-10-14T23:34:59.686305602Z 416 Ni7pUGP5QsuUKbqZOuBkPF5YiN1jTILMQbdMO8HWp646IzJSBHGZPHTnL0mv
2020-10-14T23:34:59.697353556Z 417 abaK7XI9oSYlPHdqhg0lnZXpBsAzQZSOyOM84nqHJTKGnX3r4cdI4M5hQIkE
2020-10-14T23:34:59.709080830Z 418 1JA73YbDtx8AbVt73qc8KnzdaZTuxsp32cmTHqLRmDyYVcH5aq2dkwGTFrcf
2020-10-14T23:34:59.719752946Z 419 OoOmMSwGn5FSV1hBb9GgBsjOSUXdOTnvPaOSIrdMz7CXGqHr1TOUY5A5fPdb
2020-10-14T23:34:59.731099459Z 420 3p0QssO8rJpFoYEGUbmvRhYB5HntQ1lkL7e1TfOIHgZNWVVTFoztVPo0EHDY
2020-10-14T23:34:59.742383581Z 421 v90KzMOHqcRLTqgnOBhqMhrGdiQePifEco5tBQdsndR3yWDhskiAp1GA0B20
2020-10-14T23:34:59.754181449Z 422 XojJjc5RHzyWUn8QDaV4WwMG35Mgwvplv6N5wXmoyu9gcOv6X5MVCzaMH9FY
2020-10-14T23:34:59.765879158Z 423 4OxQ7bnlWUcAP4jRxPzgjkpz2VdCbEpCwolA8sFmQH53CpLbyNTH0l2DatLT
2020-10-14T23:34:59.776766092Z 424 tsY7EJ1V7AnAAhGb2p6k1MDfHQwohvrqGfV2cpdJMLh4uocy601g0TmZzv3h
2020-10-14T23:34:59.787960219Z 425 eC2yCNIUCmm4sp0HanIHjBowuR0SQzDXXGX4XAdlKxDyjiUBQeNp6sPbrerI
2020-10-14T23:34:59.798832417Z 426 04WwJrKk0Hss640DvzfbvueJGTee5yQxlLuGwPgHY1WMnG7BNnvnyggINPRa
2020-10-14T23:34:59.809292294Z 427 1S91dl6RAoyJ56GMS5z03RkVzbsFlxLKP2NjU9rJAOnjMXrzGrYsmvfFiXEB
2020-10-14T23:34:59.820827230Z 428 gKPTcPpL9S0WYT1bL6pVrUXXOf9bi7ASwGMFBnAhlUxfwyed0rGE9n3nVJWr
2020-10-14T23:34:59.832194755Z 429 vHATZre1Eh3cDt74dCMePvQDmssDY16dzhteEETLzEJweoNOZrwxOEHVSZg8
2020-10-14T23:34:59.843997616Z 430 Wq0vdndsa6XhGESuEwSl9SiMAmkNgthYmGo5NNsSc9Jy2R8ahJbtZttluD7s
2020-10-14T23:34:59.854474857Z 431 CK5FZEKdvmMinKUoJTsdcGwDMFm4oIZ6x5sQsvQ4v1q9Iu2taVUUFInxfSvn
2020-10-14T23:34:59.865873314Z 432 T2sVRPd4dEmFIPy5CCiTcAhaTyAdEr0n60VEXgwfAuyBWCA4SEyCrdEHTnG6
2020-10-14T23:34:59.877126933Z 433 zxvGL1cdQ41DnXo59vCxGC2t4DA8BViDpa7q21Drl2cDC3oyz8mI5pKDT2zn
2020-10-14T23:34:59.888616963Z 434 sAAwQ29mESDnsBmEkbBG2thnJHvtmvqFuShau5sQGbomuoTg0zgbuAob4KBW
2020-10-14T23:34:59.900212534Z 435 ebgXuuc1Lk9B8q02vvse0bKVpuh0ig3SpyxofgJM2foevniHmqduEZJ5mjqt
2020-10-14T23:34:59.911952193Z 436 xSfEoKWVXHzO0xeegue1DtHTzxqrYyltow0wwbsQaxEycW8AXyXUQYqj8RAW
2020-10-14T23:34:59.922309461Z 437 ZvK3NqeAGbhIBvpaQbLPtdtNNo909a1voYdK9hoQylhPkg4RBzstMoDB0Wyf
2020-10-14T23:34:59.933861347Z 438 l6CKarviliQ9gUb0bdYOwKydmKTsk7mHKVkDOj4B2EL4LNiFWK6YDRqzTk5V
2020-10-14T23:34:59.945172853Z 439 c42cWEVtydgwEabOcOXOTuyXJrHnjymxNSrIJ3TdzkXPCQydHxSyxbRVkeqQ
2020-10-14T23:34:59.956747522Z 440 MSpb406tQHGCBwvSJYWrh0gaV0k0L0emWyVulsywPqYe3JJwfpeKEUIzUulo
2020-10-14T23:34:59.967923987Z 441 idcIsGkz8pZ5H8EcJ3Gq1jK7YRWnoFvm81bATLkiTROv4wpJ9DdRCt1Jyc06
2020-10-14T23:34:59.978443390Z 442 VR6whLSEfxV7vbSAJiocVy9nkaZbXOtbxXDk25CN4vXjWQ0U1SMChMykMqur
2020-10-14T23:34:59.989568473Z 443 M7qoPliNAmXZCAcUDbeOS7JdwMEAvGDpICOpuZglYWdnEdUe8oetA4x5y2PE
2020-10-14T23:35:00.000302463Z 444 VBqjIwfpmQdl6EE29OplNwLtvRxHHqAcSvYgqUVlabl0NAnKaHV6qPifUcdl
2020-10-14T23:35:00.011551920Z 445 OfcfoPcSPTjzyRnXvOy8FGNzmCsSPcBEs9KUk2XRmb4ICTz5T4nO2isDpVvl
2020-10-14T23:35:00.022334899Z 446 IgNBkK6MD8x3fanIpuFIAe9zzcoev9meFgAONMEFfPuqqnEFdQaUFHe87eMQ
2020-10-14T23:35:00.034120780Z 447 XnAd1zKSbjrkKGDjWz6qT3wWKZArZh0Zp1RNHiXRlqu8NESrwsuJwHQYWUdS
2020-10-14T23:35:00.044429743Z 448 YvDDGa9Sna5F4qK8wyGLFlCQx5kksUIODKcTZQrFNMtAU6VlnQdTsCmQ28MC
2020-10-14T23:35:00.055095021Z 449 lGqZQJxmtkBk2sJ3omEQS84b6eAT8riWFiJ0I39nc9rrmx3kk1wBZfRry7eZ
2020-10-14T23:35:00.066646491Z 450 yOtyJ7fQWnoCa7lI9fw50JhohmHXVLmZgfFkHOCKU32TJu7yXBFTW368TQed
2020-10-14T23:35:00.077295503Z 451 bf5xWTSJyuo7dMMfLadk5xwS3Ftg2FXUMHBkJgGIj5AQ3kzxR0ocProugO67
2020-10-14T23:35:00.088926374Z 452 pjoD4fWNdRt7iVDlMLb2qg3pj2MlRuvz3drF3ZnFuLyjqRzcRcQISUzJNUIv
2020-10-14T23:35:00.099595719Z 453 7AnQjh4esm3tomRh8oCFLRKr83I8gBVenyPS3Nzgu73u9XV6Wcn9RJFKD6j3
2020-10-14T23:35:00.110477147Z 454 kg1tiv2DmX2FP72axxaBmq8HW8yXHaAkv1WopwEHOEEH912wXLZuS38mXRiw
2020-10-14T23:35:00.121283564Z 455 HunPIlvgdGllclDGRiCtLRrgjIukDGJVad14D9EpvWqzAOXhWZ1Zeztj7jPS
2020-10-14T23:35:00.132708712Z 456 kwJufLEsLAtaRhy656ZOmlfFjaYYBwpNAsqqqKUxTpvPa5x45aAxZlZirhXz
2020-10-14T23:35:00.143744040Z 457 rl7LYvUiPRJtWyswrbHwrQScgoEEj6DywaSHTN0DQTy69IykHYPWnBPJVXqE
2020-10-14T23:35:00.154649998Z 458 YJNibSNxFqvhStQtAPCHWoYqOhm44UMqujTDMBnedcQabDLL88EOZfAnw9CS
2020-10-14T23:35:00.166248402Z 459 IZSPtSBlaHOGBVnekHji7t4xCsNJQpBu2hqL5x3wmtrxCEapNRUYfhjhkf9x
2020-10-14T23:35:00.177838648Z 460 86RmpOcXIaycRiehU2883KOc6PyVVwebM1FsReh3ElMJIpHL3E5I8yFKjgWN
2020-10-14T23:35:00.188671741Z 461 rAXVTg6oniyByHMLAU8vrbMfruTt04jYUP6NigNlKdCS2ssi8sMgTSC3Li1j
2020-10-14T23:35:00.199059447Z 462 pClcoFEZiE6MGs3SXqaZa5CG9TC5786IF6zgp59IZiizH6azVv4LSE0c23TN
2020-10-14T23:35:00.210248687Z 463 8brZNDHkc5yqQOuJtbz6Y1XhB338QwVcri3OCYEMSIQPTWNet030f4bee4Zt
2020-10-14T23:35:00.221853773Z 464 xf3CjgNEOSKwuYFuDk5CChXGCdAbzvE8XQ9d0u8NFMgSO62UcBTEuPsR6xYO
2020-10-14T23:35:00.232504999Z 465 zGBJYndLEC1PFZsPi2Da7pWex2RlxCnff96SEjm20by0v9HSbd3XfjYeVhNN
2020-10-14T23:35:00.244116345Z 466 mRCR3nairCwWoWdtNLPn8PYo9M7mbYZNw2mxB5rwsaAuLsxjvnerApWsS5UT
2020-10-14T23:35:00.255492487Z 467 o8BxlffqDgngPojhlg21zhLaeFc5x9A0cjZdhyoTtr45zYQMwB4dnt4K7WQ7
2020-10-14T23:35:00.266622951Z 468 Lb7AFkhKJkGDWfujMlrEfzPdBJdGBThNjDrx07cT9yQrUVdJoic1AGIenhVh
2020-10-14T23:35:00.277997497Z 469 21UtDQEUC1R1LgqX74NW5VPTRBUfiAuyA06ci69nXOPfCmOTaJ7Y7rtvvkOx
2020-10-14T23:35:00.288713237Z 470 ukV80dIEwCVoRYkoUEO0FywG6KlAHc2QTRvLkwC7QtUkXsQp5JM0dOofafY4
2020-10-14T23:35:00.299464883Z 471 K2mmcWrGOotufepb8GuNxp7BmYT44p08UbFWjVMrDv4IOrBcG1DTQumCoJKP
2020-10-14T23:35:00.311218814Z 472 KuoR7jQyCsZbICr31GjDbyVm9B2Bqw4s411Jftk1sF9HbxHDWt6rMJpRsk6u
2020-10-14T23:35:00.322252067Z 473 guxZDsRRTJfCTj8buwXGMLzTHUAUVVabPNZ6XRr08f70jeKuTBcP5YXUhLCU
2020-10-14T23:35:00.333700556Z 474 5v3lc3fFRHP5vvAuNRAXaA74XojzWpSJViJLW1rZbSrVx4kHI4aKVOWM7ohI
2020-10-14T23:35:00.345326488Z 475 wis4aBsQta2KwAIRsoQiNvGKbVsm4blbiObhGw46KCvJ4193OueE76O1j2jB
2020-10-14T23:35:00.356947014Z 476 N3sTmourcCSHX6zNU3wrzcSgM9fEEPcT5Dz9BrGcBekpoyKOVfshrI9R46iT
2020-10-14T23:35:00.367910095Z 477 w8IK8Mp7oTExuEsan0Fm5wW8uOaDNz7tV3ZtZ0EL8SEpoZnpTcj6UY1o5rpr
2020-10-14T23:35:00.378671976Z 478 G4n7nFDAxvEeEWYaN6DwcZFSX5SOoq605dTJYcqNN8RmoHouzBTz9ZbUkpCP
2020-10-14T23:35:00.389342065Z 479 Zur9sWZByhhMT11lDctTvw2eehEKyHSobwKTMrUdFmTb9fEwpl9MVnph8QuQ
2020-10-14T23:35:00.400867563Z 480 P3dRUk0rKmIQO1omIojhpYJZehjzJ4wOvzncjZ5YonDjPA9WufwWdrcOLJ6u
2020-10-14T23:35:00.411432792Z 481 xZL8OrFFwCDd9Q51yfaC3DWn3oTVgTwYvl6ZPF1jb20ttmgwZwjTzxM9Xsjb
2020-10-14T23:35:00.422916015Z 482 O4phdMVmmWD2XPXGTOMUDmtjtX6dBf8tLoHxPVVvZbxaZMv61iTkQTzwjkAN
2020-10-14T23:35:00.433457760Z 483 woDZfUvijZ0ETHELmEXO0CIzWKnNIYLO1UoXrp7LeWEAJWJCZD0sczZIH5RK
2020-10-14T23:35:00.445549406Z 484 zN9JWRxPk70HwHahokQSJYK4AsE29alJSXSccXGrlTdtMamTjlSB3qUkeZhi
2020-10-14T23:35:00.456559045Z 485 RTEilMTClCJUara23pBCtGF3vkw8BMcmKoFJtLvGdZz2XKz4UrBUc8wwyGHq
2020-10-14T23:35:00.468080664Z 486 RNLFSuGaCXU3xCaQte7Pq9NNY4jSr3CXJGfp5QQIcojETV0uRa0XhMnUaoYy
2020-10-14T23:35:00.479676678Z 487 lC9DI52ippYc3TbxwZ5wzMfLewTfqjxa3IkeeT3G3vq9EeM039WGbbvueDjp
2020-10-14T23:35:00.490350427Z 488 W2JuYVmyzkt8TjlvbSPqDKH3eZHM1jRU1QNbEgw1cYcDIdJxKX9uiUsmHhg4
2020-10-14T23:35:00.501510423Z 489 9bafN5BiJtRrvFEk6EpFqVhFHhS282mixnN425RDK5qhtiBGJWP40M5biZSg
2020-10-14T23:35:00.513280869Z 490 DQwZdl7uea16If2IW9M8ukhOxOJzOi0O7UBR1VAeqDXq6yw6OsZUrgjsIPFi
2020-10-14T23:35:00.523114311Z 491 Gzv7V47qgXlyffJqr0FmsLoP0oTpjEvMbp9mC2mPuoThaoTpqELQsXVGAhtQ
2020-10-14T23:35:00.534562996Z 492 UTb9paAnZWkErTNDt4RZyG31HUjgekA4YhuI9yqjDKIPw1fJUSM4eyPB4TRC
2020-10-14T23:35:00.546139424Z 493 V09JKtitlz3JSkKxRvHQNUXtJZLfZhzAZ4Gs0zzdtBvhgBaMXlzHKu3AiMEX
2020-10-14T23:35:00.557252606Z 494 E0ytvDqLpfbvSLVBgdTyNiw5ZI7Ts57cJ4xk5A48dEsjKcEAJ45pNXTiZaTp
2020-10-14T23:35:00.569221931Z 495 hX9TLlOHCvBuQpFVPID4LnFBsAafH3qg4ZBoI2272k5MxhSMf1MECIhd8NT8
2020-10-14T23:35:00.580802818Z 496 m7Y3b3oorIksEmqwTZzMhNIH85wNH28thTQL15tljueZSjM7RV9OPikM2wtn
2020-10-14T23:35:00.591675430Z 497 WoBKVs6MpxkYfds2QjwMUvP981A90vWIuKBwGTboNNDCIDKByB7aLbFFsYWz
2020-10-14T23:35:00.603006504Z 498 1hDgOe77NlEGta57OaiDefFDVwRND6vn83Q03EY8ctdrRVbKJUqEQXrrj1Di
2020-10-14T23:35:00.614740227Z 499 X5HRqU9AcgYjv58pH066R5LWHjTU3AR2JdSOzT9LNMCMRIgcrsoC4phExZSZ
2020-10-14T23:35:00.626351804Z 500 scgjGdURq06Yeea2Ms9hNJwMMugpf9MBLUdEnA4FFjHnwc2ii4k6dHdIYRJy
2020-10-14T23:35:00.638321363Z 501 Qg5JLjjkp4L8QDOXTZ40Fo3MXAWpYJdWwDiwlDGxMqKFPfSaR8OU4PPzh8Ql
2020-10-14T23:35:00.649697122Z 502 0qpPvx7Zlib35kCFxnnsQa81gCxFo0ALlLH1cboB7CgyrVlPc4JUlMEQ7xv1
2020-10-14T23:35:00.660739952Z 503 YULWk9dSDq5z3gQqJ6sqBFubhROSQXB01x7NyMbH2TjhY0fU1LjBh6H0AFLK
2020-10-14T23:35:00.671629968Z 504 JRsETBUUl0v1swd5gAdIpcJqWIsqLLwMXjQvSn3GF3T4g8Eg4YRvO88tC0Jz
2020-10-14T23:35:00.683338598Z 505 q9VbLey3XTHgani18p7czPrtUkoyEwzdGL2wJSQfe8XK2FYG5F1dqi91UQZo
2020-10-14T23:35:00.695075592Z 506 FKl0YPfndLNyrfqWnxMG8X9d1CTZhFKRtoitVARDiNPHRNndqigHx6w0JOhi
2020-10-14T23:35:00.705907498Z 507 aLpqeRBsGyR4Puqek5kCbBqzV7nNg7vnJzdfdhzBeulGz3ZC46C10GxKxfyl
2020-10-14T23:35:00.716832451Z 508 K483zFsMVNEYolurDSHGVRqjUVDdvdmIFTBg8lsrp7gBoAtKma2EpzH6AKKh
2020-10-14T23:35:00.728101321Z 509 I4s0xcp7UawwVVWWDTEYdKXXXqyHKDMWyFj0Tr499ECmmGbpnkDSRfwARCLL
2020-10-14T23:35:00.740097925Z 510 OrXms9NTkXHdEXDJjB041bDtz3NESCYIeyayeRGOCdt7pxRqYZZJG0qtEjqq
2020-10-14T23:35:00.751893146Z 511 uVUuWZHCyeCxnMbPgKJDOsK7DoiRRhEHvFNLptKjDK0VFXVMaEfFSZRAoeP9
2020-10-14T23:35:00.762851191Z 512 itvqYEcTbhLMwuJ9CSrNAamceXiQGcli1jlLNsRMjnNIG5Zsr0sZg30CmgNS
2020-10-14T23:35:00.773444589Z 513 c5YWiaDYaxruJDeK6Y7Jj42X3w4aV1RFWfV5Lpefclw2W8AEaKnfIUVkMOC6
2020-10-14T23:35:00.784106115Z 514 Mrl9RGwFzIGgImVOJCDVX1tgm4rfuF4zWsS6N4FVgqGaQaAu9qsBfcrpitw6
2020-10-14T23:35:00.795798844Z 515 2M86ubjvwVKWitAsZBLy99sRXUHSM5sHYuD25I81usagGLaDMl9MixkVFpFJ
2020-10-14T23:35:00.806463751Z 516 HRCuBdkuxHSFlyKEuUsSa0vkustZsxoiF2h6TYjYaJMAroJgxU102j0WKwFC
2020-10-14T23:35:00.818260160Z 517 du7XD3FB4stj0DzWWJwEdDZCHA76OWFHh9uJNiJOgxYoa8Um8DSVmUKHc2ad
2020-10-14T23:35:00.829565749Z 518 jIaRe7z5WpNUgsFZDt9HRQ9orqfeL2Io580w3NgDZP118IHNJPQ8urbmknOv
2020-10-14T23:35:00.840726464Z 519 tZuWN1yEbLcN3UHVK6G3KpgB9f2brKwAM02Exnvqgp0S8BhApPuKYf1Ie1EN
2020-10-14T23:35:00.851551545Z 520 apKXQw1utlFg65ts7HYPZHZ07H4pTC4l6C5d8c4O3ig4cvFKTtLpDTmpulde
2020-10-14T23:35:00.862467133Z 521 aSgAPuc1npiNPV2UIbICZFMkwUUxvx8XHZv4ehSNXJTbw76IOpxlYFCNl2TT
2020-10-14T23:35:00.874123606Z 522 VE2OfxId6PQz2rQw7eG0qzhwjrkPvHoiQEO9HeYgzsOI2ryhu4ZEljVT0ACA
2020-10-14T23:35:00.886252078Z 523 5E5uJMxKdN8qdblWTwvfbzrsupB7Pn3XTe29JwiTfEbQpUrjEszBGlDvPvF2
2020-10-14T23:35:00.897657293Z 524 j11JtMj8ac5hQAz1pH5kkKQJbGFr0n5kZaOrXG1tlcrsUAZ6sfMs1uPrj1oJ
2020-10-14T23:35:00.908354701Z 525 wC0TvpKZIWXvXAWqQgZAHoN5f2YwNbCYfli9fDDSd9cmdYQ5RpktSPOdKUL2
2020-10-14T23:35:00.919939609Z 526 pT4w5Oco5jQnt0hFlkCvkrOZIoDpBgcJFxwJlKdPBL5259JQzixknvDbsy5r
2020-10-14T23:35:00.930470394Z 527 UwJa18G9cHj43raJ5aKgbL7ag7GMYTFPwUcQ6PgDoqF9DicXY8lvNDkqyusY
2020-10-14T23:35:00.942279761Z 528 Zop83GlGylRRjBNovLMVleFLQ86ocIqLBDhJeqXPZTZshxBLKCh3RegpAnIn
2020-10-14T23:35:00.954297799Z 529 vJaM4wJyRm3tqfUQAZlfzssgHSavw6ib21lVMJ2Sx9a8OaAQFuJ5e1oJZYGx
2020-10-14T23:35:00.966130522Z 530 cAWMRgwr7y107ULQ6Axsgzi9iYWu8qWNZoPm4zgejiXRZ17jJOc7gB5cBdNH
2020-10-14T23:35:00.978199964Z 531 2OunHUfaonZbeVYZqnqKsvLIJGGVjgxC75a9Eqk1BpGcl3G2OBtPKsYBu6PD
2020-10-14T23:35:00.989780655Z 532 OIUHyNPTEeSJ1CimQNViQH8zCB0gIH5nrW5goVgqLMHM3B3aO1HzZp0iqjk0
2020-10-14T23:35:01.000563083Z 533 s0p2SbVBomxi3unDlMvPe9YYnjhaVIZ1AHo2JPf8jSyZVYP5AEdsNzsB7xx2
2020-10-14T23:35:01.012256948Z 534 6oiJvigj86C10T8WFDQGPAm7JjBWV3yN5IrYZqVj38F4gKwgMf006UFXnOG7
2020-10-14T23:35:01.023859652Z 535 y1OHQJl8S9hrWp2p9zW9xyOmdelItUspz40dOVeOSA80MEDr9S16ITPiShFj
2020-10-14T23:35:01.034309366Z 536 wU2NzxlaZ0WZJVmy3HtdtIHxc4RLTb7DgGMo7gRMvp3SPFvBSS43dCDs4krm
2020-10-14T23:35:01.046058061Z 537 7tkBufClBolxn5mvthgX3nOK9Nono7ppYstV07az9hZCh5xqXzmgwTzap9GP
2020-10-14T23:35:01.058102746Z 538 r57AJ59Xgk9MyPExCVSbqqkccuD14AO4YIL80MZw2v5UNZNYjuUxcKo6R7LF
2020-10-14T23:35:01.069717545Z 539 xgng0aZ6oH4ZVVnjYUylbiZmdwTi0OXpmfcZgP1TWPNpPBixPudJZLxzB8RV
2020-10-14T23:35:01.080570357Z 540 LPeLljuU5LmguKltvrnUO9Ket2VaGAvPSP3poUQyBqIOUuEwMvq6dnwBTYNs
2020-10-14T23:35:01.091753074Z 541 tHdm0mAGcS61fKwNLEMwYrFwrRZoTGOrp6qyzJRUN6NsbjHFClqja4LTuRMC
2020-10-14T23:35:01.102274877Z 542 uAVEjeli4AKbg4ab4QCWDBs77YaYKpUtctNaFADW4D7RQb9DgOZknb2Y73SA
2020-10-14T23:35:01.113907207Z 543 Cw5GnqU9jrPEBzeqg6j94r3WPDn8H6OEGX0zWxaq0y6r56cKuB2Ac6Fb4l5g
2020-10-14T23:35:01.124710068Z 544 upQryIqVjkMPLlJOtyNEHovTnmNjQPGkQaQFG29WanKrsuq6mczOUd5xn7ux
2020-10-14T23:35:01.135456759Z 545 ZLtLCDSZfygL4JdgWE8XqXgbobCWyDtd7K49m8DnuCWa6zoGKjCYXaZhMByz
2020-10-14T23:35:01.147109872Z 546 dwLCwzHcisGEI8MZlPOYXMNWdqa3bBEPHR7G1rL6ZzSdTwFd1LYp9v954Yji
2020-10-14T23:35:01.158991290Z 547 dantjJzim7Upb3DYDf1PTSYqKxTrW87yVFNRWtUnPulMeefvQ7mjkbfDOud2
2020-10-14T23:35:01.169903970Z 548 TtU2qkOpXbASPNGmPW4Ch7kZHc0oWG5Q7WjIerCw6rRyWK86rHh4f8VAtlqz
2020-10-14T23:35:01.180434002Z 549 p2ngpaMu7dEI6nFmB6tYd6SkYFi4PNuTOXGqcxHj7WbscxihTomilYxmcr9J
2020-10-14T23:35:01.192227531Z 550 DaZH1ojTCDjjnU6GRtWlAIIJe8qgiUDlqKyG1FNM4qnhGZilIyLk68evDq1f
2020-10-14T23:35:01.203809402Z 551 nTJOdhVcs4vCbXCqE2toJz4AHbBjC8vzqkeo68ystOQy8Ri8nbn2HO9Dtesp
2020-10-14T23:35:01.214433266Z 552 7sfLJqiavITk5EwglTuc7QCy23qOli9upRW2qoCLNqD8gyIVTPMO8A2a5qz6
2020-10-14T23:35:01.225398243Z 553 8OPLFNeprxjRS6sQ4LVqkJnQDS0McNpDdyjN9eB1ZquEnS9qkQf0IkIoepKT
2020-10-14T23:35:01.236524052Z 554 F5tIbpjKwoYWohwClNMpajOfOb1hWaZsDuKIg1Pzw817xE0NsX2tm93HBVYp
2020-10-14T23:35:01.247659255Z 555 e6eEgQp0VrUyCjmEQhfuOBmAs3aobJJiLcVBxzgGf8W0eMymDv32ydLRe2ko
2020-10-14T23:35:01.259169288Z 556 eG1226bfK84FXqfnzQ1qqs4xolCpTq2HPo7ADkCWILwOw98LeKHrXwadHYvB
2020-10-14T23:35:01.271137536Z 557 CILA7hEpdFsbXGEoUe7Z1oblJtBOrhqSB5Dkbhk0pfTp9t0Z1FKOaAFiNOXu
2020-10-14T23:35:01.282779734Z 558 LYXoSlj5y4A6w1eHaOCnb5Vg0V8mtBRCGJvmly6Byc3Ep7lsgY561CGl38br
2020-10-14T23:35:01.293339814Z 559 9MCkxirkSvlCi0l5tvguzpbFSmf1AnT22OThXPs18HxCr1wUfdUKKCVZxZHr
2020-10-14T23:35:01.304754547Z 560 L9EAT3ZvGqDZ8Xfls9o40hGAHXNB2l8RX0iFLvypsZ7tqRzC7xYhVlolO8K4
2020-10-14T23:35:01.315252719Z 561 3B7fBZafQAbIvWlsVU4X8Y8Als5QVqUjNIpmqrWwP0Ev4or1IRhSCDGPGq64
2020-10-14T23:35:01.326825216Z 562 Y7uHCopOtbkZSvhScVaNkacTJUGk0T0TsW5YYqzPpbDHwctfMYnfmtqKNcl7
2020-10-14T23:35:01.337473277Z 563 yWIptPwsCt9hTriiDwZwSJc0IAfhhgkkyJXsRskRE1AkAtfJzCUOJkxSczqQ
2020-10-14T23:35:01.348355602Z 564 y8n3Z3p7tMLsFFYNXfxQfISVeOhQbLfaC4anww9NKs8vifIKXQxVuO5c31DX
2020-10-14T23:35:01.359972376Z 565 vZsdIhqkCQNxQyLq92AQD3JBTsjNt0zahG6fZpRdEqsT2HMJoMIiK222R3rF
2020-10-14T23:35:01.371139764Z 566 geMBJx04OS1qbwJRpv2VTGTmlYYpbpVfukEZqkr4TUiuYwQq2esBWpzAExce
2020-10-14T23:35:01.382697112Z 567 cEt7vRgUYNFN9xCRm2Yp437rBD0zGhGolsihiBmUhLFqhVkJUfoBxbPpNwkX
2020-10-14T23:35:01.394161175Z 568 pdRyDxu17zbOec6VjyNaEUg65Y9XyPCe0WShwfS8DhfcFXLP4NoocHB4zjUs
2020-10-14T23:35:01.404998228Z 569 Rh3eCeuUQzrWtweZ4hC0a0OQG7CLbWfy3b8BSQzVpD6re0Q0UXwW42KPGnG1
2020-10-14T23:35:01.416527779Z 570 jHaGwDBCCwvU0B30KFM02G3wuFUDUxeaLhlrLbUqOtnIQ0T0FJZG2jjZSb7I
2020-10-14T23:35:01.428061437Z 571 5K5vGqolZtbxVpfaaxxL37ynTnsK9BquOmsItS82wiCzFYoA9wAv5gT8Zx9e
2020-10-14T23:35:01.439507457Z 572 7Ys1KG6EmIbx72j02i4c2U3z4OcLt9EH27Nwp4YExb0lQsUkoQU3iovPV7ZE
2020-10-14T23:35:01.451028297Z 573 Y5jXNAICkWVVb88WrsK6n5C6cdC8VMuO2gHHQrfxq9vEMmdf7FoEIOt0t5qS
2020-10-14T23:35:01.462352640Z 574 B0WzR008jJMTQZzjueym5wYHPqJhRz1WTUauTW486LlGre8a43tgIqmVft72
2020-10-14T23:35:01.473359520Z 575 BVHrzH6ScvNPwHcWScQ6CVDvdLdiYSvA5R3cGDhvqSYWUOa0r2LdKkgS4MWW
2020-10-14T23:35:01.485202625Z 576 hQpe2bIPfVotDA60u2dz7Y4tfRagehx4WLFksJo84e7JwmxDbwoKs4rZSE51
2020-10-14T23:35:01.496958196Z 577 qGPk4U6p3XmXoAlAJq9tFhAocfWRIbEgBBSlaZeTjtmQnSQ0uA85Q28A48RA
2020-10-14T23:35:01.507425330Z 578 XAXIUJ3lisufgmxt3KHjyMEzcuYbDIeHgXqos8LVTtmzDUMliBgHP2QI6ffp
2020-10-14T23:35:01.518823169Z 579 bT5jdWRb8as4z5qgIr6s4RZ2ZQ8fr0iRSpYOrIM5wmgHB9e9nGb7NBcI9yED
2020-10-14T23:35:01.529294059Z 580 2Fol5M5oBOJAqDp6DEyeLkith96EDpCZ6vPLaRNDJAHvh0XsVKascJ49B6Uf
2020-10-14T23:35:01.541019183Z 581 WyuXAFLSJpRYNOVdwprbVkcwlmX9j5nJ8G7mhCi8OKhx9p2n6UWth4072NM2
2020-10-14T23:35:01.551642293Z 582 ATrkbcORvAkY2W4EgVYMjF5Zp7XHoNuMJWNUmeyZpxebbrpWO29fZQgvRk3y
2020-10-14T23:35:01.563331274Z 583 i6JY0ChguP3mWCHllpYGz3ZMaSaWeJZj3uy4Vmx81v5eN7Ix0vBmZCPUGWXN
2020-10-14T23:35:01.574013343Z 584 lOPDskcTACXiB7usbZKoaXarqAU7sWwNal2IyJ2f3aCcUSdmDsVVsW75prjJ
2020-10-14T23:35:01.585994040Z 585 R32E04sg0PAnnZIR7cthBbiI7dVNXrKciC5zgxnYQFnzcoGJJ7Vo8skPwC3Q
2020-10-14T23:35:01.596538018Z 586 VGFKNj0yOpojkvQMxn2rNJWaaGGsljuQZFCFH8KPMhFcYge1JjARpEOKYoil
2020-10-14T23:35:01.607448828Z 587 viSRLPNKQc5nBVgMVBOfHBDfauBljpdUNSyDbj6d9GAZ7HNE0QaISdJ7Z159
2020-10-14T23:35:01.618396871Z 588 ML1R0hUPmg3gWAQRX2FpRmlMYCdZakZ7fNtJ3ZZDQs35gSsWNwn0GY3k2CKJ
2020-10-14T23:35:01.630133543Z 589 Bt2lu0te30J3d00IUJPRlmJNdCC1iPh1uL1cg2keFYmbZYLwU6fEJZr7Deum
2020-10-14T23:35:01.640357278Z 590 qwiB6pG8dhDAnNIZkWXcXbejszJCL2g0wL56jLPBLyfqLmki9cl3Z8B3QHEM
2020-10-14T23:35:01.652012467Z 591 xp0JYmElPOlvzGWUip2GBzlYMtdPN4EYz96wXe1IJHiR18ptY8YOQyRvX0rd
2020-10-14T23:35:01.662498591Z 592 fEZObwsZlUTEGZmR5mPWuWemNEPEg5L8OB1REJeJhCDa05HLwBV1SRMzREb3
2020-10-14T23:35:01.674018474Z 593 6qiogzsZV7ZeSMSp6piTJMrOfu27CkhN739gj54eqPxME8hLZonPiMQvbFOr
2020-10-14T23:35:01.684487800Z 594 Q01L3eeaZiKmLUznicV6ZJNI3yv4jX4dcSXL0DXgdj2JozrcIs9CgwuunxiA
2020-10-14T23:35:01.696367895Z 595 er1uDGnoKS6mqUsGaoGYIWaopDq27JnKuJFvWdOl0azLjyc2GOmP1g5Nl3Us
2020-10-14T23:35:01.707606133Z 596 4daIlDkhWCOOLIpJjAZ0YfCSmIQsZb15orkYMXSENsKlRQAtGPefxcgEzkO9
2020-10-14T23:35:01.718414059Z 597 751Aif7MVHSx5aIL5HGAOPC03Jc1YXFdwawZiTXCAl4SK6OwB79mBupU2UIK
2020-10-14T23:35:01.730042387Z 598 SAcl33Ufbahz3NtsFxqoxWqsfKmOQDWozrjqlDjSfqUWCJ4BVzzmQibztUTp
2020-10-14T23:35:01.740428519Z 599 EmrC6sT3M1YEuWHbGYi9R6vNFvyvQZvM6i2jumqiCNP2hRtxv9Z0TpFzdM37
2020-10-14T23:35:01.752248484Z 600 prEgf9Hnb4m2YQHN5Rv0sEW0Y4UDWDEtdPqLtKeMBNUMRNFKlEBlBpeFTZz2
2020-10-14T23:35:01.763271177Z 601 zWRF2jgYC5F484zUJyNJlejzU15OSMT2NQZIf1CFc86chGp7rBUL3ba44fHV
2020-10-14T23:35:01.774258355Z 602 VZJI4hQK2Se1PGJGCr1Vcjb3iREApw1Ouzd3n7KmSqv74b8D77PhlEnU7CZ8
2020-10-14T23:35:01.785991749Z 603 UtmWXlA93L8LSMa6rH8c3DqGpa0UuZzAMAZgFHCXyjMJTXR8OnPMnrNEg3EV
2020-10-14T23:35:01.796724405Z 604 h0vB1Hkc3Hp5gg6UpU6p803PEm2T00jHhwvfttJ57FZHqxl5l8EJDqGMi5iL
2020-10-14T23:35:01.808190357Z 605 EwGT9t8P9I1DkNx9lAAnfrC71DrhB7PjMQnnB6vmSWSoc0y0QmfVOkEkc6kn
2020-10-14T23:35:01.819826680Z 606 fQNG2RsvvbeZd4MqWRQMCcp00zvk01xuQuSqirzYuVfxMBEOA5soZaDLalzS
2020-10-14T23:35:01.830854047Z 607 WNzXKEOpxpWcwp7gCmBd1qoVMfljqZelW7IuP9bHGmmeSgiBizhun8fyadUK
2020-10-14T23:35:01.841466742Z 608 QIPjIAPgMCOOTNlXlO1OYuayCk8vVDW7GGMZTK1IAXhHzPj6xvpabzWSjVqK
2020-10-14T23:35:01.852967290Z 609 y7byXov7ZAOCXuRvZ4U115PAAMhuCXwhYwvKrxkGPtbFYTqeGf7zAGXP6mux
2020-10-14T23:35:01.863204463Z 610 CHPyxyl4zWnKZSUlXmRE96awOBELHtJnyygveYoXS5SxIGct7X9WElDbJdzG
2020-10-14T23:35:01.875240091Z 611 pxBzlm17SLKV76ZxuwVeDiXPnCDi8QU3CDxBQr3H8AvHIneuCvpT07JraKsu
2020-10-14T23:35:01.886981608Z 612 1WRh3AgAwxpfDfwzIsgzJhvN9rMyJeu5grxyGKCD9Nvxr8JPZIJLnNCNoSdP
2020-10-14T23:35:01.897313526Z 613 Nhjj4JkgNdoo69xFQPULHWWvMhOK7j7OSt7M4wrH1A87agA41Jx34fSJLErn
2020-10-14T23:35:01.908244442Z 614 ppj4HgFmRaVrveEvHbHzPukLN2pTmAjMVYtR76adKVkYoBx523z3MWzLdW9d
2020-10-14T23:35:01.919570368Z 615 8Xzzoy5upUrq50W9CaZUi6eZQL8KRo6lgS08XK7tOX2KTwpMpy2kzrJZJtFD
2020-10-14T23:35:01.931106343Z 616 KE1eNpeylUElBHuV6EyWNTOBNPGJdntWCRVBcsw97SaCHcygu56i0DXSUhxt
2020-10-14T23:35:01.942767209Z 617 0pXMicdL8HWUvqXjRxbtVXD1SirXOyws4eHNIyeEtrXRCCW71RgDmXiEGaes
2020-10-14T23:35:01.953511973Z 618 lS2uSKbbV4IjvwtqQIe5goaWwBwm1D6NnKdST3RYZwKDHaBJ4EWpqp6sdqBa
2020-10-14T23:35:01.964153202Z 619 ORWk7UrVi3kJU1iw7HJ7kS3hS0SD5kxDhr9hkjCD3OtgdfyLhFKXAnszhmEV
2020-10-14T23:35:01.975221700Z 620 jqx8Zqg0ZRA1AyPGJjZScbHHrkizVUuAqVjTVAxwe8oeeHXuisuNplgQ5LRa
2020-10-14T23:35:01.986606519Z 621 bOsxDhZkef6NF6RTlSWjiUVrJ6cNuG1XW1Ps8Cl6EtxVD7A12GRvvTOZJlXH
2020-10-14T23:35:01.998262616Z 622 MIFssisd7sz9NfFPeg8Ogw3GlED11VcmYSbAagMBFNN6WuxhBFd5YYJ8UgcP
2020-10-14T23:35:02.010192304Z 623 xmw1G5xZPHFsrYQjMAFM1mCeH3tktawAFFtoScUrClHbixNlI4uD41YSJyQo
2020-10-14T23:35:02.021305463Z 624 1LsOE09ueAnL3QZ0RXDZFPLL2LAAQIVjtQlfca83au9WNxGG2EA6q9DfO6MA
2020-10-14T23:35:02.032314574Z 625 RqUm9cU3fptGZJFsalH6z8iEwPlCdpdOw48QrEGDg3djvk8BGjNKRQ8DgXsh
2020-10-14T23:35:02.043865074Z 626 PV3WcsvgLtTWWuh5KQD4gWknGwXTz4LHWG4RzcMecEitz8pWnnJLQFVNtkfH
2020-10-14T23:35:02.054464721Z 627 S3FNJMeFXzkmz7HUe9GueJBzpTwYxVYl6Ju2Up3YUaLekdRz1ydMcPvVkPRt
2020-10-14T23:35:02.066316847Z 628 X2JP4us51lEZ0Ybscd4LMlQJqSDyxwxhhA29QKq5S7q7aF6tnDCf0cLn7uo7
2020-10-14T23:35:02.077426227Z 629 znzkw5ceOySzQIyh1kfjpX7LA92ZmB6u4gPDYk2TVgB6METRsPGpveesG2fF
2020-10-14T23:35:02.089142982Z 630 qVG8pe33SfxC0fGd5Z2Xhmo0OuMH25nyhhKbYSPfTzNSx05Nsu8NE2HqFrhx
2020-10-14T23:35:02.100059256Z 631 ONIlV9rsFcdjFOR4Hsb1ScmF38HgOJyekPdtnII4twDJuUQmkbc2yFUcstep
2020-10-14T23:35:02.111749180Z 632 3UaGYiSIxxpk9cD50afmuJuyuwhWnI9HW9LhO9e3nnhpTKQhDZvSN9Wnrvtk
2020-10-14T23:35:02.122467936Z 633 GON5EuLYlduU3GPjoguGvTrROPrTUHuEVodhispsoQu0aAHXZLecF0fR3yEo
2020-10-14T23:35:02.133408242Z 634 9kLpmbAU5PpxRFqcVCGifcOi3jvisehd8vdELTzZGY0W7V1EAVVvqrC1OIXU
2020-10-14T23:35:02.145037515Z 635 K1Yir8OzBLTLP6wXF5wkTQfqPRB3FWLrpD4RcghspJWO3O9zA2P35SAMzx1H
2020-10-14T23:35:02.155900581Z 636 lt0PGEO80fDZWqfrwRQnD10lRbo0ULNzyACcDAai8QTsABoVHm4LA57074XD
2020-10-14T23:35:02.166552135Z 637 v6ZCTxbhVZiPDwN39z04dqt7d24MCs1d3CGsNoFP0h3Vt0d8PKgoyucnXM0L
2020-10-14T23:35:02.177285192Z 638 eKuYqcGJWFv2IQByTlyDYh0HLFMgg0TlX4TDiOs6iN1EdXbLxFPI70uIK1mr
2020-10-14T23:35:02.189123774Z 639 BYSqnRpTkdUsEMNgp2ndve1txeN53uPkdk0zFtPbqsx6GIBLrZ6KZAI5CqZK
2020-10-14T23:35:02.200408969Z 640 IHBi0XorlQLR9GCiLKzZvGLUQm3QWg3lw4x378roAEBynexTEfaK3JZy3bdB
2020-10-14T23:35:02.211323990Z 641 1lkXx8YIyc6hqcgrkwhA8XxXcJWpkmnX8Qezx2k5DieXlZ0CGfEfdBDGjCcR
2020-10-14T23:35:02.222712461Z 642 rQiumLvaBOPwj6J4LAqjU98s2Kn1rvi4WxcjpTv50HBAvMOKkVkoVq8CaDRf
2020-10-14T23:35:02.233999058Z 643 kFNrMEULOTDW2KHieHBHQE2ILkXlWEiZP5UlURD0IZJOUyw6CAK34NuWLdKb
2020-10-14T23:35:02.245646010Z 644 9Wx0pVAgPRNxJDxhhiYSwq2IXsvxyQLN6GjsMSMPYh4vKDTQHY9q2fiWpAvs
2020-10-14T23:35:02.256550499Z 645 VxZ0MxnHfDDDCp8fskSTBowET92ZhMATryBHSHdNPezZhYt2TzhXGsrJjHtD
2020-10-14T23:35:02.267879335Z 646 9WHCaZeEgKvfBalj3afQ8VkpmZDdUAI3DLrVhdiJxCQr0CPlGSYCiznE1ZJn
2020-10-14T23:35:02.278500517Z 647 bcEQH03l7z6w0SUeJF7I2TjyNa3sgufvQnVvLhu4xgWnnDJZIvfw85wnm39J
2020-10-14T23:35:02.290125137Z 648 ujKt0GZOyD4FHtzkbdkCLeoLGIhMuVfwFP3jtEW7CuZDgHeY22j7Pw2jg1f8
2020-10-14T23:35:02.301686914Z 649 vRCumO1oVCFVYZe2TFvSIcDB9bsvyqQfPRDC2j7BLWbywDkqAM7EG1Vw72c0
2020-10-14T23:35:02.312625761Z 650 OMVeg6iIvC2UZyfa9ia5UiwhekJ2qUFyZrtYR7ViqpBpBG5XLoAznTZZ2AjP
2020-10-14T23:35:02.324049356Z 651 Yn7LhgLy6pndH7Zhunro58wHh6hi79altVpRMU2r5SBG6e2pev02ZSkcc3NH
2020-10-14T23:35:02.334210189Z 652 gxHluJE1nG8LE1KbJq2HwJ4IngPmLCCjQzxorY2c5JOdTb2hvZOsUwZ6Cg5F
2020-10-14T23:35:02.345866510Z 653 yR3xhdZBSrt2Yaz2JkzHmIwWA2oE0VhYyZFdsBQ8GRSSnu3lNMQ1nkQ6OuPL
2020-10-14T23:35:02.356774574Z 654 A8d8x0WzQcqJLubYGkKyPzp3GUSsbTrixSBNEluNsOJkdUFb867LwEmZ6JT5
2020-10-14T23:35:02.367725635Z 655 jMICdOUPR0Z8TmHyrIfgOcWomcJgHpfoSNekyL4ku2RV1qOmDuutCVDPQk01
2020-10-14T23:35:02.379103886Z 656 8WSt4uHCbu1veBByWh7utprshrp3bbLBPzEP4QKbDvhlP69vu2u34Riq0cS5
2020-10-14T23:35:02.390549940Z 657 NI6629zUse2ynYq0WlLWGDvuKzi4NuO86SLEDiIMUlrxznnAp8nYZv6jN3a4
2020-10-14T23:35:02.401484064Z 658 xCB1z5VlgDkGylMQLpuX6aAYKAMcAbPRx91lCjF44ABbZIvSwmRVJXWkZrht
2020-10-14T23:35:02.413222843Z 659 b1A7Not4w89KyBxGmcGULGdG9WMs7w4HzKno8BxOAnKafQ0TVy5Gx01xw7w9
2020-10-14T23:35:02.424964406Z 660 voKwY6RHm2C2O3CWyGT1UNSxdzRrJMDN2BtlNJdQ67FRxwFdYN6MbI1uHMtm
2020-10-14T23:35:02.435238440Z 661 211suYLhYmltYbrjf2K5eyKbStSttwfvVsk05OHVrzIpLbQgmMXkHFEVSll8
2020-10-14T23:35:02.447085622Z 662 nxKhjISQIEWZYGRzk9WFThBjwCJClYFUj9Om5ML6vEHkgi2PSn8Y3rrOO5VU
2020-10-14T23:35:02.458840695Z 663 vhcv8rlXCCR1sMLB6GqEOx5QBrJ2xxzWi6pLc7n4rRa7ZOzTjGNsyfcZy5Dp
2020-10-14T23:35:02.469295486Z 664 zJqR5ByBdgOhxhWgmziUe7f2vs60RR6hcaY0QgtNMhhK74nfWldJGEywJ0rK
2020-10-14T23:35:02.480326017Z 665 raRHktdwvcI3FXaWkMjxcERIWZGdWJ5ZlghcJg7SFo21W0W0gdSdCbEwkHDx
2020-10-14T23:35:02.491707574Z 666 XNCRiHMJkeFJMuh5GxhvNjUCNhkM0bMAQa5y2mfXMoEnfvNp07XImQaWaU8D
2020-10-14T23:35:02.503055371Z 667 A55CMRRjuOI5xQUSjpsSfrLA8FSMi59ccgyVsHbWZ2vhll9g0cWk3Y7FhSGL
2020-10-14T23:35:02.514511930Z 668 n7IN7ijQkxiKu2Q0SwQElYtMoMl9gqK5gH1odJqZZpFgPBIQhBqAKYLPS3ru
2020-10-14T23:35:02.526110790Z 669 wTFvWzIHTa8cYQ2diWDqXZCMXuGbBzB6cy9hxWkpnV3fezbczIVu8EWR9KwY
2020-10-14T23:35:02.537720625Z 670 WKs4r21lTFfRkSKu8bySlVJGWP3vzoPJBd2f3aIP1mB4Otjyxigj5gEt9SyJ
2020-10-14T23:35:02.548492539Z 671 BOdydZIULHTkYt5yhhIG6xnf6hHjDdcgZe5Rqj0pb9IvyFjyFtCAKcoJHW8C
2020-10-14T23:35:02.560085645Z 672 mrvuqW46PWWMlllgV41HNLT6yUeJcNtKgyn3eTbYsZiFYxMdxcTsdjd8UH2Y
2020-10-14T23:35:02.570107082Z 673 Yd6ZXvkLWjZuVyGDwnXlDjSeNAxWIbI7UU9rq48B80OsXiwHW6XDR6fzKwYg
2020-10-14T23:35:02.581680838Z 674 5CBMXusqUmjq22K9UDq9J8EpuPZtHDQF6OGwjJ6SVoS7gMICq9pkVbJq76Ka
2020-10-14T23:35:02.592290539Z 675 58BV65ghsPG1GKA9l6NwLYsLwfu5ucePT4qPaY359y7x8BDWEBImeuUE0SGo
2020-10-14T23:35:02.604311091Z 676 r3TJCqAFuazbQuIunhH7jG6c8yiLeoZNk0H1TEf84U5lRpBJpaOQrc0eUsQU
2020-10-14T23:35:02.616476190Z 677 XaFKfVcCne0BtP8xi0T9ntmf4GTJAhL6CYsVkQHVP4QPLuQzw6o4IfCLg4Rp
2020-10-14T23:35:02.627462602Z 678 FVZ1WtOGENvzR8RVU6uNZncfjNMvegbT23EybIhqHvp6oFeLXSZ2bZmGRFaY
2020-10-14T23:35:02.638938056Z 679 ERp725EIm4Lp3fOrh68WG3h78L1tA7NWedHmiQEoM6WonlTY1piIw9Jm6o8z
2020-10-14T23:35:02.649587442Z 680 ozd1QcLP8NpFw1SVVzF83BMkn8pQMmKtawjQjRy2Z5BCUla4SFln9J6VG88R
2020-10-14T23:35:02.660572508Z 681 LUEqgDYvngq1RDyFCvswglk8Bzk98E8BchgoLRWnOQb7MC1xaRJcubJJY7ki
2020-10-14T23:35:02.671316649Z 682 JjVbr3GwpK8huNi02OrsFy06dDvJWZBf6UDjNYXgZpLQCqgsDDI43vPSUrNW
2020-10-14T23:35:02.682166889Z 683 8U1LxtpdVdjENLp9H7vT2qh6WuVIQcAvMEIAVCoINpeKqN0t1RPG4xDZXFKa
2020-10-14T23:35:02.693668858Z 684 EpQ41joqxYZ6yjMNdvMUlTZ6Uosix0D5ZVhlxxJWT2LgI7NNqoLrJeqFUjl8
2020-10-14T23:35:02.705149159Z 685 haszMx8bbdhJCBKZJ8hvVGf9kLBPU8jZIh8HpDjMB5sklh59AzTYRs69bHCO
2020-10-14T23:35:02.716857965Z 686 TLH5Bd43bj0fjJIm1iVxkuidU2eFOjhiTYE8D5ri0ZosspoMXWR8K35hbrWD
2020-10-14T23:35:02.727738631Z 687 TchPTCBL1KkgELkBC206aPRbhmRZDzdzfxcWZD9GdvAcyXgazUk1mOe46xdI
2020-10-14T23:35:02.738689157Z 688 lnx05DPvuHKADpqyEQhvfQ7uu1jxQwrFcTqE24u0Zw5OC7UzRLy94oeYrp09
2020-10-14T23:35:02.749362799Z 689 CtSzvh2FK90JN2s62q3PQGHI7YoeW6oaXRRGOen5gDlg2ys8ut9848QeBYdG
2020-10-14T23:35:02.760315754Z 690 rjU7ekzW3qjpSV47AnNyb14rBYib1L7BtPb1E4eb7JOdBvmiTk7N6Z0hNocb
2020-10-14T23:35:02.771963785Z 691 qwqeprKBdZtGHLQLSG2MoeSRH6PwIhdbNUkvY6R97e3zJX6eHC2xWE8MoOhw
2020-10-14T23:35:02.782641654Z 692 VJLdH6I2X7wqNG5hJS3iRLOfqjRE6k7lqg5VxtwUpsNxznVpjCJjQfXXz0tg
2020-10-14T23:35:02.794194654Z 693 E1isIeC8rMWDT61zJWBvxuXSFUMKVOg5nw78qIXfH1WSBHPXDpurEyabrtGk
2020-10-14T23:35:02.805330907Z 694 fKEW2JI0bhpVSClWNvLGJPGkYgkDOLm9eZREohwuvFMoLCy3v4jA1NWQvxkj
2020-10-14T23:35:02.816366812Z 695 kwBkdeNsSfOV1y6Yg5oAh7XilBljETRvJ7Zf8ptXjRibXI9Mj8a8aYxqY0HY
2020-10-14T23:35:02.827338334Z 696 zYXiFqjOgp3Cq82VFnp3vzhbUKDMDKUbHZqtK3Do5NePHldWj8oorfzCGPHh
2020-10-14T23:35:02.839093245Z 697 glRWvxUlls2RfcHcWaHTIpFRqOMSJ5oTSHK4j3rWledcKitSvfo5cNaX5Nez
2020-10-14T23:35:02.850855702Z 698 a4KgvrpQzkAcC5ttKnltGCcsVhhHN4tr36tMZGLf6A5jnQdWnYQAaL3P7Kee
2020-10-14T23:35:02.861448022Z 699 51oKBIpSLd8o9duV4s6BkEryxk4DgE13XP3uCuNlRIryiuifA9FJTQZJtmRa
2020-10-14T23:35:02.872150177Z 700 jkkCGHMPaL61NF0hSCXXs0OjuavPgpidrsrhmI0OQBlTiCyE0yCScfZaYlVY
2020-10-14T23:35:02.883969138Z 701 cXhwwI8LWfhVxq8qjZQKTiTfFziMmVrmcaA6QXVtda7llZvrIQnCUdhqeOA1
2020-10-14T23:35:02.894399880Z 702 NJQ9V1XRwjS7zmavxiDw3ctularObRgwjXxpbzf2Xhmb60pxIy624j2UoFp3
2020-10-14T23:35:02.906081967Z 703 gbGKpPSu6z7e8e0MOa9To0T65bIeoqaiBghXgCV2agSFRglbJiAbVEPdY9Ic
2020-10-14T23:35:02.917977769Z 704 cIFPiAgZR2mgpL44En1XlwyAMAnaFbtW0t6szDYw4gjwBbSZVocZRSPwSWMW
2020-10-14T23:35:02.929268096Z 705 eghauMtE5oNqEswe19wBbgRktgPVynqn7D95HjNXiCk6LO4yIB3ukzpQucuW
2020-10-14T23:35:02.940975255Z 706 92jrfCHDfOqUqyJ0rUB74AZvxuesblMQ37XwVwXizOdH2eXjeuKmwGg2ICnj
2020-10-14T23:35:02.951921607Z 707 GJEc3frLk5pwjB7OA7nCDzPtIRxkfuBjfD54D4tm9hsVsYI6zSZURw5mmNm0
2020-10-14T23:35:02.962255238Z 708 c8y5lr4JC953yjQ79xIqKAtFYvz5oQt8uk4ft4KA5k5OnM4qfVoftQvsWg3Y
2020-10-14T23:35:02.973801294Z 709 ZWrLBDB5bG0liqy4JRb9RkxtkQJ9oLo1ReD07VKAPW7CjQu9XIn9kSrhkSon
2020-10-14T23:35:02.985346159Z 710 LvwqI3FkcET4Pi9vXD72p0gRRTMOXL5GG73i80b0tAw1sfTsJc9E1czWBHz2
2020-10-14T23:35:02.997276149Z 711 aRaSAthp1qvwvz9cmv4HPoBJZIbVi6jFM6aeq7wwJiZka1i6IzQ9fE4qXZ7Z
2020-10-14T23:35:03.008524183Z 712 Vm5HYGizi7x9N2oDJE0CeB3hjB1jGjzewkEVrBuKP2mkPuIAjTS5UgNll6Pv
2020-10-14T23:35:03.019736430Z 713 OMFgXSr8380pcADqzPIBknwNqD6oDQYCRYqntwTXVywoiihSojsz3kcLsVT6
2020-10-14T23:35:03.030525821Z 714 xXEagBu0JAMMANFL4DWyyuRwSeZ8XKcCwRItmAE8IJ5Bb04wcXX4bJU8VOXy
2020-10-14T23:35:03.042241200Z 715 yqnzmfwfbvtBiQpnjaB81AOEPbxOA3ssqHJv73g9AgpNCvSLqvycc1FF1rYA
2020-10-14T23:35:03.054077244Z 716 pe766qX5w4nJ4cdglkwk7OnO7SzCDN9Uo9eZj8QzuLU5zXXW5Atcekd6UhV1
2020-10-14T23:35:03.065836643Z 717 gXlJZFhsYfM1CqfeHnyoS03X0Cjp9FcZVqmlzoJ27SS6W4NPP7d0jwwY7gwo
2020-10-14T23:35:03.076843621Z 718 jj4IBXKROqrHcCbpcAQnyxTEJPQdsGuh3TmUjl6TBR29cRhBR8LTtDEojhQD
2020-10-14T23:35:03.087301774Z 719 mSLppajSVgyNH65E4TNrpc1RXpfkWCoPoHZm5AyKufVlcsoIquyFEAXTtNOX
2020-10-14T23:35:03.098399180Z 720 RM2NxevgEp2kFBXgz3MUL8sJiCWZGBZdveb4MU96MxuXtaKkDX3RGpm6pjxY
2020-10-14T23:35:03.109677567Z 721 JVFxdCD94FiXTPCeTJvobKqGa7ezpLGfrl5aWZgHRY86WNVMtk0aZZ0HVHDF
2020-10-14T23:35:03.120324754Z 722 bIOkflI4vduMccTsxidbiYGd8Br4MCDzKtLQhLlrlWEOjO6GWpdvcj0Y5on1
2020-10-14T23:35:03.132150917Z 723 Btmc7JrYmKyKDFVAxSZNH0RrTvpbhYnIvQt1lJRuG1PkzM2tMjmXmsWLYfjx
2020-10-14T23:35:03.143950891Z 724 KkFarFSqzwc1xVqCNmueM98qJHZiiOdy9Dd9znGxvaOpcaIMNsc1JfbcfVtm
2020-10-14T23:35:03.154482750Z 725 79jpmskLLwKFiHXmvdq0GN8QXPzhZ1Rvnr6uLbE5Pp4lDSN5iQg48JilJbgT
2020-10-14T23:35:03.166015668Z 726 MbyJOwAZEpJIUNabqLokk4K4rY2dPH1gh0EV8IME2z2L0g8za71Jem5QjrXi
2020-10-14T23:35:03.176610691Z 727 0GAlrXCBTranDtXYcogWswIyhGtxvVOPNDm8qRLGXhMEow3MEbYOvLv65im1
2020-10-14T23:35:03.187194287Z 728 95fkuGwXD0YupoUdcY1rk7NzxAut2cTrYkzeLaDrhYVCsWHycoBsDkBmEVYo
2020-10-14T23:35:03.198451171Z 729 RGedgbrkFNBmcrQxRkZ5NzEkdIzTq2lYdn5Nt4DAp5GZPSL14cTmAKbsOMzp
2020-10-14T23:35:03.210370524Z 730 WWlNIuNNwnqjacporvaupclJU6xxpgSsvz7oryDOZQmmiVVnA8pG2SP1mulg
2020-10-14T23:35:03.221593873Z 731 n97ljZsS5eGDoOnx6tMRBI6Gh20axpZsHSsP2BU1otxaJxrqvRZrDif1J0XH
2020-10-14T23:35:03.233185308Z 732 q4xnYClmPsS0XXFHutRNuWNpG5H4A3r5KnWRuej3VbdyoURcNncGMVxVpxlZ
2020-10-14T23:35:03.245172954Z 733 VEhxlaJolDpztyQDfMI5tbQGSKRO9CKqN8fkniLXegfVHqUMvndp4nWK75ky
2020-10-14T23:35:03.256900084Z 734 Sq3dAxGDizort8cAkbuc81bD1rxYBuMnLBceANug0jAWu0h9RBV5icL9IxLd
2020-10-14T23:35:03.267511494Z 735 M7AGIUda78vH0sQVZmKfYhAJjNZTK1dONqwaAO51TfRhd0D1yrlo331VWFqZ
2020-10-14T23:35:03.279173826Z 736 FHVF7JdMmbe9jcZMcZK0Irj2IHm91fWbJyMjLqgDVoxr2LMN93xyyuN40ooz
2020-10-14T23:35:03.290443452Z 737 5qJ1V63P916UFjpU7EGCwNniEkkGoNFtCIyRN21WY54pukN6cFICvq9Fh1On
2020-10-14T23:35:03.301734487Z 738 iSePMuUzrLnquCwYXTlXlq2GTGgkgzqPKl4muEETuY9sMYrAuJIOaWdk1wwT
2020-10-14T23:35:03.312827107Z 739 TY7g8qZdknWJ6VD7hxvkowBEQVRCSvIpxeOUDY7pT4V4SYummFMf9iMQQ4NK
2020-10-14T23:35:03.323828928Z 740 o4tXiuljcT34z3D7kviCP5i3A3xsCmhdNNAZ67RyvFgf6LCgZXQguQUdlORi
2020-10-14T23:35:03.334499567Z 741 pQj0qGy8Ue6hnrc5kUYQBhlrDUvJDMwskY8SkWebNbySICfuTukookldewal
2020-10-14T23:35:03.345347170Z 742 EG4fU1jhgRbEkx7BfJMMfLGASdZ3j5QuzaWxJ3CiwCWFU7EzOKoeApteh16F
2020-10-14T23:35:03.356897575Z 743 ydUu7ETnYWG6C4nZOMedMbqZkTzgJ7dUohFjHYAP48plVYtBfWWRWs5zlXeD
2020-10-14T23:35:03.367695638Z 744 PfSWp7z4lo48DLhKyDRVtvws03HuLlMAoyb4FCmZv1CecFjcSScSvJe3mY2y
2020-10-14T23:35:03.379250721Z 745 w72lyUCS4AAiXiRX0Ym3kmZJVKyMLtFPpz1A5jJr5RcRppvGOThZxNckirXv
2020-10-14T23:35:03.391414520Z 746 yFXcK9ikUE0jRhN5KsPFITs6hwuuKZZwoCCEfdG49Bh5FOrKUjlAJMUDIg1O
2020-10-14T23:35:03.403065963Z 747 5li7v9X861Jab1wuOL2OECpzhCLwko10GmTIztnFDG4JVmENV012rhKHiqSh
2020-10-14T23:35:03.415336224Z 748 4ZEZjTraiVUjefe7fxaJijZmhj6i2RmsKRJ80wxs0W81U4BpuU3dAJwdUvcB
2020-10-14T23:35:03.426185921Z 749 qTmNM89i89InhFxPiv1vH6qSX9ropenM6l08JmEgeJqPVgTiShQ4g98PipZJ
2020-10-14T23:35:03.437811164Z 750 XMeWUs3YD44PlG73ohxlMlWl1fnPXDu5dy2B4WdmZNBfipdOC4SEdGiRSQVs
2020-10-14T23:35:03.448664418Z 751 B3CaoyNH5aNoeSu0Asoy3PNuUO72QvFLxgDSjcwrmDCUvpCJipm16fs58kqT
2020-10-14T23:35:03.459665231Z 752 ECWhADe9hnXIuIPR1Fxtme0jlNPgwLFe2NM4WNPquRXFl6JYkqffz0T4r0vI
2020-10-14T23:35:03.470861598Z 753 PhbMyDpEyqNYOXQHfxDbsrGmKt6zfKawdztnP2VkUL16kZldnvHQmEFeoYFV
2020-10-14T23:35:03.481415872Z 754 WsGNXb2b0pOWTMIaJQEJSIt9NdPyNuISEXNKfHht99wpyoQsKYwvVvcvoyPp
2020-10-14T23:35:03.493003731Z 755 n1Rt5On7lLWns2yKsHWiRvye0UWM87FEuwhbvDyocFXo0gde4hBWjQbhHDZy
2020-10-14T23:35:03.503343284Z 756 5ZqNxzAw1zKcKiogbOs1NRjWtNMEKoeEKHiofYvaxiXodtSSrOJJEIue4vTj
2020-10-14T23:35:03.514343428Z 757 dtLZUEN4QlMVsyfcsPQXJ57k4czDhXbWPgsoQBDgq7I1KRdpxTpzMtDzuTDY
2020-10-14T23:35:03.526136219Z 758 pDj9rLMNwi1EIPgtyHoqdY0oquOiRbchV1pbgWUR7XqsP3PaGRtFv6OTH294
2020-10-14T23:35:03.537935789Z 759 uQtZvcSQ4uLzMegSKXYeWr4FBhJJ7J8t0r26IBQ118KubMWqRw5Rt3nvWZ6Y
2020-10-14T23:35:03.548450902Z 760 HyGZcqbjHk98L4T9c1n0B5mMTPGymoLuJebtYtpYTZB20Iec1BpZMnzHzx1v
2020-10-14T23:35:03.560113532Z 761 HpisRspdUL2Kt0m95NB07ua80MOWlrYrd47CRglULZkpsvMf1Z6qzKZYTeup
2020-10-14T23:35:03.571550870Z 762 oTH1xUI78DdsiVT35lSDEnmD087TKUsfjRaNni4uFmHQPifJvZfR5KiOnfVH
2020-10-14T23:35:03.582356825Z 763 tpweNLAiMxt2Oey45wBjNpqFj6RoUhjEN2mchPqD9etNbd4V4HAyVyp4NBjn
2020-10-14T23:35:03.593923613Z 764 xA2PSqWt41AZOlRvjIh5omLc0tEDzAf0tNio1VjazNOGSRTVYGH1YYWBDShW
2020-10-14T23:35:03.604722564Z 765 1isRkLBi05fGrTJD3dG8wbBYPHPd89Vsdarqe4h2NQNJ7ZAZEzSTHjwEc7TX
2020-10-14T23:35:03.615421297Z 766 hiJHwSmfXi7ZzEhxhsLgDg9u5r7z9FONkNHgt7lGL559Q7k7PKYCw8nLEcB9
2020-10-14T23:35:03.626757977Z 767 s2e9zqXTjDYHEn7Ly4otmUHbxZGXtDL9qVTus843R05dOo61ct2AMGbaY9FK
2020-10-14T23:35:03.637624093Z 768 nI8USusr3iAew18bewX0VRPFbVASaos6usuJpCi8yVUXngLbS9kPNEC2petW
2020-10-14T23:35:03.649257387Z 769 TA7jqwQHkyIbatMl2gVV6nRtgj9aSL43mdYbBUoLlEl4YNorPhbdIW7JCxpy
2020-10-14T23:35:03.660891322Z 770 PPY7Km80m1g9AhLJ9XBnUAWavOutMDHxusjyOneGJf4Vut6vYy9XX4eL5Nsc
2020-10-14T23:35:03.671415068Z 771 aplEzJLrggVzAaAw5A76MyZIwQKydPWfnS2hbGLmec9ToyfoBt8LEg2zl470
2020-10-14T23:35:03.682854037Z 772 wxA1sVy2i8bT36k7Mey4BkZL2zs5w9jd3zsdsJNxpgyODaRjn2IZjpQNbze6
2020-10-14T23:35:03.693210621Z 773 rbPqUgsmCTXlZvFkWuWXpUrCYbeM95B4ihUiVSwPqfFR2qfszQTNPBxUtAwZ
2020-10-14T23:35:03.705199250Z 774 iPiNvL1KRgTV90tm0Ob7AbfaQfBFbrQl7sYLOddOmUyznnECMeKCWLeOkQxR
2020-10-14T23:35:03.716866117Z 775 Yx1ipw17t0wargWQ8WQUqTkTW2HxZNWk4hlakA8reiQYjlE84rpXzDcDu8dr
2020-10-14T23:35:03.727352728Z 776 pNVKE7qrwdfcXcJQQ6h2877pBW8V9Rd8EUJhc0ECCIXVQfzrER1TVjjWIpMu
2020-10-14T23:35:03.738882687Z 777 VI6yXeDwPCsLQlvsVXFnlrpjrOOEItRnxVhxni7fO2TOOaOQ4MOkhhhG7vgL
2020-10-14T23:35:03.749619810Z 778 aKtYbiNOhmOhj7GOPnRk0bjY7fMbPeHKLWypFSXyo97nWwK6PmUOT7cKfJzR
2020-10-14T23:35:03.761038580Z 779 RfhMX7NOskaF6ZIseFhyonLuoOUOC7FcAyJ6uV9NP0j2zYScVZN5JjQ17Iuu
2020-10-14T23:35:03.772656291Z 780 9ZKYM1cKnKUP8XWn4kkAWMtHgW9wfHETmcV7tgBHkZnwpvt8rilj7PAuZzFk
2020-10-14T23:35:03.784283621Z 781 spuNxD31lJfkW2VkmztL64EHER46M74KLw21oiI99NkGhOLDFfwRbvwGQfeN
2020-10-14T23:35:03.795890358Z 782 8CMTkX4YGaUvWHnWu4jEQ0rjUWwtAyfJLSGTXdmIMLwZsHbY9S4kBkLSyxHy
2020-10-14T23:35:03.806191091Z 783 R9ke1Kq5TMiCYul9LgWl7eOqLoq0TWs8Us8JbXXs0thKrNHfFp6Q80lGzszv
2020-10-14T23:35:03.817026276Z 784 0nPGFwMEijqsgjPFbGsS4JKCZKIr7Xj6a1T5rEqvB5ZZz0BcjUSpNM3Cj3ki
2020-10-14T23:35:03.828404573Z 785 6OL42ZrqnqqJ8yudRvxPYg3tf5g1EtTGyij4dQNLOxZZVf9qeDTsNuy6yBGs
2020-10-14T23:35:03.840021660Z 786 8yKTPHDdpmF3RSFrXR68eVdJFcwFhL0C1am0wks5n73EVbLYkNVTtWdripYr
2020-10-14T23:35:03.850717521Z 787 UtNFt1DWl0KsbJDJXMKlndWFXibAKJjsxSrXr5nWvxJkxpBmG7KHywNG7MEN
2020-10-14T23:35:03.861474996Z 788 W8B8vTZGGhHz8RiTchiQrY96HkihWPVvNAIv7YKo33ImrVhlViIsxNxcg2uD
2020-10-14T23:35:03.872998636Z 789 imMIVD9NdvpzFltm9HpHlWvAlm8Wh8X1ZSmqM47bTdKLR28fno3Xd0cLvWKr
2020-10-14T23:35:03.884524225Z 790 tfFPUG5jwBrvNNWu83pGPwQCPJZ38QzwOTlF7vzVbHOzwr40JppdVBZiDqQL
2020-10-14T23:35:03.895264480Z 791 tRnVioUcKY4cHumKuWSjl8XZZMOt57AXZ0hxgnKZmcNiXqCYvfyrBjBLEW0j
2020-10-14T23:35:03.907044576Z 792 eTWzSWVPN4MLpjP4zSgu4Hd7OnZJJ5SOQcQ6rcmckRl6DDCWrkX6GitQs8vW
2020-10-14T23:35:03.919246181Z 793 wBs3F0aqI8WzeNfAluVSfpu31D8YT4zhraXbYYTumY6f3CP14QQAd5jeGEmE
2020-10-14T23:35:03.930900105Z 794 KVK0x7UtPr7eD1IYeZteHur0Z8ntAXwYhtCQk0jvfRsNxZW3xyH9TDNunZTw
2020-10-14T23:35:03.941529226Z 795 C7NaaATKva6Z0KKgT7m3qr9afUWcwVW1cpLtTilAJGStmegikmV1Zh5O5y7d
2020-10-14T23:35:03.953111631Z 796 fkfzrLbp6UcyDhSL2vDPZcfSGiX5dgXVElI42Np8h0TMJauedsQdATjQxq2C
2020-10-14T23:35:03.964692911Z 797 BzA2jX2pzmG1Npn2fAppWfnHMQwYbbyQFK793sXPTUzJGiiBhnWC6S722eeu
2020-10-14T23:35:03.975405875Z 798 9xBTwxkILrOUpN3EDqnze4i0P9LlBZW3AUvxZG1Ht0L8we1hqgz6NwHTl2gJ
2020-10-14T23:35:03.986460258Z 799 Zo5bAbkkXsTZ6p0YxKabWNcu5fdoL6CcM6ewWIWbOdo3fkabqHS11kb52Rra
2020-10-14T23:35:03.998413900Z 800 0iXz1Fld7REPiz99JHhzAFxLFhXrlTwP56ezgdBErWptTqabfrBqxvTwCDO8
2020-10-14T23:35:04.009956548Z 801 DhIDO9rwt7C7z5talHQVMQYtJYT3lTQ096wIC243GrOBDPU4KpuCDxiYthw0
2020-10-14T23:35:04.021826917Z 802 AiWVTkwe7Li6OiQWnSJP5uwdjn4gwQvHtPadG9wlaS4zTfsa7v7qQthoC1IW
2020-10-14T23:35:04.032465689Z 803 3Ka9do3V7JD0y2NITAoOxMRAxKbvFz6oR5zDTXRD1u8PRPUPlK6drWzY6Pvs
2020-10-14T23:35:04.043544579Z 804 26gUxfQ4WOpzAf1LVCbyr4VuCgMDuAQvM8m8wHxda3eim0g1LsfMIlFvaHCH
2020-10-14T23:35:04.054995517Z 805 SYdgrrzM78NKjmJuDNhfFpnh8wOUQO5oH2bSqAsrOGTQD7V4ohfjdwwIQscJ
2020-10-14T23:35:04.067175898Z 806 50umsquZLeGtBWafDJPkIscf6E9sicpVYzgHoBhhxxsbiXB9gJh8Pqxwkkd8
2020-10-14T23:35:04.078155434Z 807 3f2NQ1hTBru7MoXCy57RQVpDIM6ckV1tRHhJicnW6VXkEQtz8I1rrz1AFKUy
2020-10-14T23:35:04.089913089Z 808 icKLE5YGUw49GUufJqufFufm6jEWxaG2LchiWbUdoDRP6RYLfSUTgZHNXKXB
2020-10-14T23:35:04.100546156Z 809 j5fXkqbAr5ZacxvpQJqNyfGPPZACbgMvcaqe68I5JKZWTy1JfczZ6jD7WFoZ
2020-10-14T23:35:04.111498364Z 810 vbElxMMctBmHLQyM0E2jOgrc03P4qOtXn2FBhvGKDGgVVaUnAgpJA07yZ3sL
2020-10-14T23:35:04.123212939Z 811 Y4qSrbPb0uqUVDvtbP0QZrmTET7D8jwLDQEyHR8XtK2azl4MADNssTv95yUc
2020-10-14T23:35:04.135028569Z 812 iL88C64EQmJ8UYentqnztW1dwSEjGwtdcIqyWYBhKj8NVhsqS9UcE5lymdya
2020-10-14T23:35:04.147034971Z 813 32xkX3VJMFbkYxBgzl2rqvvNGdclBGNr58zk9L7eoQ65K7rd2RUo8i0w4XgF
2020-10-14T23:35:04.158902756Z 814 vmzaR4V82CPUyVBAEH6ggzykzOmM8UGMletIWlmmEVPBvcX5zbhiab5hQg2C
2020-10-14T23:35:04.169217520Z 815 925jUROy12SB1fc1bV21KAFmIQwqtAdBBsjq1Hg23Y0HWteHgMFbQYEcVrHG
2020-10-14T23:35:04.180884797Z 816 fyBNYeYfkO2U6xnsWL3o8GqilwbtZj1tafCNMmR24txYkA6PId9sWteUneyx
2020-10-14T23:35:04.191643764Z 817 iud1R4t6GpyAQNMqD5rWwhQyl6IvaJTl4lMZ8OFf9bmWyRyhoDYMOJjfPUTr
2020-10-14T23:35:04.202287850Z 818 zaLdUgd6ehfblK7l9ZItuNQndQniUdJfmHrGodEOGIqr202iw1ibyHge88ex
2020-10-14T23:35:04.213824948Z 819 N2CnhThTrtcsmPqix7xrEWzqQwgknnDO8f4AEOxtZdJo3Dwa7Qn581pevusx
2020-10-14T23:35:04.224303581Z 820 S81pKeC140uKXBsTwAv8TC9JagHrsnWRXyyaewchNjL25j4WbKu0TFKb92I6
2020-10-14T23:35:04.235970142Z 821 Xlba2IJKVtUjSgFqJMVNpijfe1NhRqg6Si7UPJqN8hrqCbp0EtkzxU3yGPDp
2020-10-14T23:35:04.246690348Z 822 kVReuyKFxT4cINuAUHd0K2OsYZStP8CiMFFoyiFVH40UxbZFDl05RmjdLHoR
2020-10-14T23:35:04.258332979Z 823 wLsxiwRM1wVhvyUxY1PjzvvkFY8GSYsGqaCHics2fSlJCGmfYeOYfCYMR2P6
2020-10-14T23:35:04.269231439Z 824 soAA3zGFYuvzvJUEJUkkl2RE9lHrcBPS4FcFpnlR2NZG4KQypWy73yyYoCDj
2020-10-14T23:35:04.280293257Z 825 pnctJLzedKjPxVosPYFz00qmHPtPv4e75u7b6f6rYEsISP5M0aa9eC0kUaG2
2020-10-14T23:35:04.291786069Z 826 VD5sM71RTATSkpRMv9ucQDHdMw6V1Kow3SBUTiZeyxdeS9yodLjOtLEZKjyD
2020-10-14T23:35:04.303202110Z 827 6UeW86bVyqWQ8kUMMhZrcPJkFeDjfmsGKz5FOls2HdgUBc9jJd1fapJooLku
2020-10-14T23:35:04.315335789Z 828 NOhBVQA0QbDAutbyy1RxS7GypWWV9I0kdZjpXIR8n0snoakDoCjsBeHtMQYR
2020-10-14T23:35:04.327050029Z 829 s1dPDULhCRj45rmcFyrAOAG4PvsWGjSeEXdQT9Q4YwDNBMHFGR1veiAuILg2
2020-10-14T23:35:04.338069191Z 830 lxNOFLOvPcsi5dOyexCVzFlDlKUzd6Ed3Q0PnqbQXu2ZYpYk5jsiClpjK7Vi
2020-10-14T23:35:04.349366869Z 831 rHJWrJrUfF2i9AH86HwGeimgKQ1cyXAyP5aAMHRKIhs69KP6SoTzLdcINCWi
2020-10-14T23:35:04.361144569Z 832 PThzRPtTetXzeVdqSBBDr2X75FyKVeh25y688EEXyzsbYSEIKwSuVAzMk9q7
2020-10-14T23:35:04.372971766Z 833 bYNl86HYbfIlY8a4JZa4VPRfo1x8UBEUjFFFClaUeCzslYtmDwlpMbMjWlYl
2020-10-14T23:35:04.383631314Z 834 wlCCW5jvqRgWR4s2YQfVbgYiFynmlx5eY0jnEsdae4uOy3pm9o7n0MmQVsg9
2020-10-14T23:35:04.395542021Z 835 kiOhdcPnlhGcJc1gd4ZXR3bxorwhjAcEGLMXvlaIoKZZaEgaY2tUJyL0WK59
2020-10-14T23:35:04.406537913Z 836 3Hr08Q9qvwkvhkGGUMxGevGcOugQZQldEKDXviks3cKsxmO5PRdGJUzfMgRA
2020-10-14T23:35:04.417320455Z 837 Ahf2DtR1jSu1QE7WOuekKWaB40OBOPkrjEirkFjpS8WPu9fxDfl4gMEvKSU3
2020-10-14T23:35:04.428978633Z 838 YWTL0RyZqwZxCpCtWJOvXDdQnbqBtLmiBSYubPqLaBJuvvO4WLiNYLM0W2ob
2020-10-14T23:35:04.439989861Z 839 4W4ehPhAHSb4LHrimxpBmsfMLUsu3WBW91pvfwF8gM0VqbG2DdYUGtZSM7If
2020-10-14T23:35:04.451091221Z 840 1TJsQnpR4LEAp2tjTcUjFrxmqrylwzxlBWsOMQEIPxUrZkkVJHbFukp7Ufbm
2020-10-14T23:35:04.462619970Z 841 cM3xpvLW1tDyv90cRx0GICsRToXsoVjiA68RmHCtdevBMP1g3lRuoVjRU5AD
2020-10-14T23:35:04.477263907Z 842 I1sEcYgzx2gfhsMo0POHgvUcP6tdEQSIOz0yXyDkjqxBtAGSLBzRV8GitOK4
2020-10-14T23:35:04.488253622Z 843 nwBOMHNjT9Dq8ZWNVzkOjTlI2clNVVmMGVib7zcvIz6jj8sOYR3Ptm90OTmR
2020-10-14T23:35:04.500146620Z 844 Uml84YzXBHT5pjddo9oPDCTbj3Wgob4maOy73ATypjYYBFe3LzUG2o5N5oju
2020-10-14T23:35:04.511728881Z 845 wwp3VucVdEMFgQpcjirBwP8EFwNYwwi79raOWdlKpPUarrdq56V9KhgrRf93
2020-10-14T23:35:04.522435767Z 846 gcT09EFQvxYMkovBkxd2zv2g14urS3KMTAuAHulUjtIGxLiSuB7SbS9DzSV1
2020-10-14T23:35:04.534252760Z 847 hFOqBuTUKSKoBAMrCNNKJF6UfcrZsO8alYdn5pqIvxqTic6mgIdzAX1G0Rpl
2020-10-14T23:35:04.545270513Z 848 B6q3vwIc29exQh1PixysVCIkI6LF0K96LLFPFAhTMUNBZhAFS0U5Vz1UQfip
2020-10-14T23:35:04.557094754Z 849 Bf7mJlS3Y1b15BrmJwpnBFILGHUqmSxE8zVAaNHZyz7H8vHd41E7XMfGIdlZ
2020-10-14T23:35:04.568664595Z 850 VxKShukGCVPsj5xMtqvIvG5V8rCJy275itPVRQFCYOXV9Vj4vzZB1UbZch36
2020-10-14T23:35:04.579268791Z 851 pzYCax7ZkdSZ42c31ER80WrpqI1a2Mg5yDzAfjHyWNIIXwg8SVjG5J6X7Nag
2020-10-14T23:35:04.590935144Z 852 gJTGn9qK9ycTnlF67AQGsiAMDKcXXZPkS4AF1tiqRNbDSwzELwS2BRmqPYpr
2020-10-14T23:35:04.602156067Z 853 YvPEglLFj7hVwEvz4SXqDlfVXnFEDhkSQXq0jZlsU6AOknsWx1z8p1tMNp2N
2020-10-14T23:35:04.613569585Z 854 8sQcNqjWa82OZ411xbMBHUr4sxSBQToFMHFHcYL0oeaDEbgK0XkHx6SC0QUD
2020-10-14T23:35:04.625113082Z 855 BQDt3nsROKZCfM1t5CqhXwoAO0BUREPyUQCcMQ1Zgjoh7WZmVnvlX42TsBJC
2020-10-14T23:35:04.636545051Z 856 SCp1QNHvjPFfWkrv5lHS3aV9Q2y3u4F5CPtyzJ4E8ZGywWazjMoqfQHusTIb
2020-10-14T23:35:04.647089149Z 857 PMse2ahXaOt9nIluAqs0zynfuFpTCiMHRwpmC2Y3zcCiarWbMU6HIeS2AOWu
2020-10-14T23:35:04.659291299Z 858 ScIDfc0I3yFRb91ZvpMlNblqQVftiM2BBEns81QWXXQN3BqcR3fzvU7Qu5bn
2020-10-14T23:35:04.671306546Z 859 gESUYmmHae1BPaWlHycH0kjDQZpnspYDavwL8UXKAanCWfdDgsQTTDvpqXJl
2020-10-14T23:35:04.682717562Z 860 RB02DLNRISv9I6zpSdvl8vEJ9rZuIaaznOCKHXgVKdlJ3OAatmQVxqrdnkwj
2020-10-14T23:35:04.693264846Z 861 GIEYDZC4gLFqWSY5QKtsgZl5bxR5GiSSHZet8mvGrBmOjDNZVvdz94EhIo7U
2020-10-14T23:35:04.705020908Z 862 sM1CQFQ768iHei67TXg1iCkKQm0HtOrTuDq2fQvbdCaJMALbO1TRsD8w3tAn
2020-10-14T23:35:04.716869878Z 863 oqhsfxpnM4zHLYPqxUU3yp4k3pIXMtoQBKsnHoZ5WfTB3CkmXQeKIZjyFxaD
2020-10-14T23:35:04.727531428Z 864 T6KN6Bvd8HwXVJQdGbTirUHVUrYSMutGDyfw5uEFOYq8QmzEjSO0v3A3OQe4
2020-10-14T23:35:04.738738300Z 865 lZNoa8byolLitwqBnofOwuILcDX1oPMbnjfKUk5BmgXzsXgUf7DEBOBKLEgB
2020-10-14T23:35:04.749302990Z 866 72hoj5j6xvqLSvSQSzKpMwfhIq87L1tWOO8WDo0KT2JJ4cUfmxDN6HxY20Fi
2020-10-14T23:35:04.761004102Z 867 1mOy6wsHbN8pzIyQMrAbKAI75kbs10JjEtwFn785EgnihnrtbsMxJrmyzOif
2020-10-14T23:35:04.772902438Z 868 WwrqkcqhPJrS2h7w9Do73skg1MpMpeOK90FV60NkWs2ULveM9Z0Lf6bHA0qH
2020-10-14T23:35:04.783439450Z 869 pk8zJOnHdjRVkwXnUpzgokaIGWeTN9ciAiqYecgel93PiXF5HF2z2VHKJiPf
2020-10-14T23:35:04.795123044Z 870 MNywclvr4CJu0jVCkc5x2AO1mTxvjlrgdUmGDkIh65aTYfpM3hPgqowaCAzJ
2020-10-14T23:35:04.806767305Z 871 dxKa9O2eXo4XhpYA9RnoXAYKFa5ss1GzzfAbTHH2D7DHr0cSdoyPt47Mzlyt
2020-10-14T23:35:04.817191617Z 872 WNxGGHlJOrN0ZuIitBh7bQYBSDUJeG6A37r8I02HcrtN2IBp2MoJXFUvieDd
2020-10-14T23:35:04.828714075Z 873 10HhAZySqc9Wp6JDgGJc7yGE9oQHtKJvFYDN5UQpD8wcbvmJXz9xFZ1nlMvr
2020-10-14T23:35:04.839293487Z 874 tWDd5r9lBeOdaOHnZ56NPFI2w5dg3Rp1yAZyszqahMWaGeceQTLR71PZnvMP
2020-10-14T23:35:04.851195678Z 875 GKDBRjjHb7lndncq5XqNjXckxPj7pkF2DWw16aXfiJk3STBLa9xwFzUvBkqF
2020-10-14T23:35:04.862953620Z 876 ehHwaBFvv07t1CeGDnMXM8UnnoLWHpPkTZNxD0xGGx0OzlgzjS7QAjuEdU6c
2020-10-14T23:35:04.873186638Z 877 Doy83MGi0Pd1qZJ943nJYvSJaE9lOgLfBuYFQgNM9Z96NByqIgg0aMwu5V8I
2020-10-14T23:35:04.884644100Z 878 7see2Ik8t1GVLRE1hFX5fmKMagy5VbZv1lY9vbMYHr5drVOnmBpimlKtkiez
2020-10-14T23:35:04.895333029Z 879 u1oLj7185w7ZHqdEYTr6B1oBkjhDbocFuptKyOPoQx9zRatMXtECwZphJKMY
2020-10-14T23:35:04.907452948Z 880 6hd8ptTBigENdBKgX4vJM80NRvnZAjUaUkt0Kzl0TIuB2qbBwBVY3bNcdZzy
2020-10-14T23:35:04.918366896Z 881 OOTnvkKq5nbgJHnVHq45mDfhh3PzLvqt8h4HoMMelixL0Kr4hqMMHbrXQ1aw
2020-10-14T23:35:04.929302767Z 882 ih0zrT288vHN8TmQxS2qL0T7IR3ufSgKw8zziBTSoMJtq87wO28wOVmUwrLe
2020-10-14T23:35:04.940982412Z 883 3rCrxcI1UbwZYp4GE0eq6IjyH6i45Xndyp5RbGmUlXly9vP8iv5iCbxFmX1j
2020-10-14T23:35:04.952371872Z 884 DQzY44D6EfqRzWomxY5kmeST6vJgsNET8etOF4bubBZLiR9Ot6JqV4JOpHmf
2020-10-14T23:35:04.963590368Z 885 k3Y3b7XyRWbibxtozOmRD6vFva85g8xVFTwEygOwFcKPHaUXzaEEinckhZ58
2020-10-14T23:35:04.974710454Z 886 VtgTttjpwIvmcFHwzwWw6HLX3qBb0eYmEpJ6MQs9xLtnB5XyLM1taXQSRFUW
2020-10-14T23:35:04.985518472Z 887 ZOCEwyxbf8lCqteX2EujqJ2bn6FtVoKfZCgdVU4QqRdCYEqDhQkwjbKVtgTj
2020-10-14T23:35:04.997150445Z 888 WiFtzVpqCDR37Ngwq8iSaeAzUDkgVJba84AoAdJMTGmNzt4irL4SSGTGOT4y
2020-10-14T23:35:05.008696016Z 889 4QhoPH07Sm0wwXLBjU0nTLivmiXPWRM7zukh4KAfMF3T3a1PqSaCiFY3j9Kp
2020-10-14T23:35:05.020161662Z 890 of35JOUP9wvJnJMysllns1DkARBUFuL1ifrkODTGyKdMxhqvNZVkz0WME2VZ
2020-10-14T23:35:05.031805566Z 891 XkZnq5De27VcKteeeVwxqUEPVOAP0z4MC3vTGvlDhuk5yXHim7K8yDtoIGyJ
2020-10-14T23:35:05.042526322Z 892 HiYdBw0M5ibk86C9t4qrbkPH1lkdPPbikF7387KsCKezPU8xkohNO3mqPkvj
2020-10-14T23:35:05.053576937Z 893 V9IZUaa8ttM4ZX8sLOB8qd5aYY3MhmBTzGPlJQ8npXZZilREiMCmX2AwtRQf
2020-10-14T23:35:05.065078017Z 894 L086JOKJEzKR3P4cl7rIW0XwUSOkji6rhvtxBLNodnEx3ZKmYfNIhVNmvv9C
2020-10-14T23:35:05.076486872Z 895 IzAh2bTO8S8Z2XYSHzu4pMZynrLJlk7DZlwywaH2NZavFf0SlH7cny3N1KCq
2020-10-14T23:35:05.088016642Z 896 lzfC19nwZOL3wNngiShDnot3u4c9GORZnC5fB7QsTGletwStM1KI3HNFmiFk
2020-10-14T23:35:05.098386314Z 897 pveMcwj1Nh3A6uW1syZNcSHQON8Rt3NomBHPnXmFn0H8NFI4jufG8KQ8mnYB
2020-10-14T23:35:05.110261462Z 898 0i27OEcT4zMRF9xyOY6xcr6IyyVpB1lni24kbIflMsZbXSEK4EWuMRdE0IiY
2020-10-14T23:35:05.121698377Z 899 jzvBOk3S5IZX3XTuGjgg048FDdFPhbfmZtTg90WIk7W7usHaxwWNgx29F7rS
2020-10-14T23:35:05.133199774Z 900 dVBH2IHRMKIJZSxnYY2GsMbyk7zwoTBId9EafHjeP9dDhNdTeY0Q6do2HxUV
2020-10-14T23:35:05.144666203Z 901 mS0RRuRkqTcjBVv8VKMra7thGVR0lgoIWwFgw1ESFpa0QWyV8fAYx3QwI5I4
2020-10-14T23:35:05.155348486Z 902 YQH6GgnNfFvZbVdsmid0cFxjH1qL9cI00NpAn4bAad9TBslZ7QmGmKhc5GUH
2020-10-14T23:35:05.166980717Z 903 fZfW4qL2qeuFRcrNnAVDDdVJBJHCfc7xaI1IOiuAr1OsachvnwgXshuiB4iU
2020-10-14T23:35:05.178301842Z 904 3SJJdZNQKIFzOGoNGibGCgG95LmP0jU6jDdzaeVLKDAQLQzH5KwlC7XOXP5F
2020-10-14T23:35:05.190170698Z 905 WCS5bkRsdiyErsGrFRmGQMzYTZg8L8yqLJ7Ln5jKlLECUcTNgKWVNtzT3Vjk
2020-10-14T23:35:05.202055060Z 906 Ds8aQ6ezyxAGv5fK98isWZMPCxAvHDkORlMZLPJydwc0XN1GDQwpLaXHsH4n
2020-10-14T23:35:05.213681208Z 907 tm6892DyjrEAXLFupDIi9vCfYNUgucNFwLwp3fEppniSTrncN2vXGeWq6YXn
2020-10-14T23:35:05.225198543Z 908 ZnEflkUmjkm9PKzrQtOXcOxiLYhBCaeo2YZjslP9955heJRUYGeNEC5RWJbm
2020-10-14T23:35:05.236845162Z 909 Seqr4pkYcD6JrJ3x3DYW5rdrMQd7SQbT1C98qfd7XtTT6FL11LD9prfCWExP
2020-10-14T23:35:05.247820445Z 910 xeXibrGu94c3K3omt9GQj64fzwiKUssOZ2xOGQ8h4dgqEXEDplYzBJD2GFhm
2020-10-14T23:35:05.258185813Z 911 fYujttiMgM9DW6gvj2GU27TWCm3buajsEIFLdHB61KOagFSFB0tw46P5Lgh7
2020-10-14T23:35:05.269669506Z 912 eyYHcLsbwhQmZW4PvFd3sHDhfwbfKdz9CDa2KpiW4yfxBmDuXW4dijtbSDi0
2020-10-14T23:35:05.280207000Z 913 HFh52i3emCvG2v1kmGywIw7zRO8xfeydqufvT7pcZ4nmhG8fQqJmjzAFx1Dr
2020-10-14T23:35:05.291740072Z 914 7XFFphksdwQQfxdSY7pKZBrQ7mqvIHESSQs82FeMMNJJF2lgmAK3w3wAREq8
2020-10-14T23:35:05.302822708Z 915 LvifdplOjte9vqLPbXDM8w2ZVoobQYTMwovrTV6v9yfiI6csV23dQpDiO809
2020-10-14T23:35:05.313965342Z 916 Kd30z7A06NxBWUAcVyVO6uftB9rcLbQofiKkU3oDFrMH0WpRzkuiI0SrJwn7
2020-10-14T23:35:05.324235858Z 917 PrLzMxkoHkYbWC4gIkISLgvJCTr9rFdD43yQE5FjTJMscUJHkQUZrI7xsjwy
2020-10-14T23:35:05.336098143Z 918 CkhIYhD63SpP9q6IC0a5XVPCynRmscPMbYIA021VwTnpOuWq4S2XN9q4ZjBN
2020-10-14T23:35:05.347822138Z 919 pV5sDUCvPOytflABD3CXwOOOqIJq6XP0fB3cdd6YX6Q1gZg4NqXAITIKEl58
2020-10-14T23:35:05.358436506Z 920 911jqr7bvuMwSFs53j6DoqOaPBTICVppOs4GqXyCvSJ25q8l5nixd8l6vRI1
2020-10-14T23:35:05.369651156Z 921 XE4jNx9yttvEy0ZTak18OpcRXkkBDbWG4teHCyb0PkGEUJWRC9Oh7vkwQraO
2020-10-14T23:35:05.380406829Z 922 Dx0sTBCs8PY2t7uC14wHfAaTo5Yypvxed81SP7JCDmTomHwoihOTZHNuXGwl
2020-10-14T23:35:05.391303438Z 923 qmJIhfkwc8KeP0HceyfNR0newlN75dwFwIQZ5DjE1Ydw46P9r4mXB4gMvDc7
2020-10-14T23:35:05.403058678Z 924 taw4boEJCYpvvGsiKqBXtTOj3DG68mVDBAMdZ8ye4433C1N9lSeRnp7JSoqj
2020-10-14T23:35:05.414746226Z 925 BuDuygeVzOYs7M0HnwUNQ4BOdSgGsTMzig03KPWkGlQb9eSlNshvbCAIAc2a
2020-10-14T23:35:05.425389144Z 926 kJPSsblvOOiAES7QrSSZqKs5JTaKMYVNdJGUp6S3LJA96pOwaMoBE3qW0Hu8
2020-10-14T23:35:05.437119419Z 927 av0osBBzdOp3WBw7YPHXnT2Xpob4CUh7Pu9lPTn8E4jPmCI9WJ5kPsM2RkCQ
2020-10-14T23:35:05.449494385Z 928 DPG6rFdFkoEFsTd5e5BX8Lbw2GCaefi8cryLywBYoC1E8WIntxfriy0S0Nap
2020-10-14T23:35:05.460532605Z 929 b9cbjJ1uf3xgxgbKnPoNuDF0jImVeXU2o2bUGK2VTkUgzKB5MvPdWx4UvxVz
2020-10-14T23:35:05.471516463Z 930 jfjBATdFiXKzVMS5BdratdX8PmbexIR2ApKbNAcg8wPeksQ3SrE96APEb7SG
2020-10-14T23:35:05.482902327Z 931 t8kRjryDkbFoZI6poG8UScgtjDFmuYm7Xs9zNwvuW8OHlVS6NQW8uDr4GPab
2020-10-14T23:35:05.493572856Z 932 AlSyIV9zM5k4KN9YJNwT8eHuPQwSnDlp3NepgE9Sga0DLWOpc6fHmTPImrKB
2020-10-14T23:35:05.504337183Z 933 Pr2KNItCmKQnYDYcjOxonMLX1uj4EiWdwzqTKkj3blWZ2XCV1Chlx4pLTVLm
2020-10-14T23:35:05.515442082Z 934 1qMAmXQwskzWsVbnow3bWSGZXt49kvUq0flPE3ODoVLNJTTVivCBQ2lffi4I
2020-10-14T23:35:05.526491242Z 935 SqwK9fn3dk9LnRWwfa2hgKd8HZYfaiAjfWDVJDvYJuoaqOLr2muw08JrpC6u
2020-10-14T23:35:05.538131215Z 936 nLzzfnv1iKa9Ia6LNgF63hGD0aXytWLSxVYx2djaZ2l9MyhxqDsyj6FhZ8qT
2020-10-14T23:35:05.549572642Z 937 MbvGxetQbnyETM5oNVLUEmmCadX3cYTVBKNK8LfH4Ej7UWHzS6MqI0PcJppQ
2020-10-14T23:35:05.560504182Z 938 LQTrX8lSQiDdqTD6ksRaG4q7z4aH6e1MMuhN2oARlTNTKW0H9YN0eyPomMKb
2020-10-14T23:35:05.571293879Z 939 pUOz3youowhJaspoAknNHkpbHcOPUsm2jpiZHypYQ7Ba1Ia4zPf6QZEmRaZR
2020-10-14T23:35:05.582144110Z 940 FTLajMzrsa3cM0243G5eNSOXFMKJKyBqLl3CfKGQUaTA2wJalnrcACVMZFym
2020-10-14T23:35:05.593979757Z 941 DIAsNl4Z121JTsTXM88IeKecnPxtR4X0mNy3boJqkAwt4AeUCyfw9asyxNuz
2020-10-14T23:35:05.605621289Z 942 VuYLEWWSOA16hdaCZpsgePDKyD8eWCzNpXBMmUzhcHxFKL7KeuZ7hRVxDX5Z
2020-10-14T23:35:05.617184882Z 943 FrrzbSgXjICQ2xZdGdUpKwgpSk0i4mERxEDfqm41iuk2yfn3j09t6VZdi47b
2020-10-14T23:35:05.628825598Z 944 xK9umtsvLAVfRBCsWfJFiwzBJnNTN7TmsGfyiwRaF0TlirX1JN4bmSjdKApI
2020-10-14T23:35:05.639374974Z 945 OjH9Caq0gjBgpcfT77eXMUaNsmdRPrQDPhhpcelQ3RH5itWLb5H9QMBzWb6U
2020-10-14T23:35:05.651458985Z 946 Ip1xk7MkeKnFoJAn4IwXF4tcc5eiVrTjPckf5GRugTZ63EvD1tbo6VyNiwYl
2020-10-14T23:35:05.663010758Z 947 cpsRx683mvuwNM1FYR00iE6TyeGWINI26XIPi8jfgtMdSrJXthprdEyaiKYu
2020-10-14T23:35:05.674828161Z 948 FuiKVVkvjiUJFM7mV4zoCAcqCzkyaqYOEkbI86TQ8PEP7pc2svgVaL7UMXsV
2020-10-14T23:35:05.685437471Z 949 B9UkZ0yxixKOiPb9S77xtHa6SovF5lFdXgTrFj6P4MBc3zSUl7qCqcvOrlMC
2020-10-14T23:35:05.696455064Z 950 01xZ7c3sj2hvrqKlalIylMIMRBjfQNVYxakltm3qZMKWrsj1Ixh8C8JqgVdM
2020-10-14T23:35:05.707742482Z 951 a6bJ45SxM1ODg45pzJvooY1v0PTgXqHw0J39wZdyjWL4zMc7ZamDHjsyx5BS
2020-10-14T23:35:05.718388492Z 952 Q0M64DvT2XWve4k9Dq4E0xAI6sZUjGbcR96dI6mLxacosACatqgEdMEYE41i
2020-10-14T23:35:05.729995265Z 953 hnvmbqaMSptfiHtzX3VApMkHagvwOlwjbDWIwkIFtuZS161NQZlDdkt2ccF1
2020-10-14T23:35:05.741541432Z 954 HdoVGykamuoj2t9M147xgLz0nD8jwVJ6OhstXWn1ZAtfHbyWZSDiFEqB9bWS
2020-10-14T23:35:05.753373424Z 955 kryOCRy3Vm1RFn53EGM1OoW6s3TdKbkjbRYmYQmoJJTIGTFdco879tYx77wn
2020-10-14T23:35:05.764881455Z 956 B0EBhFjed40p3LIbiRpEugsWu4mZWTjx18JjuxbH3iYoJCPNWNRqQQmCNqwS
2020-10-14T23:35:05.775500420Z 957 GtB2zp8k1VbnwzZ5Sl9S7Z3hcfpQBuwDqOva5kA09pttGOdGjzzB7vAw2DPQ
2020-10-14T23:35:05.786303366Z 958 21t2QPclL09l7E1RCnUYpNTyvYHkQ26CezMFoT1ZmxDAJRDlFKX8o2zyNF0o
2020-10-14T23:35:05.797898281Z 959 ZIjaKzeJ7X72I6oO7p7FJ2vm1zrkuIx9BLEsOfztfsOMUFc0RAGJQnA7YxA2
2020-10-14T23:35:05.808454124Z 960 arPdiFoks33Oy5pWW2FHFl6hGbAKfl4oTTlHM4Yacw2Z5vBGJez73qnjlqyx
2020-10-14T23:35:05.820133227Z 961 YuCDuL571HgwykS6oFtTNNuFaJWENKZ5tGZdU1GMrrni3NFy6xsthZag3HOi
2020-10-14T23:35:05.832149382Z 962 8tV3hmMNkeowvxk3k23nCMoARNVdlyhW0J3wy4WdvpRs0oZ2UFMwWe5wbaUF
2020-10-14T23:35:05.843371808Z 963 0CANKGLp0Thn5R0KSLKpdRDi4swtG9U8NDegFeyv6xdKVFCehXS3c8TOav1B
2020-10-14T23:35:05.854674001Z 964 oRF796GplvRFsWlRFs0dEbp9vtKRtxYVYiz0F22BM4enPK4dKrt6wKaMjcr5
2020-10-14T23:35:05.865295161Z 965 1RbqXnoiOE9SzWLoiz8Vyd8esuCZ2gDWfD3joarQHlaOHo9UjfvQUUYSH9oF
2020-10-14T23:35:05.877183837Z 966 xrjiQUUls9RdkjVhuP8RvgxSL3LfA4qwwagPTpd7SbtW48zRYmlB3DyxQWbA
2020-10-14T23:35:05.889101613Z 967 uKQHy5IkZmgTPz5vWNpzo50vcofRGRX33tZB4WIX2ltGdd8verau0kusAL7e
2020-10-14T23:35:05.900223820Z 968 75ihQV8iMtAAqLdo1AvAbMkRAPC1tVfQN5cnU4hy9dHSKgL26eHTzbTxGuKS
2020-10-14T23:35:05.912208844Z 969 7bfvIxbAJxxcyA5K6iJwYgR5On5M20b1eShmzPAuns81dezGxrVRDK17BPjr
2020-10-14T23:35:05.923866363Z 970 Pf3yjPC1EnSE7xQaaJlnIFLSlVrg1H3tdKV9o1KqW5MIpaiZvYn305vr0DC6
2020-10-14T23:35:05.935032478Z 971 QSCerkmCyv0SttCfRb4mqrZZ8RbzjPdpdfMaSFfuvR5JYeBdW3Wm4A94dpTI
2020-10-14T23:35:05.946934423Z 972 KSDEZhmbhg2OmiNSJmCcoDo4PF3Nu1nqcDS8op4G2zJmJQ5DPvQ8o6mEyzCl
2020-10-14T23:35:05.957576607Z 973 peGZvmF9A2zuLbeIJ2VIaL86dA4k5Rwn5AaFJppXzZPMTYYw1v7gCNENFtuS
2020-10-14T23:35:05.969262906Z 974 fcvEHymlGm7p6Z4ZAHpjOt7iRajjQTY5O3xfHmE2iXaRbCwcokmhuduFKvQC
2020-10-14T23:35:05.980911194Z 975 JE48Fahzc0DtwTyAya0gL75oVG8C6MlJ8ksTXQsZsqTpbin1K5fzQpvKeHSY
2020-10-14T23:35:05.991822929Z 976 raUBn5vQXl3UBELX8oyPWcnqn9MvlmbjTQFNG8HntSO5WpqnQfMa8XQmFcAq
2020-10-14T23:35:06.002333220Z 977 FKj8QDW7EU91EggPKSOuh3dS0GeMEGX5nmilH3lacBecgN0SS1qKNlseshD7
2020-10-14T23:35:06.014175269Z 978 3L41yQi9LjMoieuS9tqAb0jZr79FXYfEL3MLsIGz9IcFyUCjcvb0nne7dMWP
2020-10-14T23:35:06.025897291Z 979 g4t8ZjJGaXuI5n2tS1ZZbK5AXLaiOCfc3QnHQRj43bBANRuFmfvV0hX0CKHq
2020-10-14T23:35:06.036547979Z 980 bFmUbSB8WhTgazVPMgVX0G2JuwzRf5WOw1yUIxy8lKRF8yG2maWTXz63H1Bl
2020-10-14T23:35:06.047598080Z 981 vbO0cCy5gP7q3ca3V02K8gY9o1UHQ5l2673ya0sEc7dkFtgRQcVZLIF0kHoa
2020-10-14T23:35:06.058479088Z 982 pt24D5NDM4SAnB8sYacB86PT6vk0uNKTMjv3dYngAss0bJQhYMEPMooXTfJR
2020-10-14T23:35:06.069386636Z 983 V4JcDsNzPtfjyR4v7M8RVcIcqvHPW2DqHhX92ZSKk1MTne0kYmcDYSHs9K39
2020-10-14T23:35:06.080366679Z 984 qmAN5qyU4tnYH086fw8KtiyUAotODNt5MvF6LbF52kBNacXQd0MuqFwaZupY
2020-10-14T23:35:06.091644999Z 985 jzul8e7xR4DBwFucfudW2kCBJnD00INYQesLwAeKCDwuwjlPZZOkmDAS3RCj
2020-10-14T23:35:06.103296203Z 986 dQZyc4xj40z5LHBKqEze0WUnD0Xn9dZwhIzYplkl4myQV5PysJTM672Ge2v7
2020-10-14T23:35:06.115042032Z 987 3apxYbZoylyECqbLfnDl5TUcpfPFNuHhv0zoeBmWe7yfR624tuCdKrbUk1N4
2020-10-14T23:35:06.127008116Z 988 2BaucdUSUzjGgWZWbtA4ofUNw0jNAXfeH8o7CT25o8ifUVY0aLM427qUXA90
2020-10-14T23:35:06.137730452Z 989 HKXhxAOIVkdWo6vWYO2su9qod0TiZFKeBxClhdNsmSnBGsTDuu1jrDyvK99w
2020-10-14T23:35:06.148669088Z 990 FvmF6cnJruTQYkoyBNPpOnr32xUeFbuP2ZiXudh1TmcXoeJnPXqRTV0qtQEJ
2020-10-14T23:35:06.159960564Z 991 kArLEl71uNsXb8YPkenuO7AZbTgOvYbvGPgcPRKzTKLkK90MRrJ2il2yC489
2020-10-14T23:35:06.170516695Z 992 LUNH56WESult3VOUR5UARaxdpL6rji4V3GTjxR44e0C6N2mRagt73iIngeNG
2020-10-14T23:35:06.181131516Z 993 07bnOloE1itr4noDhaZmU4EVT8ZsjUMSe6ncNI8cISJ8uvJTeFouVxi7xcgT
2020-10-14T23:35:06.193169237Z 994 tLFvMlOd5bpA4HNrSpH9BL7GS6am7u2SHFlduANaDSdiNsRQYxGvrz2S8Rke
2020-10-14T23:35:06.204815726Z 995 UAkPBZNhSJ3EIwvjeVbHoJXWyABCdqfY8OICdJqx1Tte6tbrOvnKTc8HbJmN
2020-10-14T23:35:06.215424318Z 996 81TB8apfouBxxzZj57wxxX2PgXqwE5oNsU91RFb9NlJ1ywUaXpxB0FHbfwBV
2020-10-14T23:35:06.227293441Z 997 N7SMeg1liLfwUSKz8gLIYybP7gu07G9OPHYxW35HYrB9oIpLYysDK9niVSzB
2020-10-14T23:35:06.238263746Z 998 aX07FXQRACsIiYVTKxIo8sg66L71HE8kYIDfts98Q5ZaWwGfujw7dY6tH9s6
2020-10-14T23:35:06.249190863Z 999 O5tl7y4HOB8Dc8t1mI8uKfV6IUzLxyxQ5cf6GWLlqU0xA4IiHzzX2wSzTWnH
