2020-10-14T23:28:30.502582136Z 0 MSisFPH46jkjZxsOh9GVyU9JzN41qoY9sMCHlzW2GasZrWYbh1PDHGyC1A4Xed
2020-10-14T23:28:30.513975378Z 1 mOLJYjbLooMNa8wETSeUxaUJnh673WIJUfkuCDOtkOTHqJPJHLWozAlRXg68GV
2020-10-14T23:28:30.525365627Z 2 9ZiGUPD5XsA6heISqOiJKIUGOiJ4blfSnEJMrg1haCsZgofQOwOup4xITyHy8o
2020-10-14T23:28:30.537188850Z 3 Jo1LfLBRAczmt2Nxg9rQs8iy1sseyNwjRrcoMZUKyCS4zfiO4wzO2ogvas6w0C
2020-10-14T23:28:30.548115177Z 4 EjWxqrTvsTuXIo3YwTXL9mmfrpKrJVNW1NwURuspiK8yh78DKekZNvBATT8ohb
2020-10-14T23:28:30.559669737Z 5 Hg9XU2FJp0NGuLcBsqc1fwGp3pzeua9YKwHYZsGDx9ViqjnRsglxz60xlXExYo
2020-10-14T23:28:30.571301067Z 6 tTj6qnS2BXYvO1wc0Xn4dglOhM2RCcmgPT7PDuZDOPN2y70cDBJICzCwRgEIKr
2020-10-14T23:28:30.582652294Z 7 PRJAXbdT1H9cDec1rNH51CPeK6ZBhyO0NcQCbwLkPY0eAJcQVFw5ljqBiwHoT2
2020-10-14T23:28:30.597599453Z 8 fnj9piAfiApc9j3J0Ydqmv6Lq7GX1Iup9HbEODecAApydbyz1XsQ3SAkQv93g4
2020-10-14T23:28:30.609493245Z 9 mD5ZT5nmR7UYDD4sCUuGaprRRmkT0pNMxTEXTZQf0FrhVAnJSs6Zhc7MZPrDfH
2020-10-14T23:28:30.620960759Z 10 yg4RKlpJD15tQ9Vv7uLhNO7XGTekF47njzT98JIIh61o1CyOBTrPfRMdm5Pmb
2020-10-14T23:28:30.632445139Z 11 SWjeD3l6ZDTWaqPxP5214fnoaHye2jFEvOQPAcQUhwKc72bZ9zNTpG5FWOZuK
2020-10-14T23:28:30.642667875Z 12 kaR8fm8CCRzTMKmV0LOMuGVKy0pc7nZCfWhZqYU06zMljKkfdvMVTu0v8qnDh
2020-10-14T23:28:30.654101906Z 13 M5VJ3uQ1i1t0wcGQafdMGZy7pAnXiWYolTUEr797R1F2G41bA3dUOhqhROIl5
2020-10-14T23:28:30.665276865Z 14 ey3SeiWDR9UZshfKWUhTrRHYgmDw5A4sUYHCb7icxGPLNm47lOVYtTXloYOSs
2020-10-14T23:28:30.675592249Z 15 ku8bWtrr8TChe2QbCatVUraSWNt4ITeJp2ebB7PP8bIkLpxSXyZJqNZxT8cWn
2020-10-14T23:28:30.687049811Z 16 jOjBHC4IZq9UJKYwr3fKUepq6wVNWDGQTkm7aCMKAYvyZLpjeur2v9OY2kCFe
2020-10-14T23:28:30.698325507Z 17 w9gbSREncZFNBngAMKHfnO1vCHtFjGjxVMx3u8wUSuWrZyhKVC2iHNEVKTsja
2020-10-14T23:28:30.708836910Z 18 2fB6Of4H9mqIkoJKuzqUQQ8eRMr43aWFYl6jPgEvUrm5nj2L5V50TrGSuhFQA
2020-10-14T23:28:30.720484528Z 19 O2nCGvFl3XLMVz5STGe7q20lf9iERiAm7IeZuSQCUKf4uBcxVsqz4Fex1IkJ6
2020-10-14T23:28:30.733479401Z 20 QSK6BndYhn89vcit1IJsJ461MzlP4FZzzMZruvEmAWNvPqmL64XZEYgFQYwFb
2020-10-14T23:28:30.745162616Z 21 P79DtW7BfzWb4dYkoaKUUX6muSxHqemOjXvLKT9VbtSGElBkzn8gTtAOsdu3s
2020-10-14T23:28:30.755449332Z 22 3whOazOzs1rsBO262nrzMqWUeiRxxfCx34QRYK2cqqpgXRfDiZVZ2U4a23h7O
2020-10-14T23:28:30.767421675Z 23 0EfIrBag2hGClIgm9tOKW7Bb2hVxGpzw460xDBgnYotYXNHwvJYIY2Hw39bDg
2020-10-14T23:28:30.778996896Z 24 LSzZk0TzOsr096R0mrETvykJ5tgAYoedfamRZkHWQgQBQ4VR6WVdQGI58WPnf
2020-10-14T23:28:30.791099179Z 25 YFjawH8pCmBJPPEJGFfyTEWWUj2LFwVS48S6wbt69a51bl44WPfYg7pMsRr18
2020-10-14T23:28:30.801468872Z 26 DIN9qcywsEYVFdndzOJEzIM2ulG1LBvJQP1Xq0bOUI0TuQIaDGbMo6J6FmgbC
2020-10-14T23:28:30.813503503Z 27 8RrwRNjDl4XYx4054JfBxCE2tbuqoUzK8EfsXYx5g5HUCpKuD3upDHBcdJ1oy
2020-10-14T23:28:30.825619646Z 28 J9kG3FAvz6mu3YmYA034OdRUbiMIkI26EAjxG5m3QjxICxExEl4TxTmvknUy8
2020-10-14T23:28:30.837556877Z 29 XV89mncFulF5sFWbs3cm5uTvhoyP4qM3iBDPehQPnGHiu1h1Y10w1bmKwU3m2
2020-10-14T23:28:30.848160956Z 30 SJp6XiNHh8KRHWjLN3b66eKsmds0DlGs4aTChNbAde6lm9fb3a72xix2EA5eh
2020-10-14T23:28:30.858710065Z 31 patlMX6FSMPhUX01uFu2jAUEwR5mWB2piw8PsY35d9lBJwt1zl0ovc4Thn7yl
2020-10-14T23:28:30.869682422Z 32 fXGrJ4NYNnZZwnbePEymtaJ8ETrmRJSoa73MgGZbn9wopfoVslfpV7ETzwLZ2
2020-10-14T23:28:30.881340956Z 33 C6ew4XyipOOEAvIaMEjGascpESJZdELyh3VU24oYzXrPBQnzTIP073R4cgM46
2020-10-14T23:28:30.891920365Z 34 nJG2GSNZvxBACIyeGqLRKyjPE7t95CVbbdMvOX9lKNYqGT1x1McF5eIM6Xg26
2020-10-14T23:28:30.903329944Z 35 B7nbSmTOi2umwdV9SPuzYYFFvaXOUm2XbaoN1YtjO4XFwWfz27fsiq6N98Pn2
2020-10-14T23:28:30.914077352Z 36 TGLf2IFqjW1BOV6XYzP1ineHXOogOKz4iCajzB0EAEDCQudQmD8H8aaChZ6FC
2020-10-14T23:28:30.924696224Z 37 VktwnCn0NrqGNW4hyQjfFcuZpzNeVlv1wNZMCNtXnynF1EFpjHp3BRB8lIsmD
2020-10-14T23:28:30.936082717Z 38 6N21Cm5Lsr9RoRa2hLqfFk5GwLecg9mjvSMtUSNDm3GLJdjpJdfeMHR245WgC
2020-10-14T23:28:30.947405040Z 39 MaZZzB9rqWV8jU0LPib84lV3Qz6SZHWRDOj9Isu888gWgBdM8uN34kXMIuQcM
2020-10-14T23:28:30.957888167Z 40 zyiW0PQ4x7DcmmNCRE7lkQ5Zqke5Upzqs57072o2dsJs5zYFx0MRHl14UB0Jm
2020-10-14T23:28:30.969416298Z 41 eVlaozbWPuNmHG5NbnK5Psp8OKFrX6p5lnZ9pzJQ2T5wTP7AebmKBZSpfbyhP
2020-10-14T23:28:30.981305527Z 42 SUMtHGeL1tDrLYgOa9pF4REZjhoY9oB8NyiughZfaKY1D64pzYKHkXXUgyyeW
2020-10-14T23:28:30.992236400Z 43 thWdihaFsZupyjlh6BQsJCS0ygPVYTNfgf1nF4ph2jZpg00JoRxMw810VDvnU
2020-10-14T23:28:31.002639941Z 44 RP5qaLfAp62A1V16TWaVLFsmBrNhp3FhB9ad7HwEKj0e1MrNBVgu3IFxWCkTb
2020-10-14T23:28:31.014085838Z 45 C7IwudrLMcix2YxsNV67fT0Wj6ftZ7tUKOkXqKwQY1xYaWrPzzVgznm0zdVva
2020-10-14T23:28:31.024596531Z 46 omYDAWR9zEhvyROSPDPDqSCcCQgRtw6vyGbafbbLy1PaNkp7nuNDfRZLXOC5m
2020-10-14T23:28:31.036367793Z 47 EjpFxezJ1XFow8B9b9madqksZbGWlSTFro76e1l3mmDAW2jbVbeX9mRvHROYL
2020-10-14T23:28:31.047017884Z 48 WZYkXe1dL5QDZiE89QmE2axtKc8ZY26ABDCLQhxEanmCbxLHcIXAgJl7sels4
2020-10-14T23:28:31.057738719Z 49 JDkyXLRcM9RzN5vF3klAdkwZk25Q71367XSAVLqZm1HtUtVOxxTCoXGYKGuDY
2020-10-14T23:28:31.069516870Z 50 rqhnJ8Mo5rihz23bB8SoORge0KDm9FuRFGKITatuFObSP4qZncCTC1aRQmk6J
2020-10-14T23:28:31.081346961Z 51 Ah4shf2cwpRS5wHfZRb057B3JgNaMa63KRgo9Ci1QnpzgBZ4w2ECjwOkZ76pZ
2020-10-14T23:28:31.093188930Z 52 ttlgP8esQ5ySWyZVAqQOXN31p1YzxirFZPcYhyaqNlemhXRfWmGRpOwZT1UiP
2020-10-14T23:28:31.103800758Z 53 kvPNeQ1qHECBGAidZY84w0woiRmaWGDBCnTkVztn7rJztZon2JZcwRndV2YjW
2020-10-14T23:28:31.115653401Z 54 ZN8cB66JbFwqvqwyqgZcUXRvwZsnXSmVdEzD22beoIKJSAXns1RQaFfBidIhk
2020-10-14T23:28:31.126826391Z 55 7z3xYk9vewD2GkXLnoi2QVjoJzoCcZkATb2LAIq5cTLuJmHE3RHbyLKGauWqS
2020-10-14T23:28:31.138128160Z 56 Bhq85DIhLp3L0H3R1felFjLPVOnnINx4ZbRxVK3xoAJROlki1r50xmmdodIsv
2020-10-14T23:28:31.148915040Z 57 ksQNUYxz6StTSSFlOzqOfMRni8wQ35knh0Hl8rqlyHFVlWaReb8uJQ3MaAGRv
2020-10-14T23:28:31.159809690Z 58 q7uNtAQXmnUFPwUbtQukx6fyMWnt9m1ocyCKpMYwCqDfqeVPBNpa0tCybe5dg
2020-10-14T23:28:31.171728880Z 59 Rz9Cc6hmUNTZjPaptmHiC4YmFCG9OFwmGsNZLHkXlCCcln5XMkpyIrqeMhtso
2020-10-14T23:28:31.183303292Z 60 Cxz2rxCnoIkzKgMBybAiQ9x1jLHoSK0mX6SmqrCUafydDgKoQLi60sdJMNvAA
2020-10-14T23:28:31.194025634Z 61 DibaWIaFurcUlmp49LiIlBjYfUMmU6oHGf9OCzVb0ER9fEgDYqag1hAvoLCG6
2020-10-14T23:28:31.205206949Z 62 eQrhcggpkP3cG93g5H6iV9YN6LSEzkag0MiHvxRgJl98AVwaz6waL68W4BQel
2020-10-14T23:28:31.216165281Z 63 WSvWb6zVrzDowWCorHLK8zgaKlbXngdnR7o0CMMfXlPqGCm4Vam75YmsbxOBR
2020-10-14T23:28:31.226832494Z 64 B3Q3xgaTPPuTLRj2W5srqeuDXzEnPnNU2bTX9ZY1GrKKywKiXiGKF78jxFq4I
2020-10-14T23:28:31.237949592Z 65 UmlD7mCuD9C8rcjVkoaFLcDuED7KZj9G9iAxLTaNbTbFrcZTYvoGMOtdDMSNN
2020-10-14T23:28:31.249417156Z 66 gqvpKmm8ZS1LqxrhV5CyQA6hkqKUAQn1Rw73kAOOlPet5Vsu8vmXv5CJlAKGh
2020-10-14T23:28:31.260111753Z 67 Cx6ttDFVdJE8HiTaMNK74ICqF9o3eBahCJ4XfqxaXOWzRM8CF0ugc2cNJBpNH
2020-10-14T23:28:31.270864462Z 68 P0qACGmrBuBLotIc7n0yvzyNxY6L7pQ21w1YwVqQn6IncyyHW3suBdSVB7Nh3
2020-10-14T23:28:31.284531530Z 69 QhoPeheoLtgojxHQdh6ukpSu37M1C09ENbBQ4aolomv5XFDX5uCz20KworRbO
2020-10-14T23:28:31.296641309Z 70 QKvYtiGLNaqqZLTHFv10wPkizm7onpmK8gpnP04qlgxBhehFIf6AxBzrSG6wI
2020-10-14T23:28:31.308447802Z 71 woNuPezrSP9uYV2qz8YZP9iHdkAbOsBTRvDccwS3WOPzblxP5xvebtyZS3kqz
2020-10-14T23:28:31.319054730Z 72 bBUMKkTCeDIneQHPuMkfy9oAFsximQ5QZrGVnKpIFgrD41jgZTCBxxWysdTEN
2020-10-14T23:28:31.329905930Z 73 Px3YeY1ceMGlJlUCmnctwnDojwxSBtAHphVsS26dXtQZWkguyG4wukPtqiEhz
2020-10-14T23:28:31.341262877Z 74 7Yww7azCMrzk9EtRFVizrvnmo1t8HKCIiSGEf5w6ddFP8TnUu7rDMF4jx4k4A
2020-10-14T23:28:31.352162341Z 75 MfAMvsqhgzdOrP6hplfFSUvWG04q596cyVOx6XRdk4ovjtN2tf9IXRrokPIQ9
2020-10-14T23:28:31.363454874Z 76 gXbmurCxwsH8Cmy0heJAFkjwmc9CF2C56XvEVJEOjT98W774Wty9QdbuPe5F9
2020-10-14T23:28:31.375307771Z 77 fdN6sw8DKca6b4nsWxIYWlhIJAzwEHVFekSI7B7Vx7LR7tiSxsnzOCubpY0bH
2020-10-14T23:28:31.387266186Z 78 xWXn5KTPCVbvX19SfCf20mSg6mXgCc3ti36nnOxFeqWJta4ppgRIl4tpuGBFr
2020-10-14T23:28:31.398043953Z 79 vMYOi5PrvuXBGghzKWhSKGgPuIGqWbCjs552fTXwbsJRe2SY7aVXWyQAR18eB
2020-10-14T23:28:31.410329395Z 80 FWjjT7BoUL7vFufoEUIlFMHM11vgPvtjmyfEiiQatzvR8xfCycuXT3wzdYeWE
2020-10-14T23:28:31.421033895Z 81 e2esfvVO3ABGiqAdghNS7BwcYjaCGrrD2ipVhzrrFvQQjIdbPRr4qDcGcocBy
2020-10-14T23:28:31.431742043Z 82 Bw76ggYICtLVQe4nTIe0QKJuhwBhwenGUsIwFFjWLgs0iYwSEkhLlAFGkH4ZD
2020-10-14T23:28:31.443455294Z 83 PrimEZtD6MWJJTmDQPxpT8E9P24xGe6MZ2DiVInr5CiM170weyBOl5dIvN36a
2020-10-14T23:28:31.455379154Z 84 fWEH7Puh84vmusQPBrCvbKsz33Ra8EMr4b5N5nLEwbNIGLPVYP2nsl0ymNAiH
2020-10-14T23:28:31.465996893Z 85 qixcmR31WSPd0cvJHaKbXbRnBQNQBwmN683rXhTJtpiCMdDpdLMVl4OBsP7Jx
2020-10-14T23:28:31.477164553Z 86 3yP9w1g9XiJjXhWSK2ebo5kL6rShAhP3YaQrZt5XtGXVleJQr6F3cx7FYPNUr
2020-10-14T23:28:31.487698775Z 87 BYDIFedBU8NR6sWH8w1fKfoRCHn419qaa7QYzJgEBIHK1DBTUyg1fPci5qp8B
2020-10-14T23:28:31.499413275Z 88 U2qJ2mLDYijwuTdO1eU62hnhRFZog7ZzMLNncCJrMRbTUz0obRwlSjKkf3lnU
2020-10-14T23:28:31.511106352Z 89 oMASM2abdxf7NzNhowgtFycLlDHfF2pkKRr44aZLkcxy1Az5uzWajWJRFBfk9
2020-10-14T23:28:31.521943084Z 90 W7a8ag7PxSHeQUNfQ9IjoNQlHOBqu0ad8VFaXXok7S2NgLQwnFjnIjjWhFOW2
2020-10-14T23:28:31.532719983Z 91 AonNRX1mFdAxik6KnExLemGWk99uwbez6e2YIlgfC8iDPuuwSMhF5z2y3VACC
2020-10-14T23:28:31.544382521Z 92 7mE0YRfjI3d0smHHjClYYW6dFAhTLoxEOFXZNbtAE2CMkTcEPNkFdewkaVHrw
2020-10-14T23:28:31.554949650Z 93 1otdOmc5lGb7Sns6encJYxqxLIfvo0sBhIGdfTMNLyMA7m9bzv1OaayLk5Iti
2020-10-14T23:28:31.565861871Z 94 949cb8K0NrGWJkvjUWmkHumwzvTe0cqx9sz6vPsMjQsTwImv0APqoE70eeHOg
2020-10-14T23:28:31.576733789Z 95 N9yEoLGdfma9qVv2wQMxjbRQET8JOMhobJtLHdKv5sEgH2wJs0AMQw3xwrbWd
2020-10-14T23:28:31.588585816Z 96 aTt6Cjkud67P1wx1TPYFzPd6D2H4FxbA1omDKWRXe6D1LylS5irN2ZnAmpT7y
2020-10-14T23:28:31.600360165Z 97 juUUSFKgTdn5Yf1iAtt3KMjPAzbfH1lBijAkHXJ98fEhr7qD9TqqRxvRbu7fM
2020-10-14T23:28:31.611921644Z 98 FSMjx61n04szNzA2YMcpiyv8D4wewOk3378vGXtSufx8vG63SILAhmStKayT9
2020-10-14T23:28:31.623238268Z 99 vagwmYsmbpCImzxPWvHxx50fe5GRXSax1tVl3m3WNTNq47FGB7pgLwauiUYrN
2020-10-14T23:28:31.634323629Z 100 bFqCD2IEwcIbwJBftfl56MS4Rn90YjFiDPcVxRtgcVkgpgLyILK3IAmds3ij
2020-10-14T23:28:31.644885998Z 101 SQJmkHfdx48GkRaQjIQIuoeoiLTbXwX66HZosRVLcfKI8QosFwitoTHiSovo
2020-10-14T23:28:31.655765627Z 102 H72igw2e1imafy44ePgbALK4ycSDFPnbjQctMqQNsNzR5G4KaSooueKSJgEv
2020-10-14T23:28:31.667311637Z 103 IFNt0NSgd6ixFRNjBLUMgGWREczhAXa6PblPlAsgdSw2A0FgHI5G67TdUEtc
2020-10-14T23:28:31.677993727Z 104 THLfIk9hwDXUvaL8stEGF2Xhbb8bwCvxvH5Q9x8wZPbVo3UDRPHuyKamBZHU
2020-10-14T23:28:31.688630495Z 105 fsyfNgXGRPKRSdgiKyLTepRJhUj2Jxkgt337IohwuQSp1vueUWm3lkdgF1YM
2020-10-14T23:28:31.700485497Z 106 cvN98CRub7RpaKJpuZf40F7xCZDXzikzKzHeQK2kMDL7lcEeX4WZVvL5D9MI
2020-10-14T23:28:31.718693652Z 107 Z3qDAnQXUFQo3ddEc9NuBjpj0Baxx70ifcNHJDPA3Z45PIs9x9oF6efjx84v
2020-10-14T23:28:31.729452322Z 108 34KVt0yS0IIwIeegYQwG7rJu6bPXGRhPsHQkEmdeU8nXI8QovOM2UEbj28I1
2020-10-14T23:28:31.740337977Z 109 NE15GU0swy8xnCcJbuo6QDUD6ylihGRrgQrqlKTk0LzXV7d5G93RyCSW2OMv
2020-10-14T23:28:31.751549231Z 110 DlAxyNHkUDkmHYHrk9kzwNkjI0wkkAdAp9u6Wz9OKX4roM9W0VX6oL1HfehF
2020-10-14T23:28:31.763043463Z 111 BfrRDjNyzXEunm9ciFnxo9h79wQt8sh77kAj3OakrAE678urd6phECocUTkt
2020-10-14T23:28:31.774597904Z 112 CKUK0OdPQK8wGhSLzLn999KHFMNnrwxJj8GEjok2eH8PRwQXw1vHPWe3r77M
2020-10-14T23:28:31.785696586Z 113 BppswS7NTU1aNO2Cpd1dwsjH6dQbRHTyixLmQBz9F6pHn8mScA4luCGyF9DZ
2020-10-14T23:28:31.796707209Z 114 OkyMfKiFQfDU4J9hb8B3E0zV8KOlXXc3oBfe0zycHRK9vKesLSTZjxRttgDQ
2020-10-14T23:28:31.808153631Z 115 2bSN25EMasPd2YzA2jNOm0lpQWWazQ6GentQK7jDwVdIg19BRcNCgiRSwKnk
2020-10-14T23:28:31.818573308Z 116 uO3YTyxZ16kBFXTmVF2GYs7iu8KCPvd09NWsX7UXLj3ggWubXhqB9lfKJens
2020-10-14T23:28:31.829696115Z 117 csBYTWK9NqxM2aD7b4agi7tlRX59iwRJ4Wz0JXAebnyg0BDbcnsn86IrDDwT
2020-10-14T23:28:31.840813598Z 118 4e41xnC3MrVDZ8KW2Agb1tlIBgDba89tY452W5VIujnGIQGrXerKY9YsfKPL
2020-10-14T23:28:31.852564536Z 119 h5HmzKCtzFIwwUkFGT820i7uZHokSq1i9sEpKx80mlksCcfEvtUkes01lDJx
2020-10-14T23:28:31.864159264Z 120 lH8aCTRwM8xcn95FPMFQnn0J8YffgY6aypirXwuC5xgci4oaGiwewBKgOBj2
2020-10-14T23:28:31.874846509Z 121 azLQr3WKU1utBy5QRIvcuLJHKZtQo5zfHSj7qQEaQqyHqIxIJU69rSAg7GtP
2020-10-14T23:28:31.886072446Z 122 UzcnF0ZJLtaMcAwUtKMtguEslSjlpfUhlWbF7FeA83iu1lY9BNhgFe54UZ8r
2020-10-14T23:28:31.896637451Z 123 zP0loz8FfCVWDghyw157yrV0tls0Pk8AzsM5lueeDZPD7zun801TaeNbRx0l
2020-10-14T23:28:31.908156747Z 124 OFrSGlLhQnIqBDwmP1fQkvOWuGOetQThYSdra2hfMfPO7SPiw2PPLaa7XGHt
2020-10-14T23:28:31.919347386Z 125 AB0OAWD2dzvn9A2WnTImFmiw5AFKrKlptFU4hAdtAtBkY27puSAFRjahJQTs
2020-10-14T23:28:31.929461814Z 126 fRw1n3N3IqxVYHojzVy4oggtsyvE9fGRRvY9zi7s36IaYqemO8BYHIE8VquQ
2020-10-14T23:28:31.941122669Z 127 v12tloX6S0fUspKeUgiIYYhQhorRvqtPt25XgEDr4JplfDCeX4tg99MYnOhj
2020-10-14T23:28:31.951538023Z 128 TdBTDAV9Ndfjey7hkFenmcdspPoeJv35VCFRdlLtBRo9brgHK7gHajz7Vo7Z
2020-10-14T23:28:31.963060944Z 129 lGkmV77C8iTxgL4KxSYR780yAMLCPuJ7XPq38zyG2DvUhpqqssag9xFiX6hl
2020-10-14T23:28:31.974297390Z 130 DpXezUT3NYYXu2IzI9ccd4hlRIPvYqENtkhibssmDfOtvKxGfHc2BHahEUoW
2020-10-14T23:28:31.984986717Z 131 T9QBk12Sfwm8n2I7yjdeHKrBnXHpuohMpVxhrLzvgkANMlEEj72cnAkXIn6c
2020-10-14T23:28:31.995834442Z 132 GsViSNxt1ZeCXIvdX94t0JKFokDsZzKNA9RycZSGvIUqeayCgLbadFcRlmEU
2020-10-14T23:28:32.006646854Z 133 kzMR9imoWDXw0tc7skMEnnmQU84mhLyQci7IRlIaDDsz2aHaWSM11YIFzTnU
2020-10-14T23:28:32.018138247Z 134 yQtkMAPPYoyksUYXmuStjPp1MMDu0D9kGm9aYHgqdLU10s2JC32qHdE6Bg0y
2020-10-14T23:28:32.028707920Z 135 9xd9mkFDaUGatmv9iZiMAyGKhVVa6TvcNjLdlK6WcNZSebjkPPpNOuxvhkZy
2020-10-14T23:28:32.039694586Z 136 gJy9wPrr5gz7vjFONfDPrNWpifPfhM406bU5McTImrECGB9VeEkkMfTqYi74
2020-10-14T23:28:32.051566647Z 137 Z22qlus8MoPL5qEjDypTwDbv5iy7MwWOZLb8bYk9clEmvow1R0X45tlj6uLk
2020-10-14T23:28:32.063472501Z 138 9jVF7XXJnStYsgcDPdfR0cwFFczvLq2MZ2JpgQUB3YPPLJbeaeEVgG8S3zPC
2020-10-14T23:28:32.075216846Z 139 r18R2p4ThMwc3dXmb18Q7I48SzfJy77UlZs5kOBUpLtOKjDEYyZG2jq2KWu4
2020-10-14T23:28:32.085475426Z 140 KSzrOrV47dv2X4XcMgLmKagsJSdewO8CRjn7VnPo2ZLziE7mpsUqi4mjvGFJ
2020-10-14T23:28:32.096934757Z 141 d2BX7rgJlTg8Z8a0KsDnksYTT3hEF0nQjuse6kP6b38C4w2c344H17TaCwLK
2020-10-14T23:28:32.108568763Z 142 RQVCeIsSzFhdw6vcDDAZ9DdVvi0Qx4VrbwyHR4J7zbHyVBUpV9ZLcoJYJvjG
2020-10-14T23:28:32.120126225Z 143 drkbZ4UALrx2oV0PqMBkLX8rlUfYcTZSvW92iTAlbbN52qFATjc8h94jUMyL
2020-10-14T23:28:32.131658380Z 144 RWtUKPVHrCp44OiFs5ctG33ZdNgZWHJf6gwAY2lgLjRYoZofUkq0hlQs1EJE
2020-10-14T23:28:32.142962906Z 145 uHktKsyYYP7RCJ4alqwhvj2FxfR1z33zIIM6QF61alPVR6Aaddb2Nu0Ov4QZ
2020-10-14T23:28:32.153737244Z 146 ffU4hzbe7sQ7NStCs2nh2TTNg0gtaaRoJV3LhvO3glfniSka4b1Li09NpuX0
2020-10-14T23:28:32.165401995Z 147 f0j6FVjaAtY3qOAJlnSYb6L3YMAgq21GfEVpR3FVvYmOCLwDaLxhQGF5o6Nw
2020-10-14T23:28:32.177275637Z 148 4gdeRq6yrRemkQyOQ1nGV02ejy1HfJYOfaI302gUnXkdAwn3BNu1xeisH83X
2020-10-14T23:28:32.187824167Z 149 TYd7TJkr68fXrjPBmk0cEAew8QE6aM2LGP0J9QZgj9t53OhPs8EBH75GHYH2
2020-10-14T23:28:32.198811711Z 150 j9r8r1vuTNkkCkRYGRZTbjdPdJS6FesBXL8BsExLYcyNibRHiidgTZfCkk9C
2020-10-14T23:28:32.210334848Z 151 1xbwsWrGDQV5Np4ZDglDNA7NiITUNCmbiXh66V7SQjl6C97ztYcW2FeVG9xc
2020-10-14T23:28:32.220984264Z 152 cFe8j8701trXZo8qQwPLdkvfolGpCwmk81qR0tQ0gFTuNGqBF5thjIgVtlWG
2020-10-14T23:28:32.232615685Z 153 C5q5Qd48m5PhACA9pfcp41i4O2faWbSE2QyyVXgbnQPQwyjcagrVJFCiAfeO
2020-10-14T23:28:32.244356852Z 154 qiMjK0hWX7lSpAMOBBLUtv2LtKl0bnYYJmnBuIzwNbTaGksIl3iLVAYnfKew
2020-10-14T23:28:32.255112320Z 155 irs3nf4zoV2ZkTlvPifLgLIFlYdZkr4MKfEw7IUOWuSNFibThbatiO82U4lR
2020-10-14T23:28:32.266086541Z 156 qOyQzdQ2q6GHUce3XOzVrTZ6JACFe57KmLzlUPaFYl7xG1BBLQ1pHx0s0RTp
2020-10-14T23:28:32.277521578Z 157 z1pwcJ2PzITgOv6gNDnmmQEulX1rvZDLwD1LpgenrP1yyUCe1jqTmIdm3Cny
2020-10-14T23:28:32.288599641Z 158 zMeGRo5sdOPlSjCHMAJbkYmmlAXdiDzYLsj0h14NIyntbzgbQlibcxWQ8mgQ
2020-10-14T23:28:32.300402106Z 159 Mcx0iT2DBFfh2lvFweQzPzobdAm8IHslcqd5oicaH8hc7o6nKTuHK3ZzlDEi
2020-10-14T23:28:32.312280789Z 160 z5vtkiUQwBZgkdtJ1RDgB7wjecyhBn3Ur7dhtcZ5FO0Fc2cogGNXqPntx5Bo
2020-10-14T23:28:32.323250306Z 161 1eT615piLn7KbAygCGV1UzH9p0t9QNi9Oi64R7b1tvE53nC7ozRzLe9EvFfl
2020-10-14T23:28:32.334162251Z 162 RTHTdQZGwIs7JFYUittX97olC470x4rqZNLKuPcixn3j2W3H2tZn5qGpZEyf
2020-10-14T23:28:32.345086848Z 163 sLaTA10ZGi20o1Bhsnk4KT0VDUxAj2PQo1FENLopwrXWT4cUICaXTp9SgB2v
2020-10-14T23:28:32.355816568Z 164 F4AlKeRpwPfzSb8gGm3VWI2fClIMzL5FYHpSStuMhINyz0PbnbpOwDY9c0KO
2020-10-14T23:28:32.367426533Z 165 JGPfVCJEGmhIvXXVfmGItQ51ZsVaSy50PBIfeuXzposD4ynljVFKXc0towUx
2020-10-14T23:28:32.379119653Z 166 h9sJcfBVb6MW9cnZpWQihDdl1a3grBDuh3z0LclZFFbRiyRyDwZymaKrWwZp
2020-10-14T23:28:32.389640489Z 167 lPHxPuHCl8bV9QZocxJmsrOfHgVEZnlaqAd6fzWWOQj3zZHTTDgiW1HahwA6
2020-10-14T23:28:32.401594669Z 168 N3jnN4QhC8JxkIvO5iwIphrtREoMAaH5V4bNXWC9kXD5y2b0zOOs9s9WgSVr
2020-10-14T23:28:32.412638575Z 169 oTeJKOAQxBtBC3I5E1z79GNgNFNM2RAAsfSoGebjH5sWnwA6Duq3J0GYZ0An
2020-10-14T23:28:32.424268685Z 170 RqBrghhvePa6rCV260lQ6TOi5oFMnXxSdY8u6Ltc2qSYHBkvpCxsJkFaKaNY
2020-10-14T23:28:32.435223251Z 171 dboZBoKyWR8BP6rbBlQv9nF5eeAHzukLzQcSjahEclBWd7GqQDKIUXyHeWUj
2020-10-14T23:28:32.445769698Z 172 7ytRuC6np60PJKsK3b1f6rM0L48Q8RwycqIvI0lEih2h23pCk99Q3oKnAy7y
2020-10-14T23:28:32.457137259Z 173 BmdCp3ptYg09DcI9thrZyJPaSrPz8BNBWb7C6jDdtrAIHQhuJPJEv9yDyU6J
2020-10-14T23:28:32.468194317Z 174 xGLpJAklmD6MzBKWykfQl4kRpEGcbcqwNVil0fb2IIjS3RPn7REXF03iTBae
2020-10-14T23:28:32.479640901Z 175 QgNh4hZnMmPtYlAHtZ62iAqBHEnMosC5YouqEQBjrLM09iBCVkivFxVAnEeO
2020-10-14T23:28:32.491202853Z 176 qMJByDZIBC5yg82UqpyucN6mjWRTPz7VXWGjyNaw8daozv8KjtQ1fvfBpoZw
2020-10-14T23:28:32.502830402Z 177 56CHxkZD9zgks3yU1FGQVf0iA2zyCKjRQdhFL6k0Ca0J9UZO5Yoi5xLTD9DD
2020-10-14T23:28:32.514368927Z 178 h89etTLAeDWoiKUfqB5AK7c3HtnQ8lZSYO0EioOFNEVgeFcVp7Ki4alWsgGJ
2020-10-14T23:28:32.525732073Z 179 p12SVye4aLL8E8FuDd32uWRSjzfkaeWdt4V3pTbk1Za1BSeHpYl48P0IBtK9
2020-10-14T23:28:32.537545273Z 180 ej3OwnYI9wwNElv6Z2Mm9J2QIt6bUBHYuUyZDh8bRfdxg2etprqWwIitm1Ef
2020-10-14T23:28:32.548612290Z 181 g0LFsn2wYekaZ35Y6KekDnZ1Ie7hJMpLjgCUP87vYsuSrxmRnp6O39xnpmBu
2020-10-14T23:28:32.559968731Z 182 qqvGd8GdJ74ZtEXZLERYVEn7MPw1dmiHlNpBvg1pSo225UJviZjHJ7oKxQtJ
2020-10-14T23:28:32.571503249Z 183 qcKNcHUCKcBKf72YReMF2MufmJHV40dB0Y3zFIqgJImGmgqiCXLo9pS2kihe
2020-10-14T23:28:32.583095907Z 184 CYHz04UQVrOVqUPtGEtWG75rrUx6YmokT2SOKpXrZJD4C0yaBD1fcsHcZHFK
2020-10-14T23:28:32.593855732Z 185 131HWOpqslMmXZkxOk3QQs5Hz2PubFbNHoMPidhHdGQoNueYlhGTNZyITvhc
2020-10-14T23:28:32.605982455Z 186 BTGEF1h7ttwoxdR5IC0OH35z6dZdVHPOtP0uGXFxTq4eUsALgMCcjZJQbgNU
2020-10-14T23:28:32.616818895Z 187 2wXd9xgW9ALh7m7hubBSSLJKgsLyq5yasVbPYlXoCoMYqef3J2vL4Gx6xDvF
2020-10-14T23:28:32.628410419Z 188 iLxCbQxaiiIukoRyy7mizfQA8FL0pqnRiPsiREgIwxWPusy5Q3vWDqCiTWrd
2020-10-14T23:28:32.638893090Z 189 b5qMXOkT0Q1iuxGP6nMRIsdoJe9U9wqqFXKsDxZwVPwa4TBX2YzWVHSnTEn5
2020-10-14T23:28:32.650617998Z 190 mXKM4ToKE6KKVFN8NjeLLaC5NLmWYxC853keKK7QOVpC9jFrLBJwGdbzl0pS
2020-10-14T23:28:32.662251257Z 191 uxN2sB0932G5kMsmG8YRMEBpLOwLdCwXypRM44NsHqmkq8Ty50efEyQimyQb
2020-10-14T23:28:32.672983276Z 192 c4Jjmv3NJXWncnkd5LyKPsH4m5dWbYUoF9zBkTkh73E3kGrzKgA7Xnw2TSmE
2020-10-14T23:28:32.683495601Z 193 nZJZOZPN69Mvd5jB0z1vN7wjbTtsV6aP9mm68aQi5cxnte1EduO9Me7RGA34
2020-10-14T23:28:32.695011568Z 194 pdYDmPj7UuFcOWwyRwKl2FTHLRZqYgkQT654p57d7XWJrYAnk8ilCxmy0Pgz
2020-10-14T23:28:32.705796617Z 195 DRpVMgRt9p4XRNjt42EcVFqua4Vh8UgfJB1FQ2iFRAzIlOWHgXYsjkcTYGRw
2020-10-14T23:28:32.717498361Z 196 lQX97T813IBM09GQ9lKi9n7X45hs67UEFkJQsBIYh7vlvU4KK2biR8bNyDmX
2020-10-14T23:28:32.728342247Z 197 tJMtGUyP6hsvhULOArm46C57DS9vU9x1rGIxPHyn4cslkkUoZA5tYYfIO4sw
2020-10-14T23:28:32.738917060Z 198 EinuHaFBkoKicozN1Dk1HT2slP6bpp4ypUh08XzHzuBTprLy3n2VYuPHH4TL
2020-10-14T23:28:32.749898402Z 199 8gHb8ouaXPnAxvNJX6e9H8DMSU6VXdHYQadTDrypvJkItt8G37QtznXojXyv
2020-10-14T23:28:32.761526884Z 200 Er7wXMHxWahU8fDZEaiMkoRglWWpOF4qDKDNdVBe2wbjIRBiGuul8aTNJ4nC
2020-10-14T23:28:32.773120291Z 201 ovPKyTd8Bzw9bXCRwprhDkQZxIJbVqSyPItCfR39KrNXPIUToqw5ymsR2IL4
2020-10-14T23:28:32.783858019Z 202 SNXMLbGNlh9sbtVpEGdUMiyVv0gRiSeMcZs0FChxsi5xApFxIf3iugmaMt5b
2020-10-14T23:28:32.794866936Z 203 W3wXMFwxnq40ZBsLNpACNqEK1f7xqdyOjFPHOxBB4bnLkmNa4Kbr49EAdSi3
2020-10-14T23:28:32.806585104Z 204 HoCg5U0Kt5bkNbGYppaBzwb7SMkR9JPl8XYZElaTjkDVVrFbvlyaP5PScUwQ
2020-10-14T23:28:32.818115153Z 205 1goM44tKmUBOsKjhMowdjGpohriTNvAGaVaCZ8IeOdVtw4D0Sn0GNtPhRnJz
2020-10-14T23:28:32.828756163Z 206 t4kBFn3n7FQSRz9FiCA3PJliSHO67rSXZtZGFNF3qATT0UqtlObCJYlSfd28
2020-10-14T23:28:32.840097972Z 207 RiKdzawtssKCgjxI54n2whREKtcgoZdomZIqCYYbsT1xWePkOsLcrEHoiKEV
2020-10-14T23:28:32.850945206Z 208 774F15fw1IxpJu5KzaeDKerO9ngpqkZyGcG8fuefAsjlfpp306uWXj4HPsm7
2020-10-14T23:28:32.862666676Z 209 en7kQEvde0V8Wwsc9C48CslNgE9LT6RbAyinb9EhiDtk1C2kTKlDSmpoxOmi
2020-10-14T23:28:32.873791353Z 210 LtffdB6nBelSOKo4hAkNLXclItPwEPsOUpnxWDPbqBYbzj9SzxL1AkPbijv6
2020-10-14T23:28:32.885380347Z 211 AZOrEmqR97ScYlQqdgG6TC42laS0EKTyddx2umu7jfiiPMbAtjg5Aq4fGF1G
2020-10-14T23:28:32.895933504Z 212 UxsydmhkxvL8jxluBCviF1QBfsCGFb3eR7XJtCt0NrkPZaDpwId7yzIUBrfD
2020-10-14T23:28:32.907196293Z 213 Y4SE05R49VqrnN5ueRU5ttzr3nhc21ijrz8AIaY3RKQ5EA5NMIJECNp2zVbx
2020-10-14T23:28:32.918355074Z 214 sfLZJ1ncBGF52ja3wAgm435bzRJBng5J5AcAruL5XXBvEOMQrtTb9egZgnGj
2020-10-14T23:28:32.929048431Z 215 qrkMjUdI8LVJGRgz70fwynRxuqZvd7IawokxGdYEY1nBKSZEssqhD9lFTEFw
2020-10-14T23:28:32.940639610Z 216 3smq0HIuJYar5EyxkcG5kdI2Wy6906sTi6oB9UdQbyQmJtefWvzlSlXwrR2d
2020-10-14T23:28:32.952360276Z 217 LtwxVzHSvF8wobjgAWaYPugGDMHAHg4q7Z59Kj27wQlzdSnyeRxuhTh8TJrK
2020-10-14T23:28:32.962820981Z 218 cWbh52sQ3D3HhFzRp8qM2W6A0oWFRPhIFZcLJzg641WD0z9ocAjS0Uq3yzuw
2020-10-14T23:28:32.974493258Z 219 x8x1bSaGiNmTIf70O8w9OaFqwRBa9QZFfvG6Rn6mOjuqlfOsMZXlKVdC7y8Q
2020-10-14T23:28:32.985819626Z 220 DarYRSOZ9d6wS576LaMfWPmMDR5BtY9wvD3tMjk5IffxdJVFxgMgYh18S03l
2020-10-14T23:28:32.996849147Z 221 sI5itflVjRO2dCXHiLX8XsU5wIITa7eNX2aWoOsHMtW7DBfuW2XQYrsZz5wD
2020-10-14T23:28:33.007820756Z 222 ecWzUzwnYCWKK6ig1arGZPvlHP179InoMziUi0cmuyWEhqvHxMvGASFGs0S6
2020-10-14T23:28:33.019346046Z 223 eXvdRTZ06v7LhaI35Ylaq0YCXQF62dhIYlzv8utLEVOaEcxwdgBBXhzzvzgQ
2020-10-14T23:28:33.029912553Z 224 DU0vKcdRwFvSDGPg8L0VXFU4zCE2UEBGBlWBfX4boKoUlCMBh7zU93UTGvgE
2020-10-14T23:28:33.041358668Z 225 X0XAKp5XUyNLMgvfY4cQbWwOuqarm1RV6mhzO1TADlhFHjKrPQTupe4LOLdd
2020-10-14T23:28:33.051774337Z 226 1WXlwB6Epl5Tsh70VASaIJCVfMSS0RhNm4cKoxX6FIv5DRiXgci0BDQZGsiu
2020-10-14T23:28:33.062983466Z 227 eojdf317FadqMl4aufs5h2bUbyUeqEU8g806ykH5pTdwEIz6njRbFpbzGkiB
2020-10-14T23:28:33.074256170Z 228 AfEb3fSYdFjTxxnnJ3XBS8ne50ajFEuH3u1BfLEEG7El5vMXTsiSCId607bq
2020-10-14T23:28:33.085061928Z 229 CYI8gWP1mophTUIdnN5sPuUVRw8o0dAPUkB5ZizSOQhcMyn8vJp8as3oLaGA
2020-10-14T23:28:33.095692064Z 230 LeqsVr5VPBBraJMwx6yYzdVIeQYKyDj2g1GSJPtOUZsBIObLesfxPbrH1Yqm
2020-10-14T23:28:33.107339606Z 231 B9xiwMcr0ZvmwVIOfmZhbsjUezlXwWpU0lCqtbOzi8H6NzgZjsBg3HrZnvcH
2020-10-14T23:28:33.118020483Z 232 br3Gs4NMtx7pLD2QsXkeY5Mtol2V8hdRJxflkOVXn9NMirdbMdX1FvdogWYE
2020-10-14T23:28:33.128731143Z 233 gNJcJ8TeU6d5xfPBWrTzcFMVXO9ADefbqmSg4stIMvoXtXmPgF0iJyOOq0uH
2020-10-14T23:28:33.140536602Z 234 yxS0qNstynvGKo7VdPlZ11PANlksEIhkm4LAyAuMuFhozF5YrYcusgpOcBxH
2020-10-14T23:28:33.152204111Z 235 yehdzASSGDxZjB3AZKtTnVbobR0VXzv9IMKzOufgsQiwAE0roEtpdo7Q1q06
2020-10-14T23:28:33.162874184Z 236 ROrVyr5lbYmDZtyA7YLZzAsK3ye9f4egU9XB8xmrbJ9XmyUfiGJae9lGOKrP
2020-10-14T23:28:33.174240333Z 237 2C7MzOxAtNbznmasQTYtDHcFoeJWM4exyBw0PQ6qDVd38t47JbpvWrbN213W
2020-10-14T23:28:33.184831674Z 238 EKpFLFwquHh53j9Up444WEkuOWwqorG9ouNHU06tPfpUYKZdprWLvlXEVIAI
2020-10-14T23:28:33.196480460Z 239 7xNxPqArohcL8helI66TvWtlHvp8KXQS6IhwPLHUSRvfgu3hA6aO84rkLw3H
2020-10-14T23:28:33.208271711Z 240 hK4A0L424bWUzWhFfPwtdpj0KAPM2XoDDwPmBZryYVpDZhxbyVcOocqR7sAM
2020-10-14T23:28:33.219981645Z 241 FznGn7oLzWXzHjr6iMA0DyihGwZfLaZgnnregE3u5Tlw4YgLpIFennuz93SE
2020-10-14T23:28:33.230555562Z 242 Pb1dEIcSFfwfd1qoZHSD2AcaIUrjvhDWO1zp5PSiKayzO0tR2eqrqPQAgJKZ
2020-10-14T23:28:33.241877221Z 243 K5NMJU99kNQ3bhAlikaX1DPcEsdPNAFpOw6emWc03QbTV3ZHAEdiq163u11V
2020-10-14T23:28:33.252913601Z 244 JCJJwI7uc1WZrYo5crxWng3IqDakuGQUp0yRo8W8QJ6ka2wfkeWJWwXSq1Fu
2020-10-14T23:28:33.263933188Z 245 B10vgHM1LKYWWI721avZRzg91o24H1w4Rt0Mw6PFbv6PwggtD3U9Nw6NMSlo
2020-10-14T23:28:33.274693322Z 246 ziR1K9MA86G5eOOYydHVUOWhMWwmSUbihc2hN6jLgJhn6oCxowDdiVbquh97
2020-10-14T23:28:33.285841676Z 247 JdoMTQRH8hw1L9I5WmM0TNcynnyJ2fxIRhsjj9JmRvpLflR7XcyYhWIS3iO2
2020-10-14T23:28:33.297389753Z 248 IltoElKLGu9PQ327tExZSBBq7TFWqU5ewpboHL4IDoUdWd2psaGltrkWYigz
2020-10-14T23:28:33.307766494Z 249 ZnGr2ZdkL6NLQtJDjTa9ZhzRCHN3wuJz7P2H2O1fK49Hwk2ReXV9Qdkphbqw
2020-10-14T23:28:33.318744565Z 250 3e54nW1rilQRDv7xqVS4qqNOW0jS3G0dAGHk7biUZtbNAJec9cerHblkAYIX
2020-10-14T23:28:33.330620320Z 251 uKlpzxvc4crGTXvmiUgqXEtqiS3PXVvwnvmfZFHJ0BF5Z7E8WpaqiugklbGe
2020-10-14T23:28:33.341813737Z 252 xRzKtvWATcCEn9pA5ez4uAQYN7AJhmLmLup2vYlYjhnrBkEzf3CjYjgZQvpR
2020-10-14T23:28:33.353022318Z 253 uJuLlgP8Cjq8fQbLrxnU4eecs2S0jIdLMFVMfmVeir5ZUUjwK0lIRnsSxID0
2020-10-14T23:28:33.364283046Z 254 B7B9f04xhPp8tlxMHh9MrweOH9tseHDjpscowODjFUgjJkeln2LEfTiNLLnl
2020-10-14T23:28:33.375202344Z 255 pUMzHqJBg6tDbnzSCd5a28u3FiUiiG08jRnfnADIAzb2a0b4KANKtOJ2eGHN
2020-10-14T23:28:33.386142515Z 256 pFzQEGRfTrHwVtmULghW5yQQhJAsR5Or5fcH71XKV7sDgBFs9MN7t8EHURWd
2020-10-14T23:28:33.396477503Z 257 xyAvPu4jLt6SxGT0iSarhxiSHUjwNqYQQqSiEyZSAHHJJ2pgN1lDGhlP4UiN
2020-10-14T23:28:33.408050549Z 258 arPP1dZzHyG2Rn71pzMOO2QEWdHy21cx0TiPKqKr4kilXuCsqmh1ytEDXSc5
2020-10-14T23:28:33.418708187Z 259 yRoS5Uak9rc3a0DECIwycx6EiEYkFhcIA8NfWasHzfClXTM2KxtBGNdVjOkK
2020-10-14T23:28:33.430625247Z 260 XuqWO7OqTHc5Wtizt6eeNs1Y4wnDPBG1spJDuCgYDHWKFYCkJgss8lpSPrYl
2020-10-14T23:28:33.442368435Z 261 tUGKkpONAbxPn6c99fbnf0epxewAmioGvPuGpqzMTAEHpZSgOw2h0j6oYpF9
2020-10-14T23:28:33.453408645Z 262 ii54jMBxA3ZcrGdB22K1x3qTNe2zFdn5pJNZIEmeiCuipeCU3jI3UgPYEH1B
2020-10-14T23:28:33.464266690Z 263 ZRHqRR1WSqs8KOieBBGBx8L4Mu7EgIx5YQHv0q3MsidXoLJlCd1B0YsD8OCH
2020-10-14T23:28:33.474773325Z 264 GRGZ6620Nc8Zue443WWgj2i4VRHkEBQxEn3OlWDm3Slg4ktd0JAMz2WpnMrK
2020-10-14T23:28:33.486387383Z 265 gIdp81R5TWCSfvQ4kBZYEv50aBZrIolIDhaCeZGgDCZpsMTEItUd1AM6Ujks
2020-10-14T23:28:33.498507943Z 266 kyvuStM5QOg2Nl2QotaskbOYh6kkWrZOEMR6Sm3rGVN9c2Jd4KJvpTodsfUd
2020-10-14T23:28:33.510440607Z 267 SwNfCKIbva8Mp2U4fiwzpwak768WqOfXGHXYRNG653UUNc1gwTQovtusYruo
2020-10-14T23:28:33.521675345Z 268 criLSUW9QgZQRMU8oTOPNGK3jJwkodYaYmL5RjBtAgQK5fZM2lmrrlcKey1x
2020-10-14T23:28:33.533407778Z 269 kL5aGh8WNeeMGXXMvSOidpagJIT4EHQsLxVhG2mhzJSTz53FHME5gQ9uaJvS
2020-10-14T23:28:33.543860532Z 270 Vg8UmLOLUJ8hpJmVW7JFBY6FaGHUbVTTXzqpT6Lhcue0x0claf0jDaqEDdj7
2020-10-14T23:28:33.555366220Z 271 5RpsCd4BctHuQ74EwemxsmSFbxTbt170NP8beuKHziQOgG9IR98k9ggEDRQ2
2020-10-14T23:28:33.566031413Z 272 KruYjw291EXwlyD6tbjAZuOpY6Kepp64IMMfY9FNIdKmkiS1KlozuRI6q7Ci
2020-10-14T23:28:33.577138403Z 273 PO3E31oLuW1SoRi92tBjhIrHtDu4qS2V0n9x7u5AsO2IVw6sRugBFSJ38vJX
2020-10-14T23:28:33.587818650Z 274 3DyjNRMOKIm0Hqqw0Xp9bSp72WXgrCbSMBgnaVBSx1iBfPSa7AI5kL2Vsvho
2020-10-14T23:28:33.599911741Z 275 y2JoxeXxIyaldinx1whSqVDFIviotFXq04qV2A8se6n3Q0fVPnQD7GnaYRzw
2020-10-14T23:28:33.611242785Z 276 JsNTNKJyY8vAJhlLerWx4xyD8T6L3CoW1RHyHhQSo4nEPeSRbx5bcUMKW7n2
2020-10-14T23:28:33.622549597Z 277 uGP2sQ0DY1Ex27nK4Rl8GNAVUiFdxeAUa6ScHq2f4yy3RluxqZoGQuNUfMwb
2020-10-14T23:28:33.634194739Z 278 Uv4vMgs9r6HUUtl23zTaZnNIeJtQTX7pRm2QYfM0nhZqfWfFoFVjoZwGwlTL
2020-10-14T23:28:33.645135334Z 279 PZV5JiKNZg9gSAaubODLaBGqowAnbWfLoea11Qpixj6SFA72VxBCVXBzXAAW
2020-10-14T23:28:33.655751654Z 280 ALwuB8wcCsKgfU75z9gIHrerJ9Idw5tMcrop2LIVhA28VSWyWa2rRnKwyZxR
2020-10-14T23:28:33.667751624Z 281 csmmB2kNgFMnnNT47BDAmTaT8hOhvnGewWXPUKVXzKGziKzvhyk7Lxm0XIWy
2020-10-14T23:28:33.679122955Z 282 0nBsws4qRJriCY36cOS8coBuMyYIPOmvDvTdrSmuvmTG5w5lUSv2Lrl4PR2G
2020-10-14T23:28:33.690409071Z 283 s8eC74t57ERJm3JlPVWZl53a8QiGVod2rFgFQH1YKtDmLfHD19hO7mScaWcE
2020-10-14T23:28:33.702326729Z 284 yb1ajm1bvM0jI44nVbh3e3FDzh3yt6Mp9XBLZaqRXiwUlaHeYANpdxjS061c
2020-10-14T23:28:33.712899227Z 285 hHdC32oXoJmaHVzyknJQ0vu9xLsCVAI8ZhefJ7C8q2fClzP4QGhuoH321r9t
2020-10-14T23:28:33.723923099Z 286 M5rnZuzyGWEwIve15rHTbriZlUjIm1g5cPTkJXXup3Pdh7JuPzM1ZGbPvztS
2020-10-14T23:28:33.734854502Z 287 CTuBPDvxcoNfBRIayiT7FoTesxsfb6IwxuKq9hJDwgCrjjIX9fNEleiXlBp9
2020-10-14T23:28:33.746368371Z 288 oDH24pubf3aU95IUz1xSAF9zps2wMigHdxoV2w5Nh7I8RSVqLRApL7fO1JgK
2020-10-14T23:28:33.756817116Z 289 ZnuAXE8Dn2BguM5VfmYYT2IvExGq4osBVe3QYal2yGr5jcavivZTUo0a34KO
2020-10-14T23:28:33.767834918Z 290 DHCOT6XxUSx0EfSkR47xSSkF82YpzBivnffZuGXArccrSPALDh67B7gQT4fb
2020-10-14T23:28:33.778761667Z 291 coERjT16Usoqz3fe8gXkZNKHLHmPp6mtAYGt3GI2Dr4B2rMLkSEIzBxl3LRC
2020-10-14T23:28:33.790534439Z 292 EQG9yE0Rc1d1LxgpQjwqeMc47w1qj9DlnwEneqFpEwCZQsdBHKJMC6VX3IIj
2020-10-14T23:28:33.802004859Z 293 VnuLi9PS7kqrWMkrRX4xq1g9Obf0i7irZjY39FdI77LDRpUuoTVMCdpb6M6a
2020-10-14T23:28:33.812863115Z 294 Mi6mY7NrAdhvIKYwrfGwJAGjLBXgqwIC4kgQeVXNzaF3OSJp7skcD6i49r1B
2020-10-14T23:28:33.824510461Z 295 RWGuFIwJ5BhV4Z17xBooQdz58qvmPoGatZ4pdC6I8rYAszoBsQXAAwt35Gws
2020-10-14T23:28:33.836215220Z 296 4btqhu9yz1ycdXpfMmGbrrhnaQEejoFhhQyjkBWBXpPDJ63osYmvutMwj0mr
2020-10-14T23:28:33.846906183Z 297 O1nBPQ4XFUuym0DJAZYrEG1s8ir47PAVLMvoLsxK7Lk5fcZ2Y2akUJutXGOV
2020-10-14T23:28:33.857838228Z 298 NwZMrRwGJZr2y49BNLi7AUdJD0JxpNogS7EiOuKmbsDHlyatlLfG9fotBzRW
2020-10-14T23:28:33.869164577Z 299 NWdPjmyQfHW9OQAHxOqdGV1JsPoxZURPatw4ZuxxyidaodZ68IZ9HfbWBXFm
2020-10-14T23:28:33.879765787Z 300 wnvS0wRQNEYvnfRzaJ2Uxe1QtYHnoPZSBVaIJv3mbAsXr8YFGFv96sFOyFby
2020-10-14T23:28:33.891252565Z 301 3jCdzF5htaaYJmjZsXcyrxyZnpnkbsiKhp4Od07R3qFdtLDILATS8pIiwlC7
2020-10-14T23:28:33.901935097Z 302 qIaESs0XCvu6t3eJEl32VXZLowgCFM8tKodQXrWyriJJPVwr6Z1qEjXlAaZe
2020-10-14T23:28:33.913346642Z 303 uVEeCj1H3CvzLB96Kiifuy4mccvIhV56XWTEFWkOLuMAfCrottNhk3A9nFK9
2020-10-14T23:28:33.924336145Z 304 1mWgcObkpPUgUKWl2FvaHB66e2P1C2PowUfmarhw6rtzn42lI4B3RKCTsVB4
2020-10-14T23:28:33.934950329Z 305 lejSBISDF8s23h0KVyEk1mSq4y6WQW5fYHSfgkyqO2YNhHiQU6Gd8KhZFT2v
2020-10-14T23:28:33.945719899Z 306 ygkxmpTvBG4uFBt37IZjT0NTiveKN33LWUEMFB2FQdQdYAIhzOMC6yCl9drn
2020-10-14T23:28:33.957354725Z 307 GGaTZQpEdUQN1GuYLCXthYeOhB7inzZ6TXkJDiPFxe3V5EA1WzJ0NGfc1vY4
2020-10-14T23:28:33.967926649Z 308 9Yll5jhuK634nDvrrGqerSCFpq1ejTOZXPrKaJ0tMF7KaLgzsqmjifrGkhc4
2020-10-14T23:28:33.979557961Z 309 rKLtSnJvHDrNEVnfuyqEV5dYCd1UAsAElBHTFcSKN3jRZZyuOt91rdrqsCdB
2020-10-14T23:28:33.991446284Z 310 LbdA4ApP3Lh4h2Bj7fxObJCRcGSyS4IoZYZZjVgftTRz1hCCNqVk7W4p03EW
2020-10-14T23:28:34.002288748Z 311 FnamvTPXAxHgigVhaofBG27t278PxyOdadSZPGBLXypv4oJyYWcIPZYSA21L
2020-10-14T23:28:34.012736242Z 312 iA2rdZDU7xD6Pg4m6CYWcb2owpzkNDPHqHpP6VxD5Z1WHKeWPuD6rEeyDEZo
2020-10-14T23:28:34.023643276Z 313 SnGCJKfCcBbuZlPF8TDg99NyQbqywRLt86xi6j6TTJusUsj4YBtOetoy307g
2020-10-14T23:28:34.035243005Z 314 yLJ45dK2oghDslSy0JeBTdt8SjPT4QmX6cqT46zSynk9k2HFTwmQKZTHQvuQ
2020-10-14T23:28:34.045868483Z 315 NKf807clUSonVpvfCaVPfVs9l6KjG6DP7yKVWWQ5ZvBx9l6fUUm6yf0LyYTe
2020-10-14T23:28:34.057625262Z 316 kLdBedJuTU6AhfXJMZnvO8EmRzYKxfckda6FfOrrTQNn1ZeFR19MtwFQOsUv
2020-10-14T23:28:34.069225377Z 317 E5UMtnH9TriSa4tTICgQXp9yCv7rQfOIe0UjX9nHCWE4Ve2XGoOONES7WNbi
2020-10-14T23:28:34.080122058Z 318 Wf2ThadkwGwJIs4JD5kZj9rgmNLThfkcFdDALMQDGrjrU6SDaAvKfFVMtqie
2020-10-14T23:28:34.091001900Z 319 D1cld7r20rjKXnO8K1TOT8PyqvjzxwAoK2n8JF1BVwH5khgAouvk4AGvJHXh
2020-10-14T23:28:34.102624062Z 320 gOo4fY7KY3SOHsSPpxWDbOUxMRQ6XpiB3YSYRVhZUkk47PhNZmIyL9fdAwXZ
2020-10-14T23:28:34.114390307Z 321 DzX6s1wlpBMAhRhbsGN4FV6oUsUoRERXpz6W7tCTzTzykJ6If2dr94Jr3CvS
2020-10-14T23:28:34.124827539Z 322 iuIoHI7Ac9sM67CY0y3lyhUWQxQ6N6d5Grgm1PhB0v67Vi2l7FZSGIrMjwtw
2020-10-14T23:28:34.136387433Z 323 SBRH8Ctvu6facUiIy95VESLZjoIZe486QIV6QctunzdQ6EUf7NKTqligrDR6
2020-10-14T23:28:34.147701956Z 324 wAolIbvP4yyTnKruzXlVHAWAxB7iPy5BrwKbjmuOt7wykBFueYbJTupjJjI2
2020-10-14T23:28:34.159292587Z 325 nWsjre3WRUyYQ6Eo0voY59x1oiI3JLZAvx0KJvGC33fQAf5fnRcNqalLDVnD
2020-10-14T23:28:34.171035631Z 326 nB8xo5dgmG6xRrQhWX0QkbQKa6wZBLTi1nNc0j5ExHiulHRgmiqS7GP7ZAtl
2020-10-14T23:28:34.181786505Z 327 tnJhCzBoyQ5A1msgLxQH0fyavRuZiId3i1mYpvwEN2b2rvAEU4dLJfldPV3T
2020-10-14T23:28:34.193392936Z 328 216Qgo0mfLDZsFdtkcSqkc8Bl72foLfD8SgVipkEW9GXhu8iOp3HnvXeWcXX
2020-10-14T23:28:34.204696573Z 329 SC0nhFoGE8SkklbcVuabmk1tx0LW55eBpvLt2GuS6napk8xwjTlUJ8mkyB4H
2020-10-14T23:28:34.216569086Z 330 f3J7ji8LyTP4GSbOYzVEfdHr3LNDrOavMJ82LVj4oi2zyQe6SgWCE4IxoKEn
2020-10-14T23:28:34.227797742Z 331 a6cIBU5MESM78gxKgleAvJLfMALRpZKJMNtXcvpyq6g3qoiiBakqHdN3pmDY
2020-10-14T23:28:34.238490057Z 332 9ucig8GrcAJmsKA6MZFwzf5dxgRlxBuWvJmFuMOtxLqMuT100FriOf2owxdi
2020-10-14T23:28:34.250233349Z 333 8vx0wpBI9i6Cbf1ZVoLkr0Y0KBnwIkV99WT1ym2FX4OABwSNOopvoxsS2PjP
2020-10-14T23:28:34.260817262Z 334 YNeyIZJSDFxWxNDcOaruCiGj05icxPvTRbjU2aLWS9lo76yRq5RfcrnNT38w
2020-10-14T23:28:34.272641743Z 335 fZRuMgRYzDPIDODOYdUp7Kn3IJQhhJ8rezppqiVWy5lf4Cbno7kBqPJwdIl9
2020-10-14T23:28:34.283809831Z 336 0sUvcF0HHxy7tK57la9GcPCBPo008cQPxewQ3hUXCaJHo2gbJjOWqxuP3wC1
2020-10-14T23:28:34.295078098Z 337 Kug3DYlwiLZmf8lUJqGdETXszMAMvNwqqocbBwONjCkHRPcXt8lvizKXeKZz
2020-10-14T23:28:34.306122156Z 338 mWewlFBh7godrCGQAzvNzfqrMs7E0AyG556Wa6F4YAzByL3lG3g2RayjGJKu
2020-10-14T23:28:34.316758240Z 339 joHxajpGa6UtJeO0MudjvVsqdYCfSEbhumieeSRdL4lb4TrgqFHtLz3qErS9
2020-10-14T23:28:34.328266990Z 340 zezl0Fr9pODnTp56eCdm0FFxVbtjUCb4kjcrQLK3GZhRiCOfn7Dp8LZBjv6j
2020-10-14T23:28:34.338683963Z 341 OoEDOmNZpxZ133mWzHVBO3Edttc1op7245w0k3vQtw0rGJuHSTHOkFIyNHHJ
2020-10-14T23:28:34.350286375Z 342 eSc6DCH0JnJjrbHmQtpJh1EUx6dfwfXbwHoYvsNyuPfL4NepXRzsC908n29y
2020-10-14T23:28:34.362137963Z 343 Js2VT5konyz7wYr4fVKIrCWIePFphLi8bvsxpIbLLqUHzU2FtPxKreKKlPrU
2020-10-14T23:28:34.373691074Z 344 DaJfL5RwGvxpapI1rwyWEWJkLbTz4noXdVDCjBdvrqeO7LMYaqK2wVrJyJwZ
2020-10-14T23:28:34.385244136Z 345 k16mft01LuAtbUivwui2ZW7ePd7tHQ02M5cKaI7yVcIPueHfP1E75GFtK9AQ
2020-10-14T23:28:34.395741558Z 346 gY5zUBEj2MhQP4oK6LYQeAyn0AdnKX9ODsyJn6f1n49mFukzPxzYotPQpWTs
2020-10-14T23:28:34.407271825Z 347 vB6pR1gmuX0fxWmgfuN9ttrmbhQMFkBXvcGi4Y4OM8PMmV99jgPw73x0NkUM
2020-10-14T23:28:34.417659546Z 348 O4UVKBxf4w5Mjxc0My466rpIFliHO8ot8lQ2o3JsooZ86AJ819pDU8r4bcjv
2020-10-14T23:28:34.429465815Z 349 IH3M2kRgAU9f2EiDWC9BCSW3CiwIU2Ed7yqTxWpXbnJZtvufVTlZbo06O0oS
2020-10-14T23:28:34.441033383Z 350 HsjFk1BQ8dHez3oU3vlxDvBGKLsj7zTjuvhjKtMVYPC6eSttHexzJ7vzq51D
2020-10-14T23:28:34.452243720Z 351 Y1bR73FuAYeMoKkVBVSAlCQqrcmwPyEADvdsRQR19YQVyvP3w5kIP9QXu5zo
2020-10-14T23:28:34.463081050Z 352 GH3sBZSypPZkr9kUYORO9fnmLfWQcZ7SuSf4II0tQampoKCX6QM02uCgEsne
2020-10-14T23:28:34.474198031Z 353 b16zXK0wnGoxPnuljpFuTqBZgGSIhbnT2JBilyLH4gmFSKcz3TuQ44L6qPOq
2020-10-14T23:28:34.485581950Z 354 QMn9K7fbNAAHbU6ADDeGgU4qZdzSUJqn6MTJCTRJzZA0AHsx8ptPRRMGa8Vi
2020-10-14T23:28:34.497398007Z 355 BiKyONIZmn0tuNvDf8eVBxHwWUcVlN5QN0LYJIr2mmXWRZAcreL0vEQtso4g
2020-10-14T23:28:34.508596176Z 356 ZzZkOf3dRKqE0jQ8ioVZ9qzaYbHydq45AD4KJ7DbYfx89bkK1Cahyhlncfkc
2020-10-14T23:28:34.519786571Z 357 IL82HhGzaPQVlKkc3utvxgCgQbZqARTYxG9Bi6fKVKGz7zndYthaHOCC0qdv
2020-10-14T23:28:34.531461497Z 358 EIE3n4g7pAWt2njLo2MYX9uXegeESumOwcWPEyu2fQNcGpofpIUJHCuOUnVE
2020-10-14T23:28:34.542389051Z 359 NFGezLoRZQT2eFMeMGYpDSNbwnbmlsdKxW7NKkzuyntg8OH8nXMWQWUYtFLH
2020-10-14T23:28:34.553280704Z 360 rguZ9VEKQoIBqgir5ZQGJZVkKs2lNaUvIqD4EyDsMJ2P8OteoE65o63xmHdc
2020-10-14T23:28:34.564490355Z 361 WUosoLmIreRvrx4GoTCrCNjk9SednGQBcwgFrpJ18S4mZ3S2zyQMBjzr1PKb
2020-10-14T23:28:34.576179292Z 362 lAUKXt9nFw556JJ1kutfiF984bEoodSF3ZxCuw6WFmASaXmgZj0NFdh0jc0W
2020-10-14T23:28:34.587349421Z 363 iBloaqe6nqqPp6fkaOigCZ14K8cmTEuP2AL4bpFvzURMPt63OnOTqC5xIyK6
2020-10-14T23:28:34.598547150Z 364 xaFPxFmPPhLBLx6iCxAixC2cSDGv2FzcPYARg60I1EGnLnuRedr3HmPc5Wwx
2020-10-14T23:28:34.610201819Z 365 5nJraCiCBoiuaYKlVtlDO9XxcSaWb1xCRk0BNMnZ6x45rSBMevVepIdyV2Q4
2020-10-14T23:28:34.620927834Z 366 kxyXDl4YX0NgQ4yGhR08aGPuQ2WcxO9FRnDOB6qLDswSyowY7EFEyORa4pzD
2020-10-14T23:28:34.632610681Z 367 h38BADZl5ttb8eD4VKMb2eCHdclKhYWGMKrTAlHM0UkMzueXQYl8QxUSEjry
2020-10-14T23:28:34.644132302Z 368 8U5T9ZbzliNaPU2qTQEheuPXyVM0VN0XAqWRf0OW6a1aUGCTPFYmc43s2f34
2020-10-14T23:28:34.655942592Z 369 yAcDJ8QGO6BQIGbGmKvP6xqU5iAuenWGKFftdm7ZsrLsmZo1rCZ55NIug421
2020-10-14T23:28:34.666462668Z 370 mREEeRpScTiBbwee4UAu6HfyO7WCihKhlhcFcVkJupMoTnxj0NbHFskPIf4m
2020-10-14T23:28:34.678088697Z 371 taCDmuCkPKUCFIjoJgL22MzKgGx0Xk66m9vth1XSF1g7oYlD8zfsycATH2jB
2020-10-14T23:28:34.688701615Z 372 lO6Vncw8api59kmrTOzSd1665MOejJ8w1f219ttKAgA6xznkUpqeyB91iXQ7
2020-10-14T23:28:34.700286711Z 373 WigML2L9i4DF4W6l9aG7XXv9WKkOvTjrkekYcoSXnHyK0ZMZcFgaMlnIiuoO
2020-10-14T23:28:34.711003623Z 374 k1JJPPepiQXSMubk491SzZc69sIOqK9UkpKPVBSsrQKJQB8kDPzZKXUZvX4D
2020-10-14T23:28:34.722499915Z 375 0QWT6rEGB13a6lLzuAi4Jdu3WE0B8zc0hxPhJUDb2uffE5AoQt6N67hGZrba
2020-10-14T23:28:34.733032593Z 376 GWhbG1STG0vEjVbdx2Nbij43vItVtVAiLBkJJLDFvo3Wl5eB6BnDEIamahMb
2020-10-14T23:28:34.744251024Z 377 BF7DAUiS6zOsqxG9YDwcrlqHgGjkv7wmECX4iNIiLUPDpsDZs85HHYAdDLaZ
2020-10-14T23:28:34.754721779Z 378 wNzeaDPUDPGP87i7NsmLDov3mej2E5wVjHSKNkgFTPljO2tPATnfAVTFZCQF
2020-10-14T23:28:34.766406002Z 379 Iur3dylDDF14q7AenMcVedS8Ie0ZeDgBGlbm4R8MTyRfmbUzh50BlT5DYkJ5
2020-10-14T23:28:34.777689604Z 380 LqpWGkShbpfbXugNqFDHiF4vKH3xUdLDwDWFO7UqAodwn32BxzROZxvHeN0j
2020-10-14T23:28:34.788761345Z 381 6Uw8Ej9lVgvFauDiB2xtjilYCQJaILByswy8cp5CZOK0jUmD1aWB1Dnryjq7
2020-10-14T23:28:34.799848490Z 382 zKkCRzZQV2eno0ssExfAE6Y50yrOu54CgNNK696ZNJsIGhVQhEHWeCbBfoTo
2020-10-14T23:28:34.810906101Z 383 PWzRctWeZXPY7IQEpRwf1sh2mqie0vbNv2SMHWtJMsrIKC1h8wwg3pTzv0BL
2020-10-14T23:28:34.822390486Z 384 JNiilP8aTPxfyWv3cV7TKBBYxX1KNH9fju1nzLFLgXIb6TuJh99MVA93yq5I
2020-10-14T23:28:34.833716685Z 385 6TvkIgHIZFL7F0m4ce0NQrk2LkHidjoCDPx6LdUR3XGZ0RRaXPcFkeUBbf4m
2020-10-14T23:28:34.845289250Z 386 2NdgHwFiLEqQ4aIclgadA6IH33cyOPXidzrdCFkF83JpQhuO9Li8ihNHIgbA
2020-10-14T23:28:34.855775189Z 387 3GiBspr5KNOZ81WV8ZvWUOwMSdwyS955s1FOMEAxqCnXWsbSPanVzNDwkOGy
2020-10-14T23:28:34.867641255Z 388 D3VxUF7KkVhZzz1Uov3ZsMrHsMYFeGoKau0mxbGrFzd59RFgij13IWsQl4wD
2020-10-14T23:28:34.879482164Z 389 csNwQImQ7ir8BWocTCkSstHTlPqlHNJ0g9rQv2fbuI0aUO8vOA3v3JFvS0Xr
2020-10-14T23:28:34.891369175Z 390 lKhXpEZREaTd5v19rEIt1foln0qRzHul1eK0OJvdXTUiKikS4OkgO09r0KOg
2020-10-14T23:28:34.903165196Z 391 26uvIxXvX0fTvYtCAAhcCCAKybhkJqyxceVE45ZeLaN53e1rww5qFjV57fzP
2020-10-14T23:28:34.914228465Z 392 qVV0DjtgLhCvDFTCdtrG6sQ1yAPEWQ9KJTNGmdUcSMJLJSDqBMUMp3xTk6NO
2020-10-14T23:28:34.925077340Z 393 A1skcAomcDlp9CTlbyo6m1cHslvP9MbBvleFBPpVdRdl7aDzhBdivUZR1j3A
2020-10-14T23:28:34.935668040Z 394 fYzLcquYG8WHG6W4sSazfHMyXsyk81kv5r5R2cgUHRFNe5D6xvmqcLlnYapj
2020-10-14T23:28:34.947319169Z 395 1fh6N8icdMUX8zqKaqbKGXyPWMtasHoKUjLkX4QAx14rM6c0GIiUzCbDF3kw
2020-10-14T23:28:34.958027979Z 396 QbJ02IQV2es2MWj4zG0i0PdxIizJGgX0ZLkbjdbX6t8Sm9x6MtIhyUortTnR
2020-10-14T23:28:34.968750515Z 397 1lf343zTFQGT0EpdQOVv0986gL3L8pgE8IWHWF6aY1fShY75kOg1967J9V5w
2020-10-14T23:28:34.980802743Z 398 5Gr9WAczkk8Km21FO0Tcrjrm66jAuCVUwcoV3rEEbVYMaauHJVguFDSUINt8
2020-10-14T23:28:34.992621001Z 399 B5ly9F6yxtfYUpJqJk5UrwlT9b5c1OPPoNzDhQX0dLubQPw47BI5qiTza26Z
2020-10-14T23:28:35.003530232Z 400 eKatthidOkcHH92olWkGneJgondQWCDUcdEDjS6pvtOh2FciexR3WHTToKZQ
2020-10-14T23:28:35.015455974Z 401 cuUKNOHcKz9nppFmfRnLcWxsyOUcJ04IapJItrAi0g8LvCVz5DrCCvUDg3lI
2020-10-14T23:28:35.025919886Z 402 O3B9mIaAJ0Zy8DcKFkzsJAUstlSzRi7R6KYyPGfF5pJ3leoUDi3kPkYD4CgI
2020-10-14T23:28:35.037697441Z 403 ovdiVI79SFzVt1agwXq6NUlljFyza7E9mA51f9tgNbmcicdjqfsPiZyket5h
2020-10-14T23:28:35.050104167Z 404 zVZ1W9p6j0kaGVFCM80cGzmTUKr6v9yko8qpbDZF3YQiun7Qgfe2VPLHtMmX
2020-10-14T23:28:35.061653733Z 405 NdT19Z6ZuSQLl0IGfTPv7FS6mJZnK9poLWWFfxF3Bgq32OJuq3IhB0HoVbeY
2020-10-14T23:28:35.072829074Z 406 v0D87MvZabjAv9d3ISkMHBrMjD8Bs0N3B0695APgWD7QkL65jSMsbmOsxNoy
2020-10-14T23:28:35.083663937Z 407 psdks6hJU3ahR821ocPUzCiHW8ihMfsKFsG6hWF2aYPDTcK6Z3AlD7jyFULk
2020-10-14T23:28:35.095274883Z 408 TjhcGqFVxYH6q5tfgx4v1RUUfIx5J7ephCH87yWYC3oFZlQ3Ni8sTrnXKx4H
2020-10-14T23:28:35.105811628Z 409 BEgAKZVyVM9liRpQYfduugp0MXZ5k0IorP2wO6VDx5nIunKah8OVtrtZCC4o
2020-10-14T23:28:35.117243495Z 410 382QqodDXXGkgkvcs24FjhB0RG98DnOg72gfwIbEJaVREhLRmNvXzcVHB6Iv
2020-10-14T23:28:35.128368517Z 411 kQAveJu52Hj4K6KX15hF5htTVUddGTx75b9h64908u7APeYhWLAb09CeuYti
2020-10-14T23:28:35.139373411Z 412 Czzxog24YmO1S4ve2iP1PidKrbh8Gg9Yyhe8Ld2HF4W1XoP9Jp69sX2zev08
2020-10-14T23:28:35.150532150Z 413 L9LuLkjkAOw5b5kXonSX9hIZMdXn4cDuJ8okbMO2WgK1cjUI3fxFGqAUxoLV
2020-10-14T23:28:35.162310281Z 414 y7KSXMgd5Cvo5300zwU2vsTs6PzPGS7LKBgrsXj0vKqZYUg75SJRdGHK9df7
2020-10-14T23:28:35.174531487Z 415 OBqqJOK4YO3vK8rfUFLD4XMjIbaFCGfofvJuEZCCltq9IXm1mNS9UEN0XW6N
2020-10-14T23:28:35.186233853Z 416 xQFWqZn7N3dG96PzdAHYS0Tkk0fvFE12CZoYQE464IlHteqrYCOJG1vB1Gbc
2020-10-14T23:28:35.198395744Z 417 CvgQcT9YsA2jlkFayvU35E8YCCU6ZtD0YBqtP0bjJjpeQejAaSDo4iW0nh8G
2020-10-14T23:28:35.210194508Z 418 kTIkWraJGwjiYv9llunmIb5bckPQZpbUyOgtLWnRpveMewMJDtBlX8LbsufU
2020-10-14T23:28:35.221197089Z 419 LP1nzbg0nL3LuHpVHLfUOhwHldPSSVTpZrvfTZCS4Wzpy4kciQaVFD92K73i
2020-10-14T23:28:35.232190330Z 420 AXCjGb9O5HaSNDMIbnMLNrGJzjE38Po4tSl0ZvmyPMkdIb9lXRc0mEud5SfH
2020-10-14T23:28:35.243171955Z 421 s47bGErGGxlQ9CWINqc7yEC87TMdb5RdRojmyBhn7wsLH5nKJIG365lq0yN9
2020-10-14T23:28:35.253885935Z 422 tY6ZL8pmquQHIYvZCh5cximcZ8J4nCafqz0TW4GhBLdQEWK45zqSof8rJCwZ
2020-10-14T23:28:35.264640292Z 423 EK5uIF3RzLS54UCU5ehfD92w7XRXXjmwKFItaK9Pe9Pd9uXK469ACN1XGR9s
2020-10-14T23:28:35.276272198Z 424 nC6IQRN2ce4DgcbRtVinWJ1MJ93iaAH85pV7xt1gYszGgODuQxckgw9cQ0C5
2020-10-14T23:28:35.286823806Z 425 6SybgM2HuugU44kYpE2DuHvIeSwf6I5BB66VPjgn7tgaJ6wt5Wfq8SEF8aP4
2020-10-14T23:28:35.298054417Z 426 7Q5nkkErG8c7UQVAo2CSJu9P6EiEpro5yWx8H1bOOPr2sPQP4OJAHJh6eJ3z
2020-10-14T23:28:35.308976075Z 427 c9jFVxsLZCfl5Ollqz3kKIxfmOgYuEPKRmq43EbjohbyBkT86wHcnPvowvuA
2020-10-14T23:28:35.319953047Z 428 LW3VGzBLGfvPGUTXgGcEfdGXE6LInZOfBypLZELUIDdEkHmrsQDeVb1emwM4
2020-10-14T23:28:35.330844686Z 429 jajGtZKPwA1vXU5NUs00Z7foAa2Yr0rdAxWU0lczpNe8v7LIQQOAEjppzRMw
2020-10-14T23:28:35.342114353Z 430 73BbKBVHotb6eJ0AZhRoDzTzVSqdtZa7krRwB9L5pas9B8uQu7ubjYUeL15Z
2020-10-14T23:28:35.353098920Z 431 o9LjpMr9JEBk2SnjsKEh9tLiiRbFfFJSSaddMKO9hoJwQ3YkQAcyutonK5OG
2020-10-14T23:28:35.363769271Z 432 Uf7YC9c6SxAES65SPq39sCGHTQK0ENRuUbRQe6Kyfn95M8p4osRI3adtIFKH
2020-10-14T23:28:35.375500788Z 433 0qciJvLlQuyUukPvWKe9hg38X3oocIqZjoWSclvB6QZWwh61dl6QuyGnHYfm
2020-10-14T23:28:35.385987932Z 434 UxqBX1W4XYguiEDI57F8LoLE1bNF9SyPIyr4jiZLD3Tmyp3MS9cIYhNTgnTx
2020-10-14T23:28:35.397473092Z 435 ruaKOpUUvpQxGjXfZtCE6mUtzJjCEDTM5GgaqPFy7iFsw9I3I5sFT60141Fe
2020-10-14T23:28:35.408835779Z 436 qZLJJOh8BQYpD7TSsIxKSCkLx6SItPKXAMBtEjYOPujUpwhlAXIb2y3Yo1a1
2020-10-14T23:28:35.420663948Z 437 nUM6LSfdAD8yJYtjjo49Ldvpg8qNz18MjNrq7QUAFs3B4KvNOkHZ4dNjxYZ3
2020-10-14T23:28:35.432540865Z 438 dkk0pNIoeIQqwSneMqXuMVeHYtnzP1DdWhrJFcD1ZOH9TdleoJPVOoff106L
2020-10-14T23:28:35.444617239Z 439 2U5csd1Bxduv6dsd7UoJHbaKlG1jSqDqARfpaEVX0kECWVlzqYvEfN3DIwC0
2020-10-14T23:28:35.456704556Z 440 G21Z2aFpNtbphHRbOde3D2OjpKjOKVom5DV0QdKYUswpEJltmLYT85WqWQIB
2020-10-14T23:28:35.467989011Z 441 rGTBChAcB9QmDz5R1jyEJ3dH1wrhiuToMhxroDyzgnQM3K8QRDlyb3MEYjjX
2020-10-14T23:28:35.478520424Z 442 MiDxbBsjCqhijUihabLkflbHiYg3BGJ1LakDWpiXsYazQCEYzg7FOV094mQS
2020-10-14T23:28:35.489992820Z 443 OFOWgngmEh7OtDielVcq2319tOyX2UAL8JIQ75M5seGY8RbKN1WWHIcgOXKg
2020-10-14T23:28:35.500836554Z 444 xkRDPftY3mXzMrfdn97RZ37X4lD3ORfK3dV1lx1aQ3gHKTUbwKn1f3eC78XI
2020-10-14T23:28:35.512498941Z 445 lX6dUrn7EdDcm6vA1qx3uPk6UBNyUp3PFQQNguMFX7tQO5uEyUiEoW8oGXIM
2020-10-14T23:28:35.523625555Z 446 vrmJedgHstRlDVLq9b3rHZgIrOG02tGX51eAKjpQqOllwkFqXk7BGta1wmLv
2020-10-14T23:28:35.535032189Z 447 O5ezY0lGmAUzmKCqwLvKMBKHZ5RoFJnArbOGGNsdJzgWzWq9un95gwITJTD0
2020-10-14T23:28:35.545771565Z 448 F5PrsQstIW40iMHqqgeML3kQh83ZsSY1ih09YSWFCNtw6OxsTy02iC30QdrH
2020-10-14T23:28:35.557317296Z 449 mOiec4qVRbMuQLy7A9Bj6X4kKSW9qBeKfS9PCKcA3XseLpJ4UeMjbCY4EsBa
2020-10-14T23:28:35.568000729Z 450 WwQHHYmEyj4uO7RCqBmAm7GsNLu3nsO9ZuhMasl6I0lULzCyIps92yXXBHWN
2020-10-14T23:28:35.579234061Z 451 QXC20suNeKxmL37OqeGotN9lLrfp8BtAWOsbdXkBFUu8BIV0kVP1QVHJS7iX
2020-10-14T23:28:35.590397142Z 452 2rKjYYT4IylR6dtuf04j5nYZ4fUeIroZ5m1AEkkrk7WbYaM4GSI6v4C7Lzni
2020-10-14T23:28:35.602435889Z 453 w9RsK0LecqGQ4qd8ex0yKXf4l5G7m2qLVXvbezBPAftH6HkkHQtdOKtVv684
2020-10-14T23:28:35.614099753Z 454 L7kC6BB21HbILLi2CMseFoi27MHvfrlR55kYIZUgGx0aXu0pySGkwfNiBZ0m
2020-10-14T23:28:35.624965005Z 455 BnsB6MxsPIVkUwxb9HwjNsHYOaOUYJg2TIf7DOKW8mhIrX2L1B3kB4BiClo5
2020-10-14T23:28:35.636010754Z 456 7mODdZxvQFYmAvhnlLVCa0UkBvpdwjpQK33kLz6tLBZES4nSR9NhJzchoGmQ
2020-10-14T23:28:35.646504772Z 457 QDqTmIYI265iXc7asIAVWGUTecRMeWrt2jbfNbgNoU14Ueh8J9af6DArx0Tv
2020-10-14T23:28:35.658074453Z 458 9GWTMZ0oM2fNrT5cHIV7FlBisKYeOsYKFztbDQaAddRvuQEwnpQ82lqTpahZ
2020-10-14T23:28:35.669283530Z 459 zjRoyOKruQPCHO3FDewMI2OHt8rfXXMXxePqokeinBsChFmYpsLJNgLM7Rep
2020-10-14T23:28:35.680925283Z 460 THp6wm4XWBOoGO8VQ4fbubyfn2yELTVZ4mUT3UhCEnMyvFVc4MxH2rlJhEHs
2020-10-14T23:28:35.691847415Z 461 J6qrT65JdzYaHuzhZRokx75XhvE2A37gUA6pMNaA6kBC0vLswwPafurmqkYP
2020-10-14T23:28:35.703191987Z 462 mX7E1WFUWOygCzZ2Lu7DXcc2CfTHVoc4hSCsdO6Ykjcps82jg6iAcGvnOBfa
2020-10-14T23:28:35.714365958Z 463 4rzlamDlJN7Gz8skMWNC3UW41AL8AZwc0c1uIJYiiaw1dt684iurnsp3k9H4
2020-10-14T23:28:35.725080673Z 464 kK7A5VWIDsFSblMRcW63CzEvMqaMULNgOtb0LynLPo0BXKvV6psTU1MaYN7c
2020-10-14T23:28:35.735587042Z 465 S1aLGeM1u4Nsk4v3UKSqW3S6hWE6eNTsmjoSCrAgK2OrZ413kG2SsVolQi4s
2020-10-14T23:28:35.747448370Z 466 ekbmZ172tKfC4EUAdmBm2qu7xDL4qo9nJGYgIkBVbxgVzWQNev0O7V7IOrjR
2020-10-14T23:28:35.759370100Z 467 kbsTkRaoFdgC4fXA6zH3qefwAgjPaj4Fz4EuVYePRDLuTI8jF690TlXVujnX
2020-10-14T23:28:35.770038985Z 468 F18zT1lQs4jUbodrlLmNCVgNpG6TXfMpbxlyNYHHGbOBas7uZHPFaiZMeFlr
2020-10-14T23:28:35.781537122Z 469 ys0Mshk4N9sf768YXo5A6e47E3zvFg7TsDywuWyeNPUsO967CWzBtBV7ERA6
2020-10-14T23:28:35.792717924Z 470 sc3Nfu6nyD8XmAP6c5ZYApk82VW6HvwY5cTN2XtjuZVKNjc5NXAl7VKu7mCY
2020-10-14T23:28:35.803668675Z 471 v0WNR7M5DprAo2CuAVX1Bu0FlzBcR8XKj54EChysx8EKZ5DyeZzLG3wsYiDH
2020-10-14T23:28:35.815321018Z 472 BAd7KhTvl265EdbUY4ub6xko7CgD32lUC4jcvVf3kD3BZTPBg4Fl7XHZaWlP
2020-10-14T23:28:35.826083163Z 473 fLsvAX0O7LzkYYS1rC6OPMo6k5HyoC2jVGkdElgxMx1eqmbreWFofsBpAO1E
2020-10-14T23:28:35.837035387Z 474 IBqGSVhOSALHCwQErRdZvLDfL29h9SMywpdmlmTNoWs7xmCQkztrwXwV2Vwm
2020-10-14T23:28:35.848343265Z 475 ScPCbWBaMCwsVi3USbF6QgdhqMViaMorSXKhWYGcvSYXGg26cMm91erY7K9N
2020-10-14T23:28:35.859331703Z 476 8SWMJFhDpAMEVdHJxmHynX4FyC0YUXHtd6fA2HgOetjEBg1KleCMVeC3rcUO
2020-10-14T23:28:35.870040940Z 477 cFl0dPqTLSQsz35HYvBDd4y6rGO2X0vMVC55WUreJrHgEMhQHeRIuGTffeke
2020-10-14T23:28:35.880817391Z 478 cCuKwS4zObEMBCx4V4HeRCvATshHY7SPImf4ITqnZHyIotpA3pZQlbIpkmdz
2020-10-14T23:28:35.891592161Z 479 RntiKgRXSruReE2ESVFqkaDpbUvyhHV84hygAuX6HrwvOan5lOXKeOWhY4hg
2020-10-14T23:28:35.903340406Z 480 ZiO3oTsyGjqC3HMD7Fl1rAtejyYqnVHVkggxVRbkUHbhI76DFqV2C8M2nxpS
2020-10-14T23:28:35.914697936Z 481 3igA0B8sScniQ6k22p4jh7yh61EIuLmxRkkBwvkpJgmPwJCCXOE8IlpiAuyM
2020-10-14T23:28:35.926833677Z 482 GHE9OozYr6ztyoNim0VwdblyfrFjBW5y5kfaSWhZb2GUgxT8m16MzhLEJZy2
2020-10-14T23:28:35.938130685Z 483 ENLsPSmPSs2jGejmVSqzHNbDzmjUCh87ohmGLaGNieJDrAQt5wQK9mU3F5Ch
2020-10-14T23:28:35.948818442Z 484 LBNcRF7CGqRbtKA0HIkgkak5gETYlJdaweDoyRsnQllUs6s1FTVBHar9Ntqi
2020-10-14T23:28:35.960524110Z 485 yISgLL7kC1DbsEF5EluggdWv0UgTJXHc8rYnoYy4QE6nDryHjal1KpGzmJ1q
2020-10-14T23:28:35.972141333Z 486 qLSrhElu6kCK4YwLlYwziyxic3q7fFVqUQyxyiyynirqqD2H0A5xzsGLCuGz
2020-10-14T23:28:35.982591569Z 487 65f0mQ5hWwAvyBjOAyBMZox5E1Je87LXPOUk0X5joVemq3vSlKzloCwNV6GI
2020-10-14T23:28:35.993946979Z 488 osIE6tbnc5QyFf42PwwTfgF8yckY6a6cDx7o60jIC6rUdV23iDhIKI3bTlnW
2020-10-14T23:28:36.005547046Z 489 pEiis8L4Zvl7SDb3rhtS0px8V7wj13Ezk2MaIGqTF333LYgc4Ppoywp1S1Ug
2020-10-14T23:28:36.017259270Z 490 IrIZxLeIP7Zy2EhX8co7EYsy8dhJREUffm9tcal3uclgFqSiBKB5afwe5Q2m
2020-10-14T23:28:36.028429244Z 491 oxLnnCTYMp47x28KnxDlb8ufBNLrglvBU0DUyZs1Ckj7I5tQjloe2gQ1cBCJ
2020-10-14T23:28:36.039509758Z 492 MAvN64e6RcGeRfLOiMBGWSzX2cvyarHEbEiStIKs9gJNt1FX5Is2OwQcnHdw
2020-10-14T23:28:36.050294387Z 493 dMgUeVhzC7yEVKSzcJpu6RirFerSVFqp968os77XWwcCYHR7s9FgdU0L2MnM
2020-10-14T23:28:36.060639565Z 494 E8bqqEhf0sjlRhpTue0iKOaesr1Oil4UI7WeYUucgNKfa8swA09xdC3vxRsf
2020-10-14T23:28:36.072156754Z 495 G437LSQH8QnUYODobln4ZwFCdEASFf6a0djV35x8FrUwWlOumCk74YDOrbPT
2020-10-14T23:28:36.082743057Z 496 DK3P6S5EItf041soELD9U1fc33d4OFjBRqpKHsPx8w0hTfZHeEGQwxFVeOXs
2020-10-14T23:28:36.094251446Z 497 wLAgAI3Mxvo54jFIxXapZPu1FnpmmknLn8xGLYKrHYFSIYnSsY13AyNyMuwT
2020-10-14T23:28:36.105459719Z 498 gFD95x1B0KibFEC0IVXft9dWgrMtzqncqxfQF5bBIwGlrfOsmGRUuXtyx4ho
2020-10-14T23:28:36.115933586Z 499 eOq35ZVc8fGqrpE6cCSEQ9MfIG5NVD7cMqsRncuGKXNODj4Atkode1bB7PS8
2020-10-14T23:28:36.126562523Z 500 V8aw1unH5mzMsBuJku2T9mxBAdxT2tsjgbNaO8Rtr7508GlqIjHrsL1In97y
2020-10-14T23:28:36.138469867Z 501 2JAcf5msvuhIGqldkHIimvBUmV5pxI3EoWOHmmM4WoHUHROuWldw2jN06zm4
2020-10-14T23:28:36.149956589Z 502 b7jAAXsPzRZ2WgfJslOUfQUinaxnvMsI8fp4v3qZzhbq1iUvtvcrYJxmgSvX
2020-10-14T23:28:36.161487504Z 503 Nneql4BttRktszvEbh5ixbwI01MMUVYqJcUBab8Vjw3Z4e4cu5FXKyIE268y
2020-10-14T23:28:36.173118684Z 504 CuC72IEhfVk8XTiZTzFkmtxTtEArr7Rj91leDrEv5c1YimSn3u4CKTVVDeVR
2020-10-14T23:28:36.184064238Z 505 DTepoNM2NHVyHl7xs5SVm8A1xwJbNbrUPiqEF9adZLSifFgXo9YfuQejDsop
2020-10-14T23:28:36.194758849Z 506 jz1F2cUlEb2xixUsSDV0MjP6RBHpHlT63RLv1qqn4XvTHrHXNU3STeH2qMqG
2020-10-14T23:28:36.206482893Z 507 HVzn2SNZws89mSNRf9jmmONQ5pZbM1LopA6sxG27TlTJeFj4XJdzLpRNJtbV
2020-10-14T23:28:36.218064217Z 508 Ryp3glCJsbI4UmzGIObPDXm2raznjXymSNUoYf0yxsoENfT59hpeMAR1kFhC
2020-10-14T23:28:36.229154809Z 509 9lxDof7hCXyBAoFqHszSs6hO0CzX2HClN7U4X5IvSyHHUD6SJAHiJ2kZkEmQ
2020-10-14T23:28:36.240591623Z 510 WVnqoIv7kwzKRTY3eYgeoWqIhjshsMM37yyjKXsBLBgaFmJnn6wdyuq9H6tw
2020-10-14T23:28:36.252235785Z 511 8TlcLnikVefHt9ZxdWQRFGhaB4cWSVZqOZVRWH9ZVz8dF1C7RpbVZYVNdJLx
2020-10-14T23:28:36.263535429Z 512 w607J6GM0qeg2LhQUSSRBQUHJ8NQxjaIjexmGKXbSdXmiT5xeyohI0Yk7bEe
2020-10-14T23:28:36.275420160Z 513 op3pLKswPmkYYcbWI6UA2PXVXr9JxI9LN46wqUHOvAGY60uvployLs6sIvmW
2020-10-14T23:28:36.285877866Z 514 VxbiHJOnw6L5GrfqGc4dlWAMIKbef2bR0MEyV9XgCsKpZdO10lHoe1KMMILa
2020-10-14T23:28:36.297365583Z 515 kPK9taYIRwOR0JSWAz2nAgHRcPLb2JHoGfyoKdUP9SGel12yXXuEyaT98J2w
2020-10-14T23:28:36.308650795Z 516 wCvQ8sqsmgkA3dfLxxMIPzUtQEw9huUfxPx7DgaCK4iKy1Yps8jPd8rJZs2f
2020-10-14T23:28:36.320106905Z 517 H9qsYr0N0gXTmV2yP3M7v9RdkYrix9dAnfPfz13i3Az6t7I3BFHwTBqT1D1X
2020-10-14T23:28:36.330718593Z 518 wndFyAqbhsoA5XhvlLVoVWCsiMHo8nFyBiVNhXrPPp1IqiL9orloS0n9CcJ1
2020-10-14T23:28:36.342352587Z 519 BXaPKPwtcoGskhw34WwX4UFd5wFt9l4hj4ufBUb2P1hDIwm253ekElE4RLRl
2020-10-14T23:28:36.352870287Z 520 n5gpaGvULu9F72M7fKF16aja8cVeVfqfMinO6IeO19ifd3kXRZqSD7nobkxi
2020-10-14T23:28:36.364690344Z 521 ZeiKnHg4kWIoKZXVqfQsgNCMWX0ijZe1bgSDMJLvv17up9OQJVy2hQHbS6p2
2020-10-14T23:28:36.376468498Z 522 jbIdegrFG4Hc31ly6OAYDejs2hZ8cY8Gtx334QByQnLv8jhZAaIJgRD7dgyo
2020-10-14T23:28:36.388125858Z 523 6noMAo8Cy8yElVd4MgvSI5WKJtgieeWQ9zR82RBe1NFQaMKlXyADuL1kuVUF
2020-10-14T23:28:36.399194724Z 524 mMfXUtObiQK9ArvblzwiBAMAma1VrYrJY0KCV86mSO3Khw1NPCOzdYKYgJhr
2020-10-14T23:28:36.409902076Z 525 5Wr1DFB6s0MQ69200edVzISnwuXjLX6i2O2dS71goU2IrUmVmt3vUaxVXMTC
2020-10-14T23:28:36.421498612Z 526 pg2r6es664f1gzQheUtvjYkkdFsKAAMNpZ0eeYVfuCMHM0dEIVbg6wJi9y9E
2020-10-14T23:28:36.433253086Z 527 VJxkSoWRF4R3jrqDQO9ChC4KDGIE0OP2n7RqDIxCGd9NGJHj3WjoLDYfXeZe
2020-10-14T23:28:36.443846232Z 528 McI8ZK8jGzezWusTRjbava0WqzStibhe8lf4QS6EAhvqn5QL7IPRBIyH0lM1
2020-10-14T23:28:36.454917561Z 529 mC0R1AiBtUQK518JmHUf66RFucPZbzhZVf2h8L9LimPzCriCQW30gYKt3NpH
2020-10-14T23:28:36.466692756Z 530 v6AMi3s8hrcxUpxqRVfifDjfERZYtcfnlS1pDivAP5Oyk6HRvHDyy1x7Pnqv
2020-10-14T23:28:36.477496549Z 531 24LRvlal6MnGMRUPIh8ZDs6ReqVj6Yte7f9oxWEkYHnH1vXsGFm1FeCZmjUP
2020-10-14T23:28:36.489381822Z 532 yaLMthQ3l6vrKRHiwTBuQ52IZ4jzLh3EvAQgBmMzrLf2uDddxjHjLmk0wMd6
2020-10-14T23:28:36.499853372Z 533 c9BAF5vQnIiqe5M6cLD2IrwmV6XgxR4PJGxsyhdFIBLZF09bVhGLI3nBcH66
2020-10-14T23:28:36.511472585Z 534 NXHSAQimEgS0sJrWt50xvBg8C4eo2VkuXaAiYxbyoon1ZnVihS3HMLkZ3dmg
2020-10-14T23:28:36.521597494Z 535 Qw1ldrqhdK7NTkfdlQmuSaoqCGPc8pW9glkyl9bTdpMy6DWR6XtcN8AYDaZG
2020-10-14T23:28:36.533207132Z 536 Pex6l0I8A05dfWI4MBw4QLUmG9I3V2O6JotzyJaFbBy9zw8LV1HEA8IAO16c
2020-10-14T23:28:36.543769048Z 537 3YoI87LPQSnBRwobvT0s60R9hAmpmzR28E8EiGJWt2lDBMbhz0K0u44AHDLG
2020-10-14T23:28:36.555880426Z 538 HvZUXMEGN4SDStpDsP3KGbilSlczyDEgTevD8aI0ltk3DevxaUTQFSQWBAmI
2020-10-14T23:28:36.566730142Z 539 n8ZX9prsqXrAm5hbBaBANL7rWKlGXyVXXTeJkzy558Fu7S5XwP7bnkansI00
2020-10-14T23:28:36.578765507Z 540 PHSm8FMztnPKRhraCTmNTuUkd2FGrtE4B7DsTefjq8X27oju3753VhRI7WDX
2020-10-14T23:28:36.590333032Z 541 yW8qvBeXGpWF6znBrUIXIGGTMAdUzdixGwEZpjEiQ1ENrHwj1DnuZxOAHGBJ
2020-10-14T23:28:36.600813562Z 542 lhT5XxFqwq0iWXvs8nkt9lNbjak6a5PfjlvXrua2x2v6KuhKUrt0dgAv8JQb
2020-10-14T23:28:36.611763669Z 543 Vn98r6oBs0VCVUNKME9UFX563Kh2IItzHjJ2pCSqK2gfZ5jt5Sr3Fx1vdocP
2020-10-14T23:28:36.623475600Z 544 zckzkAAXTebmDtje3aoNnEs90vpPQc7SDM476DBE5d3MgK2u0KYcml9GskIU
2020-10-14T23:28:36.635194934Z 545 rIOvTMPPhlU5P3srMOToJFikaLOcVU6zTV6xa6RfluJW0eFhHWLWYys7AGie
2020-10-14T23:28:36.646022918Z 546 BANiMFuFs0U6CnshyTy2w4sJHSRg6iAsw4fSC9j9dtmgs3K93UO73uRd2Fa6
2020-10-14T23:28:36.656974208Z 547 2dcykV7B7846PCGnJJorYqvI6JrpF34SsDsVunnmqxqnmAv6zYuqnjdoglMk
2020-10-14T23:28:36.668426504Z 548 PDYIayeZNycKGReH02N2HCR8SakvDz0HL3nPj8bMP0xS0v6ncqsivCUlkaEe
2020-10-14T23:28:36.680247785Z 549 FrYX3zNNbSVmuJ7UttSwMjlCFT2F2hjrN486GJjFqdDv3idXPkyyB63dIy6x
2020-10-14T23:28:36.690975921Z 550 QYiLybe90uE6uQZTSXLe1RSJ6EcsBYOrvYNoG3dxg0IjK3wOn29Msk22QgPi
2020-10-14T23:28:36.702776219Z 551 lzWqLdWAtTSxYsUK3g1hZOr7mESqogM9xIZ9Jt81RENynrRESsDytkbxUm2s
2020-10-14T23:28:36.714020223Z 552 UnR2dZeWVMzIj6k3UGkpPOAWtChYBctSuhDbnHu3hdQMmiHASdez20LojTS3
2020-10-14T23:28:36.725161389Z 553 tu08UK6YHKBm91cGcs19j4w8sJCJ1eS9Tzem9CsiQ66Z1rr0TWsFs24Pr4tT
2020-10-14T23:28:36.735706050Z 554 AauWuvwmAMAWWFcjI8J9M2csLTNGtlKaNl99nr6UXJN9zf47wwUkowI8lmHf
2020-10-14T23:28:36.747256365Z 555 hzpSDX7AVv292BhRgrXwSIkvsA7f1XeWsTSCjVEo7AVFPUHXZedZEhd6rOie
2020-10-14T23:28:36.758614325Z 556 K5meb6mfVLbBbLGYWrIwmpqfdqzzWw3B02yfttlcGsBnhXr94ubZd01BXTED
2020-10-14T23:28:36.770745452Z 557 3jDbLSZYhsX7sUcFPE5m8iPsomvUlgR8V9SVwuU5EisjHBvJW1eeX7zoLUld
2020-10-14T23:28:36.782297292Z 558 kZNIIbBsuS2wmeUF5KteaYnNTPgZC3GPvFgi1JNAYPxxLWUMIOHPbyrk849G
2020-10-14T23:28:36.792708741Z 559 xFZzUaBDmoqwL8e3HnNYJ4SmPBi7w5XgO9ne4bOmu2ZVlfMi6w8kpA8N7Mgp
2020-10-14T23:28:36.803770805Z 560 sOu4iea8DZDYR6Mc4j0etLwbeufXKZXVYoWm11XEc4lCXopjU6bpjXRiEPsP
2020-10-14T23:28:36.815507172Z 561 gpD8hdeN85LfVyJz8mre8bLUciZdDd32qtutur7T3ghCUPcztrOTm2JqLdba
2020-10-14T23:28:36.827204824Z 562 3ctHJflY69EAiVTZCEbjy8SD99gjPQHv53o4wTsJTo8IytkSw4VaLjBcYuPv
2020-10-14T23:28:36.837907240Z 563 OXESTm0uBtxgH1riAXMBsdGRrtilgIgjc3Sq9JmVE7uWObsxMoHtCMmIU8q7
2020-10-14T23:28:36.848766653Z 564 bNVVjaKRVz7DE6OtkOS81b4q9HZBLE1I0YXYlVfeUxB9Z1ubnwVh2gjTZg76
2020-10-14T23:28:36.860279199Z 565 a6GbHUdWeFGe4aeXoxgw2DvGZ2EBLgSqoNEo63azfh59xIodtH3h3ffksFvg
2020-10-14T23:28:36.870629605Z 566 bevJtDRl4gY7EcHOFHHE0YS4Uc57WPgPX8inED6LaXuVMiLmk44Gvy6avFjQ
2020-10-14T23:28:36.882241740Z 567 JMp0D8WsErTyuBMv4Ejw288j9zyRBlYa2GkZbV8DDrPfkVuOa0lpuQ4C427o
2020-10-14T23:28:36.893311568Z 568 huLgvBV6EYkhzCgsc0X4V0VuUqNIY91tSbfXT35W2PiEZFNAGY54D377jndM
2020-10-14T23:28:36.904277794Z 569 1QttXM7k4s5r6hNb1AXmkRSNsjlpNPUuZOFRBpLjE09CQlobPBVFsgonJzvS
2020-10-14T23:28:36.914907037Z 570 hrXIv44sYjyulnjZlesglCDwLzgLH17IyJ8Aw4MHwWp4FmV2zQrZoTn9fN8Q
2020-10-14T23:28:36.926531841Z 571 skg8LdDYCoISWbnosYv37NRQvzsa8KV7gBxi0wesEkBJvHFHhT2xy6jy138w
2020-10-14T23:28:36.937779540Z 572 Q57Gqw836fHEnSPXNvf8bl1U5zv400cZKmpjYQNNmoR2pq8JeLjMfP7ML7Lp
2020-10-14T23:28:36.949435969Z 573 onGYPMt4hkJRJD712Pbup04SsRzjBMd3hswY4VddWOQv0O3XHcjfu0dWCcOV
2020-10-14T23:28:36.960171880Z 574 TYs8fRfgCYBZ1IIHAypIksu71M5ulYxjQ04eZn5zj48UchcoSOVW3JaMb2pr
2020-10-14T23:28:36.971480502Z 575 mGDhvFrt4HEMyaNptiTRXy5TS61pGoUxQlKvMQv7gV4IP8JKRa3dgwBFAipp
2020-10-14T23:28:36.982044571Z 576 E6HYR15T3CcJGYSQxmH5YA68dMseWiD0IhNcPWrqh3oqr1vUi4rgjIfJUjPx
2020-10-14T23:28:36.992722551Z 577 lrxD7ynzoAj6F93d0zde1JNqXHPSsiUPbqdFLdltlQB0RjoeSh3ye40E8HAV
2020-10-14T23:28:37.004345176Z 578 JP6wPHCFLfzMIJMWMPbSchHJtm0745CKYaAjLyLTaaByHthY6Xlc2wkr4uZX
2020-10-14T23:28:37.014898258Z 579 GMl8kokaZHrezMoTxsNL9x255JtWao34but7hxmcfzrVaDEWBcormRt5Xr74
2020-10-14T23:28:37.025904270Z 580 mt7e6ht15oViWxiFGebqvtl9qxwStLfkmXXseLI7hCe9TnrjcdRs4bP9IUWv
2020-10-14T23:28:37.037536360Z 581 thENQP5zOU4PmM8MNPZcbiXOLzon9O1WHBVDXmdapbi9ezRMBm7OsatqzSNT
2020-10-14T23:28:37.049427974Z 582 KJKsr7nrPiyqZIvaAF056HyfG9npSLfBtOwwwJpwSmYNPSJ4FQPcSinqzZDo
2020-10-14T23:28:37.060545050Z 583 NnSOJBNt8smahRsi3rMemhHvE3VcboT6NVsfxnia23rss1qtMWyYQU9jWYmy
2020-10-14T23:28:37.071589168Z 584 lM2HRRky523HCVFBAjlJgyNh94p0Bidk4CYgP1x903kkMVBZDPWhWH8LZ2l0
2020-10-14T23:28:37.083215156Z 585 reHU6D5ucRBG0ZVb6d679wUFxjlqZKfiltPbeWh025E085deK1QnicYiXzae
2020-10-14T23:28:37.093709390Z 586 EYSWHPzuRrsCjqaPOtNvQqQGpEMIxjomPUtlzX8LRlJASFWxMKclXWynv8ma
2020-10-14T23:28:37.105419554Z 587 7ZcTowDqXjrZSu9q5Vnat8E8aR5NG0UBza9NMuzyS3iPWqTGbcD9lY5zLGgt
2020-10-14T23:28:37.115916680Z 588 83odweMCySMJgLhk7lelXKPQ8OeJOx2r9i3LKgOG1UDeV1xfemcIijOf3O7C
2020-10-14T23:28:37.127443391Z 589 rg8JV8YwIleNaJwMEwc7djlVpUhg1bC49BvHckastZwFXzEIyv9A2VgcPuyG
2020-10-14T23:28:37.139088570Z 590 csnJsUTdZTMSdmRJMHMFWWt3HMacemuvCPG77SeRHWI77aezcCDEwmHp0ARL
2020-10-14T23:28:37.149751755Z 591 bcSs3YvSdxV8cDjTmjgpUHwpXwRpVbsnzdKFIDrjBgNl3QW1GfyP4P5vlMp2
2020-10-14T23:28:37.160758010Z 592 raXJL7S024OY3g8hTqH1lsrrSMEQQOvpA23wDiIFGUx4wHKyYFhBpdf927FY
2020-10-14T23:28:37.172440650Z 593 xiGU5qoGMtYySivKnewJ08Se7IR1tEOoc87u0iENb77LutBdcE0X7lJfNYyt
2020-10-14T23:28:37.184031729Z 594 RkxqFdwRQHMLAvnkYncKI36R7p5Np2mNCeYlB2TfVf6IB7yw4lmALdZJQ4rq
2020-10-14T23:28:37.195391387Z 595 vnreVcgLfTvUcB435OXQv2RMGDuuY4N9Q9KfC9oPmgbjivjDCEIhhT7VciHi
2020-10-14T23:28:37.206939347Z 596 QpliSQl5XEBunSmCOWtHimXjoRv93q2pgYC4AA2xlcuHfL8hxRu4n0c2F1aS
2020-10-14T23:28:37.218632747Z 597 gJVDKP5QBtEMsmNGsylWfYLLmt5OIz1UOgd65AKa1JY3hZyTbg4gGfxsz3CH
2020-10-14T23:28:37.230441526Z 598 bMWkFrM800JjyBBFF3uJmKMAr07KpKkCTzolWVEkskFteerFxAYZa4qQIi1t
2020-10-14T23:28:37.242039038Z 599 TwR25yrcYuxrf8D3ei7VqVjHraVcQZkshKTIxajOiiIF5mWHIwndq2iBI9DX
2020-10-14T23:28:37.252559154Z 600 iI5fP5Sq8Q3yvTnF2DJ2rAfgoOIWTL5BfWk16kpmdxfUjEjRBl2WkpcSzCmP
2020-10-14T23:28:37.264565370Z 601 P66cksTcsva7PS7GL887SGgEEgFoYv5ChBeRVISolgLiD1aWvOTYHG7MEfa6
2020-10-14T23:28:37.276264291Z 602 nynAaAvAmgaAD4wGYCvXwZwkyDWoRzeuapRzqZ7Q4eA2YFc6ENmbOvW0Ra4W
2020-10-14T23:28:37.286951251Z 603 J4fOq7BtX2FSA9q3pFPTEwCT9z3U0d25rGZx7t2v6s8U5tuBl07QLiDupFvD
2020-10-14T23:28:37.297785452Z 604 aWK8BTHeAzfMpptKtwTVwlxnpPJNaKPjWoRsb6TXMwTiLPZPlABbTvNqiTTh
2020-10-14T23:28:37.309396867Z 605 2YuENxbzy5LsPwblT40grWIdzEbVDXSzyJH7hnEOsaBFwhnYx2MXHwGGvKCk
2020-10-14T23:28:37.319925133Z 606 3KJvQXQoo1WEhKS006JGH2mxZCEMAD1GP3mGBI5J0A2ENtKqL47Hp5XCv9Va
2020-10-14T23:28:37.331373199Z 607 ZVkEXXoW7IvhM97SWWL4XnYNkyRyLOoaEahW0Ysz1TrVrGkfjd6Wi7V2QizX
2020-10-14T23:28:37.341891058Z 608 kOFMrVW5hioeI1InW0ZVYNQOBE0SfsBS0YMqVVn5S2zJcQvhgG5V0gNd9ieB
2020-10-14T23:28:37.352885674Z 609 SNy0Qh45GRCtvJ4rRjZlPnIKcmYiMjQjvSVm4ONK50NMhv2PwplGbFSOjZUa
2020-10-14T23:28:37.364124153Z 610 bfhfZR2ylR68ry67D290PSJKDJq3jGOAJor74wuJeFK2rM5nqoyP1M7gYl4j
2020-10-14T23:28:37.374942175Z 611 SgtonCDkLUQY8Jiajp0sAH7mmylo09lOEA2j6M1RdOM50tByTG3YWlAaur2H
2020-10-14T23:28:37.385646155Z 612 JtfIEBjWDQ3HScXBZFCo3bYleuseBl4Z9PKeY2MXt9euyPKwwcprV99BiKte
2020-10-14T23:28:37.397752532Z 613 NnLnsZwcjwtQd7MkWf8evTiNZA0NkDdANV1an3UtdU3lgOgyAXzMdiT57VEa
2020-10-14T23:28:37.409470085Z 614 fm0Dh2in4xDCzMzHBEZZ0NQyEbQ1KpPjHPBJD1lpmhOSWJhLMQ9i48U79sfN
2020-10-14T23:28:37.421325250Z 615 1O6WiMjS0Vn2HHLA1dcDAhoaEV5XrTWJC7RskwEOomQakPzfFw18pARMUHYB
2020-10-14T23:28:37.431849921Z 616 mWGtykZ6ktlRxhv6ZaIwOzyj45FSMaOiAonoGQ3H5vcyEgHH4jb8O7sQpMoE
2020-10-14T23:28:37.443295798Z 617 tPD1ULKOySZpPYi3WCTC6UbPlIpEC7uDKE19MpDlbnwLb1bIPiEpmrWH9vNn
2020-10-14T23:28:37.453584500Z 618 s0XS7aBaUqOcky9J9QiSkpexpN581PzhZwtCn5LdJn1OKXD4MZzcFDYSzcbg
2020-10-14T23:28:37.464606218Z 619 0iL29C4FShHNpYosZt3AsJhqqzYka5oSocN7o4zYcwoWVp4Cee5MG5qTQ4zI
2020-10-14T23:28:37.476127432Z 620 NAqbImK4Tx40qPJFSprsjmY1jXfDvVOOPgQNiPhIslTKttZ4YJR19GGWUOCB
2020-10-14T23:28:37.486761720Z 621 ckO8UgZzr1PHduJhQFbmJ7pQUPxt7X4l9rz7RHAV6Gl9DUw7mKUmNmhFe61o
2020-10-14T23:28:37.498764857Z 622 o5N7imxK6me0sSLHhaTTSKANSZMMChrjOXySVO7ZqbKNSvVNfhXARiPRnCQh
2020-10-14T23:28:37.510445024Z 623 lPwAuYTENl21qhPSkLIiANf6LB8BAfNIMnDtrec2TG4AKhVbpUHOpyhwx1PD
2020-10-14T23:28:37.522345464Z 624 wqaQZAeMW9HP4phQYnE5QVdzWVMrLAITpicjh4zlkJhxyra1W9hKQuDHORrB
2020-10-14T23:28:37.533971563Z 625 L6Z0oMYJBkTYPnDSUyRfRy0atSbYeNSzRWVHSueQ9M8x27rd64lEMI82tXxC
2020-10-14T23:28:37.544859930Z 626 va2Pp7CyeUc8rWhAdhJGSKd1FBkVk7nsr4LbagQ1iGWlu6lZOcp8VVf5dfUE
2020-10-14T23:28:37.556508763Z 627 IUPXebSg81gSRxgDVOODI7NPNgxkJHmFvAWuADnCmKJemeJdqg8YmWXthBX6
2020-10-14T23:28:37.568436417Z 628 H5OxFID2BU9guUyAnTPO4bd16v0vagwp0PQgxHs2rHuHS7fWEIV7kTNqKVvS
2020-10-14T23:28:37.579465657Z 629 0ronzXiE3IGiWyycl1TrruFE9pyyRtT7sIRW3bu5QYyUomy3IodGxjzaLsiL
2020-10-14T23:28:37.591508732Z 630 WvefZmcPxAhZ68pRQp9mWnOpWIvvMcwbNRMh5hybqGTwHFh3mOrONZdJURND
2020-10-14T23:28:37.603205887Z 631 j1grwR29iLsROCPOafGcSVYcPRLFJWohLrGc7Vw0W3p4KyKzGutl8cyMUjyN
2020-10-14T23:28:37.614236075Z 632 3tkLYcEneEgG6imwKolbY1XIGMZWN9H5GDQ0erXSNhqlnj2yhsKEWC1Y9lYD
2020-10-14T23:28:37.625380071Z 633 IL7LLgzqQmxxtwDyOx8iJIy8p6t1VJRlEQCf84wvHiumXu9L2vWaZOXxdoyO
2020-10-14T23:28:37.635769892Z 634 VogwJnGmaDBV1HmDnJ683MZqCqQeSHt9fCLqofOb6OdRER70SAFCLaDRoRas
2020-10-14T23:28:37.647561073Z 635 VIOWa5wUmmXzYDGBjPoDZWA5vGFXPG5UnHh4mwzcfMoUxlmlLqlLQaKwftcx
2020-10-14T23:28:37.659141919Z 636 svtLU7BrOutAwDT4YfAkhhhV1hMMSWGSe0jYNeckxopUZyyBgaUQvpcEb6bZ
2020-10-14T23:28:37.669888957Z 637 y2gwsqGbdOA6M7CM9fLrNeMdcFNjYDJ26AoWtIXSqYEZVo2SaoDktLAIOMdF
2020-10-14T23:28:37.681517639Z 638 qHR6nLx6StSo78wg7nrIVzVEFZobDaqyROyN7O6O4ev5bVjCJBq7HWJGYYFI
2020-10-14T23:28:37.693155421Z 639 hU7n2ysFKShKWqktESKRaltYZfMMJF5mPM2CuaTirPdy9ceLUJBknqlax2mX
2020-10-14T23:28:37.703852279Z 640 TwRduICtKKGFeREntDEbsHTDoHrESsR4CEWFKd1iIaxUzAbJJx619gh4LHR6
2020-10-14T23:28:37.715236902Z 641 Te5d8vc3mp4tIP9awN1byN09MNRgwSZjoZx5sL8nqWrEf1i9rUKfeomCEliY
2020-10-14T23:28:37.725944411Z 642 suPmvTVRaCBnwekVtMR4Zjo4ZESaNyyWXJSCRTXF30koMRMZ2hwvwaTZS8G5
2020-10-14T23:28:37.736721337Z 643 Nj7uxYecAfNU5jVuTQRoFNDEIlUypWZmJQSscPQ64uMkQdM9h9BgvJAZ9g0K
2020-10-14T23:28:37.748533532Z 644 0lbAqaAfdNp3f8q1UQxPA3SiG5iOjM5lGsC8TYnD5ioGQs55ulyqRn7MF1zn
2020-10-14T23:28:37.760289779Z 645 2N2iRwwxH6pu6G8lvebEhPnghtKKkJ77dYHYlVLl6Jxzv4IkF66iG0wbMoLe
2020-10-14T23:28:37.771644982Z 646 lbWedbs4TdyevF8ed3bO3oAowM5hXYlj2ZjxvRsoeIA9Jk6IpHOaA7Yh542g
2020-10-14T23:28:37.783167677Z 647 kAshXyZo9iZ7MuiZJZUvfIWZGZ9q6i4wkC7XI0W3I178WQI4U9jp0eoSRpDd
2020-10-14T23:28:37.793631557Z 648 pMOykfbAoI6hbVasGabI4J9yc4zUHVW3BZVkL4dbvk5logNlS5MurjW5cneB
2020-10-14T23:28:37.805429230Z 649 nGNAgi0sJmV2wp75NzPdewoQ0oD37FtY7UFCYeqm8myUgUpvtgvFjHkq7V8c
2020-10-14T23:28:37.817132704Z 650 LCVHfrIq3xVj2s7YdM7krmsyDxzw4T2VikFpcux0hjN2ItPPYYpD7klclPc6
2020-10-14T23:28:37.827993195Z 651 LvrsA8HE7xXSNASqNAuDd6crgppeKR2I3wJ9FqSoCg5KNs0rsqSzhx3TZWAP
2020-10-14T23:28:37.839707304Z 652 Oz9znSFNTSF1VE6KUGktW45Em3Pn4CiQ81TnhxbZ2Ud33Gieu5Em0cR97w4n
2020-10-14T23:28:37.851127559Z 653 ceKfxYI9pBuFCrDMdPU2AtngvJh6B4X6nXY5XaaRXTUEaDf9iS1nSuKgLTZn
2020-10-14T23:28:37.862015714Z 654 RnEPHDpeDhGxAS17wdh8Qvcajr9tOBm08uvVRz1TFuIGeR8yFOgTDf3QZhmk
2020-10-14T23:28:37.873525349Z 655 Ki6WPdAPLWCllInZDtdUzSI8G2mor1jpMjXJkDUOv0J9Z2ApA9iCIIgg6T9G
2020-10-14T23:28:37.885097062Z 656 SmJ4Oc9SHV72hvwPlKitSDTFXIijaitxBpwNT5qHO1JZuPGyliFVJ44PS0Oy
2020-10-14T23:28:37.895825351Z 657 4EOvBU5UBxSAQYtQHfaFTn6Vz8vDLhMz3n67MzAiGGIeTTdlC7T52nkx2q6e
2020-10-14T23:28:37.907185130Z 658 xgnoNp0fiAfuAHG3eymodEXmLeSR2vprjQEXU0jZzV41vfqrCT94dydxTPEf
2020-10-14T23:28:37.917854548Z 659 Dxf4RMSKVDyDSxOcjrTb5K1mHtmebZlijPgufmT9g18U4rtIQXhbgWjCoEPw
2020-10-14T23:28:37.928577490Z 660 jEiSPMbCKsryNWGQRMJLY14Y6xpLfUt8JPUmDpCmNrgbnZB4yPHHkr6Tv57R
2020-10-14T23:28:37.939823759Z 661 ZkWkepFabZ4rqwv555bhUeZKFyYGfIidXMLNGFhN7vesHXY2QP9GLvwSQv2H
2020-10-14T23:28:37.951612968Z 662 TWqwkOkhr56uydxxdmfHpaM6WpK7ZtmbSHtp54k60aox04S0OVUP3zia5BX4
2020-10-14T23:28:37.963311663Z 663 DGjQIuVaDXwdLPVVfixC1XpKnC8xiyAROz54Iv8ABJUXKnbNqZCaTYy8Qzu7
2020-10-14T23:28:37.973746137Z 664 o90441bkDouYA5mx4IwlOUcTPbMW1AOeNEenIG9GUrfbrYZmA47zZ1HWw1jj
2020-10-14T23:28:37.984835821Z 665 UNwTHxG689vpG8uYASh4nNAsy5H3EEdWRobM9NhrcqOx0VWZQsnGjGDyx9Bs
2020-10-14T23:28:37.996282167Z 666 O8BKYY4pUVuWbj6IwEYPa2dxhaGratglfbGGSxSc0jezB8N8WD4Zox1SndNR
2020-10-14T23:28:38.006928803Z 667 mPcJfThQSrtf3YrMnuaNcx04BLV1Rg8Dlbw3wkHsZGQidGf1JsB1uZnZJ80J
2020-10-14T23:28:38.018652165Z 668 zrmG4pTtjToBHiN6PHgsBTykNPdemtGE6jXzJz7ZRCaW6BM0ARnaVtY2JFWB
2020-10-14T23:28:38.030249402Z 669 ZMRKfpjFbVlqNipgatNoNU1GoBdL8ADr1nzv7q7Tjj2ie0xqj12OASayX57N
2020-10-14T23:28:38.041522239Z 670 PN2fHvfni9ip6PguUzxbQAzba0lSOzrdP2JJ5U2IIy7ROTwqaQZTCw43edHW
2020-10-14T23:28:38.052460221Z 671 ZjdwvhbPsMi0VXbvWpqG00k55Plxj7FI86VeI92cSZTa5ijpQUEdj50J9KRK
2020-10-14T23:28:38.064240588Z 672 y0QrCXim400PgaDWPi5429tHQlq9a4wrYEgzNsd69GLwQEqgwXB8NurJLKV2
2020-10-14T23:28:38.075113149Z 673 AbJRhF9IAgQkJfnDzqRclRh0jWmne37zxHyVVrcPZlDKErTRq7fKDgISIyQ5
2020-10-14T23:28:38.087331205Z 674 3vl2vAZHURMCIFpFmyWMtPCgISuAfCuTF4U4XRQ2m01zx8kr7hk4znBgLBdk
2020-10-14T23:28:38.098367413Z 675 3xbfK1MvNLxBSfF5g3HbevAubxEdLq8Z4ckPiMJWd8LQE4xDV6gLmUny84R1
2020-10-14T23:28:38.109309800Z 676 cyH6Uev3gSPq6yc4uyNamKwoDQA97omkiCUDpPtKBZp9RpSO5CajadWQVODU
2020-10-14T23:28:38.121160692Z 677 TFVdMnokAyfJvlvVszvmCVqdwrvJtcphRBGwTXV2T6s5UPlHEoH0ARbVeUHu
2020-10-14T23:28:38.132000623Z 678 b68WyKY89v2kOmQ7K9SsKWeyteNlFBFPnhBRBmkGryIe55imy5CQ2YJ7IQk5
2020-10-14T23:28:38.142864015Z 679 rg1LdMh2vHjt3aNUH4RquuEHW9oIfxl1rD87mrdmwZq9h97qwNClCpT158SO
2020-10-14T23:28:38.154053008Z 680 4uTSObkZZH0l4YrmQfkxZ953TUsS2psZjJ7iuEtyBonLXGcz3oTMmHxGmI2P
2020-10-14T23:28:38.164975967Z 681 k056t4USnmc0tzc2nZZ89oaBeCiPo3fniXdLGEcMDbjkugRu3uWdJjeiH10x
2020-10-14T23:28:38.176048218Z 682 87FBL3C3icSCDS2djmBqASCqGlCfZCloAxNSqDiuREAafZmI8Trj0eTT9Knk
2020-10-14T23:28:38.186680507Z 683 Bs9e3Z4LKEOwyqfiMUdIavDZr7gzMoATlZm2jINFomLEY6AKpO8HyUSmtR6h
2020-10-14T23:28:38.198210839Z 684 RUdD5nGRasTA8N2rTPuaeGe1IaCnsfj3dozM0PoGE8VDNZbImMd17kUxfQzh
2020-10-14T23:28:38.209274201Z 685 cmecpE9PxVKl9eJ6EDcLh29R4jVJzM6npU7wkKVoQk9JKIsniOYduxjXttz2
2020-10-14T23:28:38.219690598Z 686 94OSiSvpphet4MYGvb6xuSszJ8qAhQoo5aD5ceNGxdhoofgqiUaMBYVkvkKH
2020-10-14T23:28:38.231360530Z 687 GqTkwQiIRQXFreuPucgm2t5ao5ub4Dc8jwPgGojiYRCiQCpHqAI8Jjmq0IgR
2020-10-14T23:28:38.242674527Z 688 v0wXxEry75ztl0qwhtAIAKqX7zLV6I9a3nBzXLpzMCz0mcQ2OdXfwRVvs3oi
2020-10-14T23:28:38.253704956Z 689 VF12QacJAj3fBuXuBFewB9JUv2iagf0YwcpIKPzOyD98L9iQQdLFjoyPoCrD
2020-10-14T23:28:38.264684908Z 690 9CF3eUQgOBNk1Avs0JgxD07EZtfy6uq1wwTPvexSvXx6PL3eQMUoFkzdHqqy
2020-10-14T23:28:38.276443769Z 691 s2b7LgwNJCJcmWcdmCHlG8AQXRYmqSWyCxyEcMyn448Gm3fVLtaoYhxlv766
2020-10-14T23:28:38.288046393Z 692 yIasJ1awUzxjqppKAJZf5TZfJXkkGMOKQC5SJgoeWMmnPz7VrgEbp5Asnj4m
2020-10-14T23:28:38.299313679Z 693 Poqd2PQzSanD0wHcZ5UumXnavHMFUh5jsDz46XiR6rwK9Xg3sj8Nk4o39Li0
2020-10-14T23:28:38.310357804Z 694 LuXoslUbAWTRis3IeHlzVop1vY6kJNnebXDG56NCC505RhnSX3wqLXuvHJpW
2020-10-14T23:28:38.320908910Z 695 1Ceo2nhGXw0Som7KUFFsDItSHTHj1vNJXs54fsNgFjJcs7W4bMiis4OiR8gM
2020-10-14T23:28:38.331678042Z 696 ko9k4iK7iY29pvuXTR52T6UYVaXAe2VTwS5zKaKbT7p1hsgF0vVSWo6B3poQ
2020-10-14T23:28:38.342896630Z 697 8TZtm6e1cdlCrvbV1mu17Qku6r2M0QOau9mIDuaaktI03pOkHRCSEhZTsm1s
2020-10-14T23:28:38.353688413Z 698 5uyJ0WHdIKSlvdxL5Psi5vVbcb74q2k2N2kopQg2pgJNm0rIHvrhuCA1H2Od
2020-10-14T23:28:38.365397505Z 699 HyHNKIDHzUwO8MGBSWmd3mgg7eGj5Re4dg0vudNHod2LqmtTKGJosp75zZQB
2020-10-14T23:28:38.376570842Z 700 YlyPEmBGMJT2nrdKHzE56hSe5gqqWFVj2ShBOa7JLyEkKGfABMHpfuPw5mPP
2020-10-14T23:28:38.387551657Z 701 yyoCMQjBpYadsl1Au0XNlQUy9YeVZbAOONn4RqU1Vc6fdJNrofLNotMQ9xUw
2020-10-14T23:28:38.399539784Z 702 iRxv5X2UMVoZO27VISxrmiRZB7HqbUV9YcgKlbfuUHzeQ7lXn3nvfNmywYdz
2020-10-14T23:28:38.411271227Z 703 HLkTf35EQmmkEXHXSXtwuu4V982UK2a4iJ2DXcttd6ydGwom66TTN9wDScp7
2020-10-14T23:28:38.421888432Z 704 HSnmzP9vv9Q6iKT4sSHQs20xJGd4NJb67rrTO7ehEhixDFjzUbnjCSv1bGfO
2020-10-14T23:28:38.433713844Z 705 E6mmiAfxqyva8AvziA5Z8HhlGzyasbFWBHjtz8TyG5AAs80NI4oz5WkCWw5t
2020-10-14T23:28:38.444863274Z 706 dgM1eZiBV0QyrhIBfakH0WRBHxQlJwQBB43dfvo4kYmcRPBMlkAe1dfU1fIx
2020-10-14T23:28:38.455676299Z 707 Cn2IWNhIdc4QnJKzWiyZ4BdQ3EodrSGyBKZT20A6BCkqr7uEp5gszHJaqu7U
2020-10-14T23:28:38.467311324Z 708 g1i3VqsXbMqir3Bc67qNMKHm6Ibcg2A0V1ln5aLLqYHkz3YDGDqZpK3He4W5
2020-10-14T23:28:38.477738472Z 709 Jq638351WKEznFVEmihj2XjAlzq6HuIkHGqck14tYNcYFBd1CASdf3cSZqMg
2020-10-14T23:28:38.489202069Z 710 OdHeGlZSlB2ThCkStXjKW66MSBRwQwWyQBvBCDWpqHhuLDeCDWmAtPNZ9Ywh
2020-10-14T23:28:38.499805304Z 711 VKenpjnDKOpS6PCz9oVvqzC9zO49QkyNI6mBHijG7lNtrrgsxWwpG6h4GFPI
2020-10-14T23:28:38.510905578Z 712 6DGpcDLzqcMQpUllMVaRIcEkTlcZhTQcXVXCqrAwBmCe5sNWmE8DB9Dqr5a6
2020-10-14T23:28:38.521790760Z 713 ph904i6z8W6ppikt8gcFTHeEPsIlYyLf0eafrLpOtiwbFWD3ceczQBFiKDiL
2020-10-14T23:28:38.532504073Z 714 dEbEEqmX0khZL5txYQmN2i3DKJSIJupaiDj2YwaNyADvMmWwc9YSJR2uElVG
2020-10-14T23:28:38.544338628Z 715 WtUtk6tjkMZC4p1F3gtzPMEL2K5l5o5VFfvvBYXDDlPOUatkasryDNJ4tb9u
2020-10-14T23:28:38.556176700Z 716 FEYhJGPAUUZnSQQ5XeGegmkHzZw66MBueM2vk94e6zS9yryqoQlmF2zwWwYy
2020-10-14T23:28:38.567055982Z 717 adXh7T3WlqHa7ANZxM8kKRnP3QZG5FIZO9CiCSC1KzvLDDtJcheK62lqbok0
2020-10-14T23:28:38.579454503Z 718 Gl2ActKd06arUjm4PSRa20vHQgFNJEZLR2COC0mZE1hkwVAh6OdGpTDiJfcY
2020-10-14T23:28:38.590222414Z 719 AgUJZsQmQEUufqOHhaOkFnKxS0155HAH0AU4N3R1eDwPp0qCU31nZneDE6Q3
2020-10-14T23:28:38.600984421Z 720 U3OTIkT8jsc18sw0qNo8agX7k3eOkM5TQJ0s7RZGukf7A4ieD5pHffj4oR6O
2020-10-14T23:28:38.612654765Z 721 3G78YmkIpm3UccetGGZ7lswkQ5Fo0P78Mr9N7YfcFjiNYmyV7jBwOQ8QdWri
2020-10-14T23:28:38.624502979Z 722 b9LmPjLwNL4o6Er2BZRxkyDN2T43ed8ISHKmUM0rbZPGsCzUIV75RIdMYF1n
2020-10-14T23:28:38.636359504Z 723 uZQCzn7YOwrsrwDwSjvdww7GpEpViyxkVJlIoYNMuAj0aM9NwCU0d2hQlAXG
2020-10-14T23:28:38.646830657Z 724 cKRAUcYHzQUifhLDDGrB28ILRaz38WDb2yiKzibcShuhm21USVMOwnft9JS6
2020-10-14T23:28:38.657647554Z 725 yqoJUyUfrHOFqxKhRwIuN81fQGoQk9Nd1nQpaGdOgK58RqHPwVwy3sSpw2yF
2020-10-14T23:28:38.669050170Z 726 MtWr4KDf1vHHyjL5JsgYZI3rAOMFCphrHazW82g3B76pAwjgzdWZuSO5XNVL
2020-10-14T23:28:38.680637742Z 727 AVi5w2tDigkOiYBICDMPx2KaEyWmLg5GSNTpt5yrMydguTYP7GIquZ9CuVlZ
2020-10-14T23:28:38.692226858Z 728 oTgFP71nnVXPoOxAWKFFKVmueCgDa7Wk6kxEbU9ygpPH9oM3DvticoRETwBv
2020-10-14T23:28:38.703282673Z 729 n3imOKdrMRyDCjx5zS980xLNKLSYAV2H7zRwOIhiEc2jqGwJTiapFyw9lszf
2020-10-14T23:28:38.713906498Z 730 jL17B5siSqyUBMtkmkyuLqfHqu6FAagfv4jn9TzPG0keDYfHS4wL6HlbcAFY
2020-10-14T23:28:38.724742314Z 731 BEh1HQiAvgMwfKXj3LJNBMpgjVryxPny0KF1xlV3WOwadRCPIfZGn09wh4Yx
2020-10-14T23:28:38.736142508Z 732 90qkiqv0uHl7bOcKX8cp21RbvGkIaBxjBdamHgHh173ln5ZZFgjlbwFd2c94
2020-10-14T23:28:38.746685707Z 733 Bs2LF7NbbuCybOqXxohELdIZExclFgZiZKkTmi6cgd7hdA0LwcrXQbu1LYlx
2020-10-14T23:28:38.758495359Z 734 lGflfWuUnI8pwt7Fxgqt7WUkHvhn1DMTXdD97C12Ga6vS7FKmJSKDrAstye3
2020-10-14T23:28:38.769099827Z 735 75VW0A476dLfIn6mk379hkqta4Wh058h48VZfWfSWS2JERDZB9fLJS9ht9jv
2020-10-14T23:28:38.779834929Z 736 RrnO6CdBKAW7PEWzdz78r6a5izmSnaWq044bBLnDqtY0pmA62Vdm15F2ozyn
2020-10-14T23:28:38.791623146Z 737 3yMMdxXIuVXdsrNCOJX2VVtzScd66mvbqMoWZhgJ4SFjKI1T5HYuZEdbZDkQ
2020-10-14T23:28:38.802736371Z 738 XENhBotshP4RxedTgfxoL4pt1ekfts5BqXAOe3g9z05QmU8XFYNyzLbgnUSa
2020-10-14T23:28:38.814401158Z 739 6A47A5U0w7fJ0ra4eNArQfOojLqUKsV76oonVnFVperwnxNsuwRJMUAHpuMg
2020-10-14T23:28:38.826216480Z 740 cCWDdEB26DMW3HfGGoYAdSlx7dtGizTlf88HjUGCE84EpJrkmbxvSQFqyVJa
2020-10-14T23:28:38.837209295Z 741 yZlh5NQ5jScTL2lDXZkDCuCQJkrSFeZ3ilEulfHCmfQupEvI34TCGzVt76U9
2020-10-14T23:28:38.848662587Z 742 UOInHtXQGzGgmVcwl3gXz2i9zDOGWZm14OdrRim0vyDksGcAELdFiEfttxa9
2020-10-14T23:28:38.859649565Z 743 LWhrGB7s1vouuEnHJAkoIAq2GqoHiKde7ZKpXtKoobY0QJ7IDcL4jrfwSDor
2020-10-14T23:28:38.871168376Z 744 IlCbu8BhJzxjPrT71PBd3izWKxR5b1koo4WfmMOz2eXcabqWPWl2nHgZ3rvi
2020-10-14T23:28:38.881777290Z 745 6v5yGtmODJV5jhdv3kCZTmvVEhVAGIlcyryh3LpLhUVk5ijWVBEXWmexvv3s
2020-10-14T23:28:38.892778590Z 746 OfMUm6L1BAtMnMDh3kEb9EUlcWQqeUxHBM46e8VeWiFLWf2n6C7rF8icvQpB
2020-10-14T23:28:38.904812998Z 747 6w9N8ioAotxxdBeoUGQupRijmhytBuWFRpzbUKfQ9mUbtnHTFM9RJ0EdV1OS
2020-10-14T23:28:38.915841645Z 748 6EG8Awkf2OTGLjKlIUxmt9xd88eogIhNcqfUVGvZYTXVCJOVnnBg5BhHSOwp
2020-10-14T23:28:38.927457197Z 749 howgpp3RLJBvGLlbQh3IBjiXPFglGmpMozzKJiQy8rXKBbrW7cn4lPL4Sgqc
2020-10-14T23:28:38.938967345Z 750 CkOFOW9z1SJ5r5kWSGQFa2tIqWpbF3dy6FgH3KW9brlOiJOO6zRhgO6ND6j1
2020-10-14T23:28:38.950662157Z 751 5eNAbrfazOOcYZmxD3Tc4xy8nuT7e8NAiUNbA5R2K4jk8HsXqmLaGQ3pbHqs
2020-10-14T23:28:38.962203630Z 752 JAQgWEPA18VXFqPWHDi4M4afrYZFKa2RSWjpsXqpbeH7PkZLfo6HEINr7EKV
2020-10-14T23:28:38.973030592Z 753 Q5U24udHO1Nn8Bbr2itYfxytkxuCb7YnftOcU51iu5Qf4f5aPpqK9J2eJpTD
2020-10-14T23:28:38.984634883Z 754 9IDtUODMHGyw5RydXlMxooYQjYCYQ3hkmhNrqpq7cgJc4mRQdSXKRbX8hdu0
2020-10-14T23:28:38.995905694Z 755 iBkhJKDurXd0ACJdA1nQRAA4njw0J4qqfHka2fzP4S45UEgHA2VspJtaycuh
2020-10-14T23:28:39.006646301Z 756 h7Vfs5YxRW2j3aFj79BP3ULCHOzzZTx0q6vXG9vY4oDaCpcDMbAi75fBUiqn
2020-10-14T23:28:39.017897812Z 757 5CYPWWra4ChtaX9gH0QHHdxY9WWn3h5AT3YL2aJfkmFv7tPEEUNmCvJPKzxX
2020-10-14T23:28:39.029589495Z 758 9xVKSOyzeUbtNIn7TZtpo2awYNIImycKODQohy1CgeHeL34elUJTPPhNMzWe
2020-10-14T23:28:39.041302656Z 759 y4JQh00D0RV1WOiNbNYaYXPbm7NN5iXo52es2qlWGuLzhkmynaxEdBwXaztj
2020-10-14T23:28:39.051871379Z 760 tSM79hwjM1onn6BlrlPJAAJzc7ZpUOX48qbhznjUHtxnPRikHX9tbrW09qrS
2020-10-14T23:28:39.062650010Z 761 4dA4QN5TUcvViOpxez205QMHzL204PwlIET3isTM6sv2xtMs8iFMmXWpxzPh
2020-10-14T23:28:39.074417380Z 762 gHNp0nQyGKhKniGjlK1GIXE4FtX0UaPOTwu6XpI7assfNzbn54cKbXo0Mw5l
2020-10-14T23:28:39.086248125Z 763 ofLHNmZCXSma6VaK4PhjvQfbsOai42FfuVOf7EojUEiRgXUuLNM20D5xulr4
2020-10-14T23:28:39.096911899Z 764 C9UOd0hoEY5bpiX7kCZA8pZ03dyPQVyWLaaZGPc5Fi1XQtqfXPYnxnOVsSBd
2020-10-14T23:28:39.107629197Z 765 1L3FyUNZRAPTBfVKPme903SR3Us5mYLGvM5kci6DgN4UEzcxRlUcCa9dmqLv
2020-10-14T23:28:39.120014946Z 766 w7bxqdSC2Ej9ZzD2N9wCkmfgaGDzsY7bMMUv2uSh9Y7I27bqN4G3ZbPSW36O
2020-10-14T23:28:39.130688429Z 767 IaXcavxo6NQY2x1Wq7t7f5wxNjw9VARS4heM4QQvKMbPXdWkYWV79sfOLZR8
2020-10-14T23:28:39.142391596Z 768 pwLK0oZFppGJN2zuQiDjyB3daCv9seF8p3aORvehuspUTH74jjvmpbwtL3vJ
2020-10-14T23:28:39.154055796Z 769 x9MhiY8KUwGjBTN9G4ziuCMnIFOFfQndgpSays8fcBgjPIh9rJvb2NINMxNA
2020-10-14T23:28:39.165006453Z 770 K2UGId4480Cq2hxsfX4BjsWUAYx1Wxej97aZ76leGKoeO0MKsze03NQ4deTQ
2020-10-14T23:28:39.175873093Z 771 PemgrswUNo1KovLWuw3XVVEs2lTpAph32Ha1X5UIl8S9YePQtQYhQr6UtlZD
2020-10-14T23:28:39.187406435Z 772 Pj7ygvcfHOy21FHSPQg9hHKLJVfCc0SkLBXAbEnnVW9ZztUWRK0Gsz1wjh65
2020-10-14T23:28:39.198921371Z 773 14Cry7TtniXLdPDuY4MF8TWZTmOT9tHVwEbJ5xsLEF0ZXG27mDCkFf5BLyrL
2020-10-14T23:28:39.209639632Z 774 yapWmpNDnVHk5dJwBD3wnlyBXJYKKFErylaQrCdbrMlLmsy9H0LY5WCOJ54I
2020-10-14T23:28:39.221483738Z 775 gHxidrH6jaurI6uqk2R6fMcjZfTUa3Hrr5ms5CrT2IkIgcZMxvlyITdTiCeK
2020-10-14T23:28:39.231716264Z 776 7kaUvlRFDWoXkkBAaOG5ab4DQmK4j619gjTeAZaesvvhvLwgPJPL6xNHCkvr
2020-10-14T23:28:39.243172203Z 777 0zIMHlDOWXO1UuRi08RIBdCAw5ZUPCGPV8W3BfCDPs4ivAP30XoguOlMKmOL
2020-10-14T23:28:39.254976927Z 778 FO3PTcp1Ps7zIoNFWcfrVAFXgAZmx8fnm9eTH4sGtetdtTiXfbELB3WYE9dJ
2020-10-14T23:28:39.266424166Z 779 J3XwnIUvKQG35iN9jOMi2zDP0QHtnHPm55sUG1iHRz3ICxaZaO3reBXyySD2
2020-10-14T23:28:39.278169983Z 780 xXgkJ6lo2AAcrNx1CGzxKTTuQrSqGPjTOR1Mu9Kapl91Tq8h96LwKK0E2acg
2020-10-14T23:28:39.289729037Z 781 pdCfUnEdKNICepXrRlJyQoSc5ljWdq5gm5F1KJ0EJ6SsgwsLMeDyNH7L6GpE
2020-10-14T23:28:39.301428597Z 782 U2w3Vs7veeb5WoLBibkaGmm1nIxxrwEb393iIYX3qMx3iorxX8LzNFMwd3We
2020-10-14T23:28:39.312081454Z 783 yTxJE4kJJihYkA8pfH9P4aq2vEWudQBAyFxGRd33WGej2DBXOfrwsYMmL2LX
2020-10-14T23:28:39.322387181Z 784 otNHz6X2ClhjpNsVJbCgOQnpkzHsEBZWGqCTp33gK2hzSNXYdjv6ZR6XqrXX
2020-10-14T23:28:39.334175179Z 785 sYnX0FBa1rz9Rr5QMgbOaEK44OvFSKQmGnpxF23GfUv6l1k4U7GniAXoHrSU
2020-10-14T23:28:39.344695154Z 786 CoTpEE6AtsM9jWdjV3Xao3oYoyBY4Tl7SGCxB64ZhJEsbMdseJRtsF4TOEZq
2020-10-14T23:28:39.356588561Z 787 2Fu4l6N5s3eldvGb69Jb5ujiNBDnh2mM8LRFxKaRnGkbV1XJRaTdlpszFgZt
2020-10-14T23:28:39.367981887Z 788 IjyvtiPmNOCT6MpcpXAUCLaR0rRUHbjuRNktNRHxGAOTNJbgDIaFl0RX0xev
2020-10-14T23:28:39.378894411Z 789 RL6oUJ6SsBdifjIVZzfHriV7cOQqFmCuXxz0jn1gn5ht1LpYxdkFEHidytyM
2020-10-14T23:28:39.389795069Z 790 oVeZrbXrMqnYOWNDKbyvmjkoyUe8eIp3cM6e6RJFfEKeb4IifLlzYjxxiIgf
2020-10-14T23:28:39.401398228Z 791 k6rfd3wr6EfvfL8H7KuzKZQ9mmhvnyhDonrtt5Zc4SVdC2vJYXWMKhWm3M81
2020-10-14T23:28:39.412742793Z 792 6XwV0CkYRlvsNfub2GN2Y4U7wybOU03qrOduvplcnyZmJX2IgafJbPV1GOng
2020-10-14T23:28:39.423746179Z 793 2WN5OB2Tb4a3M4MpBkrmdpGRA4W1m52i7M6XXBDRjAZdGdKg2wFIba0Zuq5t
2020-10-14T23:28:39.435552468Z 794 kC53oKSZTCJ47B5vo12b7ZazlVq7duBIQxX8NpyRdDkVzbne8iixyjn0CXT8
2020-10-14T23:28:39.447019575Z 795 TWFsrIVl8Kcu0YDhH5qRHJLJL9W3clg6ani2w6SD6qO0RlWi71bPBHZEtbgy
2020-10-14T23:28:39.457602189Z 796 IXd2vfCx1X7D2kKDz9G9FfcgZHjySe0JcJLB4Be6dgU5oEiVHLGa9N5jzCSF
2020-10-14T23:28:39.468695624Z 797 wOJEJj9ufQvkFj0wsnyFIP9ZgqhqVl0sxX0RQNsK970C2iAhyuYGN7jg2HHt
2020-10-14T23:28:39.480626756Z 798 NyseDukwll9ednN59NxcvWjHnHikA4ibEGwbRg9NN02XpqYtB5QsijndcvZj
2020-10-14T23:28:39.492556693Z 799 4Gg7PmcgApLRzVB6AJWy1MDr43oLW67BUJBfsZ0tomsnhgQVXiOkUkzUVVFh
2020-10-14T23:28:39.504580130Z 800 X1Zasbgvsed0uhiTrIgmfhaBdxXY8Oi06klq0Jnd2c2n0k1xoeR0LltsmBb6
2020-10-14T23:28:39.515612539Z 801 zIoBSAviQI3PFZHfmTM2i8cTApUP5NV7AzeNUAJOSZDnipATkY7vinnGySsl
2020-10-14T23:28:39.526773916Z 802 IXNozMRsCQGsO72UUgMttl3J2RwqY8zglX9DJtLg1mwlzMI1P3xOdx31EhuQ
2020-10-14T23:28:39.537963382Z 803 b5VoMFuknjAaJjMgUilwcq3PLHeXgsYkqBVQxOnNLp8zNy7NKpsYWXQl8ECc
2020-10-14T23:28:39.548788648Z 804 UTo9nJCleg9b8wklRqOs1v5S5io1UHcKGMft1AKBxHOWqDr8Q4f9P1k9yqkM
2020-10-14T23:28:39.560727603Z 805 3OdUdpMdlhZ7LM0BRLKswj8TJUFPg5aWQLZpnJO2FjzzFJzLRE30aBFFfjZh
2020-10-14T23:28:39.572545653Z 806 LXq96NTuODVCWe3Yu8mXi3nmLfSLRwOrHGgCuNrj6GES7hQa4At7eikcpPfo
2020-10-14T23:28:39.583686555Z 807 a1UXPQ4FxmRnUuJZPWP8fAYY8xrcPABibkZwX6SndtlFpMDsz6EWnyv8lKw7
2020-10-14T23:28:39.595474723Z 808 j506Eu1BAZXhdYTK8RuGDozwBrT7HpdWISv6nhDovQF4b2hlMoZcaoRNAqO2
2020-10-14T23:28:39.607590434Z 809 zbyJRd8cvgoEMVd6PdaK3Jg7pOoOLPokK3IKXhL0jKFvShcBlPzM2rwhqN0Y
2020-10-14T23:28:39.618891967Z 810 tq7NBR8QHLToikzi9KbEPpsAmWNyzXNShwJrowBvn03H0QJSSrU1SnPtzn0q
2020-10-14T23:28:39.629836864Z 811 BBVzrL0yG7VUEXg77zoqKs2Z3vf6eLbvsSr6eN4216zfqsJCOXENMuAzd5ZE
2020-10-14T23:28:39.640851283Z 812 WYONvH0pn3HzmEkBnOpqV3SGl2ZohAhjCIXO8WveNW7uSIaIXxKdPmWcYRYE
2020-10-14T23:28:39.651590416Z 813 HynyisDNvjkLEZInLGBn8hYkEXfJMjWJ7vrQHaSdel1kP1SLgvnc6klL3adq
2020-10-14T23:28:39.663195423Z 814 FTYVYKZy5RB6eYkO84alAQN715w1ApkSSk2QZpmlJKrtG4O9cIbw3aO8FtXx
2020-10-14T23:28:39.674133589Z 815 U4I0Lk3RP5w8ZhxnhweQSkceNk1VZZkPWWMJeYUFclfavMO217oZXHiUyeSp
2020-10-14T23:28:39.685670059Z 816 MtgC07M0CmRCQCjiOoLVmZArrd4284Zxpfkh5tNXD5feRMb2GxB8LPJGXaVc
2020-10-14T23:28:39.697631305Z 817 pY6hGjGjZGu3Gns1cuZpolVL0Kg1GIb15Tlv5olziexXppmhc4ziQiKI0FK6
2020-10-14T23:28:39.709057511Z 818 Q9EQrU8ijRmxXF0IugeiRWvBGGMvRyASQaSNpy9kT63d7Udz5XN1EaVZF8lN
2020-10-14T23:28:39.719636738Z 819 JIJXaWnFSJLiBbsUKV9VRyi617XuDwOmppFpWFOAbyWRLxc5Dpv3xuxTPu3F
2020-10-14T23:28:39.731094437Z 820 yarizAbGH5xpokS9Ww4IZSESC1pd8tV5TE2Btr6kT0kskPZP29IWYWUAlqEM
2020-10-14T23:28:39.742462507Z 821 11LNQfCPYsH0jV2z232kmwCAWpvBjqVG7vSAiyzdH5LUYn1bv4sXecUBEIFm
2020-10-14T23:28:39.754175974Z 822 2KXkf18M9JNNZjXgFa3rFPzAABH52Aqz5BoJEhU9OR7mDRF1lLmtnoe4AiCu
2020-10-14T23:28:39.764791083Z 823 ZY4ve7CjsA8qPe8BbMUcwxTpvJ0Vd7PZYWhWSNtqCsW4PF9T8dgY9PtBJWOE
2020-10-14T23:28:39.775682579Z 824 xMCmkxM45l1yE6Cte0yWf1338GKFbW1p0W3TIBSEarCQ8PzBQ9g3Y8X3LE6M
2020-10-14T23:28:39.787173362Z 825 WSuG4W1HsdWUnfQlJLc5NrLKtRCbECEBawmuEPt756dWALuuv5JhcDElMJbq
2020-10-14T23:28:39.797999531Z 826 GPB0gX85JMfG51QLBqqqoRnaDntwc9mcz5EjU91gP7Ed1pD6rRxXEnhPjO1C
2020-10-14T23:28:39.808914127Z 827 vHB8pgxm1nQfLsej6yfKv2aiNGp3Iu7Gg5SRtiHNM7qt3WHGIAZuNO5xuxoq
2020-10-14T23:28:39.820634140Z 828 AfTfO7ODAbUZwYganx4cB1MvRxkHbB2T6XibSuLuqNlOynDDS9jfTmjNTUdR
2020-10-14T23:28:39.831966506Z 829 ZYUf4InykBNSoL7F7TlNxuj0kpjLochLHruwtKffaoDZdC7Ti5Z7GXlNUOUJ
2020-10-14T23:28:39.843740336Z 830 zULxhl58qwXOrraiAoxtpfRu8fWr4x6tYUz5SPmBuQxslYRwzZPBu94CNfYq
2020-10-14T23:28:39.855379297Z 831 4AicrEv8GCkLZRrfu9YYbVgo9754yMIbqFT1gH66nYWAxlxAVXBvPZZAm1y8
2020-10-14T23:28:39.866277065Z 832 ZgOe10r1mRVkUA4CcJxo3bOqNknlJmUrrnYF2inwuM8OLXxaGW7HIFN2xwI0
2020-10-14T23:28:39.876721641Z 833 Q6Xzt8mWApG6zQUv4XXnjM3EGkSusA5TXLMAmFCuIirQMdwdNeszvUnnobuA
2020-10-14T23:28:39.888446390Z 834 QB8xbm2NgAf87SxsfZ17DA71NptjTkuAp65rNdHaNkEeUKUsyJyHRie4w2vO
2020-10-14T23:28:39.898957374Z 835 BNsEWep3joCqC6v4gxq0iUUmomtzwiOaSWgrQcHOlRH0jIzI0AZ8Z0cHLW56
2020-10-14T23:28:39.910409639Z 836 wBuiYkZPiMr6LgA2aZWf4ak6LpMafn6gEeDs34nUuyIkJ2OmQb5Au9WFQyYZ
2020-10-14T23:28:39.922176529Z 837 az4k3rRzWC6eJIof1YJblcf3tMx4JTM0wES5pjB1x3tNsLBFot3RDUYXqYJy
2020-10-14T23:28:39.932586467Z 838 rtRdAg0nIdW0j8XrcYXb5V5N7r4B3zCZEMlBn6V0vjb6i16sYPKm2WaQ3v0E
2020-10-14T23:28:39.944378439Z 839 P9FfyKGDrEtkR5ATFvZjJYpF2dX47UoI9dnNsU4sXOZdBmbl9nwcifgz63BN
2020-10-14T23:28:39.954536768Z 840 tfMQKQ2jxq09o9oG3M5QVvv0IzELaKK6qKJqLzVcAm544ZMPYtE0TpfHqm2q
2020-10-14T23:28:39.966283306Z 841 h6nqcBMOAgsaOMT18pd3GEXkUn5qd3oKV3ctk7ON1dCuSiCmsm9Jb01lEvgI
2020-10-14T23:28:39.977675039Z 842 tEIQ4mzo0gtGZ45TDFz19GDaaZYMHfsjbb6WcJjNHaFRWB0X5XNx294zLa8H
2020-10-14T23:28:39.989391018Z 843 ABmlIuDuZ58WRo1iQQxlg7EAhWSoSwEmXf0iB8TNv7OKO4vhazpVRNZW7EQa
2020-10-14T23:28:40.001306914Z 844 LldjJmoFfOWhECYCZngI2DCNmD3Gy36I4P7mqPbPiN6d3EIkIBdt9ucqlWgv
2020-10-14T23:28:40.012484815Z 845 LiJdOnukuIZAVJ1lmw9OS7TgzyZNv7FTZc89CaG1O58BrcXAPcSreQEnYl0B
2020-10-14T23:28:40.024247367Z 846 JiIplX2z2q4WPrLD2Qz8xesIn5SHpUFlbOJR7TD4EIrYptuCQvZTWAAOfBoY
2020-10-14T23:28:40.034988850Z 847 LAX29uHTfdUuR9OLICpyNT2TTES0F9Mm8JIChxYBiRBLnm48e9EmyvABC21V
2020-10-14T23:28:40.046451141Z 848 sTYggXSWC6L7EcRLGZ6hs13Abxj9aIVIOuEp5qRBR4hLhA8pJnJTWKUwSVp3
2020-10-14T23:28:40.058166092Z 849 X7axlscwvSbhCJUW50cXZTGZiIwIaVuMJxBgWB61Ol1vYP4AMV1f7tb1puct
2020-10-14T23:28:40.068879856Z 850 xV0rK3lNGRGXOR4Od7ZVTgyji1RYn7gstkcd1XuN35BixYKAdhxuhsZyOtsk
2020-10-14T23:28:40.080776444Z 851 HOWXgMPIhuMrYLSkrVlNCQ8dA6ocCav2efbusAaTsYOE2cw9syClsb9eVsnW
2020-10-14T23:28:40.092182468Z 852 6NkUpmlCvAf0POZIyfrp3HgA15DPbve04wWu8kEdIFWl2uOMetfjOYAT1Tuf
2020-10-14T23:28:40.103367548Z 853 0QcXpKONS96YsesYERKwfaspmIn76UpfivTK0rcK8B4vvPecLJfRrFbZIhD9
2020-10-14T23:28:40.113853873Z 854 pEkrqVXMx6HdPN7clPexTd4knwsBY4itBy0sLWceyV3CwvDTIfbzz4OEtycc
2020-10-14T23:28:40.125316245Z 855 yuE7qoKa876yeM6dEYpAfNgxCwARVQbhKLG7O7VoUlV7PcGyMJkM6CXhDzn7
2020-10-14T23:28:40.136105083Z 856 ZrGcyjeaOVmuL8O8pozMS79KdDv1GBZT1Jdw5xnheriqzTOKZyo6Mq05wdkN
2020-10-14T23:28:40.147354002Z 857 xgBlE02t7MYXDyiSNobS6mGdb0LVcrfDDrDAeOu3eqtFXidCOznpw37hRfAO
2020-10-14T23:28:40.157705594Z 858 ntz629RosmAefhkmRmce3kRpXv9P2pc6QYVv9xXbSOYM2aE48Z7e5NFKP2Bi
2020-10-14T23:28:40.169697366Z 859 9yVAQgZsnFavOCwjeUAknNyKLX6Roq5q8yrrY7dU5s3SW7ZnZ5bxDW3vpRb7
2020-10-14T23:28:40.179776950Z 860 ADQIiLR1852Sfo8xPbjE2r150RlQK3FPTsDiDhMzx66LQDRuh8MwmBpzi9KJ
2020-10-14T23:28:40.193123743Z 861 7YbMtiKmdIVvnw8Cm60pbOMA3DJgVbivGEQVOPWgXS2ZPng79EtXRqHVxVF6
2020-10-14T23:28:40.204344957Z 862 TmylqONxxApQYDQPxsFwV3Mqay3j1xTwSaWUC4TKekKK7Pyg35xSn2ZQ82TG
2020-10-14T23:28:40.214931482Z 863 tFarReMGMmGoYPtLzMC351U2so4kQT7ynMSVRhh1rDibwBpJcy5C7mnnFHBI
2020-10-14T23:28:40.225692942Z 864 qNJxiVQWCAJZSXKSd8F1yox1WUyqU2HvrCJchyuBEn0GKzQ86pLCVDRTGqR1
2020-10-14T23:28:40.236978548Z 865 WmNnwBNiXHwhasDyqyKG0sxwbMOn9Ss7RI6Gt4eYorv9S7T8tAUM60y2Cxsl
2020-10-14T23:28:40.248286525Z 866 76ym3SkL7rRN0ghECvl3wvbK1DgprTEUJFFcTF6vIKBxWP70GXDAiaObqMxh
2020-10-14T23:28:40.258895337Z 867 kCHDHnGoVZcPRDxUkgeVhsaj88iR5YlgUwcMe7nkvHgWBwkT2lU9lCFMcISk
2020-10-14T23:28:40.270546117Z 868 zS8ujMAulDyzJTOgFjN1VFT2XswTHdI86ifcmmZy3w0PB0BadUX97FYxdTHh
2020-10-14T23:28:40.282258014Z 869 SBRpbiLD1isWGL9qblpdEinNpX2qo1p9Oi7rfbaQEopL36Nun3Z0vkZZSZjM
2020-10-14T23:28:40.292784405Z 870 0vfCylE37oVViJdIrGcb9ZTXbQ9fQCUiHqK0qxGIxOXIRg4Rtqg1wZu1w8SC
2020-10-14T23:28:40.304468807Z 871 oLY7jZ1bStiMONGo5EYGnRS2ht0X68tHU4kV98PHh746KjS9c7jI9kysOfy7
2020-10-14T23:28:40.315988336Z 872 ekMohXsWIwh0KlHC2G04GHWGO2EgvpkXk5ye5GEuYB3hruzE1zjct0Now8C9
2020-10-14T23:28:40.326696991Z 873 wiOZ7V4FqMZII07P0KsVasMm1I8oFG8crDI99CbHLq5GlSG6YyaAlSv5Iv5X
2020-10-14T23:28:40.338149309Z 874 am888EJIItxKqCwGlME6t2Oq1OrPRv1xdvt4yReE6pNX8Glk66evETZOvosY
2020-10-14T23:28:40.349488213Z 875 nWGe8VhOIHPEgBh0Y8RG4Bbl6LWn8OsSwBdqUjbSjavvwTWEY7HFuepPlpvh
2020-10-14T23:28:40.361510547Z 876 CxcfPmrLAVQuIYJ8nvTyfIEwjBrg9UwrMkwqXATkHTRoEeHYuE7T1NgtGbzv
2020-10-14T23:28:40.372476972Z 877 5q5xMYlycjXYqEcFF0g7fOnPsxtsgw5pkOoBEeaqLTIBznWZnY2iddIOMDMS
2020-10-14T23:28:40.384349491Z 878 xyRYRdjqvkTjjDJe7H7WvNCKag1iCmMFu0zP7itvgM94WJztBCoQX1zCxKmg
2020-10-14T23:28:40.396386365Z 879 W1FLuO0D3UVyRHseX3dFxYd6UNypAhnHWJiGZL1JXnPvxcq3cTK7duoUEXws
2020-10-14T23:28:40.407764569Z 880 so5v9ikLrEzRBaWGvrlYDox7iLxmrayIuksybtnRgqO1a2bV5wof8ZxULA5H
2020-10-14T23:28:40.418723798Z 881 FXXQ2jDWUw4B5mPcpqK1MTvCWCLAskP0HYxfQmBgFyaZf1ZP1R7X7Vl5Ql18
2020-10-14T23:28:40.429909539Z 882 XDvzfKlV6ZbFCausF8ixAESA9exDXG96vC5Ekg8qGiqiSGu4PVcxlOkHgFVV
2020-10-14T23:28:40.440835496Z 883 OIqnS1l0kf9Gb4WmIlwXsXZCvZyeKlOqwGgEHPI0SKzGBgfxkfPtc2wHKKn9
2020-10-14T23:28:40.452178883Z 884 6kDSYzW0yEyLivldVd6hMHcKwKDbPtM1dPA7iBoQZZrRI1rxaJKtWgH0Yl3o
2020-10-14T23:28:40.462683022Z 885 6v9cEbPgCJEbFe9aYFcylW9EDnXk6HgvexgE3QlVYjuudlAumJIlAWQZ7Nfo
2020-10-14T23:28:40.474495623Z 886 O2qmxxF30zA5dN0Beh49ttgPbpqnjXD43P7VqvgIm9FAD5qinvgbs05Kk1Ep
2020-10-14T23:28:40.485796414Z 887 OARmNkCLJThGnpLos3TgCnOzoLRBGbAeKBBNo36qi2iqwUqYbktJMgdtP68Q
2020-10-14T23:28:40.496948745Z 888 H3ZiFDLzfNA71JtYZI38vj6dNSHP1hyCtgzpDmzYmf0SqXRTg98hw7qa5Ujk
2020-10-14T23:28:40.509355499Z 889 LbLCdQ30Q2EIXjW0m8N30B7SWPlw4uIfDQK5bGfL5MUDIQLD6w7kDnhHYA5v
2020-10-14T23:28:40.519269505Z 890 3lJhuDamd110MReIjoOwcIlGq0e5l7AeVuXR5RdU1J96d9RFWwWfn3rjE8RO
2020-10-14T23:28:40.529699876Z 891 o1fMTEDiFXVZDhn6pGKMSPMJXcDg3oBbPY2OIxwZYKwsCHDhLgsriks39ZH6
2020-10-14T23:28:40.541266067Z 892 2ynGU3cvU62g6G0aQn9EtRNJfNrtl6FscdiHVEjOwubHh91BZOEwa8dYT4V2
2020-10-14T23:28:40.551673677Z 893 ZoKRKuwFlGuSyHG3LIfJGVNoXXyTUC2I5BGbdWUjXXjtQEmqZtKM9xeoet0n
2020-10-14T23:28:40.563252460Z 894 gljKVgnZQdsC0x66T0Cb5L9v2F5afoyQKEz5FZhTCMqPdHvBzWCEAOtFjip9
2020-10-14T23:28:40.573840404Z 895 krfIquIl4VF0gJ4Y8HZxlyoB5aMyDfhkBU8JcAWENAaRmLjL3VZeLprwz5zT
2020-10-14T23:28:40.585515531Z 896 zw8zxLMLAVSh5RIeMpr0gYtoHmiQdafBNGgURR4zKL5gkPvl2Pz0wedFwlwB
2020-10-14T23:28:40.596992501Z 897 cunfclAaQYYpCa5U497edtGvA9pNzJYNK2lti6buaUSlzkjTEvXzVDpcWbZA
2020-10-14T23:28:40.608514692Z 898 Gt5pJegwCDIqQ36VdPWXjPmyTBUe2OIZTYlAReRmeF1NeDsTWPpsth2Uu7W4
2020-10-14T23:28:40.620159092Z 899 UH32gQZM7SwuhoRG5o7ZRePtTD6Z2I2rKxosWnzGZqWOcmyjk6Xa3xsY2gBE
2020-10-14T23:28:40.630599024Z 900 3KUm1mVlnVLjwDCqjOnIgM2JRzs0uDdyfy8rtPBGYUG7IS6XH7MUttbFkDmt
2020-10-14T23:28:40.641595054Z 901 ztJ8s5FUlutPbqMQ4cgRjIoPogkoGi3W4JDBb4R62KJ5znGbfAoo2kWAAIkX
2020-10-14T23:28:40.653397121Z 902 m2xyWZ2uSj5oGE9lsEkMTQoAHhVi98RWvh8Abw5JetA8QdPxrHEWWdTj68ur
2020-10-14T23:28:40.665253400Z 903 Q4q2DcqTTtzvs7yKcy6w03cQQf6ruwb1trZwqoNN4BjhPI4Nj40T1Aa2taJ7
2020-10-14T23:28:40.675648702Z 904 mTBKzydbQGKfzxbUDexXMPHjN2DzsidLQPT2a8JxLfc7lXKrqsGWtGBPuhqy
2020-10-14T23:28:40.686528256Z 905 mewYvchfqnwBFWXic8NGGHOqtqgjRYn9gxlvhafyq9UNRQpu6taeLgnjRLIR
2020-10-14T23:28:40.698026348Z 906 YzJ4nGaz1ZllakapoWbX8eMj15rJ6eKzlOhf5WB2mLN3bIoXCIH9Mmp1axll
2020-10-14T23:28:40.708655816Z 907 7Bs6lmqaylY80TroBMkehum29AT0oLJbRKfIjIVt79oVA1J5vrXoLUwdi1Yb
2020-10-14T23:28:40.720282540Z 908 F2so7FNv8p4QRX8x4cqQoZO3klwUbM0xNiboJDlVzSkSuOYX4tf332gZUAPk
2020-10-14T23:28:40.732487824Z 909 YVZYyy4oP7GnwLTRUpfJKOPw7uMTRqrMCy92ZZHljwyHFaV5XhSxq3dEYRpQ
2020-10-14T23:28:40.744292147Z 910 9YcdjbVHhrNWOj4j47kCDuHdNUryOHVIXUjbXUTeEYKPvzOuFRU2zqBvr4ZH
2020-10-14T23:28:40.756016467Z 911 oulSPd3UR7nVsbEm7IFXP5pX2hPmc1P67Sxt9lJwYYLfotMJAY4w2eq4MiuQ
2020-10-14T23:28:40.766614497Z 912 rjtFTgK7Jx9beXPAAUFxCCWzK6u2Z92wLkCJDp56MJTIejrNGBUmP2Ym8fIY
2020-10-14T23:28:40.778492233Z 913 OtrtwBfrhNAx7dQkm8TRf3iNY6aFRJOQFj1W1q70boK70RT5TJmw0BkLP78s
2020-10-14T23:28:40.790065988Z 914 mOqCRtz4M7ALwEs7ATeaEp62pmorKQOnNP9cjAkG5q2Izrtmee0YCbDOLdHG
2020-10-14T23:28:40.800506084Z 915 2VEb64YpYhD1HRjynKL6CGgIQL0B08NHso2rL8a9Y2bgRP0XLoYN4RH9V1ky
2020-10-14T23:28:40.812246626Z 916 ykt3h3iuK8rrojRzG1aL2oiGNU4rQveOqAwgaoqcb7sDcQBGlDZr8LczgG1r
2020-10-14T23:28:40.822958507Z 917 KvEPSttAMclfvNzelrzysMOhqMao3R54C73BA3zXCXoARD1zEu0MGY36qLcL
2020-10-14T23:28:40.834533780Z 918 0T56TdEE9ETBE2J2ElsYOpyPvv8Tk2449mVslvdKag7DMtczA8KDz6eRyhtx
2020-10-14T23:28:40.845655644Z 919 bCMnyPycR5wkSbfUPmyWZGyjF6R5gBkK38NEqy6QIYBf5uUMkYOnX0TwS9Er
2020-10-14T23:28:40.857268925Z 920 P3yMLFuwhdS4fAYooSfS2mVTmsnBGY3ZZ579y4WGrP8oNVnB1WJWv7KX0r3p
2020-10-14T23:28:40.868269033Z 921 SuwPAQrTzVT2z0lVOZ8It7xaLx6mTMPFOdAmDxHBBc2vA7M5kaBIvAb7L1Si
2020-10-14T23:28:40.879236014Z 922 FHs3zxh2CWzIIh4IvTsaEl8fVZtdPlBID5RImLqxiJC6IAZFAdnPG7R6xi8w
2020-10-14T23:28:40.890198067Z 923 onzfVaHug7A1JnZQ71lzlQdJSNagPYRkMhdVEMtYhtsGcCc5JnsRdYAfKiJp
2020-10-14T23:28:40.900571916Z 924 1DazW4IDbZ8pQ0dKHkQxE3v3sJCzeyhx6h0mETsy6P12QMkN4uyxOFGHl1H0
2020-10-14T23:28:40.911920459Z 925 OupOa5vYIUUXPVb2TnnIJMBM7DOpphI8tKQiwsgpZxJN9lONqwtpImmIIoWe
2020-10-14T23:28:40.922531358Z 926 nRGD0po1UOsDfNacIGCHqmyOlDMGtsoMp6oOwta6LUNJcbopTzdAeOMAKKqI
2020-10-14T23:28:40.934047562Z 927 lwD2YLsXeAmQ1i4kjmeCcJ7IuzcX4OXusmEmjYMw2PoOJfxRWlMazME07We4
2020-10-14T23:28:40.944578295Z 928 V7NBvZ9qSC5joQ3G7FYkvQ2QhHB7MVbtbdTCXmEQ8Jm8EukWQOOoTWXCDJvh
2020-10-14T23:28:40.956166111Z 929 tJ3zyo4YvGSoFujEgEs8DLmUg8sOamXDMZj0I6C6Q7bHsUDgOwsaXxr84nle
2020-10-14T23:28:40.968106664Z 930 A7InAslKDaq4uiNb07qpdS401ULSIeMumBYZU7ZxkpQjnkMT3shP3lHetrtg
2020-10-14T23:28:40.978869961Z 931 oAdSG1GmMqFfgqYJjSOBPlhUk2p3Psdz6f6MVhOzmCe59yZPSzEM92noz58z
2020-10-14T23:28:40.989968567Z 932 9s4u9RPbed1gyWtl3A9dGsWMcnngfqgK2yB6V1IG4s5btZWa8evxYKqHmYL2
2020-10-14T23:28:41.000626936Z 933 KqNWpBa2mMc5aQuK12DuCu7cUVY9WjjlkfHDmT5JI88zUlTsDJacVKi2cVya
2020-10-14T23:28:41.012096963Z 934 HqdaLT77V19XyUzTjp3WvEB0qw3CBuQQM7Lh4jpw9XdSko2mrLpcGSc8n2YQ
2020-10-14T23:28:41.022601824Z 935 MzC7VdUGtjKppr5rDcpbpaLZeHABRyL2Fnmf8OKkEf9cCmsrCb5uHCMJ7KO4
2020-10-14T23:28:41.034004710Z 936 EfL3Puu7PHb0glUbrBKCzKs4G9kVzyCpjQwsHmcBtf5wa7KFuu8zVaX9cmtF
2020-10-14T23:28:41.044806390Z 937 mraQwVxVH5f9cVsvyRbnW7oTxT6J59vyO9fpAUTF0v5JvncPWiX53stoEscv
2020-10-14T23:28:41.056190716Z 938 VbA88WwnE48KAR0G0I8VgmMQtDcLKgbZBHzs8vnxqfY94LXZBSIxC4J4oM5H
2020-10-14T23:28:41.066647766Z 939 ypdkEv4CrwIstb56wgFGAyMdD4fS1ynwv95hrdRRqtvtlcEfHMWIYkAJ8XzX
2020-10-14T23:28:41.078453925Z 940 u9C8ioxLSLHFNIg08k7v8ZLQmNzzrzXS2mB3TrWhbN3OCALgS2YKTQv8i9aR
2020-10-14T23:28:41.090246715Z 941 1lllG9N2u27o61fPEJnRpMyPF84OMT2U26IOiIrp1wzNUy7wtCiwL7B6Et7N
2020-10-14T23:28:41.101222037Z 942 2lBcr3ikgCJVFkGyI1Z5B9cdSubkvWGc7gGULbt4YkAaTHol0haDqOCzIxEO
2020-10-14T23:28:41.112251153Z 943 tOgZakmODl9cKwGgeRovuLvsmepUNVZjVLP9k5uhL9ZHUoHfhH0tOlKXUYD1
2020-10-14T23:28:41.123187036Z 944 4kNtvGUhNewjtcqrmv0OWy16HAKpN9jhxyrwOXABt4cvnhZbgBemv7BZDFtv
2020-10-14T23:28:41.134253864Z 945 u1NcbisB9BvRUngid2pHNqyNHTVoLgDdX6xx2NZMAG1vxcFLVbMiiAwp8u3G
2020-10-14T23:28:41.144526992Z 946 w1Yp7Wl2ZjLg2p5DNiQiujqR4malfXtY1E6LIiuRKPifgolFXQvsgzPJdr8I
2020-10-14T23:28:41.156052215Z 947 4VvX0whljYLCo3jzcXvTUHj2lw71GZJ3i2Ic9E2bscdg3vdHbOgdNTYCsrbo
2020-10-14T23:28:41.166820849Z 948 A8IUt6j2OwPlIvcHYpIfPcGrkCUc6wKndkGMLlue1k38Ho95Tk978Ubd5jM9
2020-10-14T23:28:41.177688402Z 949 AKUzczDoSqky6JAMbc2rCGm1v7g7x9BiNtO6RyRM8fTNnKoZYC4GK4LGI57L
2020-10-14T23:28:41.188737758Z 950 XR4GfRpb6RMG2aMhvyGwk3JZSiDVc3vKuRj7FqHqZm1VImV7ObDCMYj3C3sT
2020-10-14T23:28:41.199688397Z 951 AWHgG1tOZy0Vpv02VPUXLLr7RgVAcRSO06RFCM2oyvC77tauE7fBTUWc8m0p
2020-10-14T23:28:41.210595047Z 952 WHpFQt9hStPybMxaEl1F3KAyfTy75DnTg5mSJVKBvg4hYEmOlyHvtEmbOgEK
2020-10-14T23:28:41.222129771Z 953 6yoixjWL7zqsXi5LRLRUHrS5S0Z5AVu89PPUByRPkdD9XbC5kskM4f0DPHXp
2020-10-14T23:28:41.232564654Z 954 UggqewCD1zmv19aJHX3o7x8PXLUu3hzczMNdpzr5NAiNdJwvfwPlltPAKt7B
2020-10-14T23:28:41.244323475Z 955 RUjgYWXFbeLC1uhLPVljYXPPxuMxKH4Xn3q3tjohYS7xAqNWTFopUYaycKej
2020-10-14T23:28:41.254670247Z 956 YbYLjM5LKvJaGEb8FcqwRMMaSRfhqX1g2wMurBRDNNotbcLydoBINHlLvmg8
2020-10-14T23:28:41.265706067Z 957 bCqJghfcWplpEY1uil9gLl6Vrl0RnqwGIVDc7cqCytX8CoxSg1Ssc7GGCqpD
2020-10-14T23:28:41.277420429Z 958 NtTVwED8f6sjcrNPdafwLwVhMnAzL6gzrEKNqTsI62BI8luEEclyii74Suj6
2020-10-14T23:28:41.289219309Z 959 klhpWRKpvqh10i7yyCauYmRm9kYl7SpOuyhKBlAS6RSPzHZidKGcpXJEb7Dj
2020-10-14T23:28:41.299605440Z 960 vXwoh7GxscA2FhXvHtcOF5WvEToTVF8BL7hOVhjMXHG4drrDyZAThJgw8gkB
2020-10-14T23:28:41.311295164Z 961 M8A5acjmIcF6JOIapHivpuzi2pvryE1Ns0KhvjC3Vyv679FBV3qtlIePvIhV
2020-10-14T23:28:41.322208092Z 962 7Olu1cuc6Gav0pjYMWk8G5TavFIUcVRbtLxXy4Mn6PWH9Zv9BwarTcuGiFTu
2020-10-14T23:28:41.333205150Z 963 zzBQ9IDTmbzRBKbaoxxlkfhll8KhBr6DxtocQigvwIThgX6ttQEQXhGkG8U5
2020-10-14T23:28:41.343551275Z 964 Tusa0pVGcu5ZZa871yBlmKPJfm5PefVpozoTRbKaA2u5JVPpSoqEqfXZEmCw
2020-10-14T23:28:41.355158745Z 965 d0ikhDULEvWsBbUEfEEujJ7wUm7c0TAcV2IYnewkH89bMegap6vPnttlIuNd
2020-10-14T23:28:41.365741510Z 966 sRETiEiWQUz0nTiQ1EigymFCR8u8myvejhw8DNilajCrLroMdmDWiTgkbzQW
2020-10-14T23:28:41.377554494Z 967 91VDkRigoTUVdy34e8530X0aNiUBLkFsjLZYclSDP52bmwatwmtDT4Jt4SMR
2020-10-14T23:28:41.389678420Z 968 qMC3KOQLe2sNfJmAfvjGSW7ytocuc5gbRSaC7a1l4sFCdKXkO41ZC4LQfg1z
2020-10-14T23:28:41.401390404Z 969 DEU7iyaZEhyYk8n0X2IEwbxEW2Lxh4jm910zkEEArSrOUbnzvfNb2Ijssvih
2020-10-14T23:28:41.412923598Z 970 tO6YWsLlumOGS8ageGIJx59LeimRV9DfsN52QeKRDEyOmGiAXjYRblc1xtK1
2020-10-14T23:28:41.424543666Z 971 VdydmQjL9ZYneKKHjX4hONfA9kvv8h0zG6gL6ESnQrkCiFfGOnJDHaGMCrMH
2020-10-14T23:28:41.436572047Z 972 TnBeqfq4q1g2MY727hSOQ0KIrbUi2KKiocdmwDYY5uCZD4OjSq5UxZkoqMTc
2020-10-14T23:28:41.448377741Z 973 DcyBkyiwDIexoDUo0Om3r8eCsW5ldoFwKfZu1aGuTCtV5acs52f1491RnTD9
2020-10-14T23:28:41.460148151Z 974 p7URwpPNtnZPGxoNYUgCBkVRday5r7mwI1kGpuYePVngNsYokmzjywMN1xTh
2020-10-14T23:28:41.471549738Z 975 Dwv8kAznqPZ8BZxgiS5UaGFOhoSRVhP7rbhCfnnkjRTjpCgJ8gXnnzHUsZDL
2020-10-14T23:28:41.483087277Z 976 cClI5ks0QzRVea9ebQs1uMidwxwrVN5Tu1ZBePiqzkWwOBpucqcw9BHuuzN3
2020-10-14T23:28:41.494349661Z 977 aZOG66VIllHNcrC3NcnYLBrMccdxk5623mOoMHj6fqYDGS7aTowtA4joxpt7
2020-10-14T23:28:41.505653468Z 978 JnKPWSGWgD8dtJ6ZAD7z74Qmn9Jn3IbPMcMS0pBbUPkuMdhfRD2QfqAstpOo
2020-10-14T23:28:41.517198863Z 979 MZJsY2j69WmBtfImOI2JaAMP9JDnv57XeepbHyoZWm0wi7DWckBSSpkCIeiK
2020-10-14T23:28:41.527616348Z 980 P8wlbX2k8fPK7Iluv3qULfsS6gsAVqlqy6gLDZM5aQh94H8FXYL1z12XV7vU
2020-10-14T23:28:41.538866569Z 981 mfygy2xk6ELMzoe5uojus8pE4ZKYEuAIs98JhBQpGGdO7jc8szsYLBFtj5tm
2020-10-14T23:28:41.550361446Z 982 RHnbFXLOIyHTTqaM7R8TH1r5QjiW99NI2wPTEAtQbYCqQLaxl5LyDEfTLWRc
2020-10-14T23:28:41.560865616Z 983 xzmS8XgybgwnsOy6NSVlWt17KaJC8zFpeIKvwkaR7QDraV70z3SthtBaFQyp
2020-10-14T23:28:41.572666021Z 984 jAgdAm1TASKx7SalVuXHEaW2fy4Xjl7PiYSBsNdwxEOih15rDjDvZxrCqg4l
2020-10-14T23:28:41.584307701Z 985 KrLFJLtlO5CPBm4KpT3a9VZsxBlEOKiLYmaWH4BMd5G13K2GtPoMCCpcERTp
2020-10-14T23:28:41.594607968Z 986 Ppftu4LoLEWOIZklYF7Yprv54tLhqdz9buIud21Cu99NP2gs6hOgG6zPatgM
2020-10-14T23:28:41.605808118Z 987 8J8UHhT7j1XVNR7a6TX3hb5VORjhwiBdXHTcXQKbyYOvIjOnxvl2rb93zWKt
2020-10-14T23:28:41.616656829Z 988 vvNSEBV1AQlbbOwzr3NJuVzP19nWFuXnPt8GvWtoPObxZtWMTvq9hAePqc0W
2020-10-14T23:28:41.628372407Z 989 jqwHRtyBsrJbUKlLWmnguS5zRM9kZvd1VNdhf1NjbxE4iPbiJ6MT9us5yMZc
2020-10-14T23:28:41.640317456Z 990 3VTXeOp2eaKRW6fEDlffuJxVoJPoOLIqFgWenGjlGSs1t710h9jphGuosXZO
2020-10-14T23:28:41.651798325Z 991 L7nYPlLSjnCe60jlTI0v6GT5CYmoJ0S2g6cjntidciMno43ev20CmRO8QnRb
2020-10-14T23:28:41.663467821Z 992 oT3K0Ptf1ZQeiwdMY7qkMnvXyddg4SaumnsesVQvgh2ARP0rXmYcKW1UC2T5
2020-10-14T23:28:41.675290181Z 993 cDE6SL3xXHXSplGQmd23x9BOtSowkNngem96aKD3jTXgqdgcJ08UuHDK3yll
2020-10-14T23:28:41.685662214Z 994 XhtUqaNh24UEAnyz9Z4lJd6llR4wkGEbMhIPIYYqGMXsnSLSZ5A2nFjnaMb6
2020-10-14T23:28:41.697344157Z 995 JH71WwJxOpJpS73MWVPaqdqUbhGpqVbX7FiBVL8lUMYWNclXMCB4JxLAyItv
2020-10-14T23:28:41.709385287Z 996 7SfU9MeFKnvURyhgHgsdFnypRzKxJ6yWXsRvmoXSTOzuftBoRx67LmgzlejW
2020-10-14T23:28:41.719855688Z 997 T1r1N4q0AIIUor5uXJ57EHzFaBWxpnz360PVBy3VBTCuamZoljvFLKl8zWDb
2020-10-14T23:28:41.730423849Z 998 6hJYIODqYsydKnJ5jXbaqxDZ9sx0K7ZHc60uLeSuAhWTohs87zqYmDPVcOtV
2020-10-14T23:28:41.742301767Z 999 0uaAqy5k3gaHI3049XSn0fMCqBLeaH9QSlmREY6dnggma0ZGSGsR1LmKiiDa
