2020-10-14T23:42:52.997742293Z 0 2NKuOGCbVSbPKVFdY1Od6Z4Yo7tJAPeXfxogkoINBFxHl4xt4Djv95sWKEdGmW
2020-10-14T23:42:53.009162659Z 1 GA7pWzOWYwNhE1VKPuLsQ1GqZMdusHxERPywN976y90RxDvniTHW4FCPxcMJPc
2020-10-14T23:42:53.019357160Z 2 dImDbRcYNmmfQnjckrlwWHkVabGWuhqWS7BdbSZSupdhNWH70ICVospqeRgt29
2020-10-14T23:42:53.030671812Z 3 iZFq5HvI22jUipk7jbZdyXucrWTilRB8F9hdc2XWNIX5zSL9wjWOu5asmS2Iz4
2020-10-14T23:42:53.045161066Z 4 8pj5JYiHSeDx1hjYz5MpkushhUHuttnDy5Jjt1ZHwGd5BVlztKr7UFilDZulgu
2020-10-14T23:42:53.054360429Z 5 50YcKZ8X1Yh0tZnhrVySEIVunOWPMQmj7ADbMGtg6kR9YicBF0E6hgi9CGwV3G
2020-10-14T23:42:53.066196705Z 6 89F64LNRwTB99qYLoZg3K8SA1E2WZfTRbPLfo2288TeaSgbQjELDCNKs47A5aD
2020-10-14T23:42:53.077540365Z 7 bXXKCA8n2hw8UKrosnPyOOrLWVZLKGmszhjDtgV3yZjFFUqjRJ6PXyK8QPLWte
2020-10-14T23:42:53.088747135Z 8 CyZRoIp9ReV2UzxwgnKDBV88LDV0WpXfOK6PmEmBzBigOdB3S52CHRwLGtigC0
2020-10-14T23:42:53.100041195Z 9 zmW5qaqKS7XhFyYvN1JPlcWxOad0I7poOicuiHrBZDmlGGQyhsCXayCvKmJypG
2020-10-14T23:42:53.110276973Z 10 d4T9LMSH99J1AzjMTBHS2K0IDa07PgnuYEiTaDZp3ck85WevBf46lkuZIWQWX
2020-10-14T23:42:53.121449642Z 11 emVBsQmpdaSPtynQZvjpzPCxU3WDGJn8ENsQYwLCFr7hvB4n5E7GvEpJ8Pyw0
2020-10-14T23:42:53.132905169Z 12 w5uv99aCorC4ADjhwSfCRlwbehvCybqfYeIwe5FUeWIURFaTS3ZKbD6ppzMMY
2020-10-14T23:42:53.143293286Z 13 uCGGEUQuRIIkmRdLGMuzEYWRM6JpQZGfL8wNSKIervEHYpj5cXKNc8D7Ksvo4
2020-10-14T23:42:53.154773679Z 14 1YVbv4hWx0g71ZnfDywiPzYi6h92vdMrSPV2MT9CMRgdWrKDepfnpNZZzDez8
2020-10-14T23:42:53.166757965Z 15 Ai5kEMZJdzxZbNH53Jwyh3akcqGAXdTX3lEXKrtYgW2DIbNmLmfOZnZkfx8dh
2020-10-14T23:42:53.177871187Z 16 tH2sxOQQWmwowpS5f1zsE5aIdQN7tHeAffYoMvVgSe3161Vf3gwpUlIsVEPTI
2020-10-14T23:42:53.188754850Z 17 VFmcSmAsX2ZbAnLZZNVwqbzRN9oaqrwxD4T9BrHen0MD2ttAKvvZSRo0u5Fdh
2020-10-14T23:42:53.200203867Z 18 GRrVKFdZZUgAulPh0YJPMBmr6da7VEjRuubYxeFjs8gREtP6p81mR44sGpnO0
2020-10-14T23:42:53.211859943Z 19 3yS8bqbkAp7YAyQ0mSOiK8Xum7eDlABQpFzdL7b2V1wB7PAENnF2riQekM9fX
2020-10-14T23:42:53.222208235Z 20 NZsuxzJ0VX0A1EzO28r2zLgRQrIarYN3VqETvqbZ3QDcRhvsyNGxo2yeOaKmR
2020-10-14T23:42:53.234087005Z 21 KyD9FDAzuiStjMB7Nvvh3UMta8J1CpgRJMQ41WfsZIPv9ggxtgWGDnPemKg4X
2020-10-14T23:42:53.245671171Z 22 zDhuYjqEYVzXo5tqvWn3eM2jw40JqnXqK14RKqrrdpRUmrNRwcg4pDZrv9vUY
2020-10-14T23:42:53.257808066Z 23 ruLcEBCX0p69BxCN7PQ0eE7tlEOBBPcPNPUGpmWHisg5Kjomq4yFnRbrL4Nlr
2020-10-14T23:42:53.268371064Z 24 cNEBkVUa8Sp5MI5v79FjF46gW0MI8z1OseFEnwz0N9B9iIDeX8vJNSaPWvU3Y
2020-10-14T23:42:53.280147121Z 25 3nYgDW2y9Jcr0glzO3daBWQ7SD80bXLHH8bmQd5Cqbu5C5NVsI0sBy2ZxeAuD
2020-10-14T23:42:53.291515897Z 26 kf984M4cwnBVqzGDGwnoGmAE4Ok7NeYX2f8n55fhDlnmTC9X68sG7pag8NRD4
2020-10-14T23:42:53.302896677Z 27 TnsHhGDkMDODiSbGeOfBsaBJD0JAE7xdMxMyOG3CiFiWCIKVoBJJD0He3LSkF
2020-10-14T23:42:53.314180396Z 28 749xx7SbVx1yG9ZsDNFbqEty4P9guwCtacrENCpjDihop4n5bmzuwx3kEzT2B
2020-10-14T23:42:53.325671918Z 29 3gBEspdpTRnrvUzJsla7pCQTPxCyZk9ZVa2n9S2qm6gT0k3d9yt85clP4aUu3
2020-10-14T23:42:53.337054079Z 30 FCHXbQPUS4o27uXVFCtp5yuPtQHO7iLs7yYFzPuydJRqRaAx0nBY17sCq31mZ
2020-10-14T23:42:53.347516537Z 31 jqBAjlKZLaNYVuaCNy1gkhPzqFNwdMiEGuWbRwGgTNLCEh73Aad113ElK0LeG
2020-10-14T23:42:53.359238223Z 32 jerB0BbsQAuu7smW5XpBiIDOO9riniFiyamfEDkDpX2FsMu9zchaQGBJ8yy2i
2020-10-14T23:42:53.370886041Z 33 dqx2CIsLn6Ic0QLBTuUVgvURGgQjHGEiLZZCh193XmdMtHWu0acHXbaoWFfik
2020-10-14T23:42:53.381710497Z 34 VP37DkCm49wOI2Ttc1Knbc9CxzotH2MLBERnhJfx7oI8iUcCQM9WGUrq3CjdV
2020-10-14T23:42:53.392934882Z 35 ui3M2sXFlP9DViIVw6wSHa7O1NtVSiFR9nkRMyCq2BzmygOwCXh6hcuG1ACER
2020-10-14T23:42:53.403606281Z 36 Kv4dSp8XWWFv7wzQ4rTrVeJ1Ax5mw8V2nEQdtqzyQGdqGuw2VgUim57WgF1JH
2020-10-14T23:42:53.414344216Z 37 VsDNxdILT4poFjuQ3kt37MmlDSdg0QTb3bBfE2nOrYpNsO5GnIarpRh33vIsM
2020-10-14T23:42:53.426065177Z 38 nT1nRH4fc8ukpdKIYQbTUnzC4n5GHXpw0OD1Z5BwUC0SsSyU8gB2uTQi9vTTe
2020-10-14T23:42:53.437294184Z 39 zGX3H98UorpBr3NfFLK83RO4rXyy7oaagMlVX95y7lafyNibiIdXSZdCM5hHl
2020-10-14T23:42:53.449245535Z 40 PJ9nMn8T9RX9ecVAwcXUOhR6TlyYxJVnpvpPCUhl522f20RfCqaqUffhEQ7l4
2020-10-14T23:42:53.460720278Z 41 RBhGgkS7GOkclRxyY7i72csamntq3Rti0uIphdexuvykkjYfwZHZI6cnnja1n
2020-10-14T23:42:53.471713480Z 42 OcZYMcEfHLbkb4Ty7fNaeiUV9cxLH74r2BfLORwq4PCZiJznnaxl7sZAZApFd
2020-10-14T23:42:53.482603907Z 43 p67Vv1RPlUdfnIhRlBebYihf8baA3vo66ZuFjRBEAmOV0WGhRZ35r49oVwj9U
2020-10-14T23:42:53.494419110Z 44 g12DTEv9umoPZVdMivL2N3ytuQmsOgoNjFAnhbecTGreDwEoy7PRAKVrXXJiz
2020-10-14T23:42:53.506188262Z 45 o8xkFglVVveTszA8clVa2dUl37uemRpf7pc6MfPLGwttgG7Pa73olIwgq4JFp
2020-10-14T23:42:53.516728639Z 46 MY0hNVgM8DgljIjM8OwLmpga3T7qQ3U3pR9aIO8dga3tlebW1ENeqlWF5Ij3d
2020-10-14T23:42:53.527430772Z 47 BmiyNc6867Q6yUo6lsuZi29kkFRCwpVPQIQoIWqGOBWYY7flNycmKc7ybdRmz
2020-10-14T23:42:53.538980036Z 48 AcvNwHQc61tdsCLemtYU989U77B2tcpXGFaIM8Za8Vreyan0ZDbVFOHoa7SKv
2020-10-14T23:42:53.549571412Z 49 DyNrSNIfhuhyXymvM603k1RNF3VwTRYlIewTLgrbNJn2ePxiBatxU8GO4kfXl
2020-10-14T23:42:53.561235399Z 50 R94L0we8L7cAtdrXCYQC4Co95G7XnIxmNMymGOGu8tD3GuGhDbXxViN7atudd
2020-10-14T23:42:53.572927708Z 51 7sJUp4B80xf8VxlXFTymMYgUtmAMUdg8CMHvfG25UsGhQqcAU1pPsNr2GPt9i
2020-10-14T23:42:53.583540471Z 52 UARsZp9kzCS3CAQTwCfvwDwLx94NjPSNXK2aLJ8cgbMOFLYXfApq3HeqnCJoY
2020-10-14T23:42:53.595263513Z 53 vr9ywl5vg5sagCJrz3EQ8gd9y38Yh04rxGQoYGhS7wU3xoi1l3e2CqEuuLEIh
2020-10-14T23:42:53.607233859Z 54 2aZblTZDcqfdF9NFRJ2Q6MB9bOqZ25tIPwmmoxsFgz4ye6zv4NX2srnGvOa9K
2020-10-14T23:42:53.619244091Z 55 Rfdfjf7jRbqOz4Sik7t71SiRIVSCqSHCNOGp8HPyMu7faydTadegqinkI2TTU
2020-10-14T23:42:53.630059622Z 56 CNXYldJK460XxD3rpjKS1QBzt356SWdmbcuWwf6IlRCP9ZtcGrHqq5mFFPuCP
2020-10-14T23:42:53.640685889Z 57 LQYoCqLDJRcuM9vhwEAF8taHqX3hMPuheI4HSDotoVrqpIk2vFyz0O9Jxqq29
2020-10-14T23:42:53.651495544Z 58 Qa5Z8jYLeAPjkwGG7QJytPX63iLvol5UotjQENXcBPuf974FuIw259QY9daFf
2020-10-14T23:42:53.662308393Z 59 lfpd7RDeggOQ4BHfyTTcfDstMV1OdF4QU91WcTSd6ljlbBjretnD1S0gzm0jn
2020-10-14T23:42:53.674126218Z 60 YjNqMf7c9ulQI7QkEMVHmxkvTTzl3XDCRpm6n1agfsEoWdNzrdhIfwslOpqsO
2020-10-14T23:42:53.685952004Z 61 In5KTBIxqIYdXop0DPVI2ynyuhG4y9kl1BdF1G8UqYqpxrHVfMqs8keigPAi4
2020-10-14T23:42:53.697046122Z 62 0bkO6gBMmZA03Xs2riDt0BjaukkBWubOPcM6AI6EBeMmVUvte8EW39PbNu8wp
2020-10-14T23:42:53.708503172Z 63 dr5QNE7DCqsAlkxSXkANC35TlbDg95ub88Mlq5WP2PpeBaGqmhPkj5GLnFrTN
2020-10-14T23:42:53.719556960Z 64 vYTmktVzrRHLbrQhlZLUyTVUZZsNsMWquZE8PgzDg3oKYsIM4THf9xgUQWk04
2020-10-14T23:42:53.731282745Z 65 kgn5YTrK3fVJFYIKhyurJGTpqcOOTsxJEub25KHY1eYFij4DAMhoR7UfcL43k
2020-10-14T23:42:53.742910676Z 66 QfFPE1zYWB6sWSsqOnov6CzS25hSBcx8FySgAFQe4dJH50vjWtEvG62TfmXiV
2020-10-14T23:42:53.753510236Z 67 VV93YnnBdngL3YV7HPg6Fs2BG52L1T7NWb2hxUrTGGXqILg6PRDJTnmf1hiW6
2020-10-14T23:42:53.764792303Z 68 OhbLONUaAT3oFuvIF2lHFPNkq8J7gfxOML9FeD146Fx1IHB3zZH4eeOn4PQSQ
2020-10-14T23:42:53.776357801Z 69 8CfhmrfryzHu42mTHEaATvr6YuCevvyuK1jXa6HufXQ8t4XHDScmpR3WUlRN6
2020-10-14T23:42:53.787916125Z 70 lrv42fQluc9TmUxhmj0NSEZf2xOoyiU5a5HSX3dqZXtAqudSRY7VxANzdFhoV
2020-10-14T23:42:53.798947757Z 71 nIEyWKajVEExU6CFyX1bd7WTTJYY0Ij8inV2zNJoWVsp7tFLGm7UWJTh6E303
2020-10-14T23:42:53.809485648Z 72 wE3V4Q1GsbdtOWohgNGCW1nfpiOKmd9CjVLmKfPtIpAlbENMFKGECtXUFoQcq
2020-10-14T23:42:53.821187582Z 73 Gh9mAicMDVGwBUPd3Tkb4Tyx2mG7dxt3GGuibauZ37LHpDRgKgRArCVuD54mv
2020-10-14T23:42:53.832188250Z 74 4voh3eAXzaH4iP21FdW57TOwDEepBEPuRAz0toLMyWDyE1XF0t579yuLUTksq
2020-10-14T23:42:53.842614974Z 75 tIQeCki8ceGGqwA6ukZ0YAHJOZ7uNW1Vr1OTzWlL82nDYpkEqY7xLUUuLsX0s
2020-10-14T23:42:53.853548935Z 76 mfEryCDHGmsaqUB6I5ayD6ib5q82KSUcgHI3AujiwfceEQLQqdnB8ALgifJjh
2020-10-14T23:42:53.864962813Z 77 IQERqWCljNRBdzsedyFddYFqHgZf5tBWZ0oy3wIjia8hDILuLIb7jqogAK65X
2020-10-14T23:42:53.875398260Z 78 R4BMnFvoJCsK7xPxML29SK4NkCYgV8gNVQkVkM9KYlzsY2cFyAoqxWBMraYAU
2020-10-14T23:42:53.886975613Z 79 2WHEpNY8JQQPQRh812HMN3MJHMXY4ZjK8bcrDgYJc1865B3BGxhT29LN1FB1h
2020-10-14T23:42:53.898066475Z 80 ywd60nQBGiG1oZaYteAZtfjUwTHL2I7ojI5AYLbhsDGDYOW9Wrq56kNrFq4TU
2020-10-14T23:42:53.908579553Z 81 Uuam7Vqmm0U0OKvD39y0ZggBWGhLLIGj1PwCGzxbmu7PHfpOAenhcOnulCwV6
2020-10-14T23:42:53.919947522Z 82 0DTdacndzFprOWucAF5MzgiDlepnCtDrmbelcrSKM3xqGWO7147py2uJsh1Ir
2020-10-14T23:42:53.930418417Z 83 wP58xvTsdfDCiz11wlZcYN6ULxLWuaRZNhG3nemFpjbi0U5aZPMTkoGZAzjqb
2020-10-14T23:42:53.941987189Z 84 SfTUNlp3Gzkk67YRSPzvN3GKsyH9O7yrvNciwu1Q9rX3UIh6NurfOSUHDXzqG
2020-10-14T23:42:53.952506390Z 85 B16dMCebRupwtrtTDUibpE05NihAVlBECWp63kBorKSgaNTBaSqxpEgOsajOK
2020-10-14T23:42:53.964293411Z 86 wpW1gHahg8hfjOpEUTEWvKzBvZb0JBesShjgPAQWkyoATfOx8blRfJPO7eIE5
2020-10-14T23:42:53.975661348Z 87 nyZq0K7tfjOAH9ajrqGfWlcj3ieY3pIMgjkMTXhyyV9cdqOmUwjSjUWjIv1jD
2020-10-14T23:42:53.986195493Z 88 ZUx490oFApKd1IOyA7MW7F5aSUte9aWfAsJHqYaHiAAC1477Z71ViUtRWG3GP
2020-10-14T23:42:53.997260205Z 89 swNGcw8LAj28x13J4DQxOZe5PK9e230s5GBXveqNhoV6W6fN2KDoYDUchbKox
2020-10-14T23:42:54.008851072Z 90 2Ee1cCpuamvcnNDD6TkKBl70dmsSQiAtxnQqWwKqg13lJQGw9qAz6o8dISkiN
2020-10-14T23:42:54.019559287Z 91 b7NqpDL2ATMKFer4PM979sFGqlUmOVlKW37YvZuAHMZYCErwrWeMQr69gkS1r
2020-10-14T23:42:54.031216911Z 92 TZVLjD2XFpM1S6GMP4c4k3EbelHNLuitfzVe4T7YRzCwADXOtID7i9GTM0Ffa
2020-10-14T23:42:54.043458777Z 93 zbyrb54R3zMIfHITqB2dLR4n260pJSId6O7DQYxYzA04PBrBDxbR2zbuYJJQL
2020-10-14T23:42:54.054870710Z 94 uQe2SlOFlK3WjuOT39jxCDbBc0vVI02n9Vg8LoNIFAZ8Xot0iMJY1Qc8uKCGq
2020-10-14T23:42:54.065770325Z 95 9kph6aTCPyJTA6O1GGsye5GrqG6aBAkaGYfhsGA53Kn5gjDFvof1oUhcjviH5
2020-10-14T23:42:54.077442071Z 96 EFyahafL1nbHtavKuOljFVGWAeo360wJUgnbOQMsT0iuC8HdlGUtBZEFOGIqi
2020-10-14T23:42:54.089483539Z 97 IwviaiCnCcmE7cuzWLBAOL7ormfYtsYuLeYUzJvC20mGYCLbdf7ARbrVBpcw7
2020-10-14T23:42:54.101164848Z 98 j49C9qgsjjCkOfJvHSBGaWeTkHqYfm1hhQibNFkHxGfnFGBtCcboxlzvGOS4V
2020-10-14T23:42:54.112957456Z 99 NphDLBoGGXp3yzCOlznhD6Fcx6xPsBVqlmuwugDswRSk9FZiqaat4l3p045Ge
2020-10-14T23:42:54.124154856Z 100 Bg5nuBPKXv9SBJvdi4IDp63tEZV3riLUDWkAsP21XJd26CkltO6UK29hv5h5
2020-10-14T23:42:54.135760527Z 101 4aPbSJlRR3ynTbWUuuuubnOALEhq5TBJQ77AKEgrGvVcvTGtdzOJqjHf8XUi
2020-10-14T23:42:54.147063294Z 102 tvVQW5i5jmlj4ufq8ZsYICm4EwOHtLe6eBU0oUU58kcd7wSV8JVvgPTy5R9v
2020-10-14T23:42:54.157957234Z 103 EAMv4AdNzGf0lMHGQnVza0xdEjdZUb9N3DIrfFBOc8RwQn79TcsZJhVPzPwr
2020-10-14T23:42:54.168453591Z 104 lI0qtzbUm9k4ZQVtg1JrdWQDklxQGQq7iU1wluJ58REVoc42UsgDS10QmTCF
2020-10-14T23:42:54.179867444Z 105 CXmzK5NHbAviAA09i4mtwLxb9JOCrvfaqKAtfKa6My5frO9Y5EoAA7bfYE2q
2020-10-14T23:42:54.190338456Z 106 kRCVZQY7P0BHiLV7sxqDOwk4E2hht6xmGKFo5BUA5LOIZtFAFhQQuWTsxr1A
2020-10-14T23:42:54.201891271Z 107 TPBxm6F7SvhNuvZt5wJDcNeknLsJSZXYoEhlMEAXCaeAnLKJrADroGuYcUVb
2020-10-14T23:42:54.212506979Z 108 FFzFzdhWWu8jXiIeUm4DOkIHiXgw4drLw0hbYPNS47xgTcicmZLvCVCUMKeb
2020-10-14T23:42:54.224306101Z 109 NcPaK8ZEZjuz66GOUe6SkCVJEbw6MmN0JNo6btXwtYmqPS4rW9YG7ZpgFrIc
2020-10-14T23:42:54.235385262Z 110 9O1jRRlZZLqeMvbPaH40GbGcZu8rQjCAWKHr6Vq4O17uiXeZiv6nlefvcc4O
2020-10-14T23:42:54.246479200Z 111 qmnmeQQvR876YgoBUSaCEXKyaLVTyfYebzwSI6fye327IN51e1tTjKqMacgy
2020-10-14T23:42:54.258078696Z 112 LnRNBJaQVT24j4q0Y5gTfaGetwYO1O0p1lSC9e5dTDvU4RBMAqMywqfL9q35
2020-10-14T23:42:54.269610379Z 113 ijkQHoYQFXvNYSzqj47on1vmEuFFdjEfv1vC0A8KFQ0N966Kjui1Zj6PxayL
2020-10-14T23:42:54.280747858Z 114 L8gy1rJaWDKZoDBb9HYBf89qisze8JKhw8EYhKWnQg9QQx6KlWKQSA2rWbex
2020-10-14T23:42:54.292495751Z 115 Ji1fdPsRHtPMWEzgaz54XWz3RheAuLaR7wi6uTKrk2XXhkSJCgoq7I0mmx2B
2020-10-14T23:42:54.303548178Z 116 AElEF4dwrsfb4bmNEM8t6kAJjjWdBqP8xiBHtOwlBlkyuqeEwRBp2O8sQKxT
2020-10-14T23:42:54.314781055Z 117 5BhFUKtVP7p1naov0eNT3VH2UkAcZO8BrEVOhIEy2SsFYI0c8yoIKZwirV6z
2020-10-14T23:42:54.326022536Z 118 73v08WNZkL1MSBqE7AN0bJRddZ0iVBVz9CNFlkWjbyDs9rLBwTRkIF6HomE3
2020-10-14T23:42:54.336546276Z 119 Jlsq4CWCzWUU5EFDXr3xuEmDf3aGX4R92RO4UbCgdaKRkNKXFKjdPsdK6uFI
2020-10-14T23:42:54.347611948Z 120 JqVILPHf5J9cUCSEq2TGChCPOmHhcVLZYBDVE9kVgIiehMY8lJlPx5F4nOJ3
2020-10-14T23:42:54.359414257Z 121 0hJqGBA3mzpBhAAuXIBr2sDvbaw09eJ1ioP0dc7ujEuLTOe8EpTpqani0rtp
2020-10-14T23:42:54.370978421Z 122 XwSXxcrf0KSqnLj8HXpBXaggfSUKgi2SI6C2BjoXb904MJiLEDy56xCwu1Bh
2020-10-14T23:42:54.381686628Z 123 YYmzimRZKqFva3uQd0d8tqsUWwXAjOxmvq9gie4OyOaTRPOQzk5nFlW70BRa
2020-10-14T23:42:54.393352001Z 124 rnskhoKR6lhoaJutj56XFpOKDAoiZ61Z3QQtV1gs1ZAV2dneB2OF8ZhZqA4i
2020-10-14T23:42:54.405009722Z 125 AZmqwZTiMb2ma8bcWBJXQeuVuwfYndWKVWbbuWBLWbMiuTZBt8ods3BGjKxV
2020-10-14T23:42:54.415734077Z 126 fqYGUhLREtcrK8i0MUHGqLynQ2Ol7KqkgeZmLtlCu2Ka9CZ5wjeT3lOM4S81
2020-10-14T23:42:54.426526762Z 127 ogStXRzISp0XvjQyy96EjpGDEGccTPYK7dCItmaNp6jreUVVvbL0cmy23oBH
2020-10-14T23:42:54.437723921Z 128 1hSfUrykuiL502jpwoiDDMFx8pw6HIzgyfk7HMOqTdKvnLQU7vkE2iWfxXju
2020-10-14T23:42:54.449143042Z 129 56Hh6vfniiY6t7ekM7231fOF1mvB0HAmCTc2smfwgixGSh76FbVgYeKcxP6y
2020-10-14T23:42:54.460949556Z 130 o5ifuZqAC0K13ZlqhfbN5e7PDHlV6QVMwmMSyQPioG7Ff7XBEcTFnze6QYc5
2020-10-14T23:42:54.472246842Z 131 tBm1twogkF8lyTJQ6P2GSf0mhIUgQYVAXsVSaGyjm2OuiC2K7FwkkH1o3soM
2020-10-14T23:42:54.484222756Z 132 by4fTDsicHayg7KJ7D9Hwnzbc8tPRztmiyoR8SH52l32nSgDAWThSj62x77E
2020-10-14T23:42:54.496101788Z 133 ET6T9d0yPRT3Xk8moSJDItiv86V6TNyjC7unIJD7gZPIJiBegwzfHYSotOr5
2020-10-14T23:42:54.508142269Z 134 y2wE2IFEfrqUs6y15yYGdSK1Cu4thZILaWs0vmn6Ns0W2WljWABuK5rRRFaa
2020-10-14T23:42:54.519244791Z 135 jvN6tJivkngEJeBVhbzl63KvJ5QALVwBdCdkguTt5mwxK62qyUp3U7gt3Sd3
2020-10-14T23:42:54.530280038Z 136 knlI2cKDdCmMsdd93pXMZ3KqBqvxmf8XggqXRyWldDfayMoWLbRGQ37NHbRC
2020-10-14T23:42:54.541971002Z 137 rt7CE2Gl53dLhv2SIpJogKvGtj3INsoWg3YLZDxXtjoEyyfezNZdaGD3WsmA
2020-10-14T23:42:54.552505686Z 138 9ucoU0pcS4uSLklRnq6gmyoq0jsJTbuILKKHPG3SH3QLMwpaa49zpI3uFX4u
2020-10-14T23:42:54.564216960Z 139 T27gZcId1w1MyOeLeSQDeGn8VOXl7m6Atl1ehsHEnGcHKQbFtHso1RfQKVzl
2020-10-14T23:42:54.575431361Z 140 TJUuTbGe5qnLgJhS4Mmo2fNbXJ4g66VUmHPDMpXAeMxHiCRaks2Nv3f5gvUt
2020-10-14T23:42:54.586366964Z 141 RkgP4VcwztPhW77yuXHqpCwjdYDkwwD9WtWrYoJnIbFnVQFJAFnux4Z0V0Bm
2020-10-14T23:42:54.597933159Z 142 RgNAL94qePSopcqpRi7ob0dqrQcAxAzY1KNWzvqG3gizw42SyMsdfNRXUUJi
2020-10-14T23:42:54.608487895Z 143 UZozXCrYrJ16OTVXJaWRApwfF0u2oM61d5BMvT0fsRivDGzN1zIfzbFXCMrQ
2020-10-14T23:42:54.620287209Z 144 anXwoQpZfSGRL7fLbnrRxQNaDXRJ3OjipkKbBPmrfw2UGHHEWsiJhiI0mFme
2020-10-14T23:42:54.631539150Z 145 R9x2DL360USQviWV9rqVi0kwEVA1hJgvJVZhg9HIRSLDpmNIR39nqYCsEy7k
2020-10-14T23:42:54.643222573Z 146 rjNX0pwxmyZ1jZD6k3FncbwWhlaWk9H4LZaJ0PF1QOnE3L5jZX3yxgoA85na
2020-10-14T23:42:54.654763227Z 147 Z8Fp2MJud2v41dvpKMHRAoJha40Ls82Dd2gpF2Wu9toabWOn6VZCSElaoc4K
2020-10-14T23:42:54.665349624Z 148 oCRy0iPM2ZFsRv47n1gdVB28TFiyV5pk5vlEVLOFbWkEXYv0jO23dRy39wtu
2020-10-14T23:42:54.676688784Z 149 5oRyEmUrPM0L05cx5GIjjd4vMYlAOu0RTW4gRaKTqn4p55YzQ0GxSrlKCM8e
2020-10-14T23:42:54.687846069Z 150 r00AIGksBo0KsGOWNr1bPhjozqUpJ3CDiLxXJibRxOZM3Wc2oZ85S7ulKaWT
2020-10-14T23:42:54.698592217Z 151 hmxGADMO8RESwj02gkDyb6VeIn43YqbgS2awA4Wv6NG00yldtE0vaXNzUxnd
2020-10-14T23:42:54.709787854Z 152 5p29kVDaXmaanqaiDOLlQNmWprnBhU7LvIhaADOjGNJOmhWopiN6wvhtVq5Y
2020-10-14T23:42:54.720518774Z 153 PT0gDtgTG1TbDBOwGI3b6HVMRTFpbRk25Ua4zzF39mtE3ITlVFpmYddco0XP
2020-10-14T23:42:54.731968371Z 154 o2PG8hfG7jnMDZ8T5U12Z6FDWqS0A5AACjkJPOQbjsZ8BaDUGwhjYybUWawN
2020-10-14T23:42:54.742438413Z 155 N6amDMrlLUDQQ0pfOIO6p7uRWIQV8maa59nchwcJ6gyMWd56HzVzaaPamRb7
2020-10-14T23:42:54.754239701Z 156 qZ7nmNtNdjEI56Ke8Sr8EOCrwyWvImvhvbJLrd5Pg5ZgS1BiP9O2ngqYQWC4
2020-10-14T23:42:54.764848079Z 157 mxm5Xb6GCyCnuGJRfhWgfwR8M7DxWWzaDbhOKk3ML2SuyoTPZ8JGieyEg9u8
2020-10-14T23:42:54.775485676Z 158 aULTRIJpfwwxo4azU4KbxGeuGLxpdCTlU1Jk5QmDU1wXJsdHE2sOUexk769V
2020-10-14T23:42:54.786661520Z 159 0VNpYitnxhTVBVsL8Z1dAFsDufZdiKOwgPGjqXJ9SR2COzjQ8pmXL1pSWQzZ
2020-10-14T23:42:54.797512147Z 160 loY7n8FlO0uR3bOQ5BolIdzgTvwpJb3mVyrZ5kslPhjVfEYl4rt7gBfGuAL3
2020-10-14T23:42:54.808409997Z 161 Ez1K0jG65sJ6r9cQll37mqOrD31TMvdKtoWcmSj7q2i8vN7mJvdaur7hoiOz
2020-10-14T23:42:54.819428216Z 162 FWJ1Z80WFHJPOZCRNm3P0izCB94TQiloO46GhnfGnX01l3yABEICLxL0sFWy
2020-10-14T23:42:54.830517763Z 163 ZE7naA1P3KMwlCaxKDx1drt18DlfvmhvhEBmF9xrfm2JC3hEpwO2aMehizHK
2020-10-14T23:42:54.841713051Z 164 NUOrv0ABDdtlYQX1zJ56kEl0dMq5vIqHpKUZCUhyXvelvqIm35YiKje2K23y
2020-10-14T23:42:54.853366625Z 165 un4Ojxtj7JANbnKWuzJW8SXmKR5lFBTpXUR9gzsFPPeIpNjTpKitnUhj54mP
2020-10-14T23:42:54.864857605Z 166 RWG75Q0RwRlipYBBe7yGaBdTxH6a3CaT3kES885X2qZjC6GWI1aGYue3n31R
2020-10-14T23:42:54.875477372Z 167 7RODcw16VilolvSOHt1NtuX7eNMzZpMcH4pGA9qoTRbxvUTndHQbfICiU7Pe
2020-10-14T23:42:54.887316398Z 168 O6Wq2MUs73nVSFiIVJRUecpovviPMFBwKJs26L5yjrh79P18CV0T61kfnFmW
2020-10-14T23:42:54.899234306Z 169 xuxFdcmCVmsnwQCpYkaIIg1FyZXCqb7qugHZca0aQLo9Z41KavkAE1kDC8UY
2020-10-14T23:42:54.911008737Z 170 saJjS5mldO7FFOrU8Kog73zLaNmPACaesmQ9tbPSeKwqpQ9IWT9v8DW2xCjl
2020-10-14T23:42:54.922132363Z 171 R0CWSZqdFo4Sb430CJ2HEMhkCAyZP9QQO2wKR8XqBtd3IkTVtN0XUT16mHHp
2020-10-14T23:42:54.932889583Z 172 j9YyZa2cA676F01wxYpBomKQOqM0ZJeapP6Cxae4ArtzW6uf4vvRZaK3x9FI
2020-10-14T23:42:54.943684676Z 173 Y7mwLNMDScNKgdOdr5dNgMJw5GV4ScQrgqL42nPHGvD3536rPLc1WsUpArcS
2020-10-14T23:42:54.954960784Z 174 2GZtAzOPATS2HMpv2SuA1zGkYr1VFdYikwP2VpmlqsEvImJDGFT3atp39tSv
2020-10-14T23:42:54.965662461Z 175 edEAnDGohgW9tanLQ041snUjpN0Yh60Q6OJrMKyTVGTZBf1RWShK5Fgj1u94
2020-10-14T23:42:54.977691604Z 176 pMJP5SdTwwskzL7mTkYAovRYvmiMtv2dV5Qz5CcJNSRx8EMnKecJ11O8nxKb
2020-10-14T23:42:54.988778005Z 177 gKtcnT42pLTKO1SEsmJniGtMvQpDEgI2sa2PPHkXwz0NAV2D7UAxoQA2XQuG
2020-10-14T23:42:54.999367684Z 178 t7A87jkvcIJtIvOY8aDHiy5j60VbN4ypFP22EfM9D2q6mBifQIfsMSzhqx5H
2020-10-14T23:42:55.011230249Z 179 CB7aWbuIRDAYi3QdrOfdJElVHLg6iKA6iN815XjHuGp2EtNAcNL9qhb9yCCY
2020-10-14T23:42:55.022815451Z 180 ZVe5583OvQaDQL54qrowvmfJ4AogpeWymMBa8uZ8hXyeuqAtdm2z3H0VFrm3
2020-10-14T23:42:55.033565248Z 181 Y0HZQ0J8On52sqcib6KYNMDYOoAv8bM8rCTSLP9qMnFlZsv6u481C775EoMX
2020-10-14T23:42:55.045275347Z 182 NBZCD6TdItR5GSkBoPN3mpwHfQsqXG9AZr9drLns0usZUAA6J1RmTBxaTqsb
2020-10-14T23:42:55.056890661Z 183 eNWTinasWVMXXZT6MJIfSrX3aXh0pW71yhZgDYf70Np7zhTa7syBYGgQIntg
2020-10-14T23:42:55.067927108Z 184 X88hnBBwRyiooISZSPTnV00dIpPO1zWCn56fcohsxZKdspJfKQExc4NCwhC9
2020-10-14T23:42:55.078934599Z 185 XPqV2FGLr7ZQO0QRoeZrKDYcAQ5P9pp0UWfRaAOVLR2rWMBpeFzbVu7nXmLu
2020-10-14T23:42:55.089846571Z 186 yk22aIlyrHZT8QTgCTV0q12MMo8b5LYObVjINT2Z60iaykNtjbwN3S3q0Ejg
2020-10-14T23:42:55.101221249Z 187 rptxS4jZdDolj0HASoCFIlOGbySvv7XJmA8TFA1sIPpXiYhZAIE95KZvAKEu
2020-10-14T23:42:55.111916234Z 188 duqTezATv1ErfZlb97LIXED57V5pX6yfAYozO7dpUJiruCyK927DJwWkBUWN
2020-10-14T23:42:55.123095314Z 189 9JPPgnHklkMDANHpz794C6TdbuQDAmx0CnWIpfl8McM5ngfXHhU3WKxhZwMx
2020-10-14T23:42:55.134645580Z 190 xCz9KKvCpyy0SMdbu86LspWRhFVvI8OkmCIXGC9buwfuzJ1NHC1pUVtJGClA
2020-10-14T23:42:55.145336386Z 191 GJoCIuhlfQ47JruqGqSUFvO3uG883V3710rK9S71tXHQdck0vKTkEWwavb1f
2020-10-14T23:42:55.156966450Z 192 zdKw92xpB9BCw8VZom45vC5VY18xOXVhZI3IdFtPya0dojy6KKsEnOd0hV0D
2020-10-14T23:42:55.167441678Z 193 KsZfCfpyUCpP1LeohxiMm9h5kAAWsC7dIRnpJ8hdtLpVOBD7xplwRrfUFRro
2020-10-14T23:42:55.178842722Z 194 u8yGZtzLAGllmQxem8HnkkCC00Isy8oo6UAmGrptQNY0XD2sKAr94YSw4Ipu
2020-10-14T23:42:55.189679675Z 195 APaQvAoNzcMnvqBzTrHvEhCcygj5klJ7U5HgWEBjYeuOMoUDSkNGRLJFtibG
2020-10-14T23:42:55.200597112Z 196 U7MO8nCw8fuQxvPHaX7zwRJyKWxt60nzkaMlpwuCXUaSJ1LUIQKBw1DVR4Bq
2020-10-14T23:42:55.212369449Z 197 fy8FVwBhCOXh3Jm9fuciArkt0pNPYNhPyiU9FdvJ52T1qS1ZiFUlCvTk19GM
2020-10-14T23:42:55.223418648Z 198 YzAN2zhCNNxUmssdylfUzFq9pu0FRPQ0cx3m625DetmTIMzSfjULTnKsey6n
2020-10-14T23:42:55.235116739Z 199 BAJFW8My7Zaecmk6rFDtOPLkrmZQ4DmXZd1jW8XRcmWM8RUooPD6asuTnLkY
2020-10-14T23:42:55.247075349Z 200 Spanlt3hsrkCMjdcxyi0e75E84SEOTfAXuiallj7o7sK7TOglscFP9EbpjRY
2020-10-14T23:42:55.258522389Z 201 FjFmveFMMrL6YozTsOp1O0WCvFF376YP0WhdwX4MbzzUsT11mEYjogLz8MrW
2020-10-14T23:42:55.270032965Z 202 CN7EIFIctZlbqT5dZydW5D7egoa3JIziEmpfjHmKq43uUDoYTIzvXZPdPrtz
2020-10-14T23:42:55.281251654Z 203 VNoyYNNfiC4V81K4niU80LPD1hMOHJj2PYimNvtD2Qy00KyuyK8f3NZ2XfVv
2020-10-14T23:42:55.293115844Z 204 l843TV0a0dFSguGYls5nAmKBZJlY1ia5M4b0R2v4rKnDqo9gGEC14vwU8HCV
2020-10-14T23:42:55.304222854Z 205 k7GDhfTrrVnQCL2unbYb1ehCYZz0Wd4ndgmaYn49Ql5mdUF0oPGCmUNs8d3P
2020-10-14T23:42:55.315294876Z 206 t7Y9fCMkvKlXuUQ7Arirrx7tCBL4Cq1KH470C8P7j2yWBokNoBjiojn3cuba
2020-10-14T23:42:55.327236215Z 207 BVCCBYTE3DNmNKxkVEMzGp9JKkgeitnyQxMyJGzNnvsVE1Wz21gSNg2qkX8Q
2020-10-14T23:42:55.338484116Z 208 Rb4kmzjCAEserhuq2CgLdxkmne5pJmKOYtEPiAgAvZOe8g4u0m8jNIh57RSp
2020-10-14T23:42:55.349997135Z 209 ZhQvdSU5kiFsdESlbJpY6jQzxhr9QlDmZ8O7InpxRPjWucWOlNwXNyYTFKVn
2020-10-14T23:42:55.360578351Z 210 3TaOAdY0aBkPcFu4WO0Qv30G4cBXiZuGtGgRAZHtNaYZ5FmsNhLjAcw3ypVa
2020-10-14T23:42:55.372132184Z 211 jA16FrVCpWRTaXjVjvKr4rdNJfeweQ9W3BAO7nP10FRBOy0eykD8OwUUeulj
2020-10-14T23:42:55.383100474Z 212 MefzXZ8GF108gZByTFPZftcPWVZIfQzP7AAaQIneftD1HkpIWe5nK7OYTFaB
2020-10-14T23:42:55.394499017Z 213 7NZl54LREc0AIAjwBpT72U3oarr8jQf5B98848JIsktq4DmTs07lnRJxThDX
2020-10-14T23:42:55.406302295Z 214 zR2d3PRbIuardG82UlP8G3MkbbdIJWezjr6Km89wwOyZ6RZOqHvMQxdhKcdM
2020-10-14T23:42:55.418252676Z 215 G9lMeHC2NFI1cQ27oC3kgUnQjgb4POlvLlqkJm1QhUh1Lqm1jpdWKP5wOyJ0
2020-10-14T23:42:55.430500378Z 216 Z2CWn7DD98TmRnuRWmkH0Hi01euz4qPAnbbRl9uketBCrlXnVblkJFcKW8gU
2020-10-14T23:42:55.442124350Z 217 0tdTWx83yBCDqj2owJHDfSPA9X3QoBmmsgeq7qlSAhBULcfySXP0IWAJy6S2
2020-10-14T23:42:55.454113040Z 218 QUydXkDqL7MMLxNk7hmMv3DTr2BJNmYxgbwAVwIw3q9zhLnMC3cqF0yFF0VF
2020-10-14T23:42:55.465883882Z 219 0Ew3gatsXf9vI5rRVs5v8Gq6CDBMkGMUivp2izSKkdGWuAVO9WPdYUPywEpl
2020-10-14T23:42:55.476454535Z 220 Gjuy5keVQSktbjFjoMCTRHyMmeB0zbVpG8IxzukSlOVBuocmG3OKJVM0zyZy
2020-10-14T23:42:55.488125585Z 221 3rTsj5KKPEcsTcG0Tqbk7vHvZY6MiBeraJCyMWqRwGUyOy5gpJJp46o7oqaW
2020-10-14T23:42:55.499545262Z 222 IUAmscFtPY1fpkwHIe0KSo9RUAwDdoddsP8q5ITG7bS18WrYbqO3mN3dmcAG
2020-10-14T23:42:55.510532323Z 223 BjySQZlSXj9Qi0gq4s773tb6HlH4LTmG6QTedQEFm7vcKc3LP5mOflMRAAaX
2020-10-14T23:42:55.521438990Z 224 D9skEDGtaJxJrB6Jh8rZKOviQIjsbqOzZ1gSEjJqbIhZfWwVepv5IU8pp3QU
2020-10-14T23:42:55.532874163Z 225 F0vk5aIDCxqIWfgOEtzOhu9Sec5UGNzKRHnMHcwWrEI5xLETb2QgXslCT62a
2020-10-14T23:42:55.543639619Z 226 V8iiAWTvp4gtiuiKTbmq5ko65rEviCHgsEkUf5bdYrZniIWwb5qJzfTIWieM
2020-10-14T23:42:55.555362024Z 227 pAngkYIoxHDh65mIaMbG2dJUu99iHMrwiWQFKpsZaFODFwbAjCpmxssTgAuy
2020-10-14T23:42:55.566971944Z 228 VyScww2D4aegs9Eor6Sl8iEuV3cQNrgcs4Lcy29hZtHa9ayoUOgzXgWUcObu
2020-10-14T23:42:55.577151552Z 229 obBmwtFCqePvbakF1Z4ZwnneXjo4Buee7sTaYkIG56sL3aC883xJ1Fufpwye
2020-10-14T23:42:55.588423510Z 230 5y4RNveMXj8KTq99Py54hlsdUQslZvJEjDymr20k1Lg7hwgE4dRnD85xZrJs
2020-10-14T23:42:55.600081563Z 231 utKg7gcbuj60JbKCAUzj0istIYFZvEYRrbLS7CnxrlrOMJJVITPptxr9txxs
2020-10-14T23:42:55.610712773Z 232 W3ORppWUTsKyyq2P4cH8CdDNPbLWdY2sTbi9tOuAr9U58F0DQWOKBECIeZu8
2020-10-14T23:42:55.621836314Z 233 zVZQI3e3zJoMyRhNxYHyYK6MCctAfazpm0MzyiRoXwjeHbP7IHFJINq2GLUK
2020-10-14T23:42:55.632558407Z 234 lgmhyNH9FL81uyn7j9RHa4CiNzasKrR2eh11eCcjgj8EQUGjp4F2GamKAfds
2020-10-14T23:42:55.643587819Z 235 efSS48IhgQtkeJ7crBK2msOlwTfPFexooVnlCT28iWAekYWCzFTucjI2cmRV
2020-10-14T23:42:55.654722877Z 236 Qtt38IhV6OfRi6FPgiJra3aAdvN0Jks6twMTh5j6pDZPj7tb0Sf3cnKu5fsD
2020-10-14T23:42:55.665485408Z 237 Zy9xISgf98X9RxBaWvbG3sbQb2h3F25oFWHjqTMa5zBWuGRjLGrFMmyJMJep
2020-10-14T23:42:55.677257572Z 238 sRJ9Ra6q8MdUMlP4ROJGRJto5CoAtvITh4RJPrekWozZMWiMJIwitcPIG67P
2020-10-14T23:42:55.689187869Z 239 V0hpahFMFEm3gbaX6t6SWmWl2fk8qmPFLQ3WhJCtH47c2d0poZGPCJJRjwqG
2020-10-14T23:42:55.699629054Z 240 b1cBPbWwa2qDvVl6iiGO4LuaPqHsKGUitsexwiKllXCUDiaHBoVaZ5JrTVkk
2020-10-14T23:42:55.710927838Z 241 tX1YK4ES4IqCLHtvwTt21Gbbhyd66mbIzRSCepBchWtxnTpNjhW7Lif8DSAI
2020-10-14T23:42:55.721909552Z 242 4u447mfRHse4UKsPJ49jnCuXLzoPFzUZ5d6nigKrZOd9OXNfuTCem7kGPRYZ
2020-10-14T23:42:55.732572869Z 243 sko7uswL09MrVR24JHb33HnSfKpkR0ZRXmPunKrMbhCArrkdwOuyzDqe9FHx
2020-10-14T23:42:55.744338154Z 244 FxB7kSFMQPodahh10mfIg7bBlBQWROXdYO45ReyDQsflZg6CvBsQuj6V96WD
2020-10-14T23:42:55.755729569Z 245 gM4Qsdj6eEWov9HLV4X6jgswRNJ8uk0j6Za6XnCDAyfpxJ01JvNVgJeVNU79
2020-10-14T23:42:55.766342065Z 246 uRtoT9vrPkmMZ4k333autEGIg5NpJcsbZPAZhsjZ8ufTxTiIaPEwTgKcjuXf
2020-10-14T23:42:55.777821303Z 247 okxdR80ZDLPZmcTOswiT5izV7cGVLbATmqcoBIsoQVzLaNcRkft5oRcLZtAG
2020-10-14T23:42:55.788527660Z 248 0gDE8ay9wvfEQujpTHcAYO5nvG8kJqJv0oQ6gnEfWvQIFtNxEO2MNgikyOWU
2020-10-14T23:42:55.800262336Z 249 V90Z0MmO83D48U9Zi89opxUP9QVFl8Mfa2TVAsNgjwZmCHagF81Y63fFahYL
2020-10-14T23:42:55.811539812Z 250 deFd9p46jaRaPCjw8E7VFeOsMwpj4atHv0PppFKTYlIF7E4dhyXxPvvdlx7c
2020-10-14T23:42:55.823291046Z 251 7htZnweWA2ml38uRM1yFyS8v2CNoIoRxznqgkkRi6b7jtzc4bn2J47LfuB6N
2020-10-14T23:42:55.835245371Z 252 S1eqCwQHt4kZBwoYSoWQBWTcnjLaDYjoNsggRmoZMHKrTYcMj6bq739Mi8de
2020-10-14T23:42:55.845776245Z 253 916dvTWTRiYWgYCGwJsBQbYD2zvkLNgnlD4blhRmjCF2VG5uEO5n3zN64rps
2020-10-14T23:42:55.857158110Z 254 B9dpza1sbADYYFdMxkpHbv0Raaeo7s6k4NgrKHqf6uoez3ap8hvqVZHIOojB
2020-10-14T23:42:55.868465894Z 255 jrwoLyajkTtBNUxZQSBp21EC3TeBtVqL6ZwRuwtyQnx7Dxu6KcXWMF5ANTUZ
2020-10-14T23:42:55.880395369Z 256 63RpfCWbNYDjQF6LssyxA7o3I7a4gE1bfybeC3V3nO9OWXann53aMmZHLVF3
2020-10-14T23:42:55.892110996Z 257 h6hZeImXvNl50BbxbdjbtNHGrmvMpjbxSAQxRGa2udmtrBs9nC2NINNreXVX
2020-10-14T23:42:55.902770772Z 258 xDVqUTmVYQ6lnKGhMU3IzVtj8WJJRSKgLrfhrEnhclIWHa46s15yC1kDwD5J
2020-10-14T23:42:55.914001405Z 259 3PK5vBJ4CupiBFxEuNavBXuk2tusoSuEB1YOUsbsEixbjc1Zi5BmdiJC2LDt
2020-10-14T23:42:55.924738417Z 260 YttZpfKn87WG9mrLEDsstNfxVou5Sq7K8ymuermzareILsE6Eczqbh8avrBp
2020-10-14T23:42:55.936338352Z 261 fwP0g2Uuov2bu1Zi1drip0Qtl6KEx0zPjivLHQtKmTLdF7TlMqOlsQGN40MD
2020-10-14T23:42:55.948232846Z 262 YAg6HGAX8SrbuzSvKCgMRLZt7n3SecqBYFqk2P08MK7e2pZCff1PAmeAdaQa
2020-10-14T23:42:55.958882709Z 263 oP97Y64fW1doorTMtnz75bGGjlXmDHPuB2i131qevOMRQCXDAnRvRRodJr0S
2020-10-14T23:42:55.969275495Z 264 lt9w0BWavWk62iwVYyhIyim4r6d3sCzbE9MJQeogVvZg2bqNzjE8fMfi7wBt
2020-10-14T23:42:55.980886356Z 265 5Y6Ypfn3aKPKDmslO6X6sIy6vMQ31XRgDvmGStm31F9Qh9sU4IjV5tEz4riE
2020-10-14T23:42:55.991287225Z 266 Yxj2xavIeQ9LNuZeglvKquxNEo2hSl9ZuGtgHaUvAesnlh1LdvTqh8pIqRYU
2020-10-14T23:42:56.002912404Z 267 bF4gZOwv9qZJTvvjr5XL8wSoHY0thcJRWJv7OSUa89ERqDS5HqSjJ9XtA8bO
2020-10-14T23:42:56.013479054Z 268 np4NStJbMKpUuDCUlRTLiSbTFZLsK3n75vcmpUFH1VAHXoLd1K8FBzjTVMlX
2020-10-14T23:42:56.025347483Z 269 1edXEh3o4EoSbFDBejblRy3O2WBSz2tS74EPyrYIrWQhYR5s3542KOu4YAMI
2020-10-14T23:42:56.037123684Z 270 7PUyEGDgKYvtzpdMimXvFlhE7CiWd2HgmQrxz2HkW6H7Qo4xZggHFu5Wi0GM
2020-10-14T23:42:56.047731221Z 271 YiCReoY3NJWee2hGmRS4y5MKginIqbbiRQTl6RAlM1r5oFoePLya38JlkBj8
2020-10-14T23:42:56.059055985Z 272 9QVPGk1yUEvkpXraDXZua2PEjc8DWt5AKXr859z9xkAw4zniVxl81IWPseTI
2020-10-14T23:42:56.071007070Z 273 y50NaHJoWcO7FCAvxRXmAzCUmBjEx3ZJJ7MLRGPKRGNymKrlq3JrSz2DB6yy
2020-10-14T23:42:56.081487387Z 274 i8SyHAywyu4NPkuivFdr01mg0QkV0r48FNT9aGjQYaRXManGDU9AdN39SArX
2020-10-14T23:42:56.093054393Z 275 uoYz9kfnOdkzra0CWPaxLtJRN2FPZawxXmJRgJrED8EmULqtkL8B5AuzgMdj
2020-10-14T23:42:56.103421740Z 276 MEhIz4BPu1okDYrWLptb6FNG2d9iu0X62cblGMS2YzkA1mAEXh1ooYpaZ35o
2020-10-14T23:42:56.114897548Z 277 GZVQNgQG9MUQD8g1I79nSD0thc35tml0wKHbLRtZ5LGzRfVX30g1REngLrI6
2020-10-14T23:42:56.125405226Z 278 yqX4b3rUxKHJTCGIYPjf7ZBeS4aIfCFHuXPot47yGaXCzJXGVNLGHa8QfSa4
2020-10-14T23:42:56.137168277Z 279 NoyLBMmKrpxqIfv9PeQ8cLSrV3Lra6bgvs3eSryxQgpF1RmrAYYZ31edIWlT
2020-10-14T23:42:56.148917466Z 280 gea59pL7sDxOnncCWyXC8x37nP2ZuSYnKP8CPm9yUiKc7KHrGJqleVzHvDUX
2020-10-14T23:42:56.159834181Z 281 VCW57Qv6Z0nqhN248JtzbPEKs0Wp65gfRwcatrIhCFRU5QyqO8DMDncknEYm
2020-10-14T23:42:56.170427967Z 282 0cSW5bjFFilMMA4H9ikLUh2bBCMlQ2z9jGiVh0mf71cwpInlJ0YrLrmtlxyy
2020-10-14T23:42:56.184927843Z 283 0SucYXHR9PoQ4GQivk91lixJlGXBkwuuTnKvor4ihHfCRv8dOm0IBqXD0yUS
2020-10-14T23:42:56.196320616Z 284 l7qKXEGOJ1toTRhxrl2SqGVQO725hko2hdB9rIg24nTTHhSHrd5CldKRFmqP
2020-10-14T23:42:56.207986523Z 285 3Wk050zBE8aja9z7FqUYWqKUgCw1zYhq3bUasxTblHs04hgeaNW2f9nKC6wA
2020-10-14T23:42:56.218561913Z 286 2rq06CPfaziVZCMbzrJOdl3JnnmXL2a8PtpnkqBJFuRBR0qZsJBB1FG5GzQ7
2020-10-14T23:42:56.229855954Z 287 HZZNn8RytXHI1HofrOCwICvFbQpa0EcN0ohAHtegz6UxAv1pIG5C5DOGs4Ya
2020-10-14T23:42:56.240478532Z 288 j6QiWiR9VWKSYubrhmeU0CB43hzZjXXIZhA4G0xGlbITNwcHHa0w0eResCcd
2020-10-14T23:42:56.251945556Z 289 EaTcWLxosE502zb6hoWCILhBYa6kVMyzV7Ypc7O03VuzrzG7fgXLDEJ2FhoU
2020-10-14T23:42:56.262624050Z 290 hlVIx6DlCCuakPUCgb5k2zZUOT5LimSCkeQqA7IWKxRBrITYDHRJpJgUhjyB
2020-10-14T23:42:56.274158545Z 291 PuQo8PTHrV8jXiDtSpvCXIiawJcTfiaemO6UKy3JFtkREsMMMDBzqUkeLEx8
2020-10-14T23:42:56.285819804Z 292 1RsvVyU5Tiz9Yl8IuokLgKJcKrto4JIj2qMEjrqYCve9IPlzKSlu5l55lNi8
2020-10-14T23:42:56.297181276Z 293 ix2Q6pn8A4AkWFXoAhEiDbjlhMsSFREoSo6d9RIQChj0pGIRrd8dafFhmDEa
2020-10-14T23:42:56.307776963Z 294 GHG1Pt5145vq1EW2FA64aC5sqCk5zJhwqAROAnMgCpbfp2sLXFzXDucxQSBD
2020-10-14T23:42:56.318695455Z 295 aUZYr6geLaItRKmscwLR4Nruln7nMzGK1fVmIBuhdldhyicnRQdErPqBlfpA
2020-10-14T23:42:56.329367262Z 296 iAfuWo57SlHLYSGxyEUW8t3ls3edCRMTm7HfsEv0ik4SegTioKja4Ta1qHL4
2020-10-14T23:42:56.341107202Z 297 lJfezW1qCizbOoh3fl93R5w23nurull7nY5G0wYDRN387btaOOeNuKjEjjdV
2020-10-14T23:42:56.351307096Z 298 0ERqkfpgw3SSUw3urjNumSEA3282ihl8MK1URr1dYKYjX2KPTc3j3vyXl66M
2020-10-14T23:42:56.362836017Z 299 syywkEmgY8BuU7a0QkC1pJwoWpg0OMbA2ziPkk154bViOJO4xrQSuqHxVgM6
2020-10-14T23:42:56.373376116Z 300 LVMKhnnZmzzm8d8oX0beVCH6BPEarYvapYoZrdEFa7w4kApretuKqz3Q5LIY
2020-10-14T23:42:56.384330412Z 301 vgFFKPV7S7avoFzyWaDj5j9bbAFscky57XY8yNU5OgmOJFiLZmbsDkjocj5M
2020-10-14T23:42:56.396252718Z 302 uRSQMWnptxeaIQd82kpxsxxnBktvQqGbiy50HqCC5p109UsWJCP5e0dxse0h
2020-10-14T23:42:56.407249851Z 303 viFfY38LQAO4PZNDnuKYmC82w1tFSp6rvccTCTrh6m0T3oxYDxgXhEcA60At
2020-10-14T23:42:56.419307553Z 304 Zq7SySbMyJEq3cOzUiE28F718c8ZEuJVLdluwbWUuVHOcQxwxvEax13Giu7D
2020-10-14T23:42:56.430473112Z 305 F8byEFW9ebaPxm9Pg3nIrqeTiFuz0OMFkAKkQRcy6mgTwcFKMwRBeC5zJcL7
2020-10-14T23:42:56.442125721Z 306 kbj3Yclp0IDGqdm9mwNrBCT9aV0IcBu38Dm1Zbkss6C8cseDbBF7NIYdcWnz
2020-10-14T23:42:56.453817458Z 307 vAUhDvPN6cqn2pvmeF7PkZHGgPfSDmnxFwOVmaNT2XKYqtRIQriBqwq0J7MJ
2020-10-14T23:42:56.465362210Z 308 hKNArSER7wQlcF8RcTyeSAGwIgBDRm2TiJvZvEgBkIfqc7XMc8pCF0sjpblK
2020-10-14T23:42:56.477378968Z 309 I9y8XENdnzT73XAx8zlZspHDIEK3Py8ihz0sCLbuEO1Bi8Oq4XyCd8c90MLU
2020-10-14T23:42:56.489089703Z 310 mQC3qbRoDhTZGtcPoAHd68BjBm8IKxxYuf8HYqEttPprgT39o9MvxTKkBw8v
2020-10-14T23:42:56.499663065Z 311 Kh3XJ8s8joefUbnnzvcGeOfAXlwEaIZR07TX2Dwl47hK0LQ1vNcc0nxFS4za
2020-10-14T23:42:56.510434359Z 312 SAcsatJ6dPZDir989cPSCclNSWYCSkyAaw6MlFMPNFEEhueabep2Fl6dbzQO
2020-10-14T23:42:56.521686577Z 313 nYkTl6zzlIfKWt8x467xoNdu50EG5kvHNvC3WQuWBBmRCAcKo6sr8IzKcbjg
2020-10-14T23:42:56.533190030Z 314 cCvWA5Jf7MC7nFMyDddkIkXSYv54zlj5Mrqs5tjbEI66qtJNNX9L39uPkdbn
2020-10-14T23:42:56.543630767Z 315 NuLfe0uXgLwlzfU6bOQQ2KSxE2LGaMFCS7Ng6D07rtUZQe9Zp6jmSxWtgake
2020-10-14T23:42:56.555063204Z 316 A8wAslyHHGCDPBKThGiM5RuujiM54rDHJH2hJth32JB9oHGdkJ9OV97e1MGS
2020-10-14T23:42:56.565680300Z 317 WWTAAjxd7uYP6G1h0qbDyGK61ZuuuINFCwhtK65fYEYaDtG3MjxeZPIvs4ET
2020-10-14T23:42:56.576511837Z 318 2KRJsiZW5hQhNTsgtUD6D7kOGlvdOYsId9QvPNirXdOVL2wGDm2GrkDVDitL
2020-10-14T23:42:56.588295713Z 319 Z4cOhzcniOWsFoDhI6pO7DRC7CcBG0X75FerZzMLcj1v72NztdSxf92zazOK
2020-10-14T23:42:56.599721722Z 320 6ntg5S7ALCBeVlcXQ4Dc4npVOcAhQ5lSdwFI2bxU5MItEFLzz7BRgRQ0J5JO
2020-10-14T23:42:56.610206893Z 321 6AUND09gpwhtFeUvOzCE3TNSCmbyUcgPTTPD2H26FLJV8c9ws99IbYle372f
2020-10-14T23:42:56.622004737Z 322 DWGkCozVQ5jHcXrmPagWsjfJGlbGbFkUKSDpgOJu46t5HQSc3cg6OSybOtoH
2020-10-14T23:42:56.632508425Z 323 TGjqnfABsq90apGwuGHRYLo2Y5juMIgktj1dOh8HKWiKc9s9kYq2qrisTRDP
2020-10-14T23:42:56.643915273Z 324 hyd5QpvXryBkL0q9055Ixw2kXEcXZNFwispQx5oU3KDZqABYL7WtUYyzPOyt
2020-10-14T23:42:56.654428238Z 325 Qgg9JP663AwO3UtQpXtvEdkPFrLxFNBC9oFzBVEOYazh8Kgtf7NM9GpvH5m8
2020-10-14T23:42:56.665500849Z 326 A1MzaqmXf9GMNZ6xkGMHv6MfjXJMz5NE2Nq7wkGkDC4Db5nB8Ix8rbqzAeKu
2020-10-14T23:42:56.677385376Z 327 sgnmKdRDLlDqac2FtATdezf6Ulgzj7xQrFtHPNlfBwfgfpEDvAWlY4qsTb8c
2020-10-14T23:42:56.689226437Z 328 j2t7gSBItC6psVeCspQWXueDih8X2iH0jTUbICqdCDLN0YDUqFJolFtkbAkV
2020-10-14T23:42:56.700244623Z 329 BvSdodykqk1cp7zg7WSrQXxNybTOcxbXtCmwtePrXnVNT3TfPGLvVqB3Ya1j
2020-10-14T23:42:56.710984086Z 330 IP3ZiG1x4CvT6zpdwUsrwoj8gvyAcKrSAQYPrFtcDkWPL0UEabQHXb0YIbOb
2020-10-14T23:42:56.721606899Z 331 NW7lWpctyDaXLkMwiYQ4XG1slR9Ljq8Ys6C8h8OVZmgg1RBcrUJdzJDNcvHi
2020-10-14T23:42:56.733066645Z 332 903hL5MvtkvAs14LFQ1YDkzkKyYdpm7ZY6pLRH0bsha8DEuEkiEqOVbp4OkZ
2020-10-14T23:42:56.744367006Z 333 w0uWfK32LkxVdIIQBWAnvoehq44VhslUzyJ77O78DoBWiUvxVPYenGPZg87t
2020-10-14T23:42:56.756229757Z 334 3MokUl755GsDcvlTJh9INJqsp7dR83AuxYO29jMmz21ruCg9OuySmNw0ZaT3
2020-10-14T23:42:56.767265748Z 335 l5k68iL0AUSBgjNbtqQvLLSMhLvf1YMRVblnUtCv1zeOiTDfepaPx8SseUwa
2020-10-14T23:42:56.779093549Z 336 szrz11Yx1zYPQHaoGhoF5KAJVWLi5RdzVIMtDaApqcCks2PK62sigq0O0b8E
2020-10-14T23:42:56.791277033Z 337 wK6HvilFj5wjMIT6NzuEhXa0MFeMJNh2gVioV9EGDTfIH2B4fNKzKWpqgbGP
2020-10-14T23:42:56.803025115Z 338 nH2joBVrPEG8uWxB6kCD2PJTlmUiWoLw8l7c1pvuU6VyAjWS7iKKD2EfUBDr
2020-10-14T23:42:56.814098406Z 339 N3TKqnnrf380MB1BkTfQKqxSVGhcAYcEMwEVtBy4a46eHzqvLZlikuYHgJ0s
2020-10-14T23:42:56.824471211Z 340 udk00fGCNBLSZVkhKx3RXv4I2n9qc2AidPvFCwyPPfZc13gRBLfDfw4ljlGQ
2020-10-14T23:42:56.835765063Z 341 ext9BT1whU5yvJSOuZSvM7m40MWZWvlc3HZ8bln5m41jaZdZlQBNOy2Peqo5
2020-10-14T23:42:56.846768705Z 342 217uTNOA6GoQafUBO1JBbPB6DzeB2UDyEMoh0HDqkcC3wOm4JgmabOMUzXtA
2020-10-14T23:42:56.857594575Z 343 RxAMPkIqk7q1fMTqZPRMX69cKFYfZMo6czskufQpg8L4gZCit6lkkD6t9T7q
2020-10-14T23:42:56.868529940Z 344 lOidoZHtjtPkQHLZQRxmmsmGyLWIfKWva01wEzfGOIB6I1NNSztFejDwxknU
2020-10-14T23:42:56.880489803Z 345 zmajpCvELE6zWwxAegdvHxuJSciAdVU8NNpUyNqhZXQHuvkNmp3cmQYqn2e8
2020-10-14T23:42:56.892177323Z 346 A7MLjSv0oXRNyLdS9Hm44lcWAOcAYWqUDyZrIVmDwyBiF8kK3pABD2e9ugG3
2020-10-14T23:42:56.903745756Z 347 HVM9yU4wg54oheYSJdVs4uKcqBp9UnWAQWKJQcTqwLKUuuENXmt1mqXOgeMA
2020-10-14T23:42:56.914350410Z 348 enRASLFyC5iG0azu3eA5X3s887bGtHJFNRua5yajHGWq71ZTdmX73sDJBjTb
2020-10-14T23:42:56.925946848Z 349 Bhw8qw6lLvIM2KPkm5RhxU6VM40WCAW2hv8UHihXhuaDUtes2zJkVKh3RWgf
2020-10-14T23:42:56.936502885Z 350 I70MK8BL2cVoEWGEqSa80scyU9ITmSkMHHPW493sN8Q1gIzHWqnk1WGSml9Y
2020-10-14T23:42:56.948407262Z 351 k65g2svZqCg34GaeH1ZDvLTkvdTmsCoFDrvWFzbUOe3EeGQpdNduzx1AlchO
2020-10-14T23:42:56.960131969Z 352 pT52S9fNX3SwjHFTkTcPfkJWwNL2D1srz7lHCEOZKjIJEVDNHLsCYPS7WpIk
2020-10-14T23:42:56.971113021Z 353 KJeTlBCRV1G9u43kFW4iep5w2p5VafsLIHXvulqNKZIofMbye4q4JRnvBTjT
2020-10-14T23:42:56.981613937Z 354 abFx7Sokh0mW5XBR7d7YLxEqKSj8BIdrCrKgKeblZFcGxRL8pS4vcjKTdKfC
2020-10-14T23:42:56.993425008Z 355 HpFRb7J7NSoiQbM9Bx5IHSW3wHFClHYgjx6rGO2eh0Qh997IVE7Nq1jQYVNf
2020-10-14T23:42:57.005169764Z 356 nY6ixqS1N5YGIE58OXvxTMs68Uza598cDzVOIWSXImGaU2yun1EGAScQGJTk
2020-10-14T23:42:57.015810510Z 357 9gK346G7bEIJQkec2GSaF5IIkgBNjxDiqqbec9DsS5knC3M9oWTCK3xilGXo
2020-10-14T23:42:57.027131340Z 358 JhNgvalnMQ872bLYPEcLxW6JvMjYwnKmszedEJ8VSPIbqwyjBrdzN61GgI89
2020-10-14T23:42:57.038483538Z 359 9S1wHqGdWvUAd1EVG2vUN2454s5fsu9CQdaolJZ40WlYm5BCZLZK9Hjcn4hB
2020-10-14T23:42:57.049323329Z 360 6V4g3RcfzWl3ywvfIioLDQMBURh44uRXnt9iZ9iqfJkLA4JuLpq8sLZbog48
2020-10-14T23:42:57.060436418Z 361 47pLAYEkJ07wDIAO7ISgBYl7l9sP6ZDnOfIqnicZFB4Wz9lbdjz2Px00WkR7
2020-10-14T23:42:57.072590449Z 362 JeKnTyo73TCS2Zx5fh8PDQEb2p8bZZPvtL0gqJJsBfOADKfmw4WLLW6KXOMv
2020-10-14T23:42:57.084179736Z 363 vzQLq5FHIXrSWBS4MM9oLuC1BbDETYSK2NsyOOnwpByYevsEgHD9REPA1a2Z
2020-10-14T23:42:57.094327209Z 364 neuwso33S8MaFEbW5NNcO6f52SbQOnb3XFUv2fmIqOyJ04B8kVUS8b3zXiHD
2020-10-14T23:42:57.105998877Z 365 DGncC5DV8T2Se5j6RhGj2AVQHKWqXXgXGMQ31KxeHGEJWJk5uY8LzUGBbOQk
2020-10-14T23:42:57.116717294Z 366 YLEr7a9hg3mFkFBMzk8fzaJsRZisD2OJb3s96Pi8s5W6HkN3I9lbfkWNugji
2020-10-14T23:42:57.128309292Z 367 xFzSQzTB6MzSbiOJgmoNILgycO6VEPJ4i39kWjS1k9jJbKJPczuv5MepaYK2
2020-10-14T23:42:57.140214774Z 368 h7m1VhRDMMToMnh0J0iqlq56pwp6EvCRUVitBE7SW0tgdNpBwNQs4vxEJopi
2020-10-14T23:42:57.152409635Z 369 kRccnAMHraaffvDVp4eIb0nsj2gGpA2NeIW4jzWo1alpXK8Vq4YHXxEhfbUZ
2020-10-14T23:42:57.164281207Z 370 PoVRPjPfrrmB11JCPl0cb4ihe3m8zgR4R87QEYgU8sQ7UxGGLjDAlrArt7Va
2020-10-14T23:42:57.175970293Z 371 3yCsaSu2HCnxnM9MCBpMtzGo3EC2Qj2UyoUL7zfRyxw8dblZdvI8vOwUAWF5
2020-10-14T23:42:57.186716264Z 372 5PhJ3CPiUXP6I4StMVUim0CBnFY86UbZVtGOLYiQZu0TWEVAymvotFOKOfth
2020-10-14T23:42:57.197916777Z 373 t5UQLdz0t8onZHEnbARvt9BLy9V0APdXCdTGXU8Pm4KZAHzon66lg9d44GK4
2020-10-14T23:42:57.208561633Z 374 nBb9YIHycg9yAer6mk1ZmVw1gmIHwE9QFD8Os4eEhPpUxAVeWbSm3B0gtH7V
2020-10-14T23:42:57.219520772Z 375 ctBculwBumnrKMdLvLKdbe4rX2A7hG6Ao3zbr3GdBpuQ3rvVG4e9kXvbCef0
2020-10-14T23:42:57.231304009Z 376 pgGst50CjGWQqKi3MhYGnFjNNJFHjMDLGdpgIYZIOLhvjfdYUihhPBqigOoI
2020-10-14T23:42:57.242837272Z 377 ktg3UBKIR9Gy2JAee97hSIWJsDEOrtCsfQW0tiDLcN2vp09DsonhXvXqIGLe
2020-10-14T23:42:57.253316373Z 378 bYwhAZgplkvGOQQwWtOMGtRhiJoGjiYDiwOdb3FERDjm7jXtiHUKBIFhDSCs
2020-10-14T23:42:57.265076238Z 379 LMQD2grNFITsVCwv9YIK4v5rHvqfcUsnCjLrnfO27ychY35QwaTIBn93cYL0
2020-10-14T23:42:57.277050096Z 380 HjGRmvjlEHAdfap3amRSQAkgxtraEOnNYDWnbYq0KvEkiddFsFWOOGuhwZ9h
2020-10-14T23:42:57.288081889Z 381 L2Bd4pguo0ogo0jnsqs0xtQ7mmCZSunmMfJCG4jBaSmkPEni8mX2UlZTb7yu
2020-10-14T23:42:57.298916527Z 382 JKxYKRsjGa8tEsn4QJjdvFLER1G7J4z1xPrgytLezRENs0WnSFFYDG9GIbZ0
2020-10-14T23:42:57.309719754Z 383 pUXSvZjXJaniTQFfF1LpPZDsaxToBpYzD6gSYYeSZhTIXuxC3lW1Cta44SCF
2020-10-14T23:42:57.320337468Z 384 pbzpf8sLkLG4esc4xvymgpveNB6COjRYzlWnIUi2NCLaqtusUFqrevcrt0H9
2020-10-14T23:42:57.332042660Z 385 9YqQtr1ChzT5cuw9CoB6f4tFJiQvWxB42BxxXq9Bg9HEtvWNN9i5OPunAHPt
2020-10-14T23:42:57.344015986Z 386 1jaQsZG5AQd3Od42Evtm4gxkWrjyTc5yA3irJN14TlWnB45UCcpfNu66tv0n
2020-10-14T23:42:57.354280937Z 387 tPpx3BpgN9wqBRFOhTTPgbkz5FLVn4nscvfG6HTKE3xJX3zI5Wx80KyQp7N8
2020-10-14T23:42:57.366117899Z 388 V0q3Ia0XkKigUqub3bHEn6mx0BAUwpk1vzpqVVetgCbxfSYVBWTT0uZ0VlU5
2020-10-14T23:42:57.376837904Z 389 pWBX4PPIGjKea8NiYBu7Bz3CPsjd0TlKVx7dMlmd9mhaXWIfZluFEyHgimmN
2020-10-14T23:42:57.387326979Z 390 Tf0QERL15c1k59SP1fuVJRgN1n8mhfb0ZYuKekzKiPujCHBzYjjeA6D7o8mt
2020-10-14T23:42:57.399051732Z 391 h9xcBGfVPspJBAUmkRwdHg4lu6iUktFjDc7o198MgWsGAYOWsMXpYYwo3d2k
2020-10-14T23:42:57.410026039Z 392 m22l4NtHLWEGBCY3Rh6KChpgFemru3LHeyA8qJd2B0ekFjm9lrstKCQpPglh
2020-10-14T23:42:57.420867373Z 393 fuChHv8ycqYMTciwYLg24uNnV9EissDGxYSgCjR7NfGTMqxe3H8XnYOCaKAv
2020-10-14T23:42:57.431416262Z 394 wTz7zHsSywp8Dazet38AS2zZHX673hqMY2Dc4Afss5vccTrxFo79RFHW5Ezj
2020-10-14T23:42:57.442728814Z 395 U9qjfQaZuILDjIV2FaOILG7IvewwPtOjeHiNwi3eIUjhplBdDPkbgrWaEdd0
2020-10-14T23:42:57.454314226Z 396 4H3gvu8t2XlVgbP1z2xlJpd8k1FcNZRDDn4ZJaFAcFAijw7GZx3PngpfqucR
2020-10-14T23:42:57.466007880Z 397 H8i7308KjgP3dH2fxTbYQp4c811id6xsLAExHIftwEUTjNtuvjFJhNX8Kajy
2020-10-14T23:42:57.476443690Z 398 m6xPJIQ3FSjICDqLmaChrxTqwGKXj4EEpcgYGlXbicREs0UphUy2zhppGBF2
2020-10-14T23:42:57.488056036Z 399 jhSFefvgbfkLOq9HwYvU7Rffwr2KJIaVsHkNIZYEdgEWzrcGHbU07U0S96YK
2020-10-14T23:42:57.498659614Z 400 OydyxSEED26s95gV3oaIkxcTtJhEhRl9OP8wFYvVYpDrqVwMx1Y1huckQ3Jc
2020-10-14T23:42:57.509482025Z 401 JM2EdlbKsf2230mWt2cRvZLmLYxmKMyIxxaelQC0d8Yp66r5HpEhvkDLuZkh
2020-10-14T23:42:57.520449224Z 402 g55Yhgj2Fx3vw92jDytNwBrawFZqKuvs79kVW4Rk5VKr1t5E3MPBX8XoKkev
2020-10-14T23:42:57.532411412Z 403 DOj4BvdvWUm59zErHwnskNtwcbUWXmt5iIu2U7VmGm7gzbPykB5MbkYzQNBe
2020-10-14T23:42:57.543769259Z 404 k3STFjDtu0crQ39gXNvF3ba81RcKQE2D3BhNmqvkal4jOmjKPUQqWotUVHiq
2020-10-14T23:42:57.554645962Z 405 6NwpjB9fTAj7UHwpkNPwcHeo4QXrZF247A6FF3y58cpSEOkUi3ehFtu7IMIy
2020-10-14T23:42:57.565675525Z 406 GcLrlbM2nL7N7Fv2KyRS8NbDjoSEa3epWIe1IuT6YvgFBbCugty63YJcrisw
2020-10-14T23:42:57.576452183Z 407 YBX5TPNvkPO9l7BAja7FtDGcWiuzunhYrWLtc98dlvsAm1BYu7NvFU6EWpA1
2020-10-14T23:42:57.588033390Z 408 0Bn1I1njbHwprEhUh4raIuhY6RgsTt5FNy1lEgH6PJj8LlLC4hJ1fsNpyFcH
2020-10-14T23:42:57.598534147Z 409 0Jkqhgcd3YxYh8NW2Mzz1HIkhtbfR1Xti374fxzXCmqyK4CiQ7yBXVswyPaN
2020-10-14T23:42:57.610403091Z 410 XDpsaoeGlZCwpz2TK0FKrpFquQEXUWV2PkPxi2Hn8SNgczckBUaujiqob8wQ
2020-10-14T23:42:57.622161440Z 411 pk5YDT9Hl8fZn5Gi7mZacQ0WZtlcvsTD9VypOyd58V370LuM1HPf9Ixmte6N
2020-10-14T23:42:57.633085439Z 412 704iRaa1jcNCpwfADHJEJRX9wMDj4E52iQ9UII1e5k5gnY3wlZdB3K6TzcSh
2020-10-14T23:42:57.644223471Z 413 btRGsbOPQ9hBUBmO3iEDtbm8qE9x0pGxZJuEMs1poL464ADOAnZoHSFGiuYL
2020-10-14T23:42:57.655416954Z 414 mKGijNZVEke1XfLx2F90EssPjLBDQGjhkqFInH6NjhOT3W48tOq1F85CNUFd
2020-10-14T23:42:57.667185343Z 415 VojGF8FtQ2ja0gErLuCND6W83tx2RWP9zSICuSLM85c4gdsbRP7z3zi3uZ5G
2020-10-14T23:42:57.678869570Z 416 AYCEzPcX6udRznAaRHBZBtZQJ7jjbiA0srsvZdBcldwEjgJUqwU6rQ16lCq2
2020-10-14T23:42:57.690445339Z 417 IshtSmpFvoT6ZGkU9IGypkF9Eb4bBbPrM6CRanGyls2kNotDGoEchzM9yFro
2020-10-14T23:42:57.701943838Z 418 RubPSeYP37Q5KuiVmwoo5fuZPu9SWecYdhcZcAWbVhQzjTbiZqkDUFvtQPfJ
2020-10-14T23:42:57.713317637Z 419 fko4o6VxsqrFjQEwDOaHskUyikiY62ZfPMT0XOm8fsv4Zw3jkBhAJhtAra6x
2020-10-14T23:42:57.724631432Z 420 ruZSgB3a7JO3Y5SDLuAUsEptrjjuwO2hEK9AjbVzrgeQL0477WZb8MkSPgcm
2020-10-14T23:42:57.736197898Z 421 t7Tc1XkFN6xzaVYt9HR3wqI9TDiddVAs2I9upk78OBseiz5wtZJw40yHx4eV
2020-10-14T23:42:57.748109726Z 422 NCXQq7DFmle4FTt8I1Jrojh0LuOVy1616fp0WLBuYoxx5QnQ3HYaCpQiakC3
2020-10-14T23:42:57.758417055Z 423 4lSrEzviu3MwzVAOD1pJjJhOpZWchoAOVT4o9K5ueTjMNzx3xpj4CB00YQuX
2020-10-14T23:42:57.769838542Z 424 aH4xJwctAizMHPjtg6Ctru2PuQLTyAUxBk1tg6SWJwAVPY32zT888pYllPYx
2020-10-14T23:42:57.781180028Z 425 kVGHv6DLwTmmhGA8TouEdoQfYIQWVng7b3jzWNVI17sJXPZtwLStxQpcTuGp
2020-10-14T23:42:57.792610194Z 426 dX0byXwosVmRNv1Y4tL36GpOwXjuboEuVmuCyD0GcvnmcVGtO24orUwLICT1
2020-10-14T23:42:57.804272975Z 427 5T58TwTWVmcR2mr0r6eFJkFft08kfLSHF3um0ttklvPSTqxZpbVsdimr049k
2020-10-14T23:42:57.816185993Z 428 K8S8FnDVg4Srv3quwZduAIp3yEWDbifV7EbBXe6H5QQIy0rVzE07NOAZ4nqr
2020-10-14T23:42:57.827606975Z 429 ttqcsu19Tg6Huaihc5aR8AFaSZdSkEX6iicnWvULlQ9BSsrE2W06qXOtO4c2
2020-10-14T23:42:57.839316881Z 430 oWT8NkqkcfhhrO1KbZrXBOxvzXoe1al7KrJMfH2fPPdrqj2ig5wqFMi9FzjQ
2020-10-14T23:42:57.850950002Z 431 rfTAXtN9Pbji6J1JXAeQrCI0i2OD0ZD9MiOLeA9tnIyUMQCfdAaUgDP7pcEm
2020-10-14T23:42:57.862251982Z 432 A9Ew6LaUyF8iRXuVjM0qo3paeNNydbcNse5uUlMTsUhhFpQ4CmibRwgLzrT3
2020-10-14T23:42:57.874001308Z 433 1guJ9L0QJF3wGEnPNDDaPLDETWDqtcnbXE2xeqXF73xbU3Sh1rYP2klWcaeS
2020-10-14T23:42:57.885181042Z 434 nkBDR1xffnEqKgGf6diOc3jvQiYjfXtDjBcNdGR8leKwKAiLQDVZbgYlE547
2020-10-14T23:42:57.897285081Z 435 wjUYQnJOPmrlMAuboe4fEwYn3KwgCMlrahJ73HIK0A1YUreb8nhlESaQXYnu
2020-10-14T23:42:57.908925193Z 436 tbYXIlBBnm9SA22JupG6MEYdiEM6Ret8Ps2ERkps3Wq11bP8mUvYBXdws7zs
2020-10-14T23:42:57.919864485Z 437 eGC4VyL6WGCfp6ZnhJkPFxDuu8MW8rnK4xB7rhl4LUQ4WSb15DmPHJ5hjxqJ
2020-10-14T23:42:57.931297644Z 438 IpbCDCKf7TglGhalIRv8UpYcZyAdwIu37TEEa7XgAxLUHPimjhJaLdNJC1gJ
2020-10-14T23:42:57.943272719Z 439 Y8Jhyz5RCEKLOlloSDMA7rrKYOBaTeRZmMI57ZbF83lfzIhL5VUIqSgg8ULG
2020-10-14T23:42:57.955091592Z 440 rRmbqvqc1Wf89NZqtcAKKGDXKZLgWDMX6BVU8tdhKR43VgtYyEaXhbruKlvf
2020-10-14T23:42:57.966151847Z 441 oyHxzmWGI7JeVhWRg7F4Vs5MSjvLbpcM4Sh6OCNE9SNQqkh1gOY3ZnSgWOVZ
2020-10-14T23:42:57.977191986Z 442 aw8eEiOhGliSvaxhD4eKXFtHDN2c2cuFOkfOs78so2N7jP46TXzTYmI7Scra
2020-10-14T23:42:57.988611999Z 443 XuGFWyBZo2elcxfOpmgyuEsLe9hdpE07UdM2Q170u0yKHw5UYAWdEtffhrP1
2020-10-14T23:42:58.000256147Z 444 LB6MvYCeOgmvGhqx2WtFNhXYtBZO2xsvj5ntr04sXsPqrSIHWPcHAzxoygF1
2020-10-14T23:42:58.011798660Z 445 xU7EzPD5bWuMqtcowPF37gc48BalJv3Uw0qu67W2UA3bNqJVGTi6qYtz5UEJ
2020-10-14T23:42:58.022716395Z 446 MyjPuaU6GoJnb4nGXKALaFsYT5INoZmPLJNpvMMZb1PT3VsfWUjiZQcNJRJu
2020-10-14T23:42:58.034438656Z 447 ewxMUzv6BUZmWNzE24IXdNCBlGLXnExNwhI2rbzTnWkxRIjNZhNaD3UwVYhj
2020-10-14T23:42:58.046041251Z 448 iozDdmM6e8ZBcHKqHqbThzfhFdLVLPAJMtTGzIw20wzwy6Rg4e4Q5Wn6e4Og
2020-10-14T23:42:58.058009225Z 449 yjWwg7sxoaGrqUNcO289PiilsO48YislPJjgHv1FiR9YBHcWYv6BwyYmqJre
2020-10-14T23:42:58.069489200Z 450 WOArHYGmaBg1zA7XK759j3EqyuQtfVWfzPR2PNibJ2pEe9HCSJcMurtkuebm
2020-10-14T23:42:58.080333488Z 451 Z8LM5Zpon9JLQTz297wYPFBdUvdIjZcZqgR8002e2YCdF4X75U3NUIdahZXL
2020-10-14T23:42:58.091849639Z 452 7GqnY8OQpYl7nTnqvdW46F4946d6eLyZBE7LBZVcfsH9v1rjvD5a1AMtlZMi
2020-10-14T23:42:58.102345895Z 453 su7ajeTcd9Sgrt3BkVeWKVm7Y6SnzvrCS40pqtoE2QjP9h0uYMLo2pIIHeGJ
2020-10-14T23:42:58.114188964Z 454 tmcmg7qcRuj0eh9DDV3tiyMqYIzVIvFD7kAFbRmnwOieU0A77grPUskJuLpC
2020-10-14T23:42:58.125882738Z 455 Wjr6K3qpFMdIHYLbYcoJv4OCfkxC8Irg0Mcd2WtM0ZcXbSgarEMpoN6j0OR8
2020-10-14T23:42:58.136294016Z 456 K9PMkcaS1mSo3ELkaZPeo0xt83gIQ3EjDbt3SnNjyER6QNIAmTDGXivYwyuz
2020-10-14T23:42:58.147850582Z 457 NDWqQ3KVOEhmMnslFQFif2c0dDn5mz1zVr7PPx8XJmpsM4Ub9LtLVXzKSb8z
2020-10-14T23:42:58.159310284Z 458 GDNOi0n6KWqDCzNSXwX26SS5wZlFmVr1PJENjAUCMN4XQBt4Sxn7evPlo7zN
2020-10-14T23:42:58.171117803Z 459 xkiWeHU2f1s5mn3Q6woCOAyAA4HMt9q3E8YPyEmQ50HKXer0YWQdbHMbtKpS
2020-10-14T23:42:58.181790516Z 460 03YdHHNC1G91EYKXJ4NredZOB4iEwLnpDllFnnfFSqdSdotpEfmzPTy6zBSH
2020-10-14T23:42:58.192362404Z 461 N7P5DAxY2fITXVwJKDXybVstLTzNzn3eabVNXu80AD8DfjaOQfbw2nTojlrO
2020-10-14T23:42:58.203801004Z 462 qs6a47p0hXcmMEB9sxTxx8oVsjtqkDo6TiEzzrhj4HaYdYv6Kq9EpAHwMsxu
2020-10-14T23:42:58.215303736Z 463 c1ET9FPg7yLFLq94mhtcV5ZtHw4QG1MNdMyFOEuSLXs07xsxL0Ec8BrrnRtz
2020-10-14T23:42:58.226325853Z 464 X2mloofXkMhlbTZIm6Zq2r4RBqZPmAOGNOzwFZ7LgKoyGh8DB2XE3yGzFqJg
2020-10-14T23:42:58.237880775Z 465 wgs9Op8yeWIeh5l6vISGsNT7pKKEO733LzJcz7CL79hiMuNb9yudvJC8omCr
2020-10-14T23:42:58.248394449Z 466 s5rauSNUg2IzYuh5AYdwBVC3emhfHxxhxAZF9cUXiiZX77FAa6P9MnkUKM02
2020-10-14T23:42:58.259889139Z 467 H9sNSn5tzpIhLymg0WcfqhmTeZTEr34zUb4bCENf50KGI03fY6zMThq1y28E
2020-10-14T23:42:58.270566284Z 468 gMHbkej6CYT2JBQLgemw7VusdLJJAzHzHA6ieTAvIQ5rk9Gl2mckD5vyee4p
2020-10-14T23:42:58.282138682Z 469 sJbAltxoF0TY1ny63i1jb6pRiRNEMTuJgSfsIGEotMHeAcjoyEbYbyzZL8C5
2020-10-14T23:42:58.293565616Z 470 3MkiGfn72NJQ9jmapfIkiCLMyCZe3CnMTLtvoYBrwc2Rseuw7naP2xElqeUE
2020-10-14T23:42:58.305103821Z 471 VVNbPHLqp9e2UjQJjD94osxWrf4OpHjiIPnnU1EgDzIZ0Q6kNZBz8cLgdfVm
2020-10-14T23:42:58.316807644Z 472 sKwYmeqGwdTQvs9yXBdPijVKjgydHdiBHjBUWJPMXZXXqO6h4KEnWSFWZxMa
2020-10-14T23:42:58.327741295Z 473 NTRD2onCsUP9PpNHFMzxrXKijkRlKNYVPCd8y50Zar6lRoweoyHglsez5ZWB
2020-10-14T23:42:58.338980779Z 474 mToAHnIr5tnQso62D4mudykEvpwrUqRm3liKzBCfgHAorVXa0uxYp5fZQLyP
2020-10-14T23:42:58.349921053Z 475 6qpmsqGMLM1hTxufMOKUvpnh7E7JDsvihocF470lkeAq6bkPzBBx7b4woo8q
2020-10-14T23:42:58.360851544Z 476 bhqwedFWYfD8WsaWNKEKZ3AhfZxMadkTd4IPZ8bDAqxZMTZw4T2miZUtprtB
2020-10-14T23:42:58.372748343Z 477 zoiQP1mVLAfRswjRcvSvy6ytdf6j7tXj8AUrUyIgz1SF8wlpdeicgUtS6Zw0
2020-10-14T23:42:58.383435261Z 478 ixbFzszD6oKPRXb6zyLcvCDRXUxyBHLKLS8AlLOVBeYu9kQ2YRPlmvnmFBHm
2020-10-14T23:42:58.395102385Z 479 BoMaOTtYjqc0nfTW0cm4Q8wg2gmrhNh0nQljhJXTskLRgPPZ6WD189DaqA6u
2020-10-14T23:42:58.405826592Z 480 NY42r3hPtGHVlBLQd2Rjq7EqosmlnVsXwdKDv87LMSfpY6wDdejAaWXLcVMC
2020-10-14T23:42:58.416458272Z 481 MnESSZaW1S9sFuVeJOt11UJx7dk0Aw3uzN7IjiY1dYcxcu16AFknxZYHG2uz
2020-10-14T23:42:58.428241658Z 482 ozXdsZq64TD7QsCOkENVlHeZuWhZwd31hcll3nbAh8AcjqJPCNHmNZxQYK0g
2020-10-14T23:42:58.439856467Z 483 WBYd0ppVCp2ndp386RWEsi6677BLFRkqZSNh2JTygXzUpmT43FoLnWiwCtUH
2020-10-14T23:42:58.450469805Z 484 zsTDtQbhvLpIYI4QDcPVnt0Si7HUGDebMLlrReHp2UorcC56SLnGR6GQs4Y3
2020-10-14T23:42:58.462278080Z 485 E9ZQda3lOGhlagQ45WCS0XMtlecdNdpaqCh2PLrDwc5d8HDzziCuiZI3A6G3
2020-10-14T23:42:58.473833748Z 486 9p7FpFMvJopkEcAMD4gthGdEPDP18pf4reIrsgPfH9amhptboMyoqWxJhEUC
2020-10-14T23:42:58.485073763Z 487 Mr4RjqT1eiOSY1xdB4KPxZGaiTIc8li2xYQySKbUd7QiQNayTOL1AjJUuXiF
2020-10-14T23:42:58.496213826Z 488 iWT8kNtr9jw67k10bK14UUjzzN0eqwMlo32U8x80jUl2SpJaMrxOV9Xo84sb
2020-10-14T23:42:58.507445042Z 489 ANu98cNAxKfSbQAlGPHck8rDJ7w38QBFduSHZewVgbhiNfPoenfftAdpZubp
2020-10-14T23:42:58.519109002Z 490 JpOJ16CQTfgPN7WgPAgU850jp0qql6LW7qbAZxzbfaI7LmSg7CqCAjB6SDVx
2020-10-14T23:42:58.529548761Z 491 jPHpOewKUoZmaNPxlJw9eZXDbc7ABdKSOj6eMZK4XxGpnqW0KmDmhUJm0elv
2020-10-14T23:42:58.541090018Z 492 eAyVHoKAPrjUtlA6Ys3wUfCE4TQXgRsQrYKyryILhbmuVDDb0WGVvzkEtRbz
2020-10-14T23:42:58.551410765Z 493 QQh488R3wRSyKUCCOMYVg2GVJSfZq7RqHsljmKj7g9521UcnAPAsSfjM0mnq
2020-10-14T23:42:58.563278244Z 494 5lV4LxblNEdofftFhUSKD1vaeon4h0iH2tnJNAbM4Hpog7Ymji7weJFAbi0C
2020-10-14T23:42:58.573738717Z 495 pMKBuZDTu9Q4dDPq9sj0OVIaYfevmjq9NSRcLjLy1zW1lZVLVz4feG0jY2MP
2020-10-14T23:42:58.584367997Z 496 HdKQebMFYKG06t2YHdfw8g1o9ICipXgVWT1cCbxWAn4R8BkulXYsyFbUgo34
2020-10-14T23:42:58.595838751Z 497 rEVrJgwfw5Bu4DGklaZmsDpXL9wNWcncs5O6NE7omJJPfawZumMqpYopqLXV
2020-10-14T23:42:58.607363135Z 498 a01aA2i4RMrRAnpQD3Kfw5PBCGmGX8TmgPc2Axbb5HXgeZOuHyMcoKT7eK0b
2020-10-14T23:42:58.619282606Z 499 APCIXSVCuusVxMSqgF5YlTJWsKaS2dAwz5aPcJgvX8GeYHhvu6ZcOzIF8Mg9
2020-10-14T23:42:58.631389435Z 500 Kf4eRR3ITNFUpcusBtJ3GuJq4AF7AmJrRbAhJYMHH7hLVbr7LHr1DeTDaOOO
2020-10-14T23:42:58.643223558Z 501 6dPNO6KTsePlfiSXSGWTuYNkDzpAkRad2ANM02Q7ROkNyJBo2D1DvvD0dECh
2020-10-14T23:42:58.654784531Z 502 Zcjz8JyymGIp8L4uMAH3Z1SJ2t1gRw2rLev5gb82BNeEKQ2KkqvMK7LHwiwK
2020-10-14T23:42:58.666123030Z 503 sk3d9wEXOhtvL142QOlhA6g4tly2kgYIFvbW5BbX82GqXJ7bmryZPXZ8EAPn
2020-10-14T23:42:58.677714935Z 504 PRdq4QwLdCrDx4d5eZeRpx6Ax0wyFrUku62GPYqhYmqJF5OFiDatAdPhQyPI
2020-10-14T23:42:58.688487318Z 505 ywY5PTCTAq0Y5nn4TOFhrIhl6cVrMO4g42IiVjGEw75vvO1yxek88kCiAuIK
2020-10-14T23:42:58.699474825Z 506 133tW17QKcV8R6rdmTx7z2Fo3t4UpwX0YAkJiM37SjsXxo10XH4oR0SZ9D8B
2020-10-14T23:42:58.710692374Z 507 KEI0OAncw8mhBU9MXjYW2Cgyz6QTXkBlWtxCXlbpWCO5KVqaciEbu5kfe6FG
2020-10-14T23:42:58.721303699Z 508 ky2Jcw6L1eU1YLmncrvoBBFDWrlEUM1Iheu9iLill2hJ3cUUafKFbsmzuhJV
2020-10-14T23:42:58.732876094Z 509 6EPn82Gfgdv9vkhnoQU6DErVCnmUe826RD1XR9EO8dhY8LCP0NAfJSQmGpLR
2020-10-14T23:42:58.743705547Z 510 SUc6wMcRN0L8NjvccMkK3dSHORXtFXfDuqMPxRgYJKDZl9yEmIRaSIwYHMhL
2020-10-14T23:42:58.754518296Z 511 CRm1tLuEFLTEaLs1ZBkpPx1ha4XFpC9HcIGrecZjsui3gY4GKuduuwq8IvWb
2020-10-14T23:42:58.766246796Z 512 BCfaF1dRsGm4gXhwZXTy6hgddKWs3CbwmHG8EzcXEES85KFBd2EfL629La2W
2020-10-14T23:42:58.778012604Z 513 x1RLM3NqEmt2YYantHXH7Qf3yS4VbhDZvlmQybuEQ81eK4OfiggSfjv7YGXZ
2020-10-14T23:42:58.788779074Z 514 2d5ox6xHy5DcjrMJhXHF02iLlClFr5wA5NQjihPpTHRqgIcjYQkuTFTTnJ9T
2020-10-14T23:42:58.799525097Z 515 u1IcmbDs3AnV46KyDz0u3q2Z1V4iyW5jydUv9pvYRRGBFNZdc39TlzT5htOY
2020-10-14T23:42:58.810989688Z 516 iF08faUIkvKGneZja7oukE8KCiR8fCOtcTIqfVMqwciydNAeO17PvqGbA5mR
2020-10-14T23:42:58.821836302Z 517 GKd05WKrEsEcYsqDnjuqNk4UUtFKBtXa2KuJePDiPdC968bzv7HhJkrjDeSN
2020-10-14T23:42:58.832508981Z 518 Bty61U3uP2fnGXWLGEo6xoYLrIM6Wwb6Y9eOA4a3IB1ak2KHcGJsRfNJlcnD
2020-10-14T23:42:58.844224508Z 519 GsrsnYe3AEnjRtWf1WdebxDhT0wqNecEQdMXoqzQdrTX53eo9QUtw4KuSoIf
2020-10-14T23:42:58.854901666Z 520 PqvqNp0HkxsU68n9H3q5Qurz9WlxJGwDu6lxHXY8F85E2z87nQbO04qAYRsJ
2020-10-14T23:42:58.865682576Z 521 uemeAdKxg1tagB4QSPK7Zm7NvL5HeJ3SXAN3Qe9XeTt8le2jVk2CzgilXyem
2020-10-14T23:42:58.876860701Z 522 UP4uVwa5g1KMMVnXzabPe036VxKPXOMzfS9ba1Vn2goR0pCprazn9teabm8y
2020-10-14T23:42:58.887643314Z 523 gHsDarg7LjTzFhATFCgo8zGnYziS30C6WLDVWlAfjjLEt5DR3VuOIpnfG3E6
2020-10-14T23:42:58.898677627Z 524 DjbZasvHupORWQSHlhFv3XZp5NTJu8udwvXsB4yoxUKqgxt1Stn1CUs7tiU6
2020-10-14T23:42:58.911715659Z 525 tIXULwoXHkgmd2LwQJHnTnp9U45aR8x4zkqOb2yKbGFGRIQpBP0jEdYxUn4E
2020-10-14T23:42:58.921301397Z 526 U6I9War6budIN6eXdgOrUMUjx5EhsOTRELlTwlWiZCJ33L9WHnuviur7hI3y
2020-10-14T23:42:58.933017101Z 527 O9cTdTK6thSKREfDA5UoXkyBPzOcNlghPlrAdyzAmyhukCwXMAhp0Lbw4uQJ
2020-10-14T23:42:58.943852308Z 528 UUcgNq2nvOycyRqRzemCiJXrdOxTGwaVbNJDf1BOC4STkL9GtadjuU9BKjQR
2020-10-14T23:42:58.954766788Z 529 bWpG1HFTnvw37Y0ChjxURInqB9umNmQEJ2IvUtKNInOEcqaVCbTDisGYWsiw
2020-10-14T23:42:58.966076418Z 530 p6R87u4snGyHZbNKhxQwyXt45pbLKoYbV0epsRX1DrWwMrVoN4Lg3lOC6tS0
2020-10-14T23:42:58.976498028Z 531 5p258rIUD2WZOGWFd5nCIuTS1cc5uxIV9mrNbRgmBMIkwVCLpreJhDPQqOgR
2020-10-14T23:42:58.988172472Z 532 Pb5BI4vvmYgh98cbesXHXXcfKKyyr8wyb71OZUaO10Tz6DveEc2hFUcE2bqC
2020-10-14T23:42:58.998529985Z 533 pMelaByfy1x1xscjc3qF2lxF8aLoJAjdZIuLMwQVH3lD4SSoJdeEpoCBt1IT
2020-10-14T23:42:59.009573020Z 534 yrv1D4CM5BiwS0kzSTbdBdVHg6y7m6FMg5cjNLCXm2GSmcycRM5ZtqhLtXiJ
2020-10-14T23:42:59.021296731Z 535 LAiG4Z80mKYIlWxn3YjkcXzC9d7ieSvbsvQSGlG32loLD34LSnzwqEiWnZEy
2020-10-14T23:42:59.032978426Z 536 9srS8eSvgsJd4FUt9UISE08oRAyrw7u8uYyKKKuYFlujfkdhON4Vt8NIeOYs
2020-10-14T23:42:59.043281874Z 537 I92Fq4sJX20rLLME0V5b75qiMHFjl8akXRwBGFaFHAvzBrIsYMU1EO8tg9Jh
2020-10-14T23:42:59.054346242Z 538 h8SI8eQKIgpgOZapZUNmkhonCjtHSBXi6RhXIKpi3JGwoTxdSrucPFrPAarj
2020-10-14T23:42:59.065355586Z 539 tAf4j5hcLgcy9yCL3ZP0c1FQZLo4r1HHe2GNVcTi4kaWfeKQERMNhuuiMs16
2020-10-14T23:42:59.077031131Z 540 uOYiSOCXWDGgq2WvNykJs6hCJfA3IiW2JUjM9wY8hTfFy62EHCay1HhDYhfz
2020-10-14T23:42:59.087955910Z 541 ImwT9XeSrKzpaWDz9ADLsAIxwaJjOsQqPhKE2dpbR6wmUz4P7jFf34PjwymM
2020-10-14T23:42:59.098568328Z 542 rg3Q0SAhRGrxxabQ5AN8Du0UWpYfRjD92B5N496ckh6nBwWxT3tne12hDlHN
2020-10-14T23:42:59.109656399Z 543 VE3myCDzrY4yD5wrUjW3CZZQkVygNoURGuuV5dszRzyUjM4obY5zQis6UEHd
2020-10-14T23:42:59.121035110Z 544 Of8Q6bMr0IZ6HbI6rX1r8u54W0X4Eb5QalkldFwwZZ7TM7G4l7sgPMMi9jTf
2020-10-14T23:42:59.132762126Z 545 AGPrIiAwPhnS1XK1zjTip0pZHpJAJJkbaSMQod6gpMV85ARdeFXHEeSigT78
2020-10-14T23:42:59.143505698Z 546 H4l3m42szro4jfoNKgRZvFFJaqo3nLsuF8FxZLG8fdIUFav58O7fHXVHQ3E8
2020-10-14T23:42:59.154525856Z 547 KedN0aqOISXeCt90SAnAlZnqI5Sg3xVCPxoYGvLmNxepWy9twTXhocLZ8pBa
2020-10-14T23:42:59.165339010Z 548 gSxvvs3ZwTTuDsVHDR0VkweK8fQeB61apn0J5Jko3agqC7gBHvnyWPyvlBSj
2020-10-14T23:42:59.176738511Z 549 1lZW7yY1OyKndM4wRRkyps0tdosCAd3uxcCVFiItdYAvE5mFEb1qdNZdDzGo
2020-10-14T23:42:59.187269116Z 550 CJmQGD5i3t8tFG4tJG12fcIbjhSPgWV4YQgHgLh3lBlNvDhtylfU6xsBiOi0
2020-10-14T23:42:59.198999380Z 551 CAor6by0HLYgu0p0qw3E5i3Z6VHsnhhXwP25gVcPOacMD59RtTCn8xMilUlW
2020-10-14T23:42:59.211184149Z 552 KSrOLFFgCBZRqm1S58EyQa7GUOZdzggZwfUcXG193zN0LNahSLRmKTN7qGbz
2020-10-14T23:42:59.222140172Z 553 wgE5xshXTTmGqkDpUheFpmDNp9nEa3VIxszsL0eFu8E477AawfgbwBONaSgM
2020-10-14T23:42:59.232895468Z 554 wdALSsSfXIiP308AfYsvpmIr9oL2AJSaPxi4f1J4a517QamkUZvEEkpvfPSE
2020-10-14T23:42:59.243472662Z 555 xCtxvL17zVNwAh5KYaSfldShfkJqa6QnJjwRrMhdiBUWlfeGwtBaDQlk7zCo
2020-10-14T23:42:59.254983740Z 556 HIPXIteDGA6SsiGwVL55TSKz8PVxF0juvNxoZTBqaIuRBb4PJ75od6pXPWyl
2020-10-14T23:42:59.265404837Z 557 HyJpFRiTTi2PnYjWGvdzhuTKOSV0zgTASqW4QIu1DeBUUOcPIB3I5SASk5kh
2020-10-14T23:42:59.277187830Z 558 MIzZPtYTj9S28DxDZvXUIyaAc8U1b9lcLtjlQcwPc6kztqWLN9v6X3ZrFMvh
2020-10-14T23:42:59.289524359Z 559 jHS74APmqZYHP8fkBR5M7d7fkfp91ZMK0eHPqFuaMlMtAHIWq1EYL8mpkFK6
2020-10-14T23:42:59.301223581Z 560 zBre5apKsJTjNFP7UXK90ISdpeUPLJUUa6bn8AErNELlQGewgZg1z2xMfGM1
2020-10-14T23:42:59.312402603Z 561 KvFh1qtqBCsAyyzeWgtIfotCBHUn8zMa09RsznXrA8NV5i8nEqoMFCZgIjSL
2020-10-14T23:42:59.324388193Z 562 kLmftE1gCZb3mMyLDSLRABlGQlU6m7MPQCQOmNDTYNzyo97GUwkB7UEodlJC
2020-10-14T23:42:59.335545419Z 563 KIJENcT5jPPuQZT6oOIw5BhQijLBihEzcyoziocvgOPUwyJaIeWDKWcKQpOf
2020-10-14T23:42:59.346706152Z 564 5B4bGPG3RpVefMjpWXJX5eXf7KdrJnEg8Dw02uzLQGlunte1XuMwuJeChuFS
2020-10-14T23:42:59.357605579Z 565 Y2RCv5ZBsrAxB0k2KKH3uLnCWvwy4mYkH5lrehuowTSyyI0nhERCcIciluPQ
2020-10-14T23:42:59.369348915Z 566 BXBLYKD3nuEB7ovfxdBzhyUfkJN4NVyGX0tqdsje3u6HTJJDQuob2BTrKzq6
2020-10-14T23:42:59.380373618Z 567 kwgBi8rts4KxtwFxwLMy7nvTORddPcxYXPqr9Ac8ZZyShKvsfR5Dh1D076ky
2020-10-14T23:42:59.391478575Z 568 OH3Ri65DTqy9ZVgpd3Tr5CDUTW7ov74DAvXgROzsjUMBHy6IAtLcOpNT3kew
2020-10-14T23:42:59.403290464Z 569 65NXxoBQr4PjmuSr44YUuRb9jOYGkBC9WjyFLHKyhOJp1o2SzhZnLTCZlbLw
2020-10-14T23:42:59.414742011Z 570 xh7lCBSFAXKEnq6vP7mj2Y4iVODaFuYHRrAY3QNFFxEYFq3qzLA4c45UtHzp
2020-10-14T23:42:59.425615318Z 571 b12TIHtPSwDwYQAYspedjkpcbSg39JEMfKmkHE6rfeOoOlEmbnE54UAEbpO5
2020-10-14T23:42:59.436500805Z 572 oICzmTPZOEJnWZ3NprqRs7x0SuK467cX2Fcf3VnXgWcKlmuak9xMW9GTRVqW
2020-10-14T23:42:59.448562103Z 573 1j1eiqA7H6iuMXjTqbcrt5Y6l2KGxvqekiYkvtxk589bTLI7PHsf8Uu6l6Qv
2020-10-14T23:42:59.459400258Z 574 0cpHm4TZN6xhYiQRi6JuSq9MU9TBx4s7usBzkaLrMRP75g2a4Me9DQuZlakt
2020-10-14T23:42:59.471496422Z 575 vXFqBqQOy6BDxueWlgH2gZ5iQzbQLmDrlzilM8CXMVBAYIdyRz1yZ65Cw1wB
2020-10-14T23:42:59.482689002Z 576 CGYFzfEOOdW5v3SRiDdFTJNfBHArLnNLJHWuvH5j9uhRmoOCo8nM2E7nCAtE
2020-10-14T23:42:59.493710948Z 577 DeVZYXsj3VPwOb3ZkjADUCvAETimivv8Ql6cY6wTGaeyhU2BIZEt7poGfR1B
2020-10-14T23:42:59.504553015Z 578 pl3fQkRIPVQEyKeNf0iQL2pjCJVn4cvJx8nXelYia0BHX9fJda2hPj0MvJnV
2020-10-14T23:42:59.515366199Z 579 DmkCmLGdDd1uSQ1DnP9pPWNjHqMk9hJ24H59Mgw88EdFrPikTY47l6jw5WS0
2020-10-14T23:42:59.526413712Z 580 2169wd8hZwfJWAiX8FijEadRQLt4pgOt5tbnocFi2UZxrt9zOO95McAAV5wI
2020-10-14T23:42:59.538153016Z 581 CgmfY2lcdEG58kAiOmJPDc1IvwlQYxdNRBXxLKB0LkM6Z9jsWzCk1B3xql0q
2020-10-14T23:42:59.548888835Z 582 QFPzuY3XMAXYwQNWpZEMl9x4NWAR3wcFboErSpiLd33UvqyX8H1TZayASsSF
2020-10-14T23:42:59.559863280Z 583 nmWz1c5GGLefZwqDtHXNbEFpeFrp1OJYS9rmYZDTS4ytdFYgoGVrjetSHKia
2020-10-14T23:42:59.571511201Z 584 yGzo7sokELbBQ8EIvoAZc46s6n9oen3UrbBzVXt8pwxr1TX0MFyXb2C5owux
2020-10-14T23:42:59.582885028Z 585 QrnlRCZoMCKiAfdMjkW8ZwzkJNdWNhAsAzNkbTzh1QEC4kb1uG2A8Xl3M5cT
2020-10-14T23:42:59.593645538Z 586 zQGHCsv9pw2UX6ZN09huZZUCzAV49kicFmeaUWBbGRsG0AdcYe8yC8MmuHxW
2020-10-14T23:42:59.605003831Z 587 kIWHU1VyXfej1CiWANBQ91OyELhVnHxMDWt1wrlKZIMb27apsw0id5kwAW5k
2020-10-14T23:42:59.615680994Z 588 l0j74zzTiFaQsscRDjSJioCg5g9tB6TDVxhH2dnJ2LvJ7aGWIjwYqR1WLioo
2020-10-14T23:42:59.626702734Z 589 gfEcIA8GIhn3us0zWDtUUFZ3R7ahb3Udc5rAUGSOMkAYPFsK3bwohDm5EGRd
2020-10-14T23:42:59.638106566Z 590 urBGusG9Xr0MZJNpdRIMK1LedbGAm2V6h79HFHLgxJvLvYPN3sTFRAuKZ6s4
2020-10-14T23:42:59.648845020Z 591 HTyIaNuNIRk6FTxW0xNCRaelpBaUl04UXwTNceWH5yjj8hTuDmdY3Rt7xxqp
2020-10-14T23:42:59.659818354Z 592 UsLx7WiwTTCaryLf8iRywbIINneeTsaZUW3OMMhgLqjABX4ZpqUPwpwh3ksK
2020-10-14T23:42:59.670888196Z 593 TaEOY8wghGTPDX5qBbqe2ywnhsEz0HPBdZWvYow79PydIsoxg9Jf5Vj7MAxX
2020-10-14T23:42:59.681566140Z 594 825OzM1fVLeqfMBH7trteiWc7jIIdXr8YxL2lfgIhqqrbqBm8tCppbOqCgKC
2020-10-14T23:42:59.693087262Z 595 HpfKy3OjWDJpP0lvRbwXT7B8Z3JSWBcGGnuQqobVna2Gc85Szqw8NOLROTPi
2020-10-14T23:42:59.703674074Z 596 MApmoa7uKPxjIgkYV8BrcRQXim8xh2Kijq7DHwrx1AGxBoXwgCMrgY4GfB8M
2020-10-14T23:42:59.714720902Z 597 9guFiLpQybbA6VwBWWMPmHVuy6PRC9l6qyvPBSPE9gMfTgbgJYfYZHRjFMig
2020-10-14T23:42:59.725476022Z 598 zueSYVPCggScP4kP2SKqibpxGxtui199hFdSRWkLhz3VPWQrIqdpa4hlYffp
2020-10-14T23:42:59.737170978Z 599 D6TNKwcpm5lQswDL0Dxt3u1VSSRczIkNG6wM5Edb66mEtTpFto6h0I2xpsr5
2020-10-14T23:42:59.747953412Z 600 WW881cXDWF3GDmkXYoNTQuPQesxGzaAGxw3TrdKY8hPRBSTYzxONehA74bZd
2020-10-14T23:42:59.758637656Z 601 YFxfaID8u1hhzMby8rjwICaGmZ4hdzn5XdFSdlonzhbc9TB2uP3S0TlezYxu
2020-10-14T23:42:59.770515967Z 602 XGk0fbm4dkhm7ijAXJVNPlmodvh0vfKNJbo6yokNUKOjiLsjRxgIRmuo255Y
2020-10-14T23:42:59.781596568Z 603 GYOo0sa6ohJT3GhcjJj0yGIOM2MwCkqO8ujfp5t1jKLOupzcLn8rx6rFHIny
2020-10-14T23:42:59.793387108Z 604 4PQDRoXR5HFJUuJ4voh1WM3gQ0WBtff3MVjbv0PbVHAIQPEMtpE8KaCq59ZN
2020-10-14T23:42:59.805348455Z 605 fFf8J8Fmpw7S0xMu5THLkppGEYqGU9VvfWU0oxxGM2D0IklJ1cpQZlKSB3fJ
2020-10-14T23:42:59.817447787Z 606 M9ALUqTyaeOfIR45qq9XdPs3N0hQQubgpHp2u4QUyVVMbzjKwhSucWWRJQxY
2020-10-14T23:42:59.829511129Z 607 EnCG2xS4jL63WdBN8NKfSxQGcf0UAISZVcHpnKCXVjo4ppojG8oZ5qxvcoRG
2020-10-14T23:42:59.840213922Z 608 f3bAhXBHJ8oc3lGtMIP2OyVO1LtdppqKGOH2UD29WgvA33poOB6KSigxzQ4r
2020-10-14T23:42:59.852109701Z 609 AAPyjaVuoJCI5qDlnCG7WHA4HXrsbygTIzE2rLXIgGrCPYk64KJsPm0bdfaU
2020-10-14T23:42:59.862958807Z 610 qcuqkPRdJmWvc25G0QXnVMa7WCwqxKiC3XNI9rMIf4AQxJzdomnigm2E60fU
2020-10-14T23:42:59.873295994Z 611 rzS2kBoRuXvNM0cP2wIWNgOT4qT770hCxLFCMatcgPDCvCQkDHAGf5Ts3nYc
2020-10-14T23:42:59.884761024Z 612 8nly2azoazVIQRnNefLACzHlTdVrIOXROYKOUlmLi3W0qyczSgj87YX8Rso4
2020-10-14T23:42:59.895680203Z 613 EiC0Ugn0BwgyTpcIaD2iryLxqQj9GUJb2rMnraeBN9msq2FKtRzhuZQIayZ5
2020-10-14T23:42:59.906350376Z 614 NnSgtk9vYQ2iUCi8TQBZeXDXYOKwGrSbKxvixhQ2FSVqC0pJXWm1gxLVwvUo
2020-10-14T23:42:59.917443858Z 615 SWFfnQYtO1lKX7Xg2din3g91MlPMGYuMfxDdUWpnhum3s6fQGt4CwPLfJBr8
2020-10-14T23:42:59.929232600Z 616 stVBISdo2LWazZKSFMnrrrjjt5a1jNVvMOF1dy6eQaUKy1TL1sugyzLW2vhG
2020-10-14T23:42:59.940869355Z 617 Gk22KILdzBXUP1BbPQX2imRaajXbIszXghE6guWszoYOxBrkvVVABsVgAflB
2020-10-14T23:42:59.951929573Z 618 qOSQEoRDBOOrnw51l1aUe94FIOx6vAJ2evC3iLlD7W4wHGzxEJTpxglplEPs
2020-10-14T23:42:59.962539765Z 619 VPvFyflh5gPNU5hJEstzV6qMvvRmOMDvhbX5EA4QbgdptSmTltmyI2zYYaXg
2020-10-14T23:42:59.973358464Z 620 3YBnkZAVdPT4sS7oNosRL1Hm95aFOFW0stV3GjzTtell1RrULYGnuAiYfVg0
2020-10-14T23:42:59.985017057Z 621 81TIuEpU0dihfypoqttUkxhB58ekiBtYdwTcF1tIqORVVneMWdemKStBdePZ
2020-10-14T23:42:59.995458014Z 622 7R4M6TmZBUlH9iot4MhGsmwhFQ0o5QliEohAwg2LweExke0iHQ34AXMn3pUF
2020-10-14T23:43:00.007028264Z 623 S8vmsULCz0WL16Y9eiZEErbU8RCYo6PBQnnvqbXG2zWGpNltkDZYB0C8HgXT
2020-10-14T23:43:00.017626531Z 624 HNGqhfLei80dkpqcpI02ypoGsk8pQYxvxiuhAGfULfJ1kuAh22QMMABJaavB
2020-10-14T23:43:00.029405782Z 625 FhBMMlSNKMRxY3KMaXjV8qke0OiLu8mIhmro48rlTPH78rxYSbOUz3ZsvhmT
2020-10-14T23:43:00.040438653Z 626 gtN7jZOg73WXQPZxJFL9UOG53FYnjKkvjwAyjPOc2YnfjJGbFppUWpjCd3DC
2020-10-14T23:43:00.051425703Z 627 wIoe8i7RlxMVCVWSGRk0hJnTSaYyVCVEfKxOYz4HMfa29tjIES6wuecNkDqP
2020-10-14T23:43:00.063182660Z 628 XuEg346hie22gi3u3Un3suWPsr4TcuBbbZo6H5GHiizSavpp0BA96xg9ya2G
2020-10-14T23:43:00.073814305Z 629 aiDFFvpJ4jSGtis8jOLtiIVpZJotgoSClyEJCxaQ9sOk4d3Ej7AvZxkfqn0l
2020-10-14T23:43:00.084524335Z 630 WVBxcgQerLEA7p9iWmkka4z4AJq8et35F7s4EuRssPiL1vimfttMYki4IdfH
2020-10-14T23:43:00.096276786Z 631 0TJ8FvAhiBLlDkFxzM4jWirLP8SbNIeHvsquCIq22GcT9pa4JZApSyDJQbSk
2020-10-14T23:43:00.107281937Z 632 WzudfHoO0helETyyXXEmEb9fLFg3xlMJ7GaUgImdI6GWPH6hJ1Xsdw7NgXPt
2020-10-14T23:43:00.118887615Z 633 xLLsHuxv1rItt8yOGyRb2PAh8jbGF35cIFV6GWM0ZPhw0V8d6Geb27EI1SQ2
2020-10-14T23:43:00.129493788Z 634 H7KmtO7UJjFEh7WmPlBLT7KIPxOxu2hEtWAvmPn1CXx2yD4XsG9jilEqKvDg
2020-10-14T23:43:00.141307453Z 635 qjGwbazYRk5pj25y3LZUPSQGFqlN0PFSGxT068ir9R6Zxr47Dy5OTJ7LbDOT
2020-10-14T23:43:00.153477651Z 636 vHw9ngfZ3sT256krjfYqu9PGklIUxZqFaABoU4r0UstyzIIKTL0mumhuwh2G
2020-10-14T23:43:00.165059518Z 637 PPNaxgj5VqYjgcYufYvwTF3AQQsT5PPlkV9blmFMEpLXSUisE8QOXyVt40SX
2020-10-14T23:43:00.176150749Z 638 hITzkH78FU9OgzyflzpbNqazDsYOIrJ3LyLu7KSGFlMW7xiLLdbwbiqb6TxC
2020-10-14T23:43:00.187785714Z 639 QlmPmEsJldBcTf45DgQc2Bn5rnmWiSQp2sueFNxnzZiCif3nNMDtiAQspeH5
2020-10-14T23:43:00.198309775Z 640 XG8TL04gk7E8flfHesRGpxXDE1eNbtVQf0mx6knLWRCsEqpe1Li10PcIBFnY
2020-10-14T23:43:00.209688516Z 641 Syv2NNS7h2ZNYPco31OOA2aURQMHXDiL3hUSxn6FfAo2QtpMooK0ZuMo3hVN
2020-10-14T23:43:00.220640822Z 642 vSFAromSORhT2xaUAginJORI8El3Q9VDC6yBfDZr3wPu4OAc5YyvtbrIaabl
2020-10-14T23:43:00.231662977Z 643 JgqONcYp1YhKEItCY1sxnbmi8MF4oJf3wXphev17VtSYnhcSJ6yx9MPTHLM1
2020-10-14T23:43:00.243227377Z 644 JYGfQsVAmdaHfQih5F5EK31YMAZvA1MUbDtgHvkRkR4nnILMTnUrIwycak7k
2020-10-14T23:43:00.254233983Z 645 ttoBjGhI5X1Z2F7NM0ulXuTTHobKHbs9mcQcjrmQLG4hmeviZhR3spAYohPm
2020-10-14T23:43:00.266305984Z 646 NjVo55rpnBbQTiZUoB6IuYEwURavvwGsuBNkrXV4VlxjdJrQMKNZLbmEmdwQ
2020-10-14T23:43:00.278217775Z 647 9OBmXJrlgnKWckk5N7PkqLbdTO8Poeb0Z78qTw568nJnPFj8jgiyepWqaMmU
2020-10-14T23:43:00.290273868Z 648 5gmSN14rXzK2NQsWXkUKgbL1YsrXh8N3uHU1X8u5KAu4te0zBsIUEwL6rWRM
2020-10-14T23:43:00.301665291Z 649 VN6QanIIMPznP93JMHrL80DqMw6C4yyiKn2aLnGSaHuQd1QgT9bs3vRx4uPj
2020-10-14T23:43:00.312283457Z 650 1qWgf0MGg1lTyDB7jArPhxWuJjLBg5DFPBgszmpsRs4xKonlDTYnFVAhPatP
2020-10-14T23:43:00.324082454Z 651 NaL8ap21jPST8cbas44k7t3pZ4wuoUeoUryjanH4iC8xJIO3mXrvKUe9JMny
2020-10-14T23:43:00.335107173Z 652 rZbbqZbcGT2xZvBjU0J0jwXnYfyszggJN6dst4cTNuCwkVI8lABFJtqrQmrN
2020-10-14T23:43:00.346023115Z 653 D6eluObaV9XbGs3ls24UDkx37GZzhpv8E7VPYLi1hzUZzImVQWAd1ormjz90
2020-10-14T23:43:00.356844623Z 654 7ZaSnsBehrVuGqVFYkz7XtzGg1A2IDZ4Sm7GALYo9BV8RqeBJ3btdHMFCfsT
2020-10-14T23:43:00.368651650Z 655 m1a2Fr9pJVPhO22pSoao2UFZkOvOrLSzJELAZg0jsv3PRluZsUy0M8Z3UDlO
2020-10-14T23:43:00.379499983Z 656 LaLY1Bq8oZEuOJtquDURJzvOjymF9kdMxwaFVzTds9kuMDsTJSQRNFsNguPO
2020-10-14T23:43:00.391065156Z 657 UAxeZPZ6k3R0xjRIoFBbiB1VtBYhEiCN55tP5L2SRuN4MJDI9SysgX12Z0uD
2020-10-14T23:43:00.403095631Z 658 A4CoTxHsrFOYvPkk4ax0M3a76Nwb52TaRYWdbe4muM1AfC1j72JtC2JsnsBG
2020-10-14T23:43:00.413984326Z 659 UP6jXo7zp2Rxny4DOz82ADjym6LfQhxesDwGJ5eCIOvZtonVFkFRmpC7SETa
2020-10-14T23:43:00.425050421Z 660 37E4sk5hITbepBl77GdoLU6TVZPqfl0tG82lYlmao5RqoT8dzypslX4mMtGq
2020-10-14T23:43:00.436455566Z 661 9Y0n70gxBY3OO5no1byJzy5RDVq9hoZ2cRNTeQTS075ShThQipyoPa596dTj
2020-10-14T23:43:00.448692464Z 662 BDH2tJvduezvbzesik2B4stoNObIwHIXRjKhrc4R33xh4COANErgXB7281J0
2020-10-14T23:43:00.460332980Z 663 F825KzO8XYgOclEtW6il3pZPvsORnnPiLCkrfsavgZvQwFy0BvcTsLA0YXDa
2020-10-14T23:43:00.471826071Z 664 JOdxexGzXGd9oC4DgiLWoiCW52aJ7PHrhME8TAoyGljQa6EUAsTHVcGwJ85o
2020-10-14T23:43:00.482455110Z 665 4fPYfg4l6mAd0O0Kce7WBC1TOgYKZZy9E0ov3Ci2G21s2s7Oa8jUi3ZOxIiA
2020-10-14T23:43:00.494216340Z 666 GYeG7YBQM1qVdUGXMlIeYZDf5U0f1t5qh0ZQASEE1IMnVeWOOXosbEtmT2fE
2020-10-14T23:43:00.505607415Z 667 ltbry7l6ZzJx6OQjS71RZusdrLeunP6U7X38mEknnl62plvSM7p7icgdftxY
2020-10-14T23:43:00.516330207Z 668 VjTJ1FRrtGLLbTGFvbJUgZ7HtZK0NVZfja8NSq91oYuPAFmnKO4x7E1hQ798
2020-10-14T23:43:00.528257840Z 669 E2e7yquOTvPmhaFgjQ7SNXWvDm2VsK1I6hBGdA5YbhxwqFSBqlIqEhNwe4xG
2020-10-14T23:43:00.540215039Z 670 XAn8iHnJk6h5NWwzeaelNs9ow8lHia6m8brpQ9SPeynYiCQdJXj90N1xAXID
2020-10-14T23:43:00.551279080Z 671 UnQbxSaSbHsXp2x1CN4oH6lTLMbfWvXbMI4M9Zm3x3AGQx9VjabI7f2Zxe8M
2020-10-14T23:43:00.562138234Z 672 eTKjExk4qiUWEI1f4icRJgdUGCGJVk7Cl7KO2xyv5UjghkxR9owrabtD8Kb7
2020-10-14T23:43:00.573104372Z 673 0gYxHmU7Zct7EdeFt74OPbCMe44FAH1VXuB4ZY9E0BaDaOF0vVYZ1zrZVPA0
2020-10-14T23:43:00.584334495Z 674 QzOi7gxTWUYLEJeqp3qWylVxrWnrJGUaZpeHTgek0ATKjCD5dURFn13Hz5PA
2020-10-14T23:43:00.596037938Z 675 pafVNeDNBUZGe844kiObIYDe1v528rH04r5dUmtgv3Z1GRpN5F4YRkoPeUqq
2020-10-14T23:43:00.606579064Z 676 d9YVDWDSip97hAh0gMNfKT51GMAPXGffrl1aEhm4HXnZus65bWBlqSb1pr4P
2020-10-14T23:43:00.617644550Z 677 7sT6QPiN9Uq9RXR3T5WMhR4g9BRECOMiH06PturGLz6pUZzjRl2KEAA5vYsB
2020-10-14T23:43:00.628370400Z 678 PJaThDEhHZ2YDRrwVbAmoQzBoX009u1eqtSRcLDFxc9F7UKRgsYaqsg6gFtG
2020-10-14T23:43:00.639564062Z 679 kGNYJ9EiJLbBICt215PDPZWcnnxJhHv9fxvZ3EbPuxqcRqM2nnMxHQRwpF8e
2020-10-14T23:43:00.651163498Z 680 24fUGubGoND4icIitorwwvMpvENrgGB5fAFEyM5Hg5eGFHe0x4xnnsM5xDeH
2020-10-14T23:43:00.662855819Z 681 FxR9CnhHul9N12KoaguD0y7iYIsCYidf6hv4TYyDjvBmTtv812PIo2J9r32D
2020-10-14T23:43:00.673423830Z 682 Gi4FfQsGkKSw5WpvDLUtwfD6Njf6FcFGCbj0SDt69rwkQNo9iyrwBYRcfphf
2020-10-14T23:43:00.684478889Z 683 nbppO8o9q8ELn31ErkFYhnncv9sK8px3uP7XQytqEDPZQgJF63GxFooxeMW2
2020-10-14T23:43:00.695974491Z 684 n5ms6GFiOFcDdPOlKpTtYYFj3S6AR7hrKP7RM4dmlR8BeNxTbhfR2SVqOqzy
2020-10-14T23:43:00.706924544Z 685 HRCtT657qq8rjzsFAEFaiYabAmLiZVUGZOF2rHtW3WgBXVoNWOG1AuI5hkwX
2020-10-14T23:43:00.717411101Z 686 C1fuH4lFE6W42E7ZxhspTucRJuTv1DPgdEpn4sFaXJwV6AFNWHaYgxYrmgwP
2020-10-14T23:43:00.729126971Z 687 aMEGIcQyQNGZcQbGeNI7eZWkbtn2wfGATCWtJXYTcCt070GWtGrt89iG5lTU
2020-10-14T23:43:00.739863155Z 688 Wt6B11GfeAhshJ5xNLN5rVrzuY21iGqHVfw2BH7JOgtrBUlH29khOKFcKXYm
2020-10-14T23:43:00.751011775Z 689 bSY7S1lVKvKFLCMsdomppwBKvQ7DNOO6svwehTY16zvEPBIKeFr6IJiz1yta
2020-10-14T23:43:00.761359817Z 690 eDD6gYUBWpuboxkZExcNBlJgBjuxLMxPX8wW9wmEjuFPAAxAYMbL09YW2Jwn
2020-10-14T23:43:00.773125612Z 691 rmSTZmb3uCpdMwfS5d3AEbEJ4SbcDnnGmUzXOgLooPRKdhCvvHs3wPEgjotB
2020-10-14T23:43:00.784704124Z 692 cwwfjNkKe1WlVLXPjPbBbm4yCdZHROe4oQhnBqDSYonTtJkmjmgObMiHta11
2020-10-14T23:43:00.796394446Z 693 lJ7IElR9evxKeJzq03srY39BERabGH4Z5IHHpsyUb1kop2BwLrk1Uz684MEF
2020-10-14T23:43:00.808200406Z 694 omBi1v5pVXtLBtXJ7jWsCR9CNzVATTTJTfmBzVbGJ7oSqHymkhcMEGH3yOrr
2020-10-14T23:43:00.819975409Z 695 lAjYJeb76aWOzodgUfTVqH4SEVtstA41foATLbEmLJwNqoTBcusgoGGZRT3h
2020-10-14T23:43:00.830718543Z 696 Ijk12GfPIiSTis2OPvYQsJqv5OznrDlxVSpvYSsypzduTMINFqVeoJOGBwaT
2020-10-14T23:43:00.842222001Z 697 U0DqtTQ4rQnbBjI7JTzBGdCsqrFJkEQKCGx4vJXS6CkKj1rCmlUg3fADXAmA
2020-10-14T23:43:00.853813668Z 698 4XK4H6OBTn6PUpYGMnY7devNBEvFvByrTwbbXZRNRhSSgFf8CjolhzKauQnx
2020-10-14T23:43:00.865312465Z 699 OjzLoFsprvAfewFXMsDfdndJxS7PoEMiVjOLHhovtk2K7zHvhJF4LXn1WGES
2020-10-14T23:43:00.877314389Z 700 ftLQSHk1YoV36NKa8MjJxE2UUTw583pJPdA4CrCffKxGoVXuiPwxbxVRwlXO
2020-10-14T23:43:00.888296665Z 701 ymt9vnvcd8gN0ZI20ERSTt0ZDAvobHOphWbSXQNpXHsrHKUXJvIInm22Wkd3
2020-10-14T23:43:00.900531937Z 702 7gx8vyXuwsg2fljJ9kbXwkJEdhpJ4f449svfY5sryRGhBsL6zMoTGAu2UcAv
2020-10-14T23:43:00.911305830Z 703 MuVq5q6FVGBhT42qpPn8MygneppThb0KN4NjT9myPPhU4fiZDAnJTreFgHBD
2020-10-14T23:43:00.922398611Z 704 9P5wHtpEgIDW9gUmXmkLF7Kesu2wb1VHFKTmTchGr2gEPsfEYBpvQOkzdMJa
2020-10-14T23:43:00.934284109Z 705 EZGXvRuKajbcsnmc6XdhjRXcYleprviqAYpyrMC5yTSlqp2Jeo67RWiago4K
2020-10-14T23:43:00.945974282Z 706 SO8icB2nWNxzWRYfEjcgYRK6P5ZmZTmq8R3XHdvwfF7HQoNkJwXSVhCb7ITC
2020-10-14T23:43:00.956688161Z 707 99GFN97YAXPWfHuimFWtn03Ez9QrjnnP8xNV1u5h4HZkXCYh4Z4kj1jt3j4C
2020-10-14T23:43:00.968477218Z 708 8ync05IgCpcQpoaqsjqo4iAC9VE6lwZOMyL1idOqj5EWLQjpz1NiNTP3kLRm
2020-10-14T23:43:00.979703504Z 709 kwwzalYhxAGmpvbwrujJ2IdoPp8JCfn4SNmdUNrwKZoDAV5vt1HBquHhWhD3
2020-10-14T23:43:00.990276560Z 710 uFukEWqAYDmW7CXbgSBiNexH2qHwaatfEt0cMvPO3jxD0WBm5lP8DtJCv36b
2020-10-14T23:43:01.001956840Z 711 Ze65qiZrkbSLb4cdEbTzmecvht8mwI8gAQ8hcQB90tdq0jBZ3eo3cjtmldaI
2020-10-14T23:43:01.012577217Z 712 3n1nLM5XC8bUHLvupNKxzvAEjlnaZtVfYMl7rhMeBYwwYPHf2H8YLn54ERKr
2020-10-14T23:43:01.023553955Z 713 tGFA7gMqHOoaYRdSAjmZFLMN6bIXv3pjrnl7LwMGHQU7hrwq0BuV10YZNc99
2020-10-14T23:43:01.034488674Z 714 yP9pi2OSDPjjBp3xN5no6Q3B3TgrTn48XZp0tuv1I4ZHy6ITKUB5MnKLEQsN
2020-10-14T23:43:01.046045053Z 715 O5JKpL6mDETcWlzHPNLT6qPvBo7K3A49PWMl8QN1CLtf6tMfiW0GMJs6psMt
2020-10-14T23:43:01.056609589Z 716 itML26N0wgWRtZsmbntrBbtaIpi0ndfEXaZp1eZFHajXV78oYDfplXtOSMmp
2020-10-14T23:43:01.067276306Z 717 57jeWp3ZZf4rJlON3qUXM29KUeznWIscQCUA3SYolVezjQahOcb0vjnBqEW7
2020-10-14T23:43:01.079131260Z 718 1C9qAmGlD3ox2Un7xLIyLJDZwiAPcLq3zKMqEOq96dtJcwm6Ifj92EAYs4wa
2020-10-14T23:43:01.089565016Z 719 PXZlddHjQMrP17qxw8X2eLoVdb8tCFrVXH4BYs9w077ubZHMXRqV9yGVS66r
2020-10-14T23:43:01.100731308Z 720 4kXGNOpYDdl0ccRcMlnJ2BQ7K9RTML17YmbfGPvuBwR4FFQBdqF180cJJJKK
2020-10-14T23:43:01.111349014Z 721 t0GaJEVTTJ5ZLwDKvvlLSnftARREvOBscZL3yAVL8ySa6D4CkbcOYhiuWr0g
2020-10-14T23:43:01.122352506Z 722 VEEW0LDm6QdeqhFAFm50UMGClBDlqp2VwzkHivgVT4x7L9wFKaX54b3GCkQo
2020-10-14T23:43:01.134380397Z 723 6AILW8xvBg6Dhm6Re16BkCAaot0OmjiTz5vQDnAQN7dQzqHdKG9oqkIVvrVm
2020-10-14T23:43:01.146077067Z 724 SiA6TuR6P04VgklUxRM1uefO5QeBl7OOtWUTaX9qgczHqkMWkVMrsoWbLs9s
2020-10-14T23:43:01.156512520Z 725 4G4hNGIPvnYuTwPP14Yuhka8VENntdOCKPPxstv2tFw9qOQHcD9tnOu2szOZ
2020-10-14T23:43:01.167644087Z 726 c5NGqCUJdy0qWgAFX322S4fEQFUpJp9gx4iWit5r0GqFNUVHdh9ovG1RYPgm
2020-10-14T23:43:01.179089346Z 727 xXD4IVNdJGUlNRoB39degcRIHtN2fuQyMoyaNmi8mxseRi4mTvvn7An2QCNE
2020-10-14T23:43:01.190978784Z 728 NdMu1N735HD65Td2WBQjJOOhgNBqKivymbCUH2XUdeogX1usrYKUiUKUzL7p
2020-10-14T23:43:01.201559803Z 729 0X9Ya9aVhHsTrPwEZKjInLHZb55am1VO1ErFNJHE7ILWgAEDhTwe4MY02daV
2020-10-14T23:43:01.212534202Z 730 M8vphBN4L2EtXs1ZXQCR7PvA1uxyUmJdZVa7tC7yTnY5M6OHleJoCycoKbet
2020-10-14T23:43:01.223448081Z 731 g87Y6hUIinOTtXDW2gqQQsqZ6WbwKpGAfbAC9yl2GhrNDO7sJVsdnF3duR7w
2020-10-14T23:43:01.234362308Z 732 HQElZ8x1FYgxa5RhLbd1g9ljF1rQsLqpMWvHBWXbscoIaflQhLVp3H42kCFs
2020-10-14T23:43:01.245361562Z 733 jYWvsiOztPuBhBPoFb69udaTDm5A76EejxRFUFeg8acl7A3OJSp0Z5YKwj4F
2020-10-14T23:43:01.260166261Z 734 ORBhR4vMxjXkxT9IAHTDzRQ3JsROSmdUFAMMNqckIH5qLUQMqTjbZtbwWGFQ
2020-10-14T23:43:01.270297265Z 735 hSP42wkqMLJq5bMLoXu98JKk8FTwHOrz4f8d6NxUsGOpSTQIHjb71khBE9qe
2020-10-14T23:43:01.281696254Z 736 xpIwFN6nytzi5sg5fXtTz12AgYhRpbzruvczU8HQpxcN2zLvMMmAGrckgmBx
2020-10-14T23:43:01.292372651Z 737 ydiPupx7z56PpxQhkbERXnj6CvC8shMx2nQO22MMKVRvt5mkOMB063EntJvq
2020-10-14T23:43:01.304031263Z 738 blvNf4GshgzVQGtKvwiMdWOVop1ULoVtj58hhczFw2zag21igsgWZVTt8Ntm
2020-10-14T23:43:01.314704803Z 739 N5Se3kkNiNfCS4n6us4gWVN3gFGw4SnniJNxBdavaRe5Bj5h3LYxDpKBAQEV
2020-10-14T23:43:01.325453193Z 740 qb8ZvfN89WdQegUwQb7tq9qdZRWwtD64ZaXCSSEwAftI3SuD3QYzxj3oVPcc
2020-10-14T23:43:01.337290148Z 741 tX4lWLm69D1jAwOiADLlcHMBfyfsqLQIcRSWkCOMExhaRbC31mtp6lZpjtpw
2020-10-14T23:43:01.348509032Z 742 U0LZlkfS38ZCLkXo42aPch1wznnh7Zma5rQQCLFFJ4a8iCosWl9YfS9gOiwD
2020-10-14T23:43:01.359528592Z 743 KJnhCRq0Qk3vYKeTJqYfgsMChfnixcskunpKAjVFqd9zVRAFQDJcntze6Lfx
2020-10-14T23:43:01.370370192Z 744 Sqk77D0yPuoz2Q2GxwTZvi1lCediw3k0V7c4waVCmoI0d0gh2HrFmXVDj8Bs
2020-10-14T23:43:01.381608696Z 745 zPbPZ5pN99qxIin0ipltwy42sYRMuTark7HH5o41LxHBjEccvTXmhZtKZ1uA
2020-10-14T23:43:01.392437674Z 746 HuEhGAaAHK461Yc2ZqrPGgPFhp29X4VhqSXRabNTL79IjcfZYcugOHPAJFeY
2020-10-14T23:43:01.403988662Z 747 7CMhWPeD5QVqv4UDMlSqREPwErA7YK1dKJ69OFlHSMeYrNme6UWErcNl1NBU
2020-10-14T23:43:01.414692358Z 748 qMEhcWLyr6eVvWPXL01PtV5IxUeczKcSBx1c0Z06kARCbjGUiUQdhAjcD9uW
2020-10-14T23:43:01.425451078Z 749 iT9o4mXmKNYIpAnTyGJ8gjitfQGmeb0VGLSRyypumCg3PQnMhzMr7VsSUGhE
2020-10-14T23:43:01.436776213Z 750 bGqX8urNjoxvC8jzapiZiQ1EhaLkZ2wGcKCVPc4wumDmYTF0O1xRAIHRfBLr
2020-10-14T23:43:01.447149386Z 751 IlQBpcxKrvSYs1iYbdleNJisP7w4xSHJSnnhjKMRWVDfd0rAiVIT4qSgDLYi
2020-10-14T23:43:01.459300136Z 752 416TTONRIgRpggiKWPeQIxxP7jBuPn7hWBubmrADrKdNF7tBjN8PsQKrmV5L
2020-10-14T23:43:01.471124694Z 753 iVfP91R2yHpRbDJvUqaBKIcymKLJd4rSOIsOhx9tMh31Mg3473bPUZshwMGA
2020-10-14T23:43:01.481790172Z 754 MtLYGzPUvMcnwV8Xm9eOEvLSZMemr6zGxR2FrkbEe0DQVQSnW7LfySvJzUMZ
2020-10-14T23:43:01.493562074Z 755 jsLFrBmC9AaeBNHpsYrrZlR7seYl2pXuouMMq8HKguAovWr5rYmyu8tRtOkO
2020-10-14T23:43:01.504212753Z 756 s23aGbyKQxJmrzkAPAdrOc58BQ1GbnXX0fdM0LvoEqpeIev6sUGtNxr2g4Z7
2020-10-14T23:43:01.516041111Z 757 tU5aRcG5UnPw1jUNghKb2hsFCoI87tvCXx1ZXRe5UAzrqRpZ5owHnsWVdAn6
2020-10-14T23:43:01.527230938Z 758 b87YBQDMvg8C70C3wc7XJNmNJMhnlmO3PR2HliujhwOUrqxsynfgIOWyB2af
2020-10-14T23:43:01.538961654Z 759 wrvYolzAzjDvVTf6BJhgn5Y8dD2CmF9gOVeSdWh6j0RXXl5xwxJJ57G68f9a
2020-10-14T23:43:01.549557168Z 760 a01zUdsrZQNfwIT4s1nOiIlfWK8xEBQMpkOszqBpkUXlz2AfzUNPcS1V8xGd
2020-10-14T23:43:01.561554305Z 761 ezE9gXhlcKYriEVKNawBpAugSx8wCWT9YqlfUPJaw0dLJFI6fWjoxrxM4CbF
2020-10-14T23:43:01.573280637Z 762 ZtqE1rTVy1xD6RGxXfxtGMygZWtB8PzMYDcRSrBCq0cNEUmbN7QWxBQKbOYB
2020-10-14T23:43:01.584366923Z 763 lOtca0EO91qDFQZWed68sYfBQFgERMljeULz5qFWKHtOtxmqbnvEpNIi2Wkw
2020-10-14T23:43:01.596274455Z 764 YqjAMgRw5K7H6jLOcqTR5ibBSqb3NwPOlLUYLyASqfznoVu5BmUn3TKEjcrM
2020-10-14T23:43:01.608439810Z 765 Q6OUU9qXtbXSW7H2CZadojFIDdIUD3shmcgH3DJn2HEhAYkjyYDc9HW0ZIII
2020-10-14T23:43:01.620807487Z 766 xVALcHmEh48mqx7r1gGpmySU62K11KjGfYhP6nTpcWeQOfmGy0lU6Z1MVlTs
2020-10-14T23:43:01.631585954Z 767 XfJOxVvMTw8dN52HOVX1MyURPlw7JnY4eh0SCmv1O2vr4f12qUJ51jcxtFgt
2020-10-14T23:43:01.642444654Z 768 6XgwUGG4rz9gsTTiENu827baiIzhXrE2KokR8saaJzIURxH2QSBNz6F3yt6D
2020-10-14T23:43:01.654004498Z 769 CRcegqwwSseHZWBiaGqI7JUYBB73yKkeAjdtll0WCdcaWcaL0iPf0h27QsC6
2020-10-14T23:43:01.664799610Z 770 minb2swAVYI2vjZwSNW2yQwM2Lhwg6u9o1X81YhVM2bL0DvtvmPdOsjKVzEK
2020-10-14T23:43:01.676241730Z 771 adyHwdlOfOHHywqw69IydMm9BuVpY3BuPA4pbm9d3kqlKAx1lxX57Qn50vtN
2020-10-14T23:43:01.687890577Z 772 RPQYMmL6tdhqNr2fzFFy4A8qlhbmTWD6NFV6R1d9GmtREGVvjdcAQcDUGsGv
2020-10-14T23:43:01.699392475Z 773 oxX54ZZShkOsvfJnaHjdjxQypqHzDPNIGCVD7nOPi6cYl18099b09qggLrbO
2020-10-14T23:43:01.710647437Z 774 LXIeYImYasZZkbDkJkgEuLO5k39ghYw8eg9gxSIuVQVrb1glQsUNaCtHm7Ow
2020-10-14T23:43:01.722175140Z 775 j3Xxse5JFJQ6VbpZEGzihjC5oNzlYSZJxysIkERl5PubTuropW9kTMSQ6S5k
2020-10-14T23:43:01.734224606Z 776 1rCn3wrsi2XBnYnXPVAhWc1lTjrzQrENySBkvkTf6ltUqJtT8BLOt3ktfKFI
2020-10-14T23:43:01.746369540Z 777 H592bHKBuZVrnlHtOnLW5AaPXy1Mlj6dOVMopInLC3jC3QUCYNVu0kvihOUk
2020-10-14T23:43:01.758255998Z 778 tlYBuTdIVzrLCJ2d14abpBvhN2aaCjooPkShKHU6wtmKBW4wmT4pemrj9Wam
2020-10-14T23:43:01.770080063Z 779 0vd3tZSui7nJEFOdg1JiPHnVElGuZ2b6lrWNTye7HD293yR5hPy6KO8MtoTj
2020-10-14T23:43:01.780758158Z 780 NZV7pop9ZajAqENZW1UO8CSj1rpBSV2LsvMIL1URyzlUsWSpoZ9PmA0qSDmx
2020-10-14T23:43:01.792317277Z 781 mXuvoZxR8szjqB0mkM4fnXpBVVg5QFEwajKlSxswh2rbl3t14YMcwk18HruZ
2020-10-14T23:43:01.803522088Z 782 GzxW8jptLYtL6zoTMzvnB3X6XChHkNDdjLvUp7ubkAzvWUfxS89167Hh46U6
2020-10-14T23:43:01.815248630Z 783 ce21yaTkomPwAcFo0L9UMwNDh0ZMCelB8WzGTkBg0S31vdcwVWVwhu8GJoqR
2020-10-14T23:43:01.827060678Z 784 qvn3PiU8a8xzyjPX4hGfOWUUWDeyR0NqQmEiUCsJ8oTeLYDZAtaZslnnibic
2020-10-14T23:43:01.838740740Z 785 K8CgGcmHhBOVEi0vUYI8CCQ0legeiQW0SnMPfHFL6zzpbDRIMgsm4SLwcBOW
2020-10-14T23:43:01.849297615Z 786 XTnlpi5LjgC0X6xv8lf9I5h3VHfIQSI68SFN5PZbsg4eSiUiqVMtB3oWAyNR
2020-10-14T23:43:01.860600987Z 787 8tgUZg9tSGxpftnsL43FtntTcLASJpWhxqoIh9EIPYRGBIYIlFcFiEgw63Tb
2020-10-14T23:43:01.872393928Z 788 OaH0gWBz7WvmYDnrquGn74PGJa8MmkBGLX2c0oojN4LpgVCo1iBRmmzcRmC0
2020-10-14T23:43:01.890708246Z 789 u4h6ua0bKMPya9cAQmySYrkBiJxtnSN1DHaDh1mpgJ2UtNriBIf6GnzNp4lj
2020-10-14T23:43:01.896812258Z 790 7ePdyYaTCgFhtyGKjDZkwtJU46d6zjUeSdwC34qlT1Sxm3U4uKh1gFnQOBmV
2020-10-14T23:43:01.907843236Z 791 DB3B8sGQ2PQvP5g0LVlBnEZ1PkSWr8HUBl7wlAmrNDfpHHXYVlwsZ0aH7Nja
2020-10-14T23:43:01.918422148Z 792 mt3BoyYPbOlM2YBPkoi6aijd5mQcZiFr9XW2oVr5pl3q4KUkLDDHROX091kV
2020-10-14T23:43:01.930236413Z 793 XtF5bh802pk5YLqZ2RpaFWan8afyWkre16ucbVmBOgmMiUeWx28LYv0ZhBGj
2020-10-14T23:43:01.941342598Z 794 Aa6FZk7Cv5jlMmaGoVWP5TMCw9EDQ91rrexyogJfUld6QfeFyRdnSHq9MiPg
2020-10-14T23:43:01.953179400Z 795 PhY4AWoQNe45eqYd6r04L1Gdd43xSU6Ox6djA13Aln3FS4E3B8JzR1I1GBtS
2020-10-14T23:43:01.965358047Z 796 lih1f1KhUOiG6JEBrOwLZBpaVayzrVbfTCj4k7RFrm9hwIz9Xy4st49GScsd
2020-10-14T23:43:01.975921579Z 797 I241b8iBG1d8JdAoKQODViYo9PBHUtzoibuWcJsPNKnmZO3oiEYRYaLpQInF
2020-10-14T23:43:01.986421489Z 798 YspRwgTNCPisf2qLNyYy4dURs4Zhm5JbbQdouoXG7WPgX1xkutXj0ZRp1eWx
2020-10-14T23:43:01.997848270Z 799 hemvRcYWyZhMnp8G3eXFcLGZCFO1306zDEo8332Ax42sXLQizWslaRI9Vb2g
2020-10-14T23:43:02.008990267Z 800 I5QffUvVYoOn0RaD3YjYzXxuz9dfhSMl9VeqacC9cv6mlIfEZtTgx61NR7MC
2020-10-14T23:43:02.019380232Z 801 CtgRC7XPsoobIuJWfOvoeE1SLw4iESKSmEOt2xLmJ10zJiMUMpeoJKTSDxhV
2020-10-14T23:43:02.030224135Z 802 RrwHHYzO3xnDtKSsIb1qscxH5faNDilsCQaSoR66SpGg1NtjJHn6yXhGMIsP
2020-10-14T23:43:02.041988561Z 803 jeEKC4BjZjTHfXs1tOHlI631WRLItZ8K5gsBndj0ETHeW852WZQKley2Duau
2020-10-14T23:43:02.052722879Z 804 xkc9nqdOPBH1SSzkCkWxsQgyKMCBibcAMmPvAJUMxj7pXBaXaImd6NFnrwtH
2020-10-14T23:43:02.064410020Z 805 jzlupYiusjhQk17DAh7fUqilxtC99mCtmcI6c5lieGiowAjEniBizxc1I0TL
2020-10-14T23:43:02.075328691Z 806 UOQzVjwxNBIKD5wc7pTsLi49633bk9NusdzrCAkLZwP7ErzEx29nZRm6uVwN
2020-10-14T23:43:02.087141701Z 807 RdMZ5OzS0a0KQp2NHv5z3ROvbwdrSIhTdynynkEudro3XJ6JeIruoQJpZHzK
2020-10-14T23:43:02.098282929Z 808 jmmgcyRtBcGe5vcUbxQ2CwzP4ufKscn9Me5px4wDXRweTW0BrMALhJhFy0ol
2020-10-14T23:43:02.110024921Z 809 1cMiHJ9oCrRO9aHNOYk1jD3ZeDNLyuwj6ttOR9SEsR5HdylNIeKwHJtX5Bq5
2020-10-14T23:43:02.120457164Z 810 altsNmKtUhl9JKnqrFhuM2TNBnSk0WGWamQ6PInfBRquOsdmaEAK0IL1VTHY
2020-10-14T23:43:02.132256067Z 811 i2WbSs269lXb2dA9qU0qXYH2eTNivcrz3L8eUETKDu6HNp86DUm8mzcghXb1
2020-10-14T23:43:02.143323364Z 812 aNCArzX4bWVRCDu6gZB86euZxbNrdX45DDxxe2DDiNYaJEITiaikcDbQ6Pcs
2020-10-14T23:43:02.154553322Z 813 EqUnZRexA2qDNZGfADT13Q25M0ut8GqGJtGHzAQyNEXkaqrs0Qj4OBzvJqLa
2020-10-14T23:43:02.166096521Z 814 aX39fJvwlz3kH7sFPEWQP4mrv7Z8iFz7vR7sA63S2It9lgQDGQMSChiu5wEN
2020-10-14T23:43:02.177137812Z 815 PG0wCKqtkHG8qkIIGLxD809wvry517oCl0PJmM9Dd7zr7YpPV5hf8fMTuHZ6
2020-10-14T23:43:02.189385133Z 816 MFoUQGXqi8eoyBJfCIlcEQLzEcJxF7pxpJI9adIvT5EYsiKNVcgv7sYkIBrT
2020-10-14T23:43:02.200835915Z 817 9QGEq8Mah5runWDpUQfrAjMMe97Vgl3EvgCm8pLpJBbseIS0lZ9bpewD9YR7
2020-10-14T23:43:02.212278988Z 818 nTRE0QNBSwJFDJAukOHqTUFvT9Xw74It0fqqP9vGq1FSJure3lMx9wLkGlxZ
2020-10-14T23:43:02.224002139Z 819 muL0rRPgdyVPZ4PmzGe06N0YvqsjZdb31JHGlHizPF9GHTie3FKCVznp209e
2020-10-14T23:43:02.234431557Z 820 5opJnpTzbxMgLbhyxZe9kvA7UGDZ7oWD7TzpDz1FQcHGFbU8DgOQA4ifb6SC
2020-10-14T23:43:02.245928798Z 821 Qk261HviIdEGVahVgsbFLYJo2CiDZcnMSPIfkgseiKLSq5PP9Iq4OMYVcGWp
2020-10-14T23:43:02.257249059Z 822 HNddRB5pS6cxal1Alej7Bm815onZBvoRzWeKqpWM9qVIPkgLzKFcDWKveM0i
2020-10-14T23:43:02.268783170Z 823 Om0meRfRAsulLwq5oO6sk4esGM89t59s3yd5vkOw3Mnqs3P4mNW7gbV3sEtU
2020-10-14T23:43:02.279443120Z 824 a8pRw1ycVRxiy2lIh3NQjcRFFC97umGfrwkQdtEEMYgy8ps9O3cdffpaLgmZ
2020-10-14T23:43:02.291215697Z 825 i6sPJioePlttWPHCufneYlF3coHJfOFWI9xq38JIjdUxrWRD6CqL4eJ4GNzp
2020-10-14T23:43:02.302744918Z 826 XnCcMjpgJ9OAc4DZJmRffAFdjF43bVmG0QVQVtaoxDCqCtSVhCX888e2DTeY
2020-10-14T23:43:02.314214740Z 827 DTnWO6gtfuk4qRskiXF2nToyNZdSEAR3UGXghKq14XGzGv81Tkwc1t8Fsny7
2020-10-14T23:43:02.325739905Z 828 jjuLiooMDYvjV42Vs5MYLbhq8aTIoajVIHEyey9XtUicQsE872FJC5z889WX
2020-10-14T23:43:02.336312773Z 829 FEfdTvIugN11pGSCPWqXfpHuwIE05oF33fOdvb7yM8ScA3BDFLoQCZY3fjsB
2020-10-14T23:43:02.348327007Z 830 Euw2nDQYJ8TcCoW9IYcT2Ys16rY0I7UCKOFdtMfEJwJ1Y3hLVjNVGJ5ukQba
2020-10-14T23:43:02.360060069Z 831 1E2Bc0WyPBpISLoykdtUyZc0I2Pe0gCQGGtxmxrjOFHR4vm1qiTLMH2RHRNk
2020-10-14T23:43:02.370659945Z 832 hne5XecbzysheBfeyZKtrVr4vllWSut7faIhZcLZrYUsaWgQsoJevDLRkvja
2020-10-14T23:43:02.381971784Z 833 SHhXF79Bw9KteG0kxlkVKBmJNXbZaJF6aeZeMO2VsiPONMiVFvgWQHEf5Frv
2020-10-14T23:43:02.392522189Z 834 V0kHTpgP8sMSiJsZuz3Zu7HYm1yJHCRMZJIp6o32fNb7NkUiEgUcMMAup6t5
2020-10-14T23:43:02.403583752Z 835 8Dp35hGOI9rS87FsychptbFmPKaEvxoPPj4r2Ut3QebL0cTOh6jDf4ovNKJm
2020-10-14T23:43:02.414327642Z 836 H1HbKD2v1nXarSkQhXF35H1FU8vTeioQiVYy7ECCKxA0BmidNwpmZIbBxyaa
2020-10-14T23:43:02.426062013Z 837 ZfzplEdQXxuao5dWlnhgVw9tHln4cPPpWRKIpQMUabWftm2o3kKc8xpVGBdC
2020-10-14T23:43:02.437692088Z 838 SYBxyjk39i7Ia5xztWa9bQfozaytWtIAD14WRYcnF29nzb5jBNpGmT91SCLI
2020-10-14T23:43:02.448702880Z 839 4vO7aG5il8qwpcEMEJvESI26bFOXEPBg5hAvdknRY6sxol2y3NXSMB36T2qx
2020-10-14T23:43:02.459481728Z 840 JbfBvkbJaLH4yoXuFzE88zRI9dZ3EQpZUkAfObyl5A5KjgMVCaNSbcEMbql0
2020-10-14T23:43:02.470572566Z 841 HWBMKqh9BIdCjUFcsHMXtzIHkfyfAgUyBPnoKx0hJdiwmSOr0WWHkF7S7Y7k
2020-10-14T23:43:02.482063711Z 842 w3HOypq3a612FjeYCTMeoa3I0wAt5w3YHmYQWUOQsFLnu65MWl6edetmKm0z
2020-10-14T23:43:02.493352263Z 843 FxNYSKC0UCUu2yu4NpOqwjyEbAowPrwMvwKjmRsT21hOPz8EyvH92br0YG29
2020-10-14T23:43:02.504461056Z 844 bUvhokqYeCmFaA003MGATMra5ghYUTlLwptj7E71BAYkaAM5TK3fz5tK4DwD
2020-10-14T23:43:02.515879235Z 845 Lh8QKnZc0xZ8otyywdCksyrTpkhKfJUvSdnQoATFXxmC6Ql8YVgbXZVIs5Ph
2020-10-14T23:43:02.526458416Z 846 VaYdEd6L6k1J1ug1RByLNGEn3tf4hXIascl56sp2NYbjgS1o7fQTvJYJYW4p
2020-10-14T23:43:02.537824744Z 847 uBt6x8HZlpgJMW5ntyWM7whNlSkdXYY2WJAdvAQw9ma6m2J4GhHw91JTJVTo
2020-10-14T23:43:02.549119254Z 848 mtt6OE4uOJ1CN1IvO5vRfG1uOyAMXlGfuZ0XC5jiC34Qscn9Kmnp1b4vxzEQ
2020-10-14T23:43:02.559565989Z 849 yeQ5DSD9p0uNLKppddN0fTW4cDDe4bbsHtCpyYH8ROJ8wGBnvEGvV5uyorQO
2020-10-14T23:43:02.571257314Z 850 k0xJgP0CLe8pu768Rxg2n79tHRPy4Hf4EYL5vXGWirvPqjIQcfjjyiTg0YXH
2020-10-14T23:43:02.582869751Z 851 3IHQ4o9QQMx3AnCCR4V3Mq7yZrZip4xGKRl3AjQYuOvM16pSgzlRx1lpEJw3
2020-10-14T23:43:02.593424702Z 852 AIFecHRGzuABnBNU4k5TWdaHQeM2ddeXfkXBpvfh0DOIqJLmoiSbZLyJcPNX
2020-10-14T23:43:02.604242151Z 853 VRBnQwb87Yp8STlAWc1yRyMYDdzcg8MtplzmtfWQy0re8N7ieLDBfgF2WDY1
2020-10-14T23:43:02.615838029Z 854 Kad9Hb6KGuKtPsim2tlFexX6vhBQ3lggtEWAnWIUUGdpm9CFHLBVQ9eV185Z
2020-10-14T23:43:02.626880142Z 855 EV0u80royjf8OEeJAFDv7mmrHLxmz60zKmvGK3lSoJgZDMNhMmNuqlIb9P1r
2020-10-14T23:43:02.637506221Z 856 uA8dkGdbffrhHhFtZK9jfLYOzR5rZeR3FSbjoifglZleyzVj3tp3qCVmnP78
2020-10-14T23:43:02.649225444Z 857 qN6XarA8IwUIoYklvPapFjG1M5IshE0DzytdYfUcCZm1iX2sfRsz0kXuYWit
2020-10-14T23:43:02.660408975Z 858 jeubCgg4p80eEDqR6WToqzUDyyevTlfRG6EU9ea8ntmBFzyFZPl2Hlxu1SGO
2020-10-14T23:43:02.672322558Z 859 u9vteo6H0nVsjpbmdRDJj04MK0SNuTD78UlGGgqnDY1HfJZbnOvQ3iuUZJUy
2020-10-14T23:43:02.684174825Z 860 RdzuMHnaIrb1vEshYCyLmVOWsJbAc4jC9mfziSmSs1qrv7cp8VRa13EZtvtW
2020-10-14T23:43:02.696074575Z 861 myZ9p8Htw1omFv5krf8wJ9Jl8sfEzJWhfAMZvgwPVn188s3hrfaGN6vTB0DB
2020-10-14T23:43:02.706468087Z 862 K7ssRe89bkPnAy7OvXw8sehVft5SJUIKnSm6OwSLZiyogwaFzBnuCw24qZnu
2020-10-14T23:43:02.718220123Z 863 0dbEbtovpebLjNal6y9qSelqnkuNFercDBTcIcL4NdGm5dkyuZCO8Xm334qv
2020-10-14T23:43:02.729997510Z 864 tSis36hVECAHNzD8m1hZgXvJSzvhzzaVbWQ3ECHmdUZvtHGkEXYRZXKDiooe
2020-10-14T23:43:02.741087205Z 865 qNmBjYy4ThPz8bnZQKxdK0wLxAOuyntR99oXsZ1KFfFrFw8mqtSxgAinTaVq
2020-10-14T23:43:02.751670194Z 866 cS94S1DqAPzVHKpB1tbBrwOzNbUv0R8pAqk7171a8RsfLTfjks8vVfQYNR35
2020-10-14T23:43:02.762729289Z 867 G3J5qvNlMkcsJ3Y3FF9WXdCJKj0LGGLlzM2UK8MG1V4E9UNMSce2RpR62sO4
2020-10-14T23:43:02.773462849Z 868 rrvxEOUZocLuJptUESZRWYqBmd0sCp1uPgB3pbI9doWNdOwI0zb59g5D6O8C
2020-10-14T23:43:02.785493954Z 869 02HygAZgJDJlGzepyCxA3ZiBuJijIObY5ZYydAhCMMaPywPn9us6AV3DE00a
2020-10-14T23:43:02.796723503Z 870 bztXxe1TSgwjoNIKi9BswM5mXUJ8WeUe5V4GrUYQ76A3ilQ1R5nfsZRrqOT0
2020-10-14T23:43:02.808079999Z 871 TjHvDqpfXxpiV9qMNUInc8vBJK6DRyh1Sg4SSXr1aDGnlbXzuZszaQKUulM1
2020-10-14T23:43:02.818875657Z 872 mka20tCs9yvdkBwe2703OAazTgK7LswOs0yfIFWLPKoQTGnIw023XHyVP1bA
2020-10-14T23:43:02.830463585Z 873 2UUAeYxDGClhSfptmlgp4nMSYsxvvCwrIFNcxd1ECFMK7UTJmuHVoS5lbQT2
2020-10-14T23:43:02.841988638Z 874 8gdtFlDNr9FQfhlmigaSRu5sfec53jtQ6GjCywIM79tVPNfcFqeIeEIxZV80
2020-10-14T23:43:02.853555634Z 875 MfUQRiw9lKHpYllh92z6TMHR3vSpBtXLVqOMK3GgKHmgaozBbupHFRGcwP0n
2020-10-14T23:43:02.864656088Z 876 pUFDAWdycNtA9KZ5aS3lyRjdCeuaGJFMOzGEOMMOdmLZ82xcKh1vlwmOgjs6
2020-10-14T23:43:02.876115159Z 877 A8sBzNDTsvdqA5vErlhhPrYfdvarlRZiMO9Ac6WRzspw9h8NbQQ6rWdFgTi0
2020-10-14T23:43:02.886640412Z 878 MOuPhBLaJKo2TTvuO8I5ohzde9Sdogxw3KM0ke6yBwyr2j9dCMpXzUJoNNh1
2020-10-14T23:43:02.898081129Z 879 ACslF7GOIra9jsbpI5TWw30ToPGQGWSjfXPO305yHNELUnpPUHHN2M6rGuAI
2020-10-14T23:43:02.908523851Z 880 AYdPjDuHq9DZbVdCAOmJofFWeGYJtP46Rj3EbeC6xJqt3UGKMd5sv6tSrHJb
2020-10-14T23:43:02.920163569Z 881 jhLYggP94lxjd375GdKd0gBIWfgjNOkGt2MdSorfmPqMuWP7ZhI7by2pBKFP
2020-10-14T23:43:02.930614348Z 882 J37MpVYmpQhcG53pCAQw4adkDKAiSMViUZYmliht2My5K7O5T3ZIO8nuF7Ld
2020-10-14T23:43:02.941633619Z 883 OiTyrmMVoahkqnwpMcQT6Q4SYjtBjRyCXNaPpdTuPRQyM4NV1B5jniSljGpc
2020-10-14T23:43:02.953111921Z 884 r0VRBYd6TS2ifJJI85xjUDEpe32DBiyZ1xyKWzoU7U2cI9Kyt7ASHo6DYsiT
2020-10-14T23:43:02.964990910Z 885 Pcr6jkpDJLmW7izPtbgjwwhCesNpVHdcZJKVQ8DYpXk4x16sZsKZwjaQeQqn
2020-10-14T23:43:02.976283061Z 886 NHehdav8fPf7AYZqlu6jYu3oxDkOTEF7WVHsd8CWq22HVycqLGVYXg0YfiDa
2020-10-14T23:43:02.988002937Z 887 XIryW340eSJlNFKZh9mRBglM5YiwyyUvCVUbEcYPRu2z35eOBVpZDmyGTxQE
2020-10-14T23:43:02.999346844Z 888 fJrHnNIYQWbXAoV6tWgPiiL9GjeJXBCpKRCNjaoJ4NvCPY3u5HciVxxZhVce
2020-10-14T23:43:03.010896324Z 889 7bu4FtqWzWoC6nl799eYVdQDXzTWykAizDkNaGj7SvAFS8vciZDWrIfyFs7W
2020-10-14T23:43:03.021442100Z 890 9NLpguvpsAsUnQ1FHZGoYufF8KhREs4Ka5wm6yFC67iWFVHQdgNtr4JTxMRI
2020-10-14T23:43:03.032699585Z 891 AQXUe5673FrLc2y1oiDW6ndtxSUYjjpmyGqfjblnBq3b9AM7dCYf0x6eruIH
2020-10-14T23:43:03.043474137Z 892 vMrgNipwBUGgoSvYe5xaJfKuqRFgvQoCMZX5xbO9L2pSSbdkPl1qDMX9m7vd
2020-10-14T23:43:03.055020974Z 893 EMhRgE624CJ6Nz9QK6ThSckU1iNll6diHUCKL5FAwTMwLgKPb9D64w9S9M57
2020-10-14T23:43:03.065952231Z 894 4adSy99QR99Il4YahC7M5bztlkGBDef9G3ZEmzrcFEo2PNPcIuk5iCM39BTO
2020-10-14T23:43:03.076456753Z 895 cHFdMKE7cNYGUrWCZ2WtYdOP90fm3ckFF5ReDkV3xu5yDvNKlJv1oLAJaU0U
2020-10-14T23:43:03.087725443Z 896 KOYRvRZXSz4GRA3shNsr7S6vTPwbbmY9qvmG6jXmJDQCziGHLSEsHYYT45wj
2020-10-14T23:43:03.098365118Z 897 yfktZqkKEOuoNBE7GisCRnnhI2yZs9GD1M9QiWbsmnfZpfLXqUKqZhBOKrfb
2020-10-14T23:43:03.109266167Z 898 sI8puPw37V4UQlL4AK28N3fZwQBtg1WNpDe5szgR7mQe5RtUnjN9NAExR35o
2020-10-14T23:43:03.121114782Z 899 R78R0fbkdGV8aWS05NWUwUuLnnNpyq6srTLvC0P0ST0dY6vHTUAi6CfOW3dr
2020-10-14T23:43:03.131959815Z 900 HNmNvZO9i1d9JJIYBekwa9THXrPSeSFwwjM8m6palmy37CrycPboVIaYblWr
2020-10-14T23:43:03.143081670Z 901 WhKrWnxizTtkZYOygviibgcFMDXij9c7z0kELOMrMxuAn0UkrZx7U6mQOJLJ
2020-10-14T23:43:03.154603531Z 902 ibH5k8Ldi73NoSvh7uiSo6gYWamcelhMaVV2muiINiDOylI69mm3hxay6qzd
2020-10-14T23:43:03.166177040Z 903 WbgCJiuBIDOjaOnkWn7r2gC7LB8PPCDadIxsZw2NUDGEreqIJUv3Lv4ixQMk
2020-10-14T23:43:03.176793935Z 904 5x4Ch23X5kDTwerwrJ3bTLzGO9zniu2FJ6kBSLRMBgRKdm14t6vzPoOk5cir
2020-10-14T23:43:03.188181344Z 905 OVLUC9QazkvhVXtiKezwKcnBmSLM9s0uhqemxUfO8fOOArTkYVyppsu00PGL
2020-10-14T23:43:03.199203513Z 906 Wok8lyOzPFfyfku7Fc9R8I1mPdmtSWb7GjgooCeysZUY2T8Hn4ZD1y2IBIsr
2020-10-14T23:43:03.210894646Z 907 wOKbfElSy16GbUq0y8AsZ6edTjRHW16zB2nBuO6bPy73otdzG67698I7fl1H
2020-10-14T23:43:03.221450073Z 908 huJawIK5GoFv2MGd53IwdZpYILNoXhfRb9SqyBILsbsl7r9jqLdABgsPqiR8
2020-10-14T23:43:03.233253811Z 909 lg0Qsfy5dqcY98OIqZ7HXGT4rp0Tnrqfa4UvRm0QXa6JqXPK4aaoYIQFyVd3
2020-10-14T23:43:03.245085457Z 910 4O8ZJekdmSJ93RgP2dlXLXcOeOYJOx5ypOyIsB6i0rMWuFzLXAJbUtktGlRC
2020-10-14T23:43:03.255648331Z 911 f1tH1bkAKfFqQB90pXphhCCCnuybsjp6aBXWPAlP2uZGbYKplc1Pb9F9jbzA
2020-10-14T23:43:03.266383512Z 912 CwmqcxVAEVCdocCc9NHsVEKISInWNzJbxG55kBg9FMCykfuTyRjBEBwqeVSR
2020-10-14T23:43:03.277964774Z 913 Zb4FdzyhLw89ANfr99B4DsXTyoDR8rosjUdWOzyWuyb8jtIeZjQyGZoj5htU
2020-10-14T23:43:03.288675953Z 914 jpNHxPngeeAOugUpBiuW8cGDP4ogHxKvrA1HCXAIAzfwJ2h6nG7dHn3guynI
2020-10-14T23:43:03.299645934Z 915 UuLEP6rdAjILZy0B2eNwjiMBn9Q6fRuaXgfg8R5jmUbzbpKaB1ZXrhsWFvc5
2020-10-14T23:43:03.311167362Z 916 l1jX9V7nNVjb0SfknbM937BJM2xZIyY1fy60AkDbAGz96DK79CZqkADwnwI5
2020-10-14T23:43:03.323084228Z 917 3DZYEn3pvsPlPdbxrN1BaI13nroLPWwqS50jNPfk2i0vE2onbhL1LJmWTTwv
2020-10-14T23:43:03.333910221Z 918 f83Dun8dM73lbHnY26sCk33WyP71AZmvcP0dzT4dHMQo1lFXmKMszOKSyPeh
2020-10-14T23:43:03.345729235Z 919 eDfMcYsZMtyRdU2B9AE9Ljqsl6fleaDxgzNIaBCtqmnWj385NMySQeaWRsxL
2020-10-14T23:43:03.356547815Z 920 IBld99YP3MM18XnEYuDivHahHVld9Du3KrKxB1TYnMt3pqHEvEuZQUmnL31v
2020-10-14T23:43:03.368412665Z 921 7iVgtJ3os1DpfnGo7KZxdvQ8CzNZmqXRlPq2Pnwg8BPZ8IGdTCuz2ms9NOA8
2020-10-14T23:43:03.379422334Z 922 JYtuxvnLavl9PIR7evhepRYa5cb5GY820qt28hT5qVCBtztE2x0pimPm2zeQ
2020-10-14T23:43:03.391068668Z 923 qzE5k7FJXnEfhr5ky6BYaGEqRjuQLgl1SL2eEPOppl4s33UEHfvKlmPZwBQx
2020-10-14T23:43:03.401503221Z 924 wFptdT7QbYaDS8IiAEaoaDvOTs9eGWWVif80rDRPXYz8EaryoqEwzRNtBgel
2020-10-14T23:43:03.413057981Z 925 5xffDUAAxhNTx7Qbg6JhobgZn1K7b7yF6601omccYxtdqGN57fyliGSehB5o
2020-10-14T23:43:03.423496079Z 926 oiKQiIaMRxiqbYMBAyMFY5ZtvmnDNwIiwxKmXPAdB4E5Jd6JKHFNjvd9UoIY
2020-10-14T23:43:03.434554194Z 927 D2dziAN0XuiC9T5osMYUC9idAe7AdUkXQvr844LSnrPkYU8eu2Hh0Pm68LZA
2020-10-14T23:43:03.445709591Z 928 HMV8lXIH5X7woRmWEyV2dXkzWWJG8NitpYwNJMJ0w11qgTEmSqkS4LWyNyLX
2020-10-14T23:43:03.457232638Z 929 gy1LMv1lmygP1g6CVwjXo0o9lRPVNzWMyVdH9vcsHD1yi5FwcT6WJRcPd246
2020-10-14T23:43:03.468805586Z 930 cOehUiYkvcbsIqGEVWBMGCIvXaggrmG7zoa7WgxbHC1CUqImbDKGaYWQIBEO
2020-10-14T23:43:03.480459330Z 931 dIbsI9ZJ6BW5BrUEZonSzfiLgrLYuFVGVXbTR7z5M39GKl4xzPKIg33orHO9
2020-10-14T23:43:03.491346078Z 932 ymeq9Mq5oDAzaRBZNM6NrbnLVNUE9ybwKFDX7nfShBVAtXa0SddUd8P5U4c7
2020-10-14T23:43:03.502908486Z 933 IwVf3SCnYl8iFNit0IjTSPJppmtjB2WWA0CJMoIT0EO30Y1o19slN20pDBxB
2020-10-14T23:43:03.513442871Z 934 4eTNvNe853WFXsiLlYqwB5Sb41qb5AoacIm2OFg6RV5iR61sh8PacsWDsfL7
2020-10-14T23:43:03.525209688Z 935 Bbcaipowjl4REXuLJg3JoNaLGoYTPzalomCmoTzjUx9Dxjv3fNm0PKNDzu1b
2020-10-14T23:43:03.536338371Z 936 5Rx1QW802Vuz0Yr9vpYksZ2LMb0IchkylLHcTPuifzhwhGrtbhjqbYo1Nv3D
2020-10-14T23:43:03.547778196Z 937 FUvttarSRWmXJskRNsuY4pz6gDBqCfDnwlLnC4vJ7H7D0lWg4vMQ8LT1y73F
2020-10-14T23:43:03.558550921Z 938 fOF3k1muaj3KQOaFB0c9bhrswoIANgbFsnZ57j5xgacjX7jJhmUEebzw2eFJ
2020-10-14T23:43:03.570120543Z 939 EDKh34aWBSTxIgwjWDBlBdYWApHksSzLoC5LtGZ5q9FGpBfbmwH8gD2dx2Q6
2020-10-14T23:43:03.580379194Z 940 8J4iVtfK4wJcDjJ4ElLrZhX4o5rVa5BhT7c5bn0K79ZB7KHGltlpOa1yKkmr
2020-10-14T23:43:03.591921628Z 941 RwluyQbw6ygW7Wb2zbKhC8sKzpcO9rnH7hGyVL2W2hI5pXa8RvX9E5xZkDGA
2020-10-14T23:43:03.602657929Z 942 Edj3RkKfBGzsEAgyNkRrJzc4Ht1d9DgCkrnpnqbOV9uO6OPGKn325nZKHsaB
2020-10-14T23:43:03.613520557Z 943 CEDCTnnZY9wERjiVeKB7ou29cTYNqJg2T2Jtxk5eSH4ekP6XkjDXwCEJrFzv
2020-10-14T23:43:03.625132841Z 944 sxuBoZL5lqQTJEUs5VopVBUD9aSGAC3ch4SxEIQubcG4pMXhC2Cdkcn36zfO
2020-10-14T23:43:03.637001940Z 945 XXn3rAlVj8bi8G5ThqWTIMK0LV77vyaQW2o6fNAoHpO5aqlUQB7VFIAMnyNt
2020-10-14T23:43:03.647777921Z 946 wTEbLQEnE1CsIaiJSXynFwqnUdH7jqwoxH6YA6tbyVmUzw8nSHtIn907hRFi
2020-10-14T23:43:03.659108280Z 947 FiMIX9zmIWc59vBi0qar9J9DjLKPJBnUxlt7Oo4wywt8cLzYa4KJMAI1Zhbr
2020-10-14T23:43:03.670737010Z 948 d3DUrzntBocfRPdPwS6bsT5Q0e3OCTk4vlWvPiyV9Vn2UESpbVczKo5WqWDA
2020-10-14T23:43:03.681509410Z 949 bocEw0aBiubZOdoj3q1Sqs57rbHpkh9dSY9ggFnT7hlC0ugK5wdsxcfwUiA9
2020-10-14T23:43:03.692625395Z 950 YjoxBZJSSCgVSevCONwHks2yBA9hla867rbmo1YA5d7ZEaYjzPWLw7EzNiU5
2020-10-14T23:43:03.703684752Z 951 EhVnsjEPzf5I4xwdi3IkVoIrbvCnBdR791bjZdMkVhjG6WVUp8rkZSlwuGxq
2020-10-14T23:43:03.714545712Z 952 a7NGyr2wXSPEbbBUnIji1AAp8v5uTwypTLUnVBkho988LeOCM07C7MAjpGaB
2020-10-14T23:43:03.726072800Z 953 afPnsT9MXOa4uDAsvjs6GGpMKtll0DAEwfgK7paZtoyT8DyPNyFPEHc3dZHC
2020-10-14T23:43:03.737902818Z 954 FBfMe2NvII1OIUBF7cs2t48Xr9ATz69C3HazI9GPt6a7lXDI80sfhrnYrNkw
2020-10-14T23:43:03.748611376Z 955 oHO3HhE9FHU0FEQLBUC1xsxUhsXUcRmNttaWQp8t0zRe9lCA3zYoo47hMoZb
2020-10-14T23:43:03.760309985Z 956 upKiP8Yb8LbAJ8sQYJnNO7CzJTY9kMbIEvPeEx3mkdV6yhuEyTku6aoJDgNS
2020-10-14T23:43:03.771907736Z 957 nJdsZLvKgbq7wPaRFahHNgnzB90YErN4DyhI9h6pDdblIBy5gLryuKypOJk4
2020-10-14T23:43:03.782888046Z 958 oEhodvGMgTIMDyzTdHZmuePv0ATBPRyZ5MUOQ7ISmMa1hyTEVW8ZElxL1tof
2020-10-14T23:43:03.793311980Z 959 6DxKwoEEkGA4mVuqISzow8VFqoS7Nunz2fL642duAPtqXCMXAvGCvh3bQuZN
2020-10-14T23:43:03.804949914Z 960 sxkQ8FyMjk5bUGDozDNXffW7gapQVV2u7scoIMtgRtPtxsZWTJ55vtTJQodb
2020-10-14T23:43:03.815727048Z 961 RQWDGmpH0bEM5ggBUzRGUPVJRyoKAtdQrh7XzLm1xTfuZ2h3QnMuaRVuJ6n7
2020-10-14T23:43:03.826857110Z 962 fv96I3hcWKZMwAO2t6DKLgZCi1gbKXNf1FiGksuifreZsoZesj28ewwU8GWD
2020-10-14T23:43:03.837621205Z 963 1XoIkUz831OoImTEJTKuBgMZXRgJ2QYpaA88tcjGXqCuQ2B2E4qwQDIlKlJp
2020-10-14T23:43:03.849078387Z 964 ZxdvsBHH19SGKuvV3qs80f5hd5wP46j4L2Mre3cPnGtt1N78PIkZC06xtjmh
2020-10-14T23:43:03.860710930Z 965 xIXtDlEKFpxKfyP1Byg6uvSzUUJqtr2FhxYTHYe6AqHLqlHmzKAqUfIzPeVf
2020-10-14T23:43:03.872386434Z 966 ewqoE0RTD8R6yEAK29TaqC0PPahxwjCOu4PjxkuWMq1Er6W64BK6QSuvci1p
2020-10-14T23:43:03.884259458Z 967 vwWrDXo3NG5jQoj6qkAb4tm3VVv5W7AQMw3iVbZVpDJczxTAUOw77XKDS0ZK
2020-10-14T23:43:03.896130270Z 968 EiIOBTYRVWG1tg8BnTyLVaWYEUD2dtMLsSVL0KH7xS4kPVvJ7B4OBqIXqZLN
2020-10-14T23:43:03.906616288Z 969 OHymEpS6qyPJEdg4mBBjGy86DFOIg2NGYqJfnMgV9UqtB6NN27eyIfAz3NWI
2020-10-14T23:43:03.918058774Z 970 NABFynAr1R4gusH6ZQau0RxEVnJecf7uiOUHgdQjovhIPYOHySjM9UMhvDgE
2020-10-14T23:43:03.929619448Z 971 t7J0sKCJPmOmpgqvueC2P4UGWrX1se1hjc7S2TgpxcCf1fhmuQah3T7Y93gn
2020-10-14T23:43:03.941105473Z 972 4xWBtxYzCfN1ZKQfqINNIPuBaumuzNoRprYph5MwZYaQKrNgsAVPL9ZNncKF
2020-10-14T23:43:03.951533567Z 973 FFMUMFcx79kNubyE8rOMkxR1CXQCSyk8UTgR56N0s01j1HFP4qIRHRhUROjL
2020-10-14T23:43:03.963160675Z 974 NWHgtHM8uNig1ymJQfc0f6dENjYGr5Ts7QFNj4FliYaJYwEIU4tdhUcAj8j0
2020-10-14T23:43:03.974609539Z 975 a0n8bMcXVOtUho13mZmsUmNoEhzvOmU9DF687E0Upf2DJKOizZaPRSA5WEit
2020-10-14T23:43:03.986233635Z 976 wOllD1tg7OnnHtmokfW1jlDFNv4xhfd0X2dgW320eVZeuFPBZMecCDYNyK9r
2020-10-14T23:43:03.998041230Z 977 COaIRzLhWa1Csz30RJmSEkyRvzWoSDlYEWadHnmtXab98fztOz8ynmIMTvGL
2020-10-14T23:43:04.008700227Z 978 hOOaSzKdFgufx1a3Gne0G2GvpWDMts9tJFAkoZrA6MqaJxHbdpZqrp1hUkwx
2020-10-14T23:43:04.020433681Z 979 ZUn9rR2xocfuPGxARG3p20LDK45cMAW4653nZvhZXOgllxUQnsABgIAfqj2C
2020-10-14T23:43:04.031935361Z 980 D26SlcATwKj4Oko1l6SBZCMnNWAMn82niDVWQOHqaJFpSgM9Jp2pDos0Ivzd
2020-10-14T23:43:04.042427941Z 981 4oqSpLWn7FPVEBvNPCF5eEJLnek0su9iDv85vv1R3Ww4H8xDdriOMsMPCdZb
2020-10-14T23:43:04.054070368Z 982 7W0WgZ9eoN2h56x8xhqLruG9IoOWeAdYQ6oSqUrxq4tnpvtyRC9GxCeFYSK8
2020-10-14T23:43:04.064309155Z 983 zjJwZi3fD5tTSk16JZqFTpTuGyJVlNnUktJhW00QUOSbBS8ncsr6bNwyCitc
2020-10-14T23:43:04.075891973Z 984 NWDXUgf4pUZTqOpfJKTDFuoGcebXH9l7nR64fzJMCgWZwe3UeyEv1JYYX7pG
2020-10-14T23:43:04.086749205Z 985 g0dCcv28bHlUVFaFj3diJdVCEyUzYSaBBORcks9nczLvJGA8zJqdIXeFOjmr
2020-10-14T23:43:04.097539505Z 986 DpsAhUp5ntdpoD2zMEXkvwWkSMeF85wIh3xFZmfLj6OwdUBDVhCqg2QVokOt
2020-10-14T23:43:04.109163090Z 987 COalveNzyv8othbRcbcciFcvYBxhiyXB8Ctzn2zt055Y0ZsAXr8DUSe1jAxW
2020-10-14T23:43:04.120664740Z 988 gtZfcq5JTuxIKpsIc0YWoxHop8Cw1GPQmWyNgliHDNDytToolQ4aOWUrbLnZ
2020-10-14T23:43:04.132296366Z 989 jucRAfjfjgPMO4u4XOMHM9RE5V5UrjTCthTDEPISriKVtNWogtYMprIFBZsb
2020-10-14T23:43:04.143874679Z 990 T7m67vgjO2eMB45ZzkBbGPHLBrNBB7NhcoCWHrsq1sSWqDeRKYxFYjTSrS2i
2020-10-14T23:43:04.155413101Z 991 xNpZX6rvRp6FPOyfFVOc9GkbPTaDk0tFrZhYUHzBuOO751LiCEa13Jac6mct
2020-10-14T23:43:04.166488631Z 992 39XgDtm0cm5ZIN8T3RATAMmwhM3okQQLSnEzn1stINDaC9Up9Oj16ckaSC3N
2020-10-14T23:43:04.177831268Z 993 8maR7m5ZelF3qCGLLH3zLTqxXqgVSp6aJ1nMzImfp2BlDNocwyy88T1iQSZU
2020-10-14T23:43:04.188337168Z 994 w7jZGdh5WRhKD3ynnWpH8Mj5rJaGGbkgJXU2WwycLqGqa4vLkovmDURXt0iC
2020-10-14T23:43:04.200253852Z 995 OJ60XPAN6nLtA6mNILH62ZWtPjaER9MCNl4xYe9KtspVE45aYAJEsy2Thrbl
2020-10-14T23:43:04.212159017Z 996 SwIBV4ZBiJUpwfx54kJKnXlGyg2brlZKww0j9Lf7YNnNjJcix02zPiA0GyNc
2020-10-14T23:43:04.223302057Z 997 PScPKA0nkenwjuryxdjpQLyP7WaeNH8TtRnIrz8ruCpjdDQ9hwGPPIchevCY
2020-10-14T23:43:04.234878138Z 998 f5fMdMubXnaZznF0Pa4sgxHFhtCBLzhDbgeckK48EQNhb2vvgI7nXjgeRKZC
2020-10-14T23:43:04.245574355Z 999 6UeiUrswCpOyVAFZ9jinH8FvngEe9GWCu4d5bO7e58nWBzKMkaXYg9YbpKJt
