2020-10-22T05:51:38.402244876Z 0 9iOzvX9yTslCdZzKoZ5cQoMix8yfQvWd9C5ryZaa4qGtZNOphBmIbXiPBYkhQA
2020-10-22T05:51:38.413226295Z 1 f0dhZwW7J0kH8Ktw9RO5KFXQBdfGcGWnDC3r7OPAtZMZZFVK2GXUxGJtiKOgOD
2020-10-22T05:51:38.425239935Z 2 bRZ5G2gGTaca9XSrAX2Zy0Q7e8QwLGtWU4IcLdrl9fkHIax8kmnoSHErfc6ef3
2020-10-22T05:51:38.436503572Z 3 yeS93MY91wq46HlzsVZAqhxpzNKEJuUZlDaNLB9hrKFsNU8DJLcGOxnFZ7YNbW
2020-10-22T05:51:38.447888162Z 4 F8tWpIMV42J6dxzrfbb2AzPfR31DylWnJJGJyw3UQdwY8bTiTgNnKiZitejpMP
2020-10-22T05:51:38.458579932Z 5 fkeQfRnBii95V3uDvNywB5OHKYTcou21zIgkENfcsXUnOgopSdxtksA9dcFzcm
2020-10-22T05:51:38.470073568Z 6 WhXUb5ABlRMUKPXTwgaeyOiiJ4XaEMHOAEbW6B4YQ2uV15XlVQtejs6J7YbTwt
2020-10-22T05:51:38.488422647Z 7 VdxGK1HP9AF2w0ehA2xIPgeFux4ljmLqdQyS8tOmCyVlkrtHg6X7c2p05sik8H
2020-10-22T05:51:38.499950931Z 8 qkpi5pn0EWlVR33Kc19ihwD8mmxreXtsfLOGklDqWiegnMvFbTWfRdzBY0tIsA
2020-10-22T05:51:38.510325032Z 9 hvluMk9jsAM1u7CtJaUb7gtaWYMw6uqFv3MYDSxVTm8dfyCbVKHmY5R4PNSOqG
2020-10-22T05:51:38.521686946Z 10 pa9if4phMKGUjWYxoPyfsY63NwGdoXx2RFzqiuRB4vGUsC8ePQiyKnfRj149R
2020-10-22T05:51:38.532871126Z 11 Ra0HZpSnrWTIV0eQEmy3QnBXlmgPzJKClWeG8lUnyloH3ejYVQYhBffJtzsiX
2020-10-22T05:51:38.543888587Z 12 N62u5DPoywtJTAH2J0xSo7jAiii5IvmpdAuFvETdtz0n5OmElJ7oqRdn3vWGl
2020-10-22T05:51:38.555216759Z 13 CeEvgII9PA7DJuraXb8ybntCulZn1zLAmcgQzzjYnXIGYZ8IKXAU6cDAfYYEv
2020-10-22T05:51:38.565776000Z 14 r8d9LbzPulfx4OzltQjEhcxtCWgO5TGNVCKPZjh0PNQVjhl0oY9VG8m9WqBLG
2020-10-22T05:51:38.576790064Z 15 jR8J2jZvIpTRdGVmuMPzO0RlAozYYB8nISQXF1VGoLG6Ga5DFd2BG5uxoKLFt
2020-10-22T05:51:38.587773638Z 16 QIl84NKONLaXbr8u6Xw74lD42dxXfExPPtxeCuS6qA9ifZy4LUgb9WVGEwcFQ
2020-10-22T05:51:38.599162570Z 17 in0c4cA5Cqmn6ofihsRyNEgx4AuWmfyiQqWL9kEjCEYPCvirhuUYoTZm3lFuw
2020-10-22T05:51:38.610596777Z 18 5r1Q6z5By6n6j0diqiPq0Fiqt7AQLKjoE3bf4nYaK8nU8c60ApKnn7D4RMKFH
2020-10-22T05:51:38.621724141Z 19 Ow12QUU1ByEa4NGmGLBPXsSC8XRQ7w5i8nDXwvIv7Fr26bgPavIp7Y35xSQ1Q
2020-10-22T05:51:38.632485051Z 20 zWT9tILmEjC6eWuT38Zf32U77m1qM0EcG79okQWZ2FUmJiWquvSpphxnmyCDM
2020-10-22T05:51:38.644288658Z 21 dlRh6E3wZmdTWUaT29BNwqtc5n9V1W7KPjdCApbgmovNvyM6TG4e4ifEupn59
2020-10-22T05:51:38.654581117Z 22 oaSHdELvjse7By3lOQzsAdkhKlzQjlBZdqtF90R8XwwmJZtMfN4J2jCDBFg0Z
2020-10-22T05:51:38.666548807Z 23 Q8rR4at4dBK7hdWrpZajlryiq57b1ARNnatGyo656fQNS6ExVxpMeiIb4rahW
2020-10-22T05:51:38.676826828Z 24 sFe84PGxZo5SG4MvkqXtFDtcOQtDGr8MPcwcx3pw4ZIDOzV2l1HwBUGU5JtCb
2020-10-22T05:51:38.687760184Z 25 uvnvcQhd91cxzbEB7taFlLuKbVAlgEL9zeouhGaVukuvGIswiFQ5RaLJEWvvl
2020-10-22T05:51:38.698350837Z 26 yWtoBXy3s8HWBgdhhEw0mr2AgYXAhVM5K0kljGHAF5qbNRqnzCAQJDNLIOYRM
2020-10-22T05:51:38.710036392Z 27 wSGxLVkVvfk9EvNQVkCffedAeQR6zTDG9OSRFMOUwDDQAQVbmrYUPtVQOiyC1
2020-10-22T05:51:38.721437994Z 28 oyNe26C75UJsRDzZGh1vRQArKLsyCuWVcA0bJskMZgrxvFbGAsWS9aimkEoj1
2020-10-22T05:51:38.733163944Z 29 k1eO7aUuovGY6GBt8aY5eU3vjzmL4jaAGrzqON5R3N990Yfu2HqGbBA00C7Gu
2020-10-22T05:51:38.743765944Z 30 cIVGE3hZ7WnugBQkmTMOO2m5nNZJOT040glGGBZHh9f8FMhIvjeGoda9zablG
2020-10-22T05:51:38.754889234Z 31 zj018hbFTENfd3ISWFwdHQ6jvHj5IkvwUD5h9RhasuPi10b5aPIpfNTcIjUuU
2020-10-22T05:51:38.766302699Z 32 IgGxpGYpPDatTkQQ0GV8zxVpjvPsT46WwB6222cLfdPY3JmGZ19X4okZ3RsCW
2020-10-22T05:51:38.777443530Z 33 r7mk0nf9724kkgkVofDyS2zP2ztdJOkkCqnQPUQ1yjiz7AxIqLFC38bYHevBL
2020-10-22T05:51:38.788625508Z 34 YRPoyVhfqbfF5CHKzc3l2mWPoEXfKdUrUgl7OG6GP8trjoSX18w2nruu5gxK3
2020-10-22T05:51:38.799395209Z 35 lr5Fp1KPqMu4ZNHg8Z6Ud47aXH4opsz7eWaD2MtNN2Ui1PAyLe7ZtHmb6lW5p
2020-10-22T05:51:38.810706780Z 36 2qrSWxbxm77HkVCaDd2vjlt7pe2baMfXmmz80eLQGY10ogKWuAD3wcTOYkp0Z
2020-10-22T05:51:38.821784993Z 37 N9TOakVGoeoWjQSMIgfyQwkWZrhKD5vaiMNanEXCsyetW7tmAwjnBXUk12Mrp
2020-10-22T05:51:38.832934843Z 38 JXNuyKldB14MCd1RT2hLaW3CtDE3FHE6JKtxMop4P0w2dXDVLgpgHdx1XXfVk
2020-10-22T05:51:38.843776032Z 39 IzNOawhTimypi1OtfPKU9QtS8pESIrD2bxL9pHLWyxeLvIqPrkEc3SFve9ZIf
2020-10-22T05:51:38.854290113Z 40 OT51JtgskxwgNmW8suxfFPYJLeKII1n2npQm0gU0gU8HrNONo70QwSeSkZXwP
2020-10-22T05:51:38.865928892Z 41 cEKVmtOeM2lIujTNQkTMuBmCXSvwr3Z1gtL8tuoG0S7MRPEql07tSmqXPWNqq
2020-10-22T05:51:38.876512097Z 42 uaJXNxk0kJ3YwJeSTBsYEeU8b8Ir4AmbZuSvTqP8aAoT5AEiEpWcGDyuTvUGl
2020-10-22T05:51:38.887993754Z 43 oFhBfF5hq1cmZZ1g573HxTvvS0hTSIosCdpymFJnUb1UseoX5cthSaFDvH0Cx
2020-10-22T05:51:38.898995675Z 44 O2rNSZFRPCngDWtYfV8ldarP2WxsGvCD8PjBpqPoKDxQoBwuMzY6SENlXBpZA
2020-10-22T05:51:38.909523546Z 45 xsMqe5wITojXx3msNrTJAfGR191ZH4rBugGAzRialPK95ybY1A1lOwQkSSbIk
2020-10-22T05:51:38.920498216Z 46 EB5cpAakvfM3C6hSB9diic2zgwz0zcL9Ir98v1cfyCWiehPud4vs638cSsJwE
2020-10-22T05:51:38.931713849Z 47 ImcJEEs63blehfOq43S8pSdZexN46leyn72kjftbILkDlPFx4um3ItPaNRtHj
2020-10-22T05:51:38.942839031Z 48 XYaynoRj054nVPk6Ibn01dp6DTXiJ50L3FADXwD6zzSO5EpGRgiYfzPVuP6c2
2020-10-22T05:51:38.954222619Z 49 T2rgnqYILMOv9TTpSYuFr6D8u0PC4aFVxaskWGgXPxDuZYjhNPyxjG25SAWCu
2020-10-22T05:51:38.965967727Z 50 SBlNXWSQPMhFqOcArzOFpGrubgaeeh14r1sY4RUrpgfhkIrB3Ioo3d2GkNB7n
2020-10-22T05:51:38.976702738Z 51 pncS1i9iBq3XOeqPp6T61BWHJahCXNpNdYRNILeo6CNQsacady6rGGSYjJAGA
2020-10-22T05:51:38.987579690Z 52 F4JKIN2Ot5RcFWIGj6AWHfSXSKjI8RAHrNtTOnccRMvBmNs5m0m0CHPsa0llX
2020-10-22T05:51:38.999093029Z 53 2nBW2xEnuok2czEVjztoN7Up4EcIGFTCq5zlW2yl3Wr4YsAqtRmYpMJYcZdfe
2020-10-22T05:51:39.010687112Z 54 bzNrLfXMr8rSEpunAHZFgSPFi12GIyzjVwJuzTcWdsAm07FvBRliLvjmK3RRK
2020-10-22T05:51:39.022054006Z 55 5TEjCzj3LLhPIn1tFhGwyaPVvVxdRN9TGRKxAF0VnbvbXQWatb5z5uEHtu43Z
2020-10-22T05:51:39.033889446Z 56 GLrdI1vmXSCoU1ieQIxM23kJ5gkpiG77WBAs8EEqWwwlZyIrddlwyzqvNXT6J
2020-10-22T05:51:39.044408437Z 57 JqQN7xEz4Y3hTnleE7a6bFHmvmcZ6DqFcV67zn4ciq7izf1ulA0C8hFXDkmIF
2020-10-22T05:51:39.056146598Z 58 T4dCnqIY6nNtUXc346MZ8QyDlZDnoEhS0JFkhtH2eLNy4yde8BDBfyhUtlzou
2020-10-22T05:51:39.067930734Z 59 R9aIL65hWgG7uwyJBTaUBE0sRLpe47ssn6eTAlw4Gd5aLztzrHc2RcEQdUDxq
2020-10-22T05:51:39.078861212Z 60 xzKWQGq9Ue9H2yVZQOvRrHJp1pdAJ4ujz6zEGqPcDaDOrFl6dzVQe94HUYLlW
2020-10-22T05:51:39.090335546Z 61 yNRWfkhv0Iq37nKGVbKiws4hSxoKvWzWPXrhBI2ntWJ1VQADvthuFxWVhnlSf
2020-10-22T05:51:39.102027986Z 62 K41FVMLpy16uyQfhxN3KPoB6QakhZGftpAUdsk4a1PDgT2A9Pbo63qvQYir2U
2020-10-22T05:51:39.112952831Z 63 z4zfjNDArCO3XVa8j92ckMV8n1XmWzSfscG28MWw4yx50H361JiPy3TLsAuWQ
2020-10-22T05:51:39.123987551Z 64 qW6zIYPPeBmwKLyKN9cBulrMsX0JJi6tWv8qwoNMJpqsfjx6Uk1VxMZivSkb8
2020-10-22T05:51:39.134364560Z 65 78F97GcOvTVjCyAOOXHYyqptUdEHrk2fT2zmlcDBxSDURwwUJoHNB5r2ofrRS
2020-10-22T05:51:39.145855759Z 66 TNfqcNxyvDo1qD8Mp1FO8k2l1VbLaqbsOBLfd5rLdg6utNNMwGLe3CmD6uVK5
2020-10-22T05:51:39.156498956Z 67 ZN7UPczHHfThKvtjOa6OyR5XNZVxZqcSGJJJpQNJ1cY973FEi5YykyMxhWtMm
2020-10-22T05:51:39.168279196Z 68 JVkCIv5V9hPd6JG6bQiSXsmMiQSPS1rSvo97rHcYBfP89q3oihd3J8cQLI4Mx
2020-10-22T05:51:39.179792094Z 69 r4EAqBtMGbfIk1Xa5Q1no9J4PitUKXUnkb67nrc7PUSVmbB5HNglH1pRR6Qeq
2020-10-22T05:51:39.190674298Z 70 aJDn1CUsoSqj1jtjwGyr9pC3vFcKGkUqVIFgM5h0CuMKqO6CNiLqqyBmR6yzJ
2020-10-22T05:51:39.201915295Z 71 OeEMUjJM0nnrmvwreNMwz5DiGtERUY1XPlmyBXbsGDaeL4VKx2R8TODuYJxHV
2020-10-22T05:51:39.212342816Z 72 7ZfUza3cHXnW5OIlIP9vlzSHZ0YhHTPO0PqnrHePCT3Mb9EZPXiJ0pkrSkVJR
2020-10-22T05:51:39.224155125Z 73 MZ3MWm2HzKUbz2zMhFeOTJXZhhJB4AHRqsiwSWilAB852cTaSR7m8l7SgVeJk
2020-10-22T05:51:39.234890023Z 74 uHGWZNCrcmxJtwiqT4mc5jwfc6f7ecMKLijanSlVFPlBNeqEuDT5x42RtNyUt
2020-10-22T05:51:39.246796790Z 75 TeOeYa3zoogW7DctlZfWrYZnMcmtF3aUkhRe8BSIFd9Xtexc8tk1uUErUpx0x
2020-10-22T05:51:39.257960959Z 76 hX6v0mcaIKePupUvBBbaD6LlQZLSkEi2vqAqpu4lnHETo8hUphP8TiFcwB7s5
2020-10-22T05:51:39.268626201Z 77 mFkbmGNTaCj0pYR80Jah1uHQWMHSN2cQrZTaXguReDwURkAm4XVXf7k8aGXOG
2020-10-22T05:51:39.279604568Z 78 oFbF6QT0lnpctLQd5YKEajWe743aajddDw0AdIvIY8WofbYOid7IZ8M5cN61h
2020-10-22T05:51:39.290911310Z 79 sp4Q8WC7nPn22dbB9baYzQu4cods0dOexji1oc2B6MO9z0V4zSjVsODghNYAt
2020-10-22T05:51:39.301587901Z 80 E3ykwGyBcumN5U5FjsaaaPcDKa87mRHX8OmpYKuWTAkhDaMhnkIycjuqWal0m
2020-10-22T05:51:39.313194293Z 81 UEy2zKmCt8ZVjsSaH8qrNowgyInwE7aQaVh5PIqqEtUhT3oZC5WJIytvQduvh
2020-10-22T05:51:39.325025566Z 82 0KGySjz2zkxq5d1ajkuHaZI6vaqv5rfJsXUEUp02l1blBD19AUsHixbrILSKh
2020-10-22T05:51:39.335422832Z 83 ex9irAejidnoWIpOxq24ORiknxks8iZkUXkdzfK0BJnYDB5LsXbe26BPRB8nL
2020-10-22T05:51:39.346607386Z 84 HAzF33rmEydDXKUa2qa5vZQpQPFh5BOGe8GSXm1Td30tQBiYV2PofU8Wrsmxy
2020-10-22T05:51:39.358096711Z 85 veDKz5oIIttDTY2kr90w5bALzwmWMpJy2Nocq07b8ZzcDaIDSRZVAhpYq9Igl
2020-10-22T05:51:39.368715690Z 86 dkm2V06CXLpkOvMaEGfCXMlX2sS79mu3pudQA0KH7ZsfhgxKe29t2dy8R4WHo
2020-10-22T05:51:39.380515245Z 87 1ObYYxDHttlRpa2H8dgX64z5gK0GTgAVLqK9KLo0rJMw0SW2PfsQaDaeXjJZ0
2020-10-22T05:51:39.391361633Z 88 hX9fVAc3Ro36Qa24AMVV3GcEBXZHn3mthNprNThk15V2CYkbdGFCGvMegNfr3
2020-10-22T05:51:39.402496142Z 89 UZtYNTIs4U05uSyErkAZxouZiHzhyZFT7Kil0YhBLbur8zPOj2WvAohby6Tmk
2020-10-22T05:51:39.413790587Z 90 w7cgN1sdtuiIJOeiNhGVJkGFaCjFcnudlUvw4c7nCVlI6MDDqig4e7EkZeCgC
2020-10-22T05:51:39.425298458Z 91 CO4zNxIJQdpBjMNuUHM8z3H9aEW3x6tFlZ2oc9vuXZlWHEVTvrCwaLIk3alBb
2020-10-22T05:51:39.436941396Z 92 gA3Vt47m2t4wZi55NHRGrJBSQ8Kt1AHffo1NGwKzBaW3HoCi17eAFjcnMVm0c
2020-10-22T05:51:39.448114213Z 93 04W0gEuqZdsEpdXpnLbtHaG92OP5kijEmA8Ll5wlkuyviFdfrRwvzN17e0Ovp
2020-10-22T05:51:39.458808541Z 94 J39ILh65v6PLk1fk5PeLoGTz73nfKCosYIfklAA2RqSWinQoyvA0K74ovYDHm
2020-10-22T05:51:39.469831443Z 95 OsNYx6xrQqeOqYz5LBneaa6Xu1f6n4bQpuhhcwd1QpiW86f3rMC2voeG03q6a
2020-10-22T05:51:39.480788673Z 96 zAfMzvLwMYkGNtC9v1MpG6PpwUY1IJHrAu2laAoiDzHiLzbnZORdoLf8T1g6H
2020-10-22T05:51:39.491964845Z 97 tHDAauqSmJ1RbFFinsLAn6tZYipKs50kHgarRM2lgqtzPtLLBerq1nkZzuMpl
2020-10-22T05:51:39.502585390Z 98 BheKFTZCmsJO2vbuyDEmIkdLUQS5d4Kk3asQUQS5lJwALWzWrlPrDUMdmT6nY
2020-10-22T05:51:39.513322892Z 99 uCIafCGSmMgDApTrSnOE0xKaCNCxmJQ3iOijEPvuJNyPQRbAnyPtXtSq3mxr1
2020-10-22T05:51:39.524565991Z 100 RTp5XvWxvz6sFNMYQUOqjtcKZUeMaVJ2nbpSON8nexja1sGE7Px2E0aexDrH
2020-10-22T05:51:39.536100566Z 101 vrRxk65HhxYvQigGuTRbD3w3pEfWsnmwpuGfBfe5Kw8FfT2tBmqjhnLk94qf
2020-10-22T05:51:39.547241730Z 102 GKI29S1wpfYglTIdmhZCnUgX6IfaAWl57Q9LFniWKCfIKJ4vyQ93tcXEbxv8
2020-10-22T05:51:39.558929942Z 103 RznAgrI9dNnPTRFjghkcDN5Hy6qjNhbEytOwVkzeN8TLOAoHMSEYLkHUdQKH
2020-10-22T05:51:39.569412778Z 104 8RifLZk5nudz615vRQBbVAdjRIKZiMV42MmeXgzOegAR5yY6WHLOqPzOf3Q1
2020-10-22T05:51:39.580346033Z 105 qsLOBFWfcK1Yvl6ZFVznxYu0Y86i1YCB1HahG4b7uCVzrRugKtySCWzsAhKT
2020-10-22T05:51:39.592550322Z 106 EQVl00w446p0qEoH7EJ4i4cb2rD6GyWQFJy0VXmPjrJgPhbuzXUSQIWa0W9z
2020-10-22T05:51:39.603752716Z 107 1IzIP0kkPoAbJjkUwKo0x3nYfRmcJutkMTuisn0spHrw1dIKnkP77xigooIL
2020-10-22T05:51:39.615004958Z 108 Fiwt9nelUsB5f8CzX9RFWrmI2EmD6rnUbZc2qMaLNEinrOumOmL48E8NAYb2
2020-10-22T05:51:39.625311350Z 109 v5y5jsqETi3NbvMb7QxX805HT3btzp8S4LHLRH23UMjZLp1UupWD2ROM8xDP
2020-10-22T05:51:39.637140764Z 110 ATq0eOkJkJitDKVC0BWm5drhGEN5PFUSapv59nkHOY5l5kiIdOfaB7uwpnpP
2020-10-22T05:51:39.648261646Z 111 Y8rE7RaFMYtyggUU5Tn3Uq2ycbkNRD6hAz0CUvIvKlvSy1UmBMOYZBy87DZn
2020-10-22T05:51:39.660191126Z 112 53DUAfcVspgSIv6FWsq12qzmVUbwOpqrVWFUDezhcbdmzx2d6OZKifSxvRCH
2020-10-22T05:51:39.670178766Z 113 FvZi5mlfpDSdkGQST9fvrLKxcaOI7ZQ9FvfoGKY2vdNlPh0zJ96u7f4m04mG
2020-10-22T05:51:39.681942830Z 114 lMDh6Zbjkdn6MBjUaKoBi9eYeCMTyRVLReXkbAdG0o3dQrxVNp6qQ2U9OUoD
2020-10-22T05:51:39.692345256Z 115 2BQJmRhC2oE4VGyuBOA2w8yDDrqu8TPARc4Vh0fsGNiIkMFKu5odvh5LjLuZ
2020-10-22T05:51:39.703900459Z 116 pt9mJ5n61SQ1HEOab7FNpdXSIiw26XQMnCR9gpwg8nTeDbOJiqOjLbqN57i3
2020-10-22T05:51:39.714714593Z 117 7ZPImAL3ydLUNBOmHHcvgXVR5IRAWCRXVxOrHrn8LcFxcF9qoObBfbkqWh8y
2020-10-22T05:51:39.726400968Z 118 fvD736MGbaj6Xc4bT0qso26nzX9uj7ziOcEznzL9tAjYQC55zh48YLuWDqjZ
2020-10-22T05:51:39.738148626Z 119 lgIDrT4SjDHaWhp4FUpeiQMAa6it0oSSVhVYMAqqwD92ffC6lVzgxKyIhvZP
2020-10-22T05:51:39.748564587Z 120 eZ7wdJDpYGs6s2LwyuXtNK2d0OfynEGeYOXcbyuix2tlHJLGt2ZpSv0xsrWY
2020-10-22T05:51:39.760076709Z 121 5PuzEsJNfFBOSxFyPIHulovYx8l2oGy4U05rTZOWejfMRhWmDdgEaOKk5stw
2020-10-22T05:51:39.771709780Z 122 j6iBhdzWCSjf28Av6GMwTgtlmttdrjfw7fX3NGucHUFKwZjTdDDeLCV67cQv
2020-10-22T05:51:39.782955455Z 123 JjgL7KVgurXSviw0VHb5VDxWIDZ2tlPRCUMFa8XSxPcPPpFGkdPynEhn5MXW
2020-10-22T05:51:39.793546769Z 124 tlDIOmJK4DNkpdSMiEsfUS6l3XVMMaVNYAsnTW9b7mnAJ1qUwAJaeA5N2EDR
2020-10-22T05:51:39.804307450Z 125 hGpJvYoVCgsZmYoK0ajp5iMiq5yf5bURmdZrFcsnMlXJFtqjjLj2opj4sD8g
2020-10-22T05:51:39.815774300Z 126 Wp04KMU0pe1h2La8EhhW1Rma9eWs24AyM4GHHWKPomuUCwjk9mDyqHPuvIBK
2020-10-22T05:51:39.827219513Z 127 tbXaHTp4oIjTq2moupf151n7bsGLAnw0SVxzmsrrHC9aoea3Ny5zAzlj34FE
2020-10-22T05:51:39.838565874Z 128 zN7DbxdAcOkfqtr2l95L6tdRdyAi2ffs6S3370UPeaVeni4QxPBtODVYsgS5
2020-10-22T05:51:39.850108343Z 129 JrusFP3x813wGUIAZ0qu2xk1J2H7qGMPvHYp1AgucAiqkU37LlTLH9utAFrR
2020-10-22T05:51:39.862229400Z 130 9kLlG9r6DVFqpSlFHyHmGMxOrNo73xOestem7JAc47jDUOMFwBltKFSEs6yB
2020-10-22T05:51:39.874713046Z 131 XAwMEHHVIVTrjcUc4saWWlxuqXwxrpin1tHJrApbUhZicLwOjrO2K45VF44n
2020-10-22T05:51:39.885665393Z 132 6f9yKQ0uIYfHJCeq0gsJpCqma3PUYxdiCVxSjHs5iLCfeiRDOlhDxMf81zLV
2020-10-22T05:51:39.896855542Z 133 rIEpYIyhtAIVpmlYxSUv1GRlKy9oXVmZUQ8NnxiAOUeCFxxPQmBJg691T9id
2020-10-22T05:51:39.907379374Z 134 QsniojolDRWN9OOuyp3iu9TAAMlSUzBZWE6y1ORrzdhNa5R8706qTU3VRZCp
2020-10-22T05:51:39.918843838Z 135 8y4tRFEfb0fBcYshZThdQzFNtJ2AQyHnUrrv9UvnzlGjBeEZ71Fpt3FVZ0G5
2020-10-22T05:51:39.929286074Z 136 eT7KgcdSu6Fq6yq7bGMz34svfuFc5q1J4Wdn6k0IvbVtHJPodPzVzqvHqg12
2020-10-22T05:51:39.940789366Z 137 Swd2I6G8awQ9SHZPEQkG4V436gcjy5K9pUaAHYJ9ZGkeAgQrmqlQECZ9rVH8
2020-10-22T05:51:39.951827582Z 138 HdHyphTdSGbkEXbI5qAiHQ62tuHP4fNVCdO3FJqHAHL8RDuZBvluHS0j2hgU
2020-10-22T05:51:39.963133746Z 139 nE0fA4Tzs9cTeWxa0DH3kVqOCBWHF5wCoAyCROHw1d4bCWqDskkBURnqSqnZ
2020-10-22T05:51:39.974422049Z 140 1i8x2JANpjcXbqA4n4xg8GTuHKfIEzVJXU5RhfCiQGKX3D7kv5uxVOd7MYzg
2020-10-22T05:51:39.985809497Z 141 hLyIrGmtrcmCDPntF3vutmCGGyKJ0voMTA15LBnQnawRwgsoLsQnaZQB15sW
2020-10-22T05:51:39.997293668Z 142 UrxWQGTDzfuHBbqcBELU0DGjRpLth67UMO4LPGUKs5Lf3toHkRWdQExm6x5h
2020-10-22T05:51:40.008971138Z 143 ZDenW9Bhp24JlmT9KjxZBMSMobaoLLxHTIDPTDRRoLy3T60ejU6p3KUAOUlS
2020-10-22T05:51:40.019734424Z 144 myJxYjfMtng9yIGOFuQyr9kMf8nqPfxl4SgLKv9UEfQRPZzcKUfRiE2TCBW8
2020-10-22T05:51:40.031014085Z 145 LQZio5Tw7N6dwEGnQ99i5AjHKIKcRxU9hz0EAhh44MZrKoFHYuynSqWrkSOf
2020-10-22T05:51:40.041600267Z 146 Wx4Rszzp36dReNiJlx4R1mTW2uKbCdzBukkzSfr5ZKEnWH3uQ3nzdZdQHMhz
2020-10-22T05:51:40.053129661Z 147 8nrAa9lzlnlyrdpnrYx4jLWyBcja9c6Cx6M4Gackrm4mhebN5DM3PcZktYjv
2020-10-22T05:51:40.063901077Z 148 H9h20YXh4Go9A2Kg2u6i1PiYOh248yqyXXCvFgfnkoRjpCE3Y2KoFXdajYTq
2020-10-22T05:51:40.074358567Z 149 2a6xN7mNfo1urCksP1yDoaGfQhHGTHLvqE8ZHuUJuDpbUvnl9DTojGyR6LZN
2020-10-22T05:51:40.087824042Z 150 42pZUMO1ZpUBR0WZnigIDk0AszDNEOCUKN7fHWfne4MTfgMUnCIxS2lH3kDF
2020-10-22T05:51:40.096733862Z 151 5zclxFN4fhKsOJZFP5Br1mSgqpOiiro2tXessitbTrbygocTBVebSMWaagnh
2020-10-22T05:51:40.108206732Z 152 4fSwbc1gy871LeDDwMpSUD4qfwwKstqGA3V0XGS2FsRQV62MyjfRZp1WXGlk
2020-10-22T05:51:40.119872692Z 153 jpzWMdV6EJjIIRApuGd9VCNCQnIsGLPqVD23BxiTu479ppvXbMga0imECaVL
2020-10-22T05:51:40.130391276Z 154 OAE6Lr8QXOTs62km3hMp7zsDaZ8FFbG5LAez0VXm3FNDXuj5aGvCszrbVEw0
2020-10-22T05:51:40.141948131Z 155 rmnFZaMXNqUajmbvKb6Lw1fEu7crSts76jFPtk19ZeeDVghtCYpbObNGn8fq
2020-10-22T05:51:40.152523021Z 156 iTHEHRPpXUDJ6pR5KUWpvHYvZepRC42GfDS0ql0b8ZkY2oJ2obKYoUc618Fq
2020-10-22T05:51:40.164239580Z 157 VHwXsItRBUZ2OMREEdFy11Kwg7Ll6HU9f7bxQFPdODdkG3rAPpzz2hhXfHlH
2020-10-22T05:51:40.175782808Z 158 o5vFomYwapiYVWyWTK1JcR5NDciTDQhbiZDKhyuQCTth2grJBrpw1Kf6MKND
2020-10-22T05:51:40.187308769Z 159 sAnsubaKdpiTGNIWi0Q3h1xyr9tL7yYO5nK3UnmuYHgxvS4wsHWL43ecwS9w
2020-10-22T05:51:40.199301632Z 160 2vH3Ne4egzMq8PhfgMSfsvhF9nriQ251A292XMXRi5UKOuSpHgzWbaSoEF9l
2020-10-22T05:51:40.210367160Z 161 X7N0BcPn0SjS78fhOtHvIAzkU7JGmaWBFcjqgFW6z6aD8XEj8ikQGTjH3OXB
2020-10-22T05:51:40.221594467Z 162 QISBCvXZe5l9ZMMEsvPEiLM4m3sAJtVO8GhfttRitHFebILIp6zztKzftujn
2020-10-22T05:51:40.232895367Z 163 iEP8g4Bi3K6eTHEfpf8cBddYyaijzg9ATWXYaJ52G8VwE7ZjeSf8MLeIP1WR
2020-10-22T05:51:40.244127240Z 164 Tfu9XXdiZQo6xSXkhfttT1S30bnRAEtQDhy9vNHRu5w0qGJfVBvFavTn6iBz
2020-10-22T05:51:40.254470902Z 165 C2gBITHRV1FOU6t7nGcbHU9ONwaFtF0vEidEe0wKKMowsgBDk9n2uPCX2htK
2020-10-22T05:51:40.265961991Z 166 ytw5l2SiYzQyDO92RgszYx3HJcELsN2oAprvI7dtotDnrzaewRH3XHgezObE
2020-10-22T05:51:40.277122997Z 167 vYtmUdCRtIk8WOYxJwufi2lmlEU0GMEtTjgZz316JV2ohQjbmjS04gEOfQMN
2020-10-22T05:51:40.287678049Z 168 stvBXCMshZcQS8T7sqhTizMpQ79rR5BMZ5hdW1AJ6Qem6KMt97kdnXC06oyz
2020-10-22T05:51:40.298718653Z 169 RmU9Fhk92ARVHGZRlVegTmFv0EJ8kpHHM7OGJEi0q9BIo7PLaoYrCsZx789d
2020-10-22T05:51:40.309757369Z 170 VXtOuoqOQl0HyU7cZC3hgMsyMcLj0HSwEajbYNRNk6HyHPYuJC2t97ai4IAK
2020-10-22T05:51:40.321198903Z 171 6wTgwMKwPFKiekOIi87fqZDNTKZi17MgJnmIy4UpDwlOV1gAtWnKRh1lY54m
2020-10-22T05:51:40.332681991Z 172 JmxOdeIfWCXyz20g2Ujyc5EDSfhGBdx6ZQqr9i5lmrOB3GuGDOti54pGDJvv
2020-10-22T05:51:40.344622853Z 173 DYqK93zFqQ0f1xXMlNknD0Y2pZYFhC3mHabb1TTs7qF7H0BqcZF5VfUYe0Fb
2020-10-22T05:51:40.355256604Z 174 lTOYMkLD75IASndZOmVfcT7OMvMuxbDCUyDoVLTTHWP7QTy6kGooxSyYxquM
2020-10-22T05:51:40.366673953Z 175 3baga0AB7rsdtjCZS6f18YZhIih12gPXVcvezrjiXUXnkdhN8MHRRswRvkHE
2020-10-22T05:51:40.378300717Z 176 lROcChUFydhH4WzSo4uA8jRgxRoGRuKdFnBWZudFPv1OYJt2ZvXQKSwIAsDx
2020-10-22T05:51:40.390311033Z 177 kAkfWcfzADITmRprBwP2xkQse46WwUDrqLy9DtK9JVZBnYBCmDYBj2mbeauo
2020-10-22T05:51:40.400925322Z 178 nK0fJJuLSIoo9lj8dEvf5G3T7iMWTBtzLGnwHjkm54XooHOu2KEKXUoRPlS0
2020-10-22T05:51:40.411240969Z 179 1IfTye1HvMn1CUxCSmjKcEZwjBtleu26AIgRHy8ooWJKpKMQ6vz0kTqdqmQD
2020-10-22T05:51:40.422691125Z 180 AV9SDCQzf4H7UmFXTaOnxNH1uTNSY7vojh4DwrMXeVFCxwPCKvTL9mpCOQlj
2020-10-22T05:51:40.434211512Z 181 oKjYTY4bq6EshyrqPFPaNlC981AF8kutaxOKfA3mgFJLwNMh3U0vmRONRnbt
2020-10-22T05:51:40.445237551Z 182 PEIs1oMLTnPmyWRvoBFfLSKtvP7RlDQ2LMPqt88x3PYdbtw93MOpWWMFLVLN
2020-10-22T05:51:40.456118848Z 183 VwcwiHTfoodt2ixLoT7iF9HrdQNff0gu3QdfhRVHewffui9inFPmf5BbKWA8
2020-10-22T05:51:40.466494092Z 184 bU6ex3sutj260ZP7tUpYe5671W9J0wwnC5VIGLOVyd2j82IzxAYCS7GKLQlZ
2020-10-22T05:51:40.477834121Z 185 xMMX7lnvOOotkwLfenhFr7AWLOnh6lQPy85UtZU3CytOmtInA6zvrZ73bW85
2020-10-22T05:51:40.489011534Z 186 rdfZO7YTRFBXw1D4OFih1P5yxwfwdYA2k1TDJIQZERKSafachC9SzPMdDx5e
2020-10-22T05:51:40.499859408Z 187 ASXel5vax0djIBs1q6m7L37ROY3UfCcekH4VhFZn9ZuiMd89OY58LUZk6Clo
2020-10-22T05:51:40.510452930Z 188 rwptfZSiSi8MH33s4K3xYJa8XWxE66kNAfV2YI8xsf6Sz55udOI6uEeYDHls
2020-10-22T05:51:40.522052182Z 189 3bJGNuTUbQQc6OUjbifHtCaKd1c9xlaWv20gLtFSY39Norq1c0GgtPsZCadc
2020-10-22T05:51:40.533497462Z 190 mNBqnrDuq0R9JkldOoDVWlDWJgNgnFsNTD9BGy0koSsIo0Oe9Nps83FTTw8U
2020-10-22T05:51:40.545094372Z 191 usebOcrpO5Da7e85tStcnO6UmLPCYVuVELNYicfx2O3aoFckWvNcxceEaPLe
2020-10-22T05:51:40.555732336Z 192 3G8Dg3Qy3JuKFpIvWrFfpMEO78XWSSXlQmeKUPQJPMMJOpXrJUmV7kTo3KhA
2020-10-22T05:51:40.567161868Z 193 CDD3LgRxTDfRVp8UAv5WgSo5hBREpHs44KoEJ2Lo9IjhCIYxNdQ9qtWK3jRd
2020-10-22T05:51:40.579223068Z 194 fnTqKSsQj9xWddmU19KDkJGNe7u9knkMeHpbTMn8JQG6eKuyFLP6lAAeZwSv
2020-10-22T05:51:40.590074227Z 195 jTw8P3wfYatCAoR4mbd5rkeorrOYokavhcIJnYVGsiBCa3AOeE4i7VVV6WeU
2020-10-22T05:51:40.601261647Z 196 RETPZV9DIsxNsL5El7DyKLj1gxSQJTXvTf6P2jXBYaFpmpNJ7dzYRT1yiY2C
2020-10-22T05:51:40.612234509Z 197 PpBBWgXkpzUn92lU4I9fskQaSQ01D9MKjgDON214x2pMlD6OsDtKHRgFD0Bw
2020-10-22T05:51:40.623392850Z 198 XRLWd2LzHALiyaI0G11l0vZrvXYdTsFBHkfzWIPLniQeBWMM9Cqdyp3PFI1u
2020-10-22T05:51:40.635089457Z 199 qIbCtYAxLovukCBP3XwiqY61SzFULTnQSbXX9CoH2mzul0YBvAMjd6tvAmzH
2020-10-22T05:51:40.646454995Z 200 7mQd04VgGYRxfxtrpPRz7h31bdB3dakXehEMOvM8GLPuVPwqV1yzevJhY1zS
2020-10-22T05:51:40.657506291Z 201 A879DFPYe1JQMGn4Sd9BjNOi1sayxWhDjkbbkUnoeoBUu9rLhwxBlK3E72Sx
2020-10-22T05:51:40.668504316Z 202 2uyx0EqMeAD6YJlyQSXsXmcjV7tfVRM1S1XJsRKsSAHUL7gEzuZiHY1Lzn1W
2020-10-22T05:51:40.679200910Z 203 5IrKRjGLTI1X5X0ZSmZhCol4wnN7GLG0iqz6W1uuiKAVkvKnWVhxlDBmlKQL
2020-10-22T05:51:40.690313407Z 204 TeYM8qf94XFdWZ56JTfjsABVUvPStl5PakWfNIUatVFbfYMD8bmMz2VLt8cV
2020-10-22T05:51:40.701857985Z 205 cCaUgf0nA8jLm8hxoLR1d2EYbE3Bu6PsVdrByz5ZXMqZcmuXyl1KIWleazTL
2020-10-22T05:51:40.712367077Z 206 hFZdV73QHxS6upwvPcQmYGbmpv9LAk1UCWs78ZlLW4DJyaqyZcWwPCcASMv0
2020-10-22T05:51:40.723428994Z 207 aklaFcRKuNTD6ekXiHAIZycKPUcUgJD2G2eo6eZBZWHF9kL9OjWbnh5fUVNO
2020-10-22T05:51:40.734998536Z 208 mLbF11K0clzttGrevQq4GUgmt0I0y94lXr4JwQ8Dw5t5oBNv0l8COSD7xohx
2020-10-22T05:51:40.745241148Z 209 h7fY6D62Bn62RylBNsufLxwf6UROmHjKpIGflY5Id8TYNUB1rCbynDX8EYuk
2020-10-22T05:51:40.756602910Z 210 iWer9kCmDVjlli3noyaRzpaC47ZVhi9x8hfyTPbtHghNAVIr8DCFhGHB510Q
2020-10-22T05:51:40.768212702Z 211 iLRP3tVlh9qSxBwS6Dwj8zke62PnAnkoqD6cZG63mWJsqf0tYKlYd5vKfkJp
2020-10-22T05:51:40.779883313Z 212 7CdEIB5o7NGGwKJm5VLaLjAKZcul5cGRtrEFJ0WROa9kwiA1v6xaE7OxlUZj
2020-10-22T05:51:40.790936597Z 213 Nml6TtOwC9EGNVKbTob8l6NJjpl0gHxI5mvQnMclV0i7BNpsgR3FVppm5L7p
2020-10-22T05:51:40.801543947Z 214 iscObIhUMZeO0wNK5OJRjQiRWZl8tZL17a1QxGBFXqVdpquJ5PaXbK9Ej1Tb
2020-10-22T05:51:40.812806208Z 215 kN25tojRfITQc3vN6rbC2EcqOFqVFdsDumRkgXdEtKAvtAZtuHv3jC7LCDPW
2020-10-22T05:51:40.823713951Z 216 paHMIiMlj4Lkwos0uHwUy73W3wdKX11yYJ8KLLrOOz9YnK2CKYtGj2mSAOVm
2020-10-22T05:51:40.834680274Z 217 nAnr3CwtbjmKQQWinyo8Vivz1hL9fUE21bAShBD7V6kXKA9C4V3ctCatwNQM
2020-10-22T05:51:40.846286867Z 218 aBfoA7H3TAwPTddQkIx8HfmqycyWPpfMHJp67sxB8Y6hVdLb8HJ3ylnVAQod
2020-10-22T05:51:40.858122526Z 219 ze3ohxnxQmQENV3BJs2YKYwKqBojti9Cs2GUHr9N3gCSxUZM4cvL1ImrIhQ2
2020-10-22T05:51:40.869048802Z 220 nM3N2d891LrN2QwmOzPVSCXqgApGNAMMJTUcUv7J3wbjNYHKZOEJZubO0t2t
2020-10-22T05:51:40.879334521Z 221 TGocEw8MQL8CeKqVq8pamMiqyhi6wAaAHcqs30BDJ9qmt8Fdu2y4Qin06tGr
2020-10-22T05:51:40.890646185Z 222 9Dlw26cr0j0N1dyD3NIJPJt1Hb7AOKwICaU5LzNpWAA3YMD5VTvAaEigBQBY
2020-10-22T05:51:40.902106217Z 223 nqDgDMHiz0cJ2pWVT4H3tOi3GrarJb5sz6GVRvbRwmWh6J263G5frxfSV7DS
2020-10-22T05:51:40.913950205Z 224 Yk9l1Mn0hkKJgTwLj770DHMZIUZXrkxLb40AepFeB6ow4DwhNjBEsfGho7PE
2020-10-22T05:51:40.925411190Z 225 41bKHqoiqTxsEifwvaTEuaIUvroVm8qBYI91pZAjxqkC8JVFGoi2jMuGRl2r
2020-10-22T05:51:40.936809014Z 226 Whqxq9ulK5fmK1FYvMxq6AprzCvcVHTtG20Ck6EmwJ86ucHcoW4nV51kbbCQ
2020-10-22T05:51:40.948123410Z 227 16hesRqmN9HrL0PiotujjFGPUJQbzkSpqBh9r5GcJaov88yjTqimJJyy1yev
2020-10-22T05:51:40.958838044Z 228 DPPBhEzm8Nbq6ng7Ea8iItDZRdztQ7HvJXTQf8kx5eG0Edz1Fpqm9XQnZqxJ
2020-10-22T05:51:40.969495487Z 229 cvb5jVU33vcK7mYVcNGK2WoEjxHrDSASSkurFiOev7e9lzxQR31qRgIAuq4P
2020-10-22T05:51:40.981153827Z 230 2uwYmYDL5rYyU3WWhOgRh6K4bh1GsYPzfIETntsnj5QwPosZQjIXWnNvRdUt
2020-10-22T05:51:40.991635123Z 231 6WJPKzv4eBq4XFUmRG0X4lDLLzMKCO7YoosaNXDpFOtfMq6TOZLW7s3sVc2U
2020-10-22T05:51:41.002307669Z 232 Kqi5uCeKWX2Q8P4vrmTGMTOTe1iZcQ2kjwLkRLXIFNPmoLFnMxNgjMyLfAEY
2020-10-22T05:51:41.013583666Z 233 xP74njTCyi3N5gsjna7jPHzMX63LtUrHiQyrcGSTLk2bPj3yEJ6FggIYQ9ro
2020-10-22T05:51:41.025237766Z 234 s3uYB7Cvj2hXidaWQp5uDfzflCpDGsD0X3xzwUCnqInNfuX4NFO2pg8diI3E
2020-10-22T05:51:41.037143058Z 235 ZgdJeia8t4tw5W6tZUrZswJi7oS8xZn7UjLwE0W3T43jQYh6VnyP5VJy5KoB
2020-10-22T05:51:41.047644591Z 236 CIe7r5ge9UKw6SiRRMpQKwDel1tVKTuCn18lygVzrpYGP0pueBxRFYpRMKLO
2020-10-22T05:51:41.058670980Z 237 Zz0FDXq5wyjcEoai2YfLZySeEpRTQobR2LBenkWiJOLzBecWuhujY5dHf42L
2020-10-22T05:51:41.069817860Z 238 DLEqbjNTBrQxL46Xu3nioqkSA2tDvoULTIpIPVEA56xs3B3RVoZ5GfntBCcv
2020-10-22T05:51:41.080300594Z 239 BgNl6D3Yy6AxJpLSHsWn9EpgkK7DCZ4Ionww3JlLZGxFCUBGJRX4MyzPc5dS
2020-10-22T05:51:41.092273128Z 240 a1p67cdLgYlexjnFrwCyjB9uOYi2kv7KvvOHHZ5AbkB9NR4NlKQtwy1qu4lh
2020-10-22T05:51:41.104127378Z 241 AVbTNoaDBVfxb2Bu3H2Thv6npMKA8Z21ufgDMiRcbJWqasXVQBaQFdtReqN9
2020-10-22T05:51:41.115862845Z 242 HYCC24ehGHz3Pqm9Lj8rpACsUcJijAnN0DXR5Zw4Ass2ohcanxmG1YcumjS2
2020-10-22T05:51:41.126983225Z 243 st3hoRAbxiVRVbPHR2DO6bLMWkVCntdaXbwQV9NuJvcSUZovOO556RL9f3GF
2020-10-22T05:51:41.138309405Z 244 SEwnKl9Nvunh46wkAYS0ZPu9Y6ZKW2QqFRZpl9LNrfBFzbnMAOhlER8225tk
2020-10-22T05:51:41.149807960Z 245 nIuZd4VsVvRawkEXPFWpMUEtw5Zl1T3cpC8ruVKtRR5YGTLHweFMG6WOWyJ8
2020-10-22T05:51:41.161194624Z 246 ztbPREo354vBSQg6oXSLzeRkHaZtbViLGnkKDoT7DRYZditwqha9zTVHp2Ra
2020-10-22T05:51:41.172783036Z 247 6rlpX2GzuYAqTJ7xQI2PC3GTtX9uc6XS3U16OZLbQp67Zawt4TlEYA3gfMKY
2020-10-22T05:51:41.184473749Z 248 KrNvuGJAQ3n4qaCGpLqbb7237f2NgFafa88CaQJ1nm5wnUz5zZRUp7ibjcjR
2020-10-22T05:51:41.196090499Z 249 f49Q9hA2At5AMmupU75wlrK1Ok9qC32cLRbNJMfkfB4ro5yHii5k8Fbefyps
2020-10-22T05:51:41.207189246Z 250 cuUsFdxESdIDWQtOKK5X8eQHaox58PasBCfvrxKmAh67uZe47V1TgzyzQtmX
2020-10-22T05:51:41.218663597Z 251 c8NDQrthppIOK243Kv5DRgrhk5yYx5fyCetCFk1fLOBh5k9cYtLrGd5SuhLM
2020-10-22T05:51:41.230065125Z 252 x2mIUeST0LcCLkpK9d2Fas8ubRMtcIhPQVFbTXxS0G0H52pjdx2SN7dM5B3F
2020-10-22T05:51:41.240719048Z 253 r5zj3lvsHedOAVodyOPyFkIGzg2w8fLStXbm8ETxNoVNJnnmVVlJ3g0vBi1C
2020-10-22T05:51:41.251820492Z 254 pg1YniDucdmAFa4Z8eu0smpD0I8HoLzn1jxGsw1A9nJ9phN1WVLZEj4RuzVn
2020-10-22T05:51:41.263709132Z 255 dk88fnn4qAIMmR02ZylF4jAxo91dh9D4Tz2mRFwuZQF0pNy6iffU4sYwcyxX
2020-10-22T05:51:41.274996331Z 256 xRdYayFXq0F35WJhqWj7jI46hfHyrk3q7a7Dm9tuw5yLQQUsfVCY0Qc6vNPd
2020-10-22T05:51:41.286905067Z 257 kR0VOtWD3JpYTsLr9ghcNW9P3xkusogmC81RphIeQOvlGTFXBPrMqPy3EjJc
2020-10-22T05:51:41.297303772Z 258 HoEU3Mt6a7U6fZV2iqOKzynVAtjeUYFvRD30d0ZYPZSL4dsf2Cu9WA1ZWeTD
2020-10-22T05:51:41.308607666Z 259 mXu3sMuMXQIvTtQNi9pOTvG2XNEZh2xq7JcmDrd3m4qX88kV1Hh4F5u07byN
2020-10-22T05:51:41.319430942Z 260 PbTVd9HVyJIQaTK12dzRVzBgqHPk7TKgRhjJMk9CBpcPWP7BYYRh8stYFJgh
2020-10-22T05:51:41.331120300Z 261 HcgNSjH3Qnqb4RwULzrlA2GyRFfXIUnlrLXdwBs9d07e1MSzqNvxWOqmXUfe
2020-10-22T05:51:41.342971272Z 262 hZ7AFz1rrR8pj2V8NIRIrWMxN6PtDyC9ExydZ9HcuPoebjMh6GnB5bjWmAas
2020-10-22T05:51:41.353762692Z 263 aVAhhJyjqxeDVsNOPXwRfA7UsL8xgG1j0Ho3yUYGm3ug3v8djOwhLJl1DV84
2020-10-22T05:51:41.364636077Z 264 SZu2JUL6f0K6HrM0i5LYhnYx06Pd9l62w0Bh7BsALEDcD2NDxXitFRi1yZaj
2020-10-22T05:51:41.375468998Z 265 hIu9pCgbJK2NTuvv4JuKLRZ6rCsuMfhPNoImJq7dIRHFwA4FnanuWgbq1yWr
2020-10-22T05:51:41.386382800Z 266 B8ikSy7t7IkQSKdSfcfGdiW03UrlpzqaDb1g2FX0hrrRlOhIpWPlLt4CeRoO
2020-10-22T05:51:41.397284303Z 267 RE0eyDEYNdj4Vjyk2RWZM4p7P2RV5Ffhm2OYuVm9auqog17zGxx4pbBBGXoc
2020-10-22T05:51:41.408830302Z 268 12jYhXv0B1sblY3PSRYe3CCpMXvl3IueVUnsSnQFyocZf903tGFhnBIZqZ2c
2020-10-22T05:51:41.419892915Z 269 y6y1KdiWaNQn4AAQPUD2Gq2KN6nUupLs7H3YmGCHZZ74L7w57ro4OLQf1Mll
2020-10-22T05:51:41.430738186Z 270 mVOdMBAuqlgW218wmh9VC7nbnveuUAjW3rHrikv51lkXCaKIkwQ3nFmu1OuP
2020-10-22T05:51:41.441814470Z 271 pjNP5ka5GOC4BMSNdce7CoUCYMjZ58TGxvyJ1AWmXSPBZlWYktTUCyaFP6k0
2020-10-22T05:51:41.453250711Z 272 9u7DfIjW9ViPJp3fuT4Rxq7CrPR3KBKKd5PfIzwhYIhp6pXa6OYST87KionE
2020-10-22T05:51:41.464947446Z 273 4oORB8XN3OudjtGP8mf3MSyTcDyYapxBZ9sRnWSsIqKgw56fYe6X2mUmruj5
2020-10-22T05:51:41.476734991Z 274 ih07nBMIC72dBdnyRsvG8sz2cpNDOxOKXJjojZLkADJkMzgSdm6AIxiul6OS
2020-10-22T05:51:41.487892122Z 275 jsVVxLYXOHwgwmNHW9qKc9J52jV2CEkimFIdHubPOGb9ZdSWDmMKFyVSrw01
2020-10-22T05:51:41.498749171Z 276 cVVuvExODGkZkKimNnwDjPcocgTpZzOQheTivprJQuLoCydAINjFNiJU4rS1
2020-10-22T05:51:41.510011628Z 277 IwoydlnAmJaDzIji4YsBusnL7rs0PwIx89bPnWxA0BNTC3gWiYzA26KwCSuh
2020-10-22T05:51:41.521053762Z 278 iF203Yts7BmHVjnFtGbRzD5t1MNN3ZMOs45kXokOLlXBg6SGmkVHvhzXmn0y
2020-10-22T05:51:41.533059226Z 279 we3z0IXj5brAz6hSVHmfMGPGiG0XoYoyt8wfUCkpKCAIxgpNfBX4usXdxLEY
2020-10-22T05:51:41.544963324Z 280 kb5Np3aGmpv8U3Rz1yvvAvhEexSJjbepx9SrWUpegzDfQDO9BcOD7OVXbpx4
2020-10-22T05:51:41.556509226Z 281 bQ4kQnpG6JcTrizFdLvfSIwIZvCfyvs3FL2azVMollvEXU9t0hO2cju0U5ZD
2020-10-22T05:51:41.568197046Z 282 yYAPcg3fHNXCJZJkYs0Qgix5bcZqd8vQAtIYDhnoun32kp8oXBTqHGbddn0q
2020-10-22T05:51:41.579708394Z 283 NPMAPhIwflHOBbK0hXBWX4bJXxLf5TJLJC1pyp9tUeruF1MpBzepyXiJlryc
2020-10-22T05:51:41.591301580Z 284 z2U5RJkh4vkQVjz6qwiOvNSEbeBDEKE2XEVDAAUp6wMsozJExzZI5wsa5KA2
2020-10-22T05:51:41.602681797Z 285 abqKIHCMUUv5w6uwMLM33lNiVHe3WJk40WNJaFhYBrBxVslSBjdzO5woJREr
2020-10-22T05:51:41.614013173Z 286 cOfkXaSkqam8tVWUNs6pTfFvmS3pbjygAOmZogUuMVhRhrQXi8TTTaFZ7ePT
2020-10-22T05:51:41.624458189Z 287 Zwfr7ovbkhWzUIqdXUnj1rOtQjxZq3RMjScIE3V6hbEbVWH8RVgMdvmMpDWH
2020-10-22T05:51:41.636309990Z 288 dMMGSqVCFzmw3AclTDgIrZbuYqExdvn3CuwCz2Wv5YYWDYcVnGJfspLIz0JX
2020-10-22T05:51:41.647526571Z 289 crwRhFn1TZUsZkmESkiIsYWhNt7kP5JPERvdns0jqofQmrYLyneNCOtudi6X
2020-10-22T05:51:41.658971246Z 290 OyQRP8Bp2XgMuKF3GMf4lzRZpgJwV7gZEmZRiiH0Avs0iwp5GtTYmRko0qKS
2020-10-22T05:51:41.669638914Z 291 A2JIfjtK3wZ0c10QEyrT6Pp82wGGzb577mBST6BNEJs6PsSE2rq7LhIe3gXA
2020-10-22T05:51:41.680464948Z 292 LdpuRLNUMpeyml1k2XBrdkTuYRhTtbnWUGmR7g8wy6dRRqEzkFDeVqEwPIyS
2020-10-22T05:51:41.691203825Z 293 HcNEJw8ZcL8bJB00mTXR7rN02VeiOGLDJYmeuGTAHCbrnFwDqsiMpQKHUzt9
2020-10-22T05:51:41.702430540Z 294 18QAVuoAHdLCVWmwnegc3l2KlhDTEGKBGzkXQSnYOmR2qbcv1ECKrfzMA8Rc
2020-10-22T05:51:41.713498003Z 295 u5g9cGzySwMXQH0Z9ZfEDugZeKr6aVmBaawCQi47mduhfOHrZfqJYmXfDuwN
2020-10-22T05:51:41.724321834Z 296 IrDA5HcHnhidPHipOzARa6vfkHHqjPKGzLsJxMEMzELo8bBSWzEcQnqTfPZd
2020-10-22T05:51:41.735858024Z 297 mcUOKWxMxOfrjDiG8tnrqsF3HXYFMimApsgMgUYzFgcq6O8ZeMshOLFlwlGB
2020-10-22T05:51:41.746636108Z 298 P9npo4tUYaPihCmGteQ7UdfyZCVMjMreXObU4lrS73xo93gvrh4lMhT3CrU2
2020-10-22T05:51:41.758214119Z 299 MC0Zq9DPPnZvq4zD9JJCOuM8P84dWnS7ASKj9UVkNFIWs15VoMnoFNKxzYxQ
2020-10-22T05:51:41.768289474Z 300 wC2BJhBL2gjWBLYBra03PI8hAiCig2EQpFmlncXxfSJczaoSSdkHKDgqTILN
2020-10-22T05:51:41.780227167Z 301 GcTJ3HkVxBfPdiecs6i219XQd2jxPnO9mElMUXqfRW6bJm7WLUiwsxGNoC9o
2020-10-22T05:51:41.792172502Z 302 xAghgSO3I9ZFIDnSh4NoBC8MOA47LPOqX5Vc49o7IKdHYRdIoJeqS8VVtodD
2020-10-22T05:51:41.803310582Z 303 odGy5QXiU3IB3VZYOhu66pqmayabftB8HKjyLfwle0sArNyHcZ5y8CdcqYWU
2020-10-22T05:51:41.814814029Z 304 gyl4TyR05LA4TPqJVjApCp4Oz1FwAhxOAiNj3KfuAp5EoHTShsKdgDMWE5e5
2020-10-22T05:51:41.826306600Z 305 L8ccZjczu38ScYRLNPTuOpkvzFYqnZ3E2dY2bpkMN4U7NFWHdMWLbUR9mEnT
2020-10-22T05:51:41.838191208Z 306 UU388kpVRxcrZPnDb6FaWJo0tNuQqx2xf2GBnnCaIayyMABQkoS2VR1mgLaB
2020-10-22T05:51:41.848794925Z 307 NMEr8VNWC0YRDZTI2g89SbeZBzatIrh942jLEDqBG4FmwJMfzWmwZA03czT9
2020-10-22T05:51:41.859709665Z 308 uQPLHyK3ZAF4AMpcvjAHIaWVuKmynzvHYfbPNSQgjBlgKnfsz94BTEsTP1C2
2020-10-22T05:51:41.870732919Z 309 pIivD59wBmtxPf5NZF2TqLprlUczEl7YBWLnZnqxsO1v8rtOdrkw4mpvpvd9
2020-10-22T05:51:41.881402308Z 310 r9gOTXQXDx7rzJDsiL5BPClM6W402WJzPC2teMfXX6RoilFWxiLHXIiuwWVM
2020-10-22T05:51:41.892964157Z 311 0Zcj3AQQaE8lCP552NV4ozBZOV6YYZ9fY6nw0ryF2ADYIJaWjUJAtTSmDxAZ
2020-10-22T05:51:41.903839295Z 312 BjzzNlGsSwFJyCQM0B3peF2uNXh8zhziX3K3ZzQoVd3U7SEc9yMF4a9QeTYj
2020-10-22T05:51:41.914615915Z 313 FYuLPIxWsexChSeHRDgvxmdJ8LHQ3okho87dJok1Gc4DS0xAH7TOM4U26bqL
2020-10-22T05:51:41.925225866Z 314 35FkLmF7js3V9dyNchXCKFKIwqqcol9z4AwtSpKQCuq5ot2tpoeGpNRL2FFi
2020-10-22T05:51:41.936823789Z 315 XveM4i46PQr1vZxjYzTRwEHcy8LnJiKHq9cxtL0Q3yPxGvdGAdDkhQxipyxi
2020-10-22T05:51:41.947487354Z 316 EGUxIAW3IbA1rOaC2Tq4MiE6lXR3Ea16aGPfQrkmPXDBr7GQu1cWepIl3cX5
2020-10-22T05:51:41.958365224Z 317 SMXq1W0tftJniipmc5eQFFjzKTo2Y3AZXPR6OSCHUFIAOLuO6tht18UayxEY
2020-10-22T05:51:41.969581351Z 318 v1UJKlo7sIgrOV7jyr7hyqm4OYlU2Z3Hym64THUOLxqA8f7zotfauIExm2Ji
2020-10-22T05:51:41.981677864Z 319 yA0EsgY9DyITAbwbQuH0AeJD2HLYaLQawqVJEDrn8pPaCmgfpKDgz2KA5qEm
2020-10-22T05:51:41.992297645Z 320 cyaPtZSbpQGQowttlUnWGUGUA7ygueGGnt69eBvu4qM5KihUNTAJLejUrjkY
2020-10-22T05:51:42.003749583Z 321 RisTein8E0oJBYNnCMEMQyNCvjxcezcCrMgt6AxUfo1fAdLdU44qUbyDKnmS
2020-10-22T05:51:42.015022128Z 322 pQUMC7OH5rjZOrLwvsXnEkgwRZIXTV5FYYZXSliPaWczjDtzbD051cbm91LN
2020-10-22T05:51:42.025688421Z 323 zex74zFwBQ1GMhfrTP5PNeiwOPZOWQyZFzSc2yiQBTxByOjFV5OR5qKkbRCq
2020-10-22T05:51:42.037023406Z 324 Y6hUmwAqXtCnQ7A4tp1JmazYtOfogDedPncx6FfVSVE9Hk1OfmzDi8JgMxMo
2020-10-22T05:51:42.047667363Z 325 llnfW7Lm5UVfLC49ToJCRWPBQ9EsW3GNEuGuPF0AmDiuAmGumoo420raozF6
2020-10-22T05:51:42.058443871Z 326 aaJL3SMnVif1iVBNcLQjjyo3HEvU5SPa6VWDXJg8FtufXNlUDHdLTfxMsVMr
2020-10-22T05:51:42.069276424Z 327 FtefcRE3F5CQX27Ev0dNn3rbwD0tNkdtvLnKAvFTwkzdRyVGB5i7KkiUYuqZ
2020-10-22T05:51:42.080709270Z 328 DsCOUSvWDUFipVbliqXKG2sxPrdmsYa37Eo3ZEI6rLZG1jeufQ8UsNVqtVcw
2020-10-22T05:51:42.091733056Z 329 ZOyLDKGdfkUYJKZroNfIgonqKOyWobNwuKRiQc4h9OhgOCZY8LHvDc9P09Sy
2020-10-22T05:51:42.103425045Z 330 RLQEbLtJDGWYygqPpiGrG8DwH5CI9TlyyN2C4pwn8UfGG7aNaTSuUjvGWdSz
2020-10-22T05:51:42.114746722Z 331 18sv0SpwNUnPZWJnV4Q1WIvyqS4jEYQRMy9XFcDnF7aUB9KqdWNSPRRML16n
2020-10-22T05:51:42.125849626Z 332 uQuG7ZAhVnTt4ao1UxIsuG0ipGjnXs1cXkliaNl4RtoXFBrb85uLiPlhJp65
2020-10-22T05:51:42.136195717Z 333 SydZYbaZF0nWqAFr0Nz5b141bPDKGAQTAt0jllWFFtQKAczQhFpAl6gpdNW7
2020-10-22T05:51:42.147529361Z 334 WUTicrFhk0PuWjMucNU6zOozTnfTPDYm8s2YpzZClM26hRgQv1A06Q6lxFoQ
2020-10-22T05:51:42.158407571Z 335 ZmeyAvwHVUyKLX1cGrr3vZ7C9sxJ46yznA79FhiXMZZn9rsmmlp1sIl84z9c
2020-10-22T05:51:42.170116968Z 336 pkBaRzS1Q6oSAiQMBRK0QvGLkkt6ZTK1vqKY7B4F6U7gfjAiFJ9CMuiuIwzf
2020-10-22T05:51:42.182085719Z 337 kUIpnOZrsevHqSXifszZL3LsBWTFi5SngRtKO8VyU5v8vw54OObCSukVJKxT
2020-10-22T05:51:42.193401582Z 338 0Dk5mCI4GVOsAeY9VpjorVzchrMyniu0GDxHQYzgKG4zeCdM2GejMmdA6emJ
2020-10-22T05:51:42.204546365Z 339 IjL6EUPI59AqPElQmGLJHQqdCy7uM9dw52eFIi2BF8QC7j8luN4b7qK2WTZs
2020-10-22T05:51:42.216119275Z 340 CVS9XRoMie8bwTsR9h0w4q3kp57pgikOTgwcUc7aQO1pelPDHzk7TM3bRKp4
2020-10-22T05:51:42.227862000Z 341 C7bH4G2DORqLtBXb1OgXLvdywWUutI4zPWeyDjYRzJt4lHC0BhDO2TG6dyoG
2020-10-22T05:51:42.238539950Z 342 WEonbL3nYq8oMfqtuY1QpjRTpjZapRLEKG1mYZPmX6SPfEcJvGrldXETVbw8
2020-10-22T05:51:42.249849984Z 343 Y5AYrHkfPTt0NY5JtabdPxAALofWyHB9Cca4JOMjx46jeiVppu8cXtie8SCd
2020-10-22T05:51:42.260942376Z 344 DAzsg1aX7moWtEr0F4gAfdpCCg8BUoPrN5uYUn3k9UZqzuDji8Lr4m41jwvj
2020-10-22T05:51:42.272580561Z 345 HrxmZOQGgtjfPyODDkamlLLqn0LaE0FRg4pmqEuNaPC4AwxLlYYBTAwUAYxH
2020-10-22T05:51:42.283839418Z 346 HbBfMnbXYfDCbVfJg5Eu2FVr6MIU93RqfqXjPKaZZKpIrczAY1h9nqIOpvFn
2020-10-22T05:51:42.295272392Z 347 7Dt7qNlO2ltWp6ksmlAiUpzUWq7ggcbqtTNqw56SQ58OVdjnDpkmJ8PYh4o4
2020-10-22T05:51:42.307145247Z 348 jGrSIVZBPLjQqT4NMDS2ycorcJ10MFoYokSyIkEFQXA5Woxo3NucxGOjmwn6
2020-10-22T05:51:42.318645709Z 349 GG9kkdvWPf5ewkh5ytswgm3QD1ysdF7KVAjrHkMZOCcet7YA58emisIkQHfv
2020-10-22T05:51:42.330243864Z 350 08PTQnH2ZrkzbJ4MRXJuhsINrFQgOFRfsHE15lHjNCZbUE4FxLsoxd16WdDG
2020-10-22T05:51:42.341508985Z 351 MjDCcA96fDTHdVHal63S5HgUM8LcVALwqOrzoVBLPqtFPwrbQOlIMxCfTzAw
2020-10-22T05:51:42.353087725Z 352 gka5ZrMWU5pcg8rWG35QMdVvsfpYdkSRHzetJlDF7urRNKw18f5S1srxmnQk
2020-10-22T05:51:42.363792331Z 353 xdm4oCyuPGOlf6A5yXnFBQkkePLtlW6raxMu02qiVlwUneD06PH4weV9aWle
2020-10-22T05:51:42.374750457Z 354 IEVSBAI0ahYxcG87q5h2NtDCS09KsxWmPoOJtYrDRGPmiXx00opfOajQVl4V
2020-10-22T05:51:42.386139411Z 355 bfBEpa1AxugtNcwgtGjklx82NoHHsQz0vsQO9LkiB5q53V24a87v7KT6PgDQ
2020-10-22T05:51:42.396851745Z 356 3Xc7pQm4GfaXHM1VKwEctmEYcbPal6VtcnyWvv7nMLJVOllUpYH9JWjmZWA5
2020-10-22T05:51:42.407691867Z 357 B7y0gv7LgjSEjQMjcQ4uWJ2f6KNRaNZxy3Oq5ZhorBUXTUXhOzcshgnCrylM
2020-10-22T05:51:42.418362667Z 358 dr1jfrC46HH0liyTp5vrWEbG8q0qFbZeqn5RVCOwxJ6edLp2qwDsEEPzg6Mx
2020-10-22T05:51:42.430047307Z 359 rt60xBM4t2lcWoxCf9XYpGSlQHYFgZcCWm7guJdMwpLyAh8GYKyMF6QDbZQf
2020-10-22T05:51:42.440850399Z 360 9W5JtqO4xPsn9BYW5ZlO94GqbfDHQmmdf0XYdvNfuyuzQufhi3eJ4uOvaKyN
2020-10-22T05:51:42.451539205Z 361 u4OEKDPxU6FxdZ05ZeMLdQqUfyGOVwIEcLGpblbArJMvkuYxCklpR7RbrhAV
2020-10-22T05:51:42.462228229Z 362 i59lLIvJsoIzfCl6tGd4TL360PiWEjc13Xoa9xuFQEhHfulkyFDi2txVgEBB
2020-10-22T05:51:42.473590264Z 363 kxmMiq6SUEPkyh8xXGfAdtPzL4lECXH1f6Y0QqgubbS5l2gENkFvVSK24yc8
2020-10-22T05:51:42.485447324Z 364 BOcdTaJhoMrXCAGfcBkntxnsYHgwtgGokcoY4KZY0fx8O617qE21Qty7sysP
2020-10-22T05:51:42.497436910Z 365 scSNtj2hwDeYM3fcRuH6fC80Fquo5DIaDrwPGHAN9h4RZeA3SBo6fSpTSLBo
2020-10-22T05:51:42.509367813Z 366 siTt8GvmTSxPcBRYhdCUUgWTliPoEmxmb6pYYvlgHCQcbmGqs1MiImOpFTP1
2020-10-22T05:51:42.520679091Z 367 iFQMyLUGujZ0aDcOeLREAeY9fWw12i0gglUT0g1mOYQnwFHPD8WI961CvTjD
2020-10-22T05:51:42.531305484Z 368 ZXm1s29kzFV9FRpO7e80QMi98h4SnYwj6vxZl6K8wIh74PwoIsY2JbBcBFE9
2020-10-22T05:51:42.542211777Z 369 q8DvSLBBJmKLJsWSS4IAe23LU4WvAkjDZ6DBzvAJuWTmKh68JORfIdg0kKFl
2020-10-22T05:51:42.553697259Z 370 4Au0ysuElfaVxrBHnfZUrOOQny3BpW8SLJcfVfNiC4OUbNHSeOeXz2HKB4Jq
2020-10-22T05:51:42.564660921Z 371 GaNB37mAEzOg9OlljOajelzCtDIMOLywxS4JVqs3fzrVJIoi47kNA2PqrRXo
2020-10-22T05:51:42.575563646Z 372 kgFB4r2LeHVM3Ni3BAQHcvFYYOq4Zd8vV8doznAqtEdACSaG7lLh0iyHtCOG
2020-10-22T05:51:42.587457049Z 373 5uzH8szFXEfZRBgKKILKwtWeyJACwZMeIUOgmzX4xMDU2sXqXTxZiqAyUwDR
2020-10-22T05:51:42.599172916Z 374 JZLDkk7rIzHzlkPk7E4CMiZXBKtKb3EBgaKrx8q3HD0zP8hH04rvZW8A6o1C
2020-10-22T05:51:42.610331498Z 375 Qyc7ADpb62VhPkLxRknOPoydirJzULYIzjwESgfiw378CwqC3G3xa4u6shvu
2020-10-22T05:51:42.622153596Z 376 PaQIjGZoXytNrur7dicnLmu6CWhDSFQuOYfcMreqyOASCpR8xMOQThPtQ6QX
2020-10-22T05:51:42.633020976Z 377 ao8l8T4BzQVTRkDDsfS4uOgzR7hT56cvrTXqT1UNAJDOd9wNPdJSoAjyuTPj
2020-10-22T05:51:42.644027605Z 378 dUzAefaTUOIv0DWtu6NgFeqR0moyvK6ug21NaOJONqn18h02vShhaOmfH0cQ
2020-10-22T05:51:42.655871491Z 379 c3MODnIBa3jZVrZ4zwQDD5hWriksFWj33aUouAvV9OY1Q5TPPVD64R0F65KG
2020-10-22T05:51:42.666683855Z 380 vARsnvmj2FtdTQwz85bAxGIQjE3QbSRaMhFumF4PDrJo2PRI94Fq1B0aSuKi
2020-10-22T05:51:42.677275413Z 381 Y5qPZNtGD2WrRzT2E005dDNjZa6rjmUc0SdD1Eecy0qnHf3JS5naauxamx3g
2020-10-22T05:51:42.689075020Z 382 5bThXZTikVyF1XigeNp6R8lq27SvLJ9aJKbvvgeOHSa70dxH52QOkMKJNFKh
2020-10-22T05:51:42.700815011Z 383 UA083kEUggD95ScHQ92DIAtUisHCkxRg0ZLW1pBV0a9Ex2LzrY670a33zgXM
2020-10-22T05:51:42.711854457Z 384 jqivso77buOfWxUdCtB2nRXVMHLArZHcZJzGKVSdZO6LdxDJlbG7y3xU6WZG
2020-10-22T05:51:42.722772840Z 385 kOe9EqDMDDqK1yUiAmmk9oTfFnaAlp5D7m5cLGWRmGc84C5QEbZXWPWiKV1O
2020-10-22T05:51:42.733197183Z 386 unvgF8qIAp5fjxi22m7361gtlngzhW7ZNFNqtKC68t6qrpIalQSth0KvDv8H
2020-10-22T05:51:42.744708307Z 387 SlKV0uKrfdF2caonnTcJgPdyJ3BMwbMim7YHcjU6P9LG6662vuR7FOKK7Rdz
2020-10-22T05:51:42.755922408Z 388 evjET2a3gxjvfgW1cDf2TS6om5DhWKRzjo7MOktOxuS5DTF1RpTGOqqdLzQI
2020-10-22T05:51:42.767844273Z 389 KAI3QU9zuRLHrKQkrfEqJzQAIDgCkU1bLsuZiBWsZmr6ytsuUlCTfuaflLF1
2020-10-22T05:51:42.779954140Z 390 vjd9tvDUdC8dgh8ZXdKEtQO5dLEyVZlp2LeBhJV38MANFo6FSh5Hj8Pjcpsd
2020-10-22T05:51:42.792417950Z 391 uDTOIiyOJ1XZPoM6gqVmgtcNXjCv4xJSnQir3XDFUgwbEH4OzTiOSJ9wzTim
2020-10-22T05:51:42.803981657Z 392 vGmmqnjbA2tf2bq050LXwE90vBEAKotuDbM3b7xPNElEBejycqG4xai2ucoJ
2020-10-22T05:51:42.815909564Z 393 dXPQizyGCT6ObiIbDgR7Vff5eC8kIBMZCav7I7Z2ffm83jum8cDZuLJdVDnM
2020-10-22T05:51:42.827831706Z 394 4IfKaBOpJfD62ENxVuiKMyN2jNslQ8bmFN5dUN2a2OSqlzaaMJuNb1tOp2kM
2020-10-22T05:51:42.838454233Z 395 C0cw6hqL9jUwnjjIZultNB2qOzQe4N1AfSGelfWDOjArHcZBGD48lEB8wrUU
2020-10-22T05:51:42.849945639Z 396 Vh9mCArA8jrnCrodtmytTv1N69WNoNcunM5ZLrHfIGQMP3uKjWOEMd1va5Vc
2020-10-22T05:51:42.860739072Z 397 0XacmE5P4wto668D4UTTKANt46lvr0L2M60ygOWD7AlyaWEu6PqPaJZwvmpc
2020-10-22T05:51:42.871840730Z 398 ItpKjs0m1IvZvGLQORO62UnD43aD3ENCFrUDOVozOUzPDecASUvIUJQfz65Q
2020-10-22T05:51:42.883459315Z 399 6ovdqcBvcaJ8DT6UqFPdJFRYYUX1n9g26TcOkd4onULIGvragnvkxN0HCycu
2020-10-22T05:51:42.894910271Z 400 zzyXBmYVcVfQWvfPsdsW36xOn4X9OAZ6lkVK7ouVl2Rxn4ONKfs1gn8YhRna
2020-10-22T05:51:42.905719078Z 401 EGwSrrc6xU9neuPYubQTDlOCtzSSlB64SVjRLFZ6RmqRqFKpFt5Qc3J48Wg1
2020-10-22T05:51:42.916892114Z 402 vmxWQ8Q23Az2iB5Zv617YpI4JswQ5ef8vBD8aFXuV9dF8XNkScQaVVhjrtM7
2020-10-22T05:51:42.928211131Z 403 qKhQ0L0gTrKWufOeLBKIBm4kdio7fT0DUYUN4VV4okLqNWhj10qZwwJ26LFu
2020-10-22T05:51:42.939688836Z 404 Hp7EYgPM9pieTlcl5dAoBxpenAUJvRWjMjBoaoTpDkjEJk031v2GEz6uLjMS
2020-10-22T05:51:42.951000317Z 405 cNIgU4H5xT81kGWoPmB8Q1nidDRWq69PCwZF6kkDzDL0j6ZKWqvewFJjSk5W
2020-10-22T05:51:42.961460224Z 406 zRMCnWrCNTmifL1B29loqIEuw7Pukyt3xruFMRjfnog3hYKJ3g384ZzNhy5V
2020-10-22T05:51:42.973049025Z 407 dRchn3rkRtwyILqVQ5LuokBySyw46AEgmH27gIAlit9bFllMVFXF167bj1bS
2020-10-22T05:51:42.985249503Z 408 7eqE5kj2q5KTa90nBnTPoL20cBA3QlAuEH3qxswsSo4OFjkHLn6PwAz1F8SA
2020-10-22T05:51:42.996466908Z 409 xnrmFkFsqtSpANvH36YgfgDPE6TOt4yqHWzInvWtQ2FgrySgPDrgC2IQtyUQ
2020-10-22T05:51:43.007185898Z 410 LjYWX2N2nJTK1HlxuM7kZeKlAz1QEnIem2aY46VtQebXzAYSeYiXfDyNFl1l
2020-10-22T05:51:43.018817171Z 411 bOLlAL13LbZn256btphQHz6b3ouaOToKa0lNnLT86YiLDHpQQTgZ3nOIMskN
2020-10-22T05:51:43.029076567Z 412 n5IHmbqzQJZ5yQf1n2fvt0vXFrmJHWVQhyU0RdzXXBM8y2WMZFehJ8Bflzac
2020-10-22T05:51:43.040973830Z 413 zSL31O04rmZ5Na9tMiOsuKK1mt3cwbukJPUJzZNphNOifufVLpt2fuzKDcO0
2020-10-22T05:51:43.052199623Z 414 3DXFtSjO7MzHG6dqibkihVkJzy2pvMwnfuMDLldoxcVhZW1nzQjLqW2KHGZr
2020-10-22T05:51:43.063565913Z 415 W6fICLVTDqPEY637JpWzzWpxatkqRsZ9zHIjXM8MK9vStO6DijsrgJdb7loO
2020-10-22T05:51:43.074150250Z 416 hq7dHRtMrKGw1hL00oFgbm7HsTs4sbPpiesgBaSvo9NxJeMguvCHQnxMj89n
2020-10-22T05:51:43.086049481Z 417 4F2k27I5zaViPwqKWxiIh7cmcD2nS6bvPEPJKXmlMwt9GyND3TKw0KhsHHId
2020-10-22T05:51:43.096633020Z 418 wL14DRV21y0Js0ikcBN2jzTo8i0kp4FuaHr0LFNFV9dzZxbSzHUCMzT7SZdj
2020-10-22T05:51:43.107652623Z 419 nV1ULqkJLZx6DMtUQLoATylH0ZERhJC4SBedxJ9I3XsbFk7uKAeq6BrwtCpN
2020-10-22T05:51:43.118374058Z 420 ziw0afrs2DFcmkHfJGBDzZwA1z0YuGAeupgr3bQDyFgTaegFyIghgtlMqaoN
2020-10-22T05:51:43.129391570Z 421 REcfN7dyP5l0LV1kOshRvchOfEFEJgcGY37j333bLaINgOQrsXNhFla3cy7c
2020-10-22T05:51:43.140849162Z 422 yKF95pzrTpmO7bM5PXVsdbQUIkuU3hLoJb8TonUjmR9oRuIwxjXFyA2wEYFC
2020-10-22T05:51:43.151430795Z 423 7PUngtPA0fzvQEjoxl7Nu5lvAGmGSTrcyk0akRAAEnQL32d0w95VeFlpiosm
2020-10-22T05:51:43.162789542Z 424 XhGEg9b6RQGIZe3RfXOtAAWQFLCKt6PHXnCJ8KXoDGTyvZ4OwonxDdjgOb4S
2020-10-22T05:51:43.173618160Z 425 kFejzB0zYJEga5dPpLl2dDDhpMq3yAxdbPkhKqsj1DQvbeCDofFsJbVsQeAA
2020-10-22T05:51:43.184588289Z 426 izLfh65ER0L5i4LkJ6JkFKq0dqJ7WJxuMdFH184gdzwMZHpCfq4UcbQZs0wK
2020-10-22T05:51:43.195333023Z 427 jhkZRIi8OkW85YYP4KaU1VmwMyKmcELVWLO1haK2zMe3HS6jWT1PUTV9n1ko
2020-10-22T05:51:43.206186960Z 428 DGUsDGqaxK9KfDDXy8YnFh5hamnuEcLabLhPIUVOVbwRt7RvfzksUWh3z5zm
2020-10-22T05:51:43.217646194Z 429 eCSMN7UlDR3ZO9GV3MwvK2vRTwamepVa9tCTAAOGtyUm1wipInE5FzD8A5Oe
2020-10-22T05:51:43.228302754Z 430 Rve184r8WI6jqFRbJXITBvpUUHkLxYbOD38WIG0dKgyvOdEQbb7CFUnaWMGi
2020-10-22T05:51:43.240124525Z 431 z2A8wC8gWfAWtfjjdbayaJWDUTLik8IhHy1t6Bjb2NxCNC9zsBmlq1OG7STO
2020-10-22T05:51:43.251899224Z 432 ZT8UJAleq8MSnXqEUiQ44PL14j9xhhJSCvihX3hzEpddx2uyTNPvOFiz5J8b
2020-10-22T05:51:43.262703763Z 433 fn73vi95KO2q6ZH35JJTnzn4UjsunNarnb2wDh3uEOgb1Qi7NvZ5kE2K8Zq7
2020-10-22T05:51:43.273807755Z 434 QqOIsOb3qTGNWBzjKJ1JbYWJGXkj1xxSnPjytOGuteHYA8mdD0HhfSEjUCmp
2020-10-22T05:51:43.285146067Z 435 LOdf7URbVTey9PC4pEtA6Ao1qWdv2Nv0u889WmLSmuAn8EmxLtedgWqJ1mpx
2020-10-22T05:51:43.296940456Z 436 wwyMltcxDAGev8L2aMnOhqQfZHVgJRIphsY2mLMY1aOSKfXwg6BNViUY1mBt
2020-10-22T05:51:43.307885044Z 437 YFHx7NhOSpa5rSehyCGoavrOCb0hJCdoiFUgAkmm8EBce5Vj5FCgYzOLRkJ7
2020-10-22T05:51:43.318473587Z 438 hgZ5OdJUk6IfChSXjmDItFSlKkQJGlwpon7tk2veTU5De1zlibNVfWdUgRoo
2020-10-22T05:51:43.329437761Z 439 3gxtWQmDA4HPfjqtnpqa6kp9H0n9qjOHcgkznzPhrA7ruEKXbwM6iFc58crl
2020-10-22T05:51:43.340741258Z 440 YZoTAN4M5Dx1LgPZclbevkIIVhjIfyaVqbc1BzCGWIwl46VvRFZrr6aQ6TYC
2020-10-22T05:51:43.352240652Z 441 jpDMX62NInc2RMBZhffQKFbSwxpORsLuvLS8WiXhUnLZJgc6e0d4BOpZBPDH
2020-10-22T05:51:43.364132538Z 442 Y6KJDPAi8CsIuOTu8Kf04rFDbF65z1ZbsD3NicSOYH28ZtgwjgEy8nXLkVEB
2020-10-22T05:51:43.374968252Z 443 Wf7Y9PE2YqS4LYEbUxpc85R0x0hTfkkdGoLUzLk2dpIAfTrw5NqdGJK8Gn5a
2020-10-22T05:51:43.386365672Z 444 wuzbVYl8MzHhROXPxN8cX0PtNxJyexqEGmA2bLXyrkK6PD9fa4RTztVZZnJl
2020-10-22T05:51:43.398167811Z 445 Fta1LmrBdGAqUVYs6NQW59kdcx0Qz11fsBkspSxUiopgv4srzlIJXtb7wQl1
2020-10-22T05:51:43.409742893Z 446 sf6da5ibHtGwLrVHrX7Y8eFUc2ubdCpoiwxD69xy1LSgj4vLxVLOWkjYl7jO
2020-10-22T05:51:43.420471880Z 447 0wAunHHYMZzijv62C52lATYe7ypg8k6hfHcOoHawZVAHISLM5GbXg3mMjchI
2020-10-22T05:51:43.432114980Z 448 ZDjRcMxmzZpkt2OLdrZCQVc2lzcoqrMMjO6D5pPu02Kk0saxSi0vGSYRrk0G
2020-10-22T05:51:43.444019478Z 449 DGpEnPu4MnK37zQ9MlLYHoATXYiwkGWhBwsjQmfOh8mOyVurPCJbZDlde5dy
2020-10-22T05:51:43.454611999Z 450 HwhwYdCIZbKz3UWHAhus6OBwBYkFHr9y7ndblfBQgQjbk7yTqEb34b6ZnOLt
2020-10-22T05:51:43.465881806Z 451 15wvFn4YPFHYWCyHahwaaShg4FRy4ccaOBfNbv0N1djUEAGXZ6i2CsFFCVk7
2020-10-22T05:51:43.476304318Z 452 0SoFjIdhV9kAeb8r32065TOceP6vmPKKR0Gez0wCSchmIvDeRH0duM9cAPA6
2020-10-22T05:51:43.487642876Z 453 nWEqjKY8AOOhip2lC41RbbS0jSIdv11aBE8VdnJvyubkuJbhbJvBku33CRbK
2020-10-22T05:51:43.498287003Z 454 O62OhrwHtZDt3hjOb0FoEUQZ1qH7LcRiYYpMP41hlxKSse6XcBrtvqDW11DS
2020-10-22T05:51:43.510227211Z 455 S2KgPeD5OiBsCoPTw6yyF1PUDfVBlq8XWUGv5cuyIDh2ClGNOIsFB4nQEbyl
2020-10-22T05:51:43.521299124Z 456 E62V71ISCqQgr23welLjl2tTbdOhOTPcwzJhfNdA49EUeIFpcVQObjzFx6Hi
2020-10-22T05:51:43.532287592Z 457 Hqkinc6Gxf5j4QQmXuh62UI90skMKnAJA8jsx0XQ5aJObQn77gzOySxu9QEp
2020-10-22T05:51:43.543683268Z 458 JTZwmz377PxUtkntj2DSvVgvkcMEVqKu5lm6WftwE48CuLJuRai6s9d1XExO
2020-10-22T05:51:43.554234197Z 459 ehEDg2cHHpVPJDyQbnUWfVuXKgZuxV1piSdemgZNnqo5VY9Jj73LBecTb3cq
2020-10-22T05:51:43.566337450Z 460 6Ex6jcjZdieyXtOlMZzB6S5V3VbQa3y7ML7GcnhVxkKPkZZKOmnHKHjMeGq7
2020-10-22T05:51:43.578349783Z 461 tIpXCvpmJnWI2s084gIr65eHgIJQROBO144DwkR2JHqyw81jPAPKsuKjVN3W
2020-10-22T05:51:43.589331805Z 462 CRD76Jx370Xbe2ZQGtcAUU9sEtfCMC4M2Nppq4tjDUl57rBSzAOOU9SNCM4u
2020-10-22T05:51:43.600512087Z 463 uFHPX26OoitHBP3M0p3Xotx8yx4xUwINssLDzJtT3Gbr8175OT7ghZOeHA0Y
2020-10-22T05:51:43.611520001Z 464 NxtgjenT16WJIN80W2M7R3x1nzMnN25QCyb4UW4LsWjNakAEM8ee0nUms9jm
2020-10-22T05:51:43.622625054Z 465 h5F2Tp8lDBu6TapnHHyFc9gAbF2M0coMZvjtf9kW01hJbJauxwzmYrtxmyLG
2020-10-22T05:51:43.633682060Z 466 43ZQI6qZM22pqqPvwa903gMYN8ihOeyIXfH44EOiVVH5tSKh7j4TujdlZsfJ
2020-10-22T05:51:43.644209677Z 467 3Jva3mLgpidpwgcJqSWqQEkqUB4m3QUtCJ1EkNhzJvN1YZfQZ6C7TPMYyc7M
2020-10-22T05:51:43.655719720Z 468 r67LuSgpOHiRmnq2jT1US3LWKQn16TuXPdxYshD8GsLBDHPKZpG9WW2DKYb3
2020-10-22T05:51:43.666210918Z 469 UcJEhzoZAl6fDR5G1f5GRKVe8OLWT6UYSuYcF7MWXkej1qc50rQCRuBpzl36
2020-10-22T05:51:43.677476451Z 470 aXTDSs8mu4P0JMlAuV2zuyZOWZp2YiUpqyayMNYhOKP5i8hPnhau2NlGCMmU
2020-10-22T05:51:43.689127929Z 471 yZF5DH3QcXULVpkWCPwjqZtIJBOWO5o8u8tBCfnMpKz1rsaHRYcFrhP3o92Q
2020-10-22T05:51:43.700782588Z 472 GJxmm4eb0siJsF8rdY5jEJasm2J6GEfljk7ReVP3b5v74VM02PO9l1AymHfr
2020-10-22T05:51:43.711355892Z 473 GX2eptfUvueU5TjGQgMOurjVd15GGV8IRuVjlAu5olrIkjd3E7SyMvnV1sXa
2020-10-22T05:51:43.723112083Z 474 sF6T5JCg1rovXdN8HUFjmdmdyEiNqg8tTUgWb8leuYI5AbCinJQBFCFXqrh2
2020-10-22T05:51:43.734711443Z 475 BdSwHKLJVzSPxUcxCJPtpK8EUAzqG8SMZYXUU6jtmW1WkYOxJgt2imJLPWxH
2020-10-22T05:51:43.746151159Z 476 CmGc4lTRZn0DL489a9aam6VORtuUn13KktA7zI8qZmGoeGsyUHvj4NjhrhzO
2020-10-22T05:51:43.757858063Z 477 I4LPaxujxU0xTvije9PPrqfiK9F31sROrro0gk4daieSn6xhmyFGQIX7pC1c
2020-10-22T05:51:43.768802918Z 478 QrhyUx7fRUCVmAL4IgMu8O609W5tjqrmVhRgGWm60mumQPMzfVQjv9IXXDNW
2020-10-22T05:51:43.780868248Z 479 aId2voBSO4m5siO2JcTFlGkuMs0sgdszRXcAbDWPWd5A6VjnvDxnEBJMkEzM
2020-10-22T05:51:43.791643006Z 480 nHfQgosnEQxNRm5Ix0D4lE4oyPia4QqWfWXLyOM0PxpcNJJ00jHH1ORTebW1
2020-10-22T05:51:43.803177888Z 481 cne6C7Tzz5AdGUQcs6vse3w3tSLUXBekO6QBSrcwrUZD4pqNeu5IEZvTFHa1
2020-10-22T05:51:43.814795612Z 482 t0OCpmIfxyvkk0LUTzcPtrpcB1Jua0O4cBNAb06o6BTPUw9pUeQLFlBa0LU5
2020-10-22T05:51:43.826262083Z 483 7bax1fIcgZPLS3udY42DAflus96PcXhViCOLyk6Jmkq3K2hn5bgbMCXDVXWz
2020-10-22T05:51:43.838219913Z 484 1esiNi6sMylQngyTiGL3iyR1klCVoVn7duFumUK81wheUtlT6qA8hfZ81f8u
2020-10-22T05:51:43.852664138Z 485 0ENx2imREJbhlo6oMaS4SbZ1T3ApihrRNHTTn1NJ4x2BuwPidiy6EfVqX4fl
2020-10-22T05:51:43.863740692Z 486 X1CJrMJoNkaIq3MzJrK6btoyopNZRvasFqAxbQiqC9zt0lacYxDq2tAFQjSY
2020-10-22T05:51:43.874972829Z 487 54CbktT6yLA3zhXjrRR3VHJ2wfWf3IMudO95EDoBcjpeptWzxyxH7FeF577U
2020-10-22T05:51:43.886658420Z 488 lnm1UyUYjqiPFhmLLZbbfC9WnsMBLOanGiBjIeb8NaxI0QnMINDD7wJOY7Em
2020-10-22T05:51:43.897475995Z 489 tpjuJElQYyu1t8SYEOsED4Xdw0dAGoBH6HQoGD1aPhV1wo2NgPKMx882Ye5m
2020-10-22T05:51:43.908555749Z 490 iElAdYE5bTTrsvuD6x8wyIS3xsPzPmPxbQxHT70zdgqM2aeuFt2J4ZWy1IYs
2020-10-22T05:51:43.919447734Z 491 G9Z8klBOc7vGKcNeCuL6xZGNXXenqTjHoOPd8huzj5xGMIf1Cr5kHXmUPtbF
2020-10-22T05:51:43.930561752Z 492 vXbmmf7LNDwrnRcouyAzbzedxRiQ4oMiaXpKNva8JYUiDoHzHWMqLOg074io
2020-10-22T05:51:43.941885822Z 493 epBOmw0jQaweERcQHGqOGE0gXkNRbBFNvuWDECdhENFD4ylAdYZ768Di9dzy
2020-10-22T05:51:43.953240635Z 494 1UuMHpZb99phKU3oFSIdJbXxNEgf0850GGAlXMQnrLGqvsoKgsJRb1TEqcWF
2020-10-22T05:51:43.965212629Z 495 Qd1ONrciygZNuvG02ihRoaJOPMxXSUAcejCeNIbGgLDjS5fM0kcFZr90YQzh
2020-10-22T05:51:43.976439425Z 496 mJErZrj0BUybScN4uVTQFObFCpwg9DW9EmHl2HZFeeEKIuUk6Ldf0UKncFPB
2020-10-22T05:51:43.987380856Z 497 N3tT11d093Sw44O2xrTMXHYtLrW26LrmuwCn79aVwD6e1rpclehwl8RfiakE
2020-10-22T05:51:43.999056859Z 498 OdZH4T40ZDumdU23CEx3TmmMV5AKimmcHkYgMaMsOFbPm07J7YtxCTw0xGSa
2020-10-22T05:51:44.010695487Z 499 hUlfCMmZ39IYd4cDgc5bjqf36fcn5dszZ1ACzXP8p64u6NMgxvDj6fMrTb3A
2020-10-22T05:51:44.021578712Z 500 JgJ3MVroh1vt8rk4KDhXJhy61xXnHdnrbl4HNwRiQSqnWWzHxFeOGtWPYf9r
2020-10-22T05:51:44.032267573Z 501 b0hcymgFo88eJpa9jnUxjC2if49BcUOfeXIp66Ach3CJ9himsBLmMyY1auwf
2020-10-22T05:51:44.043456423Z 502 PEIb2VCaefDvYScwoayHosxJvDLB2ntEuBG5wzzU6Shphrn3LbIngWP8o9ah
2020-10-22T05:51:44.054749226Z 503 CGAUiu4ivqRnr9P6y6V69LAcfWfmHept0QUxfNUsU14bIsU4846OjV1ePLPZ
2020-10-22T05:51:44.065836098Z 504 5PL50te3sDnGjGCcE0N2rwUYvRO2TBd7i4TVCRONU2keyXWl1PKTSHObTbgg
2020-10-22T05:51:44.077313823Z 505 imLkwZteL73wen2RRxxE4YePigZF40lLY9l7Gnpy8dfYgxIlFp1xK7V9nCqg
2020-10-22T05:51:44.088673258Z 506 2g9Anj7NduwdDgAsxAtWhkSPRPplJpp63grT2I1m0MeEKwsvAvsgsAjn04bN
2020-10-22T05:51:44.099697563Z 507 GSlMEZ6PaLncDhkAZus86aFiuzRh4PhUpTvXG3mphtOYSXS2KojB0xiSa5wx
2020-10-22T05:51:44.110714749Z 508 n986k2hqunWuJJrFwvwZjLzYPAB00WQTJ9uNjGcqvcE9GOMyFG12O89VAOOi
2020-10-22T05:51:44.122309747Z 509 qbPCSW8DkyeC5IvvyxQd2ybP06znCpJBBnDXJR9XiWWgh9SrdUMnM7gyBg48
2020-10-22T05:51:44.133738266Z 510 plNYtfOeeFES1BaQMo1n9FfixbrUXfV8Kcadk6pQR4iMgNLCXbH5agzrrXb0
2020-10-22T05:51:44.144819600Z 511 V5buuYejV6CwFqYQkGNvvNIKwemhigXba6uiL43i0aQRwTk56C7BZuJ6GlKp
2020-10-22T05:51:44.156153351Z 512 OU4EBCV7h3w0T6gXSuwxenwhECU54sd4qDPcABpE4DC9ZyHR4HWHRJDeU35D
2020-10-22T05:51:44.168293396Z 513 1yHG4wKM4mJqgRVzwfojVo4KerodH0ZKTH5D4kuBFqhF38SGY7C2iAsCVRwi
2020-10-22T05:51:44.179535118Z 514 MiH6zMJW21V7FWMsxKKOVy57MNa3HWjYSZq1Aggui1aN9NGIgQcUuf4S061v
2020-10-22T05:51:44.190811725Z 515 ONxijmQkdhEHCLvs9mkZgePbfjwOWbqv5dwHshtdYuxd0Xj49IoWW2Dcj2z6
2020-10-22T05:51:44.202563402Z 516 hTQB5xT0SsIUiiyWn45ST1AjwhWXzpOWBZ1ka7BlKKvuieetWZ3XjTDJJWwm
2020-10-22T05:51:44.213779030Z 517 Znh6tSPaW6urpn1N4atA0QZ1tpGWdTwa7okZ5xpCYcH8pef44e53A43UTRuW
2020-10-22T05:51:44.224936493Z 518 l3g0HHfwMfpBex5N44QkAgiN6X1BO1MAiYwQFBh5OdvsuPwAMbTNA97JRLRp
2020-10-22T05:51:44.235702727Z 519 d5pFOQeHdbKZhgXsMfEiKeIcwPu1ibuFAuDdYQROo8d1vrRalZKsAOWmLoRa
2020-10-22T05:51:44.246204427Z 520 2aXSu7ToPalVMvx6VJ6wTDucKyHdu8OuAaOWAQueE9oJwWAeQ9JrK8ld97Mj
2020-10-22T05:51:44.257439358Z 521 rlwbwJqOqB95TOIks6qdx13CiodPzfUjinZADwpzXjXr3y5CTITLttjxrS3U
2020-10-22T05:51:44.268611587Z 522 ebxhySzOZ6aRhPTc4sqR9dxXTRY7z8Ez16F2KWVgjvChZPPqsKVspH4xJfEG
2020-10-22T05:51:44.279634837Z 523 z1cMZUijqkRWLHVqUBeaEFzKfyZOMyKBXfR4mPn5bABy5Nx9ya0sCtK1CGmW
2020-10-22T05:51:44.290884967Z 524 YF4HA9uBOQcj3m68g7tc800xkoWgt2d7aKGZCQZcqKmztjeeMAb9wHuHjt08
2020-10-22T05:51:44.301490455Z 525 tTordn8Ha0w65hKTnKNm6cMoOIospdPxYRchcTenWMlGESorTEZ5tSjPuPg7
2020-10-22T05:51:44.312863825Z 526 t8RQL3UXfSEf7FtnCmtiYXTYukQxoJRRqnh6syHdfZWJC0mrjTn5Xjcldiwd
2020-10-22T05:51:44.324246788Z 527 p7gApLFadMLPO7fTY5OTyLbrwq0wD2WNrqU999ID4QomQfBcnrD7bcad6ypa
2020-10-22T05:51:44.335479521Z 528 YTMc3ajWFqcmqKz1a2cRayC5KDUQeArgNQ2glqwN1Iaof4m10ylqfnj7aVUa
2020-10-22T05:51:44.346985583Z 529 atxtB1yUZHH06A1lGhxWAoUvJReDHIMZ6n13Dj7ITkXl7FxkU89V1M6bjBBs
2020-10-22T05:51:44.358710734Z 530 cZBWPw45YMnVrRyYXCHtp7DlcaJtUjJJnE0nnTuEeLFdlGaTseOMJAtmJ59h
2020-10-22T05:51:44.369423920Z 531 o5MIHnbaKpWT9P3ubtXWRDmjMuDQmCizfFyobM5on7a7n7n2w9P3kQ9UYAwt
2020-10-22T05:51:44.380154588Z 532 JRYqQgAKRamKijGVR0LLsVKbffQanU8EF61HdwhFqfQaBjWUyBh1aEXN1ttD
2020-10-22T05:51:44.391323277Z 533 cM4Qaft5xxjP6SvbxiGBoZTTREhOcVafXyChm2TpzvoXjLdJHVlwgqWuQkLK
2020-10-22T05:51:44.402977051Z 534 MYBQ0T0HTeuLH0yz4MXaa7hcZ0ZOZcsg5OX95VUqF7L1xEGShyIkZsVL8v9i
2020-10-22T05:51:44.414515865Z 535 znWD2a2esY0CujzUusz1qDFBF8FbxyIBdjMHdrlYT3wXRrU6MSLGR0K4E2gx
2020-10-22T05:51:44.425809851Z 536 PrtXjjQpkYB6Y0rDJB0iU41WHVt12kzlu327k7A0V8kwRjKAFJlvExbvD5Sg
2020-10-22T05:51:44.436162354Z 537 cMwt9hoSeg35Hd9pGRvGFiijN9C4ZDUWq4a8pxF1Tw7ye0z5EpRo5kevhzfU
2020-10-22T05:51:44.447952140Z 538 jl6uR2QR4gWOxJdIajxLGyziF7RJKIISciQTqPvSTAi93MKC93aET8Be4pm8
2020-10-22T05:51:44.459267298Z 539 HDYFTYDp8Btl9HGIYAyTSKAXBThqmD7gLNGRfeLIYCDQGWv6DQXJ3ojYi6Up
2020-10-22T05:51:44.470859726Z 540 xf5uV7XG64xYu4UPNqzR866S8EStiUExsyiDcVSqBJQLRXPTDpMljMbWw8Ld
2020-10-22T05:51:44.481876250Z 541 Adp2QvfWOuvC3WJgUArw1euF42AJV7gA0HzCDu26WyU2tH1EZLAsDketK8el
2020-10-22T05:51:44.492291652Z 542 v3cuV7KWRzzo6cK0RXqCmfq8nSHgimuSdYB0udLfsswQXYHHmHfVx7hVQ9DH
2020-10-22T05:51:44.503574395Z 543 GaxV0WUKXg11d2FwlAT1KfYH11jDxaxdtYbhj7KXzJ43G7k8yYrbTGCSBup1
2020-10-22T05:51:44.514989080Z 544 kLDM3ker1mQn3iIMfKGNAGSdApuiKMlfEE79986cBV7QAA4FX68nZii0sga5
2020-10-22T05:51:44.526202211Z 545 r6gZApYlKBDJqzUnMdO0JMYUD58YVKMcOleQC3C4Vmfvex92NCwQrGJdcZFB
2020-10-22T05:51:44.537822851Z 546 6VZ0LUcY7ec7NQQNODOSOe6SWyHicrJ9Gb38meC7OETNUzY9kV0iRrM5mg13
2020-10-22T05:51:44.548483599Z 547 MARppimt4exSRnFL1LpmtOI2t7eGWajydleOUe1HVrenwmFs8YyZ7VcNFcBe
2020-10-22T05:51:44.559761867Z 548 1fvJtdzKb38IejODgvn9qtUriP4zX6BdE4EDeGDDipMhFZXD79JEEXLwQ4rh
2020-10-22T05:51:44.570386584Z 549 J0eRkCsea9ywKz3B5k53GZxdxntoKuLzZhvOwB567OXLvpg5dTUkPCXqTwUB
2020-10-22T05:51:44.581401520Z 550 lMHve0sjFIcBwHmvQqQU7f4CbpwxUYBbgT0W5X1OYHiQE6BIUQ8UQO7iyJdI
2020-10-22T05:51:44.592412018Z 551 G9qFr0JMRHnLGcbaIKjSEInAe5agjRiBNndQ4o94iCxYnbtZFKW2VQMpOiUh
2020-10-22T05:51:44.603633047Z 552 N4rgQRNwftKryOWQ0wh0sWWgSBXYHMdvKhE905VTFFAe6JTEnuPA65cGGyHO
2020-10-22T05:51:44.614390223Z 553 8A7Y7o9YFNjoNmgNs2mXvya1nfqDcubOoT29DhSi3qhLKibdP3Vkszo8ewZs
2020-10-22T05:51:44.625906079Z 554 tUp9TbCefog1CBHCkLyuqdzSWafVG1NZ8CCDHNKL2lqMDA0PxVLJ3X56BNZo
2020-10-22T05:51:44.636868231Z 555 nY3ZOIM5zus4CV7BlqLPVRwecd2t30lc14EDut1OR7dSpZwPhMFvny28l1u7
2020-10-22T05:51:44.647407011Z 556 QEytvgZIA7iYnQ5nK76iNsJC8ATinNwZoItuSoFQL2xEjFmfrpEPzXA3BKIf
2020-10-22T05:51:44.658498765Z 557 516kYk3BzG294mOh3ZXPQ2IGTEA6nLMy3PwLyuLmDieYbu1qSnwWPsJkPh00
2020-10-22T05:51:44.669566055Z 558 MiJxKVxG4rBHAH7WnQ5qexZ2c1hhOpVvLxJhIjoaXdwOzsOZ3Qd0yAoXmuXX
2020-10-22T05:51:44.681183823Z 559 VAVgeNlpIYbCrjyPF3uwr7b03ezS8039SXspAhJOqVsSUHV55pxTmHCB02oC
2020-10-22T05:51:44.692622421Z 560 eud69dMzcxXtVKb1muOIPgTFFRnrxRrxnDO4Zp81ePhgSHStn3VwhUWilwYg
2020-10-22T05:51:44.704000870Z 561 v9C8FBRrRjmj2sHgrzbYNmQ0lhSO9Oalavdz0Zb3o608XbqrBVsafZC5ajGo
2020-10-22T05:51:44.714522181Z 562 tlbScKA1C0bR1WV6m4nwPxcwBKaOByeXTtDZzV4VxMUsBzjmMBBfcvWeutQ1
2020-10-22T05:51:44.725637981Z 563 IJvhKqh4LnzpREbMh3RtG5RV9lUQ3V5GkBoJSMGKWImX1kO9g6ubLgN6WErn
2020-10-22T05:51:44.736999800Z 564 GyUndwooZ6Of8WpTjQiukgtCiRt3gEwWCkbE2MoJlLx5dAAPwcYyy7lFUkUa
2020-10-22T05:51:44.747286858Z 565 QOJBQG3tBYlZcUg40kG2TGj3Ich34ObHR8LR4jx5CMiQYPZ1977dWNXG8bLK
2020-10-22T05:51:44.759144011Z 566 fZmAnuL00tDlVjvcPjQxl3ISML2jFYLHSMnWol4B5tnb9jFOig6B6Myd8HC0
2020-10-22T05:51:44.769789133Z 567 UHW1UPYax5wwbFPeKBE6fLOOVzvNXmUO6a9TjTx0jXsidP1AJIhR98X7dcy7
2020-10-22T05:51:44.784459681Z 568 ytkDGqRirgd7rmHD33685615psxVuS7YFcpS4zdrI4tv2JXXnLFumZoXapKJ
2020-10-22T05:51:44.796040023Z 569 Yf2kmCJtJ2x0SCns397YvV6UlIJQbq9xTbt2rxaRjsB73gPOhD80xKBe3g16
2020-10-22T05:51:44.806381960Z 570 5vdAWkDfo3x3wPjbOOHEKtOyUJ3kgjTdroTU2NS6B8Zk3wwlpvDPtbxjMQ3X
2020-10-22T05:51:44.817639555Z 571 5BB5Ij9C7TnE2WttEGzQOFs9oW7HADSXlYXa3hhQOsXGVf0mUy7RFKX6H4b4
2020-10-22T05:51:44.828971292Z 572 AUTjySKegp4Pe7xGr2secjPhVkuD2SMSmoehMPDUboa019ftjHoV5XlUvpHI
2020-10-22T05:51:44.839545039Z 573 px33w2mD7613a8yxOG34hXn98PGvEz4LfA6LeriYKMcm9FzqbGIDS1OS4Lso
2020-10-22T05:51:44.850734827Z 574 wgiF0fVLVQT8eWvdV5S0t7UtQdNAanQw98cYwAKbdL2XhaRYElMqZY3zMLSo
2020-10-22T05:51:44.861271209Z 575 pANW1DKiMjKFWJScsjiWclGe7Lf7PtLInc8MuPT2zzC6Vd2LjEhKAD4jzEoG
2020-10-22T05:51:44.872807479Z 576 8LXGk2cJssd29vqoZ3p9xMbU2b9sDTG7XAxhKFBXUXprknyP7Ak53MNHVPla
2020-10-22T05:51:44.883749495Z 577 xCHm0SMxoZno6yIv4g8jRAfugGjrPmT8LuEt4UMvmrexiVvzyyDueHbBDE3m
2020-10-22T05:51:44.895055496Z 578 8H8tY5lRRiroLPSI1SdqJkwtvZLSMLe6ZedigqK4DAnWSuhJEXxYpIi9y9Qw
2020-10-22T05:51:44.906125135Z 579 MfhtfGnAHkXw6v0zJYuUOXuq0OBGdxMEX6igENWsPumeAlILYbd1x7bLqJv9
2020-10-22T05:51:44.917573354Z 580 ZmtOgQbz7vSMVxgLURwGt0RJX9IlnjYkwfa5wJRnX0kAhaAErP36Ch1mtdxq
2020-10-22T05:51:44.928134443Z 581 9PIIMMkdVB90QBCUa2FpSQSsrAaB53UFxMgqYuWtZS282tDlCnhAtPkRBxr5
2020-10-22T05:51:44.939830475Z 582 VYTXguqSEMfPa6gr45lNn9m0pdKakhQWYHw4WhJJNR0tC0whkjIsHxlBOCQe
2020-10-22T05:51:44.950908927Z 583 5u1Wg9ONQ5vwydGig7Og8lRI6CkJscoZnpDsYAU67yWLORN0NpqZfyE66Agq
2020-10-22T05:51:44.962191230Z 584 9TlJAUm4sPdDhSoxsxoNocD6DtFVUtrNDy2ELsKrImLuQFvFi05sC2ty9JaR
2020-10-22T05:51:44.974194375Z 585 thTrANwKRgucZAZZjxbqDeMHYEhuaLKfhV37mwhl16zF0963ehtZE3QXVkdl
2020-10-22T05:51:44.985826303Z 586 pUnvNccQFsNiuiQRDlGtbFfxzWIKtXSfr9OiiZ4dxB8U0BzDjSxwBgP3cnXp
2020-10-22T05:51:44.996599214Z 587 1mgu5egWWZ1MPlWo06ambTlyR8vkKuJzXk5RNTtllbMtm62qRCJAZKuND28d
2020-10-22T05:51:45.008321677Z 588 efs6pYbRafeXuNZFRKyrgCVrCkMjOundYzUfcCd6vQO9sX40O22vwyD3GAR0
2020-10-22T05:51:45.020029043Z 589 smnUZxhZimdCi5TJHjR6yYVXVYyM4c7ZZymPlOL7lvuQ6U0CpVyViryetf9e
2020-10-22T05:51:45.032415410Z 590 haGJgJWsXxhbCQSJHsuHgRbPMVSudOibAkX7gnarpMhuqpHz8C1Zm3jTggDT
2020-10-22T05:51:45.043207491Z 591 149FYNSDPoyYLKkS0zRSWJlzgEBUDMBcY7ddoTVJue2YyOAxDaVHCOMAWvyH
2020-10-22T05:51:45.054663586Z 592 p3vTD26lYX27FGY3IhueQFwUnWewlhudpP90c5v7XuvNXOrLUmI2juMCjCvI
2020-10-22T05:51:45.065993083Z 593 WUo02QvUMAkWp47kdaGQdsOIAAN7FVaYRirhCSD8fED2sPAPTcZdLW0RznT1
2020-10-22T05:51:45.076366153Z 594 rB7nSymIMBVKPKYylNdlALc4iNKIQfOiDJxDd6zrpPKONm0lCtt7iTmr9IX7
2020-10-22T05:51:45.087456559Z 595 ghsaZ2IrlIcPxRg9Azzuey1mXyPORbw2aKyegVA2tO0b02W5iDB821hoSXGu
2020-10-22T05:51:45.098490388Z 596 OGVZv5rj3e0xJqdbl18M6lCKPRDFpFufHGyJiB9x6zKkAUGaRF03Asc1AN4Y
2020-10-22T05:51:45.109327598Z 597 iqtV4XGrmtDhcena4wdPI3x0KsevcH28DHmXf91vGm1T2d6jkQ2o2a9dafHa
2020-10-22T05:51:45.120083548Z 598 O2NAR28wnb0ORut4jw22zxyHB3HGO1aw16RhBHyh134jEshf4UvRRcBqXSat
2020-10-22T05:51:45.131981040Z 599 taTnTklb7aFvgKpSqXhcqVdkq0T10noqNUpRmVVTwAyVexQeyfsVTudZdVeS
2020-10-22T05:51:45.144028536Z 600 WeRSUyZeXxqSM5IynXzVay6SP0lu6X081MchJHQyPnxuw3AYEobqs3y2afKC
2020-10-22T05:51:45.155018712Z 601 xTDGJGjXTLRqgaMWBqcWSGtc8pgL7AkHOe8MRciXCBWweFFq3wVsUAJgoUka
2020-10-22T05:51:45.166650425Z 602 g75UEiOZiXBGmFo3in7RuJiKu7771gZSJyQzlcUf5A0Nc0yrSm7I11DPvMxv
2020-10-22T05:51:45.177863596Z 603 JwsMV7l0SEkrjr9cLOZ43hPDbag3B1xYCR1HFRxXkuzqOrhWyowYxAGd90RB
2020-10-22T05:51:45.188403678Z 604 pSrewDBcZprey0D0qBkn80iAwrkNemAnVXtjgLVxYbZMfBQMC0Zu7WAa9YXF
2020-10-22T05:51:45.199939553Z 605 X98tS820AjABz8MaEwJRWhPPPruINZTXza3SOt112M3u7w0hS6nwKLB2FbyD
2020-10-22T05:51:45.211142707Z 606 a72hewJtX2htWjMjjbtkNZYhAVi9zAn6rMfLNfuMRYdctbnH3GQwew7X2is2
2020-10-22T05:51:45.222157255Z 607 xI1O7QKcv2r2yrCkdGj5Pw4R6v3TwbOFAS5f2wTVsO6FxeHvTS8fNBMiY3Rg
2020-10-22T05:51:45.234116576Z 608 GZFixjBNLKCIkFymipLalyQIubLSGH86dxKU5UtMtFQikETSLMj6koG6sfFh
2020-10-22T05:51:45.246111370Z 609 HTK8dmM1lJ7u38kyBR06SOhvfKddY3ytBASbMpm8jJN2yMRSm0npGPIgJwtO
2020-10-22T05:51:45.257753521Z 610 I9sX2E8sNMSvk05wc6JTDJCiZy6fzftyad7VZWpd8lnuidtj63FUvdbaPrPY
2020-10-22T05:51:45.268397556Z 611 niKzuXaoXqcIBbZo0eUAUFXno94k2K85Br5zIxwpekAKn5RGhTj8I0nImENk
2020-10-22T05:51:45.279392565Z 612 2bmWN43sTKFyW5at8go4JT7ty52Kr72itKAYuHOXwIMeJoSEARaWRyFbZfrQ
2020-10-22T05:51:45.291468189Z 613 szVTg9ZOF8FGjuu8nIbokWScCK45PnYgL4Y4NXDCUwIO7FErA0u1u2Z1Dd4k
2020-10-22T05:51:45.302585659Z 614 d74ICOmkPx5RoCkdz1XEsVGZmw2zWmgwKlnP2qtKSZruAShUnIvf01uGyKQf
2020-10-22T05:51:45.313238209Z 615 GC6rL3MwZ7sWYdEUfBWUWW59fk22afUr9zncIfOWDd2xUkMdnmjLjA1ZZ4Kb
2020-10-22T05:51:45.324977492Z 616 4kvnUPwTmi2eBQgq8AESWkxPOvCqa9UfHYJnFXbr3iaY9mp3exSIiSJSeQkl
2020-10-22T05:51:45.336826019Z 617 EmznQSmFR3GiQG3Q0YIOxnCmNd7ZQaCBqSep0T5lVjvT90KwqGux27B3b3G2
2020-10-22T05:51:45.348157176Z 618 doBhzy9sFjd8oVu4xMGm273mXqaJWtOG1rsLUiiTjWq9jhtP2Ce0MwNVoS82
2020-10-22T05:51:45.359889653Z 619 HXea0TCHMiQeWu7H53EoXxFBTB6BnHRfotrK1AXUrxOK4g1ZP3HfuYYOo9Ih
2020-10-22T05:51:45.371232330Z 620 568wI2wGC8Qff5hMxbeNqcanZMLTl4oYnCbIPMSE2o4m4D7pA3RUI8Wqx4gU
2020-10-22T05:51:45.383107122Z 621 Z51vrfYBYBMkbDYPhk4QZvI1TZwQ63wmaKBv8rxEsYFvueDuA3CEyRholPBc
2020-10-22T05:51:45.394881543Z 622 YZzRT4SkosdLUFzydBGWH2YTab9L9rzHHRIfaEUxLiMwYDrJfDxMGx29TTb4
2020-10-22T05:51:45.405495852Z 623 LjHQ1S7TkRKuni8ZNbTpM4q4QdpfCT8MJhFYBYAH8itdmMlMt6KNjkQmeStW
2020-10-22T05:51:45.417166305Z 624 htvcCYKPIqpCcCNrId1h0Tan4UvQ8cHdbN89GWo88seu9qIeoKIutDTMxDum
2020-10-22T05:51:45.428986372Z 625 wGsbdJhyCwwP6mOzYUtxuhIEfoMFzAuOEFBZgBWEGzIpnV5rXtHlcuLVJkpe
2020-10-22T05:51:45.439874444Z 626 zEHSpfEsKUgtAm1XIJw9zhMZZIU58h6a0IFhGXGOCqVcrjI4z1W16KgJP1Cl
2020-10-22T05:51:45.450949122Z 627 i0DtvVYt5pLvTTLeHxUdEiD1cjkReSwVKCxIvHX6dYHew0oFF53R6sHkkTLc
2020-10-22T05:51:45.461268891Z 628 RyJGgdNrt2u4vhqWgfmPCHxcOe6nYYE38DMTzOOCTXGbmcoDQff9K3WZoXi1
2020-10-22T05:51:45.472801425Z 629 s89mkfseWdKyZ1mNvpvIQY1Sja3M7eRdxsp7OokURKgqAip105sk2uDHC9BZ
2020-10-22T05:51:45.483586198Z 630 KEwC3nMzOT4kUlJKAwp9pANy6gVuGl4yLCh2FJ8EUPFfnKNL3pDejjC2bIVZ
2020-10-22T05:51:45.495163945Z 631 rFsQ1dq2ntP96z1I7VSgJG5bQjt0k3pXP918kC9Gn3Sfgx4cjhBMDcZQc6QE
2020-10-22T05:51:45.505524496Z 632 PZfJTVc8UKNHkI0o6nfMhi4BeNrnzXY52SkM87DpyzWXWSlTaSfyVs90J7uJ
2020-10-22T05:51:45.516522180Z 633 9zqsBPQ2LVKYRsFhO05RbCIi3GVhT1FQZhIdgO8x72OkYIXIGQYoUAqYvmOh
2020-10-22T05:51:45.527819683Z 634 Q2gr83BxvJL2xpb3ZQzNL6DsCTDgy06L0Qn3YFum2uH8HpGDpwv5I6peYzY6
2020-10-22T05:51:45.538472642Z 635 juBTEhPn5Utwe4knicdOVkzarnNkeHUDuH9kUVZUuSqi2HfTE48g1CXpnILz
2020-10-22T05:51:45.550231856Z 636 TCXJyrGcA88JeWjPDUrA2wegTgKppQngNi0x78JIb22SNG2SF2ReQL0XMkLa
2020-10-22T05:51:45.561966277Z 637 908CjjAkbemp5u0PYs2WgDGGyE9BdsoYcsq6xq5L80ayNYUAcvYOalX5hjgu
2020-10-22T05:51:45.573048809Z 638 zFbQxEv3wTeKiucqqvNeKlRT3QzmZImyy2IGRsWhJqwBNQLeeknZK4htpvwb
2020-10-22T05:51:45.584375794Z 639 OloGcynD81zusRGYIhhewVfeIdi3j5mssrgodv5okJYVZgVMnNbr6EzB2VT7
2020-10-22T05:51:45.595822361Z 640 dTAesryU1HCTMgcpMmVV4cLw6D5xmRr7Cu7z3UPMOLx0CJ9N4WHTXrVokJ8W
2020-10-22T05:51:45.606482156Z 641 XIeOIROZw66tr8ffmgjlbNg0NKblhbY2E3VlmdwyhBsCoNE7SAIhmQFzOpMY
2020-10-22T05:51:45.618312197Z 642 paIxyDZz2JjCzmpJQGhkclyb8XXHfmoCRS4e6qHddDUREukWbzVG9xMfaC3Q
2020-10-22T05:51:45.630192303Z 643 7ckFwZcBpURjH4QK9XJZiszdYluJbP9z6PjEGNlLthEAbz7QMLJXmuFUqngR
2020-10-22T05:51:45.641781509Z 644 mg4gOjXL0NCBsYQW3DRZ5jOKA0wJVQ5bM2pV6IF2wMSiIfEZEAuhRLr0rkD9
2020-10-22T05:51:45.653097796Z 645 8yW4LHALsTPyOEohotXzETegGJLAwrt4y7eTVDl3JHJn6sN54HNKaMm1mmWl
2020-10-22T05:51:45.664747488Z 646 mOee5ngIYnEWI1OqfagnIwfOClrMwId5PjJl5xyYpY9Z6Gf3bJTY7OxYS6st
2020-10-22T05:51:45.675476098Z 647 eQmqqCUvs3OJjGoNdEK6cc6A3t9pOvfkbXVmv9p3lyNwh41n0wYQy4uPRb4T
2020-10-22T05:51:45.686340373Z 648 vJ1BwZ1RVGczRMXxeiDuuM4XhNiqgwhsa2M4ZhHVbJ80Rp2r7SaGxoA4VkaT
2020-10-22T05:51:45.697812965Z 649 qfQt03VCqPfPMgZnohfXFmXlodeViKvd0hjobeTcEsC2D885Cb2I1OKhVyhV
2020-10-22T05:51:45.709110093Z 650 O3sLpvDFqbunZUcPseuGV9lsAADsQ37DYLICZPTutVcw7JINgST3w3r8vrtK
2020-10-22T05:51:45.719954448Z 651 7M50fI6RhD0Q17l46M8OAvFJzh10XHG654VIL6Glr928cUt8bTM3Su5tFam9
2020-10-22T05:51:45.730297484Z 652 sAXv5SazUT9dZ1ToS4lsMfrtxmFIEYvfeo9aKrs1q16bofouJRcChv39Xrwp
2020-10-22T05:51:45.742157397Z 653 NnnnfRLNvon6GoauNGNaBdS5S6sYjP9i3TMflOO04RxMSQUJfB3dDX1z8Kwv
2020-10-22T05:51:45.753491209Z 654 vLoNKej3f3n96O2r1KSouYf0hrVRnLrC3j619QZaU9UaJZ8lH5QrsRH10Em7
2020-10-22T05:51:45.765011250Z 655 KGnjThllxbtkM3Er0XtnW0m7B0uWCudEQNEevsygRwEQke1olsOKRIyhpobN
2020-10-22T05:51:45.777048474Z 656 C8TTaqUD45JnDMLHxptp0dn25gCLyvx9BQ9IfwxcLgcaqbtiOE9EnBGSDA8T
2020-10-22T05:51:45.788468610Z 657 j736aqNbkebbIQLdHDxwrTTZKRAezT6AwXQpOoe05sMiyPiYooMXVdGcGqji
2020-10-22T05:51:45.800105221Z 658 DbxwvhBpIgJMJtL7gx0whQJwflL8PjT4vbeHJqkyIsdK58cA5DRqKuUtFKnw
2020-10-22T05:51:45.810334060Z 659 WFoVdjsJoLgUHnc2pxDbEVj4SuCCIYJfBI8dnsrcANN3vr8e5LLJB5oW8yo2
2020-10-22T05:51:45.821922207Z 660 NwJaoIjI8XRq7dt1WAOk2hRU14NHtzId4g1Gc4yXNbDXEZVjumIdB733THKI
2020-10-22T05:51:45.833265913Z 661 T92flkLQIUdAoz14VmyX93HMmyXAG1uwsRjjZEXL7Iz2zCVi12Qth7TvmRjQ
2020-10-22T05:51:45.844737144Z 662 RzrLZPLFyftG2qhXiH9SNRKOLnboE1YVoBkfQK8m1cNO8UntcSYSfPZdzdq7
2020-10-22T05:51:45.855919120Z 663 9eIlHTqIC5csO9UAbCi7DEA6pv0ucO8w0jSstpnAJWPMsjjt0L9h4LnqtSUY
2020-10-22T05:51:45.866984013Z 664 30lbHejVet3I6U9sto2ClzacyMIKSrBJG4kAK0UN7mh0epFGjPN8vwAMZ4tY
2020-10-22T05:51:45.877969709Z 665 fPerK6D0qpbMTFuVErW1XKSJp7nPmft04CVpHYMu9rzPCHbAgtsJhQElSqSY
2020-10-22T05:51:45.889434095Z 666 fcvzYEj7GmN7rDpjE0FpSaptIP0orOqgONTk3CULXqjEq5upetRfn9u6HxEA
2020-10-22T05:51:45.901120292Z 667 7QFzJ5KXxjI1CGWz7cRq7p9Zol00pq1eelTfhsNOkEbpXLV33M0bmBmH8lsH
2020-10-22T05:51:45.912574312Z 668 fGmODgY1waM12lpPl1Od1jSzvIYTg2GkOGLPqofqcUoXM8cVT9wu5q8rzj4L
2020-10-22T05:51:45.923896220Z 669 tPtxAprOQAFLCPrJy6vLMJJ0t4fgGgKQ5xSDZQ1wYTtIbjRK8dOAC3qNmO6I
2020-10-22T05:51:45.935107730Z 670 mQdfFbfUlefp7qSyVXK13PQ2iB8czdNvg99DMXnI1L4O9zE8rEhzm8wsy9HW
2020-10-22T05:51:45.946797191Z 671 lJHDF1W5w5XuQNhRquDgk4urZ4f7xZ53FzfqVlOLvSC4YZZ5UsxoyITEwVkE
2020-10-22T05:51:45.957477401Z 672 oAwfITLwWUPUgoi3zXamBQ8Y8FXvgGXJ3JtGB2bXRibrxXmfOHykRrloHOnv
2020-10-22T05:51:45.969252228Z 673 69ZQcCNt9eMvvK9tfJyhYPes3zg8Ov1g9wPGzRTV2GSwRQYLNobiXuoHqecD
2020-10-22T05:51:45.980567850Z 674 rP8b67irZjPIOS9LjHtXgFreIgXltl8ljq5gwObQpxRCK35Z8pxc7HaMCap2
2020-10-22T05:51:45.992024282Z 675 lx3qxll3migjXuv5mCFjgHvHmV6NFGf1sJJiIiabBDAGFBQKfL4HppGQ6Ndy
2020-10-22T05:51:46.002307707Z 676 sHAYdPJhpzODsP3DMr0W2Nsd99Va3u6oXDhAK6cL0eXEfixKBwqjQGbcpLSq
2020-10-22T05:51:46.013903614Z 677 bEdA80ypwG9tex28SRwrcRW6U9tnaAfWkAcl6EsB9CvJNM8L7rUwCpLjWfV1
2020-10-22T05:51:46.024499602Z 678 DQbdCBZrjj1z8Z88UQGJCno0tgVU6JNxcHrimxND9FJtpZfnc33ycveMXNsi
2020-10-22T05:51:46.036406538Z 679 LFv538lVjcOXr628cwQRT3pSqq392b9VxKPD5VZEXaznXnARg8aIFm31pRTj
2020-10-22T05:51:46.048201063Z 680 ebLmWVCLuCFYIHtrQ6TXEvICUiSdXkSwLmJaiakzN1Liv7tUU5WV2RZ4zKEX
2020-10-22T05:51:46.059533816Z 681 l4NG6tRDiAmdAYepeBFOdZVmxS8OHlYzxpPamM8ZG3JA8Hma6BIbXgyak3Aa
2020-10-22T05:51:46.070874668Z 682 Cb2Hi0tsLXGeMzyzAANjhrYrQoF8GvNupPC8wz2bdujzOBEYAwFbYXD90YxH
2020-10-22T05:51:46.081716917Z 683 aFglq45MjV3nJ237T1UTEcwADZHMkPiKJimLVC4gGhPrP7pShHNwHvufuNFU
2020-10-22T05:51:46.092434060Z 684 Cl7L81iU2iotgeKK3fEU02WutpSexSqD8fe7GX9ZFlFO6L48tWdQUVrJ7mES
2020-10-22T05:51:46.103392009Z 685 LJi9ogBHlAqcNUhc4AJeNu1BdtOcXiGVYU6msLXND6CmOL4Pi7Ui9hMX8gxf
2020-10-22T05:51:46.114263444Z 686 Q8TopEJu4udEXkpkX6skaaStTnCeLp7Almxns6xgMiGYIO4G8aWRfudAEBHd
2020-10-22T05:51:46.125624206Z 687 6OtCXmKNS46N2uDQluJXbh2YZ5xf9KeM8AGE8QVeY9wCHCFPIr7aUkR5d6jJ
2020-10-22T05:51:46.136979349Z 688 RZHdIV5FIIO94rEkJUfJW3OuMjWgyLdqOVOyztQAM7SoMkxex8YVyt31UDAo
2020-10-22T05:51:46.148022126Z 689 Ln5SaVVC9SiXqghTe5r6AufiZ8NZlL5qWFHV8Fvn4SNdTorYRWBkoxFVQT0G
2020-10-22T05:51:46.158989766Z 690 EF13qqRm1qBN36eIZlGeuImCqDzJ7hKAErFWFcqLuXTOKmEyJlcZS1GHMjT6
2020-10-22T05:51:46.170092516Z 691 i3VtfPz6jhwK8rMsGVGGpEaRYjgMd06qjgMAv1YQYGiUbZWRsnKu66LjDMhL
2020-10-22T05:51:46.181372094Z 692 vIPn9zYoXI72kroiPrjEbW3jPZ1S8I99Vw22U44wAVOmsDxs2eqOjR11GHdk
2020-10-22T05:51:46.192858787Z 693 yhLDgCbAL6MKPvSgfiSgaD67y61chlu93NW9EsJLZ85TYQQFIL7Wa8o1SUKH
2020-10-22T05:51:46.203560227Z 694 YkolhBDxckqdoOxC6Hr59T9gZhDVVrsWeFa6zr9XBNhODudP0GFaXpW3eDzh
2020-10-22T05:51:46.215011587Z 695 9TOVKdsE1i4xNZGeQ3JaaGHXYHYRz7SrfajVLgxeLTPpPjdF3kt4x1LDaI0Y
2020-10-22T05:51:46.226284650Z 696 khxyW8vvlNc5s7UVeRzr6dGUEiV54zicJThs57ucE6mjwENnBYm6TgIoADbS
2020-10-22T05:51:46.238063403Z 697 xHgPZtWdjErNolY3cNDqbsZMnQpaVC9Fg23ojRBI43pLSOYDtHB99FtzpUk8
2020-10-22T05:51:46.249958331Z 698 NqCgsWh3fqhqJ09NhyQO97FMkQq2fE2D02HaWWytAas7rot5kalkQORR0OQp
2020-10-22T05:51:46.261084553Z 699 sUT6QzCvkADMbFVrzItdeg5Y7kHGDHNHNnYJKou75zTUV1wPlUmlf0q9zNJ8
2020-10-22T05:51:46.272966040Z 700 G43qwd02ASguUH7f4gIQ2gwO7HQJMB9Ss2sFW6SFhZP9RITDjefcx2HqAKhl
2020-10-22T05:51:46.283947452Z 701 8cXt8USt7YkOMVhtNOTvLn180y9KWOttJk6Gf0SLUbSGIJwPEDZpmxDBS87K
2020-10-22T05:51:46.294485955Z 702 2XUfIUIV4Wsu6i74s3BsBfZ9y2wLrhIyvaKACutby2XaazgXkhqyJlkmNMQZ
2020-10-22T05:51:46.306658354Z 703 TFp5KL12ycTeSvwEDfhnUpsCOc7LaETlKovCujiG1c8vDsfnnNQqLSehq4pA
2020-10-22T05:51:46.317688195Z 704 zOVNZ0pnMEBX1J9OWjBDwTeJVuu4OAodTMzCN4kCcYPd7ADZO4NLmuprMDxt
2020-10-22T05:51:46.328964371Z 705 T8yFBwUuba8uggrxU0Kd0LfP8xkIaPWyYdlIag16BZD6JFxoYckrwHxpy1qX
2020-10-22T05:51:46.339913488Z 706 lQaiQvOa6GNfzqruMbZmNzQeiQDNPY7ucHlGSjT6q0xYDONPemuiwzxWTJWT
2020-10-22T05:51:46.350479204Z 707 0G3ROtDjmU30stfjlya1iB1admJ09tDJjkymkc7yr2wtgnXmsYSrkv325Iyp
2020-10-22T05:51:46.362429533Z 708 EDumwMEWMk9QxVU2tf6zUV030Una6JBT2TjlF2GWbf0WYujWS34RrZBJb7OT
2020-10-22T05:51:46.373331482Z 709 RQuGf4z3YHiZcYWInJKpnYAZpBF8lk24h0sSUCVFU4V9MeUAGNaOVHdvKvOp
2020-10-22T05:51:46.384280873Z 710 EDgWPCsIlHiycPwFhpRHBAdAOHoJGKVpclbclN8EmnF6vUWKEynfRiIoPoOB
2020-10-22T05:51:46.395361723Z 711 sYRRtloUcmKzy3r0D5PepsvcSP2FGLJnBNWdqidHdBZxhy1uJVQauvzFDphX
2020-10-22T05:51:46.407088969Z 712 jfTKmVheUubx9HNl2l6dVoOjGcccGJzVMKKIRZVZePhV5yX7NrSRSizmXfwA
2020-10-22T05:51:46.418952309Z 713 qHkK4IGyy56bGn99VWMrPsocu1dbeO3uUz2lQQHKjGipRYuY5YCdtjwvsSzR
2020-10-22T05:51:46.430005695Z 714 82vTrRBmLOqyR9utEkHsSOSu9VcRLe4LFoTOIDekcL8XFG4rWqKfIADBeJWy
2020-10-22T05:51:46.441039560Z 715 Ay7WRBS3zIgPLWGKFh5CZ9kFvAlwdj6HkwFqaO8neFVmk4UQIWsv6wRQmnYl
2020-10-22T05:51:46.451767545Z 716 yIw2d5xGfgY4weUSigPB4TIvbjfUlXW6B1kudusOxak8uZ90V6xteQ2sfh3j
2020-10-22T05:51:46.462975695Z 717 VFvPZlyKz4Sp4PCIP64ya4wKhyNfYrcz5LnjxeXxfu1qCT02Xy8t07LenXlH
2020-10-22T05:51:46.474039517Z 718 h1PZNHbIQgrPUMvHhzTKhEMVH1g5CbI44UWSPXWiNvtRCe4TlHPkfDhJWSqA
2020-10-22T05:51:46.484868089Z 719 BMNymBneQPYmpLSLPrFid3boaN7XNlWbHg3BmUmmyItC2B4vi1z34Oxbsv4u
2020-10-22T05:51:46.496277673Z 720 vaNeS7MD0Yg4pZFvFXojHkdWpc3SKT3PIZYpfCsymki4MGvHZUbA9RDclMph
2020-10-22T05:51:46.508111626Z 721 nbwYpK90BbPLmBaLRwAIz5wSOMhubPWqDuujpQWkRkFeAccK3JW6ED3G8aDo
2020-10-22T05:51:46.519068218Z 722 AxyP3tBzFV8uNaKlEdPp5hd3MPXcjlWGW1c1qCemqjgxwyyraLt7y2hm8CNF
2020-10-22T05:51:46.530616755Z 723 eA0YzkYDzZhorxmLrELBmRjg7U7F6fEasxSbT5zHAhskaoyKgx7yTBJkQIzP
2020-10-22T05:51:46.541880828Z 724 Ci7WAnXSEnpZM7bn5vv2PWuATFdJGIxaeW0nJChxUsvAZooxBCCCGX1sceL2
2020-10-22T05:51:46.552463297Z 725 Sx4IBQFq8pxhrhgVK6nF7S3aVzyE8bq4hpwq9te94gI2TPxnycqL4IdP4p2p
2020-10-22T05:51:46.564282709Z 726 Zki8KwXGaKo9rOzBsyBHC67DNIl8CgvD4ZcZtFgjmERIHzq8oitm9E3ALgCO
2020-10-22T05:51:46.575657868Z 727 ULQMYnhj6WVv2GMwhNsDe6Tvn6F6E1CWXribJvTCqYskJIrZkDYo9QRhD5iG
2020-10-22T05:51:46.586172160Z 728 UT1doOQDINlumRzk7Mzf5QGqGQYOGIqQHAhCBxPhzUEcw0nN4gQugcsrTJ4P
2020-10-22T05:51:46.597918296Z 729 VNFITPKOOfyz6W5ufCA1cq1dx0kQ8XXRpAtB2zWluxsyyn8LvjIjx9WCRin4
2020-10-22T05:51:46.608470244Z 730 S1b1UvQG5bvbMvUkoisAYI00oBrTVTG7YUF2UhjrzndQMPoZLUsrmCFfDAZT
2020-10-22T05:51:46.620354611Z 731 h16dL3lnG3qsw6Sue9728o56Yv0zhZUcd3Ac5zQhT9902vT2Su3d2qzmWRfg
2020-10-22T05:51:46.632043033Z 732 itlgniPzfh4q6rZUunCMxnlUTgjCFR4A6B33GLrQQoCTWX1tbCpYiHjvm67S
2020-10-22T05:51:46.642661196Z 733 FJ0YaXoNjmNLORH9fDEdlDPbhsOnZGbhjKy30ggJTgMtLNv0m8KwbqVZBepj
2020-10-22T05:51:46.660338684Z 734 TO6huUcGES7THgiy6C15kWdwmLiJxp6JUJtkqE5uSzRUpchG6Gnbsr3d1yQl
2020-10-22T05:51:46.671940052Z 735 IYKhzTikDyvbiMPttLYthUMLdTZNG5uhrQItxTkKkz5Arbj0WYFJ2kOvySkS
2020-10-22T05:51:46.682433191Z 736 FyX15prQEPQREj8xqIsKgRCSvcoJNot3W9BQ143lPuMXPHFjOjIWNIUyDXCD
2020-10-22T05:51:46.693790409Z 737 q7t8PUBel8aTcMGH8ROOaOweg2UHvx1gy1Ia6omLM9wouqcLWxgRnoVRvtLA
2020-10-22T05:51:46.705309073Z 738 m8N6tp94QxDBIEkufyZJB63PSVRBAPRZVCXVZtCRu4JwKprc4o3higxSG1zd
2020-10-22T05:51:46.717713785Z 739 jxElJGLoVnkQUPsZfX6B6sMP0X7n6oclVJcYkdfI5xvsOPEnJT9t9rkVKhkR
2020-10-22T05:51:46.727849941Z 740 5x9ThrWfOE0pYNV7l02Lroj6kVWxxk5z7Q1aV7IY9eqkaCsIUnMymRYfDHdr
2020-10-22T05:51:46.738817938Z 741 j0pTijGlwcX2DKG13ytPC0mnvze9hfkxRx6y9EQ0kloNmVfJyMV8meq55cqP
2020-10-22T05:51:46.749396814Z 742 kEWpfEBRKR4KVzHJLGHT4rP2AAHhIWkZccsoVpIC1hfXZSY75FHN8ANJnrVQ
2020-10-22T05:51:46.761227622Z 743 aJPJBjYpxjBpVAKiZof8Vum9XeRVE2I2a54f5rM7A0wtyHZipMUlYjFjBZXO
2020-10-22T05:51:46.773088244Z 744 cwUmFhcAWVi9uzkx0DpL6fm5zsWR1nLtpdiH37IUVovdROhEFJznCjyaKuAX
2020-10-22T05:51:46.783720907Z 745 gDGz16tjBkDQSrvH5jWCk2upiyrJCkxHYdaPFkOYMJC9XsFv7FO6MUeT7oIE
2020-10-22T05:51:46.794854794Z 746 z1PP3QpdZRBKUtNxkROlKwfB0tk5beNUeJTkxs4Ib37q6eIdtlWGVEfDCXw5
2020-10-22T05:51:46.805857140Z 747 MG0MCU8AYJIWHeGKpA0JHe0KojBLhb2AWAQXzRztZkQ34KtmUm4K1qQNdoLV
2020-10-22T05:51:46.816445238Z 748 QJP34J37q8nPBbBq0RHIs2N932A0Djk4EZRLxvFAmVnyXvm2GoScPMGHsHuq
2020-10-22T05:51:46.827851181Z 749 CWwLRU6Q87jO7PwXN7kEVdDxHyhB9TnTtUcV6y4EGfL0CGgS6iV9uQQxl1QJ
2020-10-22T05:51:46.839248276Z 750 1Ztx0zCrpCKcHDADrX2DkwLnj0XMcnCeGwKwlcdeWQ50GcGDWX5e39qtSk61
2020-10-22T05:51:46.850452509Z 751 cdZSEdbD7uJKekHykIlNZ6CXbB0wU5LicBL18PCIIUDMNs1EgHedJl5mCKGZ
2020-10-22T05:51:46.861249342Z 752 3gxqWNyI7DXtHQzZ5swG1h2YquEdlL2QLyugexe401wZUlzEgHq6uF7jSBt8
2020-10-22T05:51:46.872514112Z 753 7qKmINqBvqeb5w58q79q9c7FrWiQqvQX1QIGpLqnY0YsyRFd4lzMUiu9wtg4
2020-10-22T05:51:46.884082705Z 754 GTn4px8J3ILbQsMaD5ZTFmMQOjgUunr7UvU0Ycbifi9pRaSJoB4yk6pGZW4u
2020-10-22T05:51:46.896150154Z 755 jFLjAHTeyysuRA1FHq2L1BpHsaAm1AVQbqw4imeC4c6euteBq87WtRYDYoP1
2020-10-22T05:51:46.907811926Z 756 H7tLY2YSQwGHUoHfFjEEBMJYrd1jjuloXN1ws7Qqq3VsXJqoo3DZMPi7R7Wz
2020-10-22T05:51:46.918802913Z 757 YonzXDa9I3dg8Cv1LenAt3PFuQo2EOIEBC7YZTPteDDLZo80wzw0WR39v5wD
2020-10-22T05:51:46.929108288Z 758 6uWZLyKGjMY5BSDWQeApNSRVtMBClyQ2R9y8JooRdganP5LgyYA09jsr6rnz
2020-10-22T05:51:46.940603419Z 759 BymAQRpir54BCvKOdKvw0hZ9RdUHmGLgmtBsr4jqv2GQnumyHrARnLEyQlK4
2020-10-22T05:51:46.951339324Z 760 oVT6M3RpuFFeL5h1Kpo3ezfQNamgckT8PKF2HxwfTYuPVDHaHYaCc7pvOeVy
2020-10-22T05:51:46.963101467Z 761 bWON8HWbO1Xrbvhm0FWNz0kqXmdZh3h1cQuPyKNc8Yy8UQnthaZhLsnqLzWH
2020-10-22T05:51:46.974642153Z 762 tlTszWCnwOEO8nC3B4xl4IRMccRSwgxaAOIEhm1le6DmmuZ6Wzbfovbd3Lz8
2020-10-22T05:51:46.985348709Z 763 dbqwHaCzNIZKs1tD7YDlGre8zPfx6VuSIHlqgvbwOS84arivZGPBtGfbPCfd
2020-10-22T05:51:46.996865764Z 764 4tyzt7aBQ96wWI3wE4n4oglVwvwy4t5eX6LbWMSdOYa3oeTm3jd4Kn4gB0Gi
2020-10-22T05:51:47.008088506Z 765 s8gFiFRz7pemPIUHQaZrk0PB8xd6qbooh9WZaqEiVdgAwMo8dnvXwnzXAAQQ
2020-10-22T05:51:47.019639833Z 766 HpGFSrU1DEuYnAy2RpeQpN4BCWIgbERKy0sHcHLymPACSlIq14pPrPkovdS6
2020-10-22T05:51:47.030534152Z 767 C5cycxkoSej3PQGHAUGEEAD7WeF9NFGmvCorXpmzaJopFTY2ttCdygQAbacY
2020-10-22T05:51:47.041404073Z 768 W1GrOQvruaYIdx7H32iesBa386zKq9EHEBp1mN42TQjPoOxZJQ0soLURRjXo
2020-10-22T05:51:47.053202553Z 769 jcj6tlHI5OZ0q4w4fbnGtyqeTRru5bDC41X9q6QkupfOQ0ZwoIhom1Y57Obk
2020-10-22T05:51:47.064150913Z 770 gnMzG3basFayxKQqnf9myn0bQ3B1BrpRCf6xpry0pRZM4cjRwHemDAepiY45
2020-10-22T05:51:47.075300582Z 771 9yPSwFtC5ad5QyaeD9LAWUXbFUE4IdNwkmXRISw3KnaAmHP5qwqZuP0GyHgd
2020-10-22T05:51:47.086651219Z 772 nyg0SRgfnKUU86Z1yTUAXUgV2vdKlzQtq78R4mUHR9wxOnZvcI5ZpGsRDakH
2020-10-22T05:51:47.097574897Z 773 iZgg4FNrvgSHF2MUbfsoz4TEZDUz3iSlBF9Swl0pq1gCEoS5QTJ7KKgKoKHR
2020-10-22T05:51:47.108527290Z 774 NASCTz5aO1bCCQIzVLzsS5szrVS9p6q0sXNvqkKtsGz9zSmsbtafZLxVpU1e
2020-10-22T05:51:47.123311988Z 775 KZKqgJDOLI6394tBoyuftyNCUtQs9LcIUMWRNCNk3fjuryNVcgfr466NaZdW
2020-10-22T05:51:47.131041109Z 776 jCo68CcIJOdBV59o0r7L8OZBgXpw757p4i7dzYyT5SEnDEEXfuvk55J3KufJ
2020-10-22T05:51:47.142590922Z 777 LBSezWgHgCCZsoSekhYDeAc8VifgRyPIgwiwyQYYSnpVAegKMDMkLXhyRV1I
2020-10-22T05:51:47.154141399Z 778 GCWF1JGOwMtbWEKFxJ0DehxFROggKKOPqsGfeuGK4wR3fVGP7MFcvct8TyqU
2020-10-22T05:51:47.165388359Z 779 u2J5OITyZCFBZVEiv4jwDnrTdHQb4UoDjAgGC941VZSmBnctuUrt1p8kuBD8
2020-10-22T05:51:47.176563912Z 780 daGOqexEodCHDaUA5tBi1PgBntuV6hgtMlvd5gut26pKZSPgmlEyEhYp5kdB
2020-10-22T05:51:47.187562050Z 781 wY4nv6XMa9RTjTxkf2rwJYblYaFljqIJqa9SOGTlNjLmxqMF8NHhPtR8BCim
2020-10-22T05:51:47.198903768Z 782 UYIVMYqagWcUlZq692Hbt35rPC1nYLPGwJTR0nOZ8n390tVY032ofOLfmueM
2020-10-22T05:51:47.210854657Z 783 Wq1Jq0dI71k4lbxpydUFxzzQVaawBY5boJ8SxuB07o3bWz8B3mVtU72YUwR1
2020-10-22T05:51:47.221262266Z 784 UKz6QFp7Vhm5IYAzbSsBm96Ce4x9DgvVwrcSFhUrQmguVVejgVT4tq6bgDTP
2020-10-22T05:51:47.233023250Z 785 iTsvsq3HBgXuvzMdydzkcTkYzGrwSuI0ccALKKawh4K6tpjYZJHzRZKnOMmU
2020-10-22T05:51:47.244920427Z 786 FuCv1FS1ckYGFmpc5GACRWasi1DxzbDbJBYX4iEsew6a1DypxLtsPKZJyHOg
2020-10-22T05:51:47.255958757Z 787 B1oPLVlV7rBK7gOn2LFHEY0GChlAed9g7Fp1jsJaBOUVPtuDyxfopuV70iVF
2020-10-22T05:51:47.267068662Z 788 qnpeQRuxm9GWzf15obzTbdgJSFCP9BznVqHP1LlAz0mvwD1uXEwgVj88YQlm
2020-10-22T05:51:47.278311731Z 789 RJ7gdn1hMFpVPBtBOcKbSKWrWBa4Gnw19PDeJjSYHMXTfBqOjSL2nYMvj6Z5
2020-10-22T05:51:47.289797332Z 790 EGeERFpBWzd5xomuw6TrIfn5J1sk7QCE3lrf4Q70Z5mZJrHgbaBT0Pb5589a
2020-10-22T05:51:47.301117613Z 791 B9XJ3ToE5IB6eEzucVyLtmmT9Gg1ftkqLt4Xt4RnivFBLBRDeqMpMSFvPR1W
2020-10-22T05:51:47.312296951Z 792 ZkSG9ns32D2vBVNqyS1fNxF50tg35H2k1zHaj7QzwImvpPbnzGTjj8pKvvf4
2020-10-22T05:51:47.323868476Z 793 rTjrBTfJElX9w9Y2SnAM3pKk23EWZ4ngN1mpHrzaZPbeNVRWAySfSKAzsLMI
2020-10-22T05:51:47.335272319Z 794 O0l8BOmOqY1zSrOD4HbFkQI8KxMjrmmBNrePf2oM38fahYaZz1PBYecnSYK3
2020-10-22T05:51:47.346790623Z 795 MFKyQMvIEJmwb9ZSOUi6PHHDCiAvzDY1d4b0yKNt7QtabnUakkv2gJ6WDpWi
2020-10-22T05:51:47.357327136Z 796 HmGt6kuud4jeDmiMJlRNGaw0OMrd37BBBMW5NSIjtRR9VXvtZ3UnuYunlThh
2020-10-22T05:51:47.368936446Z 797 O5HuOZ8Ss0EG1TFoxfc1Mxs1fJ3UM4sxxsIl90Ctwi2tZfBV9y12Nc9skV5S
2020-10-22T05:51:47.380042012Z 798 13llMAdNFKeYKUsYzexQv5YuQn9WWC0CxqBQ8wIIwKIDtW1co7FZbc5qEq6K
2020-10-22T05:51:47.391308732Z 799 EyH6jvphyDj0spMnUWr5y5raqsJ2B7KBAKhZXlAOU3ZfKQfk1Bba6OMy56Ed
2020-10-22T05:51:47.403049197Z 800 zZrj8ztaa94hv08KG6MTN2Iy5fkonD36jWNuDgGzCDqixnHOztcjzXtkATNs
2020-10-22T05:51:47.414840935Z 801 gnjl9EprAnoRUNCgjzR1IkpnUDm0TvI02Uxa1ClLD9eCk1wrD11iEm8iWFYN
2020-10-22T05:51:47.425442135Z 802 TJsuB8WL5zowU6Mz0BTkEqhxTTTNWPnYQnQqAJ2f9iZuyvlf8bTJuh87mEKT
2020-10-22T05:51:47.436990575Z 803 ley8oN4l92hPonKrhQ5cHGry1k0U6aflLcTSPLFHzf1mU92gEIgxFipYj66U
2020-10-22T05:51:47.447719724Z 804 0IPDcZQC54BNUqhR6gmiXVEK0eungkabmgoHmC0gKLNtmnkEURtYilQwWIA2
2020-10-22T05:51:47.458196269Z 805 pefQvvKuF3uqu1sMu4FPkMddiZivT0E6G40JawnKa66FTMHnqoQXD2zelDUp
2020-10-22T05:51:47.469459062Z 806 5rhWnDn4iSKB9xAgsiCIPxC4en274Bma2kssmB7e91MGADmiDIcTw1m7mRIG
2020-10-22T05:51:47.480742563Z 807 caU6v9SCI6ujQY7Z18XWtwlDVPnmwHJhAhHlodHZtyhmNSLszLPbzsg5xOlR
2020-10-22T05:51:47.491783557Z 808 kPM4tQRbu3dVi8MstFxS1UoeoEsisQOXaTQmIQR4wsfv6KxCTnJS1algzD2W
2020-10-22T05:51:47.502495107Z 809 LlzcJdP3TjoFNrKMfd4a4hc4VuzNreg4QWA21ffhHMqG0CPoUtbszJYCmtPY
2020-10-22T05:51:47.514148149Z 810 94W0JHcRBhEwUfbi8RIf5a6X2suKp6OkMAyKxHBGEJ9guSZp35SsitPOflPa
2020-10-22T05:51:47.524674816Z 811 fCHNnluDqoSVg4QIm8ymlLFvYts4GOLXBw83ItWUpDgcRsNrStMqLtMiXNkM
2020-10-22T05:51:47.535790689Z 812 5gvKjoR8X06pfUoZYnOmsb1l3icx4Yuxcmrgcip9kScfPMHmtdBzdPckZjAL
2020-10-22T05:51:47.546991283Z 813 8oSKB5xXDmGC39CZFqXPEJu3D1vFGz0JpWMAzT84cw2TY3maH9HvqtV9joqN
2020-10-22T05:51:47.558218401Z 814 LSmZeCcB6reFpoZtYOfOmqkFwbqFSURv3lirUEipmtVOEVNow8XhVRh7LUnG
2020-10-22T05:51:47.570203856Z 815 5dYFxZ8jWoLVKgaS1bjUqvlC2Au8fmhnwnR8NMAArgXeet9dxpas486x8Uf9
2020-10-22T05:51:47.581869057Z 816 XpEXSJrr8nAiBFgV6JEbQVScfors4KwGhVJoHgLnwpefjg3q9IJr5zeVyuPq
2020-10-22T05:51:47.592808226Z 817 gZDj9ZA3PrumPnI4aVKwMEjNHe30Z1lVLbhkBQD8Oh3CtPebuOKPDWWJlZ5M
2020-10-22T05:51:47.604154344Z 818 oYrtiqD68tS2W0kUR8TuzrEki44dxL6O2EF2vGJ3dvJghRJ0KAddYPUvudFx
2020-10-22T05:51:47.615727037Z 819 lxP0YBgFcoTNQZBPpS4PDgR8L5jenEL7smoA24ehJ2ee5sPtJ1GJJEeHWMeF
2020-10-22T05:51:47.627168772Z 820 dgKoWUmTWL3LyruLw4BHAVbpsQEhIGKLvZzPg50FQGfPMrx0ggOPOB4FDQee
2020-10-22T05:51:47.638826272Z 821 FMouqN43mRjpCqpKUAMts2pLw1xSAgSGCv8uni6rMAS2rzcVCESnnVKaVydJ
2020-10-22T05:51:47.649402389Z 822 PNAxCufvxRTidLJuHBqpzfGPNL84VLUdjOSxgODrdOgmFlx2uRMCtDDd1YqH
2020-10-22T05:51:47.660318120Z 823 kCFbMHJkZvY6AlaeQAE5ggGbLrEo5CrU4Ossx3uSGjFyGNoAKElzce17SYJ6
2020-10-22T05:51:47.671815585Z 824 Ma0KtXVGF8BoDEHAlAJPiETkircH33LnyQWGoqcdfw4id1PhuYlM2wLo0Vgz
2020-10-22T05:51:47.682466301Z 825 PeUnCgdLC6gPniGPk3MGqEGUhMl0oFbQ1vyelRDiV3L5MbU7qjeGYkuPogLy
2020-10-22T05:51:47.693857512Z 826 LRfHX0MaVm2OlFBWMrT13Jxo4qWEcTmkiY6cWNqbdnglsXYt4BqZXA3rbXFc
2020-10-22T05:51:47.704921737Z 827 xW7BSDADO7lMlChLJMowEnQ4k95Gqqn1fFASCVoxjmljKiAapYKhRCOmg1eQ
2020-10-22T05:51:47.715800789Z 828 vCHIM3vLx482ovcrGjLUdZhxGpCdepil2P1O3qsxRBjeM6tEQ6APDakgi5cE
2020-10-22T05:51:47.727987799Z 829 ceUeHgIkA6YCaR3SYuGDnlwgYETjHTYGUAERUzcpAVEyJs9xqGBBo18P2A4U
2020-10-22T05:51:47.738816789Z 830 eS1cmV5U5tJwFM2mHf98yj9LSWG2wnBPhUyOngEm2H3mhnRXDyD58JM49LtG
2020-10-22T05:51:47.750541122Z 831 VG9NwzYizKqeQV1s0iU7ZLPtFjDyPSzNYC4P7crdN3DIi0wWCvrPAtXVvoRJ
2020-10-22T05:51:47.761328086Z 832 JiJk28OPIJ6WKjjPy9DUp629vLQFFm0vHtacnAT8WV2VLuoLKC6BYP6QqTlz
2020-10-22T05:51:47.772418593Z 833 2zOvrPvYC7PJUn4SQYpyqUtTDa2ps1nBUFjIPTx5YZbJ3VXNV8eV9H7dgSDu
2020-10-22T05:51:47.783567117Z 834 RDaOFNGNEWEHZFJwiGX8BUrQzKah7NzhudC4TqfJdwAkoBGIEI2rGGHjAyJh
2020-10-22T05:51:47.794632316Z 835 k6Li3K5d2vpL7RXvV5eiHsMQevlbQ30ueszOmpMEEYxShQuO9uCpD6dFrJvd
2020-10-22T05:51:47.805372856Z 836 gKSqenu8ocBsc1gs4SMo7h9UrTDDOfc4NWz298Z4NGUvmTwk6vDbNFPTW4iP
2020-10-22T05:51:47.816703944Z 837 BTD8mhqFTKHQreckpPq3RU7Sv2mJhdLzEoOekR0ahCCOyecHS0qk6cOYZbb6
2020-10-22T05:51:47.827921135Z 838 xmRWXkxecA3rtIPl3UrRWYeFvCfBSWq3T4JGCmF563qZGbjIKSD44ATB8tF6
2020-10-22T05:51:47.838507120Z 839 PgjEIxijSlYWSAyZNjU0kpJJhhhDdhLnSqRkVxNrl4jWY8L6OfFxopiEOJ0y
2020-10-22T05:51:47.850151844Z 840 zgXjMby6DMm8wLgr69PN3Cw4VJmVWNUldvTw6ttbTcvEljk5OL05GqOpPboZ
2020-10-22T05:51:47.860994145Z 841 KQ0huLmYKL86ON6qDlor0DQGywPCA5TYvDozwTgbNDTvJM6Ed6o2KOOq0oH6
2020-10-22T05:51:47.872476618Z 842 9KNNFaCpsIfVmk0OHt6fyosbIxYMWqYuuJ6pOgmXRG2UieQZvQXD0pDd3mjV
2020-10-22T05:51:47.883978045Z 843 2eSNThWdpUrxxDNBWqlnsfyMZQwLy0nTUOal8Pv8z2n5XLkoyqVSnXYJNiYq
2020-10-22T05:51:47.894864172Z 844 Qs2Cf9KiYE7EzH89QBy1Cjhbxv2Tv1FRlhVgTaKOmKryVj7M5eR8M5XfXehE
2020-10-22T05:51:47.905900649Z 845 BQcng7gTgniXkAXadASm0shASGH5zmXKPl39Ebb9hhKs6u4lKllDUlDIyJpV
2020-10-22T05:51:47.916650335Z 846 GWxDHiNQ8cFVTyJ8CgzGkUg3EXvK01qtWs8pcAkyQNI1JIsBARV6URAqRQ48
2020-10-22T05:51:47.927723754Z 847 qEYxNvBHvESSqs6lNCepfMSSFzwC1kiUIquq9zyiZElPJ6wLPwYkAXzQEPOx
2020-10-22T05:51:47.938471705Z 848 0rRfm9CAlhZiTTK4e4wt9kxtadLFw8soyxC9jfj4bdfdbznOfzTsmy2n3NBe
2020-10-22T05:51:47.949528219Z 849 egBq5wKBfyVFP7Osyg554cFk870cwo9JSrOzKcFKQsGC8qk1tgpW8Ic1OfvA
2020-10-22T05:51:47.961269387Z 850 yIjbnQYE1vx1ofYNqVxbAS06jLzQRNCLuEdyHt2V3Jx9L7zCdHAN77hPJ9eD
2020-10-22T05:51:47.973018310Z 851 3baDWd5JkaZgt8AWcq7onOOj4LeKvuKThhh3xKAd4j2LBsRMgmoLB0mc2tbX
2020-10-22T05:51:47.984282848Z 852 g9X75EYgOuOc58KefYgnUpmszDx779KZK5nuihJjgdZRZtVfPOnOoC2Pv6Fd
2020-10-22T05:51:47.994780747Z 853 blS0KULN7OXrKH0ndeuOqBXkQOTdQGjBZuzHAawBwIRFNmtUEWQb1kPKf9Po
2020-10-22T05:51:48.005738876Z 854 zFYdsXv9LOzQnfiK4g41oNAwVENOQHRe9EfPAzBHCgxNvZggmwzJkMHJbGW7
2020-10-22T05:51:48.016973849Z 855 Z601TYPTRWMM6M1HTM273ks7RdkfLQ3wphuzhPbeMjQVl43tS9vHwWvSrBAr
2020-10-22T05:51:48.027865501Z 856 Pogl8y8zFgdsHm4uwQ62OPSjnOuRtnVFaxjy3xeex8ymWsU1RLmtXTu6U2Fw
2020-10-22T05:51:48.039177969Z 857 G878P0kaYwCxwpo7zPU99cGP5IoVYmJHDYBZk0xOpvRFsPoTdx5il7Fc5hvN
2020-10-22T05:51:48.050983668Z 858 JEKxCJU87p5ZVUeWMmeCOV3G5JVOMkZC8BDwKttoRQtNMeUGpYM26t4iGC6z
2020-10-22T05:51:48.061310295Z 859 Rx04CBovrzM7HJLks1PLhSXo28Wc6BMmZvBZxtubOxfdFERr86cZLttQZchs
2020-10-22T05:51:48.072807852Z 860 8Vp9jBUBtTSC2kkhNwegENQxifReiBorVTmAFs5Vb0FLfCJdWpY1hsqyEzZn
2020-10-22T05:51:48.083353426Z 861 as6PzOCJv4oS5oD6OgySigAogIny2ZJrq2BaazpQV3oHSUp4FP7AWzlryxk4
2020-10-22T05:51:48.095153696Z 862 iIFmKmmSkM7TmABUhOJxerxQ3aev10sAEAmTeguSzpV1vX7yaTi3g51Djagz
2020-10-22T05:51:48.106109315Z 863 Nd898O393inecZBk80qJZPuK3cxdZWhF1IcH7mwT8ouhbWVAHOYerO54OTHk
2020-10-22T05:51:48.117653307Z 864 BUB8YD2NhtjyR8x3LeOHYPIwyVjnGviW0nazxjNgp67Rone23o1FXURpLZDA
2020-10-22T05:51:48.128764726Z 865 c7Ys42GVtaiWBGFgAOthyxpDaxqaI95MJG29u0F73wJsVh3tfGNMSrKpc0Dh
2020-10-22T05:51:48.140159140Z 866 rxX8Qga2mM6CfC79Bl7kyeDKbZlCm0xPtxrjAh0qHGsRzutag3Q2SMAwjQll
2020-10-22T05:51:48.151792754Z 867 uVhmYSGSgd2Qvqn3rOBxSI4fJdNFbLI5e84ods1UIDpjf0YQxPtt9UOXbbjW
2020-10-22T05:51:48.163159073Z 868 HUkUg4uM82D8P3d1R4qAjBRbrwzpTZL9mJQ4v0NdvJ7w2XZIJ6iYISMH4QoC
2020-10-22T05:51:48.175263026Z 869 Ea49mUOT0qVYiPD8xagvIwrr2DJivjI37ymL6MP9XH1wLrr0hPrWZXaeVWkh
2020-10-22T05:51:48.187181984Z 870 MuUEdu2NAad8b9wx3qhIau0JNug7FkXUK6lrCJovn979NiXlmWKCK41nGOgq
2020-10-22T05:51:48.199150957Z 871 6KBzuzavg1Bzr0P6gi3YM0aXnKx16EVoxB6B1pQgbJ6u2ALg6U39CF0pvjGM
2020-10-22T05:51:48.211058144Z 872 vIWjOE8UFBSfaE4Tz6CDDzVXSqJ6m8DGXqwpFevFWA3FQvlPeuzq5py25Tk0
2020-10-22T05:51:48.222792959Z 873 PVHBbZXkjGOazPAWpNrLJpB8IFSEgmt7F08Hy2T36rkzJRCd5OwiziH7gyEN
2020-10-22T05:51:48.233199800Z 874 ZIgGyP0mEIZgqJrbIIRBy1jkRt84RRRIQYrrQuboYdQ5byPleZXa2j0Lbxcf
2020-10-22T05:51:48.244457880Z 875 058oGM2liQznteKKkFkUHxazGUmHfMmO5D7mDJbkxcVA2EjhVk1RkUaHBRh0
2020-10-22T05:51:48.256406774Z 876 LEfLvI35b2unADBiPH9S8X4fymWUY8uA8xU4SZrAzVo1UPe0Zq4XgtadmlYS
2020-10-22T05:51:48.267192205Z 877 56pwyYFG7SecjuK8AS4BijcACPCposTlMHSrHqrwy6da3F1jbgRnrDQPDWmk
2020-10-22T05:51:48.278521172Z 878 X2jE2nSYJyHHGiL4dE0tSdbArgsyD5k8H3ytlSAFPiW7vnI2S71J6cESWwt3
2020-10-22T05:51:48.290045411Z 879 hnWUnGYDIFauQKzFhZT7y49k0PwDzdrXp2B2i0JvJlkIk85SjHWw3rCXwXJv
2020-10-22T05:51:48.301892657Z 880 r6bXg6tat3DI9cupVz4pZ5pUaWEPMfJSYqWdI2FKkkcgxrjIk1xKNvjpiEH3
2020-10-22T05:51:48.312833075Z 881 YhLBC8g7Pk4w5MFhrF1RDg79B47YV6sZS1B796fZ4le4uOuazJTK23UjbNhV
2020-10-22T05:51:48.324984866Z 882 WsEEgtPTCNhVY9L5bLW4PO88vJbdHK9MKE7e65uIZu731oFv3kwP3DaFSI6P
2020-10-22T05:51:48.336541721Z 883 zqoWbrGSbKz64eYDS4WmxRbkvT7UP0zAme8HDwpVKb8h3x7DcxGv1sYkRjqo
2020-10-22T05:51:48.347879172Z 884 NIC7o2EIRnz8t5n9oPPSlffBXZGn69rtuCoaiGKkmRSzOivUFMcnwp0NzVe4
2020-10-22T05:51:48.359555553Z 885 4HA1ayjKqqtEwhKwHxLDX1MVpBUShTjn7f7EBUbzw8w4VHKM0vlLrlraoQ84
2020-10-22T05:51:48.370426969Z 886 mkitaFTzCncjILRyxxQQbT8FL1JxOdnP8h0cLgiJAK69Dq1JS25CXJ53TgDh
2020-10-22T05:51:48.381391061Z 887 n1p7D4InO7Pt4jLUSn8A4MQJoHJuZ7PUNVJZYcSACUYTfznuTyUgdTiyFkh1
2020-10-22T05:51:48.392273508Z 888 VjVEN5PGn2EK4Yr1VvipHH14rwkaQwXTPQkhwaCg0CHIMVeCRdo2LQnHIG1j
2020-10-22T05:51:48.404029195Z 889 lR28oa6hpA06ZvxJoITiAQHEa63sR3N0co2BM6DYZyJFbYeN4CbtrWNejYWo
2020-10-22T05:51:48.415756557Z 890 NWPehmkiZSyqULzqv5zUMUKksd7dqdpYycRP3pnrzcaX81nP81WwCFAMEj0t
2020-10-22T05:51:48.427296372Z 891 sPYH16mVH9jHQFf9JwqUBxZauc0hOqq8T6jOW77XmYdYKs9dnrz5uoFwq9ff
2020-10-22T05:51:48.438716285Z 892 LmRsde65g6YyAJf1XvTF4VCxU0JvUD8tWLyUIvbOqISygOfNdFvseVNUsTAj
2020-10-22T05:51:48.449706118Z 893 f2c2BGMQVzR3a19lUn6GoFTorXUkJ5nKpeoS8M44K8cSMSWkqfK54fSWVvTV
2020-10-22T05:51:48.460486159Z 894 sjpPrN2TVaviSvHJnScIKkoSA4B2GlB7SRFz39OiKGzKTB3xkXdRKkywwBEP
2020-10-22T05:51:48.471209921Z 895 RzWEhSKopB1GzUuJuu2FIHWifKBZsc42l7x8KBBExjUcO8tLqc2XBlbXCM81
2020-10-22T05:51:48.482825483Z 896 mjsiqpcMIf40BL0s2zDFl5Z8cnKGCXyz8aLXrNJ4xzHnRbhf2HJL8NRay4Kz
2020-10-22T05:51:48.493702768Z 897 s3eolIoF4qDW7MLKAFjXaF4PdWzPZcDYGZHfZxupm2z3GlIiixy89eGkUZQZ
2020-10-22T05:51:48.504609172Z 898 sbUdP2H8DiDgHdLUkffcSwShmU5YxD9WdTH3Y7VVYnMU9q8BF24flzULlrVL
2020-10-22T05:51:48.515685562Z 899 KMK1nwv4e30CV5cZegocpcZyaQwTca3oxDE4xKZKfUp1s6bhPU36XUsX5gyW
2020-10-22T05:51:48.526377632Z 900 HfxAlXfoJUBbAZQrxoVX9OkxNZLfkLtfMbjcJaZbhPnXCDvadxBqaOJJwYHi
2020-10-22T05:51:48.538219431Z 901 k3qvSZ4TXqAtWN4bP9JJ3N1sc0NoPduZAW7HnFJzQJnjdncHGZpSBKO1a2rd
2020-10-22T05:51:48.549804353Z 902 6K7ZiDHjtc5D08CWumAkC5kvRIfYgBrpTN0fmSU1voXr8iXCFMT9tBDzD0Qc
2020-10-22T05:51:48.560539552Z 903 LXBmLZbBkkb6q0dk991pfeRGVscdjQcJnvr7oMANknUuTQF6XKmVmX4ZA3Is
2020-10-22T05:51:48.572378663Z 904 UybxPExzGm5G4WMdMf8iAgBSxbJJIg4RKX7EMUQnqSAYwYr2xBt5kUBjtKmC
2020-10-22T05:51:48.583333675Z 905 w75z5Iatfa8SqL8rvHlOAEJRjZOlWjvg9day6XCIhXVD4Tk9Kt4aofp2Vat8
2020-10-22T05:51:48.594692330Z 906 2cCfdlxgaYE3zvdymoOGQhCtEX1oNrGMtGJmIGD2IuZJoHQjPpg6J0EI2bp1
2020-10-22T05:51:48.605848546Z 907 I2z86VxmZewLIUDSbDiMIaGGFejsUe6iedOpkYXBvKDMkgmb0gcypL7x6t9k
2020-10-22T05:51:48.616697235Z 908 zqOBn5KrXO6MjGuXiLRnobA6EYrcqhdlYygMmia9A8H0SdTUmW3qV9vpzA7g
2020-10-22T05:51:48.627762356Z 909 4shbha0laGV8VotgUOtaM2JM3zdOAXQkgf8OqaMcvneqw6pLQsAgDgp1OY3N
2020-10-22T05:51:48.638696995Z 910 MsEEeJk82zT0moNvFwfESf0erR6Wzt3eyPtOZ6o5DZwI1jBlY3j6tKuOCjM0
2020-10-22T05:51:48.649634184Z 911 N9ABgQB8vcqvUmNuETZT3FKCIsv44mnwLhBoKs7L6Wa9Z4c24ud19vK5oGoE
2020-10-22T05:51:48.660755893Z 912 fhyGXeWLxLHwR8ckhFDVAiphvp9FOXN5jDS2T9wNbCKAIXXdGDLmcObuyyox
2020-10-22T05:51:48.671211343Z 913 FRk308qU5zRRjKFs8fXGGH8ys0ML8itjKxbgHlH5iKjc0JK6qjYpN2z1Uado
2020-10-22T05:51:48.682722415Z 914 Aw8jmEJnxJtfwIWhHTuQQ7kEbNACD48GzBaY4Rq2nRtO2IgRkJetYZd2xVxi
2020-10-22T05:51:48.693562079Z 915 lcI0LDsb6TlEvnrusvJiqribl1mso66Oj6oPZ4zS8SGOAsJNRNQwfl9jc2pJ
2020-10-22T05:51:48.704835643Z 916 HmvI5EqZX3ozcjGmQk9YjpYio7SIly8kIEjoo2AXGR8v8KVqSX6QkuigLxEu
2020-10-22T05:51:48.715876660Z 917 aYcfBu8O5BQoDsRAeuNTv26bSwkQbGFzb9037SBP79oIUbpa69khEf8zZZVD
2020-10-22T05:51:48.726152289Z 918 KAg0rKuMWGMoT5O4OqGkB5ckKDKaSN53dsOK9VfBgIaIodREXLJkggAKQKG6
2020-10-22T05:51:48.738129999Z 919 6lZnKjpL0vDmt6GhuUSHy7woyYpWT36dccnhm5Q4yUJu80CMOhklnZrQ30zK
2020-10-22T05:51:48.749660107Z 920 B12kLg82V32nSxLlSa6COwSNerLPQzPFxR1Ud0O1WdGcoS5TUotFMWtGlkzE
2020-10-22T05:51:48.761075243Z 921 0qOkDZfrAoMunb0hQXEEhvQ9PJ6YzFvYIrhSoNp5n91I9eq2OL67ml5xqDVS
2020-10-22T05:51:48.771869205Z 922 XNbni3Cz7xlkxSSCds2L8z5AAuI56ISITGK8Im1tPfAOUfgEHKmKJ110aEZz
2020-10-22T05:51:48.782588147Z 923 y7dqsIOhMTvkCSLf3DJlSBnjuTtd1ArIA25BmtAEZbfBtYmEukZmblLSx2O9
2020-10-22T05:51:48.793663876Z 924 P3cYdQO7WQA61GgXWQ2u8IUmI7Jk8QKdvVa9pztZemXriExX2OmpU7T35s8C
2020-10-22T05:51:48.805166318Z 925 Lm6uKLtBweeLNRRAgF97H4gMJWbOJuKsSGwOaOVJOfWFQjd4LzxFuHdOEUzc
2020-10-22T05:51:48.816526773Z 926 S0T2yRgXjdOgsFlXcBa84dTZ7AQTVIsfZO3m8C3pql4IZ8J98glwMbJq0EF9
2020-10-22T05:51:48.828164215Z 927 mTSQqMe8BVt1WetqcAfsQw8FM6GIb5iPdZwDgue0EuPZ9GUQnRyb54H8XNnT
2020-10-22T05:51:48.840279094Z 928 C98o0EXHwsUGUw4Ap0NWzURJkedOo0zsaDrdn7cNoN1FpOjx3PAh2XklrocM
2020-10-22T05:51:48.851909217Z 929 y2JFEXhvN6COKfbAh6Ma2NI2Hl2yJqJAD5MGaYVbWmffUBAPFdfK4RHZgKwI
2020-10-22T05:51:48.862750512Z 930 ZDQMkygAODfK35tgBaP6kvqCUszVgd7Y4IUkvA2zZ8D7DmnGuyVzSRmDCz7i
2020-10-22T05:51:48.874031332Z 931 bdITTizAi94B9KWQUjqXvDt8ggAzYHfpgmtbxjFPLosGBF68K0ik5NVt2UHN
2020-10-22T05:51:48.884605332Z 932 IZMxuOsnJqORIVnUNldeRWvZcY50PqGH6pYMAPWLP9YdiKqi8YsMalpOSVUs
2020-10-22T05:51:48.895419060Z 933 LL2ywc1avUxDU0fQvmyIKKDRx1ao5fM0IklXvprmYmPCAQiX4ST5xYGpr92m
2020-10-22T05:51:48.906502879Z 934 8tqftzmtVJrxeJInkzwnmH8aol3ELDNLSK8trLSqzUakcoznu1nZfmEtG0Cj
2020-10-22T05:51:48.918512365Z 935 KCUREkmM53sjboPKWL9GTtzPVTZ37HlYDtM32pVPW91EilS7ZDHU9vx3acGa
2020-10-22T05:51:48.929419680Z 936 qDRIzGBMxHvEiHeOamKMkRMqZerUnjD2IHPKtCVVc5FxDJRIoInl4UBA0MNE
2020-10-22T05:51:48.940314708Z 937 WFdILokSKNzAXwxwI23Od7ygfivjeE6sHVQSPqTgLACruFtTN5uR6sV0MvMY
2020-10-22T05:51:48.951695493Z 938 WOirsxizD3WFUmc25MXnMjHsfV251CO0uTRPOxdYYlqShRSwzMOgdlu6mKR4
2020-10-22T05:51:48.962174736Z 939 MizHcYn7BMMTESl9SJAwy4THDFJB6Y7y6lmoVU51zKplkSKJqlj6CADLgnM0
2020-10-22T05:51:48.973727059Z 940 5246vlUE4JJRq7uzUrbURSZXxYhL7WNiOPe9sxEoy8XMVDfM67eQWxInwSgB
2020-10-22T05:51:48.984995458Z 941 UHCpZ5ZMDg01IUqSsb7DyKVdw1Wnde9WHIoTBeTpB8LmDOt3S8h5Hb52NQ4K
2020-10-22T05:51:48.995868698Z 942 deEX427PA7LBwTxB15JM0z2CYnkPNmDDOY296Da2IXQzZpBhhve0bvmIoqwh
2020-10-22T05:51:49.007164908Z 943 udM6fCs3imMCA1cAK1Wrc9gnYKHTx7WCn8S2ybLgbO9ZYycdY8EBGtQvULFH
2020-10-22T05:51:49.018496405Z 944 1KVJipW0RptHOhfPYRA4bWDYPhBhQdsmJx4OyAohbkHQh3Ryj8z13WL8uDFa
2020-10-22T05:51:49.030029772Z 945 eDcgAERSWiZBcVXIRUuVQlnLrowDaIqxjgrCI9Lkj9jucBy1SJ8m8CeCzf71
2020-10-22T05:51:49.041780672Z 946 lhQCKlF4proHswlxiOEiKpdcZIN1MFMNk2JO7d5lCa89praBmMBcLaGjqUkc
2020-10-22T05:51:49.052773155Z 947 IhFFe0mfUYW17JYyQhEDTqEMS9LmHHXcHOI3QYLRKwP0QQd6nWxRdj5bExim
2020-10-22T05:51:49.064282258Z 948 2gSQ0ajbqUOUnimS3dXOEAkyEK8CzfIFrZ4Hj8R9Sbe9ZY6CjdUiaTVYum4B
2020-10-22T05:51:49.075451974Z 949 P9YbSuJPOAldyvbnH5fwzgl9fqzhOwmnwLKg6mI2iSLwj5QFlxLSysEqSAR2
2020-10-22T05:51:49.086710178Z 950 QDmup04ySaWXR69ODLrMpCIVkb2YLJO0ahjiCUumTbEhFxKlVha20LSi5Jnn
2020-10-22T05:51:49.097974394Z 951 yguoAB8yMAwGAKGpIuWCsEG8pyVSm8g2Vw5BWwitxCw2Qq6Z5nsBACnsVjAF
2020-10-22T05:51:49.108712637Z 952 E8Jn6UugFnsZeZsUZEhJsGNbyZWQ4EJWyiGpwUAUQfth8jpOBcpJEvOq9zsS
2020-10-22T05:51:49.119501128Z 953 9mJtzVlTc89heDiCai9acNy03BrQZ3j385joU63srMSF48BJZFLvMAgyQE05
2020-10-22T05:51:49.130788899Z 954 Y7R67rWAfRK66Iqd2QNFhx9NrM2z9fEXFGMGzWwdnNgXLbaDAXuIm1jtQCSW
2020-10-22T05:51:49.141589296Z 955 DVYGex28rn1zgmnBw9cCeKJlGloUMZQG3QiJmly79AuzXDFSZl0XgqjGq0Rn
2020-10-22T05:51:49.152163451Z 956 AidyPpuqd7hX7xiRQE55pQS83TEkG8z7vLQGUIPohF5PdlFAapnrd00zpjWs
2020-10-22T05:51:49.164168921Z 957 675ydX0hDlMUSJpv0N3XbukvUc2wgQkkoQkJJSOTuOkLaaOO162HKLj1XRyn
2020-10-22T05:51:49.175962543Z 958 4D1ykB0L7GurJrScqcoHTePNiORIUKjQlSCuG0H8bDCTawv4YmE7FdVOeQkF
2020-10-22T05:51:49.186748170Z 959 3QwDBWqrNW5fdRed7qmAjUty2qv1GXsWlFkwATHbirAYSIUwQw8EqiDwVuEW
2020-10-22T05:51:49.197935412Z 960 8VJZoe4uKktIdTn8jlAeqbyPhLSfKypyP8VzXvkvYWGdNkNZDL9Otp3R60cJ
2020-10-22T05:51:49.210154802Z 961 4PVGZ0luKxmoUhg21ECX4jTrqrYrvnZDiu3Zf3s1TcmwbcvQNHGTE6rLCJOi
2020-10-22T05:51:49.221987154Z 962 pB4vAnreKX6jEfdOJNg6nDLv2s7DQ72oRlF2ZGP1eh0brAH94dlphEYzBoys
2020-10-22T05:51:49.232721079Z 963 t2pwxGVsngT0Xu3infJ6g3ia8rjnKJHh32tsXcoUlPkbfF2jZZu0DW4HxFFu
2020-10-22T05:51:49.243518120Z 964 rzIIvowEiNWjcbW6gtEPFbZxM3GeD7zgsEQW3WMl7vTLhqjHCa7e72YsHiWd
2020-10-22T05:51:49.254649270Z 965 NUl4ex9fiXnAhJ29J8xL54qsnsSK2JqVuw3SZIipE9sWMjcj62fHJLy4e9b9
2020-10-22T05:51:49.265820335Z 966 JlOssHciHez1iOmsuIGwVVaFqmzxITsbpAxAjMv3sazcUKsnuRN21cyTdy7c
2020-10-22T05:51:49.276922778Z 967 2isGQfQOd9TZuXdZuk9prZb9oP3cJyiVOGQzNbSX3t07fSXba5bLrwWefOND
2020-10-22T05:51:49.287327092Z 968 ZtufXOpafcpXbJB65lYj4lu5Z6K0DOijrDh0hqSeRQKMaQXOt3U84UWDONch
2020-10-22T05:51:49.298720095Z 969 ehbYN6uUdsbe7QcdYfPAZ24r2ZyTC42GYX8a8BUee9ynIyd8Q85rsA8zvEQE
2020-10-22T05:51:49.310123347Z 970 d9x0GRST6Nwd5B2QjtoVl4GPpxvMCYSoiYLjtIfOuTGyGmz2mpVXrqOPQjPH
2020-10-22T05:51:49.321791740Z 971 q6XQgCrBhXXSpfyTkfkoqxqlfFPL1KO9akoqdz4TdE6COPo6uBPa4EooH84p
2020-10-22T05:51:49.332608404Z 972 tGNlI81HaC5BCygAcXeNTvIqiJiYIfpSruWo4QL7bHti1Bx2aQsFsxCfq1re
2020-10-22T05:51:49.343360582Z 973 acHNj2rwqNlISR9Iz1bpiLEGe7DCDg1QZoLGUh4TXdIo7zPme05f4mamP8CZ
2020-10-22T05:51:49.355025823Z 974 Gx5546JvpqJlNp1GsBtTrTMqlhf0TO1kp439Dwid9NqeB3gy1cI17a6nnbkY
2020-10-22T05:51:49.365948461Z 975 vSKiSYJgOo1Vm0aPEKw4MktMVMFxrWZ2Ro3kvOz0D3J9X57HCG8fqsS8QgeB
2020-10-22T05:51:49.376635335Z 976 598UuLwcTQNmI2tVVX9LGy229eoiLQxBxoODklfpCXTXKn0u3xtXqTCnCwkU
2020-10-22T05:51:49.388243146Z 977 X1b7sRG6P7JpQENNGmHbZwzcoxg7UcjACT2b8eUBbDGHNF79pfB3hF4228G9
2020-10-22T05:51:49.399185728Z 978 TQfxtre9bhhE7YE3gbTNXaz15isSQYyq8cOAkanyzhoWpWqQ1PW4WUCGScgx
2020-10-22T05:51:49.410762777Z 979 DGYqCF3s6AtkNdt1oAHtJi7oCUWEoc8DcD7uzDtXshNnoberoaQY4ooB5zkV
2020-10-22T05:51:49.421754866Z 980 LHk2Zzs9HeQkiUO58FHsJ5Z9zoEY6xLA10b36dpEJLMXzUZT6Cj1kD9zLiN4
2020-10-22T05:51:49.432704974Z 981 rfThYFUtzMz9nGRUX1PcJUyu9BXFV0Skjt9DiNEyok7nD1X7Qf5zdtjqdGrl
2020-10-22T05:51:49.443640254Z 982 LrorOhT4YWeQcR13YJCENBKCBLuxyXdjxPO5XQClZljnHazO3gvQOBtClEmQ
2020-10-22T05:51:49.454894003Z 983 Tajo0x9IMXvtjvco3InzaGwIYZPLgz5qpW2PW5t2iBwI3MRnKP4ag647W1yM
2020-10-22T05:51:49.465539036Z 984 7AvSg75TcPCsAO2tA0GpBnSgg0tzs2xIXROrjdtWueW5NABBJxKrS1mBDPr4
2020-10-22T05:51:49.477268281Z 985 IY1GkqfizhCGsng7inmqV3GJnrAky50bLRhsKFOy02q6CnHP0YtTmvAEoZ9W
2020-10-22T05:51:49.490665787Z 986 zALZMtJd3yFl6llLpUKpv6Owva5mwC7NJPf0BdOsRsaiv19UR05tNwOFDbb4
2020-10-22T05:51:49.501901692Z 987 OdDKSfubCBDlkP5aKcJ2y7Jdw1yIBDeNISsGv9rIjqipqXlsYN5bwAkyVlIu
2020-10-22T05:51:49.512464925Z 988 KkN8DtyWNmJ9KdjSlg2qDZne5Bz3r3IHrdNbOLypwwXfNqU5p9DxIjU0yFD3
2020-10-22T05:51:49.523595918Z 989 RgOidm66AU3UV747W9ZY9nj3fseM2NhajBjwaLy9VXVp1iSR25qLYhHWHjZq
2020-10-22T05:51:49.534675918Z 990 tCLbsHbOL604ikwBC6K0Lj0iGEc9nxVY18rlsXb8N5QLYRd1mjCdPR3rPb4q
2020-10-22T05:51:49.545314548Z 991 akeS2Yy2znBBQwl0NLt2QuOu46KxTFZQnuVA6SHuo1wRGa9rMnsAMcAvXnry
2020-10-22T05:51:49.556591286Z 992 Pn3Wicr6LavHORtuJa9QgpbnrR6CRREHwkkqtL0q3BgNzxqMWRdGtJ4mXCmA
2020-10-22T05:51:49.568130066Z 993 EEOrddPW9lhf2sw0Fc5agCLYogpaBXkku7SC8YmM6z3CZsJlwOf8eaPlxPFR
2020-10-22T05:51:49.579540310Z 994 OPkyrbIGCCNeG586HgWydBJFLSkqeLJ7KqR229oMUM9wYIdJEfdgHCf43Dum
2020-10-22T05:51:49.591017077Z 995 5Wo7hg1Qilnyxs5LKi9FbntG6B50vAmolCY85FH7fGERQg1UJLMFRWkEN9Bd
2020-10-22T05:51:49.602687093Z 996 RB6bxPqiFqwcT7QyiH4zIX68J7XaLq5SYXcXkU5YEs8SjT4BlWBB7JgX6WfN
2020-10-22T05:51:49.614041164Z 997 1471oucHncNxSqtcStpsJ5Hk4T0sGshpzTdjlU5QHw0nwbLCT3FecmJ0TBwp
2020-10-22T05:51:49.624337848Z 998 HO53Z2aBixpZBsGrfYGr02UwflCqM7TEJHdj7Dck4pOnmANeD4N7RBEJlHRo
2020-10-22T05:51:49.635653822Z 999 9x3Hed4D7x3bU0ddtJGy3M6iUmi7YKThrDsG07na50nWIJEE6IKiTqnhLl4X
