2020-10-22T01:41:30.892149110Z 0 ujsBoxulXvDbSGy7S1BwRBzg6PkjKcT6EREJbbGhkvCQtcQm0jHGjjXntwzsPF
2020-10-22T01:41:30.903194189Z 1 d6payGuWYiKygv4FJZt7JDS9vFkGK0DPEirs8Gaaqp6si5hg6GV6XiF7ZcRmfo
2020-10-22T01:41:30.913317267Z 2 bY9LwcsjN4judDHeZb05837K82ySGS0JPBOPMi9EDewO9segUnrIZE7kt30iLa
2020-10-22T01:41:30.924276033Z 3 dBu7kBz9wSZt2xgX664ft4zFrchuhvlN7woSe3JFSDPKaruoo2OqpYUVg9OPl4
2020-10-22T01:41:30.935626340Z 4 JdFjPNXLCVGgYKh9CwGcobKVFUNlu62Q4RuuULmhfB3LgTBidtDNQfKLbJJHQB
2020-10-22T01:41:30.946480425Z 5 KTVZvOlKn0yWYEiQ3BDbxgFdlbRnciJKz8lwt8MwcecRPCdkvhumsVs4oSxgqx
2020-10-22T01:41:30.958795591Z 6 sB66nxuzSbvDLIc0hROU47W55A0giywsGHFNThMMZ8KSwi3XfuB3Bat93InV6q
2020-10-22T01:41:30.971193196Z 7 3W4XvrwoRk9uSBGxsdvOGXRIX44EGo4ZAqSLeEqorYvKktJVuyZzwZe885HXzP
2020-10-22T01:41:30.982198511Z 8 pwSHYA4IiwoP2ibyyMvMDjxZaQtcabO1ncUjOGjawqZIDhYQW0o2CKIfBZq4v8
2020-10-22T01:41:30.993649650Z 9 zmFtHK4WoswglKIiRqP78RPANknpP0g4oWKc3DcwhzDfm3sfjSAdMCKLWFRrqF
2020-10-22T01:41:31.003951626Z 10 LUhzLmmldpxK0bBPtvG3igDVRQ6rILdhOuKsLsgsoxVa96fL0WUEFJDMchxhH
2020-10-22T01:41:31.015178051Z 11 9Z5FOAqjOHLvxiyUcYglLtbU4yt9o3mkcI0WhNWLCEdaZBCCdptFnuqLFNna1
2020-10-22T01:41:31.028435928Z 12 9r6yTXbsINQIFlzlBXrqcX00A0uasSI1Rz8J6alLedoGR5JhxHFVxJx98PtJv
2020-10-22T01:41:31.039504436Z 13 MFebSYe8bT2AxhIpKLA0MlIg8XVPGOkgyouIPm5BdEfqe23Lau69o54aa2dmm
2020-10-22T01:41:31.050532500Z 14 yOGN57oOeTtiyPsE5EruZG9qVeK9GEywwGTEdnLDzuAndLCdHVaktk6XA7KUh
2020-10-22T01:41:31.061195379Z 15 WYiNqzBFEpXdS5ilX4uiqpwF1vANSAZfTf3Pp8uM6di59If4Z1FizfTQ6R8Fx
2020-10-22T01:41:31.072412148Z 16 J8U0sVzQkTDDFqEJ6uEMqCRfrnTV09B3Ah1EGbdxr6Z2N6bVImdhNfQiQFdjp
2020-10-22T01:41:31.083975480Z 17 DhwQZQ2VVzWOOcrIyNp7C7WRqlWgDUhPhKKvrYKieGISAiUVopYsoabUw1hJ3
2020-10-22T01:41:31.094446953Z 18 dDWvsIydgGhjqqi8zVybd1A9VC9ik4BC1L9ajKndWBUX7L7t2nT43G2OwNfi4
2020-10-22T01:41:31.105618893Z 19 4vRROOUYo6ZwJZeefKFre4v4eCHFjggQvJ56qYVKWKOfQyh6kpjx3uPw5etps
2020-10-22T01:41:31.116008975Z 20 B91MzrPljJez966WYbm4VeWBRlYArh7Jdo3ohNcdZe3tSuRHwtHSTZL4frMIt
2020-10-22T01:41:31.127347448Z 21 cqRETfEnIClCxz0ELkp7BnqjWlacet9lizWiJzQR2DcmW6hA4OsdGdcAnaxpq
2020-10-22T01:41:31.138686640Z 22 U7n0ysescShVkyqgl9ELrUFt5tiEEtDJZru8hIZragLgaTpFjOsJj1bKkw8Zm
2020-10-22T01:41:31.149438708Z 23 HD1R8IRvmnWwvrNZqpRsa7DktxyVOU2qioR7IOx0bkybEcPUZL1Svk6cdTwCY
2020-10-22T01:41:31.159974437Z 24 Wk7d9NVv61EzO9UV4aVYVCmsdlinArT5W4AJ5LEh2V0UhCyP0DJlSirnXm6Xp
2020-10-22T01:41:31.171076361Z 25 E9EMILs8L4L9yG2ljyfNK8gnJLTKg2yc3SOMvAiH8IBMJUf91mD2B2gSZXsV9
2020-10-22T01:41:31.182387712Z 26 lYnnZREcmSyp8w2RpP8pfBWmV46IhaRZsD01pvc1CupnJPG4OwE0RaSEKWMRb
2020-10-22T01:41:31.193321212Z 27 JfIbVDkE7zy4FX5SmBtuDEPpXvpxjTjgV60USeswRC9pLqWHFBWAOwhUjWm5f
2020-10-22T01:41:31.204281492Z 28 Pp6uJVeKRZdPrE3qOkzszCdQyQepOiHUNv2r9buVkKBVK4ThmxplFWFXa4Ezq
2020-10-22T01:41:31.215600702Z 29 LhfDks8cVBRqaUB32nvvEqvM8JhM59HIB9b6tsGEXMuQAgktT7wwvOXMhj9X5
2020-10-22T01:41:31.226603717Z 30 W6axbpIfp5ygsfD2hZdRu5BkhKmt1z8GjjidufHvbWG0kOZYlkYsx8A39PrP2
2020-10-22T01:41:31.238062413Z 31 woRCLFC2t47tD2YvAotjToSSfFdCiqKzbWV44hOHw97JTXm4kxFNk04LlhY3r
2020-10-22T01:41:31.249461440Z 32 DkirbpylSO7paFQmQSmPouKzfbjO4l7xKVgICAjRPN2a07X7oqZW8oqqAp3pE
2020-10-22T01:41:31.260666016Z 33 ot30K6dIAvQ97LrXaZBeZ7c1VZA0InAXVyY8zutxwH1TftnyJxiQQEAQKa5Zo
2020-10-22T01:41:31.272835837Z 34 p037uC4pE2hoCt8W2e0h8GrXKVVf2S3gjVyLK5WrNfEpudz3cKH5ekifHDTxb
2020-10-22T01:41:31.283266302Z 35 1qF1EsLb0nBx7yLG3khBFRbq3hO4l7as06g6j7QvJjuzPkAyF6tkk3KS7oFgl
2020-10-22T01:41:31.294656805Z 36 3byx7YiUNlz2cLPXFzpDaSYHPiTagKscnqPenfInAhjBPVN0VtSgYUde9wFgv
2020-10-22T01:41:31.305917459Z 37 xxYpXhreCgMk9iSfdEbupEgOwva6AqwGJTEzSF71FbCKGyX87oCsfnJqo7UTf
2020-10-22T01:41:31.317487618Z 38 mqguofaz0j9WTE9b88ttKLnfKcra5MWe72rAQvauHaNIyb44xahzX8DDkvZLK
2020-10-22T01:41:31.328396313Z 39 DXJ3NFqx1ZuyPlW2SYJwSF5u5fd2zsN9iFrfgTt8RYM8p4KphVm3hfU4AXBmv
2020-10-22T01:41:31.339527993Z 40 GE4ZIpI1goKKD3SQXF0Zff3drhEgiosrUd2Q4VtjnKDEKKgvcQvwKu8Fr2nfv
2020-10-22T01:41:31.350148175Z 41 TWLP8cXwnwmpS2pKicpeE8bVE2i9ptiIseVFQqLhCE3QLeEF4c8omvMUu7oS2
2020-10-22T01:41:31.361568142Z 42 4xoTUpx1IvJyxBGIZqbQb5j7R2MJhIBp7YkamTLnn0IpljYQ4NTWgtfUxVx7l
2020-10-22T01:41:31.372792543Z 43 Hma4WY4zrltX45OKUUlmy4yaZlMwJ9Mib3QOVCKUevA4p23kqgTEcQogsGn0j
2020-10-22T01:41:31.384366620Z 44 msY6R7sgZ5Hpd2bnxEUmGFh4LphBtu46B0xOHMpIMwhlQLVCEMdyaUZT6rvWI
2020-10-22T01:41:31.396000151Z 45 bkAWPKsBu5bq6TMHE5lbxDdhC722ukmTvcRHmreHnN2wDLvMMwRQyRzi32ltS
2020-10-22T01:41:31.407788867Z 46 APtmH2UHRSeEvfv4wvIwjBmkQFiAFCZB4WLFvHDeizPAOKbOuaImae1qDmEpO
2020-10-22T01:41:31.418965576Z 47 DS21B2FXw791fIHvCjBmdw9nPxo6QXmVQYySrAhn6r23sBboG3JbkNLRJboDk
2020-10-22T01:41:31.429079561Z 48 VhJUK9W5mxO4OMIg6J7DJulHsHjNSs5jGCJfzCCco6dW1LyQhHE8Mkla2NU8f
2020-10-22T01:41:31.440370566Z 49 6qKeLcf1pXf5YdZZwrI7Hd6d12cPnjJbrzCdhKHpXJqYdLR6R7RH5B1KsXALh
2020-10-22T01:41:31.451690726Z 50 RTa9dUnVBb4vNbKmtgf3DgnKiN6IKikFxlKGhAIdhf0m5MhCHznHiqbmfAurN
2020-10-22T01:41:31.462250767Z 51 hDeAw0GPFLqC8QzbebLBiFJ9FRt7D2gjdouHAtnSaPGrMEP7KHDdSf0FYgQTe
2020-10-22T01:41:31.473688516Z 52 9WqLaqgGfKnIejvDp9rPldHIKEbkroK4zTLoIK68JMWMy2lOMSpTKJswVr3Rp
2020-10-22T01:41:31.485082927Z 53 a8X5r1BENz9owQRVbk9TfVGezYc9lbcZSFdd6BFWLlPQpsPaMjqdQS3GaofXA
2020-10-22T01:41:31.496491389Z 54 AvEKUkt8Y2lgc8sJEBewvOE4Bfa2B61jtS62z0DJl2RRQ3KJMmUdtxhycQsQk
2020-10-22T01:41:31.506842257Z 55 phem6mLVL3u2nOR7gXwto8piPgl5OhPcEvmaWIsFMkf3H5lFnx0ik3p00szNG
2020-10-22T01:41:31.518094918Z 56 RQlF6SEArs7mu925whxqKQ7jTdjjbPuxZx7Dtas9FPvUsUwua6hUIiYwVje3b
2020-10-22T01:41:31.529311338Z 57 alogXWy9AhDZZhC03KjaS7rq5ndrBO9lfEYiu1NVqIXcRt0ZFIkHXhfgW4ydd
2020-10-22T01:41:31.540961780Z 58 YL4ggJaHstBDDpz4m09OA11RPmZkiRlCKJT6cP8RlrqR3d6xUcE77LsRBPa4t
2020-10-22T01:41:31.552671830Z 59 Wg72yDBZYiHycKdGAfv0vsTHR3tvJYs3YUp3p3cmlvuE2fUiMPvIF4VZe2rG4
2020-10-22T01:41:31.564507304Z 60 XIhoUvjeTJuYgnMCdLlqlGOpDUcGoXXyeBJrzhPjiYawf2AnfeCE8y9lEEJEc
2020-10-22T01:41:31.575472795Z 61 DUfAMwhefCSnStPVPjcQsbv7q8PCieyLNjRefSgKVFCrvkwrAxafYIaqJdNdv
2020-10-22T01:41:31.586313523Z 62 fFm7gK1X9wcSleWcZYV2Yj49F15KcJpDLuBkNFyIA2AzePZQSN4seGBxKxo5u
2020-10-22T01:41:31.597298250Z 63 oWUlmKkEW8aDGhT4kPdzR0YlwdbCSA3BAfUx05voHv1gbAF6HjVAzoXRlFPzx
2020-10-22T01:41:31.608315936Z 64 E8ShdQuHwZ08qbFs4FpOzZrSTDnPArXNssF8JifliAuKDEfmbVU3FncvAG8kw
2020-10-22T01:41:31.619479046Z 65 izEVTc7hrfqcDJtwBKCas4c97L5doDrAyRMwaLImszymzy7eghup2rGkyjThf
2020-10-22T01:41:31.630240913Z 66 u37L8NOtPQPDzmXcBu9NwqUb47x1CMTt9tiA7PmBaZsrxGrJGLgK0sVZcUjDt
2020-10-22T01:41:31.641001785Z 67 BSA4tm6PSZhNoQCQii9zOgoPn969eHOTg28Fnnhhhcd68SLkViCslmusKbrOF
2020-10-22T01:41:31.652375402Z 68 6Ef0AwIAvbXagonop3ipubsJOxWjv94Yrwe3INFYc0Q0mtPX3v5iQrLjVyxtG
2020-10-22T01:41:31.662990388Z 69 08rPJBzGmez0YhVaSWIon5sR9oRxZuHxJBlCR1WLGmI2RnwucuSWgn8cFMjRC
2020-10-22T01:41:31.675294180Z 70 HaumFnD87lRaakRLPs8jYgdyCIWYoj8HtgdcYocRLGiP3E5dMJaZ9fWVHqPxV
2020-10-22T01:41:31.686344592Z 71 Z0XyXtbXZpkA0QpQFkoInXiqiSknfbk19yk6mV3dE2Y9m6mPBfKKz5l0X7BuL
2020-10-22T01:41:31.697824979Z 72 alJOJS9HL0QNxMrGdMPEPO2dmSOOLMdlGUbNSFfgvKZRTRjdHFXDni5urmvcJ
2020-10-22T01:41:31.709337340Z 73 Y7wO7xrJrlZkQyeQBvC4nmClg12ZqRBsRpjCBmcF2awrLwKSjYUxf732i4mdE
2020-10-22T01:41:31.721072098Z 74 KlxgngJ4E8igvUl35BUpadMQMHKiXs0cSSl7dT1astD57xBPOoaTmhVtXsJkq
2020-10-22T01:41:31.732723830Z 75 y6RyB16tzId3Uj4SZXVI1A5aBfZyTNCZ4eODzPBijFMWGp4hajwFIt4wg3npt
2020-10-22T01:41:31.743388676Z 76 V30tAPooa7TSTIwAiTuJHq762R4pHQkCnoANpWyVozAyqvJuzcBs5P8CgmQj3
2020-10-22T01:41:31.754080266Z 77 MXgUQ32Qw21uhXPJyZKCo5nW7JxMB2jbsuTuZUYekzJBKZObkp5T1MViOW40h
2020-10-22T01:41:31.765374611Z 78 1Q5PiuUiEPjZBIIXLlqFtVEuzWKUN4VyaNOYQNo7ZHsZ0LPGlPTzu8llc0WNr
2020-10-22T01:41:31.776638250Z 79 HHNAxxkUGxzlpD7Ze0kvpsUhFPNMO63jA4ZXf6v3OiIbCLUUDeqBHHxitxrM3
2020-10-22T01:41:31.787677784Z 80 MyYoSBWPU0WRKyo2NqJnbmN5dwVVPbo4sQKY4yobpNdDgVEbbyqFyvJJ6fr27
2020-10-22T01:41:31.799772773Z 81 2JHAhIrZXiXXc1gjeT9E7Td1RSZA0RjbDMEu5CzsmZPIcs8EvehAqhJuCAIdp
2020-10-22T01:41:31.811851673Z 82 shKAF4bwESJkCufXIjcMfuruGOHaPalJ5b6kqSP79buElNiq94r4Au4wBZrpt
2020-10-22T01:41:31.822808273Z 83 TE9qANo0SfaLuWlg8ia4oUFTEluGonAcMUnt9LWfAyU8snr1PvfMYFR3N5uSJ
2020-10-22T01:41:31.834271916Z 84 NapwZp81A1BWp4MELMW6HPqaNqNcepdnweGopWiTMl1QJ8RPS5Q54NF74aSU8
2020-10-22T01:41:31.846006567Z 85 vhfwZ2ZvP2dEl11aSixOdoOHHgfUohpWOtvWGWoqun5rxvIQBkOtWAHrWH6ay
2020-10-22T01:41:31.858059645Z 86 7lBWnJTS75dJGxQNLnpgGuC0u3o8OPv2WbEc4O4jhoQfjpJUOGVLgA2mlG0wO
2020-10-22T01:41:31.870123370Z 87 iyLHVUwdLF90u2DqcgaPRzz2SVxwmwtymonvasdZAYdQMnsrRpyec8fqld2Ht
2020-10-22T01:41:31.882026436Z 88 8u3WpOIKTPX2xue9uhaapphOIeanxo8PJFhfCKF7EBzIHV8P9KCINmfBKhxIS
2020-10-22T01:41:31.892988978Z 89 9thcsUIFOcAutEh8A9MDdghvLKqPvlj4n7H01dtE4elfhbDeTZBvuyv6OeORR
2020-10-22T01:41:31.904481503Z 90 pji8VqBNrj5Ob0uOAG6xXMqCD6CaHlGIqaxgH7CSpNHYaJKO5yYvRxqkeUMqh
2020-10-22T01:41:31.915252608Z 91 Y6nbMdm3oePAPPlhCQjVeiny3hzjgyfjVROMCWhJ0IevpEiVftSuEa6c2pTUS
2020-10-22T01:41:31.926668904Z 92 3PRFB9q59OnMx4TbzX6FMzrqLFFKoSZXuBVZtwAORWaUtbDn32v8LgDU4ogC5
2020-10-22T01:41:31.937774465Z 93 Upp8iN53e7bMovHvr9MOmBxGOpm8vczoLNx81N9QjoxQhafSrlm5E8Y7S78lZ
2020-10-22T01:41:31.948365773Z 94 7Z2KmXLGjP7K2N8ePZ2YclXS0FETsUCNYNrKwzkLBK8V9p2jykn1YMLAleIGF
2020-10-22T01:41:31.959282037Z 95 GZr5SGQuquYbv8k0Ff0xT6Wk3IwLb7GgjvuezAaLysPl0tJImjlS7AVChuocN
2020-10-22T01:41:31.970646065Z 96 rhedxYaSGVsTDqq9rq4SNvqD789Wd3uTOP5EjXRYewqU6VtmMbZLt6pzQU5N5
2020-10-22T01:41:31.981701836Z 97 wlcfUHYBN4leK6cTprouXSZ4cGLguVpLeOoAjrvIE4cQAYlKmKU2F5fhNsE9f
2020-10-22T01:41:31.992525923Z 98 JvV1mu2UPdCJ02usxwRlM4nYIKjWa0VRRHtsXxf9bpR3XRBJZsas2dmFPHaPh
2020-10-22T01:41:32.003915040Z 99 Ny76ezrfpEHhiclrgXJXUvWfOgL3uVlqiEwpVFP7dKBdRYwcSA2WadLii0S9o
2020-10-22T01:41:32.016014081Z 100 g2hnLSGrIoZDBBYISQPmgDUKW2UVMyQ1H1EIjNxAx9AeT8Q4Zfz762PD1X5Q
2020-10-22T01:41:32.026380491Z 101 07k1juPY8scwE8fIJFV3h5tNSpBVH2nzB3BWRYgP8Jggv4oFms9sc61RHfS9
2020-10-22T01:41:32.037911964Z 102 yM3jgRtfAieOYZTyloW8U1lMGug1Czbbv4AB1syBPpLI01m0EzsVSshxpfVm
2020-10-22T01:41:32.049656720Z 103 CE3eeEuIeGV5waiyPvGrSxjQfP7X97h0Tcaxi7IDwOatNa3Qc49jKSVvRtNg
2020-10-22T01:41:32.060839569Z 104 fnLsYZk2o3RmlcpCIbR7hnDAU3nxwupQ5NMUq5ZEJZgdTh6wSefvPea7O4wv
2020-10-22T01:41:32.072659458Z 105 UCg6cNtt44CgjCNGHGuFexK0lCcQfiNG5lCS435VrK9RsWlQe0XpvfHY6kcc
2020-10-22T01:41:32.083784354Z 106 a1BNFNzXhptS5yfFbNPNfpfcED8nrBX4nwt2qgPTTZEJq3WTj5c5hoASjF67
2020-10-22T01:41:32.093999863Z 107 SUpFQmj0BamGHuUGnOLHSmtBmQbuKI4FtOWlt1Z89nIqIsVBtP71ui5UtMPl
2020-10-22T01:41:32.105812719Z 108 H9BWIQpiMxBFm5AOsKB64hcZrTgXMOp8yg6uyVnQJdr4ZE0TpBWnZe4Jx9c9
2020-10-22T01:41:32.117419018Z 109 7ATzhTZnpOXz4ywF5e5AhmqtpVUcqbrF4m7qNbKvwRZfZqS9kmKZxOz5enkG
2020-10-22T01:41:32.127949236Z 110 C22vNTBONnqGLO1TpYKoGBcnJ7D9pTQtwcNe6Pcgd0n383WV2ebXgSicAUSE
2020-10-22T01:41:32.139257201Z 111 3XOnqvRnqFi6Jb3FbnihOScQXNbbVZwZmOtgL2vTUMYVHgfkAWKrSzSFZK78
2020-10-22T01:41:32.150257124Z 112 CSTs1AT1hFZOulJ2cAIouswGTd5BOTCQaZqPYQ4mUltxz624ruKoH7RNxoH9
2020-10-22T01:41:32.160891208Z 113 3TqlHz6nG9usDWZafN00lLBKSmfMfnEAhpxd9LG05x9hZyp0bpEEWyDd80F5
2020-10-22T01:41:32.172738449Z 114 FX7CeQ22AQoTwFUIbaB6gk7FqTVLrbY7kH8Rb88K3iDDmnlQvEDCT3IqcVNT
2020-10-22T01:41:32.184343428Z 115 ABWEPrhnfsTtxQb29MpOexZvMV0Fo0C1SmjipPWybHeENFLYevTZLXCV6Uua
2020-10-22T01:41:32.195831525Z 116 R3kj3eSuMN1BasETs8oJrMMN2v9hNWMGgWp1AXGtNQmyB90mPRP7gvjyQbYD
2020-10-22T01:41:32.206558287Z 117 asDchOvTqhgUJXRijxEDbyhYEua7Rdv8vZDz3Z4dvuXDkTLVA1lgvL17X8wn
2020-10-22T01:41:32.217903392Z 118 oz7siUT0e1oF9SVnFXdFsTWglS0c5wutoWTnFcI7DnclIzM69FhOnYaJDt21
2020-10-22T01:41:32.229622461Z 119 GgV96gVbPtsDGYOvc5hGucNaj4smcVUnazP8sayMQsOrJKilLYw2w4XwtsCO
2020-10-22T01:41:32.240130283Z 120 PwDSroj8oW8W88Mcg3CcDPz3clWXiLJzuZejUh1i8zuPumI0VXJF2r2DSgbh
2020-10-22T01:41:32.250972362Z 121 VCVruNMJitSMoMFPjzqvsQnSYE5EOUxMdbWBQIIEaWsdx5gVnYc8StVbjvW5
2020-10-22T01:41:32.262592944Z 122 epuxh12qq5FWcM7E67r9Xtg2A5AV78EGpzDgHKGWqYQwUND6xSo2HbjCyRXR
2020-10-22T01:41:32.273569508Z 123 KX1H07EBHmgp4wG6GYHhedYN8f0iZSaweI4OF5n2LSm74cO1l4vUmQpNAO0t
2020-10-22T01:41:32.284664205Z 124 6rYV3ppe26OZvHGcsFqn4ynD8iqQFtp4pCVT019xsMdGUzQEzoOmZeTmNy9I
2020-10-22T01:41:32.296737173Z 125 CnjuoGWJw5IsbgGOwaVuqW2uq4pundPsz48Jfx97ysBC2V1ADEFqStcqkuV1
2020-10-22T01:41:32.306948985Z 126 2FbTHUz8RLxcPBIWT4q6fp0SRJrdu4WXpeaJDhZJvuevTvsPOxJ4WP7Xz4KZ
2020-10-22T01:41:32.318255652Z 127 MQ7nsOIfG6dIXNzgql5oL1sDxBHEBEVZ2ctJkNItdHpFTe8T2Z8UieLZTzAe
2020-10-22T01:41:32.328995225Z 128 BqFF0hv5tS6d7bbw0SSSidsXTcZWM3OEiCXMHvFi5mJtsZaz9F1buHjHR4GH
2020-10-22T01:41:32.340130690Z 129 u1LnnGHEhgeKc76FupL3tojVTA1f1NnqqDRpLQZynkTwn3uDmqQchJl5qnoq
2020-10-22T01:41:32.351190345Z 130 DMYZjbyDRmBoyaqdqUQOJ8iNfpPwnTRnSIVwm4STcOH79MsSYdmIhvhTL24v
2020-10-22T01:41:32.362478318Z 131 cH612HqUfdce4XEiasVc2U8Drk4WX5pYy4CLXoWz3QnWkGSF07nTlpIyrYgq
2020-10-22T01:41:32.373022320Z 132 RidnvuJUIGiCpp9eD1KMq7C9kbdO2RwyaN7qqB1WzNquweIdVOgwwNPcQ4jg
2020-10-22T01:41:32.384648827Z 133 YL8maslGZptR8gZ8W2IOuDlS6hWDiKQE4CoayrtS704yOSGp8gNi4ZqnmsPz
2020-10-22T01:41:32.395342260Z 134 lXsVL07JjC48t8sVbd0ARiCI9biHYvsvBiVrvTn9zsyOybiQrbyu8NbyX6Xy
2020-10-22T01:41:32.406089652Z 135 3i3iDMjorpJgxkcDIr32mTp8np0oN6bmzknWYLVFEhJCVAcnsPbpZONCTD9Q
2020-10-22T01:41:32.418072745Z 136 tt7PhqyeOljKjZrvBkvDSpIxGBlQ611xU50FqnzlKr1Dy0mrg0mUh7ZpezZr
2020-10-22T01:41:32.429024642Z 137 qA98Ufs9cbf8aSg5F2N19yIySDmyZ3mzR0MlqaJHix7pHp7aRrkS8ZW5NUGj
2020-10-22T01:41:32.440375446Z 138 GyRuMhe5izg4sEOixOKGyhwNosou6fmDn54IgwDPXAivnhz5UilHRyPAQUBt
2020-10-22T01:41:32.451788953Z 139 tJP33uU3DlGKZlr27NLrngHcsMgAJCX7y4NVFwaQoUo52PNbjkdjIk1jHhU8
2020-10-22T01:41:32.463696219Z 140 FFaIGK5YO7Fdpo6lyJHehg9XdzK4WAOzyEytMIOAX842BkDDI1Q5lRqF6A98
2020-10-22T01:41:32.474962925Z 141 uQrbpMMdRXttTtlfmUKJILVFrYQ8e381Grk00tspT3rCN0TYmpAqNlgjyXFp
2020-10-22T01:41:32.486046427Z 142 ZHx1ZCNOmDXZPfB8u5g3tVtvJFN0UeeqbkjCHIeeo3g5eSBFKMKNFUYRPyGo
2020-10-22T01:41:32.497347154Z 143 GjGXNsutOAqln2kdYeXaG91XoKgHicHi29uUFVpcJaaM2H65WhgUQ5PtmD0J
2020-10-22T01:41:32.507737940Z 144 3E3hkFF0Rtaj1jc7oY7Sa2QIGeCXEMqq5cCj1FQaxVIKAd4oFTGbrUGKMwfc
2020-10-22T01:41:32.518949046Z 145 qdfjsGozKIFGXwFwRQt265K7E2V8sSWlllPMAWUW2e9GG5Dcuq2srsNpuTGU
2020-10-22T01:41:32.530402850Z 146 kPM1sqTWXCCZVTqsgqopUFWozBK184bkucOIKd4oIC91NixQZoQoRVFF8uRc
2020-10-22T01:41:32.541129438Z 147 Sk1FzJpUmo7ud5rORq18AK6U5qxipTQ0a2LeJNo9M8lLhshwa6fm3phY9Efr
2020-10-22T01:41:32.552011281Z 148 880kGBgtUaMTyIVn4YEEtVSyg2w3ILVGYHq4PiggM7U0aLiEMfpWzvsglFvq
2020-10-22T01:41:32.563694048Z 149 AaAHMiU7gpfW0n4A0mEgrtPMhwgjskp1ArCnUxoM3bjAYVrGPm2O3uHC84YD
2020-10-22T01:41:32.575414518Z 150 oLxkFEMJEER84lNxF7vp6LN4bCSD2aTp3MIsINNAtGnh5fV6gn1vlmr3P6PM
2020-10-22T01:41:32.586582224Z 151 9B9WmvrqweRgA3kzKfJUrjtdKQw4HyKhwIGwmded3xFdZX3SgsrmdPvbm6nu
2020-10-22T01:41:32.597215820Z 152 rSQntpIViXowUIZKO0axY90gviUbyHW8C216nfo1PaSdxSUdjH6CxubyhMz1
2020-10-22T01:41:32.608158730Z 153 GWFhN7Hr051aIzEn3bTWqhdN4pLLk6eY7Lqh2JA4hukx1n4Tv1cxw6TWDiLM
2020-10-22T01:41:32.619344232Z 154 rTsWkunhWtxdeGNqtJFj0poMYzNMc41IF7shnZSLeDfSe9D5ZlebUWeKcOms
2020-10-22T01:41:32.630048304Z 155 BdjN9a70qckZusYn2Pt7a33PmxjTOve6itjs2KXu8UUY3Thr7awPxBpV20z1
2020-10-22T01:41:32.641332747Z 156 xyxrP6olZtdzW5cx6QcJ8vFXFPqLFRh76NUqwepFIFSb0rBceF0hPhFsjUv1
2020-10-22T01:41:32.652840011Z 157 VHYXK1Jw7TE9TCnVUzbvDLUThAHtNca9LRD1tSWaedTT0xqzyE6FK4rExb6j
2020-10-22T01:41:32.664494452Z 158 p8JJL0OfcUZCoeSp9usyoDwXXIHPEFi94gEu83UWTAGZxvGzqpeAEzhUtjRt
2020-10-22T01:41:32.675165176Z 159 RQD1gmKfEA371tgBpr3FrpIExz84P8dpBxkiAhCKjwvWdGFAg6LyReFHEn6z
2020-10-22T01:41:32.686125126Z 160 iumls1UYsDqMA2yOxKfbHgSFkaFyu9o7LDYlqLRr31kxRyaMu5DtMkiETmxC
2020-10-22T01:41:32.697148959Z 161 2vNs8lvhsqTpj4cMlS0aLUf9MO9jXi1e1c5my017gxsTS6icWl2QEQsGl9kz
2020-10-22T01:41:32.708784917Z 162 2N3VmS4sK0iDA6E2AUEG726Zwd5dQKRU0rQNkVAjfrXNyrddIZVdzWapGVnT
2020-10-22T01:41:32.720458250Z 163 xZuhlIhPZoQoyUlGnGoune8QniYqJK65C4c2kva484QURl06W36PTt7tnTqn
2020-10-22T01:41:32.730839676Z 164 VuPsnKvjidGQLIqS7CMjVT6tZ7mfw1ONmGx7uHhBKQjYEajBK6Swv1q1ybQn
2020-10-22T01:41:32.742567647Z 165 idLDxeDovKzyqDDHyW8CP4PCiXNCbBCbIrxvhjarNsNDw3Z4wLuaZsGS123a
2020-10-22T01:41:32.753245485Z 166 g4J8WzQyCQoLC0n0PF2bFft7gy1A1rHIdr29ItX893XEv9s196kdIOfwxkkP
2020-10-22T01:41:32.764220671Z 167 n8BnagqoG92KLX5Gs0y8Y7WsUOwkolv8wcsmmdhOjr5aF6CGTxk3zwAJhkSd
2020-10-22T01:41:32.775731347Z 168 0rWvk8av3P0EtMImL04uDkk06t6hp2w17GJHhql5bzOq3RLlvzOBzALE4K9d
2020-10-22T01:41:32.787272888Z 169 5rwA2iF3R8FL6p78z7DWkKngWcChNlSYureL5dlxJDIVerDU2fXUlhA1FuNw
2020-10-22T01:41:32.797968191Z 170 D7K91xfH0uibjIQNS6Xf13sVsfFVHonbaj3X4yPBpREK02CPHydXb2tZHXMh
2020-10-22T01:41:32.809066614Z 171 EECNDO27A7yUwPLOL6L1r1cd6kIiF9LraAf1ddQ3vJAlk4vEHT0fQX3X7zSA
2020-10-22T01:41:32.821269615Z 172 XIdAYg5l8BZYu6xzVI30sNLBTr5kHiu99pNQPq7JVQWtnDUoJ7nLo1m0vOv7
2020-10-22T01:41:32.832537544Z 173 mABtlBSAbfO94ALJ6aIZJwmgWA3VLWz67ZkE4sSrquulWYX6DTU7dwqtF4iK
2020-10-22T01:41:32.843023968Z 174 MIU8DFRuuRWqhmFHs5HvcqOMElD3uD3LaoAPoY29MhHbxB9FZ1Tzzlsv6Pux
2020-10-22T01:41:32.854731820Z 175 FED7VQleLZjXCmjXAJA0h5wiPXo3S0PDuUpkaqFA7aQHhvggrTCNeluEIcOb
2020-10-22T01:41:32.866479739Z 176 lucGbXipZcVXJXih6jDecCSgcSVilJ62f7L2JKCtW8sEa89AlU5m7QhD8wiE
2020-10-22T01:41:32.877828116Z 177 s2BRORmoXlgbirTOmgFTsKDH6VqolveRKay5OJCyAtKyWjjVJjhz19Yvrr2q
2020-10-22T01:41:32.888669477Z 178 tvTFC4DLVRbplcrVnxCgH7xUPIy8FXYVyHp08Ouksc0SSYa8KdxJZvHgxrQs
2020-10-22T01:41:32.898985667Z 179 GozfPyUC4MVSwWk3YMDSvJpOuD6sx2C8TOWmQnfOJvFLMpLTexR1B0nNSnPP
2020-10-22T01:41:32.910551443Z 180 uO6jEvtSkaJ5leSpfdKl8iE11ZXDwVpHnUNtmh02GjYZ6V8pgymAggkZdAR8
2020-10-22T01:41:32.921574240Z 181 VhbXoIrxu8FGMttJOsdKpPA7xP9BTiWQKAIz0SqZRKxrhl8OUtwIOKOyQY6O
2020-10-22T01:41:32.933791082Z 182 KGEHHtnhDGVw3H0hyFrVtcyQNAM4DNhykkskpNAlbiVnuR7s1QxpdSEBsDzy
2020-10-22T01:41:32.945623693Z 183 fg8wNZd7EeCWUV9nJNHWJjaj2pBWj2UYaEXSJOYtmDpbrmRW0at4LLrl8Lb0
2020-10-22T01:41:32.956307679Z 184 F5k5RuxforBBFTfqYErGMcNZzEpxzXxDENFU9ogJhQotK2XJGroewoIrSg43
2020-10-22T01:41:32.967796418Z 185 qVotA4VulifdgwrKatK7S58RVpVer7W8fpCTNHvaWkfeTRztukV4bQHUk67h
2020-10-22T01:41:32.979352820Z 186 5k2vxvWOZvXgAlMXgsPT04JYzo8rH9laJeK3v8wiBJHEDg9DfjUeMOuppS7q
2020-10-22T01:41:32.990158369Z 187 41GtWdU481C5NW7tzaLkfBrGJBMisA3s8fRCBXjb0SevV98d5nx7ijvBqenR
2020-10-22T01:41:33.001844351Z 188 49PFdDwfZJThYPVT0Rid4JrWdh3jKpXTn7bYYqVyOZe19JOhglCy8j9bP8u2
2020-10-22T01:41:33.013524637Z 189 FRWmLXwhXLwWAzizl93kNRjWZkCU81OotRyWBB1TLfCIvSByPKCo0HSnyBBg
2020-10-22T01:41:33.024124781Z 190 IPfm9KJQKT5GXxmwZlemLwqdsJNoFLw51I44yhriLiru2utaD88A12ANreKN
2020-10-22T01:41:33.035665839Z 191 o05StTXHQeJ8LZZbPq6EWaoeiDL2Dx0JHTBdAe5bRxFHTSowzwr9mbjqilJB
2020-10-22T01:41:33.046237979Z 192 ECOrxafWglTuzjFq4tFr5aOPtZAiCTjoQ7236j2Dbsu4vOUZgCccXbVP10Rx
2020-10-22T01:41:33.057915606Z 193 YC8b1y1TwXIbGIeozpKu0jiIxIb76qljjgOspgUoUtIyiBD6bVLBGWus6BN3
2020-10-22T01:41:33.069913471Z 194 ONu0G6dcLXqpndknCVhiJUkV7gEx6a61uycNICGu4TOMTZAV81maclpWwkDq
2020-10-22T01:41:33.082092636Z 195 6g1rTRGwtFglJAcOjqMHRzcg4o1GRst1IsNdLN607nuCdfn8ZXAC182Oz9ay
2020-10-22T01:41:33.093795944Z 196 0eFuPesAQrBNvlc6PT0LsTLfOOCFzAeNncjkVqipExVbyb8s6WFI7d19pWgh
2020-10-22T01:41:33.105273201Z 197 OhSAPs3fluPXobdCd6Oyw8WAbMKfvIdKmk9L16zW3vyuCcaqlaspcqqBnyMR
2020-10-22T01:41:33.116762289Z 198 mGH2MdkKyojVWhorY9C0SJIMslyOLsoFrZNKRZYvEfuxN3q1nTs2i7uByDE3
2020-10-22T01:41:33.128729472Z 199 4OsiqWpNMcTf6fl66GSG031lhCneIQWHP935LHyWyT9kVxNu7MBX5KMGVxGZ
2020-10-22T01:41:33.139495827Z 200 rkEgX9kvtFomvOlmS9OPvzk0NvB6REfK8lzqHikyOA6p8wXRXilU3TmtNahW
2020-10-22T01:41:33.150385471Z 201 xLPRMndgXAsGNk9muEufJadZymcFhTc0Kx7clNzxciBaNeFCNje32QtlaV57
2020-10-22T01:41:33.161068658Z 202 O23tMqStz5xWSMrzgeaIxQ5sm6E2lTFNZg0KgcSg3ggmTs6WaMoVnm9bJ793
2020-10-22T01:41:33.172512027Z 203 U3sN46n79OynVmkv5s47KZItVw28aA9Dy3viaMvGlMxcfxbgniLkJ3wK0szt
2020-10-22T01:41:33.183311450Z 204 ZHHrcfXK7tcjfyZQroIQEGXtJmXDDTFZE03sxYDsUTW6veahiMwMy2PdZQv9
2020-10-22T01:41:33.194791384Z 205 hzDrkLvbFsPUzQbIkmTb08SWLEh7cnABaEP6h3aIIW9vP3qzWwc3dOd2q16X
2020-10-22T01:41:33.206790437Z 206 iqJxqYsRcryopSZ1OvhOOfthY7D5kRnZ4vIIoAILHxoaquGeAjtGmaNeLWUD
2020-10-22T01:41:33.217605121Z 207 aqbgfbJ5ILP5GiObM3dhTPbF33c8BDT4B7OtgqjHj7Vok2Az1HZtnLFhS8lY
2020-10-22T01:41:33.228523654Z 208 dwkO9zc3uOlqQjQdWKvN364TtxqOyJD4RCDiJRXYT36TkIGEdf4bOavWe3gk
2020-10-22T01:41:33.239336859Z 209 a8wCETAp4VW1UY4VFAcmm8vyUe2BDyB05ePIQNfXMfWwsbVjiXAi5VMu7nxv
2020-10-22T01:41:33.250537173Z 210 9VVOO2HnTxV98aEHOC9PR2gmJo9r0DOGoHcCGSjlsY8sWSOzO2XlxpuNWZxg
2020-10-22T01:41:33.261149675Z 211 iEmV2l3wj9y6j98c4vRMr2Bb7LQHEBcxhRGe4cHEvQGMBEBvjcNJcx5uo89L
2020-10-22T01:41:33.272691966Z 212 aqIGrmuVuHZ2ktHbwUSahqgMEGh6nWTBiZdOJrBoK2j8ALPjrcfKk1SdNYDF
2020-10-22T01:41:33.283960294Z 213 n9Uoj8AOyZPGawLdFdtfx5mHmSGJnwjM9mkMLdgnFcjVlJNr1I5frm67yrYg
2020-10-22T01:41:33.294793923Z 214 VxT0k1SENtScPasuiGKLUzIJu90pwqkCKF81YR2PU2liM7xKi2K3fUx2UO1J
2020-10-22T01:41:33.305220181Z 215 ClQxcN0mc9lqJdz10Aumpuxcvij0nNfkKCUgjwpshKRuMqZeQVRDxDma1msx
2020-10-22T01:41:33.316583079Z 216 64CIEDeWHYc4wn4ootQ6H28aDghE43nz2b4U6zfpFEvBm2maIz1h9D9o6Yr4
2020-10-22T01:41:33.327109141Z 217 NTFKdJGZmqTaGTr8f1jcgZPBiKHzO3TFQSEppBmsjllgAqZTvqGcYyLONsHD
2020-10-22T01:41:33.338178226Z 218 qWHF6lgdQVvzpIKNVIBMlbY2OIsxlvtgp0S4qb7Ho1EqtZBRNtOZfswgtesk
2020-10-22T01:41:33.350218274Z 219 TVIxqIZHsAQEljTGLA0RDnDtLAx6cU30yJErpNgD2cOT7gVvSp8QyKJOcb65
2020-10-22T01:41:33.361103971Z 220 aZyQMYI2lxWYGXlOtSIYAZVts4TCq6TvDWTflfe4d953gsshe21l4OKeUkKs
2020-10-22T01:41:33.372798693Z 221 ldFVOpTnLhhKlV5B6ghFYwzqHzUYOjXXFV8TGhcyRpEXmPlxtDQSE1CaNlt0
2020-10-22T01:41:33.384493936Z 222 qzzWPAwa5FAbcISkesvWeSxqNIX9d0OK3DQfnng99UnllSuftgqv6uIJYCQC
2020-10-22T01:41:33.395100184Z 223 dOYHd6VEk5wlKZAo2gxwkAe9xp1Kc85lBAv7CwZtIRBiACixRIaD7G4y7sBt
2020-10-22T01:41:33.406919478Z 224 Uahm7IVSyVHNJxobUMjl4KtaCqNF6kr0WddHapjY2YTG6smF1In7Y8BD1GjM
2020-10-22T01:41:33.418914370Z 225 56eIWvRC0zwhNcUlK62U7c9WBSH3ng1VFJZmNwrogrBOimSpU8oqf1FWNgf9
2020-10-22T01:41:33.429139564Z 226 w7j7NtS88m71wnsDXMwNF53DK9Q0OKoKeyZzsyxINe4RdAMP1TNJ8nlo46kf
2020-10-22T01:41:33.440378908Z 227 Fmpq1g4e64alC0TP3kDnNGbUQpmBCObdTs5txy58ynmGfVw4CzsOlnC2EQZI
2020-10-22T01:41:33.451861892Z 228 0iqy34as5d3p0FzeCiANAd9Z4McBLRjASIFzqtEa2laZSbXRsaqCPY4oQ720
2020-10-22T01:41:33.463854586Z 229 JA9N9bBRHPmSPGQYXsieys0QZHqSt7Uo2tCFOd5FquQlKbUd1v2wrUUxdxaK
2020-10-22T01:41:33.475817930Z 230 SpoyPwrfgICMxEjgvdzIpQa8XDEsB6UyZVe4SvQyhJbzhl4v6myrPpqceIxx
2020-10-22T01:41:33.486735477Z 231 UErmOL595jUNt5TIDro2mq58LFlbPwW9D6EnmoqOPjzGd7bFozuujyh5Xt2O
2020-10-22T01:41:33.498555782Z 232 5T9ViHk0MNoGciDGUxLI7iSey8Wuw0Piq7GNJRroFPaIdn02uzDu5INa1wjn
2020-10-22T01:41:33.510033892Z 233 L1vF9DtOCcuWUNvmQ3oVtt9css4c0uttasjGf5pLTDAoXrYIRBVKi8CjGD3w
2020-10-22T01:41:33.521785719Z 234 mUdp4kqsD24S4X6kMYJ14yXW1TXYg5keCvdL56A3eW4VHnFCPzTFd2XCzBJ6
2020-10-22T01:41:33.532659721Z 235 LGkZFXrSr0fOudHuBNGu2Ekc83b2yQZgPDfNNufpKbv4OEUHIuPLf4YiZ8Eg
2020-10-22T01:41:33.543965587Z 236 xe0hvZtXxoH4nO4GgYJDh2bEXDUsTDHbEcHeHz2LvXs2rFLmLR0GRsuHGjVX
2020-10-22T01:41:33.555542148Z 237 H4VM6zHeuS2nIBoacTgCAv4wv5Yu0J2dDV6bkmoRJkV8ajuOimWvxAyuqJfF
2020-10-22T01:41:33.565906720Z 238 XqUjVEdJYhVWWgNpQU727HC63tQq18Mmsa92gn84pHbe29rVI5R9ByaTJ9zU
2020-10-22T01:41:33.577431631Z 239 nLoinJHG3usPBoiH5gCKWXxCtVh0iHleNpVIlV9qNroyBFuBkx3veUosezFY
2020-10-22T01:41:33.588035850Z 240 fUVSMCP05HLD2NBqUrrItTSUtkrzrOL2XOQnlATVVrMuSWcWv4AC40cuSDlw
2020-10-22T01:41:33.599655211Z 241 Dk6OYdcz1AFraxaEsxmYLnFLtMKf9180INKdXbLQOjJ5x2bOHBWUWvW2qeTL
2020-10-22T01:41:33.610839170Z 242 z9XsasjRQVXjCJ7wMrurXXCynR3dWcuUNSEiZDLTBjQyF47rb9LUih7CMG27
2020-10-22T01:41:33.622733301Z 243 TPwwCUMHdLMEPNdZWfJb7mjQWbZBee6BKBEp2nYCGMZJXe9JXzXHTgfniDoP
2020-10-22T01:41:33.633416405Z 244 DE9EzUz3CSYioqkqDiPpfUCBSypRo2Pkj73zOs5SpMAIAriga4GMYrC13Rx7
2020-10-22T01:41:33.644144779Z 245 1UpIk6VdGehkoQEsbDjHTosrSLRyNmH60L5A28cwI0hE36cL5KUI2VLQguPp
2020-10-22T01:41:33.655723991Z 246 mPbC3vw31OVOV1LPYXBIXZxjaVkvttbQJCPa4s18L5xGKfztbG2lG3fJf8M5
2020-10-22T01:41:33.666689150Z 247 TIZZWmgDGVz6Tbf7R7x8pQNSpZAQmAUFn0HHkZTzKRq2Jhnf7skNrnPOHjCU
2020-10-22T01:41:33.677826571Z 248 SDp66bIILEDB2NOo8oRuXtIdkqxXDlkYSJSyX0pSYiCkXc2KgnFJiPUPspCK
2020-10-22T01:41:33.688320024Z 249 kL42eBjfi4FK1LQzQYsV3wvVo4rmfckt95QaO0jTnHrvTIXUJD2PKgQgNG2L
2020-10-22T01:41:33.698894154Z 250 2cxWnqodIkLDSxaXtz6hrGAsLcbYrbYjasAXQ4y36urWVcTyCZRZ5oO6D2sC
2020-10-22T01:41:33.710332610Z 251 ZeryMUHb0UxCZvqAW2A9sQ7mvoqwEvqIzifvGrirLS9v9LSRS4WKFktALpzw
2020-10-22T01:41:33.721919943Z 252 fzrxegR717BrAaIrciZoAQM2aYE0hv5bi27UaI1k9mxbdc0aGVpCl65Iwnqf
2020-10-22T01:41:33.733639893Z 253 Apsaeu7FW6fstTbftFhY4sUOHj0IaxlNjjqRxzXjNZXu0Rn6z8UBztkF0qJv
2020-10-22T01:41:33.744724739Z 254 ZHs8JVPCQPeVlmN7byYVlT2gukfOOYVK8o0Y06J0rSWdKqztYnGrqL33g1cT
2020-10-22T01:41:33.755564127Z 255 s2ajOijv4K8KeQGD6vfaoTB82yJDgfLxJiuLefUFHe8FHxTuEy9wIa9Oojb9
2020-10-22T01:41:33.767043084Z 256 HXd0eKXBz0fLywM7yJ2OpGQv2zUbHuybuAMH823Fiihra03zPuRU9rY2aLW1
2020-10-22T01:41:33.778252342Z 257 RVexTrb5pdb7kZTSG2LjR6ElcAmjGLji4pAoYrEGs4XVim2tmN0WyEyFRjLP
2020-10-22T01:41:33.789825296Z 258 5xClDS2KT7anAsJDW8lbccyJUNAgxVHdjxwlxCpRa9618qkbEOFsj5CkOeAi
2020-10-22T01:41:33.800563742Z 259 Znlq3tqstPcl6dX4SrFntuafxJymA9xu5z3fHRJIvoz8dRJ6I8qimmtm5eq9
2020-10-22T01:41:33.811107920Z 260 VWTsqfbL38zfpXG6xOwm558g7oTdB1FzVRrf0EPeRXyIrwzGbp6pzeEgBje8
2020-10-22T01:41:33.822866740Z 261 D3l0ZaglIFIrjzpnJL6nHuT64JKolvC6PX5yfPo1pSy1ewKIhUbmlYIp2ipG
2020-10-22T01:41:33.834190630Z 262 FzDkQS0vPQ3SEGbOLC2orMcscVnhBBM1mlgMB98MjqNkDuvvslJTUG2guFtc
2020-10-22T01:41:33.845646228Z 263 RkEEYHfmjXfVF6Gxl1Gu7ITsnJcWrJs5DcoAWG9Xz351oAgXn0P3xUwQdQ4f
2020-10-22T01:41:33.856596571Z 264 vXPpa4imuGMa2ETMNlpTZSNjBlVIaelYkzynETfzPHpTHxmHqMMKYk4zFCsp
2020-10-22T01:41:33.867502152Z 265 ZYi8i7Tm4qkILnv7sVCDzPelJ8VKAGv1Ya1aH3yFLNjgkla04v8FwU1WRDJN
2020-10-22T01:41:33.878387835Z 266 Hiey5zWm2ZxLzOCU6Y7XATqwkrwDFLzKJQuk4QFM0tUEOwUFEovW8YcOYCWI
2020-10-22T01:41:33.889838482Z 267 wsW1DIFAIqfYoOjllG4KWXz1yTDR514V3yOAtXMNAbDjKGlorPEuwNeFUfhp
2020-10-22T01:41:33.901508967Z 268 9V1bIcNhBMQxuQiloWJb1qGYMnqqllDoIoF003oVsC08QDIlvURratio38hh
2020-10-22T01:41:33.912891799Z 269 FB8ket71Jcrz6oQeftRK8WldoNoRJ5ZSD0yQLMyAMAwC2JSYBHkuyxSyulHR
2020-10-22T01:41:33.924784981Z 270 aDkO48kDFNFI16bDw5Aw0Os1HDm3rR75Isp9sg0DccLiGExpYCHi1WcMPgci
2020-10-22T01:41:33.935934957Z 271 Jky25AWXyiYAy12awBtgEotqo07PLXWWzLas3SmcYSD2DNsQYYdC2v83u3iq
2020-10-22T01:41:33.947559267Z 272 5RLYDCQp1saBOKZcyAibcBhoHbtqB217YGNODGdhSP3f9AKyVikl59xPHm7q
2020-10-22T01:41:33.958158281Z 273 uSTlpaqRkkrDrTVskTVpFhc4zg6IPPhYlVvi55C4E08Qlbr68mLaEQkC5ena
2020-10-22T01:41:33.969727119Z 274 2FgpR7PBUmfql0OBO4h9oIEybNPAxyRzSoBXvdTMbFpa0gI9adlhaT2UauPQ
2020-10-22T01:41:33.981251498Z 275 r5mP8IsRTCElMNMvfEHp0QrMTWBGvpr7j73htaum6rB9PStOwjpVbSqfUVaz
2020-10-22T01:41:33.992501899Z 276 ut32c3kEJaq5C9W5r8b6I4TaIb68XFSBXGofNMSXcSkIb84Hl8bmRrepuKac
2020-10-22T01:41:34.004023450Z 277 sne6gw7GzhOEcByEnSyDy3npSPTV1FvJg9b6B96vREUtZO4Z3K6gKmqu9Mzi
2020-10-22T01:41:34.015458582Z 278 BEUNF7R5Sffs0V8fW79rjUa4EhfOnOzMMfoNk5S6wsnuehBpyMNd7DcrYp48
2020-10-22T01:41:34.026049563Z 279 kFykWCY7DT2SRKLfCViSZe3fnzt3VG0BJWeCJhm2jHiWPZBJRyoyYeWFbwhz
2020-10-22T01:41:34.037576563Z 280 zx3k16Iq427a40bc4lQYajhI4iZwaZp7X5BRR7FpYNbjawCEsQQezz33Ewhq
2020-10-22T01:41:34.048288837Z 281 gHf6J7pno96etjjHLy7PXkCWKgEmCDdAuN4w4qiopdFlIRAYG5uxF0RbSjCK
2020-10-22T01:41:34.060098708Z 282 5fSutBJm9bDVo32HkghPdQezSQNooPLBhgzCXINNB9aa59uNNmvDMbaxrAYp
2020-10-22T01:41:34.072007429Z 283 M1WLToUVV5YaTfwqwhoy4mqCdTRWR8n0lwrWmAycecitzBjkWnHBb2TVOt3Z
2020-10-22T01:41:34.083738908Z 284 oNtTlCMJpC0DQX0tGT1BaahGNwrTLJ9thvx25jJN3DajGtbjLr4YU5k0tGUA
2020-10-22T01:41:34.094806407Z 285 WbzVHPg9B2TodbageqqYSlWJZwQonggQ0K6gs37I1c37EYrxKEajAfl5Vl0o
2020-10-22T01:41:34.106028854Z 286 7Etd903HDiG5q2y0v4EutvUicfZYF922cJ2WYpSrhCDh6XuWp6upPugAjbcX
2020-10-22T01:41:34.117590055Z 287 cqkzMEJ9qC7vH5uec297TfiSA269BddoZZDhguQIL3m02Ml7sjh4Jcv9DmZu
2020-10-22T01:41:34.128788286Z 288 ABHJORyiKEXM6e4fOUzn0TlYo3OpsOqfVQJGY7bmJljKZBrFi0CREr73fwkU
2020-10-22T01:41:34.139851847Z 289 OYAZQJTQaBPzJLG38whDBFNKt0IcDC47gvuELHzRFCwhbgzR9atLyzwTEghV
2020-10-22T01:41:34.150955357Z 290 xtx2hyQFFhhqSFFBTagbjYyrLOoxZRaARV3qcKzw7PyRf8aiF0mS2gKhZCQl
2020-10-22T01:41:34.161947072Z 291 Fy0o5hB6SMNs7NPyoHHCQwOLOxf3gajKUaT5FQqWhZzdBh9hQA7zrS3BOvCQ
2020-10-22T01:41:34.173489462Z 292 2hWNt11xlSHH0hcZR0HLI69ixOkarBE6TvvMmOh9MQohTlGIRABp7ekQieTu
2020-10-22T01:41:34.184016928Z 293 PL7l8mSK7GkVvyYG1OGfubDRvv6kmh5YaNsoiJY7N84VXdDvlL4ZRTiCj3ug
2020-10-22T01:41:34.195524469Z 294 QJo8YzbiO2kDpfJal47NPifRNFEWSaxhCC13b0br1wu0gr58R06T7hdIRREc
2020-10-22T01:41:34.206015481Z 295 98T0MQRqO3U8tsPWEQG5OlTkiK69k1SFTFVrZ22KY1agLddrSmK2XwVbFpMP
2020-10-22T01:41:34.216876203Z 296 l7tjc82J5pHAdZGhgNjYC3yHGtm8dDUXglUHcwcPt6TMradImK7oAimgzAcj
2020-10-22T01:41:34.228777261Z 297 anF8AdDL3AkMjFfiJ8Erha6YFwCNh4jvE0eID9NFle86KHxJwiEc79ppgpzR
2020-10-22T01:41:34.240259258Z 298 e0VEcTEma1JAanfFonhaPuF3fvYDR6bFrGmQSoNjUi57k3Uka0URKiUcWokN
2020-10-22T01:41:34.251920805Z 299 Rhki96lwLK1gItlHbBji0S5QvhCjPlBVMafr7mlVE5JFa1jCLyz8aE7y5mJo
2020-10-22T01:41:34.263703836Z 300 Wxc0J2LLiGcSOuz1Gg0adewLoYudxaK7vz8LvwWVzuirtaHPxgg0unYEHOlK
2020-10-22T01:41:34.274738996Z 301 ZHJy5nusyygkA9Lwuqex23FlODtz6mVKU1ZCZB8MzARvR4Jvr7AhjlS3TeJY
2020-10-22T01:41:34.285563234Z 302 TmiqSUEl658j0ufuMH6XIZSD82tRaiW5c4BTGO5nsoIX71xnDChLRyHo9J4B
2020-10-22T01:41:34.296180094Z 303 uTFwhFqP92xQS0o8O74YIsJgXl5eHr0OXyurar32zXQtFnOQjqS9ziZdD3qp
2020-10-22T01:41:34.307864661Z 304 koVStYaXMJUq81qVIIP1cn4bbShrMnlXH3yXoDhForEYT4f5GzigejXnNnRS
2020-10-22T01:41:34.319565232Z 305 7fcYNBMZ2ZPiDBaSsDoNtqi9jhHo1bzVKcz42QjhZoDWn1iAaCpU2EEsW1bG
2020-10-22T01:41:34.330926860Z 306 ijCDd8OWnyxUSgPu923YmeP0XDbi4cuetBHvuEjuAqpNLBBHFA2xO06GyJZ6
2020-10-22T01:41:34.343037031Z 307 d0ICBXZNzHDTLg21NBmnpZ4b8lIcjzk3EelgDeGpfexK8Kil7zzo17vvlGcy
2020-10-22T01:41:34.354099473Z 308 d8gL7EZbakPXESvW6A1Qnb5eZx36BAB33nEVLnBbJBdDODDX5I9NEDofzArs
2020-10-22T01:41:34.365445202Z 309 4flFLVvzmGts9aiGphxW1TxhwCtxFf7r9Z1zhqjU6Kdpq8bFLboSeEewRVud
2020-10-22T01:41:34.376133690Z 310 MspZKPrRi5jc2WC6Q38qu3ay3BA9NMbPoHc9eQxngg8kGgsqNLBgoJYEVbMP
2020-10-22T01:41:34.387823455Z 311 Sea0LfFN3yUZX0TcrpDaHBymWGgyEN3LTNnVYpoQ9i4mCEDC4hiyp28KBpSD
2020-10-22T01:41:34.398520977Z 312 LbfqWaM6b6dTarey3x8nj5b3znaGN7yxAZEr8H6pHMbaC5eRkOiSmJ0wjkTi
2020-10-22T01:41:34.409633414Z 313 IrQBzpHSRquWdoHGAZmTTzzIQoeCwrZUB9zrrOuo8FfBsgaEHdE5ApPgqUda
2020-10-22T01:41:34.421238174Z 314 PuU1roOIFzMYK2Mpt4C065XNyNkSl8ReHorNCmxzvhNoDqWrG3bln8eHxsV6
2020-10-22T01:41:34.432671850Z 315 OHRZUIRwpHeWVyE9jFvEPz6xyS5eBJohTTzDWMjtQ0DZ03USozNPMNnvvkxu
2020-10-22T01:41:34.444328819Z 316 Th6v7wn6JeJxKQrC9AvW56JyTsZQ6QOJPnUxGJcByMWKSTcai2Inr9ZGML5q
2020-10-22T01:41:34.455118923Z 317 KCGQvPD1gviejU2o6iZHtEIq79I02idGYuEm52n5VjGqfzsf5IPrC98yzlF0
2020-10-22T01:41:34.466135358Z 318 jnGJyePPUzkDYwft20CJCgFgVrIzdj0vCYD5lsws56Z66CTbkBuzihpczoZL
2020-10-22T01:41:34.477617648Z 319 0Ul9qinyWqJ6P7hCKRjpqq7qrSEDU6d8KXbzuh49YVfSDRKPGg9tl6OB0tUG
2020-10-22T01:41:34.487831328Z 320 19bHmqxEi5If4TVOspjYUiLMlqojg1a5g3Ja5NclmlKUHpQuGxeZWUnRT8vD
2020-10-22T01:41:34.499298187Z 321 9YpFGCJza0roHep1vo3dRQOjiTzR13iEDWSeTce43WV4DODrOYvsAC9ObAEP
2020-10-22T01:41:34.510829415Z 322 IyveGWtVw1cFkyBoIJLbhwd5gJxB9WcZkIyq3wZAmrTtHdfXLOgoDwHeHzcf
2020-10-22T01:41:34.522511785Z 323 5yKjoLdVX0CuAJbuelskx4lujE9zqxqJ6ObkPY7SRHptwrMo9AJ0gM4bx0OE
2020-10-22T01:41:34.533992361Z 324 IgWi6gRULguFjxWcJq74QYHmRV19AswdYi4CQOMCoK0hP1HdolOleTKHQLk0
2020-10-22T01:41:34.545082394Z 325 Q82jhu1fYBWmvDXY7Z2aYb6kSjYY4rwVGwfFBjcZTEcG88n40U8CacazYYE6
2020-10-22T01:41:34.556394469Z 326 wbGa6X6KCTARm0RqniTqTZeyUzb2g27nVdB8OPUfx2H6g2TYbIVJv7fGgMc1
2020-10-22T01:41:34.567781690Z 327 bY9h60u6z1SfTT6QxWlp8Ku3bDRTbNmKkmN798jter9t81Zxl9m5J5sC3CAr
2020-10-22T01:41:34.579292414Z 328 suxj9fNP6pgJva1pcwhzqExBID097C0e6V8f169gUkyTxj8yKHjgkMmG20nW
2020-10-22T01:41:34.590679246Z 329 bJYSdkveTtmb0w2J3qROveqn3SakhbCPQ8EuOq8iRsvHV78R5K4B1OesAteO
2020-10-22T01:41:34.601534335Z 330 I3721hyKVaexY3S1h3qzeEKNQUs6YNheplOvJ2slE5AxUhsq6vqQ45Q7Cyw4
2020-10-22T01:41:34.612244497Z 331 dIBvaPLSj58GAlQcjtr0JvGEmNDok0nycNYipyp1VFmY8pfyCg4tooaqqccp
2020-10-22T01:41:34.622935126Z 332 gjxYHRgoUGG70ciJajCKs3u4TvSwWyEQKWoUZPX3ATkg7ormWjGGbaN0ujux
2020-10-22T01:41:34.634364742Z 333 51yLpcSAIAb3Ibxe3wTCE08I1UE5F3UvDm8EZYgPbcGdy8z6WnMXFpbMVuEr
2020-10-22T01:41:34.644843795Z 334 Emrgch7bWW6nHrH26rGqGxn0AH3QzO59WLxnhFPTRcnZmmyR3F5408PDWovh
2020-10-22T01:41:34.656431787Z 335 P8FBh6AX8jyAEF97HFIFZi2oOOGcZLX1hrnoP2wvytfnZfzBEbxelepaxUvF
2020-10-22T01:41:34.667163176Z 336 iO8LTqwKY88YAlf6sBbvLWmahP8q6pYNOPTM4HkCF5sdm1zrEPDqCMr9Q2ql
2020-10-22T01:41:34.678404724Z 337 ikrHNSuwyT4XtEbnjEeTm4GGuKzhjFQh4Ag85a1GiGLhVOBGWI74ryI3Buoy
2020-10-22T01:41:34.689286802Z 338 hLvbgDrYsiSebhwKVQ1AqrYKXCahfuKkEbyLLNjuHMEUTr0Xj46tO8u5VwKW
2020-10-22T01:41:34.700298459Z 339 gBCWfNPkh3AplJnSXVOxqKpUahg53Bz6iipNy1XcoBPWyoF0IRohMbw2xexX
2020-10-22T01:41:34.710944235Z 340 MhKh3rneCI9F6wDAtSbhntRcYMz5VpLIlCNMSGgKPE0fSkGNAglUQYrxBsik
2020-10-22T01:41:34.722527358Z 341 MN5nU2w1yH2XjAEjJ9IaaWgIwt0Scsiun1Ruly2xThZbTn0Ul1bs9kg21MH0
2020-10-22T01:41:34.733915280Z 342 yKECpKvGbrJH2R6rO1iT7nKyFUKr6OsxigDgainsAx2NGFZYspJABaiQtgHK
2020-10-22T01:41:34.744755967Z 343 DFDQ0Bkdyb5x8r0kextO4ZzTR3s1pu54E7hoj2k3hqLZOwSYydmTowmmPuje
2020-10-22T01:41:34.755241361Z 344 0wzbAlhUQ7KDZw2HfKbWQ0Q5TRh5TFoRW6gCZBaWFVjHdv4xL5TWFr3QCEjn
2020-10-22T01:41:34.766765139Z 345 gv1q4UIPRinm4yNtIGu3UPH0RRXtmm43XAUhJJMmz7FFxgQjsWRzPUZZc9mO
2020-10-22T01:41:34.778709284Z 346 haiyVga3uV8aMmPfdlWXUbRHdtJCEymD6dzfIwZZTJhmJZFn40uUr4P7zE1k
2020-10-22T01:41:34.789251117Z 347 DgfH7IMRJfQWdRJzQGCUKGcAICJ1qKfJCdRK2YZL6RfgPLnLPzzTAkjSpZXo
2020-10-22T01:41:34.800295965Z 348 TUzX7VjsicmcywQwcDNdVdQ5tJWFUvfkmoN8qmLEw4bLz58qKTgc4fW7JGBs
2020-10-22T01:41:34.811639829Z 349 VXebu5XUXeS8NTd2nIGygJxymy3dkTrJUJbh9wXh0Q5UoWwSseIkMAsiXNZl
2020-10-22T01:41:34.822585695Z 350 wHpOox1BxR0Qaa5BYELtnacPUJlmG8KUwY9KKvZuPmafypa0Mc7ebQAGCiVY
2020-10-22T01:41:34.833329279Z 351 twe7OF6B8AoTkaMsDp87dQ8CrfJyvwYCCZOwVg5vLUKODjNZqdwWPLOdvvfZ
2020-10-22T01:41:34.843971734Z 352 RLeX94HzashpOOM7rsmGv0wXtvPXDiTWEFHUdIlS7xMfcRa4WA0i4sfTTYrf
2020-10-22T01:41:34.855324900Z 353 THgPMZqYIMApGDguTjnWLFXR1hw7VoZfqLpnqmcxXZSTGSwUlWkBJxt2Pa3T
2020-10-22T01:41:34.866004322Z 354 BKdfJrkqKzRb8D376osT3Ra5cNLD42rbL3iDCE6xRfJEdSTaixvFCbshrrEP
2020-10-22T01:41:34.877445136Z 355 qH2LnzPCrOZHmQNYRT9E2j6gESnP8y9YO0khKUbr1S3GVLLwPZ28iHhsK2eG
2020-10-22T01:41:34.888743461Z 356 Va9lvJE0gstqeNmSgdkMFkuKm89Ko3N4qWx2eEGuyIUt5uHKUSf8GzhIS8D2
2020-10-22T01:41:34.899553966Z 357 8rFEPuEt0MDm0VNflnTAi09JcMaq7wIzsxKUrxwkPtyiSMppQE5d9PTHyp28
2020-10-22T01:41:34.910451897Z 358 QPGUKHY8TyPfap2WIkOeRW5zKe5IRyVHUvE8Aak5KrfrUWB1msoPKiNQX7rJ
2020-10-22T01:41:34.921186655Z 359 Etvvvzt1PZJncUaYMBz4R6fi0mF71sGqfyAdRs15B31qPvlOO9ZTmsUzQbHG
2020-10-22T01:41:34.932617301Z 360 535eP7BP96A3RRAMbk8ADMmhhsAB7wcSavVlxF4zTcj69XCF9FbP6uwmvFek
2020-10-22T01:41:34.943804029Z 361 rHre1DDuLuN7uYAwHOkI9EoIFthWlokOcMRlguwIJEUZcL2xBs4OcqsPM85b
2020-10-22T01:41:34.955770993Z 362 iweq3ZQa6hryzXUebOq5aMetGoxS9iMvVsloKoldVkwEvIOeId5dA63Rt2jE
2020-10-22T01:41:34.967269795Z 363 kOHQeGVe08a59gEDoNfCR7AVvrplwL1oc1EMjvg34AYETKqwAZLSxMOvY3sN
2020-10-22T01:41:34.978537834Z 364 hm4n8qhLG0LpcCw831NnURuHVh1KHsgARVEBbRea0tyMa92nYlJOvfemUv94
2020-10-22T01:41:34.989149206Z 365 s2ouOtJGhfsmERIgfqcvmGWJIkYpgpw8DgBHan0VoaM4B9OubPhKAOcVdq8N
2020-10-22T01:41:35.001003215Z 366 FLPqvDrT0N8btEpiURSqpVWiCxKmRUCLyKxiV5d1DRMFO7WekqAVYkyKK53N
2020-10-22T01:41:35.013045165Z 367 wdmMAfUTYKDBiYOXMozW8ALafM1ohIIDh6DNT87fXBicjQOGeqnXcerzzAbJ
2020-10-22T01:41:35.024975048Z 368 vYp3ADRpH8UhOg6m4WUcpDpKWr4ZixXZV3FFJE6E0w3s1xRNEL1B5w0XO7Pf
2020-10-22T01:41:35.038084062Z 369 KOsMgRM9jbjdgKyyCJC45RDz9kOzwx8meTRroKCuM4OIDTAlYC6gx4M5nCbn
2020-10-22T01:41:35.049381564Z 370 Yy3y9QXLofA35JUz7UrSujRHqpn2iP1RfVbC5dRz2SZeVGVWCGRpnAG9s8Dp
2020-10-22T01:41:35.060918720Z 371 r5gAMGtx3JhNvYbZqifpv10P8WJbrAlZAN0a1GZJvOhCvkcaUH0usLs2HoQm
2020-10-22T01:41:35.072704068Z 372 1DHAstWGEanZYUkzbl2LffFJf7ASpEFPGIf27AlOETEyV3ZyK0JGOqAgqqKQ
2020-10-22T01:41:35.083455827Z 373 jvPLufWPNO67pz3SasEPAuo5lzyyoPuWbzzEWfSZDbp0GLSlNPjpmqEyEZ6B
2020-10-22T01:41:35.094353682Z 374 YnGhIX42L7gBoeC9sqTJcStfiJd0rl4NHjf7sgc9yOjeAYK6LuvygbcrEL3z
2020-10-22T01:41:35.105512950Z 375 NuWw8DZ5e6cPh2G2VHfUJQPWOkd6LrZ7YtzoeCpwEivLd4tfjIoXtriANn7I
2020-10-22T01:41:35.116019117Z 376 tKkHjOC7VZzIIqC2qvbL8E8wYxpCcRkjF3igiYpnCq15G1mesYSQX9aKjjB8
2020-10-22T01:41:35.127622528Z 377 CweE4KeeooAUsKdok3MtdChggjQfyYInz4DXfTKs3W1IV1PMyrJFGuH0KU0N
2020-10-22T01:41:35.138458675Z 378 OFHXUF4jdO3Efftm2wDVY7gn49kZ1ZY0TSMgnizO0B6GAAPZtlsJnTxzZfQ4
2020-10-22T01:41:35.149212357Z 379 QHtsuW89J9VeXOUQvuEQZBAFMX2McC6xWsuSczxiqDkWJSYJMKyMSUTdvz9c
2020-10-22T01:41:35.160711833Z 380 48yP8sgy878LOwGAdrepTOTewmKZeNFDY5tm2vdA6q9hAa9zl8BsWpxsy9di
2020-10-22T01:41:35.171136783Z 381 sS8QNppJeZMUAiT3j2ap8TzSNxD7NHo8GDks38pKAZk3mvWQBTSC1oq34imm
2020-10-22T01:41:35.182866133Z 382 oSfTMJT4muXcTas3JMlvENEYlsUyQoiYb6KdCQYH4RzMGssZFUhVsVjCvTmH
2020-10-22T01:41:35.194663189Z 383 RWa94cIuJHPqc1dMwSFyxpaFoc9r7LdfFFAm0SwyJTWF7m0H8FOhsQ20bfRe
2020-10-22T01:41:35.205793612Z 384 RZEd5FRs78iQQwCrsXxwyI1d0yTBRdgXWVGhUg16qV4zmbHv03idvYCy4wB6
2020-10-22T01:41:35.216816642Z 385 B7d6KSDK0almaGe3p3ddwBNC3Mpc3zUtUSP3rbWhU2zXRjbhBfqza1ql4vAr
2020-10-22T01:41:35.227243817Z 386 uebegs9tYsIcNFjFqmVJxCj1bBHqOJaE7rgC7CcT5RWVxaMEUqzEWg2rp0b5
2020-10-22T01:41:35.238353415Z 387 SGxPfWsCqW9vWs8iGsPGQRNSe9jb0miCgFuR88h9LEcxyJl7oGw1JbDug3g3
2020-10-22T01:41:35.249651377Z 388 n3iMOvZgMbz4dWG6eWKOzeNnbFSqA7Tn0KH2KlIWNQ7dQqCUcxbKRN1M3kIJ
2020-10-22T01:41:35.261334944Z 389 cowRK7CjPzxAF1S53qipgT4jit6zvvgaHPOUBTEIIeAT9klIHU3xaMLsPNC5
2020-10-22T01:41:35.272377086Z 390 xS2caCWURF5OGYlPfeYfOVDEyrBQE8FU8mQoEIdcjkJlKPMLgogtZI2vFCFZ
2020-10-22T01:41:35.283099745Z 391 g8kKmyz6huTYBb7Kh5x4INOxpUzl0fIXZmaFvKtk1VhDxWQoD4m5hXBq6LxL
2020-10-22T01:41:35.294407655Z 392 NnJDslXmz06wBvYL8s7o3sek6JVVCaiC1Df31pOdv95ysplKSm3uXDHhwdXB
2020-10-22T01:41:35.305480661Z 393 52xShaOgXjITFF95aWUOoMnk0gfun9Gvr4PIUQiNGboGZpEFhgJHIUggzXNq
2020-10-22T01:41:35.316187685Z 394 vqwUfp3XaO4790qFBySP0zXqMUr4OIiXCfJf3BBULxRiQ2UD7isGlCluw2Tw
2020-10-22T01:41:35.327965469Z 395 4QK7ULa3tXqVyyq4Fa943W7ZKceYcYrYYBQLywgLzqpJIC94UaSuzsAvuHy0
2020-10-22T01:41:35.339261183Z 396 3Ivr0MnTKMWMQivqfx3kIfhl1j1pc2QFAVSnZYZdSDrdEy2ZGltdptqCh6pR
2020-10-22T01:41:35.350421951Z 397 wndsAkatj3c2QJMgC3vqcT25y5bb0VPgTS53Vzn6uxT0K3LcbqoY8UXWKmIv
2020-10-22T01:41:35.361032290Z 398 rcrbHdmIUgh4RnL0GLnR8Fc9XXwM1EoP4AbKwZ6pgVJ35Pr9D5N2MwS7riZX
2020-10-22T01:41:35.372584328Z 399 eYSfU2zqHkNq9UEj5EvlahpbcLR64UUaYeXLmzjeqzVE8mG43RrudfB9c75v
2020-10-22T01:41:35.384653449Z 400 QjSS3SS9aqMbKVklf9AKZ0exTZnfQ4AeJa1x0IUtPFZY47UPkKA0BtfdEtJ6
2020-10-22T01:41:35.396899066Z 401 RlT9rsEOYIdEFggCvyx8rXdkKtypfJnJG8tOy3sddrbUOKXhYRrWtzLPID5W
2020-10-22T01:41:35.408199720Z 402 QV84lnq9c7cxPOuFmjh71mPuL6b4gZIyhDujuA0FPgIt3WwIqmTHYlBw4HUk
2020-10-22T01:41:35.419432222Z 403 dyIW7NgTt7hiVwvjcYIeNgtntMi4XOhcZO72LtfWPi2XhlkUyj6La4iMLENG
2020-10-22T01:41:35.430559081Z 404 n7Xf22xYBwGNM19P0P9MLLllf0lUeobGMBanM5eaao2hGnKERSqREAMAuhqI
2020-10-22T01:41:35.441247663Z 405 tRS6oZKv3KS7AwPQezYr1tlmo6uMesaUsGycbx7wfZZ8vsqmNINykm2kf0DQ
2020-10-22T01:41:35.453044770Z 406 mqdEC2RLICxaxO9Fi3kfTdufueycuQXAjgcNdqkO3wnj0hEkurYGZtC5hTP5
2020-10-22T01:41:35.463976018Z 407 ptKtp7MxAhIYzPIuyoWfZuqtYmLPLcp3ZcSVfZBK5C10svUWWkPLis4HPS13
2020-10-22T01:41:35.475453312Z 408 5HyDawU9oMShF3gKh8V00sV0sBumcsxrKYUaeTQvCnO9VtMj9IA19vHOTHZ5
2020-10-22T01:41:35.486927256Z 409 G9VBWJT3LySuN5lN9Xg51kGdlwtS5lXN89O25v5rIgn4dm7AnKg0FDsjOvoS
2020-10-22T01:41:35.498431674Z 410 eUa7FUk1KXX208XntthEaVznGLqOrZl0oN39qWC2CrRzl78A4jO0KQF9Jg0i
2020-10-22T01:41:35.509675470Z 411 kQXMfhqyTBZGeYGhilLBqaqHqHBYaXOojQ1e4CtOUAYy0wpfiGe4YBkCAN1c
2020-10-22T01:41:35.520432597Z 412 1LBr60SFzWm3X1J3JyfoXjNaupW2nmdKmrlFYkCRbhzAUbkjIG5buWSTjAps
2020-10-22T01:41:35.531044276Z 413 7bOdBT8bay3I0n4xVLw5cYdkeP4LNcMHsBtnc0KpgXLT6dYSFAiBFBjMKvUN
2020-10-22T01:41:35.542094994Z 414 rTzj4SHhV2jFOA1czZgSGqzxK3dgHrjI62MD4V8qI7iKmBZGOijiAeXQXEYv
2020-10-22T01:41:35.553816821Z 415 2mUvjjw3I33AQcfXLDqtAlcz5vDOg4JxQmcuFewFDoJmfCBlU6fx8dCkr4SX
2020-10-22T01:41:35.565275475Z 416 RVS1NxlxkgSI8G779OEKefdfdZwWup9G4aWLgVP8YwAkdu074NGlmc5Xrb61
2020-10-22T01:41:35.576686676Z 417 pThqyCUOnUHjjoqD8lJmFSkZgTpjNM9dDuYUNtrRtIIvNsPAsHmtzNsr7Paf
2020-10-22T01:41:35.587496203Z 418 nQTRwOqTbBPmQ9tDJtQ2WibxyCNap2w0EexBOHLKEwIYqU7af2hHDw2pr9zx
2020-10-22T01:41:35.598252369Z 419 U7sxATki4ESQuM7Ugf6TLXX34u7mvW2DKXCyBViQE5SbueGOZIyS0RBwGlra
2020-10-22T01:41:35.609172441Z 420 1epz3g2xiOKdXAZq83QjOGu7UjTzDh4qD5ZCNSYOhT0Luk9gWvT1FN8w7WcL
2020-10-22T01:41:35.620763643Z 421 8bLoGnR4p82Y71O4fDfHOutJayebarR98P4dZagW9PsbchBhhymlxh4Q0Ysf
2020-10-22T01:41:35.632471111Z 422 IZJRCwvKXcuEuXvIj32UFvxoxf9td5cjN3gJm3TqsLc8uf3dzeRAA4vKrPgw
2020-10-22T01:41:35.642969080Z 423 rd2CsJQ8yh8oJ71RVIvSoPVHZn7gSboNAIC8xI8LrjsyKQpLDis93CJ6D3R3
2020-10-22T01:41:35.654736435Z 424 pD6bGSSqkhxCG5G5aoR7Sc8XyqYrBBpZHc5UQwpQp5zpXvxTvXrG3GQj7c5K
2020-10-22T01:41:35.665427516Z 425 CDAT9zknBLLlf839qtghnyln9SeRLD5aGd4uQf3WtjkK7ofz7g7WqJfwwm7O
2020-10-22T01:41:35.676753555Z 426 YQrBqKyurCJ2LMPaOPkXBvcHamFCc8YbZ1OJCJH5QwZzWFOrBP6AQEDqNkXI
2020-10-22T01:41:35.687867423Z 427 U0dRpoHGMBdlySZ4zAflbG44znixfzNmehHDgtl49lOGju1GeKpwP6Uqcv1R
2020-10-22T01:41:35.699390225Z 428 DFN2Roc1s0gxjASasVA8FhPd7newFPbNQ3G2lQYzIpVdZxnoB1qlAhJgUhO7
2020-10-22T01:41:35.710734420Z 429 WGjGs1tPQfBhInDDknmGYIDcqzl9VcYLoudfGI6VecoiC3pCuTJmhWZ7X8Rp
2020-10-22T01:41:35.721552775Z 430 KJiZy6dGOzu0nscraPRGnGltYpusaCDwt6i9xbTY9yI0qVc5Y4Y5LuhvqiKo
2020-10-22T01:41:35.732240867Z 431 vBPVjQppR9zPwxuLkYWzBBzETDOxnXuF5SFONkQ9M6LYhYtdvhoplkDD0o22
2020-10-22T01:41:35.743328091Z 432 X6ZdEWy7CT240vEM3CcLr85QK0Jzh6XANbK4LphX0DIjPrINWY9d5cB97FuK
2020-10-22T01:41:35.754130518Z 433 HoizVPVKpUb3nPi0VkNuRPXUuwHww2qWMBXsT8Kx0hxvDeayNBtt408hIiOY
2020-10-22T01:41:35.764969398Z 434 qiEBJiNJHpmJBROZnFvFswCe5ErUniqY7yiatNfxsNh323AzIjHzIMmibx6h
2020-10-22T01:41:35.776517857Z 435 iubMBbe69mT0stzltS4i9Ax669xqmbHsgTOX7tn7MW25jFlgHjVkQinjHLGB
2020-10-22T01:41:35.787535566Z 436 L5V6AJ0aygmW2AyVV1rPRnNCk21hVGPnEJ8FwTVB2bPw3kqM3fIETK5kC9kz
2020-10-22T01:41:35.798310178Z 437 vfuilNpzJA7ZNqma9MVlr5EQWTbhpSf03XYQW0R7A7e8mYyn2eGJk70z6agI
2020-10-22T01:41:35.809110918Z 438 TyKI5j9ABEQ7RrhCS3OTowt0xyALcgAEWH3qeNirbAQuxaX1RUxxDrHnvy4H
2020-10-22T01:41:35.820934410Z 439 NnzLmKnImDsVwwTKEi6dcuxYefJ9vx7fUymBobTsncfFDx05Ww5tmmLaXDaI
2020-10-22T01:41:35.831975104Z 440 0INrkgiLCAaPb02KDYQ7w0xEKBr7Xxs08WldFJzFoaTRS2Xg9oILCWbtlWgm
2020-10-22T01:41:35.843590152Z 441 UXiFIiZ6sESJVv0rHVkYAW5C46IIHYQaS9lnXNyAWqXDtGnyNbsKVIJ7KfF2
2020-10-22T01:41:35.854579719Z 442 s8nZCe7wQL0CAJVK0vNm4kUgeAfmI36zOeeV94DEIuSUSMn9F2mMiVGoXjcE
2020-10-22T01:41:35.865865923Z 443 nClCDaHi8bMec1b2eeth6hkAN7pLDEXcB1FFzLNZrQHYuQxQxplqnUAfkaIG
2020-10-22T01:41:35.877295806Z 444 ytvXarxI02utzSZsvYFCZI1DBRb3z3kC9ZZsZSl2DKxoIoyJQPgdlcNKqwKO
2020-10-22T01:41:35.887772469Z 445 X4zaEjHRwewyA6VpKnthKhw2JDUkw8XYgvBnl8rZj4kCNiod7WMW4yYjG8Yt
2020-10-22T01:41:35.899033145Z 446 v88rk23K5jZx65IO8XO8gamGvkrrx3iqygmLtk8o3G16vXNWkjkvbNAkgKZs
2020-10-22T01:41:35.910516378Z 447 7hKJCY0SYNHmL02pRzwqXRsoaeVeEJSyxVtPXxwQTJIOqMWwDJDauzIMEuHi
2020-10-22T01:41:35.921131129Z 448 ws281WitRdf81A3pQI2pTTkMvSEIAFNUWFw932gpltZq0SPRDn9Xssz5lEG3
2020-10-22T01:41:35.932866846Z 449 uRrwM7dzsGNRqRF3QhRLva2dXmE9NidXjCO3P5fN9dFbHSnnmeeUcXHlAxaa
2020-10-22T01:41:35.944600927Z 450 HIyBtDPqu4kwUD54O96VSFemYaahkC3UltzD9d1SihPAkwSaEiOEaOWKAdxB
2020-10-22T01:41:35.954849758Z 451 WSmHfvrDq9rzw8xpB0B9NfTWnBOTeUaz73ShRLtKImNAc5yU5Fblrl8FdeB3
2020-10-22T01:41:35.965930426Z 452 WfCIWp6icE7jtCuYG7tjbKTabe7LyY4wn7G1bXcWDd1hXjmJIKfl5WsC1RY6
2020-10-22T01:41:35.977391036Z 453 knUGiQaMYsougadrcQRmBbybmO7PF7raJfVm6ZQffdyYkZbHj2ElnBKxT7z4
2020-10-22T01:41:35.988165849Z 454 BnNd8NTVKTKhMfBjfHuIsmMgwf3n1z3EDdWaUwyoKObs0ZB67AvdJGegUBbs
2020-10-22T01:41:36.000091112Z 455 pGaRXc3ciPqtiryFv3daaiImcO6nCoWl6h5NwTVKSVq0ZKgPhaZfx2V3H6bD
2020-10-22T01:41:36.010881881Z 456 uRgEluTOsiIfFDuOGVwD1zl4MGyWMG3IDzJBoq8TXp5P0F1yjfKaq4bbv4tI
2020-10-22T01:41:36.022148726Z 457 ITpRc7JJpyWZsLMU13zOoWnIOjIw8GgjurmfPYpBqTjJIwUthkJxHFhavJYn
2020-10-22T01:41:36.033417664Z 458 aigIjywwuMLUCzICw3So9iBdA4A7IIzSktoebl7txw2vK97U8jbn7jZJLAjj
2020-10-22T01:41:36.044775480Z 459 1qhUuVpt5BFtAvEK4aZzsyk5TMpSChYZSQKHjI9uN4CVVe3LuYKckI2BwaeR
2020-10-22T01:41:36.056498968Z 460 SbMvxiyqKoMwMnwpstSecnlP287kZLBpKIlwBT7tyhmjTyDOJeX0yJPdLUOy
2020-10-22T01:41:36.067960520Z 461 wU3KaoJUugw0DrbdvAIeqqYQ40pvFmJcxDgeTHXLYR1Q4NuTqUuZ5WKV8g7g
2020-10-22T01:41:36.080161988Z 462 AVvwkz9u65EChdh89PQSJJAnZWYK9JvI9Qnnq7N8KcSql9mm9dClJxFlVJeH
2020-10-22T01:41:36.090051710Z 463 oRQydNItCMCk8P0bVDrVxFRxr0s0dGkl1q7GgvcYyXqmiNenkhjgLb6Qyvng
2020-10-22T01:41:36.100955231Z 464 fQEV6JNc5R7EtuVOfhaIXheJYmPW926s5BSDXzfLFnD3uxHDJB79Akn6NeM7
2020-10-22T01:41:36.112330522Z 465 SOBKawfVSQTaFO0BKyg7GH5WiXZu8agfpO48P5DHPdJfU4N0i2IydeAdc7tc
2020-10-22T01:41:36.123820239Z 466 gAL4HJQ4aeyMPYE4gLCjdowcTciHWmRvg5lnhTXMJSUXMrwOQdmE8fB7OMjq
2020-10-22T01:41:36.135730435Z 467 8ZTFucqztAvljtZFHxwIUzrTSgoMS3ByvoHCVpsbEb33AEZzU1sPAXDPIK9u
2020-10-22T01:41:36.146545114Z 468 vVFsMvqFEJeW0YfGO23SnBgljDqJlMdkPIzYajMqslHkKZrW1ohwPWZ1RaRs
2020-10-22T01:41:36.157722827Z 469 8KD1HMCMo8Y0SSLPpHcKztcIbt79eXTIFaXCPfu4XvptDhRrnA7uWW83FKWP
2020-10-22T01:41:36.169122669Z 470 cRS11LpxSkpv5EYuPFm0x8fJ1bHxOmTCoi4hZFdyKrrQegHvvx6sZl9vnzx2
2020-10-22T01:41:36.180619428Z 471 upVU4PwprvTOwSutOEZmbsmgpLLDuVVz3kNN3hjWLjo67XPHXzPJ8GAP8DGH
2020-10-22T01:41:36.191152931Z 472 jZap3ZsuqDnSn04lksDLAnOCWhpZCo53YcMOtpQEYVs8mWmbcg21HbDvCyL3
2020-10-22T01:41:36.202869782Z 473 Nau35IrfvRODHSyotpKscUcOEywkG3w5IHmD7IMXRe8GtAgO38EUd9PgVrKF
2020-10-22T01:41:36.214573499Z 474 D3eGAYGuL4Ol1AnTM2FSB44AGAT3rku7h3c7K7qaAymUQj2PErZ1LfKHtlS0
2020-10-22T01:41:36.225663845Z 475 9dkuXOa7eIkarH1wuX845pX6Vfw1PIOdgaOAs7y5YsxDInjNjEz2dHKIs40l
2020-10-22T01:41:36.237305025Z 476 JOZkhArU60D3EgcYTC9boGa7IhSwCUyPPyqpABjZcNCAM8yctSwAPT6PN70M
2020-10-22T01:41:36.248019635Z 477 CRaqnUWl4M74ZM4DhKPacoJoJycuYD7k9D252ypmT5H5e8vALWNZMVeQwoad
2020-10-22T01:41:36.259324134Z 478 aoFbUXxkLYI7RkJtX0sNeG2lV7YqHaij5Uo8rWH5mApTqbUTXoP7lNqSEEN1
2020-10-22T01:41:36.270332850Z 479 UDnmxObW5pNEf8wZNoxTxtd10SZL3wHlG9rCbAORuf4si4Nt4b8xGsSZ9OOW
2020-10-22T01:41:36.281039653Z 480 iIIOKmmi5ckzZntyHxWbfnw3txYJYHJmOQmPkD3RHEatDH3xId9OJoOkulI8
2020-10-22T01:41:36.292132006Z 481 TxH9bKvS2E07ddsZ9xMZw5jydaphB8iqyqGf5EHaoeOEE2QjY5vaGbeLt6y6
2020-10-22T01:41:36.303244226Z 482 v6Y9eLaMbzbGNjm5eTcyNGT00Yg3s8arS6xMHA0vvYwFKNlN6Gt3xV0MxKv1
2020-10-22T01:41:36.314627342Z 483 cyUsmFn56Zt4XmQ7jNStg3cELzNNSIY1zA5qcIh3j5gvVkDaydjXpymdKbpo
2020-10-22T01:41:36.326865219Z 484 q3MqosV2G1loYT89V6tzS19OQQCG9HpSGo8hn4maIMjHCchpUurXIac5ywvd
2020-10-22T01:41:36.338124107Z 485 bLFQINxK3FRBEeywMzMIocO7FanXCJNFAliXdcnIWTdicqG7jvZkpwLX5bzn
2020-10-22T01:41:36.349047684Z 486 1ggoC6vccwiJzILNawCAmh2tzQbtl9n5Z5YCPeEDOg7tdVncdK23x0OHniKb
2020-10-22T01:41:36.360393148Z 487 76kIQ1CofBIdb9Y10TxV8f6hVPM1rdOFBrvDd6LOeep364ytsmieUIKIp3Kk
2020-10-22T01:41:36.371843457Z 488 9FPhhKmhBU9NUPl95XM8kWG9UjTXWLGUcW9SupYaEyafNoW9RSik89Va0T5Q
2020-10-22T01:41:36.382734765Z 489 MFPGJ0DnC3IG1J47Os6LGK8xJ2Q8irU30Iheq4FGObNmZOxaVv8BSOVWUOCQ
2020-10-22T01:41:36.393832653Z 490 NJFArwsxF1nGecYrbheBcIsIkgk1L0Q3Eq4GmuCQkySF8xyRQU2kiIGP9dRR
2020-10-22T01:41:36.404698057Z 491 pAvt6EfIonAOxzIzC5oeeYQ9m1I0nkUAzuKw9kjQG8cxpBIWTcIYHx3EqQ3P
2020-10-22T01:41:36.415699144Z 492 7vaP3BNmoKUtafAvOGWyEmpI6OkZKWkNAWZiS0WaQKKqCAXncCxk8jV4BWB9
2020-10-22T01:41:36.426477522Z 493 i0NcBAwGznAjCjkbxhBZc4dlqaDonMsZPpZBeoBKdaO3QpgGuUQtGvk8Uk2s
2020-10-22T01:41:36.437731897Z 494 SIVhQjTgXbCytT4sSlmBPRDgGHOkULngIbyaWei6wxUISdwfdiVMZORC7Nx9
2020-10-22T01:41:36.449421207Z 495 G3KVNCURdkiuLAPZavBtfQvg4ZjOesIqo75U8kAfYImFXXizXibqKlFs4Pta
2020-10-22T01:41:36.460283274Z 496 Tj3uwquTN28GxywsA8cQNf5cnIkreRvIDHJlZuMA2qQBqq9q8IjiRXJbU4oq
2020-10-22T01:41:36.471619478Z 497 ObQc6MkIbwdoEnLDVUAmMDDD8dTWlg3k9Tq46CW9qXqXXaA8xoAzORJvaPuo
2020-10-22T01:41:36.482530857Z 498 wP9x5kjgt8b2wWnPQkly1RF3DTXHRcms43AEj1xVA4Om2tx65uBxxaHt3IX3
2020-10-22T01:41:36.493680803Z 499 vt58ORciIa7yeS1V9xQOn4gmUN6orAHPqF7dTe7Unf78ZUEW7MxDjSwa0l1X
2020-10-22T01:41:36.504152838Z 500 CD9SvOevcwk7NoOWmplCGXxZVnJmEWKegX9GeJ4Y7LfIqgihD2UCaOapYAyR
2020-10-22T01:41:36.515854178Z 501 6H67Xi5ZXuzRRzxgdR5tb94e5CZnOZoAUGg2eb3Dtjli0K2OzRl0MdpXTabD
2020-10-22T01:41:36.527713498Z 502 MrtwvoNgXknP2WQr9TahDvUVLsO28IOdtqGtIa3i4OjPlPalmlI7se9tPBw4
2020-10-22T01:41:36.538434043Z 503 Vwjba5AD3m4yhXW312KYEnTQtbuBJC3aQU2fWAHE1Gbytfy8CfAq4w5vi2Us
2020-10-22T01:41:36.549369619Z 504 7GQ6ZoAOrAMLRFDSY0jiL32DwXDDoqMwCQG9LUk6z0c4fdeU8nycDoI1tRlo
2020-10-22T01:41:36.560242442Z 505 Kj3Ielzdza6AoGXf4aTFiIQMWP7K1GjD1l3Ffg9qLdLohM9slZvdCD1Xhpa7
2020-10-22T01:41:36.571649651Z 506 BDOQOKxkk02xOFYvSVVYa7SgxbN2s0MohXpr5I981AVXqkNICUQwIWF2bgmA
2020-10-22T01:41:36.583482244Z 507 ZS0LA0koxOkmnu3pOzCVC1S4i7ctYFbSQODNagfJS7hNlWkXbJYUjPsyfcH2
2020-10-22T01:41:36.594530834Z 508 jjDqUaDxxt73fJKwaataNBNIRGRNbK65sdGvPlREq25aFxceiqEc0x3XdsKv
2020-10-22T01:41:36.605753162Z 509 dpNMDHGwoDWke6pqzlIsHdHM4sXkzlWoo4QJj4sRMVfqFRnLgl7xB2NsZxFM
2020-10-22T01:41:36.616461610Z 510 iv6djNbyX9fgHm4vVuELIHTFVI8l7Oatn7BDXf6KCqqMcVjKPiLMUL7ThHbZ
2020-10-22T01:41:36.628165484Z 511 5fGFIAwfk67pAy8JBL4Vc6O73ddD6R3BiWHWJBXOvOGJCf4ZaHbPzUi98r98
2020-10-22T01:41:36.639390785Z 512 N35OdoaGZZj6TU62vWYGB6wzPPe3zQjyTiqpdp0tnP3p1ld4GNXbIdpv9LCG
2020-10-22T01:41:36.650192824Z 513 6ZLSWbWpb0TopN1hy5c2m5LfaZtvmYoUrsKgmuaSYh1X7EYX7FpxyiIwPonn
2020-10-22T01:41:36.662039348Z 514 9PgbHUEDxfSeYk8oav2WofF9pzDQf8aoeLhEtQBYyLhTwzv90nTwqh2KUnjs
2020-10-22T01:41:36.673023964Z 515 WQ6LHKvYHq0QOpXGtEK9wwZ6dfOmbFH0heGKte9qBaNXTMP2yDiLvPtdsfsJ
2020-10-22T01:41:36.684179244Z 516 W1Zfsez2TDNYzMqFy0gkCKsMFVAx7Vm49pKbpkRE2L77FKYX6UYHnKSOUvFc
2020-10-22T01:41:36.695282281Z 517 7dhNtfaHb9GR1C29qi7U7o0dPsRXlFSDbZqsJj31VpEqlJ0ipkDh3BmoFrky
2020-10-22T01:41:36.706561069Z 518 c91C46pSd7k2ypdUkixc7I4MqJ635csj6P7uipuAK44Rg9jV1vsCzIPqvbio
2020-10-22T01:41:36.717122607Z 519 vfeMmqaTRuPYkLKtpJS1X2ktcGwkpIqxD80WV9LpLAM6grCuVuRzoDwFdBzX
2020-10-22T01:41:36.728842745Z 520 UcNqbfW7bbmbP402KZbPpu4SAyXBT5a14TGmB5Lr4JOQktoQkX6DjxH1ExJj
2020-10-22T01:41:36.740635393Z 521 afq7C8RE2TclAA31i4XdB1VZDbHLSbGfZxGGJVbVdp7ll4mpScY9c7GVpPto
2020-10-22T01:41:36.751724671Z 522 VV4cl4Dgp4R1BAsBhqgM808G5dmxE7awr6A5AJ21WsdGbngP2Z2fdIBY2UcL
2020-10-22T01:41:36.763462978Z 523 X9lxns1Lhnv4qubKb5AVkV29fNtoYT3gunJX7wKMjGJ6m524EaqxTSsmSpTf
2020-10-22T01:41:36.774542897Z 524 llv1vpP9gzWi2ovwqIMmeHgqKgNkOtO7vSEwb5Kz5mkaBYJA3zVAaOkQwvfi
2020-10-22T01:41:36.785430930Z 525 9PkbLTvEAEdmfkfQAZUpxfLmOQvC88j1mtrtt99jGettIYfTUBXmegadjcAP
2020-10-22T01:41:36.796295111Z 526 7FyP6XOYbJcWnLP6CFUnsd2GPqR5G5Jw3zirN25I4psQWUtqeTRkzAXiIB9l
2020-10-22T01:41:36.807347832Z 527 VajZkmDWc7Kf0kS000md93i4SnTA9Ovxftv6t7QvMqttcuGDv8xJu3tnCTcL
2020-10-22T01:41:36.818761197Z 528 TACDBuTObNHmWWDjn4OkSX1pfMBxnEtN53938BgcBUBjv7jGzsVHWtr1n75i
2020-10-22T01:41:36.829863328Z 529 txmsNhG22qXZ0zsPa49FzANDbnlE9pFZRtlh4VmjeZuFFI0bHrJS4VMBI0pP
2020-10-22T01:41:36.841278308Z 530 Gnb7puvMhHDrejCVUeG4TU2rU2jIxRku7LXdGP22bDCxlhxboGBRLH6EwO7q
2020-10-22T01:41:36.852135673Z 531 DyUG5szAjkTCpngwQYVnuCk3oZedzKKYvoK9P5vyb5YlCbVNzY7wVAO5VOqn
2020-10-22T01:41:36.863110084Z 532 4Snq6DSS7xUFnHfe3svqLgjtwCZVq5zjQ0TuiT5GAkoq37RCP1Butf4SmKZI
2020-10-22T01:41:36.874986831Z 533 APKVpXXt6RfkkliT34Zfzt4sszDRYROS86e4c5Irrj6l5hm8ScjT0GLNf1xr
2020-10-22T01:41:36.886447608Z 534 l34L1JRI6fMdEfnXhRTPXLrzSgYQd5UanSLiFU10LygOtdVsE27Av5fpnWfn
2020-10-22T01:41:36.897706890Z 535 z9m8GrprSBOGEVYhqM2QAA3jquA91JPbnTe6FcqDeB5VAo8ANhOWhrdXRKR2
2020-10-22T01:41:36.908655495Z 536 t9nK1ABnyGJM7CcLdEZaDtM4uOdVndeMKRHNWiCysJVGBDTC25S1Fuet6Wtn
2020-10-22T01:41:36.919173387Z 537 tJp07VurNrgsBqHZinRTAQEABVYUDEhL91hoqKltj6e7FLAHU4XwtIMN7Otj
2020-10-22T01:41:36.930786933Z 538 DdQ2FnUi2twd1FK0BNAZIj7SfxFvl0fyBjfShXA4WmQOk2vkrECp7M4lgAse
2020-10-22T01:41:36.942494229Z 539 0P640UQ4jHDDDqH2E35U31X4Q3hVAIyjEh5SMQkpurl44yOy9CZDqDU1HimH
2020-10-22T01:41:36.953670225Z 540 vRyzsKjvR9EwlxLe4X3iZnYZpgq9eUh699k2KAwmTbjrhJG2VdjNoFv7Rmh2
2020-10-22T01:41:36.965597793Z 541 IpYlOVaB9iXpCjMWo8tsLZNvpeXuMJBwuizpWwlNmbfSqpJ1GvjonNjgmUsb
2020-10-22T01:41:36.976371780Z 542 vAvd9utD8jhACq0AQLhx4ZPZlu4OUieNAMUP6Fhept7jHsYtukzV38PQArsA
2020-10-22T01:41:36.987317346Z 543 X0PiUjN9kg3pTVJy4bmzrulcYhh2YGsTLV0WHnQXoWbtIcrnCbKRfCy2K0pW
2020-10-22T01:41:36.999145861Z 544 EaZGDhpwNVORKWFt6PXGm8qZwbMl67PCk2ScsiQagjPDqDL2yHRpe6UNlaJz
2020-10-22T01:41:37.011139503Z 545 xkPVYhN880xFa4YCYpfZCetlSJ9S6cHz74eZ4BdMGwjwwBjoha2CTi42GX7R
2020-10-22T01:41:37.022730335Z 546 KXy5DEbTJLuB3Mj0oGqLUOxuQaIk4QGjjo6bCc5oJPVIYZgtxQ0jlCMIbLKl
2020-10-22T01:41:37.033171175Z 547 luiXr78RSWOrQ2sBuPUdreGoVsfISIvAdheKoxHVMk9lbXeq4m0TTFnX7snM
2020-10-22T01:41:37.044871302Z 548 iQKZgwNgRJNzl3KMFmZOmldVBrT1fZyKCzP4yd50kXRJ8D8KY0QZNz7w2GbG
2020-10-22T01:41:37.056855248Z 549 92IDqjvK67szWpEVXY1Emt5rjF7ppowk0Gj8wihrb7WpJyhEFRiDio26J2Gb
2020-10-22T01:41:37.068760857Z 550 lFp9Nd5nqneXGkopBuWDzcvxdAOYKEDQThqUTwbkCbCJBl8uwK85i5EPECOG
2020-10-22T01:41:37.079959729Z 551 h6Nx7YBMaa34Xwq1EyVGN3ARFv7vkFLKx0dAQdyDxcVSOvMbVyliCCNeM6wA
2020-10-22T01:41:37.091443249Z 552 zEZ8B96saxZp5iOoKphOwP6o5l4igzumxIkW5gCdarxl02iC4lAmJ03HoGEL
2020-10-22T01:41:37.102837119Z 553 dzT8vk7GEMf1rbMyJTZ9iADsgb8XRPDeEenYUHDObgeip8CvHFQ1pRicSD1H
2020-10-22T01:41:37.114201167Z 554 yVdw8n9PAoiC7y44pVNI1DSyKQ9FKKmntrGHaXD1OLIdGmf1povyQcVOirjp
2020-10-22T01:41:37.125705876Z 555 eRCbJZjXP9P65aM7mNy2BgV0zqgTtnDtjHa4RhbVOivajAb0jk2PGoQdxArf
2020-10-22T01:41:37.137527969Z 556 rQY1OYgmaq1mtXGnNRhNW45KiDBC5PQUPPG69KUYH5CZwf1SziBxoL6HpTTH
2020-10-22T01:41:37.148363714Z 557 rgp6YxjnLxepqE3IK76JhEyv9uv1xnsi6QGhhJTgYPBw0fCrj1W8Fzry9HDS
2020-10-22T01:41:37.159734745Z 558 puwPMMBkXsCCJDnBUsXW3PS9fx07ASXC5s6O293N1CYtKsRYs67qA57y5Wci
2020-10-22T01:41:37.171301814Z 559 FycqI4hIbzamxFods37QApJwXqMOFkdQRvcMiq4kAJFDrBNcaorM7Nbm0jPm
2020-10-22T01:41:37.182135055Z 560 zZ5dI5c2MGNVbyE2lonBKjIUZjGppdGZwpptx9lMnYYTadhG9ms74precMKD
2020-10-22T01:41:37.193507687Z 561 M3G34JLJTWL0CCpgxtDC1xh01augyNXEc2kPuZWhsgvhMiI2au6ByBdHXaww
2020-10-22T01:41:37.204730816Z 562 HeiyiN7xpb45mJAAFSiBcJINWLXT2QDdGiwNLiNdM3QH1tOLwlUKRWE8I0Hf
2020-10-22T01:41:37.215160888Z 563 72ivl1dmsBPrvoaRMin2fNXxOty2yvSA33p9IKLsXaQszispEKtv6jMUzEQN
2020-10-22T01:41:37.226266132Z 564 L2UzKynn4NX16pKU5GqOdbmX6YjcJ6OgaPWInAkeHdGApERtPTBUsIi6eV8Q
2020-10-22T01:41:37.237742848Z 565 ulEcToWiFmJ9izsGxcfJ4UE1O56EgsX44LLRhvzeSKkXqApb6wowadzd3JEQ
2020-10-22T01:41:37.248469798Z 566 G1DtPZAoKQXqtYnyj5X4zqhXQ2dlPrGFAU6Q0TAq8soyGHaXSMGKJsVB6f6I
2020-10-22T01:41:37.259257526Z 567 B6bgL3QHmjYFdzGGzajB0aRkWYR9CvKCZiXr5ha28dmmsZ16oO1urm5oOVkd
2020-10-22T01:41:37.270999889Z 568 lAW4ztVqDokr6GYokU3Ecg3HuxwDRr6RHhHG4XmS7aXlKEyHm7NEgLBFcqw2
2020-10-22T01:41:37.282793905Z 569 g8Sp2SMv5dNu11TLmxFJKeSkcNkhH4MqrQi9ucvE8epDcx631qMAUARCUM1C
2020-10-22T01:41:37.294529971Z 570 tBLSyUb8SdSjvJMYak8Lb6QNlsaavjKaG8pmhVWfXipzEEQTfU9cVm31DDQx
2020-10-22T01:41:37.305946332Z 571 eT4kRwZH1MbRK5I07NSvwqyWbEqeMRpNfjhuBovmDCejfftipsWwGl3IRgFf
2020-10-22T01:41:37.317519692Z 572 VgYjHtdPGc4cLs78LX4Ex3G7efRMT4YrEHwE8gq4WzvI2gDP4wv3XuUJd4X9
2020-10-22T01:41:37.328918426Z 573 tQYqiCVxieU24ZmxWYAyKemzl0YSbyNP2gJJMOngII1VFv1n3wxbhfvnIujA
2020-10-22T01:41:37.340958970Z 574 NrOh2M7UDcbaYmHAqrE51TfICqWeemXBqyFSwAy3Vz6Y2z04J5A80tEwvjRs
2020-10-22T01:41:37.352701175Z 575 U1dO7QGqLNBYkP13nHvTU9tJec7FCE6UlazfNmTtl0qx80AYpjHGNXr2RZv0
2020-10-22T01:41:37.363882534Z 576 YTuUfHElFd407onUMX5zb0S55JzhQLQmRObTxG7IELMSdlCzMUgPPrf27gyO
2020-10-22T01:41:37.375644500Z 577 cp9RT8X3QAstelnXF8Ux8lvL97cpKDI76vDfYbqMVGTz30liItVep2XmNsro
2020-10-22T01:41:37.386090434Z 578 8VUSnanpCneFy8KqnubyaGFz09Z2TXxK2LgAhYdl8WamGIa19W3SPAkW7T6g
2020-10-22T01:41:37.397108252Z 579 75vuFtUxGqIeBrrlYS11DIKx98YIUZPMMkOYE7KgJYR9X8OjjaPuNHvFK817
2020-10-22T01:41:37.408965022Z 580 qvRfFdnY5RyuRZ2QNvo7o8Xf6h8iASpMX4HjHCz9NNTU9yIqaC1OIBRkPAeU
2020-10-22T01:41:37.420275742Z 581 PqFQ6IlIXT3K4C3YhfaMIaKRyHVRaepnkJEWfgo1Ilc1glUzXetydY9s6QQf
2020-10-22T01:41:37.430845787Z 582 keKSyWmNLhwwBI3vDLxJj9jK0KW3BhgCj6MobI0cuXVgy0ponl0hdHFVMomx
2020-10-22T01:41:37.442639632Z 583 GmH31buM3WTGwVEwRKiT0HogvHg4gBFHrXHYtQRBZnWEej0WLc9mNnQvotem
2020-10-22T01:41:37.453818413Z 584 BEeLktcBhhnchUoxwoVfOLFhZHE3nXmwTovbWhexAAq7em1kknkD8lXO6Ocu
2020-10-22T01:41:37.465915323Z 585 MaFVYBWsb8sURxCYIIeG6lsMK3bGLf9SUoSqenAAMnOn9m62VD6H7KR0oTQ7
2020-10-22T01:41:37.477773315Z 586 0P9ZHN7pJjrG1FISx1mUw9UF5lBUGuBKjlyClNfwdRQRaCoe74of5xnydgav
2020-10-22T01:41:37.488978339Z 587 z9AjooxAwqy2o06lykcfdFLHuKy9XlJLucyRSpYS64SiNrzYsJNclFhiJP2y
2020-10-22T01:41:37.499916324Z 588 RU8ckVlpeEp7yV201WILdSaRD9DcmvUt7evfuMMlcNsZcAhtoOQ0cFEhyb29
2020-10-22T01:41:37.511485481Z 589 eAWM4oYgHHfkfC7KZSRsDXIXh6PVzVPFFUq69zyFOYEIq9v7x5E74YXpuAbu
2020-10-22T01:41:37.522664666Z 590 yYXlKsoTaPU3d838adQyMMMMEfV6xVeemg8NO8katFjkYgS0aR8GgzlP5lJN
2020-10-22T01:41:37.533558899Z 591 jYAEY6ipx2zKHLau4xqjSAqDbkr7ElmxCaTeNNifVqAYXG1JY3FTEw8t42Fs
2020-10-22T01:41:37.544670628Z 592 CS36vTVTEqNfylNsHbaC29Dic3MCikLbq4Juh6utE4wpVGjk28pBLAIesCs8
2020-10-22T01:41:37.555615188Z 593 Ybb7rcVC3uHHp4HsBIc8gj9JPAw5t2MypR4XMdTzwE4GpBJ1ktJcA3o19b6e
2020-10-22T01:41:37.566238454Z 594 smih0oIQFE7iW5YMn5bdKTL8ttP6jjeZn8HRCWKGhsdhA2EtHJHIiY8A4P8u
2020-10-22T01:41:37.577559094Z 595 KwsJvFa0Hx8OswajTuSEqyWewaPxmrwbNA7VxAXnmDKKoTlG6MaxY6C10H9Y
2020-10-22T01:41:37.588757598Z 596 vsoIDFORz0ZubxoePokSo0Xlyp7GbcDms2dOaoWjclaezSF2nFZJQY4Kv0en
2020-10-22T01:41:37.599673914Z 597 CpRiq2Tqn6TArxRdARx8HMn4R5u7u27DFMmBbAZ5UbwezueXzWrvRREpmhhT
2020-10-22T01:41:37.610580679Z 598 NRLF7pxm6JTll8zdfXj1ZXACZb9mI7tEAcPHTRrcYtorKS7FnnIS3BTVuSpX
2020-10-22T01:41:37.621120634Z 599 fk7Lb2DBqexS3JN8eE4EJmUmFROwb3LLh0Ch2PoeGNXjHeGKFO4Hk8L0M3Xz
2020-10-22T01:41:37.632811134Z 600 qVwpvitdZAhtktJsBbp2bVeIrAos3NCrzYqg7mJKKogPY7R44SaLXLLHfdI1
2020-10-22T01:41:37.644081917Z 601 cs2sYfmJT9SRCPIPYh5djBHCKOYEsGkXkhl4ospI7Kh7tZPmYTTxww1jYCnN
2020-10-22T01:41:37.655812140Z 602 KW1Zv7FvGXUAJleziaVuqXJBsXjbFiqP7UACTzUaNtcTmKmV6P5tlAxPiFGC
2020-10-22T01:41:37.667031671Z 603 xtFS7t9z3iCLZ22x49P0qTKn8D3dwH8MeGXr8YfUNi6u69JNPGOowUSTlFxg
2020-10-22T01:41:37.678396909Z 604 KB5nyWl8WZ5jB2BIMCo2fE9mTo0S2cTeTfwgjfFI5F4tsYjUQLX2Dfc1INzA
2020-10-22T01:41:37.690192482Z 605 BDBVG5JjzfIqQ7wr4Vkb5gaq2b7UaMHrJ7eHAATRbrsWKPYKocaZ3akl9JXp
2020-10-22T01:41:37.701007374Z 606 qjhfA8zqz6otf9dRDvw2BIh8OisLEq9EN0TBjWRbhlxbLoxVNFX1vIt8cBDK
2020-10-22T01:41:37.712756800Z 607 NKUVwjLuJZXj5Ax5URdjkiTqoV20iIH1m4yVowzLoR0QODNaDfLSuB8vOSFE
2020-10-22T01:41:37.723885572Z 608 WVPm5JAxh0q13U9gZnA2DaQ0SHxryS0PNXE908ot41l7jzQu2w2YPAjJ5u78
2020-10-22T01:41:37.735812095Z 609 kqSSQclJW7T4rkeUfiwSRilIud2yN2ZTcTRwhW8qsj7V5CP2smBqTIKU8gOC
2020-10-22T01:41:37.746568772Z 610 D5jvHKFSuo17mu2w9gupnBGYq57Xh6adtdupMVN8iihHRRpAdmbEST1WI6fl
2020-10-22T01:41:37.757490158Z 611 28d5Yve1a4Edr22JrRMZZjlG92vtzDeosZdQLsm9N9noql7KNqlxuwWNyYu5
2020-10-22T01:41:37.768254419Z 612 YGdi8erRMRaIKZCpvE7IhuAESBUqBaNsV22UPyMlDPv8Xh6KkYCsQkXVWHmi
2020-10-22T01:41:37.779614138Z 613 IHJGWcBSQ0BJguoz44PDC1obvjV2ZBWMfhedfPUEsRxjhuaDFAAFxTgqg9eo
2020-10-22T01:41:37.790801462Z 614 efa5nIID3FYq6JQgVyVvX8JhJAkOhoQmkdtmYJyaDCL31rgRq7rJ3G7uT0qT
2020-10-22T01:41:37.802633552Z 615 zngkwZL5CaoNkWjGQzOAVIx5JtaDHf6Fb4NUUqhuKZKTPiGUVSsrsH4q5XQo
2020-10-22T01:41:37.813822019Z 616 7gBvbxLLwggTrPWlz6yo7qaHSe0VKM7wxIfRQB1hoDEKKwAlKZDTrvHeOXbC
2020-10-22T01:41:37.824744848Z 617 AfmJa9iL4YN0l7CVkEOwWqWiSzoXbCvv8a3TfMBgZa0i0bvtxglaMv7sS1Lt
2020-10-22T01:41:37.835732215Z 618 lMVA4ghPM5lU5rPnROjvq654Gggo7cPwoc3jvoj9pjL4zSQVmHvnupIWi2y9
2020-10-22T01:41:37.847044334Z 619 H7ElEJbHsEEiXfcOLM4tgKqmVb7iLSTAtirPRHWJ8ld1Oo37gQ31SSsOwINg
2020-10-22T01:41:37.858440465Z 620 EktEn1RMihphoAk9gfdvmxj523LlmVkcbaFoP8ulPlq7YtHAzvVT1O8AwO6P
2020-10-22T01:41:37.869477795Z 621 3mGbo1JzzzcixphDIUxrLjf6cHBbX5T7WoDXJMkQ23LtAblAdLbf3nDRBbw8
2020-10-22T01:41:37.880341807Z 622 j5oN7JSAr63GKpHdUdsQ66nC1vVv3gyWJ7tIK4MIWEnPg5ZQt7tovrW1Ii1B
2020-10-22T01:41:37.891129882Z 623 DOib77pWUcNRKiFBJVWsactbiCklUiAdIyUNNXPN5r55ExHCcoN9k29bIPiw
2020-10-22T01:41:37.901933741Z 624 e1urJX6aVi1xTGR5B1rB1PGesCk2wGl6zvWen0rXODVWqKzfS7lqhnIr9Zx3
2020-10-22T01:41:37.913322343Z 625 XZDXQCtmMlMpm66a6mzxplf3tS0HDlFp3v40GHcAwavRDmNrKhaSKYHgbKhF
2020-10-22T01:41:37.924696270Z 626 Y4JC0xElzqfriZn3PKowKiS5N8HlyyPkHgaZkcNcZDh21T7oHZAgP2iA9sqw
2020-10-22T01:41:37.936645256Z 627 rzsYxjHZd5Ditf6smAv0GB9lYMd7BTapX93CQZ5zwxwsC0E8Tnkxeyj7Q7FC
2020-10-22T01:41:37.947619010Z 628 Ig21zRDyPwanAqJsmngWDnfioj6gBpcQd4Hf2Qy05fLhYTzslSVAcr2Qhx2Z
2020-10-22T01:41:37.959024228Z 629 z617yANLuNBr2cluovmnWlmJEZ5rMJhUAdXjwDYjmvslotSQGr5dmMKgfGO9
2020-10-22T01:41:37.970433706Z 630 nDfgE51uDRFp58uFM3vm1MJ9YGKU6qx8AKnyyqYKICjFbm8sc116hHgcS8TS
2020-10-22T01:41:37.981713807Z 631 1vzsaa4ZamviEjEr6FHMmJsCs5dkzi2Ndv65RbRL5DWHzGDvYt7ZRJnsJePU
2020-10-22T01:41:37.992311350Z 632 bJTdoldZucao40ABjMv7h7wKIlp3UhExvYVgf8fkAbXazIavfUGsd2zCHLaa
2020-10-22T01:41:38.003315839Z 633 pEIVeb8hrLm7VF40sLHOfgTWCsTfty0fMHHiyh7nKtUdH8K5kHcNZAvSp10y
2020-10-22T01:41:38.015011879Z 634 vxDfQA4XQgQTQylSxOryxJRRlJ6OkIxiuGJcKUgewzgQf0x6Rj8MjgEHEqGf
2020-10-22T01:41:38.026689051Z 635 6aFmAJ6u7ZrMB8X3ZfbnoZEymktEmUOQsRKRBdLhZFJBemKj51UgcLfNDswh
2020-10-22T01:41:38.038742999Z 636 0UzbH3ONxEpha3Raprt5WbQMn5L1PnSQgKhRa5dUnexw68M63g1x34Q20Jv1
2020-10-22T01:41:38.050140693Z 637 I6deqVKNRjjDVsWNxxlgi5vjUNttMkjVWv0IZtJpfGOgx2VItrkcjyWeIy9V
2020-10-22T01:41:38.061121018Z 638 VYLMAbgHxBhMlPCvtkh3KQLRXnYyq8638h0ASWY5LFkZYdvr9pV3w3AWsMgw
2020-10-22T01:41:38.073005252Z 639 hkbsCAdngl9IKHnH15oDAO6bUgTXTQBnPGt9DohVRyb6Dl31J3uekjh2uoTm
2020-10-22T01:41:38.084745203Z 640 Y9sA5cx7ye8nPIvz8YadpmDiYUIArG6OCo7cu7j8DZgsVgtVKHKAKXv1Zzna
2020-10-22T01:41:38.095959924Z 641 jWtpl2CUmOlentDA0eHNWuswDdBYLZpcTlO39oaBu8NxOfX82W4wl1Fy8xQD
2020-10-22T01:41:38.106930706Z 642 aist6X2QcnU3NkS5JezXyzJ08xTb1PVwMogB43uIlzqJFPXHS4gjWqFTg2Hm
2020-10-22T01:41:38.117931164Z 643 p5pElCxHKKCARr7nCYmKfF6EqcO2NIu7uTgJkmCUKgfPh8KKkgR7ip19UgXf
2020-10-22T01:41:38.129710018Z 644 eSw0l7H1O7mji0mZ8zF3XWhSXqnJtsRmqSFHZrjFFEMjV6tKM85ZjCaAfFrG
2020-10-22T01:41:38.140700607Z 645 3DWuv6C1K0XKCfOCBCjkxDEzQWKKBoqJbOe7WVSbCTN7if1Z3Td01Aj9V72C
2020-10-22T01:41:38.152409708Z 646 78yVHl7ep0KmeSNevfu90wgdo3QotZNxnId01zL243cIoHwbIK1pOrRrAsa9
2020-10-22T01:41:38.163227124Z 647 S6u5JzkaZwIxVZB98hJzmqvgPOSCsScJxTBG3swGTLKXj6rcY8AEs543b1Ip
2020-10-22T01:41:38.174577805Z 648 tECRtvEdpV73F4RRyoyBBw6vC1GVKmYuOIwAk9LayG1ahY47ZveKp3W4ZMMc
2020-10-22T01:41:38.185069230Z 649 a7q0jslmke1S0f08d6wN7yarRveL2fZcFCbDNGYbbLIfTPtqnqYcla4zyzVd
2020-10-22T01:41:38.196573884Z 650 ryTahSunHmLlnvRMQDtOYXrX54Q3A6CvcACBepxPcS0O9xE4WpmH2FjwxP8i
2020-10-22T01:41:38.207084522Z 651 i457GqDAsbX7A1P0pdWmGZB341aX0FUUTwlBHwQlrz40UKZVwrlry7MUCWT0
2020-10-22T01:41:38.218864055Z 652 45ErhCs3QcciQTsALKT7MjQE9RHQkAY2QjEsZsOfAMi58fkUo7prjZ5JJcsF
2020-10-22T01:41:38.230779996Z 653 9uDsZxCwNeyQpz8NMDJGPsKhqWv20QD7WYH7o3vMFhxmKte4WhJoPMV77RwG
2020-10-22T01:41:38.242390638Z 654 ukOaSZ4iHfcAvtHmvk65t08DHdlf3xwVvpVuvgkhNk9Iy5KJa9Jr8tjbyBwO
2020-10-22T01:41:38.253767823Z 655 PG2cZAqrNvZ6qfwtWKeIOBidWmI5lDACoE4MG2VOzra4Pk5I9objYiUTuD76
2020-10-22T01:41:38.265369959Z 656 gkYUaxktoXtQtVLU7q1b9XkPIbqTeZiLZr4GMNTlbmzf9YEko4OT3jDmWvIG
2020-10-22T01:41:38.277007214Z 657 ykUSvbiQN5oGn7V3OPlPR0pZaBJWyYnD4eYgfBSdppylNDbKpWJfAEUl3BMC
2020-10-22T01:41:38.289146074Z 658 NRJr3zfF56l1EeBWJ1dmkBS0O6GiOp6qWLinnmVtonpMzr1mYQCBB1SSiEQA
2020-10-22T01:41:38.300172949Z 659 dTlBvc5RcxHFgX3IayGXRIZZSJM2tWZca1CLc2rnbKJmCIg0lNfLzerYWICN
2020-10-22T01:41:38.311625166Z 660 MlNio8kLl2salOyyHml4Q2wBFVFvl1BXuDKAlMTYyFattFxbe9BbiFDYnsl2
2020-10-22T01:41:38.322059370Z 661 rXdaCbRaXrXD0cJNenE5dnTj8ZUeg5WyRXWiP6C8cxKMAXtkRt68sKcXwFG1
2020-10-22T01:41:38.333844122Z 662 jhL9yk13ruXqjcOdv4zfMlguXodp5kiqyy6ST5M6LKokWc9udSycfNFIeGan
2020-10-22T01:41:38.345634439Z 663 qtJvYSD5oXwMojHCmCEXgm00Es9zbHuR0vrlpHQShA3g2YxU4qh2hXuV3wyM
2020-10-22T01:41:38.356415879Z 664 5GOD7YdWY0Uk7sGtWsQO5BO5oIOBYMbfCOv6WgEfbfwyRYNZaopNGtZSaM7z
2020-10-22T01:41:38.367464863Z 665 6iCn7ZSPh2lkrGqQaxssLJ6aGCPo8XOxlAG7RDHumaGOP9GG0EFafhFTLT6p
2020-10-22T01:41:38.378763467Z 666 EjJJDp8unjx21klm9gVgjQPu78JXe675MysrBvO1a65N1PY6BhS4PUzyOoAT
2020-10-22T01:41:38.390182386Z 667 mg2qbq2X4oOa3mqulyleHPNXFDnjfCEViudZwPKPKiPfpT9DOlvLjYYw7F3T
2020-10-22T01:41:38.401547732Z 668 j0BRGEmhWP5Nql4rDkYnUTcE9bJ36uuS3j9cU9Sww8dtTYZVWjz8KNQeDvDW
2020-10-22T01:41:38.412168128Z 669 yKjT3SP8nrGMxuH8xzYTfqGw67BiYaZa3kkZ65o6qpfih2f2aP1MeiFxDuHO
2020-10-22T01:41:38.423972509Z 670 Ef1bvjXDKz1MWLaMLHvA1YCHs1IU2reWEgwXUlXUXdduhibvjwdrpmg6y47u
2020-10-22T01:41:38.435319059Z 671 aQRFudoM8Y4KCsEL5IDZpAIDZVhZ2lRjqQuAvM8XqNQRqBVdiG3XlYEkMj1Y
2020-10-22T01:41:38.446878489Z 672 e1GAg31ZaFQvMfWK4Qwk7RokJT1x9i3EgZAm9pF6CQSjj33l1NAHZ6rceVtC
2020-10-22T01:41:38.458455015Z 673 Js50zPuztn2qqdwvCQar9pNalGLo0QMQgSPZCh8QBz7rtlC8x6J5Vm0x4G8B
2020-10-22T01:41:38.469171407Z 674 jnkHLUUn8MpuVFmL3btMiMxwVKOD44QFoFwXP4HKVAQrslRHrU0N8zdASa2y
2020-10-22T01:41:38.480857056Z 675 C85EysrI3r1zL4boM5hoYA8mtAG52KhZwmwc5tWqhSOlDtOUskN4QmHUXiGX
2020-10-22T01:41:38.492749126Z 676 HB12TA2cwGMEilW9cZL6FbdzQ1t8LMO6OOFOPBGpXeFQut7P0QtC03SRGUVl
2020-10-22T01:41:38.503988456Z 677 XxH8FRkeucCqiZ1cEoo2WEdnkyZ8wWOeRBOWjtHPGhB3jebhx2lwxSH3qbfN
2020-10-22T01:41:38.515317978Z 678 L5LPsvRaNsYIWABPymJqMZ0Wrok6Kib9HY4npjuii0dArqnzMg9YLQOnowow
2020-10-22T01:41:38.526810427Z 679 IWjUNR1d9FqIdQHE7E9B5qla6VaeIS6tWaNX4GTQn1qaZdW1erNEfRrYuF2e
2020-10-22T01:41:38.537579277Z 680 Y7TnkaRzTNldVxYTLbImoNrQE8dcU94XR1goAmpdzbU7SVACA8Oy2Mup9X8B
2020-10-22T01:41:38.548633532Z 681 c5CPh08BdX1GUIqyt4YL6EqnHSgZ9WfUbhmpN4uuWp4a8TguUJle37iDPI99
2020-10-22T01:41:38.558936019Z 682 aWdPoQ17RK1FPghwMS2nJ8NcXqiPl0H6NLxSiQo59VILuhV0XPpWgkuyubuJ
2020-10-22T01:41:38.570077812Z 683 zTmXdQstx8z6SBoXax9kiTiENNBGMuqLodpQVfWUBxL6DsLTIXGF9l36w2zQ
2020-10-22T01:41:38.581302040Z 684 uakDJsAGwxgoDkoTMhneyYxKqrhzesPBHDv7vkaRMqGcRioCotNHUYAFNK7l
2020-10-22T01:41:38.592918773Z 685 CHwIomrzDasWJ333AFiPWezZ5eFS07jl1uRwGym6haJhVQyU3nZvRR773BX0
2020-10-22T01:41:38.604637308Z 686 VtmNaEOqli8vYbEM4ubvjwazlXOnes6XRNdI5gBYGPlOBUioxTgzXGkZY6ba
2020-10-22T01:41:38.615559420Z 687 sHrj8yKQOYtAqSxBRW14UurvNnbizzR5Ah7MoirHEXtXhYfZdcaTLVTtcEu9
2020-10-22T01:41:38.626582035Z 688 e1gqQK5gn617ga0ONbkOIdEa0HEF2w6lOjZb4N9Ttc1mTdGdvll2BbHhb0Fg
2020-10-22T01:41:38.637346772Z 689 4DTB6mfwHetO2J3yRqvOS2fTZNBRJ1mN3TzWXHbtpWDOijLuoFJmlsNCeS1j
2020-10-22T01:41:38.648445700Z 690 ymdD5TIsauvFuzujYC96810hUQRl0vQAIeGXJPzdTXCTFvcBf3DbgnP9bv8B
2020-10-22T01:41:38.659725995Z 691 cyE7EDjcc0Y1jhc3g33Y5jTrvWdWwUVjm69y7VxqARAa2T2XvXQ3sk8AifBB
2020-10-22T01:41:38.671036517Z 692 iBkGSBbMFs64y76mCR0e1i3GWhwjiwRRieWyUiPTgbnXKkztT9i8z1bYodR9
2020-10-22T01:41:38.682241721Z 693 9gSlAQHRwydVHDWB5isby2m9cIpLPp0ggG18FUvMFrgUghHVg8w82eilxYMV
2020-10-22T01:41:38.693066709Z 694 OCzuho6woPDABekUKPJIaZZTr65LOeEFGDnjG4XERrEsgTiS4nZBbCFmpz0k
2020-10-22T01:41:38.704684207Z 695 LbjMXKs2aNoO3Ehqq68uVF8pkXYM4u6X5z84zLDoxoIIdkEzM2nUeROWm1C9
2020-10-22T01:41:38.715284367Z 696 CNox7gsZ9QOWWdEAS2uXLmkStxWFkixhMOSuNULlcFwXs8exxPEEAAvW7ieu
2020-10-22T01:41:38.726734126Z 697 Tru0B7XR3afJsLtSHRCc7iPACL4kKqJViqEarGz31wJIudLaRb4XCisFYFhP
2020-10-22T01:41:38.737720569Z 698 Bobh19hVdi27it3z5tQJ250NKBQzCiiWeGidTrbtyQr7mrvmYBPqKDez7R99
2020-10-22T01:41:38.748611665Z 699 3EHTGZtUMfh94eHTjcSLGx4Y6JaoqyAAJfPWXYPn4YEQPlmvlF4CIGssA8ZU
2020-10-22T01:41:38.759269900Z 700 vo4laNJkWQ1OhB2L98yZAwpEWUAMQtsy0EFcwKv1LtdQtSMoXhLnwxI1y1FP
2020-10-22T01:41:38.770640434Z 701 nV8mVVciNajW9x4gXoVG8d2kiFbsbxnVpeZAXtK6sPYjWfsBmycJjrzsqJWE
2020-10-22T01:41:38.781451384Z 702 rDiK2BjaeLvGBzZZRygGL5gp2i9lmVgE8VxVwQw0QXv6EsWBLo1G76AAkp2l
2020-10-22T01:41:38.792670221Z 703 YaQiIhwS7Qvg53KcDBt22IiGTplkR0j8UAue2McH88Zh2Nj9oFFAmNuTCXQA
2020-10-22T01:41:38.804785045Z 704 WSGjk14wjN9hIPgq4HrRhrINSVUETQOgsYRh12pDOgdnYdmFPuNiw4B56Xy2
2020-10-22T01:41:38.816720281Z 705 7r2QVAkPEo5HRclqN3hM74OX0lpmmzyVI5scJ4zUOFfMABqtxgWv5VyZrIIj
2020-10-22T01:41:38.827806376Z 706 SjqMnoGfyEbac3SP0I3JHUkeWhQ8lFOop6LjzypEcOdAoR98DGL1tRhEKi7O
2020-10-22T01:41:38.839473847Z 707 YYDKgc850Hr1dUW2rzSFQm6LA6urNF549q97T6MrlJ6bP8JtGyOL1cqngf6s
2020-10-22T01:41:38.850880123Z 708 02JCIgZewirKoxhIhubUeOC6LZNbpHJKmyoLotWfJd9rA5gCTWX8Li8mGLeN
2020-10-22T01:41:38.862840560Z 709 WGjJt5qwkir4e7alMe0HlKs0n0mmwNnIgZweWBpNLu9kDLf4aPgxWoHXUh3g
2020-10-22T01:41:38.873674593Z 710 bL43fxz3Vjk0NAkKzgQWyciokvY36FATHqpTVNqv5dZi4AYslCnQtrsiDXwd
2020-10-22T01:41:38.885251975Z 711 iOr77jiuMDX9KPB5pPHTg72TQTQ1CgqBm5WzO5qs80yDtkKCHJCEwHHpbILt
2020-10-22T01:41:38.895995942Z 712 dPbHGi4PExWffJ6HK5f39HMvhbNm87IkKnaKaXjknL1CnEJrxQ5WHVirVA4c
2020-10-22T01:41:38.907080642Z 713 a43GjghF0I6X8eoKnepDGmx5URZMQOMJlCO51HrspZYmQ8eiZXuPg5zl4X3g
2020-10-22T01:41:38.918806583Z 714 LqYGmnAg9AtNb53xbAFpRwWy2AkBn4lAXG7mkHXNXUtWd28qK6DmFhem5toB
2020-10-22T01:41:38.930883493Z 715 gC0AHcgCJx8O35rLgZhozAKC9c93AIJR1dzvuQCQRdDHQly1jzR0TaC2PxqH
2020-10-22T01:41:38.942499232Z 716 ABcsMBD12AfQOtgaLTgLpIM2Dpfbl6w9uy2k58RCz1O9xWd8tyaGhesPB4Po
2020-10-22T01:41:38.953121175Z 717 Sj0aTPEkVwcWD4hmbvtSYl2EXQAb8qc0xpxSTi9XToM452sqqvj73a9T6mLN
2020-10-22T01:41:38.964809383Z 718 CztdclPuzBIh0dwL4mu4NO5u6RyfyDfu3TPVXKMsjDx6DOQYbKWOExmZcEZw
2020-10-22T01:41:38.976260258Z 719 DZAs89RGLnZ5TZyI09V65KpUOSuZTtNpVUveIJ132Awbxuh4qM2QVVNHmfIw
2020-10-22T01:41:38.987751415Z 720 m4pgkjOAeEmDy8QMmfgPies1UE4SpczSCIMunkN7oS4h3DYQJHdxuqGK6sPN
2020-10-22T01:41:38.999569141Z 721 25eBj03J6QKSgWD50ElnPnIZGzoJLZRjb259LzkUwNDgGwnBEw3Ls8Wm9mQ7
2020-10-22T01:41:39.010138535Z 722 QKuPGL8jJPIUanWS2YkzUsbnmKS9Dbq4d9dtlH6voKL5SnTujpBAxzo4qCLF
2020-10-22T01:41:39.021109080Z 723 EUBdJc5UMUCNv82eeLiOI5xcIbvjqNemO9nHodkQrB4vVL7bRlkAoJEi9WWI
2020-10-22T01:41:39.032477590Z 724 m0vuZ4O3M841J4VjzbeDGNDmKGDQeo1hfG08ZfxgRNH6aD9B1t17bAM52cJ4
2020-10-22T01:41:39.043027674Z 725 I4bImLAN6Xbt95Ymei5lmIEi1Ak6vpDWof0Mz5KILHQAKgFTXjxfS2VJpJhP
2020-10-22T01:41:39.054586791Z 726 y6VgMEGv3kWQ7oNWztN3FDS6r2qsxnxVpykhO2MQNghW6lfbczKzQwxmHETc
2020-10-22T01:41:39.065072165Z 727 BJYZTKeyT7GqWhiDH5mVelIfNqDwFgs7WTpiHRcAV0eDb5oqc0FMYq5nYlm1
2020-10-22T01:41:39.076532782Z 728 Szu9Nzyvww56slwXRTbyrFcOfQGNosBVUix3D4Xr5oaYMYlSG6ZC9sco3AT1
2020-10-22T01:41:39.087222627Z 729 zNEkmnJqQ8YCkEbP42z6VuLDyVLu1U485SJgJW2A70IWzlbUC1s4fd7VAULL
2020-10-22T01:41:39.098727263Z 730 hgPywN70ngexOK2cLxbYgAtisECGSrbDgU0VwN2FMrPGgQ63mbnslYnSO0bf
2020-10-22T01:41:39.110060618Z 731 Vg8zshzh8oR7fa19ohDPVOK1oaAc8IworvMlc7tS5RJrj0KHQ5vFTsyf0avv
2020-10-22T01:41:39.121407694Z 732 4NjavlfTXBcBExhjWqj6mDlHLFUewe2kDiFT8xrTtrHDBgK36r3ZBT9C8z3A
2020-10-22T01:41:39.132816711Z 733 aVOBXk6030nZi9CLtnWzb9CbZfS1AJ676W5HLayRqk0lEg5vxwwNaZQhE7HF
2020-10-22T01:41:39.144490197Z 734 WnT525Tf0PlQvZRNa97iQdHU60k1jJQJ86NfKdER5FUNdwhza8n4DL3atpkP
2020-10-22T01:41:39.155363667Z 735 neaPeqKASgNVCKI91yD2QIW8LntajQxtvWxLSQIevdpmdBmomlpih8fm7gmV
2020-10-22T01:41:39.166757395Z 736 LfZapKwwIvCEYlout7Qrf6nMcvZC5H4VPo3NzqQdQvco6aD9rkWO9M0uzKhD
2020-10-22T01:41:39.178331942Z 737 QdBnm0xe3hiGUrRmkl2diym8l8rJYrUAUyhmEKh6xkOwUEU08ndLwsTdCsgF
2020-10-22T01:41:39.189871001Z 738 uD48OqRAsEoIsQB0AObVnTepnBMGz77wPUNbARUQaPCk2O9okPXt3azYSKWU
2020-10-22T01:41:39.201603911Z 739 cPi0OHDYopDNNu0XcvsNhk8akHzu3cdHjnrTAml3PaYbQGsnZMiN6PpHWl89
2020-10-22T01:41:39.212918822Z 740 uGxGemYgEMTSdCm3JibWBHVp3nNH2pHbPeipFMP4HLYqQRsBjAenYlvNJeNg
2020-10-22T01:41:39.224814988Z 741 47wkHHls6TXOq4Z009NUbkqIsxJjvmrhXEq5Xa7LORXAEeqmJJvhnv5Zt1FX
2020-10-22T01:41:39.236438852Z 742 KixUfxxl7zqLTcA0eSMhpHonDPqdE03851p8QIBNVfh6Uiinfc6qwVQppEUw
2020-10-22T01:41:39.248326876Z 743 8YQstnIs57yaLoDCiVjcByjaXSPr3NLh4uVgcEqU3yhnKnVHaPrjCDvXW5x1
2020-10-22T01:41:39.259158527Z 744 AdTmkiWIoG3ZGtJqW0CncyiOxVrPFnJjf8F3a4Mtm2xaxghQopr13UQ8X8MR
2020-10-22T01:41:39.270222819Z 745 8Bzw8qtxDbfvj7lJ754cyUT5PqlBQt6JTugTP8JAA7bD4Z6UjQCB2CYeBfrZ
2020-10-22T01:41:39.281476922Z 746 RHkAbTnEuRo58KBN7PaZnQ5xdKekp1VPARAYQRN6XiksR3YQHlQjsrWxdNcW
2020-10-22T01:41:39.292743683Z 747 ggBLelxUB25smyt6veOPhu4FoYnqLvLzY5JiVrk8BKLGQd9wFQmF7s8Iub5u
2020-10-22T01:41:39.303891193Z 748 zaaztOcdIQYdVmUQMYk9H9FfKYupVzaVLhwMJHcqJ0XLMBY52IiH7DhizdHZ
2020-10-22T01:41:39.315453596Z 749 9rXubIKCh49aFAtms420brRccfshomXqRCnWeckaoS90SIxYIZGdjF1zGoNY
2020-10-22T01:41:39.326982929Z 750 TdhTL4MTDHyfRHlAP9M7NnCxMSG65aV8WHhUBE1uflUCYRhz3Sn4fpHQXGLe
2020-10-22T01:41:39.338715476Z 751 hvrQR2oNHTcpJ5CyhnYFOo9C9WENGGtNx7IvMtdQ46gJMwlqnXZTvNurq2JI
2020-10-22T01:41:39.349132863Z 752 V8roMM3aI2Fu3LT5chu9yANvLRsRheS73MhtvK736Z8tWN6wqB8eV9zFOEoU
2020-10-22T01:41:39.360306353Z 753 Z4T9KYylwrRZ2Vz4p3CU6BM6Z4k6hOqB4oiRP2fno8zbd1MF9qfcnRu24cNb
2020-10-22T01:41:39.371568655Z 754 MucmL3ZwVmrahjKx2izmOUWBUjpJIJEZ5t4FWbQhOcqk1LSkMrLS8QOSjGW4
2020-10-22T01:41:39.382490873Z 755 FjZvFKLIT3WShMNUfMqDHgoPn2ULCubcTXr8CVFokUP5osv5Iw2q7FheOoXp
2020-10-22T01:41:39.393386619Z 756 ENhoN7SQC5zXTZGapDmBPV5d8wDc3eVNDxEKoWNtBWVchPDrxRQaAsF5mON9
2020-10-22T01:41:39.404370735Z 757 IqlSwUrGrryCAaub5lwSyOPzAEkASIjG3kiaGg8K0UXvj1KVHPa3GihndY4v
2020-10-22T01:41:39.415237317Z 758 aEqxdLVgCKpvpRUJg1Dzhjgx6sELRm4rZxmUTVLteJ7Bo9C7pUKELd5yNOEH
2020-10-22T01:41:39.426841230Z 759 UfVjOxWSD7CUxiTXfpVRDhOqoapxe9dif8r38Ma5zyTyiTTzdsOl4W4vkMwa
2020-10-22T01:41:39.437276653Z 760 BOC6qHmCEmUV2UJ3wwP8Oqdg4LD4ET92HGER9ZjlPQRLSzNnEBqWLKxb640m
2020-10-22T01:41:39.448754581Z 761 Saj3K5tcoLsp4TbSdPUSf6s9w2I3VoEtDY4HMXFSq4ptETiqe45t5HuRApBM
2020-10-22T01:41:39.460502904Z 762 MHr1PjwnY6MWi4bxBNbDJ1m5CYQRNgdJVp8q1WMb7hTmy00MJIXJDCRLojOW
2020-10-22T01:41:39.471229647Z 763 WxVa7t32W2JP5ITMmQbVVtYNUQsuhjePLrCqKshStAFTVQEfctM5t4ipmatK
2020-10-22T01:41:39.482303337Z 764 OLcePpL58XqWd6sB9nk90ddRjVLR411Su1j2FlqXWnQE12Ftpmdl5vKurcDr
2020-10-22T01:41:39.492954600Z 765 CDl5CDTgu4hr1sZ437BhNwPavyJ7gX4YQMtSJuzfDley8mGwjgtmqxEhTAFi
2020-10-22T01:41:39.504104931Z 766 DOetdhlDjEu0gtjFMdIP5YkWrVaPrBYY3G25QHRQPY9Wq81THxI8G96BZKgX
2020-10-22T01:41:39.515712027Z 767 HxylkYXsaVPP352ibmm9CJygOOKETyrqAlnuEPhQD4iQvexJRtHP5TW5YTLe
2020-10-22T01:41:39.526538567Z 768 QZqYxwjiPfhAySZPAUnQJYgvoV5fPLGKXDnNHQ4HL7nlxiWB77FAXcSdrs5s
2020-10-22T01:41:39.537424786Z 769 BCVV5x3vZVk5SRDfr8Zlyw3qbAzoaT9qCq8XMaa42KdojjhJCmPc4RrBcO4N
2020-10-22T01:41:39.548215220Z 770 VGbAv6CA505Jk1vX3m1slod2dswmORr2b1xpSVnje0GVQoiSCMREdQ9uMYCX
2020-10-22T01:41:39.559115786Z 771 EeBZ6y8bM4NFd3ZG0iFDuEtrgndfLfShjDiAuqsgbk6joEwlV4NboZFLE8sf
2020-10-22T01:41:39.570461862Z 772 athT7ypOPCHZIJAf854Alt4WAT86BrE98bl4z6yFxPEbbbCD4h1t3O9I1Xft
2020-10-22T01:41:39.581904173Z 773 FhquiyTuPhnlSUCx80CKR4Y7xztAN02H0l0xc8X1LSK6pzD3ByYAb5c4pdmA
2020-10-22T01:41:39.593588384Z 774 4F8A8ShrZ7nRyUI2xboyO3X9LIAD6BdioE0kzn5INdhu0NSZ71zF8rklT6f5
2020-10-22T01:41:39.604320935Z 775 bVyeh8OfYINMIVZpKXrVUId2D8tjcKKXZzt1ZSIcJ3vZR1pGkoP52jgan6AP
2020-10-22T01:41:39.615155265Z 776 VWHlKQ0850mgwDybBzn9feSO40vBtvvJUuWIo80TJ8uwcM5g7x6ajskHYD4W
2020-10-22T01:41:39.626230175Z 777 fWiE5AcQO16AKP5GvsurwuTdUf7M601wMoRLlee0BvQu4w6vTQHXVP5sD2xL
2020-10-22T01:41:39.637678336Z 778 bHGoKtDLa6zQhKRbmmaEnpUa3IrkY9RFFVyu5i1lixFdk1ywp7mbZW9J30Cz
2020-10-22T01:41:39.648266917Z 779 n6UnZq2vIJCPVtyWgWmalmwhJTz5kH7k4jDxddb0LVrwoJXWveWKPbdiGYEF
2020-10-22T01:41:39.661062250Z 780 RsqTZ3AdO8GXa4W9DXb17sUZZN5Pfc6vd1mx4zoZEzzqOctRQKVStye5BlHe
2020-10-22T01:41:39.672903186Z 781 6X8jfAz8yUrZRpYKfItZw6fACwvEVusj3pQu918f0T5mrQA9C3R26aLKJVml
2020-10-22T01:41:39.684183177Z 782 DjvEg1Y4IifcYPcfJdJPPuWqh8BRHWLsnqlugbr3oTxivGsA35FjRntqsuoi
2020-10-22T01:41:39.695253436Z 783 T9fZvzE6Paw5NLCoLhpllUELPbFsTUIyyklqFTqVHC53CHk0XGFR5pU28iix
2020-10-22T01:41:39.705972906Z 784 MBkX87mhwzmlNQ3bLBQ1yXRl469vjnlaHoELr105fHby8LSJHI1w8paxWPPx
2020-10-22T01:41:39.718484590Z 785 YeYhRmDLMq5ZoT3KWQNB70z7fROKYVFibKDHre89GpcnxQjO6wtrqEBlap7Q
2020-10-22T01:41:39.729414991Z 786 dJKy9PWq9vvhOdHbzSsrcjf9VrQaVeg3PVzoCyhqTWWPAl9uGRT4rHECBlDb
2020-10-22T01:41:39.740711782Z 787 YBDKe7AHzP7WVjAZlq8LK3cKgigY338CZF87IIVzBFu0wuITcF5R3JpK3loY
2020-10-22T01:41:39.751406273Z 788 FREMZVbQ7bGrmQfIlMo7zwdCsUnQWUuMgsD83fJOZBBE2EoHRVaBhjG5mCBD
2020-10-22T01:41:39.762751238Z 789 XKYTImcRzUtuyALrXyI5qhuIwKJwQ5pdznQLD07JmYJ25isQvYxvZ0qnS0lz
2020-10-22T01:41:39.774248741Z 790 T3vz1cEKkNQIEKXufTX8CdPR5yoTOOyH68LnSWeqIgaf5EyxLQJBTRWAtYeV
2020-10-22T01:41:39.784962713Z 791 69UezYFNDyGSYX8srdEw5mW8zxRZpNdoWoKniUGoBfHSDBrixrlv0xYew3ic
2020-10-22T01:41:39.796802362Z 792 Q3ykUwMMiSeZ4KhunEJgw6ksyDceSHICrrYgm3QHjEvY5tUoJLBM7pHfSiD7
2020-10-22T01:41:39.808683909Z 793 drYORhCvGUkrtWcbBJ3YgZ485V1Ew05OTpjSRQIbGoCwv1aVWTMPAlg9B52B
2020-10-22T01:41:39.819768681Z 794 b7DCAb90GLOQJZ58jJl3drUDhXeC4V1SWUzd26QcjdHa4O0VFLH6QLFIZo4S
2020-10-22T01:41:39.831458295Z 795 RXPAG8eZVnuuemKmSvm4JdaLaWxKBjm7YdefRIOmwZmilGDf4wbcFo2YSoWc
2020-10-22T01:41:39.842153410Z 796 nNAQKmmMETAnm4hoypBNvxqEz6vAGhUEZH3rkTtJXgzzKwIFk1V3k58Nvg8A
2020-10-22T01:41:39.853674196Z 797 6jNSMsYciwCI4G9qhOiyuRLbDFb0zagT6C4aeVPvwBu6AmsoI3ixpE2H5U0B
2020-10-22T01:41:39.864751818Z 798 CD0NyLhMoj8SfyaS5THE8KrUNkgrrALUH3Sq7gWG4VxwcMLya9zh9jUlFjZO
2020-10-22T01:41:39.875640095Z 799 gl9VwIEA3d9CO8SIxjbPyyL3wdzEDuaSCPtrzPdf3Qoa3upsQwes9sGSuUme
2020-10-22T01:41:39.886664384Z 800 7lFUpS78brXmpHcf5H2U7PFS0PsY9lXoEAkCa5hvpvR0cGLaMwQeWcC3WIqH
2020-10-22T01:41:39.897972060Z 801 3bJgwsz967ZFRcExzZ6CKZ25T9fg5eLfWwPY1loWjHbbahBKBuhCv6k9zKGK
2020-10-22T01:41:39.909709924Z 802 VO7iNfLM4elEm5qY5qAnuTIUfAas8ZPCRhRPivL6ynnm36Q8ydiMMs58hYqE
2020-10-22T01:41:39.921666792Z 803 XHG6IR9fXHhSsFMBvwRSxejSe6BEHokdhxkLWFkSS8ruGFGyLJoJiUWQFhIK
2020-10-22T01:41:39.933358549Z 804 oslZogn2GXBU4NzUqkkyUb6841B980usNac4KvGmzUiYeQiS3y3M20D8Glz9
2020-10-22T01:41:39.944900468Z 805 VuUTJMKrimmXlh6Z8qz9b3JfqN27Qwf6HGYGNSdTVzNqoh23s9jtcLPvvVdw
2020-10-22T01:41:39.956590428Z 806 6KLqBkX5Pt6vlqy5n9FIl6gtJUV23vG8cu3mcPm0Tusjcnf2rPYW3FgfJ29T
2020-10-22T01:41:39.967813205Z 807 GMwsW0tGERSlIGynKXEa6H9Pdnw9AW4sdGaNpO7GiHjvt6KJm7ikC9zGCejT
2020-10-22T01:41:39.979520161Z 808 aQuEc53ItmjchF8m3tv3eMHSoqUEOQf2hgnyDtmQwAHbDgeMLksSSpAwKuSJ
2020-10-22T01:41:39.990091469Z 809 PYdCfmHuXHMW2RLS4FSVq6WWvUlZ10FWhWtLPxuYT3ZGAyTy11X9J2B051X9
2020-10-22T01:41:40.001785297Z 810 SXgyskKVnlQNe56yqALObHUWJg9fJYSjMMB4z4tIXf9YgqJIMCkdBnLksmkc
2020-10-22T01:41:40.012775922Z 811 yFUxLo1ZAspSKWUmc4Vgji3wp3CIggl0pcJnt5JVP0gZ2biLeFxM44aHjcQ9
2020-10-22T01:41:40.024883061Z 812 kawc8CDE9XKBdllzexruSGhSARhwoun7B6Fu76Sciw2I1v7kMgufjabT9PJk
2020-10-22T01:41:40.036178578Z 813 bBsJrQjX5zsQXm3xZ9ixTCfunxwUBncrBIxgHn9lFtg2SK6bsMO7tuMBXaFP
2020-10-22T01:41:40.048107066Z 814 iT8ZFfVaMmEGO08R9mUMSwOHNUoMJlcIFeBkaokhgLK6WPL9y1W8pQpet1NT
2020-10-22T01:41:40.059511445Z 815 pHr92AlbHYoHWoajzJXRsCMwd9Uq7LylFgAozDvbkKLmd6GKRYRsFyfZyIrr
2020-10-22T01:41:40.070372518Z 816 dQU1UoWo3FzIvs1TMdXoJhxUNYUirhde4FLaliqvwNxTpbb9E30dMeib83Bx
2020-10-22T01:41:40.081027662Z 817 3j4rHvL39624mnuXuUQPcbUh6Cjb21uADXcsKaRt5avurPlnjizD0HGDdnei
2020-10-22T01:41:40.092481563Z 818 MLBrnjV3HJ0Iak62pwpjeTPfAdbXkVONXgzUuKKDy8hFMgB8bz7gtDLIm47v
2020-10-22T01:41:40.103826703Z 819 75eoLpamQG2E5vvKIrn5tot0GTWDoCwJ2pV4q8Wzr3fTdWJwPHEir8gxvUjA
2020-10-22T01:41:40.115522933Z 820 iTYUq0lzrU9LP1EYvjVHGwkZbLGJCjKUNy04CX3cQ5ZLG6LEV0kjd5KMxdik
2020-10-22T01:41:40.126488283Z 821 8jEYSCQENCfs6XdHWibcLQMsCFa70OjD376hEsNwgC6DZkDq5MAGI9s4tWsE
2020-10-22T01:41:40.137201903Z 822 FCDrtTogJDFDdiOsU9mdtWpuJsjzXxAdbpjrgXgoPGRMhtGwfoL3aXeMNSMw
2020-10-22T01:41:40.149044571Z 823 dXJrMWBWQSoS1DyKkD3oX5J1XwWT28D3c2yoeyjXISykthEkMtg2WaMaZp57
2020-10-22T01:41:40.160150388Z 824 xztmvGNA50SMjq3HmXsmbwlmlpxiHztZcGj1COgdw5eOyQ2HSJoOUQZFcd2Y
2020-10-22T01:41:40.171632209Z 825 7CB3HWr768swaISdeuDAlTnOiM6keDZkL6ySyvV5ezoyIXnNbThJVPiCE1zi
2020-10-22T01:41:40.182819003Z 826 Ga8uisB0y9tMARaIImbvTS0wtwMbLW0csqiPlTEjxvEztgfzI2Ma1qeQyb8D
2020-10-22T01:41:40.194519206Z 827 g0I1pAeN5FzW5mPFH6Spi49MMv7n5kWihHQ8N6byNugr0YZw4QjBpjxvG9tm
2020-10-22T01:41:40.205073331Z 828 OFP6b0ko2CD3sYgmA9dsQfECSg0dODURKwHGHNReP0hc89bPT77tzcUJRGmS
2020-10-22T01:41:40.216662367Z 829 Jkii2NbyIEoLWmRF1nSAtjfVmHRkJvLtAbu7LuetKHvNpwRxpJ9QCsGp5aVa
2020-10-22T01:41:40.227847017Z 830 cnqaDRKOq0q57JWt7lvJTx33SsRLE2XSIwpUbzcjRMyxnMRVBn53EabgMVFK
2020-10-22T01:41:40.239615081Z 831 69MVdD7K96Si1pXMC02L8SSR4V8ty1HQatptPPwMX38vQJdpkm47iYXu0O71
2020-10-22T01:41:40.250030003Z 832 zD02YA9XzAypp1vQrK7UFsMwdhHWlk8PVJJkRXucuF6q2EVzWx5gxv27JV4a
2020-10-22T01:41:40.261890687Z 833 Mj9GhABZWz8ENNjEv5kHIVaoP2JCUZSnUveJxj5WEG0weGlEDsyzxkhp9Kok
2020-10-22T01:41:40.273557985Z 834 AFn2lfVFCfwE92M1pGAQgOH1f4gmXrXbqzsY5q629kFLmWSGs3rlGbnl0PDZ
2020-10-22T01:41:40.284346810Z 835 KGCLmMLaoOwG4Y9evW7bbP9t5UrggUOy9VFRLbuEqIEf0vYv3UJw1Lb7dcEG
2020-10-22T01:41:40.295603003Z 836 YfBwfCsLSAH37aqTlAvfRGNOE094uZ5IrXfq0tXmHokXGIQvtIlIraEiZ6G6
2020-10-22T01:41:40.306054799Z 837 cMt0FGFUsNMY1GCM4Ey47NwQ8TsbPNc6b07j5MFtTrt2XizrjKBJRnnRJtO0
2020-10-22T01:41:40.317494056Z 838 7RvUPhQirA68fSBw5ZitzyjMAI3CcXhwj0IRJyS8ScgH5FI77PubhpDpzV2Z
2020-10-22T01:41:40.328201530Z 839 DqrNnBDwCXx3n27graudoN8RqmZMBF6c6fQ6do59My6D4IXcmBShB8XqXtSV
2020-10-22T01:41:40.339940736Z 840 Kyu2fLcF8P0oB4A5lGKqw6GIs6PoQm9uuCPt7NR1I4PNQ74yb0oQDYJCIfCp
2020-10-22T01:41:40.351883592Z 841 wUQnv1yn8rDmLuwGqs9prAVRuAJ2STc6WVOerc6rr2XHEVOlt5d5tnm7OZyS
2020-10-22T01:41:40.362321412Z 842 aZW8f61DkYc2D30Z2TrDMtEQbg0QHPnutYMEebx0wC1LZ5MfmVzPTIogDAKm
2020-10-22T01:41:40.373763131Z 843 nK94mJWn1fpHRISOHBdHBVetBuF7ra2IiJZJZeup4skL1Ey4B4mtVLVFbt6w
2020-10-22T01:41:40.385809205Z 844 RlEVdJi2FAnH5R67fmrWtII3NTKS04R0ZTHUl45TBriiR4TTCEbfIYJ22Ogt
2020-10-22T01:41:40.397673919Z 845 fEI50IdRigEoqOuOK8uuP5eFjzqkpLP45PlRHfCajWEIhNPO25AKXDUaJk7H
2020-10-22T01:41:40.408112583Z 846 mp91Y8X7V6iv0JbEICc8bLzsUdfl4AI11htrWr58ZO3c1TFuGTqko9mywZHg
2020-10-22T01:41:40.418841844Z 847 scPA6QUuyLL1ikyALrfXHJ3nuypiQw6bJeD3ctkUylq5esHCModa21DGB7AI
2020-10-22T01:41:40.430576334Z 848 BRD9lMA0N4IbazaQmP225zGrqlklpBE9vA7QILgVQUBW8hEbUty0hMxyNOG6
2020-10-22T01:41:40.441629267Z 849 ZEXp7h5jaQfjY69jwTx4RHZga28KFb3O0z55Jz90BVBaTCbk9ICJOULVNE6j
2020-10-22T01:41:40.452603652Z 850 JkaUFhDnXJqxcNK6VaWdxECh776ll1Fn5d5IgbK6fPlL1cHc3fEmTBpkmCiK
2020-10-22T01:41:40.463611554Z 851 Ufa2cIe4DUqrveQkQpv5u1jJISCbQUI1BnHhCYcskO8m40uw44Qli65NDKzA
2020-10-22T01:41:40.474369015Z 852 C6HaqFfybtHBQmx9582IxhUuntD0di6CYNUyRFW1kx8RTBnBGzeJaYP99N5n
2020-10-22T01:41:40.485269850Z 853 42Uch9oXl5BZiHGZfnXnC5kO23hczEnBuxgVGN70U3OMkEmzLFDmstFwCnDu
2020-10-22T01:41:40.495975193Z 854 bdk95t5Kjo62m5vfyzRWb6ncC2mmjr2qUDO1p3AiOlH2rVu3CW3r5e1vJeus
2020-10-22T01:41:40.507674468Z 855 zydrgHk0DeneDdys8qwoRWvDz1YpWY5x8juHcJTGB4I1jAvIeDserZK4yZPM
2020-10-22T01:41:40.518518580Z 856 qLXu6tUWurl70rtoGKIZKOxxnwMQXSsjIBYJOgHPeVrL4cvwNxiH4oTdO72G
2020-10-22T01:41:40.529723849Z 857 QkkJ2eZtw7hXaX8BgF9ZwCOrCRyLfbv4L9T4CJghZqgW3cL6Up4EDCU6aAud
2020-10-22T01:41:40.540993124Z 858 tlUExF2LTAarBazIlP6iWqskmAMArttychwH2hulV5810clhrev0lM1N3DoE
2020-10-22T01:41:40.552614074Z 859 vrF8vEbJHCOK3m2yUGvKzRQPvpQXWrxRqUfGplCukQqGHxzo6MBrDvZwpkeo
2020-10-22T01:41:40.564325983Z 860 ZMN8MJ9DlJPjJiZUSvKsW8K8vuP45riMyU1IkbhRQp23yOS4PRbC0BMWQzyj
2020-10-22T01:41:40.575129758Z 861 jPoXktdOa7ED5QLo2xYDi9oh7PSdfzBu7tyVfL1r1ScJ8xJ8QY4HSjqyxSGi
2020-10-22T01:41:40.586141570Z 862 pplo4jsLuBTbSWdDjblXMjgaILlmIY5JPMzYmXYMyJWAtTShGHXNxoyp87tG
2020-10-22T01:41:40.597860955Z 863 sa0Sq3Jfv5lZieOwxtCubMGDZV4UFM80GvzCqi7Nlme1CzkVK0QknL1QteZP
2020-10-22T01:41:40.610031481Z 864 e1ECFecQ6A8NKbNUwJoqcXrtM1pEOyOSLJYfXai1RssX0yikgNz25o1ngV7t
2020-10-22T01:41:40.621354808Z 865 f6C0HrakxQk99ldq9BUjLNqpD9TIcUR0cytXvDotIR2VN4SdeckX3QC7evCz
2020-10-22T01:41:40.632515188Z 866 xdl5bmNOEseC3PFX4lqy0vjnlwJKXyVzl9Nuf02ur86dujsnPrimBEAy3lVA
2020-10-22T01:41:40.643346038Z 867 LAZAdWaH2RnWxSd7Ze89bngARRez5ffC7NqhPzwjTl1GBc4OanxAPKISfuZd
2020-10-22T01:41:40.654969860Z 868 wy7cN1RoFudQm8nzSjzOmn9ix0eyFeXzpTQXeAGhB3GqnBJJkpNTVNMP7emR
2020-10-22T01:41:40.667011352Z 869 I5VEtBXmcVE4XCVJAA4CH3RnJSXNTaPdKuOjpaLlNeYZNKJmmyonJU16DgCu
2020-10-22T01:41:40.679052174Z 870 2b5H4zkLbAazOrzecEVfn1aE39RDT3sEr92PX4dm9BxO6TxG3DWCRObwQ461
2020-10-22T01:41:40.690017889Z 871 iPoOjTVltA4vsmGKWD824yUHNmmjIYY1Lw4UTFMrbHAeLSVmLG75qmMbxR3v
2020-10-22T01:41:40.701656242Z 872 9NunJowkJRKGRbcZ81xYk96zu3LBWndAzvxkpraV4ngpllQhgCrYIcSvgbhs
2020-10-22T01:41:40.712186715Z 873 x3TCjhPpIJOGM6NFBOS3b7llD5qsPkJSRbuF64GW6oHivi1iqxaJEjxDs5ao
2020-10-22T01:41:40.723900097Z 874 oF2JMFjbkxgNCGRYDtlzXAUeWza8DSheSAVWb2kxY4f3F8jgZDGATSLOaObN
2020-10-22T01:41:40.735887786Z 875 UsT6vegL0pFX1mgULTIJUcNJ0FdllVwRf6hl1zZmVnMpuryo3YV7swg6NqOZ
2020-10-22T01:41:40.747516711Z 876 ynN2GRqFTUoaanUSCV470XgFDiU8H3Q94fLvBbDS1DhCqgJ2KNEFnFJZCHCX
2020-10-22T01:41:40.758040025Z 877 YE3uK9VuHMciw90DFcen5CMAPSR0dqx3z41ainc24li5wVVMr6razCaka9X2
2020-10-22T01:41:40.769598335Z 878 ZJK55YOBegmuXG3Hgcm0enQtG9m3PtNT0pjtfpknW2IqIaYKw91ZPg6VrgYx
2020-10-22T01:41:40.780021089Z 879 0pc5ewrY8UfeDaaMGcYo0N3lLvg2vcRWjfzZqYSyal0qJtCbVTPZ1UUGNwXb
2020-10-22T01:41:40.791990685Z 880 R5RmJGIslqtnWxpIP3GRkFLjE9z5jgx2BZyoz41iKAB2mWY9qpngrD1tbGgM
2020-10-22T01:41:40.803941921Z 881 U56V4mqkYQrzjrMsSe7SCw1MphRvLcGyb3cZDFa4yrA40GsvqIZ51uBYWv3L
2020-10-22T01:41:40.816110273Z 882 T1HSVUNjXXGI524by4zEOP5KYHB8elV1nm4rfJwQienWvt3oaLfQL079GyBf
2020-10-22T01:41:40.827604630Z 883 WnbJHVf8ma0n8tz0Di9kzB9GILy9Psm0buox1jCaTiM0APRIg6XO77NZkJqX
2020-10-22T01:41:40.838329539Z 884 HQFFTwXJ5F3GtxZHa0MBnnK2shcOhaecKKVMax1eHqE7Cw6BmphL5pJLjUaT
2020-10-22T01:41:40.849045808Z 885 6HCcdPbIX37BdEy9Vp9THeqWIDF8U2LUNhVsWIVUUYVw6i1MYeTtMU89vCyd
2020-10-22T01:41:40.860835444Z 886 GzXQKDVgDXi6E8Lx9E2vdiqGIuDj5pk9Eogwm0QQJtaytxuQAeskLo6CP7M3
2020-10-22T01:41:40.871577896Z 887 0btt2VbtWjpYkhbchj5Lm6GBCt3oRFDqGaNOqO7M955RxOWzKCl2kRXTQBe5
2020-10-22T01:41:40.882357664Z 888 bzvbRJ75zXYHpqPkIMdsfquQQ54Zy9p3vzOD4JWu52JXi4M8NWiM3Xt7cMr0
2020-10-22T01:41:40.893535689Z 889 mex26B9uymFMwspKHJHiYoe92e1EDe7VwrUCvbugAYm8PEVpC9sgaf5wAeca
2020-10-22T01:41:40.904311488Z 890 WRIay65yqFjULscrOY6WAyvdO3MBUD3NxNBal1HSlBJHzfdHi1VqYkajEI8A
2020-10-22T01:41:40.916017694Z 891 dDFHfihiUGp2HaOQOczM5m0k3EGs8nnmMnNlqrTUIcEntlesssh7GvYwmScZ
2020-10-22T01:41:40.927721495Z 892 ZG9hxJQqbpUgYFc2SLV4FLq2tu16RwyHAC5s4CGSaAk6HttAbyaLCMGag0Mp
2020-10-22T01:41:40.938623115Z 893 WhfJ8StEa7CICioDmmsxykpitPxGebtza1Uf6bsLK1tskdfiVQ3AJL4SibSe
2020-10-22T01:41:40.949397209Z 894 Rbmv3mWB3Th9wf8tFLquGonDdO4V5EZaTbzut08FV53LAjYIaQw8rNNOtzDP
2020-10-22T01:41:40.960732850Z 895 JVk3xiZFpHrD2uJEdqz8fTAiJGnVZ7edMOflgRIQznobweYhgx4H0L0HL3o2
2020-10-22T01:41:40.971166365Z 896 wb8TzJKKgHoSh86HO2DWEuvS6xF7QXjky8sUqcVJGOYovK9dMGopbt5jG93f
2020-10-22T01:41:40.982764744Z 897 JBYPJMjTTwTXRJmiRPqTIsrabLojbmSDDoF4lzxMaeLit5FlgXWlOgbPrYcr
2020-10-22T01:41:40.993434654Z 898 qo3J0Wf36ttigF3shpQIob1NntOPNHQPdenbDp26t18odPYHrmWXAHBK7hB5
2020-10-22T01:41:41.004291553Z 899 ytrgY7aeNw7JwQuRsHkggTS5y4NvQTDdkrG85RZlCRWZnzbZsKjzc0aC3vyN
2020-10-22T01:41:41.015072481Z 900 SaBOTpgIHlZYTDRwVdleTRgJTLXYnlgVCIf79qavHzgVetn5sRHhRypSf6mK
2020-10-22T01:41:41.026591926Z 901 oYuQRtkd4sIJMB87vhrjcwjowVjElEI3BRKdWe81sGsXyVxLQkUoPreSBspU
2020-10-22T01:41:41.037134396Z 902 M5K032wAPVZKvtAW5UbWpT0GaPv7vVdoZSPVG4QgjxbBe9WsHpBajTD8FjA6
2020-10-22T01:41:41.048536105Z 903 6FMQA8BrSvVvrujc3kUUQL3mQXJFOOH66nfFNW1k04QwTm1tkga01BbR9FC7
2020-10-22T01:41:41.059417537Z 904 fVLvZhQ7LFfp81Zj30IN3mLjHRpDVaW7WYrfq7kC8cpz0Y0UVkZbGPqcBmFZ
2020-10-22T01:41:41.070313445Z 905 5ADUUbxuME8sjizPOB8BF9ofIH6cprxHQpLefAlFyQDSqOoz20yPruopLMg7
2020-10-22T01:41:41.081912426Z 906 UvFvLo3d0opnddEhHHBnEPDsbwPMl14oQUWmqmaMU1SvFetLxrTkujtKCQ4g
2020-10-22T01:41:41.093565287Z 907 7S1Q8OcgpFSaVJ8cjYmAKSCKalKQpncVP78cpLPwV4sHpXZTU1fhZD0a4tRK
2020-10-22T01:41:41.104859552Z 908 lC62FOTwjFatNTlQoFj4nlZCytSSfUMwajbR2oqTG7zoqm4GeCweor9CtDY3
2020-10-22T01:41:41.116408908Z 909 mwzGo5XfUWxAqeFNVHgKKFWUbWNApPJkyPWQS2WotlYHco1NF8X8twZSTBp4
2020-10-22T01:41:41.128177379Z 910 ezzJh51ybLZ0dcz3fgsR71z2Fen43a1QrXgddvm0dfD79WamVqY88K8FztKL
2020-10-22T01:41:41.140089382Z 911 aKyLvOJFBQuFxSA3ymHStkHLRlCWR4iAkoEDlhrUaGkQq18SL3m8h4nUEa16
2020-10-22T01:41:41.156764864Z 912 vIpeuRI9whvZ7BUqbOtV9xmXfjkcFaGeD4W9xDcz3Y6arMUhH7aUZprVjVAO
2020-10-22T01:41:41.168366297Z 913 oYAAVVQtmaGmqoWsuur7RFUGlfacowkQxV4x6rUnQaQwRrsUra4YeRjeV9OB
2020-10-22T01:41:41.178136923Z 914 1PLI1y3TuQ4nzCwnr498hiY4J5afOMkZ8abOY8H5zABPt0fwRFoEc3gPy00A
2020-10-22T01:41:41.189754846Z 915 WfcBAU13zqGTPeEDSzJWFGHcaJdG8hEbNOQyLJmn5j7sTWBLayoDEIUb8ymy
2020-10-22T01:41:41.200336084Z 916 aECFGTS5hoxIWHsgzMyQeqiHQugwsKSF8WYZbrlEbS29pPhBxaqqtszz5U5C
2020-10-22T01:41:41.211651803Z 917 tgTSNspnb1qGp2Rmb5qiCTO1MNVUc4m57hlDILmoB3R6DX2rTd6g0zvI4alN
2020-10-22T01:41:41.222277319Z 918 2lsF4QzGFP7YALxDEDnDzM6n0Fn4dfsakXkW4CIcgBAHzd9W0KWlTZExeRjX
2020-10-22T01:41:41.234464473Z 919 zELXv244WwxMP9iBHiXVKQCeipOOpCL5IvtmTXhxyEjU1Yj4oDzsBB8edTYl
2020-10-22T01:41:41.245683829Z 920 Xn2eEvrZtoCLQ3ok9KRxx98dth85wqheopmA9kS4EgrcTmVfoUnpBZx0jPbh
2020-10-22T01:41:41.256436000Z 921 SOPNcWkKfhB55n8k3SCpJe0obBTrFp5MYbXqgJ6R6Pi2sm0ICgHPZ8frcrn8
2020-10-22T01:41:41.267251233Z 922 HuEhX7kc58GOkz4UeJuLcKYATgEpl6ShwFvhWkaE48942CysZbF1LYnIlXfX
2020-10-22T01:41:41.278999962Z 923 aBuujKyZNju1gQCr9kFuozp2vvfW2c9oDNNjW3lABalI3TimzKB42bIWrYdU
2020-10-22T01:41:41.290684946Z 924 Czd7bTwCFvKelTMWEJ10iWz5brwTn0QSvApVAMqfm01T08EbCrHY3E6H7Mtb
2020-10-22T01:41:41.300883858Z 925 J5uQv2B9YaGOSqZgtyQ3u70k8Yn8ohBxxQZyesV6ZIcYtftWWGV2oiQYfTNM
2020-10-22T01:41:41.312258319Z 926 S1XZNNKz4Ivcilkwoo8PTbWrIHItgXoWY3SvpCLJVxcGWtJHF3S3I46ZVwnh
2020-10-22T01:41:41.323884492Z 927 3Ktlm3dFwXC2KK49utKdQHDMapmyEsCloAumWKK8AdbW9Z9sKnRg6aFhEiOd
2020-10-22T01:41:41.334730877Z 928 D87VvznHnbKvkM6ePBXBSMi7WP9ALnOl3vRzQaLW74EKxAC1nvufLDxrZEJU
2020-10-22T01:41:41.345721783Z 929 Y2Fv0LPCLmRwcwSC4dse1rqDzElFRHiS4OovKomiPZq0uN7WPVbx52ckJu9L
2020-10-22T01:41:41.356527354Z 930 hl0n8ZTWIeuYAKiHo59x37EhPoTubj26K9RcioCzPHbaKLQ7gNKjCHc8qVfF
2020-10-22T01:41:41.367010052Z 931 RQpgDgjt32ybTtqucJntCEwngVxfoM7pOeUcyGjFStlluz1fExahwbiczzhf
2020-10-22T01:41:41.378254805Z 932 8DJCS4vNBeqBuFbYRQTV5qHwzPIRSazpxU9eMdvXulJo3As9ADDb1xpLuF8B
2020-10-22T01:41:41.389902121Z 933 Bin1N9L19KvIqslfBwURfR5sXy5DtB0RE52PunlH4w5dhejff8wjxQ5GLkWo
2020-10-22T01:41:41.401492956Z 934 YFkUt60HmmCwfEepsfVWuOam8CDnOM6X48dNBaxy5cafO58QOm2Z5mfGGiWr
2020-10-22T01:41:41.412344553Z 935 rVThg7vH1WVNf8D2Cg2nZ7uLvdM7XFlnctHvyAabIDwnWOKPCxNC8OqjeXDe
2020-10-22T01:41:41.423659928Z 936 CPrx7r8D7tVW0X94O41NXOoZSikwMLLbhFAQg6tmW1VxBL1murQOdgQDG16W
2020-10-22T01:41:41.433890353Z 937 4oytwEwO0mPu5q05OWOMhxLZ9F5yKS9p7Mbcmn7jfu7itYgf9oZTpUbIpba5
2020-10-22T01:41:41.445364129Z 938 Sab1dEdFICirPtVPXGEF6Lu6KkP7DnNZ3ydlJ1txGXUEaZaFfDSeAqkcyyBj
2020-10-22T01:41:41.456359964Z 939 76ukUZR2g7IAuVA4fdWmPwjQuvDNTWhZQSan1KX2DRPOiS2E48SuKCuPRkJe
2020-10-22T01:41:41.467950248Z 940 0TJAV876GSe5XeRMIePHBMA99UbZ8qqqqKrUv79Q4MAPmEhBiFcXgo1dSE5c
2020-10-22T01:41:41.479852444Z 941 HElI5RF5R9gkYuOclQuLJvcMFGJH7S9rGbq8NtuISni4RcWqQyro17agpKK6
2020-10-22T01:41:41.491320415Z 942 KLTdsccrL6L0tbvVBOOctdccOvjmBSXNmwKHUiBFsX9rGt1hScEwpu4ivRwc
2020-10-22T01:41:41.501898973Z 943 ZWBq1S6SgdLxLDKzZcnXJZYV592VgrjI6gh6qnvkaW47WSp1ZsWurhiv4Ea5
2020-10-22T01:41:41.513494163Z 944 TWOYkcSCq2TPea9oNf1mh7FDRoziBxd6vBuYEI51WUFiQ9773xuNJymKlvHB
2020-10-22T01:41:41.524499174Z 945 qp2vDP4QlVFicaeQ2eIoJL63EDpEuqbU8U1V53p2MTKzbhXj0eT357Om2Hvc
2020-10-22T01:41:41.536271829Z 946 GyfAyDE1FRkuX1WzM87BKv7mxm8177aXNjB2AhsJdPLb7BH6YYFqQSpjXEKw
2020-10-22T01:41:41.547931264Z 947 JZgzpAMIL9YgyJMCBTOsqNEzhxbpEw73W7MhJu2e1SdbM9kYiKtvnI27nzYl
2020-10-22T01:41:41.559440805Z 948 zilAZHKfvbaGkBjTIaTERzgL4lm7hrdWNDh4q24NPqvX1LkqSmxPQXMh3r2m
2020-10-22T01:41:41.570230275Z 949 rr4mnPwH2bVlWskwX5b9JGmyyBEoDU64IN2x1UwukqznbAtmAhHRLXgVOvpG
2020-10-22T01:41:41.581699667Z 950 BpvM7JI3V4jz9xMxwYRC6GfeOT5FwMD0m9WT0462VfogFVdUl3n20RMYownP
2020-10-22T01:41:41.593560275Z 951 qNiMqdE3Y8UfzNGIVAMfQRjshpTwL5SxMyYGICK2SIwVu0OdWExKNk5O8Lnf
2020-10-22T01:41:41.603995428Z 952 vS7UWiyAGcRgGIdwO3NEqUbylUXFRNFkmIXkRYIY6iOZqFULHjLZQ58i9YIO
2020-10-22T01:41:41.615725577Z 953 WfHzC4Sth2ur46vwjipNiRD2TO4agCXT7mt5xgWj2HyjDmryHO9Wgoqm7e6h
2020-10-22T01:41:41.627023642Z 954 SltbZisUzXPdesGZNmpdUep3Na2D9JV3qaLNQcq3gczSfwKCDWhs11bh82sL
2020-10-22T01:41:41.638274516Z 955 ShViESH7ioDelEaMjqWVriWSohcFC7IAIaRDJz1mFFK4qEDJ2sI5agLaQyXp
2020-10-22T01:41:41.649843097Z 956 jnzdKY5ODbbW9aNr0xy2errMpjfvLhaaqKa0U6tH9juII1GglDbohp80NNXr
2020-10-22T01:41:41.661727728Z 957 Y3GIAww3SS03aIyYexbIW5ycRz0M2aGD9OuwWlLMXWTZ8EhWlcoKKyiQIHl3
2020-10-22T01:41:41.673084772Z 958 GXsPJTZGXoit6SyIxULFylWWw4Pi1dlkYtH5G0Av2mbr8MtK8JtA5lvvwxuS
2020-10-22T01:41:41.684807113Z 959 DwfbiqWELWUda6xMxj80BBiUx3F0hKOLq2I24t8ZJXYHVxcYwHVCKc4eEmjp
2020-10-22T01:41:41.695832039Z 960 3v7cOwxFebD6XO5tygHoy8jkiu9qsTd59iIfBGoA4OM8uWrEz1CDjRh7lJUn
2020-10-22T01:41:41.706983082Z 961 bL0k7WJdXonh6Lj8NVc2fjnJQ2EYZYVOXq7rtvaOJa4LPVNoOFcmvHHKa1fY
2020-10-22T01:41:41.718151336Z 962 AJz1GuOiwxV2U2pYbXJzHwOCumSHdCe2KKWxTwVypV8LaXL5MvXX3gco4yo5
2020-10-22T01:41:41.729625372Z 963 lwIxVCS28pyrcw95x39CHkhH6AJi2qwimi0LXGFrDcDBrWS8hYWi3T22VXUh
2020-10-22T01:41:41.741433846Z 964 UTUwInHxJRZWaOT4bIo3dc9GZprdlf1ocmTChjNDsXaMMx7xWDoxy4zZGkJX
2020-10-22T01:41:41.754005478Z 965 YZOGRODRXvGn4xqFXJCfpJmM6kNK8u7Asu6d2KxzEcRWkfYgPvke6acP9EWL
2020-10-22T01:41:41.764898417Z 966 5RgEQucIsvwIsiQDbyhECDt5XbYUJ25a6uiir22hP5gaI2R2NODcESwnFceM
2020-10-22T01:41:41.776767080Z 967 I6Jedvj9DMoWe21h7ckVUgVDxlzclzdfHKZhhTNbQ7kYVi3FAnclKHSyHtHh
2020-10-22T01:41:41.788106528Z 968 mYeO4oByE7aEdMg37206OFMLe9n7aisbEDC9HSHCubmqHwRByZToHljeJVyx
2020-10-22T01:41:41.799509178Z 969 BvxbV8SMmxXW9EvW27GrssZ7qEO6nEHlbmZiyqWM41BYtfJfZZnCjzH5tZbo
2020-10-22T01:41:41.810214434Z 970 2Sf66mSaTDrnVTPFSjpkHnvJZR2mdHnqJrpTjL6tLQMYZeBOgsfu2QmwJJv5
2020-10-22T01:41:41.823052137Z 971 zBfMlFfgeUh8RBzo2la2z1v07I5ZbpihdNJmx8v61HUjwz7zQjjnevMTCg8T
2020-10-22T01:41:41.835192525Z 972 PBFcmuzBO0b2VlrgSWpH3iL5uxtWr9NaZHPnLGXEgy5N8ifgVHeR6sVv6q59
2020-10-22T01:41:41.846415495Z 973 KcgZaMgOmLRFSKpDCLSN9FsjPTKWXSc9ehDvnEA8VJYAgXDJyb9uqqrvjOtY
2020-10-22T01:41:41.857965517Z 974 iHrLKIfPxVQi5LJPKp4XAAFraUcsjgrwFW52JJy6RSvnTaWZ8GaBZwbnpbcZ
2020-10-22T01:41:41.869411574Z 975 KcAw18imMxvE7jtbkTgCovzjC5r3fltMAXGtaLBrC8IfjqcgdRGH2omofOzX
2020-10-22T01:41:41.881147505Z 976 tHCMJ4HzRfsjCkvIDfNMvXtMgBBtEGb5M0e9QFY7uVqByiPvvktkfuUQEw78
2020-10-22T01:41:41.892595530Z 977 NnFIvDHs5vTgfDVSse8Pc4bqTmMrZl3NRibym7ollSjajnbKjjXJ2SceXjS0
2020-10-22T01:41:41.903515959Z 978 XpjV56Q9TMNjSIfHG45vwhDuoxNHXcVN90MYGODAJBea18kwT4Lhs8jOe8q8
2020-10-22T01:41:41.914061126Z 979 wCwwgHkBDIeG3U43nrzy5DzyqPg5X4S4JRIDttzrEzJCw7udCgmlya7fjuWT
2020-10-22T01:41:41.925619036Z 980 idfknyW8c0fbLyEl2sEwGmoEBRSnsA4k6bDyl1BO22DObXAfFFbMwWN9Sou7
2020-10-22T01:41:41.936880417Z 981 LkSxYT8JW3wFsQvQYUIjrEceVA5GzkcKIug96wp6xK6TYDbqbvrqJX1KVfa1
2020-10-22T01:41:41.948877520Z 982 Kt4LBbYLenClEoIx2vpzYBOOrmUNtxBjCCe5zBxxck6Bx0ffNR1TmibqBJ0n
2020-10-22T01:41:41.961178445Z 983 lSy3INk3R0biRPeUv5HFkcoZiV8Vvj1JkmUVg6E4EOo0KNBkUcHi6YJ54F6N
2020-10-22T01:41:41.972618899Z 984 d6xqQI0lQsEAicLXK6JGRjm8wXJ81hnUDaxmKhLg7WK83imU0dAlmY1Z1Opn
2020-10-22T01:41:41.983007339Z 985 g5FARQCpw0Dx0iC6Jp4XjUkPq7F9IxIhI7V71w3MxubRmS1ohLcx6muLHmhK
2020-10-22T01:41:41.994447007Z 986 1rBpPVimiLAflqmGgyGXWLPt6MpZNNZuxG01oHS8fo4ZxjWwZPBe2pJO7Hzk
2020-10-22T01:41:42.005024306Z 987 C9EINmWxg7O1RDzb6iyl83DORsJtywlRtmNjmZwdeksyefcjOAZYGukDrX4Q
2020-10-22T01:41:42.016790609Z 988 NtPbguhOhcJx4ALFgIfL5dgko04TozFK3yYEr79s27Wt3z1M0Cw49vTu0HPb
2020-10-22T01:41:42.029014761Z 989 zXGudvY8akWOOOa475vinhoeT1nIHGiWSr0kXJvBWwelnHlFkWuucqnZKfex
2020-10-22T01:41:42.040475072Z 990 jI3664a3xhYmFn8vSprfJoM0UEIeM146BngDPtCpJZ27360jROl5mFSWrMyc
2020-10-22T01:41:42.051660827Z 991 Q0HRye1KUUzRvXeiVLu0kqlApdAYSi61NGXtNGYfB3Z1G55SdZMQWiIyZr4k
2020-10-22T01:41:42.063269961Z 992 F62PTyWxsaJiqtNPTWO5aR0BUVnGYkac3An4xOn2US2JE01RlIjKdie4vmwF
2020-10-22T01:41:42.074879641Z 993 tMrZUxtq7hPLWL9CHmechnVL20rstyhrMHPZPzxUdcpKtALn9G072hUmXofw
2020-10-22T01:41:42.086355471Z 994 TJvL9SqyQ2mEcOuZ1yNZRpc062AaHzqDrix4Df8awCB2NNCU5zaRFUhnuwJ7
2020-10-22T01:41:42.097153434Z 995 RZAaUeUHA0DyZvimHcWZeZ0CoXLaK5eMyVlXjqt8GHAOJiGvLwKlganJAJRZ
2020-10-22T01:41:42.108633055Z 996 9jQT623iqQCym6CRdiFd0XSFBTr3G7enSgA9GsUFvnrTFPtcJA7gZXbUUal3
2020-10-22T01:41:42.120813949Z 997 2jlgqZDA7p3J8sPF6DjZESmREaOuNGGcKZ0udFExR1Fg76EAMszTFjwhTfWB
2020-10-22T01:41:42.132506056Z 998 aX0kJY2V8sV7ylgOXIKuElTOkiZ2PABbWw28qfwl3lOVWsTMr6H8p33MZoOR
2020-10-22T01:41:42.143497553Z 999 RUfaRSASmRFhHV1IZCN6UlchgTQYMT97m65uCBXOht2GpPJZn9PeQV6cioRu
