2020-10-22T01:39:25.478537423Z  running: (['/opt/scylladb/scripts/scylla_dev_mode_setup', '--developer-mode', '1'],)
2020-10-22T01:39:25.968916415Z  running: (['/opt/scylladb/scripts/scylla_io_setup'],)
2020-10-22T01:39:26.357507612Z  2020-10-22 01:39:26,357 CRIT Supervisor is running as root.  Privileges were not dropped because no user is specified in the config file.  If you intend to run as root, you can set user=root in the config file to avoid this message.
2020-10-22T01:39:26.357549116Z  2020-10-22 01:39:26,357 INFO Included extra file "/etc/supervisord.conf.d/node-exporter.conf" during parsing
2020-10-22T01:39:26.357560542Z  2020-10-22 01:39:26,357 INFO Included extra file "/etc/supervisord.conf.d/rsyslog.conf" during parsing
2020-10-22T01:39:26.357688004Z  2020-10-22 01:39:26,357 INFO Included extra file "/etc/supervisord.conf.d/scylla-housekeeping.conf" during parsing
2020-10-22T01:39:26.357909080Z  2020-10-22 01:39:26,357 INFO Included extra file "/etc/supervisord.conf.d/scylla-jmx.conf" during parsing
2020-10-22T01:39:26.358145311Z  2020-10-22 01:39:26,357 INFO Included extra file "/etc/supervisord.conf.d/scylla-server.conf" during parsing
2020-10-22T01:39:26.358295330Z  2020-10-22 01:39:26,358 INFO Included extra file "/etc/supervisord.conf.d/sshd-server.conf" during parsing
2020-10-22T01:39:26.391937121Z  2020-10-22 01:39:26,391 INFO RPC interface 'supervisor' initialized
2020-10-22T01:39:26.392292043Z  2020-10-22 01:39:26,391 CRIT Server 'inet_http_server' running without any HTTP authentication checking
2020-10-22T01:39:26.392738072Z  2020-10-22 01:39:26,392 INFO supervisord started with pid 25
2020-10-22T01:39:27.401502218Z  2020-10-22 01:39:27,396 INFO spawned: 'scylla' with pid 28
2020-10-22T01:39:27.402003595Z  2020-10-22 01:39:27,401 INFO spawned: 'scylla-housekeeping' with pid 29
2020-10-22T01:39:27.412203243Z  2020-10-22 01:39:27,406 INFO spawned: 'sshd' with pid 30
2020-10-22T01:39:27.412230515Z  2020-10-22 01:39:27,409 INFO spawned: 'scylla-jmx' with pid 31
2020-10-22T01:39:27.413451807Z  2020-10-22 01:39:27,412 INFO spawned: 'rsyslog' with pid 32
2020-10-22T01:39:27.416323163Z  2020-10-22 01:39:27,415 INFO spawned: 'node-exporter' with pid 34
2020-10-22T01:39:27.430940257Z  Generating public/private ed25519 key pair.
2020-10-22T01:39:27.430971286Z  Your identification has been saved in /etc/ssh/ssh_host_ed25519_key.
2020-10-22T01:39:27.430983848Z  Your public key has been saved in /etc/ssh/ssh_host_ed25519_key.pub.
2020-10-22T01:39:27.430998768Z  The key fingerprint is:
2020-10-22T01:39:27.431009148Z  SHA256:rsLnsGPEsjzrWOXRwi4lnzt8LbUDXyj/fFyPhSAseig root@4a91c0280592
2020-10-22T01:39:27.431019633Z  The key's randomart image is:
2020-10-22T01:39:27.431029767Z  +--[ED25519 256]--+
2020-10-22T01:39:27.431039937Z  |                 |
2020-10-22T01:39:27.431049909Z  |                 |
2020-10-22T01:39:27.431059852Z  |         .       |
2020-10-22T01:39:27.431069731Z  |   . .  . o .    |
2020-10-22T01:39:27.431079652Z  |  ..* .oSo . . . |
2020-10-22T01:39:27.431103132Z  |  .BE+=.+ .   o .|
2020-10-22T01:39:27.431114086Z  | .o**. O.o . . + |
2020-10-22T01:39:27.431123677Z  | o+.B++.*.  o . .|
2020-10-22T01:39:27.431133274Z  |..o+oBo. oo.     |
2020-10-22T01:39:27.431142965Z  +----[SHA256]-----+
2020-10-22T01:39:27.443975487Z  time="2020-10-22T01:39:27Z" level=info msg="Starting node_exporter (version=0.17.0, branch=HEAD, revision=f6f6194a436b9a63d0439abc585c76b19a206b21)" source="node_exporter.go:82"
2020-10-22T01:39:27.444635124Z  time="2020-10-22T01:39:27Z" level=info msg="Build context (go=go1.11.2, user=root@322511e06ced, date=20181130-15:51:33)" source="node_exporter.go:83"
2020-10-22T01:39:27.445487170Z  time="2020-10-22T01:39:27Z" level=info msg="Enabled collectors:" source="node_exporter.go:90"
2020-10-22T01:39:27.445512708Z  time="2020-10-22T01:39:27Z" level=info msg=" - arp" source="node_exporter.go:97"
2020-10-22T01:39:27.445524705Z  time="2020-10-22T01:39:27Z" level=info msg=" - bcache" source="node_exporter.go:97"
2020-10-22T01:39:27.446076105Z  time="2020-10-22T01:39:27Z" level=info msg=" - bonding" source="node_exporter.go:97"
2020-10-22T01:39:27.446097694Z  time="2020-10-22T01:39:27Z" level=info msg=" - conntrack" source="node_exporter.go:97"
2020-10-22T01:39:27.446109277Z  time="2020-10-22T01:39:27Z" level=info msg=" - cpu" source="node_exporter.go:97"
2020-10-22T01:39:27.446119412Z  time="2020-10-22T01:39:27Z" level=info msg=" - diskstats" source="node_exporter.go:97"
2020-10-22T01:39:27.446128928Z  time="2020-10-22T01:39:27Z" level=info msg=" - edac" source="node_exporter.go:97"
2020-10-22T01:39:27.446138414Z  time="2020-10-22T01:39:27Z" level=info msg=" - entropy" source="node_exporter.go:97"
2020-10-22T01:39:27.446148014Z  time="2020-10-22T01:39:27Z" level=info msg=" - filefd" source="node_exporter.go:97"
2020-10-22T01:39:27.446157473Z  time="2020-10-22T01:39:27Z" level=info msg=" - filesystem" source="node_exporter.go:97"
2020-10-22T01:39:27.446166910Z  time="2020-10-22T01:39:27Z" level=info msg=" - hwmon" source="node_exporter.go:97"
2020-10-22T01:39:27.446176625Z  time="2020-10-22T01:39:27Z" level=info msg=" - infiniband" source="node_exporter.go:97"
2020-10-22T01:39:27.446186428Z  time="2020-10-22T01:39:27Z" level=info msg=" - interrupts" source="node_exporter.go:97"
2020-10-22T01:39:27.446195996Z  time="2020-10-22T01:39:27Z" level=info msg=" - ipvs" source="node_exporter.go:97"
2020-10-22T01:39:27.446205497Z  time="2020-10-22T01:39:27Z" level=info msg=" - loadavg" source="node_exporter.go:97"
2020-10-22T01:39:27.446214829Z  time="2020-10-22T01:39:27Z" level=info msg=" - mdadm" source="node_exporter.go:97"
2020-10-22T01:39:27.446224169Z  time="2020-10-22T01:39:27Z" level=info msg=" - meminfo" source="node_exporter.go:97"
2020-10-22T01:39:27.446233614Z  time="2020-10-22T01:39:27Z" level=info msg=" - netclass" source="node_exporter.go:97"
2020-10-22T01:39:27.446243100Z  time="2020-10-22T01:39:27Z" level=info msg=" - netdev" source="node_exporter.go:97"
2020-10-22T01:39:27.446265916Z  time="2020-10-22T01:39:27Z" level=info msg=" - netstat" source="node_exporter.go:97"
2020-10-22T01:39:27.446276897Z  time="2020-10-22T01:39:27Z" level=info msg=" - nfs" source="node_exporter.go:97"
2020-10-22T01:39:27.446286215Z  time="2020-10-22T01:39:27Z" level=info msg=" - nfsd" source="node_exporter.go:97"
2020-10-22T01:39:27.446295676Z  time="2020-10-22T01:39:27Z" level=info msg=" - sockstat" source="node_exporter.go:97"
2020-10-22T01:39:27.446304911Z  time="2020-10-22T01:39:27Z" level=info msg=" - stat" source="node_exporter.go:97"
2020-10-22T01:39:27.446314315Z  time="2020-10-22T01:39:27Z" level=info msg=" - textfile" source="node_exporter.go:97"
2020-10-22T01:39:27.446323580Z  time="2020-10-22T01:39:27Z" level=info msg=" - time" source="node_exporter.go:97"
2020-10-22T01:39:27.446334514Z  time="2020-10-22T01:39:27Z" level=info msg=" - timex" source="node_exporter.go:97"
2020-10-22T01:39:27.446344719Z  time="2020-10-22T01:39:27Z" level=info msg=" - uname" source="node_exporter.go:97"
2020-10-22T01:39:27.446354143Z  time="2020-10-22T01:39:27Z" level=info msg=" - vmstat" source="node_exporter.go:97"
2020-10-22T01:39:27.446865424Z  time="2020-10-22T01:39:27Z" level=info msg=" - xfs" source="node_exporter.go:97"
2020-10-22T01:39:27.446892635Z  time="2020-10-22T01:39:27Z" level=info msg=" - zfs" source="node_exporter.go:97"
2020-10-22T01:39:27.446905123Z  time="2020-10-22T01:39:27Z" level=info msg="Listening on :9100" source="node_exporter.go:111"
2020-10-22T01:39:27.818427693Z  Scylla version 4.1.8-0.20201002.6c43a0dc29 with build-id fec471b0d185de7f191d861ccfc539eff76f31ab starting ...
2020-10-22T01:39:27.818485722Z  command used: "/usr/bin/scylla --log-to-syslog 0 --log-to-stdout 1 --default-log-level info --network-stack posix --developer-mode=1 --overprovisioned --listen-address 10.0.115.9 --rpc-address 10.0.115.9 --seed-provider-parameters seeds=10.0.115.9 --blocked-reactor-notify-ms 999999999"
2020-10-22T01:39:27.818498075Z  parsed command line options: [log-to-syslog: 0, log-to-stdout: 1, default-log-level: info, network-stack: posix, developer-mode: 1, overprovisioned, listen-address: 10.0.115.9, rpc-address: 10.0.115.9, seed-provider-parameters: seeds=10.0.115.9, blocked-reactor-notify-ms: 999999999]
2020-10-22T01:39:27.975374088Z  WARN  2020-10-22 01:39:27,968 [shard 0] seastar - Unable to set SCHED_FIFO scheduling policy for timer thread; latency impact possible. Try adding CAP_SYS_NICE
2020-10-22T01:39:28.096608074Z  Generating public/private rsa key pair.
2020-10-22T01:39:28.096656652Z  Your identification has been saved in /etc/ssh/ssh_host_rsa_key.
2020-10-22T01:39:28.096683014Z  Your public key has been saved in /etc/ssh/ssh_host_rsa_key.pub.
2020-10-22T01:39:28.096699804Z  The key fingerprint is:
2020-10-22T01:39:28.096720768Z  SHA256:xMh4N5Lgd91rsVYPvF5C2DVA6WTEKUHNsayUKKlnK6s root@4a91c0280592
2020-10-22T01:39:28.096745386Z  The key's randomart image is:
2020-10-22T01:39:28.096765701Z  +---[RSA 4096]----+
2020-10-22T01:39:28.096807020Z  |    .     .oB==..|
2020-10-22T01:39:28.096827423Z  |   . + +...oo%...|
2020-10-22T01:39:28.096847703Z  |    o Bo*..oOo*  |
2020-10-22T01:39:28.096867504Z  |     o.=... .B + |
2020-10-22T01:39:28.096887168Z  |     . oS  .= o o|
2020-10-22T01:39:28.096907081Z  |      o .  o . o |
2020-10-22T01:39:28.096946127Z  |     . .      .  |
2020-10-22T01:39:28.096963378Z  |      o          |
2020-10-22T01:39:28.096989154Z  |   E..           |
2020-10-22T01:39:28.097020784Z  +----[SHA256]-----+
2020-10-22T01:39:28.117760617Z  Could not load host key: /etc/ssh/ssh_host_ecdsa_key
2020-10-22T01:39:28.140780266Z  INFO  2020-10-22 01:39:28,140 [shard 0] init - installing SIGHUP handler
2020-10-22T01:39:28.153331770Z  INFO  2020-10-22 01:39:28,152 [shard 0] init - Scylla version 4.1.8-0.20201002.6c43a0dc29 with build-id fec471b0d185de7f191d861ccfc539eff76f31ab starting ...
2020-10-22T01:39:28.153374473Z  
2020-10-22T01:39:28.156721419Z  INFO  2020-10-22 01:39:28,156 [shard 0] init - starting prometheus API server
2020-10-22T01:39:28.165126482Z  INFO  2020-10-22 01:39:28,164 [shard 0] init - starting tokens manager
2020-10-22T01:39:28.165609248Z  INFO  2020-10-22 01:39:28,165 [shard 0] init - starting migration manager notifier
2020-10-22T01:39:28.166096534Z  INFO  2020-10-22 01:39:28,165 [shard 0] init - creating tracing
2020-10-22T01:39:28.166825593Z  INFO  2020-10-22 01:39:28,166 [shard 0] init - creating snitch
2020-10-22T01:39:28.168793804Z  INFO  2020-10-22 01:39:28,168 [shard 0] init - determining DNS name
2020-10-22T01:39:28.168824690Z  INFO  2020-10-22 01:39:28,168 [shard 0] init - starting API server
2020-10-22T01:39:28.170245819Z  INFO  2020-10-22 01:39:28,169 [shard 0] init - Scylla API server listening on 127.0.0.1:10000 ...
2020-10-22T01:39:28.171439105Z  INFO  2020-10-22 01:39:28,171 [shard 0] init - initializing storage service
2020-10-22T01:39:28.171953969Z  INFO  2020-10-22 01:39:28,171 [shard 0] init - starting per-shard database core
2020-10-22T01:39:28.177983797Z  WARN  2020-10-22 01:39:28,177 [shard 0] init - I/O Scheduler is not properly configured! This is a non-supported setup, and performance is expected to be unpredictably bad.
2020-10-22T01:39:28.178026053Z   Reason found: none of --max-io-requests, --io-properties and --io-properties-file are set.
2020-10-22T01:39:28.178037467Z  To properly configure the I/O Scheduler, run the scylla_io_setup utility shipped with Scylla.
2020-10-22T01:39:28.178047582Z  
2020-10-22T01:39:28.178528927Z  INFO  2020-10-22 01:39:28,178 [shard 0] init - creating and verifying directories
2020-10-22T01:39:28.234016470Z  Connecting to http://localhost:10000
2020-10-22T01:39:28.234091742Z  Starting the JMX server
2020-10-22T01:39:28.602381854Z  INFO  2020-10-22 01:39:28,601 [shard 0] database - Populating Keyspace system_schema
2020-10-22T01:39:28.602420906Z  INFO  2020-10-22 01:39:28,601 [shard 0] database - Keyspace system_schema: Reading CF computed_columns id=cc7c7069-3740-33c1-92a4-c3de78dbd2c4 version=2b8c4439-de76-31e0-807f-3b7290a975d7
2020-10-22T01:39:28.602448899Z  INFO  2020-10-22 01:39:28,601 [shard 0] database - Keyspace system_schema: Reading CF view_virtual_columns id=08843b63-45dc-3be2-9798-a0418295cfaa version=c777531c-15f7-326f-8ebe-39fd0265c8c9
2020-10-22T01:39:28.602460643Z  INFO  2020-10-22 01:39:28,601 [shard 0] database - Keyspace system_schema: Reading CF dropped_columns id=5e7583b5-f3f4-3af1-9a39-b7e1d6f5f11f version=7426bc6c-4c2f-3200-8ad8-4329610ed59a
2020-10-22T01:39:28.602470737Z  INFO  2020-10-22 01:39:28,601 [shard 0] database - Keyspace system_schema: Reading CF indexes id=0feb57ac-311f-382f-ba6d-9024d305702f version=99c40462-8687-304e-abe3-2bdbef1f25aa
2020-10-22T01:39:28.602481075Z  INFO  2020-10-22 01:39:28,601 [shard 0] database - Keyspace system_schema: Reading CF functions id=96489b79-80be-3e14-a701-66a0b9159450 version=329ed804-55b3-3eee-ad61-d85317b96097
2020-10-22T01:39:28.602491229Z  INFO  2020-10-22 01:39:28,601 [shard 0] database - Keyspace system_schema: Reading CF columns id=24101c25-a2ae-3af7-87c1-b40ee1aca33f version=d33236d4-9bdd-3c09-abf0-a0bc5edc2526
2020-10-22T01:39:28.602501573Z  INFO  2020-10-22 01:39:28,601 [shard 0] database - Keyspace system_schema: Reading CF scylla_tables id=5d912ff1-f759-3665-b2c8-8042ab5103dd version=38e5e56b-155d-39b5-a0d2-8e5dcad42a26
2020-10-22T01:39:28.602523460Z  INFO  2020-10-22 01:39:28,601 [shard 0] database - Keyspace system_schema: Reading CF tables id=afddfb9d-bc1e-3068-8056-eed6c302ba09 version=b6240810-eeb7-36d5-9411-43b2d68dddab
2020-10-22T01:39:28.602534661Z  INFO  2020-10-22 01:39:28,601 [shard 0] database - Keyspace system_schema: Reading CF keyspaces id=abac5682-dea6-31c5-b535-b3d6cffd0fb6 version=e79ca8ba-6556-3f7d-925a-7f20cf57938c
2020-10-22T01:39:28.602552745Z  INFO  2020-10-22 01:39:28,601 [shard 0] database - Keyspace system_schema: Reading CF triggers id=4df70b66-6b05-3251-95a1-32b54005fd48 version=582d7071-1ef0-37c8-adc6-471a13636139
2020-10-22T01:39:28.602564748Z  INFO  2020-10-22 01:39:28,601 [shard 0] database - Keyspace system_schema: Reading CF views id=9786ac1c-dd58-3201-a7cd-ad556410c985 version=5b58bb47-96e7-3f57-accf-0bfca4dbbc6e
2020-10-22T01:39:28.602575709Z  INFO  2020-10-22 01:39:28,601 [shard 0] database - Keyspace system_schema: Reading CF types id=5a8b1ca8-6602-3f77-a045-9273d308917a version=de51b2ce-5e4d-3b7d-a75f-2204332ce8d1
2020-10-22T01:39:28.602586257Z  INFO  2020-10-22 01:39:28,601 [shard 0] database - Keyspace system_schema: Reading CF aggregates id=924c5587-2e3a-345b-b10c-12f37c1ba895 version=4b53e92c-0368-3d5c-b959-2ec1bfd1a59f
2020-10-22T01:39:28.602713066Z  2020-10-22 01:39:28,602 INFO success: scylla entered RUNNING state, process has stayed up for > than 1 seconds (startsecs)
2020-10-22T01:39:28.602740209Z  2020-10-22 01:39:28,602 INFO success: scylla-housekeeping entered RUNNING state, process has stayed up for > than 1 seconds (startsecs)
2020-10-22T01:39:28.602753043Z  2020-10-22 01:39:28,602 INFO success: sshd entered RUNNING state, process has stayed up for > than 1 seconds (startsecs)
2020-10-22T01:39:28.602862163Z  2020-10-22 01:39:28,602 INFO success: scylla-jmx entered RUNNING state, process has stayed up for > than 1 seconds (startsecs)
2020-10-22T01:39:28.602969843Z  2020-10-22 01:39:28,602 INFO success: rsyslog entered RUNNING state, process has stayed up for > than 1 seconds (startsecs)
2020-10-22T01:39:28.603040829Z  2020-10-22 01:39:28,602 INFO success: node-exporter entered RUNNING state, process has stayed up for > than 1 seconds (startsecs)
2020-10-22T01:39:28.808309828Z  JMX is enabled to receive remote connections on port: 7199
2020-10-22T01:39:33.066283810Z  INFO  2020-10-22 01:39:33,065 [shard 0] database - Found temporary sstable directory: "/var/lib/scylla/data/system_schema/computed_columns-cc7c7069374033c192a4c3de78dbd2c4/0000000000000590.sstable", removing
2020-10-22T01:39:33.066320854Z  INFO  2020-10-22 01:39:33,065 [shard 0] database - Found temporary sstable directory: "/var/lib/scylla/data/system_schema/computed_columns-cc7c7069374033c192a4c3de78dbd2c4/0000000000000591.sstable", removing
2020-10-22T01:39:33.066849904Z  INFO  2020-10-22 01:39:33,065 [shard 0] database - Found temporary sstable directory: "/var/lib/scylla/data/system_schema/scylla_tables-5d912ff1f7593665b2c88042ab5103dd/0000000000000594.sstable", removing
2020-10-22T01:39:33.067338506Z  INFO  2020-10-22 01:39:33,067 [shard 0] database - Found temporary sstable directory: "/var/lib/scylla/data/system_schema/tables-afddfb9dbc1e30688056eed6c302ba09/0000000000000610.sstable", removing
2020-10-22T01:39:33.067878672Z  INFO  2020-10-22 01:39:33,067 [shard 0] database - Found temporary sstable directory: "/var/lib/scylla/data/system_schema/tables-afddfb9dbc1e30688056eed6c302ba09/0000000000000615.sstable", removing
2020-10-22T01:39:33.067914942Z  INFO  2020-10-22 01:39:33,067 [shard 0] database - Found temporary sstable directory: "/var/lib/scylla/data/system_schema/views-9786ac1cdd583201a7cdad556410c985/0000000000000539.sstable", removing
2020-10-22T01:39:33.068366933Z  INFO  2020-10-22 01:39:33,067 [shard 0] database - Found temporary sstable directory: "/var/lib/scylla/data/system_schema/views-9786ac1cdd583201a7cdad556410c985/0000000000000542.sstable", removing
2020-10-22T01:39:33.068395791Z  INFO  2020-10-22 01:39:33,067 [shard 0] database - Found temporary sstable directory: "/var/lib/scylla/data/system_schema/aggregates-924c55872e3a345bb10c12f37c1ba895/0000000000000527.sstable", removing
2020-10-22T01:39:33.068411858Z  INFO  2020-10-22 01:39:33,068 [shard 0] database - Found temporary sstable directory: "/var/lib/scylla/data/system_schema/aggregates-924c55872e3a345bb10c12f37c1ba895/0000000000000530.sstable", removing
2020-10-22T01:39:33.091926469Z  Traceback (most recent call last):
2020-10-22T01:39:33.091951977Z    File "/opt/scylladb/scripts/libexec/scylla-housekeeping", line 208, in <module>
2020-10-22T01:39:33.091963997Z      args.func(args)
2020-10-22T01:39:33.091973957Z    File "/opt/scylladb/scripts/libexec/scylla-housekeeping", line 134, in check_version
2020-10-22T01:39:33.091984005Z      current_version = sanitize_version(get_api('/storage_service/scylla_release_version'))
2020-10-22T01:39:33.091994059Z    File "/opt/scylladb/scripts/libexec/scylla-housekeeping", line 93, in get_api
2020-10-22T01:39:33.092004073Z      return get_json_from_url("http://" + api_address + path)
2020-10-22T01:39:33.092013938Z    File "/opt/scylladb/scripts/libexec/scylla-housekeeping", line 88, in get_json_from_url
2020-10-22T01:39:33.092038492Z      raise RuntimeError(f'Failed to get "{path}" due to the following error: {retval}')
2020-10-22T01:39:33.092074356Z  RuntimeError: Failed to get "http://localhost:10000/storage_service/scylla_release_version" due to the following error: HTTP Error 404: Not Found
2020-10-22T01:39:33.143859304Z  WARN  2020-10-22 01:39:33,143 [shard 0] sstable - Deleting components of sstable from system_schema.computed_columns of generation 590 that has a temporary TOC
2020-10-22T01:39:33.215589460Z  WARN  2020-10-22 01:39:33,214 [shard 0] sstable - Deleting components of sstable from system_schema.scylla_tables of generation 594 that has a temporary TOC
2020-10-22T01:39:33.215632085Z  WARN  2020-10-22 01:39:33,214 [shard 0] sstable - Deleting components of sstable from system_schema.tables of generation 615 that has a temporary TOC
2020-10-22T01:39:33.215665041Z  WARN  2020-10-22 01:39:33,214 [shard 0] sstable - Deleting components of sstable from system_schema.views of generation 542 that has a temporary TOC
2020-10-22T01:39:33.215683996Z  WARN  2020-10-22 01:39:33,215 [shard 0] sstable - Deleting components of sstable from system_schema.aggregates of generation 527 that has a temporary TOC
2020-10-22T01:39:33.284666290Z  WARN  2020-10-22 01:39:33,284 [shard 0] sstable - Deleting components of sstable from system_schema.computed_columns of generation 591 that has a temporary TOC
2020-10-22T01:39:33.671038795Z  WARN  2020-10-22 01:39:33,670 [shard 0] sstable - Deleting components of sstable from system_schema.aggregates of generation 530 that has a temporary TOC
2020-10-22T01:39:33.980628421Z  WARN  2020-10-22 01:39:33,979 [shard 0] sstable - Deleting components of sstable from system_schema.views of generation 539 that has a temporary TOC
2020-10-22T01:39:34.156352182Z  WARN  2020-10-22 01:39:34,155 [shard 0] sstable - Deleting components of sstable from system_schema.tables of generation 610 that has a temporary TOC
2020-10-22T01:39:34.660949157Z  INFO  2020-10-22 01:39:34,660 [shard 0] database - Populating Keyspace system
2020-10-22T01:39:34.660978611Z  INFO  2020-10-22 01:39:34,660 [shard 0] database - Keyspace system: Reading CF schema_aggregates id=a5fc57fc-9d6c-3bfd-a3fc-01ad54686fea version=d06c934f-9a69-374c-86f1-523ab26fb05c
2020-10-22T01:39:34.660990514Z  INFO  2020-10-22 01:39:34,660 [shard 0] database - Keyspace system: Reading CF schema_triggers id=0359bc71-7123-3ee1-9a4a-b9dfb11fc125 version=75e4ec4c-76da-3f59-984e-66810ba0c62b
2020-10-22T01:39:34.661001296Z  INFO  2020-10-22 01:39:34,660 [shard 0] database - Keyspace system: Reading CF compaction_history id=b4dbb7b4-dc49-3fb5-b3bf-ce6e434832ca version=25cae56a-8d75-39f3-a146-3756ab4981c7
2020-10-22T01:39:34.661011838Z  INFO  2020-10-22 01:39:34,660 [shard 0] database - Keyspace system: Reading CF compactions_in_progress id=55080ab0-5d9c-3886-90a4-acb25fe1f77b version=540263f1-40db-3869-8a38-3baadedc222d
2020-10-22T01:39:34.661022422Z  INFO  2020-10-22 01:39:34,660 [shard 0] database - Keyspace system: Reading CF range_xfers id=55d76438-4e55-3f8b-9f6e-676d4af3976d version=dd15a078-409b-350d-9bef-c5f3520832d8
2020-10-22T01:39:34.661033122Z  INFO  2020-10-22 01:39:34,660 [shard 0] database - Keyspace system: Reading CF scylla_views_builds_in_progress id=a04c7bfd-1e13-36c9-a44d-f22da352281d version=e3fb736c-6956-3990-a31d-9a482279e3fc
2020-10-22T01:39:34.661075034Z  INFO  2020-10-22 01:39:34,660 [shard 0] database - Keyspace system: Reading CF IndexInfo id=9f5c6374-d485-3229-9a0a-5094af9ad1e3 version=bbb3743b-351f-3023-b4fc-09a9be37d529
2020-10-22T01:39:34.661101143Z  INFO  2020-10-22 01:39:34,660 [shard 0] database - Keyspace system: Reading CF cdc_local id=0bcaffd4-0c83-3ead-ad13-dc1d5015b77c version=0aa4d3a2-ed95-3ecd-aba0-cd75622ad290
2020-10-22T01:39:34.661112370Z  INFO  2020-10-22 01:39:34,660 [shard 0] database - Keyspace system: Reading CF schema_columnfamilies id=45f5b360-24bc-3f83-a363-1034ea4fa697 version=7f7a5fea-07b7-304d-a6f8-f7aec72cabdb
2020-10-22T01:39:34.661122481Z  INFO  2020-10-22 01:39:34,660 [shard 0] database - Keyspace system: Reading CF batchlog id=0290003c-977e-397c-ac3e-fdfdc01d626b version=e2a2e804-49e4-3597-9f16-39fd9475835c
2020-10-22T01:39:34.661133879Z  INFO  2020-10-22 01:39:34,660 [shard 0] database - Keyspace system: Reading CF schema_functions id=d1b675fe-2b50-3ca4-8e49-c0f81989dcad version=a50959dd-2be0-3e4e-8bb5-cf40796e256a
2020-10-22T01:39:34.661144369Z  INFO  2020-10-22 01:39:34,660 [shard 0] database - Keyspace system: Reading CF peer_events id=59dfeaea-8db2-3341-91ef-109974d81484 version=7f874a05-72b8-3c21-9acb-baa164fc351a
2020-10-22T01:39:34.661154276Z  INFO  2020-10-22 01:39:34,660 [shard 0] database - Keyspace system: Reading CF local id=7ad54392-bcdd-35a6-8417-4e047860b377 version=7fa82c2e-5b67-37dd-8e5e-2079e18f1536
2020-10-22T01:39:34.661729694Z  INFO  2020-10-22 01:39:34,660 [shard 0] database - Keyspace system: Reading CF clients id=ca0f635d-8630-3609-8d93-a1fc06f2a5e5 version=51273ebf-e6f9-3cd5-b455-ea09ad29796f
2020-10-22T01:39:34.661767020Z  INFO  2020-10-22 01:39:34,660 [shard 0] database - Keyspace system: Reading CF size_estimates id=618f817b-005f-3678-b8a4-53f3930b8e86 version=6d4dbcff-f05b-3dc3-95ad-f79f7b10504d
2020-10-22T01:39:34.661782058Z  INFO  2020-10-22 01:39:34,660 [shard 0] database - Keyspace system: Reading CF large_partitions id=8a7fe624-96b0-34b1-b90e-f71bddcdd2d3 version=04fa9920-9369-3a96-be39-6dd9fdc816b6
2020-10-22T01:39:34.661792968Z  INFO  2020-10-22 01:39:34,660 [shard 0] database - Keyspace system: Reading CF schema_columns id=296e9c04-9bec-3085-827d-c17d3df2122a version=53cfbb66-ee0d-37be-97bb-b2afb3746f85
2020-10-22T01:39:34.661803491Z  INFO  2020-10-22 01:39:34,660 [shard 0] database - Keyspace system: Reading CF built_views id=4b3c50a9-ea87-3d76-9101-6dbc9c38494a version=a28aa0b3-6def-30a7-9fbe-ce78b3f3c9b9
2020-10-22T01:39:34.661813802Z  INFO  2020-10-22 01:39:34,660 [shard 0] database - Keyspace system: Reading CF peers id=37f71aca-7dc2-383b-a706-72528af04d4f version=f6f6871f-8c86-3eca-ac0b-2a2e848e395d
2020-10-22T01:39:34.661823844Z  INFO  2020-10-22 01:39:34,660 [shard 0] database - Keyspace system: Reading CF hints id=2666e205-73ef-38b3-90fe-fecf96e8f0c7 version=0b74fdd1-e96d-309e-a14e-a5bcd7ac885d
2020-10-22T01:39:34.661834192Z  INFO  2020-10-22 01:39:34,660 [shard 0] database - Keyspace system: Reading CF large_rows id=40550f66-0858-39a0-9430-f27fc08034e9 version=aee3acb0-7926-317b-848e-db7bc3721695
2020-10-22T01:39:34.661844512Z  INFO  2020-10-22 01:39:34,660 [shard 0] database - Keyspace system: Reading CF large_cells id=ead8bbc5-f146-3ae1-9f71-0b11f9a1d296 version=0d4a6937-a781-3f87-a192-b4e4a4a40acf
2020-10-22T01:39:34.661854723Z  INFO  2020-10-22 01:39:34,660 [shard 0] database - Keyspace system: Reading CF scylla_local id=2972ec7f-fb20-38dd-aac1-d876f2e3fcbd version=5f0b407d-eedf-3845-a48e-dbb9673d10e1
2020-10-22T01:39:34.661877021Z  INFO  2020-10-22 01:39:34,660 [shard 0] database - Keyspace system: Reading CF views_builds_in_progress id=b7f2c108-78cd-3c80-9cd5-d609b2bd149c version=b905cce5-1474-3085-819a-7592453e2fb9
2020-10-22T01:39:34.661890580Z  INFO  2020-10-22 01:39:34,660 [shard 0] database - Keyspace system: Reading CF schema_usertypes id=3aa75225-4f82-350b-8d5c-430fa221fa0a version=3c53e6bb-56d5-3618-a0b2-4ff5f18127d7
2020-10-22T01:39:34.661901728Z  INFO  2020-10-22 01:39:34,660 [shard 0] database - Keyspace system: Reading CF sstable_activity id=5a1ff267-ace0-3f12-8563-cfae6103c65e version=bdec57a3-b234-334b-be9c-7b1f33113995
2020-10-22T01:39:34.661912041Z  INFO  2020-10-22 01:39:34,660 [shard 0] database - Keyspace system: Reading CF truncated id=38c19fd0-fb86-3310-a4b7-0d0cc66628aa version=6da9a85c-7ae0-3917-aead-54a2f65a57a8
2020-10-22T01:39:34.661922312Z  INFO  2020-10-22 01:39:34,660 [shard 0] database - Keyspace system: Reading CF paxos id=b7b7f0c2-fd0a-3410-8c05-3ef614bb7c2d version=6dd372de-72fb-3e1b-9b8c-f97738a67fe9
2020-10-22T01:39:34.661932541Z  INFO  2020-10-22 01:39:34,661 [shard 0] database - Keyspace system: Reading CF schema_keyspaces id=b0f22357-4458-3cdb-9631-c43e59ce3676 version=84d28cef-59f9-34a9-9be5-31c684997f03
2020-10-22T01:39:45.282129500Z  INFO  2020-10-22 01:39:45,281 [shard 0] init - starting gossip
2020-10-22T01:39:45.282171325Z  WARN  2020-10-22 01:39:45,281 [shard 0] init - Using default cluster name is not recommended. Using a unique cluster name will reduce the chance of adding nodes to the wrong cluster by mistake
2020-10-22T01:39:45.282791428Z  INFO  2020-10-22 01:39:45,282 [shard 0] init - starting storage proxy
2020-10-22T01:39:45.297533489Z  INFO  2020-10-22 01:39:45,297 [shard 0] init - creating hints manager
2020-10-22T01:39:45.297958075Z  INFO  2020-10-22 01:39:45,297 [shard 2] init - creating hints manager
2020-10-22T01:39:45.298303599Z  INFO  2020-10-22 01:39:45,297 [shard 1] init - creating hints manager
2020-10-22T01:39:45.299009111Z  INFO  2020-10-22 01:39:45,298 [shard 3] init - creating hints manager
2020-10-22T01:39:45.299618319Z  INFO  2020-10-22 01:39:45,299 [shard 0] init - starting migration manager
2020-10-22T01:39:45.300168471Z  INFO  2020-10-22 01:39:45,299 [shard 0] init - starting query processor
2020-10-22T01:39:45.301725363Z  INFO  2020-10-22 01:39:45,301 [shard 0] init - initializing batchlog manager
2020-10-22T01:39:45.309012768Z  INFO  2020-10-22 01:39:45,308 [shard 0] legacy_schema_migrator - Moving 0 keyspaces from legacy schema tables to the new schema keyspace (system_schema)
2020-10-22T01:39:45.309640683Z  INFO  2020-10-22 01:39:45,309 [shard 0] legacy_schema_migrator - Dropping legacy schema tables
2020-10-22T01:39:57.269528583Z  INFO  2020-10-22 01:39:57,268 [shard 0] legacy_schema_migrator - Completed migration of legacy schema tables
2020-10-22T01:39:57.273018788Z  INFO  2020-10-22 01:39:57,272 [shard 0] init - loading system sstables
2020-10-22T01:40:11.169216952Z  INFO  2020-10-22 01:40:11,167 [shard 0] init - loading non-system sstables
2020-10-22T01:40:19.824196878Z  INFO  2020-10-22 01:40:19,823 [shard 0] database - Populating Keyspace dt
2020-10-22T01:40:19.824279368Z  INFO  2020-10-22 01:40:19,823 [shard 0] database - Keyspace dt: Reading CF element_twin_idx_index id=630ae8b0-d77b-11ea-9877-000000000001 version=bc3026fd-bc4e-318d-b6f4-ca0b566cb74b
2020-10-22T01:40:19.824328796Z  INFO  2020-10-22 01:40:19,823 [shard 0] database - Keyspace dt: Reading CF source_element_idx_index id=68593f10-d77b-11ea-9877-000000000001 version=33e3f927-f730-3081-88e1-6bed2962e42a
2020-10-22T01:40:19.824351006Z  INFO  2020-10-22 01:40:19,823 [shard 0] database - Keyspace dt: Reading CF source id=65ff2270-d77b-11ea-9877-000000000001 version=5f8471b7-7d19-31d4-9be5-0f153affb0bb
2020-10-22T01:40:19.825314673Z  INFO  2020-10-22 01:40:19,823 [shard 0] database - Keyspace dt: Reading CF source_data id=6af6cd50-d77b-11ea-9877-000000000001 version=b52400e3-b307-3141-b3fc-e5d63573f135
2020-10-22T01:40:19.825363553Z  INFO  2020-10-22 01:40:19,823 [shard 0] database - Keyspace dt: Reading CF element id=607549b0-d77b-11ea-9877-000000000001 version=f44a6c4b-69d8-37f2-b116-7260740acc6c
2020-10-22T01:40:19.825384573Z  INFO  2020-10-22 01:40:19,823 [shard 0] database - Keyspace dt: Reading CF twin id=5e00c740-d77b-11ea-9877-000000000001 version=6240633e-c8cc-3fea-a1e3-452eff1b9659
2020-10-22T01:40:19.825402674Z  INFO  2020-10-22 01:40:19,823 [shard 0] database - Keyspace dt: Reading CF user id=5c294820-d77b-11ea-9877-000000000001 version=02cce273-02f1-3e6a-8674-f1016e3f22d7
2020-10-22T01:40:19.825420743Z  INFO  2020-10-22 01:40:19,823 [shard 0] database - Populating Keyspace system_distributed
2020-10-22T01:40:19.825438086Z  INFO  2020-10-22 01:40:19,823 [shard 0] database - Keyspace system_distributed: Reading CF view_build_status id=5582b59f-8e4e-35e1-b913-3acada51eb04 version=e0b6e628-60e0-39a2-ada0-9b6c13bdd9bc
2020-10-22T01:40:19.825456179Z  INFO  2020-10-22 01:40:19,823 [shard 0] database - Keyspace system_distributed: Reading CF cdc_generations id=6a4df139-00b6-3d21-9efc-dade266dc3b7 version=2511b46b-df1d-39fa-9a77-f5cacf88af47
2020-10-22T01:40:19.825476729Z  INFO  2020-10-22 01:40:19,823 [shard 0] database - Keyspace system_distributed: Reading CF cdc_streams id=07405732-4620-34d6-a85e-947248dad9a4 version=b606cfa4-a37b-32bd-a624-e05cab2bed3c
2020-10-22T01:40:19.825494542Z  INFO  2020-10-22 01:40:19,823 [shard 0] database - Populating Keyspace system_auth
2020-10-22T01:40:19.825511315Z  INFO  2020-10-22 01:40:19,823 [shard 0] database - Keyspace system_auth: Reading CF roles id=5bc52802-de25-35ed-aeab-188eecebb090 version=d8f599da-7544-3f57-aa58-b229deea93e0
2020-10-22T01:40:19.825528675Z  INFO  2020-10-22 01:40:19,823 [shard 0] database - Keyspace system_auth: Reading CF role_members id=0ecdaa87-f8fb-3e60-88d1-74fb36fe5c0d version=2923b5bb-f2f8-36e8-9e73-19019900010c
2020-10-22T01:40:19.825546102Z  INFO  2020-10-22 01:40:19,824 [shard 0] database - Populating Keyspace system_traces
2020-10-22T01:40:19.825563067Z  INFO  2020-10-22 01:40:19,824 [shard 0] database - Keyspace system_traces: Reading CF sessions id=c5e99f16-8677-3914-b17e-960613512345 version=e0fc4b06-6cba-3b7b-bfb6-b42a77c370a9
2020-10-22T01:40:19.825582986Z  INFO  2020-10-22 01:40:19,824 [shard 0] database - Keyspace system_traces: Reading CF node_slow_log_time_idx id=f9706768-aa1e-3d87-9e5c-51a3927c2870 version=eaffc0bb-7b2c-3b64-8924-d8ba685120bc
2020-10-22T01:40:19.825679397Z  INFO  2020-10-22 01:40:19,824 [shard 0] database - Keyspace system_traces: Reading CF sessions_time_idx id=0ebf001c-c1d1-3693-9a63-c3d96ac53318 version=cd5d1e5f-1f42-3b9d-a8ba-3af39d59a7d5
2020-10-22T01:40:19.825705645Z  INFO  2020-10-22 01:40:19,824 [shard 0] database - Keyspace system_traces: Reading CF events id=8826e8e9-e16a-3728-8753-3bc1fc713c25 version=41a6b26e-a03b-3ae1-8a4a-b9446e7f9304
2020-10-22T01:40:19.825717126Z  INFO  2020-10-22 01:40:19,824 [shard 0] database - Keyspace system_traces: Reading CF node_slow_log id=bfcc4e62-5b63-3aa1-a1c3-6f5e47f3325c version=23e7a411-8414-340f-854d-20a3a637e438
2020-10-22T01:40:27.573892274Z  INFO  2020-10-22 01:40:27,573 [shard 0] init - starting view update generator
2020-10-22T01:40:27.574368112Z  INFO  2020-10-22 01:40:27,574 [shard 0] init - discovering staging sstables
2020-10-22T01:40:27.575112029Z  INFO  2020-10-22 01:40:27,574 [shard 0] init - setting up system keyspace
2020-10-22T01:40:27.593979520Z  INFO  2020-10-22 01:40:27,593 [shard 0] init - starting commit log
2020-10-22T01:40:27.594272076Z  INFO  2020-10-22 01:40:27,593 [shard 0] init - replaying commit log
2020-10-22T01:40:27.597346637Z  INFO  2020-10-22 01:40:27,596 [shard 0] commitlog_replayer - Replaying /var/lib/scylla/commitlog/CommitLog-1-54043199054945322.log, /var/lib/scylla/commitlog/CommitLog-1-3526499367.log, /var/lib/scylla/commitlog/CommitLog-1-3526499366.log, /var/lib/scylla/commitlog/CommitLog-1-54043199054945321.log, /var/lib/scylla/commitlog/CommitLog-1-54043199054945320.log, /var/lib/scylla/commitlog/CommitLog-1-36028800545463337.log, /var/lib/scylla/commitlog/CommitLog-1-36028800545463338.log, /var/lib/scylla/commitlog/CommitLog-1-18014402035981352.log, /var/lib/scylla/commitlog/CommitLog-1-36028800545463339.log, /var/lib/scylla/commitlog/CommitLog-1-3526499368.log, /var/lib/scylla/commitlog/CommitLog-1-18014402035981351.log
2020-10-22T01:40:35.218270596Z  INFO  2020-10-22 01:40:35,217 [shard 0] commitlog_replayer - Log replay complete, 18178 replayed mutations (0 invalid, 0 skipped)
2020-10-22T01:40:35.218935368Z  INFO  2020-10-22 01:40:35,218 [shard 0] init - replaying commit log - flushing memtables
2020-10-22T01:40:52.368656102Z  INFO  2020-10-22 01:40:52,367 [shard 0] init - replaying commit log - removing old commitlog segments
2020-10-22T01:40:52.369888921Z  INFO  2020-10-22 01:40:52,369 [shard 0] compaction - Compacting [/var/lib/scylla/data/system/compaction_history-b4dbb7b4dc493fb5b3bfce6e434832ca/mc-1048-big-Data.db:level=0, /var/lib/scylla/data/system/compaction_history-b4dbb7b4dc493fb5b3bfce6e434832ca/mc-1044-big-Data.db:level=0, /var/lib/scylla/data/system/compaction_history-b4dbb7b4dc493fb5b3bfce6e434832ca/mc-1040-big-Data.db:level=0, ]
2020-10-22T01:40:52.374356085Z  INFO  2020-10-22 01:40:52,369 [shard 0] compaction - Compacting [/var/lib/scylla/data/system/truncated-38c19fd0fb863310a4b70d0cc66628aa/mc-1984-big-Data.db:level=0, /var/lib/scylla/data/system/truncated-38c19fd0fb863310a4b70d0cc66628aa/mc-1988-big-Data.db:level=0, /var/lib/scylla/data/system/truncated-38c19fd0fb863310a4b70d0cc66628aa/mc-1980-big-Data.db:level=0, ]
2020-10-22T01:40:52.374428253Z  INFO  2020-10-22 01:40:52,370 [shard 2] compaction - Compacting [/var/lib/scylla/data/system_schema/dropped_columns-5e7583b5f3f43af19a39b7e1d6f5f11f/mc-774-big-Data.db:level=0, /var/lib/scylla/data/system_schema/dropped_columns-5e7583b5f3f43af19a39b7e1d6f5f11f/mc-766-big-Data.db:level=0, /var/lib/scylla/data/system_schema/dropped_columns-5e7583b5f3f43af19a39b7e1d6f5f11f/mc-770-big-Data.db:level=0, ]
2020-10-22T01:40:52.374461617Z  INFO  2020-10-22 01:40:52,370 [shard 1] compaction - Compacting [/var/lib/scylla/data/system/peers-37f71aca7dc2383ba70672528af04d4f/mc-13-big-Data.db:level=0, /var/lib/scylla/data/system/peers-37f71aca7dc2383ba70672528af04d4f/mc-9-big-Data.db:level=0, /var/lib/scylla/data/system/peers-37f71aca7dc2383ba70672528af04d4f/mc-5-big-Data.db:level=0, ]
2020-10-22T01:40:52.374506069Z  INFO  2020-10-22 01:40:52,370 [shard 2] compaction - Compacting [/var/lib/scylla/data/system/compaction_history-b4dbb7b4dc493fb5b3bfce6e434832ca/mc-1078-big-Data.db:level=0, /var/lib/scylla/data/system/compaction_history-b4dbb7b4dc493fb5b3bfce6e434832ca/mc-1074-big-Data.db:level=0, /var/lib/scylla/data/system/compaction_history-b4dbb7b4dc493fb5b3bfce6e434832ca/mc-1070-big-Data.db:level=0, ]
2020-10-22T01:40:52.374535196Z  INFO  2020-10-22 01:40:52,370 [shard 1] compaction - Compacting [/var/lib/scylla/data/system/compaction_history-b4dbb7b4dc493fb5b3bfce6e434832ca/mc-1065-big-Data.db:level=0, /var/lib/scylla/data/system/compaction_history-b4dbb7b4dc493fb5b3bfce6e434832ca/mc-1061-big-Data.db:level=0, /var/lib/scylla/data/system/compaction_history-b4dbb7b4dc493fb5b3bfce6e434832ca/mc-1057-big-Data.db:level=0, ]
2020-10-22T01:40:52.374559502Z  INFO  2020-10-22 01:40:52,370 [shard 2] compaction - Compacting [/var/lib/scylla/data/system_schema/keyspaces-abac5682dea631c5b535b3d6cffd0fb6/mc-734-big-Data.db:level=0, /var/lib/scylla/data/system_schema/keyspaces-abac5682dea631c5b535b3d6cffd0fb6/mc-738-big-Data.db:level=0, /var/lib/scylla/data/system_schema/keyspaces-abac5682dea631c5b535b3d6cffd0fb6/mc-730-big-Data.db:level=0, ]
2020-10-22T01:40:52.374587390Z  INFO  2020-10-22 01:40:52,370 [shard 2] compaction - Compacting [/var/lib/scylla/data/system_schema/tables-afddfb9dbc1e30688056eed6c302ba09/mc-610-big-Data.db:level=0, /var/lib/scylla/data/system_schema/tables-afddfb9dbc1e30688056eed6c302ba09/mc-606-big-Data.db:level=0, ]
2020-10-22T01:40:52.374619612Z  INFO  2020-10-22 01:40:52,370 [shard 2] compaction - Compacting [/var/lib/scylla/data/system_schema/scylla_tables-5d912ff1f7593665b2c88042ab5103dd/mc-590-big-Data.db:level=0, /var/lib/scylla/data/system_schema/scylla_tables-5d912ff1f7593665b2c88042ab5103dd/mc-594-big-Data.db:level=0, ]
2020-10-22T01:40:52.374646024Z  INFO  2020-10-22 01:40:52,370 [shard 3] compaction - Compacting [/var/lib/scylla/data/system_schema/dropped_columns-5e7583b5f3f43af19a39b7e1d6f5f11f/mc-771-big-Data.db:level=0, /var/lib/scylla/data/system_schema/dropped_columns-5e7583b5f3f43af19a39b7e1d6f5f11f/mc-767-big-Data.db:level=0, /var/lib/scylla/data/system_schema/dropped_columns-5e7583b5f3f43af19a39b7e1d6f5f11f/mc-775-big-Data.db:level=0, ]
2020-10-22T01:40:52.374679750Z  INFO  2020-10-22 01:40:52,370 [shard 2] compaction - Compacting [/var/lib/scylla/data/system_schema/views-9786ac1cdd583201a7cdad556410c985/mc-542-big-Data.db:level=0, /var/lib/scylla/data/system_schema/views-9786ac1cdd583201a7cdad556410c985/mc-538-big-Data.db:level=0, ]
2020-10-22T01:40:52.374704496Z  INFO  2020-10-22 01:40:52,370 [shard 3] compaction - Compacting [/var/lib/scylla/data/system/clients-ca0f635d863036098d93a1fc06f2a5e5/mc-79-big-Data.db:level=0, /var/lib/scylla/data/system/clients-ca0f635d863036098d93a1fc06f2a5e5/mc-111-big-Data.db:level=0, /var/lib/scylla/data/system/clients-ca0f635d863036098d93a1fc06f2a5e5/mc-107-big-Data.db:level=0, /var/lib/scylla/data/system/clients-ca0f635d863036098d93a1fc06f2a5e5/mc-103-big-Data.db:level=0, /var/lib/scylla/data/system/clients-ca0f635d863036098d93a1fc06f2a5e5/mc-139-big-Data.db:level=0, /var/lib/scylla/data/system/clients-ca0f635d863036098d93a1fc06f2a5e5/mc-131-big-Data.db:level=0, /var/lib/scylla/data/system/clients-ca0f635d863036098d93a1fc06f2a5e5/mc-119-big-Data.db:level=0, /var/lib/scylla/data/system/clients-ca0f635d863036098d93a1fc06f2a5e5/mc-135-big-Data.db:level=0, /var/lib/scylla/data/system/clients-ca0f635d863036098d93a1fc06f2a5e5/mc-95-big-Data.db:level=0, /var/lib/scylla/data/system/clients-ca0f635d863036098d93a1fc06f2a5e5/mc-83-big-Data.db:level=0, /var/lib/scylla/data/system/clients-ca0f635d863036098d93a1fc06f2a5e5/mc-123-big-Data.db:level=0, /var/lib/scylla/data/system/clients-ca0f635d863036098d93a1fc06f2a5e5/mc-99-big-Data.db:level=0, /var/lib/scylla/data/system/clients-ca0f635d863036098d93a1fc06f2a5e5/mc-127-big-Data.db:level=0, /var/lib/scylla/data/system/clients-ca0f635d863036098d93a1fc06f2a5e5/mc-87-big-Data.db:level=0, /var/lib/scylla/data/system/clients-ca0f635d863036098d93a1fc06f2a5e5/mc-115-big-Data.db:level=0, /var/lib/scylla/data/system/clients-ca0f635d863036098d93a1fc06f2a5e5/mc-91-big-Data.db:level=0, ]
2020-10-22T01:40:52.374787272Z  INFO  2020-10-22 01:40:52,371 [shard 3] compaction - Compacting [/var/lib/scylla/data/system_schema/functions-96489b7980be3e14a70166a0b9159450/mc-711-big-Data.db:level=0, /var/lib/scylla/data/system_schema/functions-96489b7980be3e14a70166a0b9159450/mc-707-big-Data.db:level=0, /var/lib/scylla/data/system_schema/functions-96489b7980be3e14a70166a0b9159450/mc-703-big-Data.db:level=0, ]
2020-10-22T01:40:52.374842624Z  INFO  2020-10-22 01:40:52,371 [shard 3] compaction - Compacting [/var/lib/scylla/data/system/compaction_history-b4dbb7b4dc493fb5b3bfce6e434832ca/mc-1075-big-Data.db:level=0, /var/lib/scylla/data/system/compaction_history-b4dbb7b4dc493fb5b3bfce6e434832ca/mc-1079-big-Data.db:level=0, /var/lib/scylla/data/system/compaction_history-b4dbb7b4dc493fb5b3bfce6e434832ca/mc-1071-big-Data.db:level=0, ]
2020-10-22T01:40:52.374872784Z  INFO  2020-10-22 01:40:52,371 [shard 3] compaction - Compacting [/var/lib/scylla/data/system_schema/columns-24101c25a2ae3af787c1b40ee1aca33f/mc-771-big-Data.db:level=0, /var/lib/scylla/data/system_schema/columns-24101c25a2ae3af787c1b40ee1aca33f/mc-775-big-Data.db:level=0, /var/lib/scylla/data/system_schema/columns-24101c25a2ae3af787c1b40ee1aca33f/mc-767-big-Data.db:level=0, ]
2020-10-22T01:40:52.374900381Z  INFO  2020-10-22 01:40:52,372 [shard 3] compaction - Compacting [/var/lib/scylla/data/system_schema/indexes-0feb57ac311f382fba6d9024d305702f/mc-663-big-Data.db:level=0, /var/lib/scylla/data/system_schema/indexes-0feb57ac311f382fba6d9024d305702f/mc-659-big-Data.db:level=0, /var/lib/scylla/data/system_schema/indexes-0feb57ac311f382fba6d9024d305702f/mc-655-big-Data.db:level=0, ]
2020-10-22T01:40:52.374919987Z  INFO  2020-10-22 01:40:52,372 [shard 3] compaction - Compacting [/var/lib/scylla/data/system_schema/scylla_tables-5d912ff1f7593665b2c88042ab5103dd/mc-591-big-Data.db:level=0, /var/lib/scylla/data/system_schema/scylla_tables-5d912ff1f7593665b2c88042ab5103dd/mc-595-big-Data.db:level=0, ]
2020-10-22T01:40:52.374946741Z  INFO  2020-10-22 01:40:52,372 [shard 3] compaction - Compacting [/var/lib/scylla/data/dt/source_data-6af6cd50d77b11ea9877000000000001/mc-827-big-Data.db:level=0, /var/lib/scylla/data/dt/source_data-6af6cd50d77b11ea9877000000000001/mc-823-big-Data.db:level=0, /var/lib/scylla/data/dt/source_data-6af6cd50d77b11ea9877000000000001/mc-819-big-Data.db:level=0, ]
2020-10-22T01:40:52.380435616Z  INFO  2020-10-22 01:40:52,379 [shard 0] init - initializing migration manager RPC verbs
2020-10-22T01:40:52.381335960Z  INFO  2020-10-22 01:40:52,380 [shard 0] init - initializing storage proxy RPC verbs
2020-10-22T01:40:52.382378045Z  INFO  2020-10-22 01:40:52,381 [shard 0] init - starting streaming service
2020-10-22T01:40:52.385485023Z  INFO  2020-10-22 01:40:52,384 [shard 0] init - starting hinted handoff manager
2020-10-22T01:40:52.887531222Z  INFO  2020-10-22 01:40:52,887 [shard 1] compaction - Compacted 3 sstables to []. 16430 bytes to 0 (~0% of original) in 0ms = 0.00MB/s. ~384 total partitions merged to 0.
2020-10-22T01:40:53.477928266Z  WARN  2020-10-22 01:40:53,477 [shard 3] large_data - Writing a partition with too many rows [dt/source_data:d0a71d84-b80f-4558-beac-8887750652e3] (173938 rows)
2020-10-22T01:40:53.591668525Z  INFO  2020-10-22 01:40:53,591 [shard 0] init - starting messaging service
2020-10-22T01:40:53.592259520Z  INFO  2020-10-22 01:40:53,591 [shard 0] repair - Setting max_repair_memory=168820736, max_repair_memory_per_range=33554432, max_repair_ranges_in_parallel=5
2020-10-22T01:40:53.592730092Z  INFO  2020-10-22 01:40:53,592 [shard 0] init - starting storage service
2020-10-22T01:40:53.594424952Z  INFO  2020-10-22 01:40:53,593 [shard 0] storage_service - Loading persisted ring state
2020-10-22T01:40:53.596767059Z  INFO  2020-10-22 01:40:53,596 [shard 0] storage_service - loaded_peer_features: peer_features size=0
2020-10-22T01:40:53.597190166Z  INFO  2020-10-22 01:40:53,596 [shard 0] storage_service - Checking remote features skipped, since this node is a new seed node which knows nothing about the cluster
2020-10-22T01:40:53.598759485Z  INFO  2020-10-22 01:40:53,598 [shard 0] storage_service - Restarting a node in NORMAL status
2020-10-22T01:40:53.635189450Z  INFO  2020-10-22 01:40:53,634 [shard 0] database - Schema version changed to 3f00f995-6495-3765-8599-4e76a2f4c6b2
2020-10-22T01:40:53.635825778Z  INFO  2020-10-22 01:40:53,634 [shard 0] storage_service - Starting up server gossip
2020-10-22T01:40:54.509526185Z  INFO  2020-10-22 01:40:54,508 [shard 1] compaction - Compacting [/var/lib/scylla/data/system/local-7ad54392bcdd35a684174e047860b377/mc-4253-big-Data.db:level=0, /var/lib/scylla/data/system/local-7ad54392bcdd35a684174e047860b377/mc-4257-big-Data.db:level=0, /var/lib/scylla/data/system/local-7ad54392bcdd35a684174e047860b377/mc-4261-big-Data.db:level=0, /var/lib/scylla/data/system/local-7ad54392bcdd35a684174e047860b377/mc-4249-big-Data.db:level=0, ]
2020-10-22T01:40:55.120172019Z  INFO  2020-10-22 01:40:55,119 [shard 0] compaction - Compacted 3 sstables to [/var/lib/scylla/data/system/compaction_history-b4dbb7b4dc493fb5b3bfce6e434832ca/mc-1052-big-Data.db:level=0, ]. 244496 bytes to 109571 (~44% of original) in 2049ms = 0.05MB/s. ~512 total partitions merged to 175.
2020-10-22T01:40:55.121896134Z  INFO  2020-10-22 01:40:55,121 [shard 0] compaction - Compacted 3 sstables to [/var/lib/scylla/data/system/truncated-38c19fd0fb863310a4b70d0cc66628aa/mc-1992-big-Data.db:level=0, ]. 158418 bytes to 76910 (~48% of original) in 2050ms = 0.04MB/s. ~384 total partitions merged to 2.
2020-10-22T01:40:55.144967175Z  INFO  2020-10-22 01:40:55,144 [shard 2] compaction - Compacting [/var/lib/scylla/data/system/truncated-38c19fd0fb863310a4b70d0cc66628aa/mc-1322-big-Data.db:level=0, /var/lib/scylla/data/system/truncated-38c19fd0fb863310a4b70d0cc66628aa/mc-1318-big-Data.db:level=0, /var/lib/scylla/data/system/truncated-38c19fd0fb863310a4b70d0cc66628aa/mc-1314-big-Data.db:level=0, ]
2020-10-22T01:40:55.145709248Z  INFO  2020-10-22 01:40:55,145 [shard 2] compaction - Compacting [/var/lib/scylla/data/system_schema/view_virtual_columns-08843b6345dc3be29798a0418295cfaa/mc-718-big-Data.db:level=0, /var/lib/scylla/data/system_schema/view_virtual_columns-08843b6345dc3be29798a0418295cfaa/mc-710-big-Data.db:level=0, /var/lib/scylla/data/system_schema/view_virtual_columns-08843b6345dc3be29798a0418295cfaa/mc-714-big-Data.db:level=0, ]
2020-10-22T01:40:55.146638458Z  INFO  2020-10-22 01:40:55,146 [shard 2] compaction - Compacting [/var/lib/scylla/data/system_schema/aggregates-924c55872e3a345bb10c12f37c1ba895/mc-530-big-Data.db:level=0, /var/lib/scylla/data/system_schema/aggregates-924c55872e3a345bb10c12f37c1ba895/mc-526-big-Data.db:level=0, ]
2020-10-22T01:40:55.147664073Z  INFO  2020-10-22 01:40:55,147 [shard 2] compaction - Compacting [/var/lib/scylla/data/system_schema/columns-24101c25a2ae3af787c1b40ee1aca33f/mc-774-big-Data.db:level=0, /var/lib/scylla/data/system_schema/columns-24101c25a2ae3af787c1b40ee1aca33f/mc-778-big-Data.db:level=0, /var/lib/scylla/data/system_schema/columns-24101c25a2ae3af787c1b40ee1aca33f/mc-770-big-Data.db:level=0, ]
2020-10-22T01:40:55.538387808Z  INFO  2020-10-22 01:40:55,537 [shard 1] compaction - Compacted 3 sstables to [/var/lib/scylla/data/system/compaction_history-b4dbb7b4dc493fb5b3bfce6e434832ca/mc-1069-big-Data.db:level=0, ]. 254782 bytes to 107045 (~42% of original) in 2138ms = 0.05MB/s. ~512 total partitions merged to 156.
2020-10-22T01:40:55.538449540Z  INFO  2020-10-22 01:40:55,537 [shard 3] compaction - Compacted 16 sstables to []. 235488 bytes to 0 (~0% of original) in 26ms = 0.00MB/s. ~2048 total partitions merged to 0.
2020-10-22T01:40:55.674467813Z  INFO  2020-10-22 01:40:55,673 [shard 0] messaging_service - Starting Messaging Service on port 7000
2020-10-22T01:40:56.698628225Z  INFO  2020-10-22 01:40:56,698 [shard 1] compaction - Compacted 4 sstables to [/var/lib/scylla/data/system/local-7ad54392bcdd35a684174e047860b377/mc-4269-big-Data.db:level=0, ]. 31114 bytes to 12596 (~40% of original) in 1707ms = 0.01MB/s. ~512 total partitions merged to 1.
2020-10-22T01:40:56.699417639Z  INFO  2020-10-22 01:40:56,698 [shard 1] compaction - Compacting [/var/lib/scylla/data/system/local-7ad54392bcdd35a684174e047860b377/mc-4265-big-Data.db:level=0, /var/lib/scylla/data/system/local-7ad54392bcdd35a684174e047860b377/mc-4269-big-Data.db:level=0, ]
2020-10-22T01:40:56.766650963Z  INFO  2020-10-22 01:40:56,766 [shard 3] compaction - Compacting [/var/lib/scylla/data/system_schema/view_virtual_columns-08843b6345dc3be29798a0418295cfaa/mc-719-big-Data.db:level=0, /var/lib/scylla/data/system_schema/view_virtual_columns-08843b6345dc3be29798a0418295cfaa/mc-715-big-Data.db:level=0, /var/lib/scylla/data/system_schema/view_virtual_columns-08843b6345dc3be29798a0418295cfaa/mc-711-big-Data.db:level=0, ]
2020-10-22T01:40:56.766913628Z  INFO  2020-10-22 01:40:56,766 [shard 3] compaction - Compacting [/var/lib/scylla/data/system_schema/triggers-4df70b666b05325195a132b54005fd48/mc-687-big-Data.db:level=0, /var/lib/scylla/data/system_schema/triggers-4df70b666b05325195a132b54005fd48/mc-691-big-Data.db:level=0, /var/lib/scylla/data/system_schema/triggers-4df70b666b05325195a132b54005fd48/mc-683-big-Data.db:level=0, ]
2020-10-22T01:40:56.767552114Z  INFO  2020-10-22 01:40:56,767 [shard 3] compaction - Compacting [/var/lib/scylla/data/system_schema/computed_columns-cc7c7069374033c192a4c3de78dbd2c4/mc-591-big-Data.db:level=0, /var/lib/scylla/data/system_schema/computed_columns-cc7c7069374033c192a4c3de78dbd2c4/mc-587-big-Data.db:level=0, ]
2020-10-22T01:40:56.768819280Z  INFO  2020-10-22 01:40:56,768 [shard 3] compaction - Compacting [/var/lib/scylla/data/system_schema/tables-afddfb9dbc1e30688056eed6c302ba09/mc-615-big-Data.db:level=0, /var/lib/scylla/data/system_schema/tables-afddfb9dbc1e30688056eed6c302ba09/mc-611-big-Data.db:level=0, ]
2020-10-22T01:40:56.978814049Z  INFO  2020-10-22 01:40:56,978 [shard 2] compaction - Compacted 3 sstables to [/var/lib/scylla/data/system_schema/keyspaces-abac5682dea631c5b535b3d6cffd0fb6/mc-742-big-Data.db:level=0, ]. 67316 bytes to 56726 (~84% of original) in 2774ms = 0.02MB/s. ~384 total partitions merged to 2.
2020-10-22T01:40:56.979442691Z  INFO  2020-10-22 01:40:56,979 [shard 2] compaction - Compacted 2 sstables to [/var/lib/scylla/data/system_schema/scylla_tables-5d912ff1f7593665b2c88042ab5103dd/mc-598-big-Data.db:level=0, ]. 11945 bytes to 6130 (~51% of original) in 2775ms = 0.00MB/s. ~256 total partitions merged to 1.
2020-10-22T01:40:56.979468116Z  INFO  2020-10-22 01:40:56,979 [shard 2] compaction - Compacted 3 sstables to [/var/lib/scylla/data/system_schema/dropped_columns-5e7583b5f3f43af19a39b7e1d6f5f11f/mc-778-big-Data.db:level=0, ]. 15985 bytes to 5643 (~35% of original) in 2775ms = 0.00MB/s. ~384 total partitions merged to 1.
2020-10-22T01:40:56.980231770Z  INFO  2020-10-22 01:40:56,979 [shard 2] compaction - Compacted 2 sstables to [/var/lib/scylla/data/system_schema/views-9786ac1cdd583201a7cdad556410c985/mc-546-big-Data.db:level=0, ]. 13700 bytes to 7006 (~51% of original) in 2775ms = 0.00MB/s. ~256 total partitions merged to 1.
2020-10-22T01:40:57.117471815Z  INFO  2020-10-22 01:40:57,116 [shard 2] compaction - Compacted 2 sstables to [/var/lib/scylla/data/system_schema/tables-afddfb9dbc1e30688056eed6c302ba09/mc-614-big-Data.db:level=0, ]. 67714 bytes to 59779 (~88% of original) in 2776ms = 0.02MB/s. ~256 total partitions merged to 2.
2020-10-22T01:40:57.117508015Z  INFO  2020-10-22 01:40:57,116 [shard 2] compaction - Compacted 3 sstables to [/var/lib/scylla/data/system/compaction_history-b4dbb7b4dc493fb5b3bfce6e434832ca/mc-1082-big-Data.db:level=0, ]. 269496 bytes to 108841 (~40% of original) in 2777ms = 0.04MB/s. ~512 total partitions merged to 183.
2020-10-22T01:40:58.250056443Z  INFO  2020-10-22 01:40:58,249 [shard 1] compaction - Compacted 2 sstables to [/var/lib/scylla/data/system/local-7ad54392bcdd35a684174e047860b377/mc-4273-big-Data.db:level=0, ]. 18688 bytes to 12273 (~65% of original) in 1043ms = 0.01MB/s. ~256 total partitions merged to 1.
2020-10-22T01:40:58.777848687Z  INFO  2020-10-22 01:40:58,777 [shard 2] compaction - Compacting [/var/lib/scylla/data/system_schema/functions-96489b7980be3e14a70166a0b9159450/mc-706-big-Data.db:level=0, /var/lib/scylla/data/system_schema/functions-96489b7980be3e14a70166a0b9159450/mc-702-big-Data.db:level=0, /var/lib/scylla/data/system_schema/functions-96489b7980be3e14a70166a0b9159450/mc-698-big-Data.db:level=0, ]
2020-10-22T01:40:58.779474412Z  INFO  2020-10-22 01:40:58,778 [shard 2] compaction - Compacting [/var/lib/scylla/data/system_schema/computed_columns-cc7c7069374033c192a4c3de78dbd2c4/mc-590-big-Data.db:level=0, /var/lib/scylla/data/system_schema/computed_columns-cc7c7069374033c192a4c3de78dbd2c4/mc-586-big-Data.db:level=0, ]
2020-10-22T01:40:59.156736913Z  INFO  2020-10-22 01:40:59,156 [shard 3] compaction - Compacted 3 sstables to [/var/lib/scylla/data/system_schema/functions-96489b7980be3e14a70166a0b9159450/mc-715-big-Data.db:level=0, ]. 16890 bytes to 5944 (~35% of original) in 4394ms = 0.00MB/s. ~384 total partitions merged to 1.
2020-10-22T01:40:59.156777576Z  INFO  2020-10-22 01:40:59,156 [shard 3] compaction - Compacted 2 sstables to [/var/lib/scylla/data/system_schema/scylla_tables-5d912ff1f7593665b2c88042ab5103dd/mc-599-big-Data.db:level=0, ]. 12530 bytes to 6443 (~51% of original) in 4394ms = 0.00MB/s. ~256 total partitions merged to 1.
2020-10-22T01:40:59.157062064Z  INFO  2020-10-22 01:40:59,156 [shard 3] compaction - Compacted 3 sstables to [/var/lib/scylla/data/system_schema/dropped_columns-5e7583b5f3f43af19a39b7e1d6f5f11f/mc-779-big-Data.db:level=0, ]. 16425 bytes to 5795 (~35% of original) in 4395ms = 0.00MB/s. ~384 total partitions merged to 1.
2020-10-22T01:40:59.157132503Z  INFO  2020-10-22 01:40:59,156 [shard 3] compaction - Compacted 3 sstables to [/var/lib/scylla/data/dt/source_data-6af6cd50d77b11ea9877000000000001/mc-831-big-Data.db:level=0, ]. 14120289 bytes to 14041007 (~99% of original) in 4395ms = 3.05MB/s. ~384 total partitions merged to 1.
2020-10-22T01:40:59.157984340Z  INFO  2020-10-22 01:40:59,157 [shard 3] compaction - Compacted 3 sstables to [/var/lib/scylla/data/system_schema/indexes-0feb57ac311f382fba6d9024d305702f/mc-667-big-Data.db:level=0, ]. 23295 bytes to 12790 (~54% of original) in 4395ms = 0.00MB/s. ~384 total partitions merged to 2.
2020-10-22T01:40:59.159020335Z  INFO  2020-10-22 01:40:59,158 [shard 3] compaction - Compacted 3 sstables to [/var/lib/scylla/data/system_schema/columns-24101c25a2ae3af787c1b40ee1aca33f/mc-779-big-Data.db:level=0, ]. 76332 bytes to 57506 (~75% of original) in 4395ms = 0.01MB/s. ~384 total partitions merged to 4.
2020-10-22T01:40:59.159572021Z  INFO  2020-10-22 01:40:59,159 [shard 3] compaction - Compacted 3 sstables to [/var/lib/scylla/data/system/compaction_history-b4dbb7b4dc493fb5b3bfce6e434832ca/mc-1083-big-Data.db:level=0, ]. 255523 bytes to 108173 (~42% of original) in 4397ms = 0.02MB/s. ~512 total partitions merged to 149.
2020-10-22T01:40:59.738075371Z  INFO  2020-10-22 01:40:59,737 [shard 2] compaction - Compacted 3 sstables to [/var/lib/scylla/data/system_schema/view_virtual_columns-08843b6345dc3be29798a0418295cfaa/mc-722-big-Data.db:level=0, ]. 16453 bytes to 5799 (~35% of original) in 3631ms = 0.00MB/s. ~384 total partitions merged to 1.
2020-10-22T01:40:59.738743158Z  INFO  2020-10-22 01:40:59,737 [shard 2] compaction - Compacted 3 sstables to [/var/lib/scylla/data/system/truncated-38c19fd0fb863310a4b70d0cc66628aa/mc-1326-big-Data.db:level=0, ]. 167625 bytes to 56248 (~33% of original) in 3633ms = 0.01MB/s. ~384 total partitions merged to 4.
2020-10-22T01:40:59.790699926Z  INFO  2020-10-22 01:40:59,790 [shard 2] compaction - Compacted 2 sstables to [/var/lib/scylla/data/system_schema/aggregates-924c55872e3a345bb10c12f37c1ba895/mc-534-big-Data.db:level=0, ]. 11134 bytes to 5723 (~51% of original) in 3632ms = 0.00MB/s. ~256 total partitions merged to 1.
2020-10-22T01:40:59.893293022Z  INFO  2020-10-22 01:40:59,892 [shard 2] compaction - Compacted 3 sstables to [/var/lib/scylla/data/system_schema/columns-24101c25a2ae3af787c1b40ee1aca33f/mc-782-big-Data.db:level=0, ]. 78742 bytes to 61720 (~78% of original) in 3632ms = 0.02MB/s. ~384 total partitions merged to 2.
2020-10-22T01:41:00.051792126Z  INFO  2020-10-22 01:41:00,051 [shard 3] compaction - Compacting [/var/lib/scylla/data/system_schema/types-5a8b1ca866023f77a0459273d308917a/mc-575-big-Data.db:level=0, /var/lib/scylla/data/system_schema/types-5a8b1ca866023f77a0459273d308917a/mc-571-big-Data.db:level=0, /var/lib/scylla/data/system_schema/types-5a8b1ca866023f77a0459273d308917a/mc-567-big-Data.db:level=0, ]
2020-10-22T01:41:00.053164150Z  INFO  2020-10-22 01:41:00,052 [shard 3] compaction - Compacting [/var/lib/scylla/data/system/large_cells-ead8bbc5f1463ae19f710b11f9a1d296/mc-35-big-Data.db:level=0, /var/lib/scylla/data/system/large_cells-ead8bbc5f1463ae19f710b11f9a1d296/mc-27-big-Data.db:level=0, /var/lib/scylla/data/system/large_cells-ead8bbc5f1463ae19f710b11f9a1d296/mc-31-big-Data.db:level=0, ]
2020-10-22T01:41:00.053793151Z  INFO  2020-10-22 01:41:00,052 [shard 3] compaction - Compacting [/var/lib/scylla/data/system_schema/keyspaces-abac5682dea631c5b535b3d6cffd0fb6/mc-695-big-Data.db:level=0, /var/lib/scylla/data/system_schema/keyspaces-abac5682dea631c5b535b3d6cffd0fb6/mc-699-big-Data.db:level=0, /var/lib/scylla/data/system_schema/keyspaces-abac5682dea631c5b535b3d6cffd0fb6/mc-691-big-Data.db:level=0, ]
2020-10-22T01:41:00.430165862Z  INFO  2020-10-22 01:41:00,429 [shard 2] compaction - Compacting [/var/lib/scylla/data/system_schema/triggers-4df70b666b05325195a132b54005fd48/mc-694-big-Data.db:level=0, /var/lib/scylla/data/system_schema/triggers-4df70b666b05325195a132b54005fd48/mc-690-big-Data.db:level=0, /var/lib/scylla/data/system_schema/triggers-4df70b666b05325195a132b54005fd48/mc-686-big-Data.db:level=0, ]
2020-10-22T01:41:00.820336129Z  INFO  2020-10-22 01:41:00,819 [shard 2] compaction - Compacted 2 sstables to [/var/lib/scylla/data/system_schema/computed_columns-cc7c7069374033c192a4c3de78dbd2c4/mc-594-big-Data.db:level=0, ]. 10552 bytes to 5432 (~51% of original) in 1650ms = 0.00MB/s. ~256 total partitions merged to 1.
2020-10-22T01:41:00.820375307Z  INFO  2020-10-22 01:41:00,819 [shard 2] compaction - Compacted 3 sstables to [/var/lib/scylla/data/system_schema/functions-96489b7980be3e14a70166a0b9159450/mc-710-big-Data.db:level=0, ]. 16996 bytes to 5980 (~35% of original) in 1651ms = 0.00MB/s. ~384 total partitions merged to 1.
2020-10-22T01:41:01.230131038Z  INFO  2020-10-22 01:41:01,229 [shard 3] compaction - Compacted 3 sstables to [/var/lib/scylla/data/system_schema/triggers-4df70b666b05325195a132b54005fd48/mc-695-big-Data.db:level=0, ]. 16092 bytes to 5678 (~35% of original) in 3284ms = 0.00MB/s. ~384 total partitions merged to 1.
2020-10-22T01:41:01.232135665Z  INFO  2020-10-22 01:41:01,231 [shard 3] compaction - Compacted 3 sstables to [/var/lib/scylla/data/system_schema/view_virtual_columns-08843b6345dc3be29798a0418295cfaa/mc-723-big-Data.db:level=0, ]. 23510 bytes to 12927 (~54% of original) in 3286ms = 0.00MB/s. ~384 total partitions merged to 2.
2020-10-22T01:41:01.233585009Z  INFO  2020-10-22 01:41:01,232 [shard 3] compaction - Compacted 2 sstables to [/var/lib/scylla/data/system_schema/computed_columns-cc7c7069374033c192a4c3de78dbd2c4/mc-595-big-Data.db:level=0, ]. 17542 bytes to 12459 (~71% of original) in 3285ms = 0.00MB/s. ~256 total partitions merged to 2.
2020-10-22T01:41:01.233651724Z  INFO  2020-10-22 01:41:01,233 [shard 3] compaction - Compacted 2 sstables to [/var/lib/scylla/data/system_schema/tables-afddfb9dbc1e30688056eed6c302ba09/mc-619-big-Data.db:level=0, ]. 65494 bytes to 56354 (~86% of original) in 3284ms = 0.02MB/s. ~256 total partitions merged to 4.
2020-10-22T01:41:01.234707166Z  INFO  2020-10-22 01:41:01,234 [shard 3] compaction - Compacted 3 sstables to []. 17054 bytes to 0 (~0% of original) in 0ms = 0.00MB/s. ~384 total partitions merged to 0.
2020-10-22T01:41:01.311162047Z  INFO  2020-10-22 01:41:01,310 [shard 2] compaction - Compacting [/var/lib/scylla/data/system_schema/indexes-0feb57ac311f382fba6d9024d305702f/mc-686-big-Data.db:level=0, /var/lib/scylla/data/system_schema/indexes-0feb57ac311f382fba6d9024d305702f/mc-678-big-Data.db:level=0, /var/lib/scylla/data/system_schema/indexes-0feb57ac311f382fba6d9024d305702f/mc-682-big-Data.db:level=0, ]
2020-10-22T01:41:01.801561865Z  INFO  2020-10-22 01:41:01,800 [shard 2] compaction - Compacted 3 sstables to [/var/lib/scylla/data/system_schema/triggers-4df70b666b05325195a132b54005fd48/mc-698-big-Data.db:level=0, ]. 16198 bytes to 5714 (~35% of original) in 881ms = 0.01MB/s. ~384 total partitions merged to 1.
2020-10-22T01:41:01.897607044Z  INFO  2020-10-22 01:41:01,896 [shard 3] compaction - Compacting [/var/lib/scylla/data/system_schema/aggregates-924c55872e3a345bb10c12f37c1ba895/mc-527-big-Data.db:level=0, /var/lib/scylla/data/system_schema/aggregates-924c55872e3a345bb10c12f37c1ba895/mc-523-big-Data.db:level=0, ]
2020-10-22T01:41:01.898325821Z  INFO  2020-10-22 01:41:01,897 [shard 3] compaction - Compacting [/var/lib/scylla/data/system_schema/views-9786ac1cdd583201a7cdad556410c985/mc-539-big-Data.db:level=0, /var/lib/scylla/data/system_schema/views-9786ac1cdd583201a7cdad556410c985/mc-535-big-Data.db:level=0, ]
2020-10-22T01:41:02.219063793Z  INFO  2020-10-22 01:41:02,218 [shard 2] compaction - Compacting [/var/lib/scylla/data/system_schema/types-5a8b1ca866023f77a0459273d308917a/mc-582-big-Data.db:level=0, /var/lib/scylla/data/system_schema/types-5a8b1ca866023f77a0459273d308917a/mc-574-big-Data.db:level=0, /var/lib/scylla/data/system_schema/types-5a8b1ca866023f77a0459273d308917a/mc-578-big-Data.db:level=0, ]
2020-10-22T01:41:02.376538947Z  INFO  2020-10-22 01:41:02,375 [shard 3] compaction - Compacted 3 sstables to [/var/lib/scylla/data/system_schema/types-5a8b1ca866023f77a0459273d308917a/mc-579-big-Data.db:level=0, ]. 16275 bytes to 5739 (~35% of original) in 1845ms = 0.00MB/s. ~384 total partitions merged to 1.
2020-10-22T01:41:02.460125716Z  INFO  2020-10-22 01:41:02,459 [shard 3] compaction - Compacted 3 sstables to [/var/lib/scylla/data/system_schema/keyspaces-abac5682dea631c5b535b3d6cffd0fb6/mc-703-big-Data.db:level=0, ]. 61870 bytes to 51353 (~83% of original) in 1845ms = 0.03MB/s. ~384 total partitions merged to 4.
2020-10-22T01:41:02.570481472Z  INFO  2020-10-22 01:41:02,569 [shard 2] compaction - Compacted 3 sstables to [/var/lib/scylla/data/system_schema/indexes-0feb57ac311f382fba6d9024d305702f/mc-690-big-Data.db:level=0, ]. 16336 bytes to 5760 (~35% of original) in 908ms = 0.01MB/s. ~384 total partitions merged to 1.
2020-10-22T01:41:03.187025914Z  INFO  2020-10-22 01:41:03,186 [shard 3] compaction - Compacting [/var/lib/scylla/data/system/truncated-38c19fd0fb863310a4b70d0cc66628aa/mc-1131-big-Data.db:level=0, /var/lib/scylla/data/system/truncated-38c19fd0fb863310a4b70d0cc66628aa/mc-1127-big-Data.db:level=0, /var/lib/scylla/data/system/truncated-38c19fd0fb863310a4b70d0cc66628aa/mc-1123-big-Data.db:level=0, ]
2020-10-22T01:41:03.591362480Z  INFO  2020-10-22 01:41:03,590 [shard 3] compaction - Compacted 2 sstables to [/var/lib/scylla/data/system_schema/aggregates-924c55872e3a345bb10c12f37c1ba895/mc-531-big-Data.db:level=0, ]. 11063 bytes to 5687 (~51% of original) in 1290ms = 0.00MB/s. ~256 total partitions merged to 1.
2020-10-22T01:41:03.591430063Z  INFO  2020-10-22 01:41:03,590 [shard 3] compaction - Compacted 2 sstables to [/var/lib/scylla/data/system_schema/views-9786ac1cdd583201a7cdad556410c985/mc-543-big-Data.db:level=0, ]. 21046 bytes to 14387 (~68% of original) in 1289ms = 0.01MB/s. ~256 total partitions merged to 2.
2020-10-22T01:41:03.600342878Z  INFO  2020-10-22 01:41:03,599 [shard 2] compaction - Compacted 3 sstables to [/var/lib/scylla/data/system_schema/types-5a8b1ca866023f77a0459273d308917a/mc-586-big-Data.db:level=0, ]. 16381 bytes to 5775 (~35% of original) in 1094ms = 0.01MB/s. ~384 total partitions merged to 1.
2020-10-22T01:41:03.897503834Z  INFO  2020-10-22 01:41:03,896 [shard 3] compaction - Compacted 3 sstables to [/var/lib/scylla/data/system/truncated-38c19fd0fb863310a4b70d0cc66628aa/mc-1135-big-Data.db:level=0, ]. 188990 bytes to 63368 (~33% of original) in 626ms = 0.10MB/s. ~384 total partitions merged to 2.
2020-10-22T01:41:07.679838724Z  INFO  2020-10-22 01:41:07,678 [shard 0] gossip - No gossip backlog; proceeding
2020-10-22T01:41:07.683107570Z  INFO  2020-10-22 01:41:07,682 [shard 0] features - Feature COMPUTED_COLUMNS is enabled
2020-10-22T01:41:07.683159900Z  INFO  2020-10-22 01:41:07,682 [shard 0] features - Feature CORRECT_COUNTER_ORDER is enabled
2020-10-22T01:41:07.683210278Z  INFO  2020-10-22 01:41:07,682 [shard 0] features - Feature CORRECT_NON_COMPOUND_RANGE_TOMBSTONES is enabled
2020-10-22T01:41:07.683231605Z  INFO  2020-10-22 01:41:07,682 [shard 0] features - Feature CORRECT_STATIC_COMPACT_IN_MC is enabled
2020-10-22T01:41:07.683250052Z  INFO  2020-10-22 01:41:07,682 [shard 0] features - Feature COUNTERS is enabled
2020-10-22T01:41:07.683268722Z  INFO  2020-10-22 01:41:07,682 [shard 0] features - Feature DIGEST_INSENSITIVE_TO_EXPIRY is enabled
2020-10-22T01:41:07.683545615Z  INFO  2020-10-22 01:41:07,682 [shard 0] features - Feature DIGEST_MULTIPARTITION_READ is enabled
2020-10-22T01:41:07.683614295Z  INFO  2020-10-22 01:41:07,682 [shard 0] features - Feature HINTED_HANDOFF_SEPARATE_CONNECTION is enabled
2020-10-22T01:41:07.683637572Z  INFO  2020-10-22 01:41:07,682 [shard 0] features - Feature INDEXES is enabled
2020-10-22T01:41:07.683656432Z  INFO  2020-10-22 01:41:07,682 [shard 0] features - Feature LARGE_PARTITIONS is enabled
2020-10-22T01:41:07.683674869Z  INFO  2020-10-22 01:41:07,682 [shard 0] features - Feature LWT is enabled
2020-10-22T01:41:07.683693283Z  INFO  2020-10-22 01:41:07,682 [shard 0] features - Feature MATERIALIZED_VIEWS is enabled
2020-10-22T01:41:07.683711543Z  INFO  2020-10-22 01:41:07,682 [shard 0] features - Feature MC_SSTABLE_FORMAT is enabled
2020-10-22T01:41:07.683730210Z  INFO  2020-10-22 01:41:07,682 [shard 0] features - Feature NONFROZEN_UDTS is enabled
2020-10-22T01:41:07.683749136Z  INFO  2020-10-22 01:41:07,682 [shard 0] features - Feature PER_TABLE_PARTITIONERS is enabled
2020-10-22T01:41:07.683767437Z  INFO  2020-10-22 01:41:07,682 [shard 0] features - Feature RANGE_TOMBSTONES is enabled
2020-10-22T01:41:07.683785620Z  INFO  2020-10-22 01:41:07,682 [shard 0] features - Feature ROLES is enabled
2020-10-22T01:41:07.683804164Z  INFO  2020-10-22 01:41:07,682 [shard 0] features - Feature ROW_LEVEL_REPAIR is enabled
2020-10-22T01:41:07.683822640Z  INFO  2020-10-22 01:41:07,682 [shard 0] features - Feature SCHEMA_TABLES_V3 is enabled
2020-10-22T01:41:07.683841348Z  INFO  2020-10-22 01:41:07,682 [shard 0] features - Feature STREAM_WITH_RPC_STREAM is enabled
2020-10-22T01:41:07.683859988Z  INFO  2020-10-22 01:41:07,682 [shard 0] features - Feature TRUNCATION_TABLE is enabled
2020-10-22T01:41:07.683878445Z  INFO  2020-10-22 01:41:07,682 [shard 0] system_keyspace - Got cluster agreement on truncation table feature. Removing legacy records.
2020-10-22T01:41:07.683948751Z  INFO  2020-10-22 01:41:07,683 [shard 0] features - Feature UNBOUNDED_RANGE_TOMBSTONES is enabled
2020-10-22T01:41:07.683984873Z  INFO  2020-10-22 01:41:07,683 [shard 0] features - Feature VIEW_VIRTUAL_COLUMNS is enabled
2020-10-22T01:41:07.684004303Z  INFO  2020-10-22 01:41:07,683 [shard 0] features - Feature WRITE_FAILURE_REPLY is enabled
2020-10-22T01:41:07.684023030Z  INFO  2020-10-22 01:41:07,683 [shard 0] features - Feature XXHASH is enabled
2020-10-22T01:41:07.685990272Z  INFO  2020-10-22 01:41:07,685 [shard 0] system_keyspace - Legacy records deleted.
2020-10-22T01:41:07.687004493Z  INFO  2020-10-22 01:41:07,686 [shard 0] init - starting system distributed keyspace
2020-10-22T01:41:07.692154700Z  INFO  2020-10-22 01:41:07,690 [shard 0] storage_service - Using saved tokens {943448605036726745, 9061580907506437136, 8957018461898327244, 8813999419995718088, 8775859223532977932, 873311388414975666, 8707696313600310498, 8675978575875245837, 855031166620283245, 8476533345381470087, 8413544620893079714, 8382283044476755854, 7804258889026263620, 778239093056833917, 7732629563319678675, 7564694057214588647, 747840302865059114, 7255484784972643852, 700944770677405149, 7009081579420542256, 7354219953741161264, 6974970471767945112, 6788034976878782500, 667581605220131528, 6496091893897576732, 6478032244021912394, 6420907855788431922, 8777890816944145805, 6381418245203458391, 6358173612251239308, 6302443190184390149, 6115776390551923703, 5906838239532612246, 5890706123786165213, 588034934972968299, 5848278814186320030, 5834675951458569055, 5796254206948921528, -6441145814158460549, 7172238068082229918, -6238625478980828395, -6199824488038647909, -572473923349256348, -5526097868254533829, -5508289632699420366, -6338043935148530859, 4738411181964629022, -5411685484465544274, 5103660925946342563, -5360532551957069796, -5246840897237646542, -8953406550820932827, -511676141100664160, -4872163430844150374, 5153854518462400651, -4829128129506020031, 6818717460470417221, -4735496583611878200, -7913213531410876291, -8612347190400988175, 3361838207769500988, -4770694758141334815, 3533570692245755170, -3014142033706378490, -6648258355715071793, 105268539462240253, 6448269612184381105, 3941245744356891698, -4925670906471950289, -6853270293933441203, -431455211546220291, -4106310081010891923, -4280461110562472301, -4231054370802445643, 4453520694484038438, -5140544052953576706, -7341700934491837716, -4177024142024341044, -2365586676906010085, -4368295386640868227, -6779834804380741154, 7103497347382660592, -471701403720839764, -2187125227394891465, -1593748153114868683, 8325613099551670589, -6017078328443447975, 408961909545308462, -3256341547923989103, 1911454556365012923, -2135119982021577211, -6104126434670973331, -1614584707908969492, -5285270377043925775, 194223785007163967, 3556932048290112968, 4378909036113166689, -2319706609635128471, 782580883702972777, -3880555618453256762, -2879534723161185431, 7469085752185829039, -8001902308657073600, -1522914538603683793, 784130423392421222, -3409621329811667263, -5136236598692180863, -2640475812391264528, 3907413558358164712, -2166731983266837511, -8529251962487546573, -5228242602708342126, -6263078841153087564, -1295419475388780424, 5311755414232655734, -4113405879925637368, 2104079815049743807, -105211415949921556, -1004253484774030395, -6093280019772326743, -1363472444035739717, 7772390126184307669, 3373616921334842984, -3428624778218969630, -4475005699924690030, -1207620414022812792, -4203952547861361192, -4895652206680369668, 5569071124009844993, -2800260328053956713, 1033733984444816800, -1761718599052329021, -6249520955674807415, -6810383749951706976, -2391018463907211455, -3729138346528579520, -3942245253345029362, -1032698423218536378, 2233495137371904435, -1970747149103226319, 2531294222158762011, 4445989245037378795, -2648919406212884980, 800062458669145892, -6586482614645135705, -8855822008500182327, -2076430708060394350, -6127879535600466936, 5017042126534426855, -6767019288334108993, -6985294397658573838, -2605645373691895986, 2542018259596577135, -2699231837109027988, -9132047842757487932, 9066588519930559993, -4601858807243735115, 1470306277250886071, 1688077838521597411, -2700796200994103492, -5656441245782528349, 3822141065635310082, -4415280594152455372, -1709100826419756065, -2732234699235264563, -3101294897153501639, 6933997554702494562, -4541237399207364623, 1251119865371637993, -3280527161887251879, -4007868363884276055, -4134923634748466107, -5595342098352848506, 533209426647054698, 285540986842976874, -4193553788022177878, -7111183380354176443, 7880345233810794046, -7190282066974323895, -7232953798633244985, -7512330892235471280, -889434854029329118, 9122882257136270100, 3909145942678699742, 2870638580126821409, -2685359252619347507, 4540975434217357056, 1912522665107890116, -1474028219808469861, -7767361191227918078, -8495384334141326469, -8024675672634848221, -8352632933072691056, -1084614158625469139, -8372022353883945178, -1171738939209168407, -8485257529464526975, -8549013321787275289, -7405825010257289618, -8694753427154041557, -9173155356561330710, -3164480873853500968, 1172299952227812636, 1535311813904826318, 156312151312654313, 2050968450175517454, 1018091569669202328, 1574734081023094222, 214428871588027420, -5095673126210616552, 2431756818088451524, -1208769590907790735, 3022913469242457337, 2609254198811139442, 5396954320704971060, 284028081363756156, -184157634332906914, 2879924223908633556, 3014475854062098037, 8280511155447462154, 3058186759042775792, 3100842289958262644, -769344519844763244, 3287699046743316011, 7743526815996532326, -7148146405116016542, 352278596429886466, 3606629961194077343, 3840184102447470012, -4623422606623793434, 3924960423780627192, 4660022660859336370, 5401470720317959250, 3979649323160207298, 4037379789709069307, 790424663468033093, 5150907166433009570, 4083460330442256183, 4262233236239091105, 4461207940793579131, 7222389702734437292, 4497639963855891379, 5935809959838255935, 525652295242460822, -9210810031089136649, 3145063885579200582, 5102381975608989830, 5104799485589097680, -467985751191813914, 5122450296475986719, 5256736089695841171, 5341717901052361821, 5441044328235651423, 5661405961885371428, -6303682351633097607, 5704999654143823990}
2020-10-22T01:41:07.713912213Z  INFO  2020-10-22 01:41:07,713 [shard 0] database - Schema version changed to 0e03d198-385b-3f36-8c34-c3f5846bbbac
2020-10-22T01:41:07.734144680Z  INFO  2020-10-22 01:41:07,733 [shard 0] database - Schema version changed to 0e03d198-385b-3f36-8c34-c3f5846bbbac
2020-10-22T01:41:07.752898821Z  INFO  2020-10-22 01:41:07,752 [shard 0] database - Schema version changed to 0e03d198-385b-3f36-8c34-c3f5846bbbac
2020-10-22T01:41:08.146519170Z  INFO  2020-10-22 01:41:08,145 [shard 1] compaction - Compacting [/var/lib/scylla/data/system/local-7ad54392bcdd35a684174e047860b377/mc-4277-big-Data.db:level=0, /var/lib/scylla/data/system/local-7ad54392bcdd35a684174e047860b377/mc-4273-big-Data.db:level=0, ]
2020-10-22T01:41:08.183131814Z  INFO  2020-10-22 01:41:08,182 [shard 0] storage_service - Node 10.0.115.9 state jump to normal
2020-10-22T01:41:08.183162935Z  INFO  2020-10-22 01:41:08,182 [shard 0] storage_service - Remove node 10.0.115.9 from pending replacing endpoint
2020-10-22T01:41:08.848632941Z  INFO  2020-10-22 01:41:08,847 [shard 0] storage_service - NORMAL: node is now in normal status
2020-10-22T01:41:08.848682195Z  INFO  2020-10-22 01:41:08,848 [shard 0] cdc - No generation seen during startup.
2020-10-22T01:41:08.849756417Z  INFO  2020-10-22 01:41:08,849 [shard 0] init - starting tracing
2020-10-22T01:41:08.850463312Z  INFO  2020-10-22 01:41:08,850 [shard 0] storage_service - SSTable data integrity checker is disabled.
2020-10-22T01:41:08.850889043Z  INFO  2020-10-22 01:41:08,850 [shard 0] init - starting batchlog manager
2020-10-22T01:41:08.851243848Z  INFO  2020-10-22 01:41:08,850 [shard 0] init - starting load meter
2020-10-22T01:41:08.851264630Z  INFO  2020-10-22 01:41:08,850 [shard 0] init - starting cf cache hit rate calculator
2020-10-22T01:41:08.851784731Z  INFO  2020-10-22 01:41:08,851 [shard 0] init - starting view update backlog broker
2020-10-22T01:41:08.852516205Z  INFO  2020-10-22 01:41:08,852 [shard 0] init - Waiting for gossip to settle before accepting client requests...
2020-10-22T01:41:08.897049398Z  INFO  2020-10-22 01:41:08,896 [shard 1] compaction - Compacted 2 sstables to [/var/lib/scylla/data/system/local-7ad54392bcdd35a684174e047860b377/mc-4285-big-Data.db:level=0, ]. 18352 bytes to 12073 (~65% of original) in 644ms = 0.02MB/s. ~256 total partitions merged to 1.
2020-10-22T01:41:08.897502820Z  INFO  2020-10-22 01:41:08,897 [shard 1] compaction - Compacting [/var/lib/scylla/data/system/local-7ad54392bcdd35a684174e047860b377/mc-4281-big-Data.db:level=0, /var/lib/scylla/data/system/local-7ad54392bcdd35a684174e047860b377/mc-4285-big-Data.db:level=0, ]
2020-10-22T01:41:09.421402928Z  INFO  2020-10-22 01:41:09,420 [shard 1] compaction - Compacted 2 sstables to [/var/lib/scylla/data/system/local-7ad54392bcdd35a684174e047860b377/mc-4289-big-Data.db:level=0, ]. 18172 bytes to 12072 (~66% of original) in 432ms = 0.03MB/s. ~256 total partitions merged to 1.
2020-10-22T01:41:20.854381223Z  INFO  2020-10-22 01:41:20,852 [shard 0] gossip - No gossip backlog; proceeding
2020-10-22T01:41:20.854458580Z  INFO  2020-10-22 01:41:20,853 [shard 0] init - allow replaying hints
2020-10-22T01:41:20.855358932Z  INFO  2020-10-22 01:41:20,854 [shard 0] init - Launching generate_mv_updates for non system tables
2020-10-22T01:41:20.856004548Z  INFO  2020-10-22 01:41:20,855 [shard 0] init - starting the view builder
2020-10-22T01:41:21.180236669Z  INFO  2020-10-22 01:41:21,179 [shard 0] init - starting native transport
2020-10-22T01:41:21.180275059Z  INFO  2020-10-22 01:41:21,179 [shard 0] compaction - Compacting [/var/lib/scylla/data/system/truncated-38c19fd0fb863310a4b70d0cc66628aa/mc-1996-big-Data.db:level=0, /var/lib/scylla/data/system/truncated-38c19fd0fb863310a4b70d0cc66628aa/mc-1992-big-Data.db:level=0, ]
2020-10-22T01:41:21.182557213Z  INFO  2020-10-22 01:41:21,182 [shard 0] storage_service - Starting listening for CQL clients on 10.0.115.9:9042 (unencrypted)
2020-10-22T01:41:21.185186238Z  INFO  2020-10-22 01:41:21,184 [shard 0] storage_service - Thrift server listening on 10.0.115.9:9160 ...
2020-10-22T01:41:21.186149909Z  INFO  2020-10-22 01:41:21,185 [shard 0] init - serving
2020-10-22T01:41:21.186173468Z  INFO  2020-10-22 01:41:21,185 [shard 0] init - Scylla version 4.1.8-0.20201002.6c43a0dc29 initialization completed.
2020-10-22T01:41:21.602272696Z  INFO  2020-10-22 01:41:21,601 [shard 0] compaction - Compacted 2 sstables to [/var/lib/scylla/data/system/truncated-38c19fd0fb863310a4b70d0cc66628aa/mc-2000-big-Data.db:level=0, ]. 82143 bytes to 76746 (~93% of original) in 346ms = 0.21MB/s. ~256 total partitions merged to 2.
2020-10-22T01:42:08.529598543Z  INFO  2020-10-22 01:42:08,529 [shard 2] compaction - Compacting [/var/lib/scylla/data/system/clients-ca0f635d863036098d93a1fc06f2a5e5/mc-6-big-Data.db:level=0, /var/lib/scylla/data/system/clients-ca0f635d863036098d93a1fc06f2a5e5/mc-10-big-Data.db:level=0, ]
2020-10-22T01:42:09.026989096Z  INFO  2020-10-22 01:42:09,026 [shard 2] compaction - Compacted 2 sstables to [/var/lib/scylla/data/system/clients-ca0f635d863036098d93a1fc06f2a5e5/mc-14-big-Data.db:level=0, ]. 102999 bytes to 6125 (~5% of original) in 388ms = 0.02MB/s. ~256 total partitions merged to 1.
2020-10-22T01:42:27.043402583Z  INFO  2020-10-22 01:42:27,042 [shard 2] compaction - Compacting [/var/lib/scylla/data/system/clients-ca0f635d863036098d93a1fc06f2a5e5/mc-14-big-Data.db:level=0, /var/lib/scylla/data/system/clients-ca0f635d863036098d93a1fc06f2a5e5/mc-18-big-Data.db:level=0, ]
2020-10-22T01:42:27.487284051Z  INFO  2020-10-22 01:42:27,486 [shard 2] compaction - Compacted 2 sstables to [/var/lib/scylla/data/system/clients-ca0f635d863036098d93a1fc06f2a5e5/mc-22-big-Data.db:level=0, ]. 57673 bytes to 6044 (~10% of original) in 359ms = 0.02MB/s. ~256 total partitions merged to 1.
