2020-10-22T01:53:44.581205495Z 0 hLwZ69oS0qV0f6ZDjuNgTVb0xmRA27I8oL2fuDQ5h6qHEA0uBpzamZkgqVjdcH
2020-10-22T01:53:44.592135964Z 1 KrmWMm0LvKcWi7uvfwsqpLyFbAvJLWDN9sgCLB5qd4gbldVg9VU7mDsGXfG51g
2020-10-22T01:53:44.602922992Z 2 gC2DH82hUcQTvsUYxfFIbR11R1ZHoyi4yXrrj9ln2jpEgZBBrhWZ2fhCNFeBt4
2020-10-22T01:53:44.614175495Z 3 2yVyt2TXEd3ASfNfdwkqf11aL2wh9PZfjAaUKQynPqOyw4ysEz6vZpcqLdHLtA
2020-10-22T01:53:44.625648331Z 4 rp9SLUgc8Qvp80FpTzk776WLiMNY6D6JuOqYgvma2BjMwzFYXziK3uMIHcmzaP
2020-10-22T01:53:44.637339630Z 5 eArdWzgUCRVLv8obcFJ8gVejnUfRVN61Ov7xACyKGmYJTlPW41V6VhPCJ4dRqE
2020-10-22T01:53:44.648004061Z 6 IYiTRwLknyAxgJ7tFtRyEZEsUHJ1nZo0Eux2hRuclHVWsGcP3voVtAlbFAtuAp
2020-10-22T01:53:44.659605463Z 7 nm65otCzCqhHQivZ52JhR2OXzBRfQaTYck7CqBg3keG9cNLEIYNr01CMeZvXUz
2020-10-22T01:53:44.670180956Z 8 OWSiCwwR9zbWAXihzYRIBh6IAZ5LfRNgv7zh7tyjtEM2p9Koq2WDPd59W29tgg
2020-10-22T01:53:44.681715435Z 9 cM07SuHOdnoB30FOk1mO6hndNhfYVM1NQ3Y9t6KlUilTTEpeNQNrX1iTMQG23I
2020-10-22T01:53:44.693060821Z 10 gJmFW3TbXGaEuAw88VsgsEbqczpj4aUKKd92MkOkBFBZwZtejFebPcoPd2SVe
2020-10-22T01:53:44.704276093Z 11 eOI3YKGgxKD5qI5lDQWeZdJMOznMWSKMJ3dkY6xsykaeI2TVVasPG9vR4nw4d
2020-10-22T01:53:44.715542153Z 12 eH5nnLxbVnYJNWvg8h5wAuUOxNvvwGRwFRwcxgQINaWJklr4PU9OeKtrhpwY9
2020-10-22T01:53:44.726032404Z 13 8nz2upJ9FUaD4XHbKwLxm9YMpnadCGYy7OKJSuRQCuGxnC68FMWHM185ncNNX
2020-10-22T01:53:44.737251759Z 14 r8clKt8TgUavlvSEMxevzqqVbAPwjSKturAAmsNg2aVjP7TznLzbbwJEQiRVV
2020-10-22T01:53:44.748743383Z 15 Eakk0Ivy8HNLfZWlqAVpSIOcAIbeGG4lBsqluPvR8Vipg0V9i5JLFEAor1K36
2020-10-22T01:53:44.759115173Z 16 pjZamNdHbGosHIumwV7UrdngVdoonwovywY20AmZDWBBd2i8alYL5bx3CZVt7
2020-10-22T01:53:44.770559838Z 17 rtu7tDdKRTijt5TL0vSybShx3GSNRZInkIAnOhTKbJz9jaq4MTXMIcwJEmTOL
2020-10-22T01:53:44.781115288Z 18 vQVtyM3TlhPNPoObN1kNIwUQrRS3tIi5AWur1Z2krkJfpD4Zzz5seToczUmtH
2020-10-22T01:53:44.792763340Z 19 5Mrf7pMZZn3xAKaS37tTyUnPwy4ZDmTmNSPwFEbTnXmohkh7XccvP8t9YUXqD
2020-10-22T01:53:44.803986356Z 20 FvMOEveyj5ahPlrZe20DRJImge8y8TW1R3mhTAmxsPfBdvtLXx5hlTu4vKt8Y
2020-10-22T01:53:44.815346344Z 21 DAf7V1nBZyzsDI9QCxOK5Ou7Bh7dcYe3hbqeuAfsiqoKsbn6amJjx2ht7Y6T3
2020-10-22T01:53:44.826258000Z 22 p3yTnVrbPDkzAswaEQJFAN5pThbrJMhXq5pmizPppSJ60Qq9BTXfNIKBOswtb
2020-10-22T01:53:44.837302310Z 23 Sa8piZyCUUvteuhsDGePcSErFvvzRtWzKaJEB9bp6sNhltkBqV0qC2FDlmoQD
2020-10-22T01:53:44.848171261Z 24 KGiNPmGWkXAuKmUSwLF8L7IqyEfUDaWqbTezjrRibKHERKzEQgzVHujS1y0fL
2020-10-22T01:53:44.859867419Z 25 1cmgH4Zh36Clz6uVIrvCzpMwCcd80T5YWEyEEZMDo8tsX5vN8NerP5cHBquti
2020-10-22T01:53:44.871418177Z 26 L6Ome1H3fUgrYtVOjYIrJS5wdWQCTRX31PVwxavrvj1vQ7d9HlieV6HWwutRr
2020-10-22T01:53:44.882851459Z 27 QYmfa5AnJcl7KMKMza5u0edIEiLHxTuJsXFEhu9i9Bl4eHIK1Aff9fVg5JVgk
2020-10-22T01:53:44.894680766Z 28 HdiIycIWctxvC1n85i247VssCr8MWmrsCFO8YegFFS3fjiVVoqA1TyCoJg0rV
2020-10-22T01:53:44.905609558Z 29 dAxW4WmCAGCQpLbyVQdqXncdlEkAXer5v6H51GNmW9PitlnqLVbhNeOOnO3bG
2020-10-22T01:53:44.916342120Z 30 UDWz7mRLMQv7cKg4zpCn6D4YsOSjSkLrqBXMjcnzs2RAyomYjp2x3fH42QJiP
2020-10-22T01:53:44.927174208Z 31 5oIgFrAGUTgm6xzExFvBgECYKLSOiv0ZINXopPtUoqBOwj1RwLbMlFEbUeYQ1
2020-10-22T01:53:44.938754047Z 32 0LqYUlu347PweVvlrwBSEyy58q4xfVGrhYUC1jHQNdb6E8Hj03GibCHLEHbSg
2020-10-22T01:53:44.949077867Z 33 kn7gKsZrOfymfGIKKHHHcNgsrtV816WHFmCraBj2lvQ1fCs1ajjVIlU6UpK7P
2020-10-22T01:53:44.960511989Z 34 khY96fkZ7erJ4XnqElCmzj1tV90S9v64MeyCmljW2rw5Kc2ac5WVveHa7yyu0
2020-10-22T01:53:44.971809372Z 35 s16d5J9xVIIpHgpq4auXPO8eVFZyLN7aaZ9sEgDEVfFY0IMn7Kx8CMC2PR0bc
2020-10-22T01:53:44.981965909Z 36 yD9uXgwyrSnkUsXZE6ScH8KAfrVqWd6WfAS9LvtlpeeskeGdcCrtgnRm8Tvyx
2020-10-22T01:53:44.992882104Z 37 PSfIf5nAahZwwN3HJjlxYm6asEEVw8SYeO2HwtbBaljEh2mX7hMDITMgNbPLl
2020-10-22T01:53:45.003856663Z 38 5Fc3LoJMsp4mz6nddYLKEqdDCvVDuE76xVat1MjciE1cyU6u86z7yM3olFQ9I
2020-10-22T01:53:45.014860743Z 39 BEtHWNy7XHVRJM4ISIdxGLEeX3Jy3vNw5uX3zmnrAyILsoM5ajnytCcrXvNZH
2020-10-22T01:53:45.026071796Z 40 rMCpTnMcITlyDq6lqKpnVHB2OmwPNteOC1d1ZLy2hwrBS9VsEc3SObGljXjeY
2020-10-22T01:53:45.037451613Z 41 OrVw9vZ6WKznhy0YCtCdUHFTShUtxoMPPGkNL6Mcp84H7JTVsQ1GjgYH2taq6
2020-10-22T01:53:45.048568819Z 42 SzNiM6FYmm44s5RIbZ3MV16JfP8qxQdwQbhJe7jan8oAAukicu4BMEAZ7Azvn
2020-10-22T01:53:45.059591063Z 43 PZkF6y8uWfQYyZhbzOEhq8W7psuqroLwQkXPcajt9ZfB1L4SRlWcqKM6OrYOq
2020-10-22T01:53:45.071040490Z 44 zvQQDLZ7HLCyEPCSGQqA2gEyYPMusnYr4O1hFdcNdn7Q6hYM7GA5ukBbVTdp5
2020-10-22T01:53:45.082479351Z 45 OjfixwY7f1DBLGFgMDjld6gg5vPdrAeVlzrtMncuOj9wi9sEr3iF9N2C52Q7u
2020-10-22T01:53:45.093959589Z 46 97ceAsm5EoPMlhvcM89EiEqSpbvPhJEJBcaPOre7KtWrg9c5T6wZ4eSYFlaK3
2020-10-22T01:53:45.105661977Z 47 CS0sPD7XSNObDnDs4IlSPBULZuXHpETZpp0iRPZFOjten9dPBSLaRakSib8QJ
2020-10-22T01:53:45.117414701Z 48 R7tS9LpVz4mZ9v7xkJ574zI2UtxFgTIdHzf8GOeS1WzxmR1UwZvCbQWVMIRpE
2020-10-22T01:53:45.128663262Z 49 Gr8DNiExAlbZxRv2FHgb8WFg2Au9UJmVZndYWSt215C8G3ENqiAl4xrUBFwx9
2020-10-22T01:53:45.140840087Z 50 KgZYFl8IEzukrXhT88RMv67GwNkZzSHt2O6by94VLtzJsvTKHleJN83bFCahL
2020-10-22T01:53:45.152680704Z 51 8FzzXycwRqjO9MMn1CmN8CYWrIpb7aAVFNSy4sSQoS1tLxAP4E4KX9rZuO1hb
2020-10-22T01:53:45.164558407Z 52 DkI0g4JcyEUNDCkIGe7kWYuVxh5acIu6p5zd2AHfcBH28ofGWpMCW6HOxRI4M
2020-10-22T01:53:45.175270168Z 53 v4mNaRvbgXplTh2HbMe5N3Oi8pHqAbMWLnIMDRBo5sRXcVXlbtagCk3jB1DKJ
2020-10-22T01:53:45.186719401Z 54 IzVe8sJ2pXgbZOvLBQC7PfbKKpX8GWbz5Ym3DcKKASKIxRBxOITPquQ6144ZP
2020-10-22T01:53:45.197901758Z 55 YKhMrnMhbl0MiDAZwuiyTPVtBC6J1iX9S3FhviB4Yh3cK4Yn0lXh3g0ywh1YU
2020-10-22T01:53:45.209425984Z 56 TTSPYY3az3IHI49UlnxgKiAvwvKMBXXXtMkOnFHoneStSHH9Oe3LqMzT3ekZf
2020-10-22T01:53:45.220828314Z 57 upyStFDxqHb1OzKrKFGV7R8OJVbgw4onPvR5v88oEJURTrCfS8YNgeOlDWg9n
2020-10-22T01:53:45.232613645Z 58 uhFRbJ4erqg9N8uFR6kr9UDbv9n2OxsABrjS0zXFn5ODANhsCgSGoIdThjM8p
2020-10-22T01:53:45.243254433Z 59 bBckQi48WriVgxAxHbIDoTuusxOHJxxWBDemARFsccGCI1UZHnLEWAtEJQdkz
2020-10-22T01:53:45.254703399Z 60 dRY0D89etKhZsv8qiAbPdW0IS6JJHyxjZP7q77ERC83R7ftKKfjK0lWOLhNMI
2020-10-22T01:53:45.266205298Z 61 MqWXnY2hUiWUhz5sdxht45MIVOk56aYtsob3SW8ZWXoyy7YqvhpONHwIEgnWb
2020-10-22T01:53:45.277700524Z 62 NwpwYgZtaZpn1rhLQUu0udvmEjJXqEC7LxpHWmXjT6PNQJA7KaBmdI4knEF6B
2020-10-22T01:53:45.289510788Z 63 ZeGg3Jr51Vl1kB27o9iv0Alwqt98wzsQBXaU2EW3cYLvomKxZ16Uzrtov69CY
2020-10-22T01:53:45.300821204Z 64 9GdAsOPqtfD02Y1Bopyd8GpDT5lRmDfi1AhRKWLjolL67756lH41FSdM9sfVl
2020-10-22T01:53:45.312852795Z 65 oxNNHyhvpLVJ11pr4fE7GFKdJiJWmRxDNuvgCD50rrfoZ45G5EcdoQaPN7w55
2020-10-22T01:53:45.324652532Z 66 7XqJNly3N7940pYfenX5lZxFtFiBM6RaarArBT1oJOHBKv4pGNQ6qQYRSp8e6
2020-10-22T01:53:45.335920759Z 67 kw6xeFPhPG9Ai1sTcp1ROv79UTndkqNZjqsYYp4l8agl4iBSAG0cy9EAVwM6i
2020-10-22T01:53:45.347352384Z 68 GFJkLWInHhmfhLnBSqmpAaRLCGY0Yp3xPGqmVjTOyWjyaZ4urSanlxuQLuGbU
2020-10-22T01:53:45.359153570Z 69 f2Ws9kzKgiJSlSDaQqq6SGHc7TC8xESxbjbDvThGsEvT4LoTwBb2p0q6xK2BW
2020-10-22T01:53:45.370809084Z 70 7VmNqgwTHyAqtIvpOEFxaA8hwgTLu2MYjLdphbsQNWkbMr29Q7rscYDm3vxTz
2020-10-22T01:53:45.381624837Z 71 wwK2m4wpbTruQFUfult630J39R96ubmRSuQTgGYSbbJu1lNqGlX84LY3Uh6PQ
2020-10-22T01:53:45.392114714Z 72 lZuDwJmYkTN7aaRYZk7lPRfRGFObl5t9GKVssPO3CrkVBImRN8SeriU5SAgSj
2020-10-22T01:53:45.403712209Z 73 eX6GEVCGOtVtmlbsw2v6CbduSHaJguPjqXIocb6qWUCzWl71ikB3G23tmLbPD
2020-10-22T01:53:45.415011338Z 74 tGUFKoTNUSHRAjxKSwJO21J72s60QQpfAics5GjlCZEXbUEf00vgCeenfGDjg
2020-10-22T01:53:45.426562570Z 75 601MKbLjf9hxJGjcCcBkR5Txl00VdBybkt9993sEOUAJrL6pN3JayKi87jKCG
2020-10-22T01:53:45.438056799Z 76 KE6qByNK49VbOnQuKVOiql2bNodILuQSeIPscBFhjJ2tQ0eyW80vfpKuTzCM5
2020-10-22T01:53:45.449425574Z 77 SfIzu8sBN6H1twQyCgGKUM3oIRMXjVkMItvXpixgG3pT7reJQ4WROq23FTL0S
2020-10-22T01:53:45.460892141Z 78 Uyc9gA4xmNuE3I8Gyuf8NFahD2LPJ0SdtH4nRnNGk9epE6MmhiyWLaFUVgU92
2020-10-22T01:53:45.472371559Z 79 BWyZc925EayErEbQh6prHhr0HAlkwAdpBsu300D7dbug7tOmyzS9Nm9UvlYO2
2020-10-22T01:53:45.484108500Z 80 cbGEUkWUSIiindEWZhjgAaF7DOocjC5LceLK2UlNJHft8DnQtzdbB7VIMtNc2
2020-10-22T01:53:45.495781441Z 81 ltm4gvhZkSd7JeTOJun0jehJOG1Ap3zeefjxclEf0vHduIo5U0L3K3YZhi1B2
2020-10-22T01:53:45.506974285Z 82 OfD84Y4R1WAl3c0Lt4xwrmzQH0J5kt8p5SSjQfDV8NxkUah50jePsde93KcaU
2020-10-22T01:53:45.518701893Z 83 YRZhu8oHPYLoit24dfnODmH8WV4q9m5abXvEjAIvbKhw9mUJXZUAkv5CBiSy3
2020-10-22T01:53:45.529115168Z 84 tE5hcDm0FqRrJGyQ2wdCCQXwrWtgYsSfgKLZw1mTozRESmJpY8QjrQzngqHQq
2020-10-22T01:53:45.541195717Z 85 AWya2FgjKiLX62TMs34DBhzzkWR5FWxM0GkMnW61AkYJ4ngKbW8Hlmi7g9e4t
2020-10-22T01:53:45.552652513Z 86 2piZrFl3cMRYo8gDd5i9utxEU5UINuacQkV2gkqNj21b8MerhG7s0jT4KMoxc
2020-10-22T01:53:45.563759914Z 87 1Mb6IqjdZ5hYgfbDY9UEKcNTNdWKz3i2h1TdGsHZyW7sobcJ1SXpC1V4pIeDf
2020-10-22T01:53:45.574391234Z 88 DEyD9woxUDXUq22U1I6MkONDrUouubdi6YbrZ5IyIRz4IMbEScBzEFRq7MTrS
2020-10-22T01:53:45.585795103Z 89 MHhEShleqzhvBm797Qy5cdlqtIvmpz1PjSVfRsXmR0ueBbQmyVYbXwjIv8exN
2020-10-22T01:53:45.596919749Z 90 EcRoUioJJhtuiOF9KorzJBGpg6TSfjlhwUsbvgfOus2xCg5a3H67q2toDui9e
2020-10-22T01:53:45.608563997Z 91 opMGxpMl6vYX455x0vdQWcAkhifndnrnEAGbVEqE3mRzpMsGBQM6Wie0n4A4Y
2020-10-22T01:53:45.619640164Z 92 NlZwrVAtyUFjZ0m92OaYGeSFLN5uoNX6WkeVa8Ww2tAZ5mjeueOU68j3ia64K
2020-10-22T01:53:45.631755937Z 93 h2LxPaZ8Z1BGFyFeNNcyqHzAJyrbtCXllsWJWVQ2nB1lJad9jw3XC9FgdD9q7
2020-10-22T01:53:45.643391063Z 94 yr7aF9cdA7tyKqmk5vYJiUYAdG28kXb9TILFR4FglYaE5v3oxxhK1Rmx613hB
2020-10-22T01:53:45.654084621Z 95 NMHEsrjOWWY71T6N8z3Drb6bZmM4qWXq3xDjRzfSVTgEXItYpLLEYDHpbq7jT
2020-10-22T01:53:45.665877440Z 96 oZIcZtnPUXbPtePMOVb5tZL3wnlRGZedufI06OOjEriN7PAwpiNYoZoj1kKro
2020-10-22T01:53:45.677519851Z 97 HtrsaGeEu7kuNoWdavWvsJpNB2WUmdmx6xg5ZOaGpih3Uet3o0dEihLCnOkjN
2020-10-22T01:53:45.688699272Z 98 zJFojuzU2Ikd9N6Irncgd6d04BpqsSfaxBgcBqVaHAdDnfHvWtftz7HQmuEGA
2020-10-22T01:53:45.700325645Z 99 Odzg7liN7vL9f9Ji2rfMutv6cinQqqIvQxcCaRCKojqOonM1SEQGoBogNJxH4
2020-10-22T01:53:45.711318414Z 100 wXqPVdfZJ45B0kLBXjG8bzXj8OntDMwRIAuzeSr1N5j5vA2s0gcUmug0MckJ
2020-10-22T01:53:45.722222654Z 101 RN8LRVBqDhuZBtW0qOQzC8Tv686GKg6x27ZTsLWwzFprtf2NAxOHMyHo8qZb
2020-10-22T01:53:45.733520926Z 102 EWaZWgybJ4zfcxxY9aVGQ6s8ontVc4fvPHKTeoJYNoZ0GkHEuXK29fr6uLsk
2020-10-22T01:53:45.744760504Z 103 6m3ZK9jReQC9AscPYL5OvcFRVYSOhv4xu9SgKIoKaSEAZndMPZlhVu6Ps1Ia
2020-10-22T01:53:45.755699740Z 104 fnotZmf5RW61wGM7RwgXRFYNdhcXQWzvlkpVbZSSSnzEIgm3UcR4doTi9TYO
2020-10-22T01:53:45.767753370Z 105 ntxT3wKaSPstcPfYkAagp4QscGQ1aTMDjL5THD06I1UgE4aTTEmRx1jEKttV
2020-10-22T01:53:45.778076912Z 106 2Fy240Hi8xLwAOQjEyHewkNPjWVcZYj2k4uYBeoOrmZUHMiAj4I4ZdUG20W8
2020-10-22T01:53:45.789268196Z 107 7098AOVsZhfW2GbcGcHf3huxy1E2N3jfz40rs8Ihh9Ik3phweWXgNFzPbS4l
2020-10-22T01:53:45.800488014Z 108 dm1QU7QkQjrf8g8zaUANDqW3mxwrlp7RPwynLLf5JGhiDOV1BDJM5pHyYUF3
2020-10-22T01:53:45.811145066Z 109 9PJKkacegfLW1bIZajszRGwfydVTIeBJfSCmphEV9x1ZVyCckblTVTrcy35i
2020-10-22T01:53:45.822510567Z 110 s2x3Lu55XgS9nQ9hdj7o6B8BNdLR2cl7Hal22k3g96XOCnZgLgYHoPRpBRsH
2020-10-22T01:53:45.833107531Z 111 UxJMvQTm6TeB1iMTQ6VUq66rjamTnaIuDo6CwS0Y87NRM3fTqOPJZClNbb3T
2020-10-22T01:53:45.844784331Z 112 NHP3Ic5BTsQjAtuHUVWDDaeSGx5uRKhS7x1cmkYmh4y6INbH9uVM58Rg4egw
2020-10-22T01:53:45.855030128Z 113 SadDgMyqFyRlkxtaTR5ot3pOMtZFnmDgzDxweZuSmxxbGk283lX50d7hmGaC
2020-10-22T01:53:45.866591708Z 114 x9Qy8tXaK3Yptx1pLDHsPjxd5R4ofyzDwoLtgiAijt2WeXWtvSTi3cmKXo2L
2020-10-22T01:53:45.877133006Z 115 m5btQ4hiiamIv279gjfZQ1jTvVM0DYQS7xuhTQJp7bqdmDiJGfeg1BmdA5Jx
2020-10-22T01:53:45.888831331Z 116 Lool8A0QzFpfGHULYEnsasqxI4bcE5GjcgEe5srXXdJ70FAFZm02SxrfF3C1
2020-10-22T01:53:45.900856770Z 117 mENX994t9nbSPAtiXQPGNvDieFrBGVSVj5vc7NjZ4bGfY3YJ9s016vpXv5V6
2020-10-22T01:53:45.912613874Z 118 vql6X7VOeaHyGAdSeGttUsfDt3s6g8XgeI7W8dUkSiOVxZErMjTeB8ZcC2uB
2020-10-22T01:53:45.923773041Z 119 j0GDwMd9xbfbsLIPA027iU9Seh1ZwcPIfjdohTyz1XHiqvCOvbwHb8uYFvsv
2020-10-22T01:53:45.935065566Z 120 g2iRuU5rqwK1fMEhq6SAErApLSKzcjii2V4bY8qwpqq6pSHUSnXKtUGBWR3X
2020-10-22T01:53:45.946446862Z 121 p27JUMqsmB6lMtWW0df9qdzR7RVrkxKpasOHRKkNWpDeUw3BHKYhFVa8zNL9
2020-10-22T01:53:45.958105597Z 122 I8t0zx9dKCrPvP2aIXjOBf3W6nCq582srnrFze54FRqkmAtQqiBwk0vRkv3Q
2020-10-22T01:53:45.969734202Z 123 5pBEzyQptL57YPztdpbBvJfKtCUEDhVR5EllTGzX2GryOceqDG9LRWMHPivP
2020-10-22T01:53:45.981073930Z 124 RDDrbOkwoV7QgJ9qseActtZR2NExNTsPkEuWvdJ9wHTPyAwPrT1xdFnZCozD
2020-10-22T01:53:45.992174923Z 125 zOmDPYf0UMdvmcvai8ciZDPOw6Stwn4VnRB7fNCvUMkKqxZ88eGdSaigtA0N
2020-10-22T01:53:46.003775943Z 126 eT5h7dS8kmJrJ5HkCENTKnoRgrE8eSIidLE2VwHqZp7f0x8Bm2SlyhXA64tH
2020-10-22T01:53:46.014187774Z 127 TpbbwJvXfHIzesduRINAeG7wcRvx7tRZTEJtam3zQQ7XkKtheNE3pfOnObHg
2020-10-22T01:53:46.025724847Z 128 0iflVjbFWqxW2WCS9qS2EjrHZ6VRjgxpRG2PzXNltk8IHaKvUOfjc6LNnJAq
2020-10-22T01:53:46.036338143Z 129 36hSQE83r9k8oWmPh8zc6EQYBU2i7LA8dQN8IMAJoSdi99w18vdcxuogtZMC
2020-10-22T01:53:46.047233732Z 130 bahTAGFrVidPLtX4eQz1eMbzhnHolInSKiKObzqWkVIuIRRiIOw5Yqd5x8SZ
2020-10-22T01:53:46.057920514Z 131 qs54xWU8PwJ6H13oGgl9IhnwA8JcqVV5gTcwjWWAV79ZW47WL212QiSGJQoF
2020-10-22T01:53:46.069368189Z 132 Gmsxaaj7TrtDhHxRnUxD5j1ahJ80sLtwliWaYvbSKlqpckLmHTYv8NfeTPcu
2020-10-22T01:53:46.080525529Z 133 9DiGFJWLhX6YLqg0rniTf8nLvLblDFcpgjv7mex27FDD2lDqTW0ieqmtWZAJ
2020-10-22T01:53:46.091020742Z 134 mNJLwoDJMQqAKmwGg4SVc1zgRpdP09KJcwF4vqxB9H3d0jc6LAg1UwYmGREd
2020-10-22T01:53:46.102966716Z 135 6KsPXAOhdqnwxCNK7QlCXMmOvVYJL8DcnAVY2prTXnCXiHmtK9Ej3crMwK07
2020-10-22T01:53:46.114816245Z 136 QZV0wLNj1kPSJ2ZXmqca55xy9kl5Kjx9Kv8frPaeB0huxn7CGY3UkpXU1mYe
2020-10-22T01:53:46.125685655Z 137 23bJyEE81ZyMHW3CDtxKFtQnSpsULYvTVYzdWdzsBMOdq4feEtMgHwum0SZF
2020-10-22T01:53:46.136619060Z 138 x0dEKRKZLiJX8tuZZWY6NbL09GJLHOVHT5BBb6S9ddtfsXJPrdn7yPSBr3lb
2020-10-22T01:53:46.147467413Z 139 d3vXHHqmoUHEVCFvuuMTXD3c8bZ0OQIfNezZuj4rebjvc5qq38X1Yga8FgBV
2020-10-22T01:53:46.158770128Z 140 0rdgwg7ZqZlEAuitJN0h8l1AVsMZcZq5vrgc8AcoPjuGygekI5Rd4W8Qiw3B
2020-10-22T01:53:46.169942492Z 141 7YF6awlBsu5NpQfMkFPiwPj7VsQojgy0JwsQa2bUjivRFdxNNrW4Evpju17W
2020-10-22T01:53:46.181601118Z 142 c2sd5VvEiVCRJ675nRDnlS8rHgIuHMPUsbJRNS4P6FN9w14IKXnToDy8LbPE
2020-10-22T01:53:46.192443872Z 143 Inh443t55IbfXhLAsZ3IKasEyIOx4RRk2bXFoUq38q3zplnkygLbMFtbibBG
2020-10-22T01:53:46.203287605Z 144 cXOf128p1A6nEUr3iDozWNykdDE1Ng7u7GYGPRcLANwJzpclusvtVrPfm4p0
2020-10-22T01:53:46.214335507Z 145 MU4uTQV6DPFpokluGyax1fK14EZFmXQ1ndUmcjdkwI1p4hIPOgQgKejsXCMl
2020-10-22T01:53:46.225415993Z 146 xw3bDC1yc0HCxntNhZYTjPCglGF9r7fyC6zzK7RXeRBjA1Q59PIqiK0XWvXu
2020-10-22T01:53:46.236692065Z 147 DymFrye5ueig8eDubxKFVle2QTcrlS14E8OHfgFj9nbdQYVWzLUWTsMclSs2
2020-10-22T01:53:46.248209864Z 148 4WLDgLlDzAZySJjyKSatFXcM8kc9Gc9cd5EaRbhIAc8cGoST2cdsU1ToyQVG
2020-10-22T01:53:46.259537300Z 149 VQo3kMEdJiwsQUyupPLcVXICED9SQQ8yisWAY4VAcS0pZtY9HBzfFfrKujaW
2020-10-22T01:53:46.269997078Z 150 6FMwNgEutyyDRYzHA4qFJzVEjxsQinLTSQSGvR1gPOMP2I591mS5X3AvBL7a
2020-10-22T01:53:46.281579557Z 151 qoIR6ZObsWrwIzICYSWHSZAoj15WMh1TB4xSWnodsmM8v2uEJD37M2LJ1Iez
2020-10-22T01:53:46.292912387Z 152 4aTKG2IeBGFYkxWSJgs5lFGv5ffpZkuAxgLvaHMODAKdEqbMiaTks0wgH4uF
2020-10-22T01:53:46.304773332Z 153 IkaCZizyi4qTDI4ZTWlivainrx2HwfjoBsuDg8rYCSYoNvfOSFqrZ0WB3oBe
2020-10-22T01:53:46.316583036Z 154 6qCJOQxjHiWzAA24yzPnIqCuXSjO6l6NQ4lXIcFl4yXceUDSw62IbxJJq2Mu
2020-10-22T01:53:46.327009830Z 155 Qvm6VGHYKv7gXM8CAlSdqTH3DqKGUP4UmlRPXuUdY9plohmN2oHS6PHRRY2d
2020-10-22T01:53:46.338617356Z 156 BM0QEoVS7GIzqnt068k5ppnnhbk9eI5GQNhklY1TTdb3Ux4HEWcWwzUx1WBp
2020-10-22T01:53:46.349953851Z 157 2dRN73S89AJx7qLUJXJJPLUulrPyQ4WWCqaDqw2NMktkTUsmzq0crH45OEN2
2020-10-22T01:53:46.361789741Z 158 gLxIyo97yVXbzxgVELHW8nZJcRNpviCgqvlZIk3g3P4tNfegk3YGXObhPIQz
2020-10-22T01:53:46.372950251Z 159 EO7VfEfzozoWipqyhPyVRADvgpt0eGhZE36sUDFV4d92Xv3hlmWKM8hQJGNy
2020-10-22T01:53:46.384463030Z 160 lpKq22qDEXvS4GpIywVCCOvHAMXHXaceF5fkm6SuwyAc1CU9r9cWnDicWZBJ
2020-10-22T01:53:46.394929694Z 161 8HGVHat3RzywUD1YgtobnNorCSDvfTSr3t0dB3upXF27oFKWL2dmlxaQkqdZ
2020-10-22T01:53:46.406702186Z 162 by8DNOGsiRhwPcYGjofMSwp1oMZdPnQAbxmuQYCnpCmJc5vNFYzx7pHkIBGc
2020-10-22T01:53:46.417526338Z 163 qnK27t58B8V6XHiTT0yOeZ6AvpAqxd4c1YOU6QKAxQGnwv7WHTNv7j7eRMEo
2020-10-22T01:53:46.428142015Z 164 Y81rUQeEpF7wKfnzZeEMJLILARzPMtxjOnBWV5Inz39qOuvO0O4tvicEyvpn
2020-10-22T01:53:46.439415183Z 165 QklFGo60UWsOAFD7gN8a8yiLBOBWxi0Fr2e6apyRzcpwlyVSGxYCeIG15QFp
2020-10-22T01:53:46.450601192Z 166 CeJkgEM8r5kfdn09pW8Psdwnr2gclqDY4JytkliW0j3URWKbnMgMrqBCxn06
2020-10-22T01:53:46.461834310Z 167 h5hjhI1yIMqoa4DP6ogobQk9M6Dg73Vh6I8L5OTDz3L8Bh1UWibyAT3CwaQp
2020-10-22T01:53:46.474886857Z 168 vClYC0jcIwbvG7kvz6SzRxW3jtGH6bliTzKs0pXQ9CM8CPjL5s9VoXKvX7qW
2020-10-22T01:53:46.485913578Z 169 U2DIsxVLzjzFjQBQvSe6T2sGkA4jkEBmJXiNsJJtN9EiceicvIX6NqUYTuNN
2020-10-22T01:53:46.498490882Z 170 gg9TtJRIxM6ks0Ai6ruXgAo2ETZB4ari61zwx8JyHlFj9viDnTkAk9oKhKGl
2020-10-22T01:53:46.507981093Z 171 rox5lG75dOIn4O1vqHoOeEANmlec4yOo1CyZhXco2XGB2OfcEBcgIDlLZoAf
2020-10-22T01:53:46.519506212Z 172 0A2tr68g1fCsquzzuo551KU61E0LT0QHh1nn8bbuzbW7G46fteaGoPyPHKA2
2020-10-22T01:53:46.530797028Z 173 rSOfbUXcPse3YHPnVLVoFQ80xGpL5ixjn6y4cDveIokTtUJxrt9Yzkn4Nscs
2020-10-22T01:53:46.542495263Z 174 pPmkNgDR2df45cHdHN3WsHxDjju6y52BZryBYr8VwFNyQpChHB6iPiCy5Q66
2020-10-22T01:53:46.553350468Z 175 4WXbKY6uIp8TEzIV7zY7HsSFyB8KevbUEvjXTMwjGKNwlZG3zh2g5upn10MM
2020-10-22T01:53:46.564001229Z 176 sgnlCPdpYjSuf0flq8Z6quwX3Ga2eaPNguaNRbB6P4B7feHDa0QV60EXiybq
2020-10-22T01:53:46.575456048Z 177 oS6ZwqLG2TSXMAXHyxbtj7cMa5pZ6EyChO6piPnNHFTpDM0uX8fnIDzJBhci
2020-10-22T01:53:46.586659491Z 178 Flpy2ova2B8Ny4QoIbJxPEKZ6Hkn3oodarxIiZFRoBrt66R39kASCIUdqPyT
2020-10-22T01:53:46.597968983Z 179 4eACRvV0KrORLxv3xCjQGv9hMtL00FRmhhMAsDatZvG7yFIODp9SrkqtBW5W
2020-10-22T01:53:46.609793252Z 180 TD8bbUhVWte6XoUD4ICGxxLgEnEEtPIte8wGAjCalkGdVmSaPSBKeLWr1tgY
2020-10-22T01:53:46.620558317Z 181 uF9fiu7Suq4YFS24uV5M74LtD4hriq4nB6a8xgfOrSRk0Y5N1OIu2ohNJUV1
2020-10-22T01:53:46.632294084Z 182 zzAVA2KTwuUNUYTWE8bdr3Uno2PVzWH2nnxpMIJIXnFWCayWq2cwV7gzx6Gr
2020-10-22T01:53:46.642986866Z 183 TDDTz9cZZwDakgeDb3iTzAUyv4D3tt3XRZWkadRgUCaKNtNMLSpJXlF2CDrL
2020-10-22T01:53:46.654433005Z 184 cjFvePdBI81g52rEguANu8uPngmP6U1PomwlXCVc264F3xjVeNsSmhXrnYxb
2020-10-22T01:53:46.665890656Z 185 j2So0FNfzdNcRa20QsCzyb9BZJZ3NDAxJCdqFqRAhltBm5BhcqF11gRERR9N
2020-10-22T01:53:46.677827701Z 186 raHaIhhyUpst9yFM4IXEmkqy7cxyPhiyQZLSh8CoN0EOHIDSxY5LvG3ClSHd
2020-10-22T01:53:46.689209329Z 187 4LErY6MeOFSLzy1M9jXUolKPVcQ2az093Vvb9gcbh0sIxOfXu650Nep5gREK
2020-10-22T01:53:46.700384680Z 188 mV4NXois4loUCo6TqxNMUNR1aPsX2UsC1XcymUh4enuvv0pT2ufPblghSHs5
2020-10-22T01:53:46.710942443Z 189 5yJYYueIp6CJM3Q9b1UlWLgeKC6bqBi935i7SMSTrBnzNe5gzxItKVRsRhtJ
2020-10-22T01:53:46.721951024Z 190 GtTn4jZqonVoTKw5GFdZbSSj6MT097t6LDZbGTCPdeJAJ73yI7SokHn6wguU
2020-10-22T01:53:46.733558778Z 191 Noyf0K4hZwrlobiKiGtO7OTwe5JMyueR95ceA73OxOL0eosRsHSxrDWnqfRu
2020-10-22T01:53:46.744574453Z 192 lTcJxSQNiVVHQhuL17dZyiZNkvdgzh6DGIJL7Tbk0SNMvsJvgznr5aGaKK78
2020-10-22T01:53:46.756587424Z 193 ZVZomBq1cjAKdYhnp5JCYL1wV4jacRo6Cd7Mg0gxBoWTiTXbIeBcUWA0EvUQ
2020-10-22T01:53:46.768179444Z 194 FjhQP7jfAoWS946gwenhwjz71qwrV3mwHUZlIkHES7aIifZKcGvcqCh7zdfM
2020-10-22T01:53:46.779569284Z 195 K2NMCUo5Uk07BROS0NP3BP0x1nHTiyRBkdLkeaneoVqfDXDTBHwNaKVQdcQY
2020-10-22T01:53:46.791036842Z 196 YqeI1uDSdZxKcmhTCsgg3R7fzo6j2D1rooD8x14pgQcfh3TzfYpS1O3xtp3A
2020-10-22T01:53:46.802713704Z 197 ipRMnPQ0Kf2msDkVPPpTbEVXnLXNBNw75E9P5yf371xtx1hOqs1TbSeA0q9u
2020-10-22T01:53:46.814462215Z 198 JcMOiGoJoEJq2ZwKcsx3ST52loJ4WVnfWOpskUg2rMOsYcQSkif91lT2kLyK
2020-10-22T01:53:46.825225256Z 199 86f6IwqM2Cn0PaejByv3p1vl2E3u7OG9tT2RqAIOZ1vkX1pLH9DJcgvYp6Ma
2020-10-22T01:53:46.836444624Z 200 UfFstuvkGSVhvN6SDCUPqXfNgskkojzHzaDltmLXghBmVwEdColoXxTVa3Bg
2020-10-22T01:53:46.847952546Z 201 CpqsvYEFHcYRanIXOHbNYPqaoraaCorn8MoR8vHGepERkJRGmXBdhCmt0w16
2020-10-22T01:53:46.859728928Z 202 P0fpPwWdfP3rGXYmiCfaax9IZNG10Nw7nnnCrb0GIRlt1CZQWmejCrCVFC7y
2020-10-22T01:53:46.871709159Z 203 asca6zPGQk9HcLwAvtNcD9h6J4qhz4Sk7HsFZ7APaOmKYNUpCZfmggt38rRc
2020-10-22T01:53:46.883850632Z 204 CKUhExmieUe6YalFV79ITuJIHv8eWyiYt0XYKNxLO738L9yRgVFSGzTE76yg
2020-10-22T01:53:46.894121922Z 205 Vyp2qiqSVxG2CMrwUHU8hZmX4WGTrzOa1GWvXizhdVEXR1L2KbEG5eLuY7Nc
2020-10-22T01:53:46.905854395Z 206 MP2iH8XEeb8gJW1mQ6y40NlRs2C92ZoaSemeIKpaunqtoKDvBwrrUg55rCQG
2020-10-22T01:53:46.917381216Z 207 YEjBqmpFicE7MqcbmSbF2f8n4G7aowxy6dVcDMMwYfsyMCJdrVqNn0p80PoC
2020-10-22T01:53:46.928991558Z 208 kDQgLDnQPN2qU9O2jyM9fPITPvTes0oBK1zHbd3VOdjwdYLHhxy3OXjNSvlF
2020-10-22T01:53:46.940854014Z 209 dNiQ8CDK5uTsbk6N0cpK7dP151DAFbjqWe6wvZeNxFZcVPJxTXawns4faXz7
2020-10-22T01:53:46.952365037Z 210 KZuJzaYYApEObBgLOVaV4edv48sgDe8tcaZ7tyG3nlcGYiURZhbLBrpv7OyB
2020-10-22T01:53:46.962876843Z 211 eowWHlGh41YvqiYGeTPTFl02BHUtwbnbLrb784N2vrIZlUjIxrSUUasiQSB5
2020-10-22T01:53:46.974131632Z 212 x7rYtSncAeyIi8gEhGzLMv7kJl2WwAwOPI2zTua54FEYLi4QwNKqmGnjFZlR
2020-10-22T01:53:46.985805206Z 213 4G8vm90aJdLUs3W5bnWGVGDbBIWQqVKXmlZ4wpQ0hjN7vEYgAjGtSDP5tNtr
2020-10-22T01:53:46.996542705Z 214 LGU8Pas7gNadyP7AL2KYzgMZVDkPL5l2eugnbya2twBi5QU7HAJa3M5b0l5l
2020-10-22T01:53:47.008373247Z 215 eyCcn5f6w5SCBiJy6yddh4dVMZ1gVZBPXhRSy6xsM11NDsSbcqLJhGYTSbSD
2020-10-22T01:53:47.019345448Z 216 IMGoeJolVLP58qe98UOGL49qSApq2ZDNPybGtl8lO1tc7pqfv9M6athZ5TtJ
2020-10-22T01:53:47.030204761Z 217 NmstMMoiXmURy4XAmyYMN17pL3QaEEb7FbCPrGessWOJaQqdrb0t7ZOIEpD7
2020-10-22T01:53:47.041928918Z 218 Tf9dDcPIjOt38HMm5H5cz8qZui1LJsM6E5VwgVzTNi36cB43M0LapPW9GjqS
2020-10-22T01:53:47.053471535Z 219 NwZzo8Q7ltP07g84sAfccz8xrldYEvHoXSlRv614YLzggErJZCzBnnqIezeC
2020-10-22T01:53:47.064436145Z 220 PE7MvW5WLGMDtzyJi7tc0HgMyC69aOw0FOA5JrzAWe9CTy4DYpTFOcxUAhhm
2020-10-22T01:53:47.075585174Z 221 EGa8wTf3E5BKRCZ31scLsOIsjYyD0Ab1eOTRcVp6KdPz1ewjQrZ941kRZ7e0
2020-10-22T01:53:47.086385495Z 222 9mQ4ermyyhiuv8favjykE3cwBxYGEDn9tYtnEab5FBVDjlV6gzHI9J3HKfuq
2020-10-22T01:53:47.098299624Z 223 wGJCZVvfGp9dDt4DyPv1voDLHq4mpYysYGzbwkDsKlfABkAvcDbXY9IMhDcV
2020-10-22T01:53:47.109981340Z 224 ZA0kgp0o5q8xL4xEIHwRd1BNi7WKImSLhF7SHKT97ukQ8IyKEO7KH4bzjMOq
2020-10-22T01:53:47.121668205Z 225 BaOaE3Ek73rTQi2wUEfYqVHHMpXX47SU8ulYQvHOtZsMPEqVCjrcEL2U9iAK
2020-10-22T01:53:47.132502672Z 226 D1uq8U7ZJWYdO9aDTta1ZbIc2PXxTjZcADVQKgE6maP4gGrxV6dmywM81igK
2020-10-22T01:53:47.143555712Z 227 LGq6LQSqmr8b2OuejGVHNtXuPiGFB4QcoShLTANhougyXNO4Bopgyyo73Qvm
2020-10-22T01:53:47.154184620Z 228 I26FKHLah2a9301d1RXSW0uaoq0utaSuocdF5kbShs8Ad3wQxS1q2qJQyNNU
2020-10-22T01:53:47.166567051Z 229 9rREjukEYZ8QPtEKsnsX0qkhXVaF04EalcB8nwAYoJJFiw0sAQJRLeWC8Ww3
2020-10-22T01:53:47.177143788Z 230 rr00mbewVGScTahT8DDW6A6CG48IuMb8EIVGoQrx0me1mZHDRzHCoRPCDKFg
2020-10-22T01:53:47.188439928Z 231 FUeYebc1O1H1tyUGxieAekbk1FzfjJL29gkpmLnmpSINfM0o9TuqRnDkyK41
2020-10-22T01:53:47.199856307Z 232 PioO0CsKGCiVJ5ZGqrYCF3CtfgOoRrGd3yYz3g5h9piIH6uFxrXtKrYrNIMf
2020-10-22T01:53:47.212168261Z 233 TTypNkqGHBcC20qPJhSJFOYgOo8UEJbwp4hteNKSWlilcNM1Pex5zsnn64kl
2020-10-22T01:53:47.222852613Z 234 U5NIqjfh8t4Qnl1vDmiC9YHQjINqkW54IMbpSJZoveT7cB57daBPaFPbE0kY
2020-10-22T01:53:47.234650100Z 235 w2F6dJHLf16x17TAdwW9n24bK81MiQUhZ5ylenMy68fcuq51VKtJqTQfZlje
2020-10-22T01:53:47.244975581Z 236 GO1JxJSC1SkITq76WpbUv2tZO8c0G87ytTVGWminABet3SNcnNj9lQetOz4p
2020-10-22T01:53:47.256299070Z 237 7vEjsQodkusCGWOtNRBbk3QZTZlcnpWJtzQ9YijiWqnVyo57xD556tmUssw7
2020-10-22T01:53:47.267957561Z 238 LjOfVIYosVG9HiDjuc05yqKiW1tv4HbBjA8Giss4Cn8YXcHfEKC8IEZM0lVy
2020-10-22T01:53:47.279516170Z 239 DkJH7UuW1w9JM8tsgMsNM0yy9rilozyK3BWbUTBajXhCzYCyfzsbeGt0HijJ
2020-10-22T01:53:47.290378677Z 240 z6bhO5ILTdJUkOgIQ0UmNyMI95YMXfIYs1VjBCDvZXbWA8IlhFX0RBBZBt3z
2020-10-22T01:53:47.301950547Z 241 GQjQdsr0YaIzjeTNHK3W7DeuZeSYsbZ5EiRZsPXWNycVZnvBQ1FYPb9qRBMl
2020-10-22T01:53:47.313606351Z 242 1hwr1mxMM2RMdT0qTDFtZih8hHuduysDVW49O1y8WVDSLrUse2iNgyvisYNy
2020-10-22T01:53:47.324403549Z 243 t2VtWyc2fKxelz70MxoYLEXBEBUkZBIAdvF7Bq9P2iY47tv9VrxmcMovNj9U
2020-10-22T01:53:47.335756690Z 244 ArnLzpjKlYMAW6cqW76QnrJwZGjYt6FI0kpjiaKJzfC8k1gfAan5IKtAiMv0
2020-10-22T01:53:47.346720143Z 245 6oVBS9nWq2XMdh7lnx8trTgQ3Rz3Pm9EMvQknlOH394tLdq76b2z0d4jWxMU
2020-10-22T01:53:47.357957664Z 246 VYXQEN81JfgQtDYHynV5Ig8nrz8evywgkZTwnbV82pu663OWYRlBx8uayI9P
2020-10-22T01:53:47.369320745Z 247 9AoZISSJb9dNdvGLP5i8Z9ZR0ztvXyDl5HWuhtDT6UGyF8iE8Cchj4E67z1v
2020-10-22T01:53:47.380484407Z 248 dQ5WKKMZQyzNcYcOoCej6RPS5oYQC0eJhflcQflYMTgkozOn9LFzuBoeN0Ar
2020-10-22T01:53:47.391007397Z 249 SawAjAvF35kEUiktAaQamKp3LEopSn8ZhCOwJnoEJw5O1RcKhp07GxrNoPmi
2020-10-22T01:53:47.403123249Z 250 6OHmTo0vTWQ9gWjl2ePVQT6srPGQeMAcxsQCTvvSMP87pSpEku7Vu85pqTpr
2020-10-22T01:53:47.415032666Z 251 a71uHBldQCyduzbmvQSmdD7OmncHgTQPZuYQIN7wuwUxghUF16CuQ2QAnGS2
2020-10-22T01:53:47.427053224Z 252 dxEkoTGnxP8hg9nZCHFwCJ4jfqZNKRpzY6NZboTMRAKMNPLT2zDFUJAuApIk
2020-10-22T01:53:47.438727818Z 253 HP2vKTMv9UxLPqLfKKlSRuj2LvdaFtC9rmEgCakHmwTSf53lC9Nfoz6L447I
2020-10-22T01:53:47.449599543Z 254 vsCcxOM19ByYjHy5jxuo7pht0sgw2SixzlegafkEiwaHcULiGLQDGhKU5hYt
2020-10-22T01:53:47.460395314Z 255 YUHekeZAwMOzb9josiRsgmmxjuZS1YmZUh13RfipWQ7Pf8sZHfOrYvEkYIRx
2020-10-22T01:53:47.471315089Z 256 Uh9KhtQUkyggQaAdMXrYWHlFLHSlbCbIPLM4KbRlV5N0RCahfHOKFHBa0VFf
2020-10-22T01:53:47.482971368Z 257 UWuXRA06rDpk0mZ0KZVXeh4rLcgW1YCDaOsxaRswjuLfLYfHtFAgMGzSXWLc
2020-10-22T01:53:47.493893923Z 258 zLy4pJTtfYzHdBljn7ouM5qtDJPQ6IhZT2nY8qFef27DRUfBJgtNmksDJykj
2020-10-22T01:53:47.505482280Z 259 g9R9Jh5nLmbkSupX07fGgwi7h42DykfXB5AbpFHJ6PIp3YXUMd8BcwliqFlx
2020-10-22T01:53:47.516099747Z 260 LoOk52EyVIBXY26kdAPcd5qdLJlGHlwBqrBrr4Yl432m4RIMj1BCUiWOIuyH
2020-10-22T01:53:47.527959122Z 261 QsDfPZaHCEVc5Z3mLW4yNz0INAsboqaXDM9Ga3F5qzBwIG0dq1jFuP7kBPOd
2020-10-22T01:53:47.539666476Z 262 26DtAq1NQzVnNJPnRSvTrzElA19UeXIMTDG3FNnbokV6CPO4OymIHdJiQvJf
2020-10-22T01:53:47.550617106Z 263 zniFmywf56L2O2ehmKvorfMngVNJBeYSW1hS8U0qqfgFYtiVdPzDG2O5WvDE
2020-10-22T01:53:47.561541193Z 264 GxT7KfJR5ppElzAHFERFOauaR1nXFrdbFUimhTDg6Ua521h5YETghSBHsYSh
2020-10-22T01:53:47.571962685Z 265 V0Y9mokCSjY8ZC7hQDLINVtaKUh3RShgXUCAvVk0FhprWw9NklYmNsaC6ZjL
2020-10-22T01:53:47.583697825Z 266 AvJDV7bwk2Nszym96Df058TVX0WugxRrkF9F4jMPKu6ifrJyIESadHvkjyo0
2020-10-22T01:53:47.594399045Z 267 mG4TuGrZRY3BFgWVIAKHi7BY7Hhu3gmdAJzDYetaX04J9Vg15A02qvMsE1wS
2020-10-22T01:53:47.605234209Z 268 JEKcMVTNwL4YpEdRDCP7DKoK6EZpGlgrPgn21wgrVMjsKbVA93xBZXsNMABt
2020-10-22T01:53:47.616448996Z 269 uRAJbbGL8jYohoZyuEblRyV6v2Uckqome4LXdQrKnTyypm2cZomzQWrM2zgs
2020-10-22T01:53:47.626919582Z 270 ivvdmCa7NUZzUyKf8XlJk7AQDf65qMOUvfOalS0zjtGMowCSsMsQogXxHYR3
2020-10-22T01:53:47.638268478Z 271 SbbVYcDmx9EwAWDD5az8cIK9ikhqpGoyaWjcHdohL6Ga4fCGyLcYBKsu2Qxv
2020-10-22T01:53:47.649770353Z 272 YZTK3l4YYUtzsiDdBv1irP2UKL8bJlXrJDdiVFJwNKetrwzDrXUOfcejkKl5
2020-10-22T01:53:47.660439768Z 273 rBCLEs1lDxxcLKkC9p7cpLhCbREGKsiAzWRYUKHEdvzpDikJk15uf3AUZT6E
2020-10-22T01:53:47.671160594Z 274 DubQRh7sDI8xjrlDrpMFDdfGLr7VmvoMfrbcCuVL1nKCx4vv1VVPPfR67rfV
2020-10-22T01:53:47.683049836Z 275 YAqKD5NRJIhsQRtVekOLLKfujp1qNCtCzChigiL3FFvTvmOX8IffrGNNPml8
2020-10-22T01:53:47.694797427Z 276 qTDRdzhvLOGlvXqc1CxdrJYD5abzdCsXspHqpmBAYSh8uLTbWE1MKV93IAiH
2020-10-22T01:53:47.706012937Z 277 Q6PdkrXDAMkqNWgjBGiVwA244XzVMoLAPweEB0rs2zrN39Dpu5fEthQGMB1r
2020-10-22T01:53:47.717447800Z 278 hmGIp0XwpL4dJgcCzwe06ctJUE35GT8wvskhThvuMkl93kz9Pcq5Pe0v9ObB
2020-10-22T01:53:47.728222567Z 279 2RpCpZNJio9gPvmPpkwmS8z0K7ZaiEhXjGfxIBTvr8bvKwklCbRHoVkV6efV
2020-10-22T01:53:47.739869086Z 280 9MQeqXEns652fFRmxXeyWKh2N9ArgoCUJbpiU8MDjfSHUa9DLMGTiCXV8iMK
2020-10-22T01:53:47.750645070Z 281 AOHER1FpFcBlShpQFIbiv7nCEk16kgXhGaILmJJAkX8pSrR33UetKMl7wpPA
2020-10-22T01:53:47.761415814Z 282 2tD7lo5mt8g1yQxUM2MtXVcg6IQEZmY58To6KAdaXlxneuVZ9REps6M1m4tg
2020-10-22T01:53:47.772014701Z 283 4gWUtLA6e0ZmIpLb5waAPKcbHNleZDgBzuX2GmZgRntm1KYYRwTqXG2EKBCh
2020-10-22T01:53:47.782995393Z 284 jBwDDDpvZ8SUFgN344ORID6F7bOBsETUF1u1kIBBqbSvphCS8vGvMm56Cz0R
2020-10-22T01:53:47.794997277Z 285 rmvk6twrA2pcN6KyWtz9Epg76fPMsjqldpXsF5xsuFeh7SW0oclTnf0L2ZuA
2020-10-22T01:53:47.806659840Z 286 UsBY2VUWSywWuxxwhrDrA06cENMf4ObYduOrh1WiAy4NqDQtJ93v5HTjSpDg
2020-10-22T01:53:47.817319413Z 287 CN5PMaE6ZnRaZFBkwNnHaNUSRYwkUeuOGUlw72xR4LpheCpaIdgha0PzRQwT
2020-10-22T01:53:47.828193132Z 288 Lc6B8ONBXydU0zyrEk0fB2U0BMdvpSCaQcnfh04OHGWKHIS4jgOtMlvEqbsu
2020-10-22T01:53:47.839166774Z 289 LBfFP3WBC1EO08CdqfyuYkDbcxVZZJTzYzxSL5PcacHUF7mux55oxJdaJ4ps
2020-10-22T01:53:47.850829469Z 290 Fcroxi5VbZoFtz4v1VF4Cv3ck1ef5r5iVyfI6EP65dBrf2HZuEcbsWlOk2lB
2020-10-22T01:53:47.861815266Z 291 99dTymDbdtBy0xNtcIQ69OVN2wsA0pHqIH0avmqDgYZBOia5hbOYDzPUR72H
2020-10-22T01:53:47.873030449Z 292 2cQcmt37tx5GXIcW74L7Ba06Oic4PprscOcYnEO0YegbvkztJ5BgDfpLYr7j
2020-10-22T01:53:47.883542119Z 293 3FpFb1UMChKmgcoexCpuNEy5v5Hsw58mlnwQn6z9pAJKdPZdctT8JJ322CXJ
2020-10-22T01:53:47.894300836Z 294 kT9jUY5vXM1D0qgHDdSC7NxB6ukq0Jum7pn5wRRtm4JpkmZGzqZjVd7cJrNY
2020-10-22T01:53:47.905860718Z 295 04lYZnGGjgRorLdm87CIQPZGD1V89YeNPxMv7TJLYJM5jT475WV8G4NIj5TM
2020-10-22T01:53:47.917579184Z 296 9f8FMPXFOEWCgsHKmSwxcHqv7dG8YD0nxRLo9Xw4plCkcwclgmi5jzxt3rns
2020-10-22T01:53:47.928141474Z 297 VxgsgBcR4d0xedCOxxeAVPOfObt6T0PnwERxUGjTDRGX8CbHRmajvfdaq1Dx
2020-10-22T01:53:47.940154634Z 298 rPEBYPhyTKLQqYwkGgzi7pxr2hWg0nrsqaReCWAgds2Wehkkh05qdOOeyYbb
2020-10-22T01:53:47.951786518Z 299 xHrT23eor8wx4q46HqDIdsIyqb6K5Og7h9PD5GUEzb7sF2ZBz6CCDsEk8U3Y
2020-10-22T01:53:47.963331990Z 300 9glUmAZpxyrLOlbfwWQ1T4pexaMlGrfIq9uqMERbExlJVcSsDaRR8cKa7KZE
2020-10-22T01:53:47.974625643Z 301 0kHSKOANvqxctRcZPWeAhF5tzJyv2tgwwPNCsITD3TL50VOKH92N4jkLEdjq
2020-10-22T01:53:47.985275163Z 302 GaY3uzh8nLSlu9fJs3zVnt1LTj89yduCHks94ADC0rVGcFPMJkqcXE5YTkRT
2020-10-22T01:53:47.997085305Z 303 Y35JtP0mpDF3ehdoRfGxBUXgX1BGV5XYhaqNXP328FoUKJyL1TnZOjDf3eNQ
2020-10-22T01:53:48.008910016Z 304 JmwQz0soWUtXqmBEKsAxHPN4pB0oWOCs9VgOjhdoxUQv57TeUH9HVtCnLby3
2020-10-22T01:53:48.019672745Z 305 cVsxOSk4e4hbKtf8A4I0aXBJewYwavkrJznikfTYHM0xbOvHDGqugo9QFYz0
2020-10-22T01:53:48.029935566Z 306 FMXb1VXQDt88IhzTjArBREk2Xp4n7QesEJrDj2tMChoIiG7VxmGHdshGLFZL
2020-10-22T01:53:48.041650398Z 307 0BR7gJpuf23Mbk57Y5Iv77lxz1ephzAYJFHfhGj3vP359wgxAMVwPBGBesDr
2020-10-22T01:53:48.052229658Z 308 CuB9LWpgke0gKgYWaJT6nNPOdWLTfEp28rkjDkNndKGfJMBbDbLSAmVqH1U6
2020-10-22T01:53:48.063180961Z 309 zwomTyNj2x4B4w87MxKvlc6Hw5JM2UEjINWJk2wsjkgzghTuFZbfgtbRtyS7
2020-10-22T01:53:48.075172820Z 310 ABMTbTtfabbXtp6BuFknPC5O1VlzfUkpgXSOoyrVbQwA6nJyKKLAuuEu3yAS
2020-10-22T01:53:48.087011435Z 311 UHO6Bu3ek8G6t53pwOQWDuaHJlTItRdEm5A9qeK0J2tG4bZaOFlCXyehfh2z
2020-10-22T01:53:48.098740185Z 312 YaW0iEUr9nJAeHSSwXF7RPSTpXMSvCQ8ChusttaPYHyD0hWXIFreKih6XeSW
2020-10-22T01:53:48.109192686Z 313 G4qiVWTqKmxQzgxANMdTxWxTtJqVllh4nQ9OCHb7U8KPNu0NzTcl7MqSxi8p
2020-10-22T01:53:48.120736719Z 314 1EluBJOwBOgeUO4iKGyIRrVgaIG8VWiAyse6ZjUoKLSWUwnRekgX3pOGshlJ
2020-10-22T01:53:48.131581963Z 315 YUbFmWC9DJc2FNvkYQODBNSHlbBBUqZvJyIejiKPDDb2qsLSx9XsCAdCOuTz
2020-10-22T01:53:48.142162660Z 316 Fsay6BE6TxCjpnif20DHTRCBSMtKrdxmDIiSqEOM4TfB4yZbwyQprgnTQtcr
2020-10-22T01:53:48.153615352Z 317 657sTTlWyhFo4RLsTSAuBWFrFPmp85SRez1DeCnjj58J7oSQ4IgWEvXnQtgB
2020-10-22T01:53:48.164642994Z 318 RbI08BF1vrYBHS0pRgb1RE1SbUPvBY8v9JcVhJjqnj7SwiUczmM6bgxlodQL
2020-10-22T01:53:48.175325300Z 319 inOnPNM59aKkZqnDqQLFS8UkLyzhICa3LelkN2BrYoJVMckNMDli1Cb1KTiR
2020-10-22T01:53:48.186726858Z 320 fTbb5Pt8J7rJOPcdG1jW0wKt3DH2zVg2lWFeX7Bp0Exr3OE1bwVieYoKz3dD
2020-10-22T01:53:48.197596508Z 321 ThFMuLwglR5VnrXi6meBeQL1bJQh7QWnYbQ0v5hOUDWUu9RzY6QqhEo6WDHC
2020-10-22T01:53:48.209222149Z 322 u2T7Gl41oIqtQHvbYOOvBuDQGwCE5pq31Q4R0W02Dwc7jrH8bU91qOrQ7gA8
2020-10-22T01:53:48.220736082Z 323 6pygtmHisChtrQJB2NWqam7ATtN44zIGwEapZj0yihwEv4DhYXih32HeX8hl
2020-10-22T01:53:48.231774447Z 324 MjX1JaBPVj5mI9dF0Sc5WDU1nUp6hG4Xhsr4FT3uwkC2JpaImIs2U0xmTEwA
2020-10-22T01:53:48.243162109Z 325 VMMmQZIuSWkQFVfC92omNfcaKsBp1oCNtm0ufEs67M4UpGeYwnUFSHigQzaH
2020-10-22T01:53:48.254551955Z 326 gM9RI2zlH5s8OOfsp6HARpNAa1z15e98vRt0JsJJtdJIT0ssa1HbsjGm7A64
2020-10-22T01:53:48.265743236Z 327 fwJIQoCaPy4wxejEoOFGRhR6rLJSdtqr7Rmu0wWf3vDlsh1rBh5Ehl0eTuhK
2020-10-22T01:53:48.278014858Z 328 i5UHyxVZRhwWxz7YgeQfTsGDnlqHJzwXPfbusVTwAo4HaP5RuK86GTsJ0wWP
2020-10-22T01:53:48.289484622Z 329 NAft149bgccWLko732Yfum3LfvttY7EJ7tsUJm78NwVwsPvVnPNFaghGKlli
2020-10-22T01:53:48.300423735Z 330 3qpzJcPxacsaFt1iiabbk4SJTX2f2lQC1sE7WOCASfgTQr9aejZ5o2lLOIvr
2020-10-22T01:53:48.311846196Z 331 wSHgUwngGYQcb9jFxiRFupSi5bZjayns9TRLzE8umXYni7W5C1NFaAJskwEk
2020-10-22T01:53:48.323091068Z 332 zLLn6qnDcaWn14F86XMrP83NgnwOBJsRAGLsHeopwyU02LOAAavtD1Ft5lXM
2020-10-22T01:53:48.334117794Z 333 NQtrsv4zml2NsId4cF4dSF4Z7ztiomku5FfuvliPSmBWsAHCbw2VUuANMYMh
2020-10-22T01:53:48.346039351Z 334 Vu7skHfjYVhLlmGQ1HEy5BpnD7razYiFTb6x2KU7ufe3JF8JVrzUM7qZePlY
2020-10-22T01:53:48.357899751Z 335 toSujc9EgkJUJxECYUonid0lqgr51XNpyqUrcQk1qkn8I7O8jxl0smqLG1mP
2020-10-22T01:53:48.369539436Z 336 GC5S8ZJ7mSBhYavEMwbIisIBf1qqFwKtrDD4zcK5OttJkXKlEFW6ufvGx8q5
2020-10-22T01:53:48.381118394Z 337 eBTUrIidPsoYDmAenfHDzoWdje0pzYH9kilnVXfolEek2JoYCpuYhVsK1EXI
2020-10-22T01:53:48.392578449Z 338 mMEtE9vij5ofEPXEHK6c0PKy5pmryUl3RijUqOwPc8dbNdLasrmovdHAp3yl
2020-10-22T01:53:48.403171550Z 339 mz2jRIRHAa7xAmoOtyWw1w4ng69pm5bZ5vMXlUTQI52hmzfXyO5DLj57RZXr
2020-10-22T01:53:48.414162922Z 340 yDnnP10ibeIkQzdPiOkTs6IBiAq27X6xb0gfqKNSppidgabPrTunNsdIm5gO
2020-10-22T01:53:48.425289983Z 341 F8XsgZeJD5nhrl9etPUGAsrBOqSYlJaBDa3Xk2T23GK6xSxlGzvrE3dWBRRK
2020-10-22T01:53:48.436592264Z 342 CSQabnXbcbIHHMS3bbZNW49MPg3lp90HddBjWR6uRYTTtJLS2w21jo8HbEc9
2020-10-22T01:53:48.447116468Z 343 H2gd5M7j29zn1BZiXvmn1rdUJQ8VwqNf7c2rKc881siiM98cyLubJLyLoYtL
2020-10-22T01:53:48.458807552Z 344 GwNZw6is9japRA57bj0FDDs7g3tJMZmyEWEAdZhOkUa9bWyHcYpN29hhDUas
2020-10-22T01:53:48.469563141Z 345 bNj2iZ3arwGRNKwVBuHcacTdVEi7Dk9WZUzHXF9PAfGsh78g0a1Y30VYLjby
2020-10-22T01:53:48.480342695Z 346 FSpueygQ2UzYhZlyIwcTzFp4G2I2La7kVuliC1JZOOIcfAN0yTBubWlriqlq
2020-10-22T01:53:48.491770293Z 347 SZLryRrNshQJFTAngglDOmZ7xph14Hyc6X8x5n5CNAnPgbrJyg73eSlZ7w1V
2020-10-22T01:53:48.503197367Z 348 99gVfZtxdkm1lAKwwird660DGkq9u3IDF9CadSikZqKJOOk62yXAQhGr4euc
2020-10-22T01:53:48.514848137Z 349 sqqIg4mCEZjzWHd6hGhlBYEdgiyggzSYiaQ9RSw8ngB5ggWJ25lsSINYctiU
2020-10-22T01:53:48.525837138Z 350 bpUj4mNcnm9Gr1LsfNMdsPX3Nm4MNKkx65Ye5JwO8yp0q7WkJAg5NWTOKHCS
2020-10-22T01:53:48.537369797Z 351 JvAKPaingve5GVhcWd9V55dvHobHMcBh3wTamEI5s9WUnvhF7J6R2XYAcXU7
2020-10-22T01:53:48.548820324Z 352 XiiZKydQu5HezIeP5XJNBzZGvHiK5MRB7Xd1yfAqPqdZR2rEx5IlJ9rQtiUa
2020-10-22T01:53:48.559624930Z 353 OGrXI1jWHv7cQG0CQDZeZGct2h5SgzGU1jewBdjhkWpsbMn3qwJZNBWpJKOt
2020-10-22T01:53:48.570509869Z 354 hMDEnj2sjvVSSYMX6DGCSordRnT3TSwgwXpWQnyZtERsQ9rM5zrcWhfTBzFm
2020-10-22T01:53:48.582053232Z 355 VaqJ0aGg8XIAraXlQkFeo3Q6a4xjFvxNX4UO1LwoGTT799S9qHBo7rAigxha
2020-10-22T01:53:48.593554337Z 356 ZfKQEI688cOOd9TzTn2331ql7aln52jXYoprbqAUKXBAgcX0wSp57kNSTqlQ
2020-10-22T01:53:48.604168791Z 357 mkM8tiICJnClOAU0pV4B2CINyF0brcih0rUN5xSO62mKbo4QlJ5RLr9oZenx
2020-10-22T01:53:48.615582209Z 358 AWYJwA4p6xDWvf69zOh2Eeo2Z8xkhpd8jxs8HOHEeVhI5e2d6pBVN41N7pXd
2020-10-22T01:53:48.626291989Z 359 aE6D2QVASWODPghgIZoDq1rCfo0QisN1mkmSeEi0mfhYagfL89Ed7H3gfZzI
2020-10-22T01:53:48.637654397Z 360 7HMpw6kG95BsqnniNifKpYF2eL9AAfQ9t2XjWH1XfUTYLLfZBYPfxUy2jcnZ
2020-10-22T01:53:48.648158485Z 361 MGZTlpJ5mgCgSicvdXBZIMxwCBMUoKCBj7wVHoo5Gz1TLfd6B7mBJbroqLkE
2020-10-22T01:53:48.659710126Z 362 o8MeKHjWDqDgrhmhJ5Qiaq0PW1G9Dur3AEWuhHYeIyq4P91pJRlDxN1sBViR
2020-10-22T01:53:48.670608270Z 363 9hrpt6rhf3fmOTenY162kz4KMHfwR6rVpPZJVdyVpiv1xx56KALDxmKmxryn
2020-10-22T01:53:48.682022401Z 364 2RxT0yApkQwQ1xPqhw16PPKtvOGRMIdLq9Pmm8NrulH4KHAF4SW5zd6aUufb
2020-10-22T01:53:48.693995801Z 365 STmOX7opK416WRxm1Y68nIZuBUIblIJ9hiKn43pZP4fgqSHy9Vph9e1mypzM
2020-10-22T01:53:48.705397507Z 366 8Uv3QRHi0RMbmwZKNWdj6BiFGyxv544fxOqqPECf3Pl6NUuK4lflwrRpKrk8
2020-10-22T01:53:48.716872911Z 367 CjHaebEa2CZ7GW1VGMlzp6OJ1XbORqcrl9PfmLN7mzhCvKKffOY1eavB3B56
2020-10-22T01:53:48.727595865Z 368 zpfM2BliOjrU8vdBYqGuv7PcxHR62e56X6uS7URGV4Ow1Onppa8CMLeX4dbF
2020-10-22T01:53:48.738312496Z 369 AdEpCTUz4AnNBVlR08NOnCfxnnLXUGlSAxluG3Fpv6Qy7gzR7J1diVPAnE0a
2020-10-22T01:53:48.750251131Z 370 6pn7mzTjT03NdAqVyB8g54UvkStTHNq0hrwumkZKIrnvaQYayMpxdPWJf77h
2020-10-22T01:53:48.761930713Z 371 NV3L0I7mWNxW3OhkUb6fmItxVoprpBhk3Qf8zan54olx81PLrvGX5ICzSW0u
2020-10-22T01:53:48.773790334Z 372 dCovV3g2yK1IOXWRfCoP1N8VZPdNU8OhVL4V2yanuVPmdFUlI4M9EyzIPK2J
2020-10-22T01:53:48.785398450Z 373 bZ2Gy7ioPz3cZdshp2Yq5cxOUZyfF6FkOBLg1mAc1C7CYUEjyprkLgeOzNQX
2020-10-22T01:53:48.796600597Z 374 9fOOq1EcRnZ9OU91rQE4T8Lnkpw6GbDcNeOtFsOrRZpMy7F6jsd24Np4XP5H
2020-10-22T01:53:48.807292335Z 375 vfWXeeraVjQBgWxmc5RLiYaJ9i1uzEJeRC2cBHKNDURXLHOtdDu11eEebJfe
2020-10-22T01:53:48.818320034Z 376 FybD8D8Ia9HMTT2spqwc0EiLNnTEuC7jLxFDtI4woHMZT65mzKDhUG3hGwHx
2020-10-22T01:53:48.829906703Z 377 l5efbQB7eDLnFNLIDfVUfU2QrLSxOuxiDzgNQM8xKzVeXkCMFbpyJ7vW1tly
2020-10-22T01:53:48.841671463Z 378 OWP502PilzFNONF6YXjCzvlZaCFOJN2dAs9j3uLbHfymwzrtlFtkCANUmQwS
2020-10-22T01:53:48.852083062Z 379 YDPwnTbTrtijdN6cYKbosvel5iWAzgL9uMVCXvbFGaLVrXStRhMtH8uKFwCc
2020-10-22T01:53:48.863774354Z 380 CyYlau8nMqYx2juxR8AI3BlQayaKAu5suCXS3P6ymWHNafpmN9L5fzWDHtzc
2020-10-22T01:53:48.874585475Z 381 KL3zX3l9pyBIMzF0l9zDZycpow8CCAIHQj2n6syh3U7ysyQdBoTHNBpXirhz
2020-10-22T01:53:48.885676732Z 382 m2qPAHndNdUfrF9fY5Yqq2ApZMzbzWp8vaAcbkL82JqqMKSufOReHsKExgkf
2020-10-22T01:53:48.896637409Z 383 IiaMSIlsZGMfvD2fP2QpomYWTj4BwwYPommTmfXckEuK0LMX0HibFZ1tyqvM
2020-10-22T01:53:48.907414455Z 384 pq6ImAGGvpg0sFvPL8vBJclfIMfl6fSuQnyuy4KNYe9UuwIMUPD2IBolNY25
2020-10-22T01:53:48.918609350Z 385 U8bd9BRkZAiySkLjGX2GOmnfIENLQXH9nwLZ4oMsvvBmdJuFbT9fGZ9PdHBe
2020-10-22T01:53:48.929872160Z 386 8BJZfZ4aK28WyvLwfiUxL8dD9w1Ahk1NNlVJJUffmplAJke3FB8b4c3enGne
2020-10-22T01:53:48.940561644Z 387 kItR4GIc1g5rFWe8U6A9xq0Lh8xSrzgHhvzBHuDuqhUExLafF8czGNvaVGX8
2020-10-22T01:53:48.951930086Z 388 Mf6y5G2Mc2kwJblSE8MBYbSRmktpwb0mIa4fIg3pgAxIipBJA69vWxd9yuZa
2020-10-22T01:53:48.963666173Z 389 dXyrRCKV9XtyElz0sUOnUjXkNqzD0RTo7fvePG3JTTtvglPQsbjUROTgqUr1
2020-10-22T01:53:48.975002366Z 390 AbD6UPjcdM3hAUt3NyQO0jY9v64ORYrtTxpzE41k3KCUcClJWdwhgwnOQex4
2020-10-22T01:53:48.986152170Z 391 dI2Dt5D7QcCv0MtcKjEHXItyu14tDpnm6pLdcpCjWvrZprVhdQsqZmNpqGJk
2020-10-22T01:53:48.997633101Z 392 Ic22vbidS8uXa79ufOXCoSDI04AYEjvFOVU2vBFoRfq4cEPdGDfiVOsu515G
2020-10-22T01:53:49.009182993Z 393 DXBYW4lrZESiJ8gm6X7MnGHS6jIAWkFCnhjiXECHuKi5UR0y9GuzyzFXewIT
2020-10-22T01:53:49.020887324Z 394 1witAADWayyZfmS1Cj3IgoX0CKbgnyLtHblCDNiHNwZnFSawoEcaomM3cfQ9
2020-10-22T01:53:49.031557161Z 395 aESBBWR8qYnq5YSK9kGh34hJlyMW2by6znrI10gA3kNKMLaP57C54fF0qPAQ
2020-10-22T01:53:49.042629996Z 396 jF0Og8z5NGU4RCUktTTDVNXbrn4ECR2Sg5WDjCHbiRdVtJCcdwJC70Pg1Wdt
2020-10-22T01:53:49.054030134Z 397 GOIw2kbB20hZfW3GztKRRTE4nvObzOs4mZlQd0wvrBaiLmexSuTJDpntufkk
2020-10-22T01:53:49.065891692Z 398 JuUEdEsip2RtZE2jmD7KBoi2l8tAbn60DS4ln956DJffXJjhQGH5oEA2u8qT
2020-10-22T01:53:49.076938855Z 399 RT2V4faaM7qY4Zo1ODeZj98UMNT8cGTTMwuveoeL6gxhc2VvAYHY8TlSO96Q
2020-10-22T01:53:49.087688694Z 400 dDZNKBUxrPjOoAm2Hc8cCH4ids7PivAI1YuVQadkyyj5GaS1W1SWenVapYva
2020-10-22T01:53:49.098452846Z 401 VSL294maiMrTZv1rW6MoFYetj4wePpaRA3CWGhRqmIYY1099AHtxPh3L97CM
2020-10-22T01:53:49.109381105Z 402 YnFRy396pb7W65MoMCU0OwyNKBInHRmh3ZulFQMxyuLWI0ijFtioPzHauvcj
2020-10-22T01:53:49.120926502Z 403 T6vuqu3Zr3EA3RMzlxQMhtpGSOpJGlrDjNJfp8jsLKUYOI7sTNjN07ZoFQgO
2020-10-22T01:53:49.131470225Z 404 noDJ1LSpBLxTnZevyPAjrT1H6p0q7rUjh7NJl0OawjjFb5fg4djfNNhkGd4X
2020-10-22T01:53:49.142066854Z 405 HrPCanTTjPt0GESqTMzotMT341JfksAjq9jfxgWFzc5sMvmurfIh4eKhBeCY
2020-10-22T01:53:49.154130389Z 406 1qjEHb3BayqtImvBylwFGnHPRJ8P6Np3PHP2yWpCyS8Cv7AdLJpYRh2U3wtO
2020-10-22T01:53:49.166367625Z 407 zlu6Ib8Hni2Wd2idv0L7xXnSZPYCnHQewY4IJoFbqKyKQBBrjB3OMMPuDCyH
2020-10-22T01:53:49.177261671Z 408 WoT6DoCgBMq13xas0fUX1T1e1i3Vaiz7jEOlR0odun56vo9KIUXxEORZFR7C
2020-10-22T01:53:49.188779732Z 409 3ZnLcwNqor7CEjnrAwcJ0b8bNu5fP6qKFixysDhB6Bd2T4FaJYCdXgoDoJDM
2020-10-22T01:53:49.199541317Z 410 syPOlqgsgWsBioZZgJRHLB4S7plmRq4J5IBl8c50O6yJb92Xa5bc1gaEZ88Q
2020-10-22T01:53:49.210215610Z 411 ylpaifoYs1xsF27HFW22tdDCWIY0ECDEYEfvICmR8UloSRtHr5G0c1JIRrTP
2020-10-22T01:53:49.221965085Z 412 zqmC0hBtCW0mTyfTDUiE0UNJPmdRKnU0WoGcOxTZ0O2Fyrj3ySbLnkZzZewA
2020-10-22T01:53:49.233926893Z 413 IGzbkWRPXO1FJaxMvM7YHb1mstIxVuSUQMl56e6nMadRE1PZ2DR23bpO4Bmf
2020-10-22T01:53:49.245251352Z 414 mmy5snCgIqbrVOPJp9ej9icuge2HKEALRvx0xN9qgzYl6FuzdqgcudpN3gn5
2020-10-22T01:53:49.257022845Z 415 km0hUXntPgtZA3R0jgMBsqgu0Je8TPhZvkzrzhgA5GY9kFk6SeNIpxpue8ek
2020-10-22T01:53:49.268791141Z 416 FmNoW141A0JsEbPA7e1D0RVSxh3Gu1wKj4b14yBPP3Wvz1QzlETPhQ1aAYaB
2020-10-22T01:53:49.279573316Z 417 Xss0ewZJoEZRIBu9mfRbq85CHXBMsvGf9hTT5si7dPOS0MypPrX1cbVuFHlj
2020-10-22T01:53:49.290561949Z 418 WoMDYsC3pBVSaVe9agmVm7Vw1GaUAf5bts4r2teOR3DaDU4eMidhoxei1nwz
2020-10-22T01:53:49.301640988Z 419 4yE2AG4Pp4XY53OVCIaZvjpDErMUFMQxEri6V48OEcpojuc7E8pitoiWDqRJ
2020-10-22T01:53:49.312116380Z 420 QioqozElm2eeWD8FdhzmBToxKzD862KuXH17Sdunrt33rx51tXrOLasvET1K
2020-10-22T01:53:49.323860594Z 421 r5X4l5xlMVONbM3M1BlDkAuiBquiPPc1hh0KoJCu1eDDgcAUpyouU1JiQBXk
2020-10-22T01:53:49.334410756Z 422 gSZK3SCJlYOtFS43dkBnHDh5OwhOH6On9mcx2gWTWSevOJqxVzf2XlRdWTT6
2020-10-22T01:53:49.346170951Z 423 IkIYN4IRinYCqKTE1FNdtgupbrhDiLCqycLDQNDNb3uVLcvoDiVT2233e2ci
2020-10-22T01:53:49.358289760Z 424 M7HzthprQyoCBCBCahYEclZ3AQsaPxjyEAWQecwzlR9XraeoLKR0Ty28hxMQ
2020-10-22T01:53:49.369184839Z 425 IlFijuDl0Reqe0LMdytFg2g3ObayFKsSAswMdbdYPlqu1ipZS6dsYwsNwg2m
2020-10-22T01:53:49.380730734Z 426 REwUctvjQs2uoitN7qs68YIvB52rPJ6cp7RpyMqlBODllbQkmPkRYG6wy4zm
2020-10-22T01:53:49.393051268Z 427 PyH4Wxv8Ie8g8znI2ou544ZRxdLR4Y3m3XUDq7O0IxALIdesogaBoh1b1g5e
2020-10-22T01:53:49.403799304Z 428 2saUVXIk7RucAIMclTzPjyWCIiiCvBhI9XFiTG3t6hYR21wvgttTeIcGMjjH
2020-10-22T01:53:49.414823010Z 429 SGrupxgqwUDIi3Nm6gvIQq6iGUMaXiWW7fD6JcL9RnEtU7piLXJmLhKruddn
2020-10-22T01:53:49.425941736Z 430 fSCnfSmlJGJ0KYSWOmXIVDri7Qkmx7ZeQFf0RQ4glYKB4R8deWFKzPQr3LUR
2020-10-22T01:53:49.436787045Z 431 fCCvMTnly0wh9pbVPV6wzMYF7gBZPrO3dG2XUtPVhPP3rpwrzWzc8JJikEcO
2020-10-22T01:53:49.447227424Z 432 YAphd9MV19UX3lLCFfUrai17qJdgwESmXVY6sFR6sFvuOmRMRuWq4KKgEQuX
2020-10-22T01:53:49.458503489Z 433 4VvQDVD7k21vzQ12tAogOAHT5btor8WHMUfIPNaPIDd1JhpAydKx10RIoVn4
2020-10-22T01:53:49.469868860Z 434 p0JSx5D1P3PwhCbL6DNXsB3LJG8qGz76M2vR1xzcOLtSFg0iPW1eXWe3mDmR
2020-10-22T01:53:49.480682089Z 435 P0d3rU5Sep9kpQtGxJlGaMIVlGCqWT05IiheMAlcEgcSqgkPJwWFPUNRbnUj
2020-10-22T01:53:49.491289365Z 436 tIjBkUoIkj8QWbQWVIPOBkdRHA1Hvoco2B0FjffTdPvcwgynQEVQaGtiy3GV
2020-10-22T01:53:49.502998751Z 437 qJONWaHZ8BpUZ9dnWKO5DojtzONzXB0GTUGVu81xzWA8xms29yIRtWBXSzxF
2020-10-22T01:53:49.514131117Z 438 WRpCKzesWzOKBJKK49fHqheU1hiilzttXDvTUAxWZkNBtLMJZATghhxyBhDj
2020-10-22T01:53:49.525638806Z 439 Sq54vGd89NfmMoK8YDDtqbcad9WkQT7zfyOb9vesNmjhmvsMqrqIIpqF86vT
2020-10-22T01:53:49.536283662Z 440 Ub1qoUKoX5J4VkyW3EZptvAXtdIYalgWoTsRPcdwA33DfDBmbT9RW6q2Co4f
2020-10-22T01:53:49.547323361Z 441 1jaj0DhcCoZUBROp1wdu0sb1VpMj502HVi2XiGDTYPZkCjGZ5pkFFFIJMA3F
2020-10-22T01:53:49.559175608Z 442 01cVyrYtDyEwQH6quYJI3VHe810ERqWeeiT8l5BkLi2dgqefXjaczkOPMexS
2020-10-22T01:53:49.569979246Z 443 GP2bAQC7q0h9QQnzZ6ceHue55Pa938vOp7LcSEzcUzaagJTllzlW3OuUeG2E
2020-10-22T01:53:49.581635850Z 444 BqXNM52T6UMHuN2fQ9VkRCUobqxv1QY0TKGwrkIcVf1KmN2AimePzPD2iaL2
2020-10-22T01:53:49.592016513Z 445 HN9bYnT1Vy6JmRdEi6TO8CSRDIepx7BodzNC43TLtef0gq1V6f8SZVC6ATOZ
2020-10-22T01:53:49.603502138Z 446 7oMqO0wj6jFayEI93W3phl7ZvX5xhl4xF8XJTUbI5SaIxLyc8J7pIvUZtKn2
2020-10-22T01:53:49.614961347Z 447 1yFmA7VvLT6oRhKaPEAOfgpytKx6sVYm3OdJAINyLBD5wTzCE5BNk5piE1Z1
2020-10-22T01:53:49.626354761Z 448 oE8UyPHREYMBNPK2zHvze8Ofwgmf0FRGpeEHnwWBO8rEdtHCOGrfvOwvJXnh
2020-10-22T01:53:49.637670404Z 449 HruX99JPVCmrfLDX5tV4w2G5qgMBwlFPiNejxtKK99SQJsFm0b9OjhE1AiSc
2020-10-22T01:53:49.647991414Z 450 830AGdNIDzaX8NGv6EzvGOT6VdALciHfJOj1cZsIZq4EXBxzsZuaD52tO2Nf
2020-10-22T01:53:49.659215180Z 451 agxLZaQWou2zTtq4zEBvFm3XFYapTzEYXVALhE0nUFgm3FiH0xCrWY2UTawb
2020-10-22T01:53:49.670634877Z 452 o8njU3eR5DLN5ThTKojEYsXjZUkBko0F2VRjdpJF8iyEZE1drF82LWfrdGS7
2020-10-22T01:53:49.681084437Z 453 rBS2K6yrQRr0BQAokEDvKBB1F4QCOPZbi2AtBq3wlOdRpTyVrjpGMkqvinab
2020-10-22T01:53:49.692854561Z 454 zcZMPYe6oiMGjIKe30dO3caXoq9Svd7tLpNl8QOocqueZjmQcSmu4JW7dcFU
2020-10-22T01:53:49.703829098Z 455 jCQ8U57hc9SB7g2diqpwkLPBc8PZc9RsjyISBp1WnAX6cDz8bmVG8qPajOyC
2020-10-22T01:53:49.715266056Z 456 tQ6oIjZ0JEar6jrWJ6tX4xKWfY7ebKGYPKhml6OjcHUICobBHxXHig0cP8s0
2020-10-22T01:53:49.726973361Z 457 L56In4votZh1hkoiSgTvVwKGCwAL2z2a13pqdrUxfY9v6mDGJQZCl1DS4PWj
2020-10-22T01:53:49.738581734Z 458 n6nhk5LIBXxdX2VHG7qvctBaVwosUzgGnMxzw3eKzdIYYKocuUOYuhMcJJ6X
2020-10-22T01:53:49.749466213Z 459 Swsaf1ETQfWpHbt1fCBqeROziHOdBB7XjTgakbK6mYC0u6leoU5YmFnljUvh
2020-10-22T01:53:49.760780964Z 460 XV7KQNJKdHY6Zvyst3YQOygErfikBJy7ZCYRBvEW4aEfrJq0NB2RhT44yDUI
2020-10-22T01:53:49.772717453Z 461 fkSFOc4S2IhvTbDl2JGPlBZQ0gkHDepD50pQxSf4kT7JzvNWaHTr1H86B69G
2020-10-22T01:53:49.783776782Z 462 Bc8zh0uyGvifH9lfnhyj3YPBFg9lwbLNRe1geFV78gUF2RggEChBvGTnJX8v
2020-10-22T01:53:49.795478830Z 463 1Drtj0aduxcmiKVvgfall4DNruhbiR8L5DYufL55Rt9bFGKhUaIJrlTIZUTr
2020-10-22T01:53:49.807121636Z 464 iokUFpvDNvqd8NxTzanzFnL5RT6y2oUwoys5aibdAFxdPzejBPahSifa9CEz
2020-10-22T01:53:49.818770418Z 465 plFthQRFTKRTKT7WOsiXNO4kLCBZxtokywtnERY2Xpd9cnTpN2g4FBF4j5rN
2020-10-22T01:53:49.829501455Z 466 m0KY9ZnTIdfUXXEOD8bsy7dp5Th3y9eVgHyg4foEqqc8WsIMpTlaEiFy6tat
2020-10-22T01:53:49.839937441Z 467 1UGeWDG46Hg5ShbLj0kwD3eU44iTclcuXyHTS6KCVC5ELlQLU1ye9W6Z19o3
2020-10-22T01:53:49.851450573Z 468 8HbH1OM4uEFzfsIwn1mcDJybgWRVOQT5c8SFojAayguj6QQ4PmBwaPZAY1CC
2020-10-22T01:53:49.862967846Z 469 mggtw8ngYRQAeOCOdZ9C87l1wuQ2HYDWEpCjr06RLCYQCffl2QTosvvQvAZG
2020-10-22T01:53:49.874650623Z 470 9A9thOtUy6g8ngBegZ4s2OL0NFHb6UDf6w2gf9GanUBDt9ThC0aQLoGLdIc1
2020-10-22T01:53:49.885773524Z 471 tLmWlqs81wS4udkhD6nJ2S1GBuuSc8X8JrQMQqM8f99zPPdO2VN1NwVkmgp4
2020-10-22T01:53:49.896643700Z 472 Ba3X7Qxx4awf4cjzhemWoDcbscUNXqYPnSa5GGOjy0MQLukDUz7ON1WQL3Ng
2020-10-22T01:53:49.907908909Z 473 TozRYialYs32GAXD1OFRYXMW8nEVvtVBZKzaZl4MBB8QAjhpPCAk1FKFhaS2
2020-10-22T01:53:49.919026354Z 474 D6Miph4JM2K86gBTmRRr8BiJfgE8U0WcL0fo5hrW5BL4KwTaQ3ujnKAwd2eD
2020-10-22T01:53:49.930900743Z 475 FxWaAEPomo95tDR68fLp1wH7B5MtX0S3p0hSOpWoUH1cVLsabEX0Y5FUIHrV
2020-10-22T01:53:49.943020543Z 476 S3mHAeodhtsKo2YIa30MhbjOLzebspuRWirpriMn1yWwm1NvdjKVwEcN0I4S
2020-10-22T01:53:49.955070531Z 477 lTfkvasKxfIonX9ArVdaNhIm2rkPLBdLfAgoZ0KsBNUBjDJhk35HH8wbRmtt
2020-10-22T01:53:49.966819560Z 478 qVypVLS09x84KxMMUbYrns2Hj6gPj0GD9hSFoaGkQnXoA8qti6AZsnVLUphO
2020-10-22T01:53:49.978185939Z 479 GMqCjlcBNZRFE8cK4j3ST0IUGI1rnB0aO2G2GoKHN3Zvj4x7Mq9bGBCbekyZ
2020-10-22T01:53:49.989703099Z 480 jPYAqaIbBQ7IxqNjDNMmpIu8imKvHIa7GGWBvK1Bwytw75GinQ2l2lD3Vl3V
2020-10-22T01:53:50.000630261Z 481 kXwDpobxXuM5LFtp7ONppkY2jbu848SJSv0rYNN8o3Np39jPRcdosgYJQJYC
2020-10-22T01:53:50.011398833Z 482 f0J9fYZYFeoPIcOWXi8qD1UnuYWwpdL410YztaMW5jDhQHa6NtD8gdgYlDiM
2020-10-22T01:53:50.022599318Z 483 WP23W0U2QhwlZHNqiBoait1mNIrA51ffB3mlFmTMB09XkYBzwQ36OPTNLVOZ
2020-10-22T01:53:50.033193152Z 484 6KYmerG7O7rAwnxfqR2MMPL2P5wlY2wAkRZ66OXPtAVC6L0jWOMIiRkrTK2u
2020-10-22T01:53:50.044799939Z 485 6QgjErUCfWfFWPluLpIyZXNIbV7e9PyatT8VU96YAMEToKD7nTyGFD3Xokja
2020-10-22T01:53:50.056324135Z 486 8wP8Qajyhjja0dFYQwjX1JBTlWsETl3cRWjz98IwGfUPQyl6quo5xGGByyRa
2020-10-22T01:53:50.067892379Z 487 4L2yYNLThKgMdbcRkeGBmdiUyLlfQIpp2zp8dYa9mihDX9iCcBgrfstRa4zA
2020-10-22T01:53:50.079741305Z 488 IWsFZ7v0iovoN03hFnicXkgX04R29nJN9H0yWAttuiFxPQX9HN8Lf7DA0kOr
2020-10-22T01:53:50.091991353Z 489 kGnjGnHzBbILGjVD6GyqcgvkDKtHCIwV9SX1NK4sJrSWtBMvtSrBY3I74LRW
2020-10-22T01:53:50.102995965Z 490 M8xw2fkJ3quRQOgbK04FCmIjHJOdzsQV5cosAQW8cCoeqhMdSXnCzDF5e6Sn
2020-10-22T01:53:50.114345535Z 491 xscEpI1OYGYllZkaFe8t3hya2aFimU7QpkG8dahB6m9HfbkPH4C3qB6Ql3FS
2020-10-22T01:53:50.124962150Z 492 e6OiNuJf3fHUUNWjrTQJoJi4qfy8ms9dX78zFACWRu7sxNKr895Z5y45WStJ
2020-10-22T01:53:50.136586458Z 493 u2eOoZ8a4YpPjJvy5YHicQIKC7HcU1w4RxCzxcg3CGBXxweXgPL2fLU3fWBn
2020-10-22T01:53:50.147571929Z 494 xBbjN76U11MwtLT6lDFr0OPPYPT9clQST7QhoUDooNKjkiPriSE44PdTntgY
2020-10-22T01:53:50.158947144Z 495 BlvoLmKA2hTPJ09y1cDAhBXWeZmmBMz6YMOPqCaKL72qEMBBsAaaxZR8IJyV
2020-10-22T01:53:50.170756488Z 496 QVzl7AUSFc4g0IIB4k0oKp7oKn1IJzt5EBELKQ9UrVKDDlK5OJXZHypL01hY
2020-10-22T01:53:50.182384902Z 497 5tY3UUD3OkVw10DugI3V52pDi2SfZRL98DmCEihXdkO1iY0205E9aYNaOTXR
2020-10-22T01:53:50.192923569Z 498 SjAVFEMM8m7mUX8VK5FLF5BgEbnIYVNOIxfE4JMl7uIvEi1omFY6SWwZ1i9n
2020-10-22T01:53:50.204731662Z 499 aUAxjn98CCvjTcEA2IzscjD5cGpBW5mxTQrWhxfpWDJYQi3o69Cxw6KnyDay
2020-10-22T01:53:50.216040544Z 500 EY2HWqoXkbEkPe87Gw940JPL62QPbat0voDNpfC5Z8qVGhw2k1yIVLetKDjV
2020-10-22T01:53:50.227842923Z 501 39CJUqJm10Lv7A9GdsnlIZwAlOAbOV4PjrVZJOB4biweRfXeWEzjwLPEHvbJ
2020-10-22T01:53:50.238851414Z 502 jVNNDzRJ4ndKgs0wAIv8N82vAE7dp4dxxW0dOMhai0cTENZKyUDyJhO27G2f
2020-10-22T01:53:50.250283327Z 503 AOL2nrlEZmy8hOpFuy8KRPs9u6WCtbGjpbkfptCuTrvUpGCKPmZ3OkuYLzf7
2020-10-22T01:53:50.261866221Z 504 rqw9ClLYPgkDmAAzkjgIQx1Y0QLKf2KXIbZoJ064Dbebx2RL05vuVG0aNtdF
2020-10-22T01:53:50.273812263Z 505 GhTQg4TK4t2e2hSBElOhKBxj2yUQBtPsVr68rbi8tEHDO5M66Id9y6olbLtL
2020-10-22T01:53:50.285653845Z 506 C0vvGlSpXy0KX4FDA6TyP4RJvPvZGz4Tptaw033wCEHJqBBNkafgQVGSv9GI
2020-10-22T01:53:50.297684445Z 507 Bw1vi9SxTROuDLFZJo6Yfup31ZPdGMN6XRQa4gYQXV9xHKPxtSzJk4TfxNRD
2020-10-22T01:53:50.308272741Z 508 EZHOZRK0eNwaAz4BLKepP3PsWEX7fDMEt5uohB5mwCtm7n9Uu1Iku953Sxte
2020-10-22T01:53:50.319642165Z 509 RVMQOWL37YOUBlyrF8h7AqWuxiArEngI42kUf5uE5OhJGASKY9IECbQVCorN
2020-10-22T01:53:50.330135855Z 510 t908LxKgTmAGQqEp6OtTuyemhWsF2p23OVAYXkTzh2Q3xGi8pj9l61p78dDQ
2020-10-22T01:53:50.341185559Z 511 9lNelbeKVGzRh1bMDjqoZAIn8xNubzdvQvg7zPZ4ZmRK1BojU7gZqFAfLaKg
2020-10-22T01:53:50.352192208Z 512 Uz0Ba0wtGMpe7BicZZ6IkJzQ3Ibnbwhuil5iQlhg6TLpDE4EnIGt8G7zOQca
2020-10-22T01:53:50.363767793Z 513 QNNlzjudFcxvOCr4iybpCE4lNvxYNNnzZdGtfDRZXGovaXT1zClaK3s7cmz0
2020-10-22T01:53:50.375481579Z 514 ltqomMVvL1pfkRNzvBQPcFKOzx4WxgiolBBNOJo4zc6jzZdVhCAj1Ij0gW5x
2020-10-22T01:53:50.386933752Z 515 uyhS1D8DQ4Zn390Rd9fZ9nIHQIEOKzpuDFz2KWpzyfTpaLlopDDh8GTmCF0c
2020-10-22T01:53:50.398690487Z 516 Zu1sa8qOh8JhQ5amziFxtVLeHrzF0MwLtmXVJYAlt1ZALccBpTupiRwCVN9A
2020-10-22T01:53:50.410805616Z 517 JILpeqEg6y7i3R5SBahGtVgbwC6Z6st1qc3EDwAA2mWDD5sZX7Y6X60iFKgy
2020-10-22T01:53:50.422362036Z 518 iCzSeSajnw9IF6WQz5rWGuyMtmCKfT45ijOujSP3vA0ZHalSIhZeELV98kuO
2020-10-22T01:53:50.433190702Z 519 ueNQd2D4NE7VxZeig2zpzvAyvGs2555ur8MUeISNugBQrOwoDI6pEwDElWqG
2020-10-22T01:53:50.444696971Z 520 DvIAOzEsnKlBNBplziRbNLLoP4ZyFmhfTVzNaWcEfnwJOWJDhjJWDFOsuvPX
2020-10-22T01:53:50.456493575Z 521 sDgQO1Y1VHOcb1sqWMf4zjTgOXLYOkFiz24SdI4AsG6oBoDmjoQSWZo3OVjS
2020-10-22T01:53:50.467547033Z 522 vB3X0vZdVl459pDqjZnoa8tLpAWaZXb2cUUybehtGPYcbb7SEFLuqJgKHlDX
2020-10-22T01:53:50.478570454Z 523 SRwwII8pKAd7fJsiDfWL2hLwU776Bd5ZrEK93I1qur0Kq7pb68QKWvQgyo4L
2020-10-22T01:53:50.490934856Z 524 S48wgGYCtyUn1whhw6dnCIXHi1K3OIrX6uD2JBKkDU4cutGbx1AWVEYvZNEn
2020-10-22T01:53:50.501920881Z 525 nBADhCUtlyQIHysp8Ew2mCiwMoPm1uUfNEGjDuSRaXjlnWhaCnRGROsRWr2A
2020-10-22T01:53:50.513447072Z 526 knoe8XN2LvvGwyqG9I7zgD29cPSDsU7OujD4yV2rfxxeDkeRAHnFNAajwRd1
2020-10-22T01:53:50.524055108Z 527 z9t0YMKqpPVB9MS6E6fvNyXG6hpvSmKE1RBtdNaR0Guo3jw6YRxkoNvAbIQP
2020-10-22T01:53:50.535966823Z 528 ygE39JC10JHHJb15vztfDdFn5oW2rrXYP33bCThc0qWGq3d1szyImVx7toPp
2020-10-22T01:53:50.547875912Z 529 53autpH7454rao94iqpIPBKBpOlrmAA4xt93cmJs9OWkNIje5cT7FPSJ8DBP
2020-10-22T01:53:50.559769009Z 530 kXhGCM3xDnFkJE3HRACfrx30QmT4U3YIF0sTKsWOmY4v0TyvxbYiHCZEWdQf
2020-10-22T01:53:50.570070269Z 531 uYJYnyoGuCTUpKVJq4ohybrrTea3daaTdqQjEH2EL5EHGADvxVLwG7o8WOzt
2020-10-22T01:53:50.581824093Z 532 DRTttXWapLGObf9RcTUqJjcIgEbyqMsSH0yMVYzbcjtTQEarPi0mS4o1dkPX
2020-10-22T01:53:50.592369255Z 533 1O769BFFzaSyKf5MqvUmoxLVsJdcSflxpZOGXyGEp9rYZIYrC7l6EArNjCk0
2020-10-22T01:53:50.603270794Z 534 E042lUz8gBhDptJTZQIRpiUBPZvbVyW2EQmF4DeyQ1QHnaZUxnobPECmEUmr
2020-10-22T01:53:50.614128597Z 535 wFkKA5zmhRdJFkXhtPg2c4HTuGjITTUO6mfAXVVB3d48jwWhivJrw5SCYKrh
2020-10-22T01:53:50.625425849Z 536 AV8pEDLepVQKa8GWtExTgkAElzhdhkH5zFIRMLDYa8YAPhTZEjuV1rFnr7av
2020-10-22T01:53:50.637330160Z 537 Y5fpOli6fKbpNVjcxWK5TxtEg5XLpwu3zfa3scHT5M9aEVhsy802u3SMxnFx
2020-10-22T01:53:50.648672967Z 538 jjYcbkjJtO5ZSzpMc2JFwr0pMoN6QDO9d1CVDzhcgRFzFR33taph7o7PelbZ
2020-10-22T01:53:50.659553935Z 539 aPc0hlc93DB8WViB5szh1rnjyXnJacDx1wbjUjkUaNPlEVrvuVaFn42knhUK
2020-10-22T01:53:50.670566452Z 540 gGe4Fn25fs6DVFm2X2V8rlK3pwD99pV7UVT6p7ni8R2e4bIwSRMbZCYzdsyB
2020-10-22T01:53:50.681915685Z 541 WUZLOBO8YRSVswR8OVzdLu5vcBRnOJCbojkirFFOcfqNLKRsfKVFHH2sU88v
2020-10-22T01:53:50.692132222Z 542 N4fohtqQ2OwoXoMHAQTPDkpcx0o8U2mECsvpb1g1mhKB4uTo8WSCB9pi1vWT
2020-10-22T01:53:50.704030480Z 543 vPPkWF1lCyZp85d0vwxNzeNTVFSuK73g3wbAOjMd25mSyXKgpSM0MSQlxy5X
2020-10-22T01:53:50.715718020Z 544 OFZH5R5z992WuQj4jgMmbeGt7edmWJ72hGsZxAbSyIxKjEDABZ1YnEkzuBtU
2020-10-22T01:53:50.726544251Z 545 9y39spqWA3fObmmDP2UCPoWYGQNOm9ZMLIEOJKXBORaW4McHOekRPWR6fJb1
2020-10-22T01:53:50.737264356Z 546 gWVUwXaYd4339kt613ZegAGajFXLgb4SOufVRnaNbSJwYRiJShcKqFsaUf1Y
2020-10-22T01:53:50.749122238Z 547 TRtqzH5sN8eMuJzwYWVZvTHof0ZS9G06X2CR2wsg9XNePb5sbEd7Qbelj8DF
2020-10-22T01:53:50.760581178Z 548 bDtByCD7Rihb0IaCNZ9kI9BBb5WSsNl19afkmha02ILrpvcSpzmxltdwfz9p
2020-10-22T01:53:50.771457082Z 549 Uox2fyfqYpDtUzw2vXxTAXsMcSAyqaQm0O4oat9T96TlPuDRLb5h2obAENRJ
2020-10-22T01:53:50.783771545Z 550 mteInejMBEUGDsBf1hElBOQAKPdx3ytxjfMAmIAksDNbGMEJFBDU73O39C61
2020-10-22T01:53:50.795325140Z 551 OM3pbu8RZ2MIoVbM28rDStfQtRrDUjsL19a0LHc2tmhrm3qpzvPj9TdmtAxM
2020-10-22T01:53:50.807050932Z 552 0i7uI5fG6uJZ9uumDb3daTKOCDPrLcMAuOA6yOlm1NsrcsHgs7KUDpzwkHOk
2020-10-22T01:53:50.819084520Z 553 mxA2pgHTj5XGZkHyvNMOyi8C3OvG4MQuxjOyvfXdoOEOEdJMaStBdeYFsb57
2020-10-22T01:53:50.830928377Z 554 aGHGEK5SzoDA4Yu87cUNhM9rTrYxKu0wYqm6H1zazKK2syKSlPOBv8HucPVL
2020-10-22T01:53:50.842362913Z 555 N4bB8Y5jzZj2mZ8xEr1mTSUYUui1OLbyiCRxfmEQnYKKdD1BJ6JEQeTkGtKU
2020-10-22T01:53:50.853172427Z 556 8yziDtSameHYZuT1TE5XFXVqH5Ih5K4lw9QKYq1tDKemoTdlZI0b5Hxafw26
2020-10-22T01:53:50.865106375Z 557 VlCMbGoui4OPuiS5S0AkQ4UOBqTKhgJDUU7WLzfXGXiNAikhmTgpeS6gSyJZ
2020-10-22T01:53:50.876178773Z 558 tBM8RaZTMFV7w9EAxcKYQUBKd067UOFP0E9DV4N0jKde1GpWvGeyJmpr7uyJ
2020-10-22T01:53:50.887217782Z 559 k2sXZIkw2BFhOdHwE6mKYU9papfc4Q8vDnF0TRbVK5qPMZYvsvcJqMk7TvXE
2020-10-22T01:53:50.898967628Z 560 edrWCf2PClVKxyJnyQeJSRckk0WBghXKQ0Abcqx4K3oitu54qVh9ieLclmpq
2020-10-22T01:53:50.909998950Z 561 2mVAc610xq9l09Cbk9HJYNIqFoClAu29GdKBerrHeAXwXURBHpdpQJ3wLtW8
2020-10-22T01:53:50.921725510Z 562 OhAJDaYtaXpWuBodY6UIPo3HsydAzORKj4c8OLHwjEueyaP5Z9DH8ijv1LZv
2020-10-22T01:53:50.932741262Z 563 lsAbrU8frCKBLxseyJkaNn3pUMGlENaH8gbHzrvkhLve8VqCHJ1dorq3PlbU
2020-10-22T01:53:50.943738996Z 564 2jdJ4FziKYhCD7yPZ7j8J5zCPqxO7qFRq19oGD4oJbohMMGsslFVWMdIYgvT
2020-10-22T01:53:50.954636789Z 565 n7euyVjeXyAujJfrDlZ76ekco7JgYNMhjAy2HyozMx3e2xuhNAuIKvc0vUNn
2020-10-22T01:53:50.965734170Z 566 Pv7zH64muTp4f6km62xuxLT4FSfNE1KsWowiHpmKESSjHUDgBDYenWNXvorO
2020-10-22T01:53:50.976252314Z 567 iIBu6ubuslLEf5XU0hfGT1x5oqCoO6E4sKT2kP0SHBNBYAbSnGEJ53F3FM8E
2020-10-22T01:53:50.987696741Z 568 9A8rdIDsgPCPfuTVEk5HYdjYQ8BoPzJFnmIhZciLjVw6ndNmdKLXhCDx8DVU
2020-10-22T01:53:50.998476342Z 569 IIASAOhiXwc9I1p2eZ64OVICr7zjDn4LeSYciyB3oozW2te4moyfRpGvgmtX
2020-10-22T01:53:51.009330098Z 570 WXS2lYxA7zk4UnauJ2GaIqEkYqexvWzm78l8A7PIfCg4iEFyNMByloTfzZXo
2020-10-22T01:53:51.020164975Z 571 fP9hqVlz174FpSd6Qy25KLr342yjMD21fVRRVptf00Wf3iKLjzbTexGFQfJZ
2020-10-22T01:53:51.031276875Z 572 8UnSWBZHBxnHl3QqlrufKyWOS24eJP0QQ7MHtwRfZvK9DaoAfq62WzTOM3Kw
2020-10-22T01:53:51.042421034Z 573 aBMdoDtWI8IpCrA2hY13VNbgCVWs7w5ws1hR0L8go3T5vQdgvly44kir8BSl
2020-10-22T01:53:51.053892497Z 574 bpAO1yooILYVXtpX6VuGpsGPn3WZ28pi5Fa4hbW4SY7iqmEuUS6fxvpzRyaZ
2020-10-22T01:53:51.065691383Z 575 YekLA9AunWNCXM1xCeOHkEEACZMNWxVKcQBiijrLUn8HmpYfZE63up6Knzga
2020-10-22T01:53:51.076613558Z 576 WQWCizHnuFnCyEI9hht4E48kpiAXT34lOnuGhHcyn5WtfRNhY6QTfFV4pjyW
2020-10-22T01:53:51.087290485Z 577 Onac3Lpda1AbI6qjotsvjY8ewCYi5ghJ3mlbtrpDYBnG7t0Odu5Zva8a903W
2020-10-22T01:53:51.098221179Z 578 SgQw7oVW7Eyt3O0dwKpAtkwgRiow3IPcmL1eT5uUkpJgYXNirxfeZrW0bXzb
2020-10-22T01:53:51.109824258Z 579 NVIrrFDqLj4Yu7w24Vc2za9oPSeGSi8XJQeqvbhqcb2URuEB9261qngczeRa
2020-10-22T01:53:51.121470594Z 580 09vqCIbJtFirrkhKFFX1hMP4nQOlITy4JvedMTcUBBaEUCxsgJ6ENY4uvMIl
2020-10-22T01:53:51.132345891Z 581 UWQbLvaPwLYi1pCIYcrHV5QQectpmbzyugh4frQEn4eWx4kNDwmo1Y6mDhyI
2020-10-22T01:53:51.143245172Z 582 XbeMND53C2FB7f9yhQPhTIIH94tY2TBInOjeWOHoKHt6mLwb0FwJKntP1ujP
2020-10-22T01:53:51.154975335Z 583 OUQ8MFOifdZl9g8008oTHeWtReOtvSY7di8ZgEzjvDIcEd9Nc8D1T26RXcPN
2020-10-22T01:53:51.166746391Z 584 2qyms8VJezjwfle1XJepOmGnVBM40VAcuoXldNSGHUgC42z1noLLs5eZKq6b
2020-10-22T01:53:51.177153471Z 585 3BBobEd1NXzDA5owkGmRGVqsM4efZDDUF8fen0K5BsTUCZ8fa6dNi0Y2yN5R
2020-10-22T01:53:51.188324268Z 586 Wv5wsZh7bTE7AFgeaTHm1dNHauXFaG4979NeXqE52jivdd6VYR5PD740AXZq
2020-10-22T01:53:51.199999858Z 587 LO6v8GmpFZJI50jjtBvCoHmRJnRXpv1AMNIM2S6YVjKsJW8vnXltcPRY0QSd
2020-10-22T01:53:51.211826117Z 588 0XTrrbLeddyjRAeJU6NiSvKGIdQCDse5ufJvbjm6L5dJdRMDO4WSVomR31ZY
2020-10-22T01:53:51.223789132Z 589 EZwKApxqejqRCkJEa61mX0OBPpB9DmqICI9qD4nWTR1Lknvg225jDIAaF1vk
2020-10-22T01:53:51.234384347Z 590 QjsVM2IOBGkogKFuMhAH8FxtMi0AjkJ8mYQBk5pDeE7kXmj8jAvJb0itKJLB
2020-10-22T01:53:51.245830741Z 591 wjzBVwrxDDk1rPNQjukVn7WsRejCJHwcuKlOzxKIbTVoKBrZbNq47nUjRM1h
2020-10-22T01:53:51.257467489Z 592 IKnzuJEONuLoobRSVLBYpPY3fIiWag4QKgqCFOAgSHq0lmlPj6PtLWbYHizJ
2020-10-22T01:53:51.268763578Z 593 Zh9qIvjonN0u3fmVWABTsAJ8mSXhOPycanyjcWkoSzULXGMWfwtDpTbDhWjO
2020-10-22T01:53:51.280611252Z 594 uV6bacTdq99QzwrOVMSci6EXKMzaIq5gdSPoHkH03zZjDQlvwnKsm5r42U8z
2020-10-22T01:53:51.292378642Z 595 dMP17Rq10FApaOKCTSA2AG6LOkJxI9TgK8fkP58ALl1P8Y6DbOM4B9dzmrc5
2020-10-22T01:53:51.303785427Z 596 FLH1OOyX8BesBD5yuK28evNpyDgA6kuqJMjBxbEeMWXpVzTPMvGnLB8pjsqQ
2020-10-22T01:53:51.315758929Z 597 XWC1yvNE9ZmtpFxiXuHTqPZSBiUMMNXd7d6Lxf6wZpyshtpurTKSTSnaCc02
2020-10-22T01:53:51.326332144Z 598 4qvrfbK8Xp560XsOkdi6ca2TW0qhbk6cRqWhV9uZAR8fmdz4RgEHCOSSvSn7
2020-10-22T01:53:51.337172678Z 599 fdYMDLgMerFUkhKzzQptcU30ezzJo5hl11ByQdSFxnaRvlTcqxRu3GocDu7h
2020-10-22T01:53:51.348177610Z 600 ZWpOW6avNS1T8MlqcZ566ErdI5Jnn9RqzKQDSNJQfQmH2spcJFO7BiTgkYv1
2020-10-22T01:53:51.359330423Z 601 WffbPbAqmJYxpADVhKyDPcMbpQ3v62hX6zaG9fPAXNu3tFSV9SVawd2wX3W6
2020-10-22T01:53:51.370641252Z 602 APJKN60snzDdJGRyVOTQ0k23LkC7PQrDHLetIqkysv6uyQmkqUnQLf8L4OB1
2020-10-22T01:53:51.381929965Z 603 PFBPXFeDsoxEEjnrJqVk1Y4rChDHTsz6GrVXcZdnOChWUxM2wQ0hOjfiUZXh
2020-10-22T01:53:51.393664177Z 604 spoOwc0HDdgDNyFGMcAt7B1OCxjtHHykp3Ut4L3LNfEi5Qcs8A5hZiSEUMT7
2020-10-22T01:53:51.404596461Z 605 A1AaxsMHEu3MMesZtRbLqXYRnsp6aJ6BkESthb1NZdEqOoMui2kuskQ6LU3O
2020-10-22T01:53:51.416128030Z 606 7faYdUolO9A6vJELS5Pp8GwcNexRpDodlwm6f4zemPei8PqI14M5DESC8VPR
2020-10-22T01:53:51.428640772Z 607 ew6lP2r6DG7sb1mkgsekcLQM1pvFmxXFcmPoi32EwesEapUQK35lLaaA69UU
2020-10-22T01:53:51.439411211Z 608 qmcOUxkbJ0BBkEn8I3OE3l1LYiZr2PEJIr72hx8hW07KdRZAHScK9wjcUq0B
2020-10-22T01:53:51.450779526Z 609 651EC1zy6FxdlhuE9pMQYkcTR6I1LnA66eQT4q7ocdqjpgYEwBJCbGlkFbO8
2020-10-22T01:53:51.462696846Z 610 KIkQbKWqsao21gG6gG2djWOQB0JzJeaZqZzlu0EHKAfkt5DMfekblWmleUIn
2020-10-22T01:53:51.473768302Z 611 HNFj4nmvbh1dnIlFJj72zR9sFXKCzP1N44g0j7IVXS7hCHCLoG3PV0YESIK6
2020-10-22T01:53:51.484873295Z 612 8SUg9kqdI5ZgjV3yC6rCN6fSP5TQtQpSiDCCG65KOEaO2PovmR3zxITPX0Rv
2020-10-22T01:53:51.496029537Z 613 fJHxeH5EjitzvlXjlAHeutiCvziECsTXMBX0ahXHCbIYnuZaCWohv983KDZB
2020-10-22T01:53:51.507104710Z 614 5uzHTRLdgwZM3AXx4k16fU51kQFhzLMkcn5QE4NNJ2vLkoVZeIxP8afYz1Fy
2020-10-22T01:53:51.518136453Z 615 2P7xWpFaGBmyeZa6ltT2ZRedHVQEu0qpxnT4hIZhAkcRZwFBVmEai7HWQlOB
2020-10-22T01:53:51.529851479Z 616 NpfElMYnX1Cj6GLVBu4kpoCcHeDbSZkSBIOfnTvqHdiyz8x0eHiiyu8wEZvQ
2020-10-22T01:53:51.541706566Z 617 c0VW82rBDskJ2czXL1aHcluV9mGfQktXHKQWqCyv0xUTIQBwfhBZIgjEsj8H
2020-10-22T01:53:51.553008098Z 618 WoeaLxw91T0pWTK7v27iqEAvbvEOc6LckmW0rOXkWZOQQLrSNa9zHxxgu8rW
2020-10-22T01:53:51.565164509Z 619 3VUhUJD9SI1ZL8mG0878v3yLZBmc1ML4fhaUYiGye7ilmJHqv4aOWCvEZ3k0
2020-10-22T01:53:51.576973971Z 620 jXIFml7qhpWMjI43MHcmVJpsG5zNve9GYSzUZ8EsBGG6jAaSb5iELjrm5MMj
2020-10-22T01:53:51.588428454Z 621 aZQysHotX5mK9ncSzsws7mFq2WvTQIg30SfehnI6sQaUx0FGjL5oOdYgCIsW
2020-10-22T01:53:51.599977990Z 622 CnnHckVhVLZ4vyRdaBEMzfAPcZ9aEOjhPInnOB8LR6zVxjffBfKOSLlUA45N
2020-10-22T01:53:51.611631613Z 623 zEMceoazoDjkC8qkTel0X5u7VTDWeCfLW9zSRubibdYWU7ieDajwvMDhXErg
2020-10-22T01:53:51.622940253Z 624 x5KwNRRm9d81fq7zxR4Xqq7uy4zADbxpliYOv8nlWYah36meG8YQ5mjS3xtO
2020-10-22T01:53:51.635388620Z 625 NnpITiJkeRBXhPGaaP2YN8PfsEtHX8X71gaA4j1bPVuoh8IyKoGKqZqwPBRO
2020-10-22T01:53:51.646293303Z 626 W7LbjlRQRJZaAsANEkzbj70kyWAgjBvKrnQFbFuGbkJZKnxnV0V7xMvgjYpe
2020-10-22T01:53:51.657746024Z 627 UiS0q2ySjqKpZNwIiT1gS1O4UncW3P34VTfLpijdlm4XggejAysP7mhPnvRB
2020-10-22T01:53:51.668479743Z 628 9vXr4haaXTuTLJ76E9Qj65KNeESBE6nEHGu3uZjnQOAZPIkmdqG9vYFD1qDD
2020-10-22T01:53:51.680029793Z 629 KrPwhM5U7Z4CDbpbSAsSozmiqpaCwZlTov8ZqdXpoyVTRfcZPt4RxUIEzSpg
2020-10-22T01:53:51.692175902Z 630 ibMDTD5D04SO9WEMvQxyfZcSt5tVGnHIOEQynq3BhKEhEWLBBFxxaVXTq2Yj
2020-10-22T01:53:51.704327268Z 631 MmqC5nFuXYBnwXjHthbICLR0YCa9UYnIdAEDbnShDu7eadRWyjQqnyAbiDRh
2020-10-22T01:53:51.715856688Z 632 pl0WvNQKnOCd2Oesc43hxJO6vNTDrQRn8BxIQwR2gf2rEwn8JDZfFJ9vSuYG
2020-10-22T01:53:51.727332823Z 633 1dt9rxxgG5fQ7g40ydR3FbhohqLMlOypuD32IwDzhAt3MfULwmPGQr8OHJ13
2020-10-22T01:53:51.738986915Z 634 I9Mv8kqECF2L744g7GKGSZIIdNu0xoRW1vgQi3vRRifMQUUThShK0U5z7rK8
2020-10-22T01:53:51.751112856Z 635 9GENLJGCeASsQfiSrhoEyqNkaRrhs8toZJdsw49n2E4b4h5qqkLlEVDVgNpO
2020-10-22T01:53:51.763071661Z 636 hEceSwAiebgNicDlk0d0eZkl40Tr0F3IBLd1rcPQN7eTxt5KOi35fJ4LYkN5
2020-10-22T01:53:51.774927331Z 637 cWDOZanYPd5wiXdAQGbIvpddGwwnTA902I0YRr1X6s93M5egNHtMNPF1ZDqk
2020-10-22T01:53:51.786267603Z 638 ITCIkbVHfh9Drx4DZ5C6idYGQXGw5jSd2R5NMayJ2Btai02hNKLq4UvDLeJS
2020-10-22T01:53:51.797701366Z 639 kx4x80fXyQIqRkuIBwNC8cbrxAQI9FLkjLaJiVnJVU5uEAozHCOzAGw6WUfV
2020-10-22T01:53:51.808488957Z 640 OFrqHGg3NQQAXxn8SL7CnTThBjyDkOz4wj3fNk1CZEWODHuf3I2NyE7SzJTt
2020-10-22T01:53:51.819838622Z 641 6X1V3oMtOQFS7Wm1JoZMdmHLWYX8zsQR1uni13faeDaR20k02JAPzUNjHMtV
2020-10-22T01:53:51.830486993Z 642 rGYVLo04khhLvV6opuix5W5ufbtI0Aziyqexj2g5fKvDiL2FXC5QRGjiIck0
2020-10-22T01:53:51.841612315Z 643 6bN5dHhuBZnvmaDdZ0oMmdQ870DEIr8JYK6B1V8MM7K05FJAXbxeJ08QDfra
2020-10-22T01:53:51.852854279Z 644 5MeOKVdm9z3XisJkF0XRPOFYHqj9Ob1EX1sY5tlPZAkEmbLZRJileei8OENX
2020-10-22T01:53:51.864424332Z 645 rJQfSnJpZEjC3oGNoX1xjYRqzrHgYlGlftAUM7cKPRee43TKKNoG53ZokWpc
2020-10-22T01:53:51.875210015Z 646 AcD5oF3qPNmhcYrwhGvJ3qm9uohOYgB1yZHNt7LXXGzrP4ENon9oNs5c2rkX
2020-10-22T01:53:51.886333113Z 647 MyUFEfpVhw1KdMPnOydVIkF3V7CGg18qoQ2EY0ZZ4yqWBJMwpqnKYeHlZQwZ
2020-10-22T01:53:51.897260914Z 648 4GjUS1hXM18dPKv2wMIfMd9yv14gKNbVjaBv2TwH5NJKLNNTFv3FQD9lX2JQ
2020-10-22T01:53:51.907934062Z 649 nJUhK6x3x9aNh1mGb5dOOZIXVanPiZSwe9hJfkfB1Uv2vyCu0sYBUziYOLch
2020-10-22T01:53:51.919399225Z 650 hgGvavM1f3Tkpeh3Z8Vf9kuYZPhZ96fpjsWJ244ZnxDD8OWcN8tMX5kV8i3f
2020-10-22T01:53:51.930090480Z 651 Ouz7U69G2Yz2Okx1K8HTCi4a5X1qom5RB6WY7AM6zqB0Z7gNldHusjvEN4JX
2020-10-22T01:53:51.941140049Z 652 wxXmnuOLseJ3uKh5IT3yYbmFS2Wafug2wFGlktmADV2mOrWqtKLzRDPErDkG
2020-10-22T01:53:51.953000867Z 653 XMGwCGeudx0apPTt2mKsjLeBCyERaVnmNg8zIwGXoJoMyJ5KXY5ujn6ivywN
2020-10-22T01:53:51.964145727Z 654 9uYiR0LD7ITxJo7HFjrA14Cgeww8F4pO7hQ4xKhD3Wt880LFtyvrkJ5O0OlG
2020-10-22T01:53:51.975404549Z 655 8Dy1z4XkENbLjhkFhkNmqrW07DRojHKVFXu99xENLaA1JqLU3bpkV6b74f7i
2020-10-22T01:53:51.986092588Z 656 PnG2aLprMklohDjUrgL0F2ZfVw1OEw32iQerq9hTkpteH3V7i3xVQ3WQb1ZY
2020-10-22T01:53:51.997680864Z 657 Y8KZyYwxVc8HkdzO68i4xBja55iU1cdbiZT6l3K8P4KWv6u4jDMkcAFookFD
2020-10-22T01:53:52.009100679Z 658 ZiXYGj1u0vJoLJQnDNe0nvkbruo5ZI9npbLuoxu1IYQLr4goVbpzxVVFt5da
2020-10-22T01:53:52.020306059Z 659 18ci0PPraKkVWfDqmVlsrp0WZcZCK0TtwUP3PJRNGMyLpAMOsLEIgLNRL2vb
2020-10-22T01:53:52.031212677Z 660 qrNUXOvAGCuDF1DhxSXU8AkzujKkD8yy9DP77TpIrWhEYlEyya6MxMCLCdyl
2020-10-22T01:53:52.042116091Z 661 J6aWvlnTYQIUl1y8JUujiBbUfalEjiwp2KCIHUd7iEjsswodkQnR5M3JGge2
2020-10-22T01:53:52.053642373Z 662 s9KoYaf8YT2rFm3LeNfYDnu8CQqXRNsGRwRnDFkt45xWYpeF33Pm5MfxvGYB
2020-10-22T01:53:52.064469234Z 663 nhDHdsUYkDUNz3S1XsoUNFo5KvgTS6JW38YvAkSMrndg3vQg6TBK7wELRHRW
2020-10-22T01:53:52.075464606Z 664 8MzcSgEO3bqwCxcjNpgyB8rXrUZBqzFyRW8EF0zuwFdy1LTPYkU8FoNHzYbu
2020-10-22T01:53:52.086545773Z 665 b90tuF7iE7TWPIvRKmiyfwG6QVPK6GuMWr3B6uKbYlSl5ug348slQ5fU54Bc
2020-10-22T01:53:52.097427012Z 666 lTw2XKx6gfIq7Vjk80OzQHtVNzQzt6JVGONGDFM8ABNKy17OMRVEnuXXElPI
2020-10-22T01:53:52.108335824Z 667 gBj5dReeEm4sLQbhJ3CH7RWVaeSFORJlWfb2y2qgav9piUWb5uG7Hwsc5gQg
2020-10-22T01:53:52.119892679Z 668 n5DFQ8tc7BMPEYW0kqFtctF9k3QsRk0buz8md0hgHl63MSgRlxVapCCzVO7P
2020-10-22T01:53:52.132292253Z 669 UkUYR9qfNdWtrm43x1C4NKRaDcjk6iLQzxzrAR3sI0YURMST7JqXMgF7wVaj
2020-10-22T01:53:52.143978735Z 670 zAgNOb2G7glOK4NDhQ0ttqZy5fxvh9mFgRM080gcpv86ecVAblUIepROwWmb
2020-10-22T01:53:52.155256510Z 671 m7xejzDgTpoyhqrdVE3f3f46tWYiZ63QPrAp6xyQMriEFT8mgC3LKhMomhxp
2020-10-22T01:53:52.166438350Z 672 XMk8XpWQ6YhL5op0oiTV7ZIesZTxhEAY71fNZnU3JWAMHnrWdpUJ3pgpHKF1
2020-10-22T01:53:52.177110843Z 673 gsxBgtpayI42fhlRaJBKX0rn5J6GrCNpD1MgrYaAK788P39nnac2j89qMV2v
2020-10-22T01:53:52.187874210Z 674 v5dFd2CTYzU8MeNHPg51gb3VnAV0poR2Hbh1jZQV6u94XfjNj3q6PKitXRFt
2020-10-22T01:53:52.199719542Z 675 uf6W1FWHhkYOU13LWsvhbd4lkzwROhny4TdHJOqQCZE1A2yUWZt1lxCDtlgB
2020-10-22T01:53:52.210631098Z 676 DAdrWx3nVqqs5e5W09YctrqOBObiEh2sUr7FFHItCElKi4wJ7kdoMTsIS55J
2020-10-22T01:53:52.222001020Z 677 jisnm1oufviLNtzfUzuhQGPmchklx8y1gW0qC5irNLOr3qoVYf9c3W9XFcDV
2020-10-22T01:53:52.232997042Z 678 P5hKNVjEyobgHYvZtH5FuCm7ISOljKLR9b2e5Pz2ncd674xl3MZX2qDjlQF3
2020-10-22T01:53:52.244764277Z 679 SOLEqvrn5qlTIH8Zm3nHKYJAttLQm1hucbmSZLi8iW8XWS027AvQg0DOPJas
2020-10-22T01:53:52.255602713Z 680 lqZAgeFDikvMiLPTxwIokfVmQKuVVBEGbfqrXFB38kvwPvL8ZWTE2r028EbS
2020-10-22T01:53:52.266868340Z 681 kytApn7hmqf5xhcWNtqRpC68X22mMx3mkHTWmyH4wPNMufISRNX4L0iGgOQa
2020-10-22T01:53:52.278891359Z 682 YxzQ4b2KSLxu6gFq0LPqseDk4Y6iXipbgpupnslF0mVSQvFMpOwy3bI3JAuX
2020-10-22T01:53:52.290932712Z 683 s68whezUut5tANYFpxUoNoe7yUbvGrZB58ykxoxZOrbgJ4pvOIAThds2xQz6
2020-10-22T01:53:52.302918922Z 684 FOnnTVE7TmDrSOULhlLYQq2JPkLv3nmiXHFfTgAxZgNNmmzlApHlFZgPztcm
2020-10-22T01:53:52.314285187Z 685 mi3MUfbvVdFcEIbInCt9psqi2UAzQJyBoDVSB652j8BCt9JAxYsrrezGLB0t
2020-10-22T01:53:52.326022004Z 686 BcvS8dsTIpzx5HNnntNFSTXfo9K2y6hpppA7LRwWAY8fRZLTmg08fVqwsAYL
2020-10-22T01:53:52.337966525Z 687 89WMF2fkC5wk9vA7QPi7JZNhTzQNXDBPmOa7fGxIux89YpeqawglwefKdlTt
2020-10-22T01:53:52.348948530Z 688 KXfbhuhibtlDoV5geKSjqvJY75JmFGFk1VMBvGiFkdxvIEAywaBjehrDkqkY
2020-10-22T01:53:52.361001150Z 689 CYYnOza5jcgwM8jqMxzI2UYK8uxiyCRJRCKIuziGbXPwrNzbe0Ndt1mxY2uq
2020-10-22T01:53:52.372264292Z 690 IzsL9lZr9R8D7t1UZDVqou9Rnke7iWiWqvmpKMVeSuUhl9rjGXiPwfGEvCHA
2020-10-22T01:53:52.383612293Z 691 tqYvmxKxFuyxKUKTRg3GMQ8hMhV8w1EjwZ8GNSTyxUM5bcLPR9g0iMCsre2h
2020-10-22T01:53:52.394446247Z 692 nQwBchW7ZiBHSqvMaJfO2ZZ12PTmhkdMjDRCNO38KU97yXhDdIIjBNt3sIEf
2020-10-22T01:53:52.405151834Z 693 Toa0zBJR4jUN3QfCOP29dy9576gcgtUsuLjrvC4fvflZFpei8ezf4iPuRhWp
2020-10-22T01:53:52.416181521Z 694 jRIOscCnHOfBI8dDQzq17lLBXSN0UScJe92n0HymDqSoy1XuOJW6Lh9UY7jE
2020-10-22T01:53:52.427084224Z 695 V2JouOENuO3vBHZbsmOTnLVgoZIHfLbVYLeWhOWH2MvhIyLyy7Lz98WH0b9T
2020-10-22T01:53:52.438769371Z 696 eZvEg3A49bR888mKjP1SkS8ytXRlZxq6BpbOFSmiNg0AexwJ4RfyKJAtImLw
2020-10-22T01:53:52.450401819Z 697 oBluhnLmcUBwTJSPFJiMSJA8LtRLPW9U6BdEFP9Re47NoZEl4yI4czR6b3Ww
2020-10-22T01:53:52.461881914Z 698 8T3YKLTEi8i2v3rV2kfHvPk3NYZbqOYDSt28Jie1dGIzeUvN1uB9V35B3kA4
2020-10-22T01:53:52.473599777Z 699 SwwjooR2gaPXbPfiGOi7oL0yif4D7INbzHcYPkiPIPlUdYZBXrJt2tt3Edlr
2020-10-22T01:53:52.484627730Z 700 nsTqd0dtyIVnRmml7jxBxwgDPF2McG1xIkX63nKzlfLpwOV8rqmwHyoj1j3o
2020-10-22T01:53:52.495659465Z 701 wn50mUJfaapRb4CXRrhLvk6l9vw2m1k9NsFEFYp1N8Z311MbLMpb06ZxmZFb
2020-10-22T01:53:52.506091068Z 702 eIqE2MxVB4XnT5uj1Kiz1Ni1W6vnSa3tEbR5OMC4l59gcqvwMju3wJsYDatv
2020-10-22T01:53:52.517141474Z 703 lAzSmpSoURn1YqffuXZXr8ONsOP7Uy73vVKWZUnFRvHeBXoi3mk5eYqT2ovn
2020-10-22T01:53:52.528893029Z 704 IKLmFguXofZv0sfwbQNUBJwmsCE4pq9oNIYlJzASaDmmIsb0fa8d6Bs5VaNE
2020-10-22T01:53:52.540263104Z 705 3vzp2gXqs1vvSeyZBe89Y9TEwgLamIUspq0uuUAubnJVX1ANrE9ftzEqeVkM
2020-10-22T01:53:52.551117100Z 706 VHQY2gEA7YeGPUVFc3pKEYeKKd36w9GvednFtGiriX51cmXhdha6yYjOe5f9
2020-10-22T01:53:52.562250900Z 707 0EBL0SpTcqkDaYefkx5Jh9psmt48PiumQuuWsLz4GvH2OAaVT1V5ZdaW4ElF
2020-10-22T01:53:52.573121041Z 708 gYAhvctwNaoHRizc4fpmCNP7EAhIc59WEUbudEWCB90vT1Oh0W8iVoKIQqHr
2020-10-22T01:53:52.584736816Z 709 SLtJNOO8tfEGy9lX1I9eOmcH8Q8wknHkEkmqgAqBG0CU7r3C5WbsUDxBxMTM
2020-10-22T01:53:52.596649829Z 710 gei7Fv3ifaThpMACS6h2sqjYBBQxlBgTE0ruoYpOYrkeDJzZ0PnJw5hGFlvc
2020-10-22T01:53:52.607088026Z 711 17dkAEqVkbpmnHQ8fj9Fmbe8VDNS1gthxR4h5t9bodJKtBNS13ZVN7KDrCpq
2020-10-22T01:53:52.618296330Z 712 vykuCwt2dDI0vlew8FngBtIJWW3n9cLTYQZELBZ1xAFdXZ2pTDXFS0sOK2mV
2020-10-22T01:53:52.628998732Z 713 CqWMn237VqIZbajRYkcafyrNXEFQFZ04w0PoJx1asEvq34RLDsQP2wVCRZSt
2020-10-22T01:53:52.641558505Z 714 SJsXwb1QZJ5X8aE6FngLcApMYsYWfhJs5WqsRQcXCDGPwhMWIslm11LCH0NS
2020-10-22T01:53:52.652767939Z 715 xr7ZrDTmssWEp0WyghavHcqqY3ft9ewl3CHzf7F6DZnsroW4hba03LpxXJlI
2020-10-22T01:53:52.663089063Z 716 XZn8CiQZ74NzNBzk1r54lAis1icLAzInQJXt2XBkA4v73ae7taR0sM3uG3jd
2020-10-22T01:53:52.674564728Z 717 Ug02lCKrg7foA0irDj0GYPWxqGf4rabis4K2HXcHPV0XlTQf8BWBg4PxLM4v
2020-10-22T01:53:52.685506470Z 718 mPnYCQPM1Bdh1Ur3TqiaywsspByZ5eNA30R773eUERnzfoObp4GcrL04eWsr
2020-10-22T01:53:52.696922661Z 719 dDfdIiNHLUZK1zpczWdRDO5dsUa8kcMjlf7IX236NqjLG5Fa4jEDqce0Rqqd
2020-10-22T01:53:52.708878489Z 720 MFNlTmDKU5RIumaSS6POtw9jaDLpFhrAU7fl9ADMw6CTUdIe3wJQ14GO7NNH
2020-10-22T01:53:52.719110379Z 721 9Btpxk0ypXZqJRGzIAv1UpcE55qFcfuxLecj8d1BEXTbNr4TrxiMWT0bqCuD
2020-10-22T01:53:52.730080470Z 722 BOiWvV6KzloOYMH6F1DjUjLzZHibVjh9qD4Yf2FzXGoas41CDawklEoEob7R
2020-10-22T01:53:52.741202877Z 723 m4N37BZoAQCiu7u0n7MxY2wlhXkBscpFNHUIdFVNt3yeAQtJbBWoRwlrEhVO
2020-10-22T01:53:52.752376463Z 724 XCgEs6SwESe6996OUpFvZhdniGDOd2gO3mJZa2gclZmKAis1SQ6Lul7YXclj
2020-10-22T01:53:52.762918882Z 725 rUwmBps89eRYmzqkCTvwNo20IC7CwOH7aDrucDdJp26DBzLO4uuLRqO6wSQw
2020-10-22T01:53:52.774551160Z 726 WcUKp31aIg2PCAUKQigu21uOUtlubI4LY2tbMgpmDLhZ0lqdwNVwJlvZVtLz
2020-10-22T01:53:52.785607295Z 727 Pp4punivVeDaCGkPlH4tkGJCVhghXXwdsuIZCM1x6f29wD2CgJl6ow9KPNe8
2020-10-22T01:53:52.795929863Z 728 6senaAc6FbJ5kw1RxxEUGcHfrsxN2rgFwV0dVYgz4zvDFdCMqHI6jOEgKaJv
2020-10-22T01:53:52.807913104Z 729 Mp8Y5gpAkDskYsuh0Wd7k82vHOloi2AcOah0jhwIpEcrLbnFdA3EiUa8HMSj
2020-10-22T01:53:52.819548321Z 730 p80Sq4n237h0LDKKIA9VFEQBarlIfv5KGcLbfqfcZIhlIxyimItmKhqOGRCy
2020-10-22T01:53:52.830273621Z 731 qc3N1DRp0lDe7R7gfF6ZZaoUl0O5jOJWUkBb0eniO5B3gElt2vJk8L6t3pTl
2020-10-22T01:53:52.841897692Z 732 7M2G3jfdvQCmA0cvUJbZhm1t3gSVGbMwGBBTIPH0HKKbEu0cQWTteWR38XIl
2020-10-22T01:53:52.856600703Z 733 0kGe7BCbiPQAmRGxzEs6u9SIWQLkCjWIxj9zuEe10s6Wv5GZJQkkXZkxcr46
2020-10-22T01:53:52.867263888Z 734 bB7xADbDrQa8LGqsn9q5DUySe1s6SbbiJBCge39aEJkYrIKRksgqHYk8UQ43
2020-10-22T01:53:52.878886061Z 735 q25yjXvGT0xcoot9jvg59wRiMnJLcrZfTYvh9jd74mThatwUk9fV1DKAqON2
2020-10-22T01:53:52.890435458Z 736 bvS1q0FBFnpDgi4ZfFNpgywOBULCG2KNf9HC7100HinqxNqRmX20E7407cSE
2020-10-22T01:53:52.902350326Z 737 j7DfOZczsw6LEE4Zg9lHMnAsPayFxgJHWHg6k1341nPzbaD1rWJQxaFTeckg
2020-10-22T01:53:52.913267495Z 738 dYP7AXBzEDuEAyVEUwGLqAZ9lJQrVgBOexqxgTo77nZatvBoHAEAzplWkSbr
2020-10-22T01:53:52.924404112Z 739 CzqoOJ7VF6C9eZQWvHqg4Opumq9u3Ov4ooCVyGLiWLt8uTYJJCJxB5e1f3lD
2020-10-22T01:53:52.935830925Z 740 faAbFh98DlhwT6ATnekGcFx4FnYOC43XdcxyCSz6pRbOpZv4iiMf9qTJznHF
2020-10-22T01:53:52.947086654Z 741 ie3LZaa3aDjG68MwCqSVBGvtzNP0a9oS30PxKtIqu2hKUNEoS7nLz9k0qx6e
2020-10-22T01:53:52.958559486Z 742 FxPSIZl3C7GTJ0gGnh8Yi3skLBiOhDUlKW9MV9i8NPa7kdvk1glRAOvYsXJz
2020-10-22T01:53:52.969663138Z 743 9bUNYgT2FlP9iYSwzC0BMxrVNi6rmop65LEyDbybXSI7CJLeLOrhGjTmyB66
2020-10-22T01:53:52.980042776Z 744 SuJjoSeR3mGwC4qf7OmUlfEfgkPPBTw5DdECfoZ4dh8Fojtkvq8asXphUEJo
2020-10-22T01:53:52.991576245Z 745 yycZxEFLuQLaNec9taATJAPd2EFrl4i9buNAuyDtaChqN0gtswZv2Zx1hlcf
2020-10-22T01:53:53.002118066Z 746 jxoZoPm6COFVvdiLRPpHu0KNrsTlvRBxMrbSQZhsjGE3lkHiKa73lNlqk0tz
2020-10-22T01:53:53.013831537Z 747 crzGey31WexajLU6zCf9a6zucMfJiFOVfEnnO1NVmAjFJOnSS4OGf2dINTiq
2020-10-22T01:53:53.024973832Z 748 yy2NKiq31rJ9lbUVwYyb5yoiLk1gCKhWRjJGHf7P6Tlp9s13AJM8wDM7EALg
2020-10-22T01:53:53.036998405Z 749 4JRrtzZ9bnPBkFlRGqrIGnvlDLgPO1ZvL0c7u9srBEHwekWSuswBQGg84WKt
2020-10-22T01:53:53.047325672Z 750 SPsxTZ8i4nTRppzlqZmil1K5DuFirCthhKp1TXyF4BlObkcJxQGFdXkpbFBr
2020-10-22T01:53:53.058185578Z 751 uigKBqmh9eyqZAHJt5GYqzUxdCdosfWGbaDZJEQMptI8OTr1HWzWNYIn6ma1
2020-10-22T01:53:53.069984598Z 752 snLsdw1WyRtgEcf1vkHoaJWhhsdcy4TNdknClreJdJgxNNfmZeUMovaqAxzG
2020-10-22T01:53:53.081157016Z 753 dKHdzaqICZuodnMW467Tqn9y4FvG7YjsnAEKkJN4k6M0pFJIiSaJWt7c25V1
2020-10-22T01:53:53.092681936Z 754 LBkSYxRjiAmEOjub9PGbgRGtQe3UjieKtSMSGfGhD185aZLTHsW39pB8Grsp
2020-10-22T01:53:53.103510477Z 755 MeySibfmDNSg2MXTo9BMDLHrqyw2Y0CU2mSAgqoFEX2RojIhv9qNcZWuKZtt
2020-10-22T01:53:53.114431564Z 756 CB0Y5ExBlBOMxP14ryai9yU8x1HjVCsXmmMnCb6laRdozKe3YDeZA84MNR3f
2020-10-22T01:53:53.126243986Z 757 35rs7SNn4lixvmEt7QnJBKaCbyHJByhcrFKmcvegif1pWCiiWXAXJbBiFCFx
2020-10-22T01:53:53.137244898Z 758 ScJPK23IqXr4UZPYCVLh0N8xm7TreNXtSJQLk3zLHMxRcsaiHxVf1kPBghke
2020-10-22T01:53:53.147950616Z 759 UeWDwZiJAQp1F4uZGz0FBjFKdiUvQn78e49DI63jvXWb7b1aWNQsFGdVo2ZP
2020-10-22T01:53:53.159486805Z 760 o5QPwFjzpq3AvBlHeTvbuygDWmbte1IWODiDl6e7ieNfKCyqD8DlbmbxkuL8
2020-10-22T01:53:53.171079311Z 761 dRCaS4MVKaTc44voaPECrmZw8Q9Sp9ZC1iYfnZyIhBn7WS7J7PU2mfe10N8Z
2020-10-22T01:53:53.182067092Z 762 pYlgyo2EiofeLvrGiXuSREnj8h9nPPi6VPeYF8pR2wFV28AM93l3HHw2SJV3
2020-10-22T01:53:53.193139677Z 763 NXu98VdyUMMt6rV6Y7LHoszwJh7BiASuFYrLIZAPkLBkYDGM1lQJaqreHBe6
2020-10-22T01:53:53.204870922Z 764 W8JqlaWPtatg0tk6NhMWGo8KPJvYz9WwoezJauVUVaGsMWlCy9Y3sCk0MhhC
2020-10-22T01:53:53.217070586Z 765 JFedjqWmnlL6yguJo2Sr9uVwxGNkyzV9IqP7TYouDXPEBorEo3WTHfmIzesE
2020-10-22T01:53:53.228301719Z 766 Xe5hYBIarGC8laOLgLYLwlhPEWhLlwc0oCUYLvuX2Rg8NgMcWmumqLOdJSCu
2020-10-22T01:53:53.239071142Z 767 Pe4Jzk5o88yc1SEG7IrdeAqLUIecfsg0fUmUcYLi2xZqPYriGASpWsD3N5RH
2020-10-22T01:53:53.249984486Z 768 mmAYP0bwnZSunzQTEzazIq9D48UGeRHXAtuExttPxRtsAploMG2WpFs8lMs2
2020-10-22T01:53:53.261916828Z 769 io3r2hi9oigpXxRQ7fecUTG7pXVNiCpceaFPt81yKMCNzd7fT99xoz9pxvww
2020-10-22T01:53:53.273932967Z 770 3lLg0Dqe4eeU6BNFvfDBzPSbKsQPqKAvopY4IdA47KFiUd14UjjOa0GK20zI
2020-10-22T01:53:53.285919097Z 771 4VVrILfB8DdtozZqRuS5QhtDrS3z7k6mPTdhg3jeNv7S4aXrC7van7LEYpAT
2020-10-22T01:53:53.297623071Z 772 C9fdPHVdlAeWnqmlJeCvO11R8N6ZxoSwRTmv4WdzhZNjHfktJ9HB6Hq0rJOR
2020-10-22T01:53:53.309389898Z 773 Boh9zPz3v3LY46cGwvoaNvfKAE4G2D7FTG2ZQxhiERc5N7kJrlZkLJ8SqNJk
2020-10-22T01:53:53.320636074Z 774 ocA1aCAm3P3g9JsEg4gCGGCJgdpqpVTkzArW7ql3AoTTkj72SdczgFzNf62T
2020-10-22T01:53:53.331595968Z 775 pi9KrazvcL0ukC39P2ilZ5X5IgRez9q5CvnN9gbd8o54g1nOCjCbd2oO3kEQ
2020-10-22T01:53:53.342728570Z 776 HSITiqnY9HZMfGl9SV2fLiZlsbgd6iidFNnvjYGkpgmBHgCXZHSwNdqrywSA
2020-10-22T01:53:53.354548088Z 777 YR2GPxx8Dk6DqexMkNbvic7SkpyLJ07Mq8dK6TCs08drUx0Vrqtt2Xryaa3x
2020-10-22T01:53:53.365289414Z 778 Z1CqsMMadXn7cAGAmFIduRxf3V1YWGvkNd5hfDzlMCAAWV15zifZ6ad5H8Lf
2020-10-22T01:53:53.376508268Z 779 reeB5T15yL6Q7PyaEwcSEn5eWQYNSMY53GCc62hNPxFyk0frz79PN75KEsTO
2020-10-22T01:53:53.387376030Z 780 xq4imcmr57WgNfb7Jc1t00syCGGiGCPNpC4qEBPBsuphbR6bXyGS9esyL8bB
2020-10-22T01:53:53.398698474Z 781 tsXZVZhx5bFroQ6ya9pkNvTXdfGLKg8LBDxnGABeGvcS5fJvvk09xLPoarsp
2020-10-22T01:53:53.408846119Z 782 YSZcmxPlwaJHFdDxaNmH5doaL0HrtRvhGZkDbj6Udfh9uK14argLTlRtKH6z
2020-10-22T01:53:53.419969520Z 783 RIn4bUR1POX2O01BNvVfrJsLVL6mbYI4VTDXDr6xYbUpZxSC0D7EEe8M6bKC
2020-10-22T01:53:53.431242563Z 784 rS71laBzn4ADZTCFUoMU9pNTAtLxcYeeR98hqZGptQfTjL1PychNCC1rXZbG
2020-10-22T01:53:53.442551964Z 785 Ln69132mqoLJOIQaQVC0RYHaUyjaMtjnWHu6EOEhde5szIgMdhxfWS0144O9
2020-10-22T01:53:53.453401098Z 786 YoFN7ZBjg6jc6str5oWif32lIAzRZsOF6ySXUBmNuWMoS6gQhuL0xit5SFPo
2020-10-22T01:53:53.464882016Z 787 Hj0IEsVRqOSjQd1iNs55m7LCOP2PkA7qXB0X6Ym0w64Jj7t2B6tMIZGQemEH
2020-10-22T01:53:53.475776648Z 788 jERsaDqOJrN8atcOKNiGEG4UyDMk5przckfZp9mlbPvOknlhjVgGSQRXeEED
2020-10-22T01:53:53.487071690Z 789 4Jx7Qj5qYipBNxQTtRHr4MJ5qwKFymELDSIXcFiRPscOisDGBRl53HO6axdv
2020-10-22T01:53:53.498522449Z 790 2OxMPsjkp14k7bxNUBzoBBtqeSYP4znDFimTLk1ukMzuzDOh6COpBri2hdQ6
2020-10-22T01:53:53.508964196Z 791 yAgwplTdWCpkvXNMseews5vtofcYkOeZ66JlDXOV5B0dxxFf7hfyZW09oNe3
2020-10-22T01:53:53.520482341Z 792 2dYWIhslGFw1gXBHHndqoECMVtIj9gzyI9NmYa4JQo7DZgwn5DdTeem84FsF
2020-10-22T01:53:53.531045973Z 793 1rvm1wWnv2h4AeKXQbfxxJz1e3tjAV09JrTJoZim950KhLLfGAyPVRXyydtz
2020-10-22T01:53:53.542826885Z 794 IIVBVtwMKAle4nRng203qYlfF0MylaXO62rBglyKOLTWG5Z2hyv7G4HMF0mx
2020-10-22T01:53:53.554172060Z 795 1nCIMtqKEdjXpeGQ74In950eI0XEcppofPFrEaoo8misls1WFCkvVHMzRQeq
2020-10-22T01:53:53.565772599Z 796 LFBZjeJhGCqK6JwCkCVvH4dx2N08IcycMxziE5eNEllz4nPMi49RP9NQM2Zk
2020-10-22T01:53:53.577696513Z 797 13Rmf3TvinwPzgyIfwJeHSedZFotJFhHvVBeIoMfgZVSP1at0ApJG61hnjZg
2020-10-22T01:53:53.588716900Z 798 YVjw9sUP4aj3Cr4J68y7BCttEgTqBMTisZh75pgTMHyDrZHpqdDy8OxuGkuz
2020-10-22T01:53:53.600782502Z 799 zvqHiRfqrvI2ELMlameQBM7UT5jTPHLV6uCWXSoeafUPX7EtaLxvRZyHHoC5
2020-10-22T01:53:53.612286014Z 800 LsvY6TM00bH48uWYS5BFS0WgDXANWdwYf6k7bN1Ux9MYhRxiCKFrGWTMJyw5
2020-10-22T01:53:53.623516952Z 801 HtOPDahWy9iX0EQH3rubfxeuYg5ncN4pCk0v88eb5TSFwP8mGkU7XBNXtKpR
2020-10-22T01:53:53.634077590Z 802 s3fsBwDxhz2pUM6tWEBlaZlxBwaG6DuVCDq0tX5Q88XtR3ODfXSqJAP26F1d
2020-10-22T01:53:53.645738503Z 803 hs7UHftqSraAVWFrwRAbfpLKlJgh6NgfjpK4mqM2IP45BqmkarMGaiwTZuUA
2020-10-22T01:53:53.656745206Z 804 N6KvDtJotqLuHxdf1iVA3NgmZUjuf77hJh5Xa1XV0Sa2TPXOeyJmdMWdoo9e
2020-10-22T01:53:53.668805276Z 805 VCmDqAkSkYQpH7UK5zjuBFlMc8tnNKwTopDL5XEG7RiaSYHfDXPMxBd58BDq
2020-10-22T01:53:53.679630908Z 806 gSZ8GdN0PjCpD75XWOjiHEZjzMgjVTGCfudNtilB2eYd4cjRgy3fRVGxhXqq
2020-10-22T01:53:53.690961940Z 807 IclYMPdtG4se0YJx1RMtV5ZupdwUfJAzn7ODOS0cDdMMAWmGXAFR5e8sfNHe
2020-10-22T01:53:53.702512881Z 808 FvVLMtkSLUQuT87cFYC3V1MO01tMoRLcpbRBJ9O2LRI84fJFMipIcTziS5cL
2020-10-22T01:53:53.713120102Z 809 01gQs15JfzUMokzsDhDyzMU91QytFksqhtpk34JRxBwJzfv1eiR1cXb0zFQQ
2020-10-22T01:53:53.724904688Z 810 fOYCW1V481DXQ6HVVDWPyQAYkS8V21dFQa4igegIvFggjfjeO2SW8I57CT2O
2020-10-22T01:53:53.736547202Z 811 DlNSUvY6mzZiyMYF3ygFs0FUGRqgFOHil2V7LSmo6lKNa0IbhzdZDBlKOsIb
2020-10-22T01:53:53.747879352Z 812 tc8T8XslGIVhhCkKY9odDozwkIN9386pU5IHxa5aGm7w5NBRNBoqRBSnwuyj
2020-10-22T01:53:53.759296321Z 813 WbwBqBvEgARGW0c2cPwJ3iIIzA7u0GmsZdeFIj1XN7x0G52H0cUq8XxOAnA6
2020-10-22T01:53:53.770558818Z 814 jp2zF2tcMUdfwD0z8IiJOR7VQjmtNN9V93ehAkEcJoq8FFdV9vw4CZYd1ij3
2020-10-22T01:53:53.781156427Z 815 QMy7rwIIzTu0Cdljs5PeQSmyLHge5J2F7dzNrrFWnNNianwCOvusYlxRf45q
2020-10-22T01:53:53.792551041Z 816 g4OhnQpud7Wl27vjCo2Lh5gjUEtPRDtxeY7SCOI56AOYlfGj16jyFS4WHn6A
2020-10-22T01:53:53.803402011Z 817 oLCJIIn16QEDPq9LraYmj13Oq4S4dLiM60KqJh8RJTnIoRfmmVbhAyNHdyv7
2020-10-22T01:53:53.814725323Z 818 bLRnstbhnD51UoJT8qWluYg55h17wZxj0zh4DvWsNImvWdMefj8CcdpHsdQu
2020-10-22T01:53:53.826266380Z 819 hseNZMNZjYrFrbZSUHvy3NMCXNnaGnLxvyYJd1ZWS0mcVWSQQ9yB4JUisIz0
2020-10-22T01:53:53.837620019Z 820 06gR9VdH8nRvBq2kWiZRycvzaFXi9WRwqKl9uQxN0FGh9T3vH2w3cZCYB3Z8
2020-10-22T01:53:53.848093361Z 821 o7mT81ntu9u5LfJsB16PqwhpodgpQjBSkQHSqQYOcF9OjVKNMA8Ozzq7yj9r
2020-10-22T01:53:53.859398917Z 822 AOf3eh9bjqRyX5tQwzjfxDhicrRS1cPxbJMjn9RN3jpUEaeJVsa80dWboZ4M
2020-10-22T01:53:53.870883148Z 823 LaNmkNJrrsjArkNYwPkiJXjA96H5JJt76je2EEE1mWnBrpwg72PQUUBe8ebL
2020-10-22T01:53:53.882388887Z 824 Slbu2OhwT25LjzRQw7LweLmQc2tG8MvgoDfCuxlhh4NrL6O8DMtu3Qke61tt
2020-10-22T01:53:53.893518449Z 825 xth4qdJb4QUuivG8ZuWJN6MiULSUsSV7Z1TwUquLHua37t4lXFPaWv4CW6Az
2020-10-22T01:53:53.904505479Z 826 W6mDiJx0wn0UXg4ee10WHVRI0eA9ThevTqEng0x0zQ5C40UNaCzWydfn9pIw
2020-10-22T01:53:53.914953129Z 827 HSKhV0Q6Qf7CeZ0QACLB5hxbD2tGVs3P8O7XReXoH3r5uLnbVmm3epJOUZVK
2020-10-22T01:53:53.927055178Z 828 p4TZ8vPHrrSYCEnYDYEU7uGmI1o3Z91Ezx3goosRH5tyFrgQikbwcLu3BPcI
2020-10-22T01:53:53.938678223Z 829 kKgmxtMy30fgtFuqycwjgGMBhqrRS1uDZDhyorHx0T7lpbKCiUAHQCSudHXG
2020-10-22T01:53:53.948837776Z 830 chqIEmexhZ0JhbfNd1HGuxeHAdZaIluGprBQWHIcuEKo8UfmeZ4NiNAA8SjV
2020-10-22T01:53:53.960433681Z 831 uZWHsAinaPigVj3xUDE79lz57HpHeF7ZS7OY2PRQcGXyj47Xrc1PvW8MJeYs
2020-10-22T01:53:53.971647837Z 832 OE8RHyYdiVCtHF4FgS3xKt12JGSKqwr1nVYSgNsUjIUJ27xLV6fXOIE3u0NW
2020-10-22T01:53:53.982761233Z 833 mhgrBc82upO7twJGqy6BGMYgjEnvDYgIAcfTSUafLTBxv2lfmH7biUp5vIVH
2020-10-22T01:53:53.994206304Z 834 XymdWwbE49ueeouCMBNJv98ESFCgnT0O3ot9awdavH6q9V81PJqgsxvV6b0K
2020-10-22T01:53:54.005436056Z 835 9XdnGYSMmWRFTUre2YpJ6jDULWgtaUw77l2x4Somoy1VfFunOJdjMyxPf9WL
2020-10-22T01:53:54.016597268Z 836 ADEUswuyCbeyMDqxKV2Z1Ue0mCopKl0UIm960jY5ORIgg6fWUCAIY38mJW7K
2020-10-22T01:53:54.027040760Z 837 XZ9AaU6S2YltS1dsDZfdaNAsGaKIGeWEIOEu00vLvFSnLrxYK8tjEeWgddhZ
2020-10-22T01:53:54.038293619Z 838 Vrgxik9c4HedTwSGaT1A7AZ8kdm312E3B0EwRZt2gX5SJapXYeH4u9hWlSHX
2020-10-22T01:53:54.049769084Z 839 lGsyo92sb6mZWtHu6JJOdqQ4wylF2vXgMKVEVHCN0ZYs1p8h3WqNhgPbDHod
2020-10-22T01:53:54.060537819Z 840 nEzPM36gPcw3IwuZHaOl3G2L077cc6EVJZ5e2i5gUX2hroe4yDjqEHzus5Du
2020-10-22T01:53:54.070891949Z 841 b26uHFDtW7ABHw6qbsdfEQi4s0uByFQoMYOo1uiE13tEKkLvUUjDtgJQDke1
2020-10-22T01:53:54.082366833Z 842 l1af1Q1K94xLhpH1MlwjevfYknAeGGHhqUS47Spw4QRiKiabmhUUFFG4THar
2020-10-22T01:53:54.093971694Z 843 aRUqqqIBmdtAP4awBqT8dwHYQHpiQmUebU3NcoDN0QREQ4eOoDnNwCGQtOAc
2020-10-22T01:53:54.105882537Z 844 jB96OlzZg7qpUpAY9zgewrWq3J5npuzm03nMcTiPh939rEJnM46bWmTuVCb3
2020-10-22T01:53:54.118341451Z 845 OqQ1zlrTirzJLtdVkc9dbOL2bOeVHGF0dniVd6iwaGC1zfp3nAbbQ1m9a5oH
2020-10-22T01:53:54.129045306Z 846 nG0DiLXbyFJ0gHcRMXYIHBfPeQKNleuDttnvaulracb90BxjWF7Fbx3MnkrB
2020-10-22T01:53:54.140360237Z 847 PJJg4ExV5SSUnpl10G9OUygtzK0uqZcyUc69OXV7hKVfLGPpG7YZtCMs3mYe
2020-10-22T01:53:54.151836221Z 848 yCMZkMlvKCxsVzjTzuvcinJKTpliAnYz6fDIhxAweZexTViMIeRFriVHcUuV
2020-10-22T01:53:54.163655310Z 849 CNH2AD26dc9yNl6hgmtY91Gqg8zw8nwmxJEnhxAZkVyneeiTOwS7C5JzyEZs
2020-10-22T01:53:54.174765564Z 850 Wcs4OGBMmuYmUg2MBawiUP5dZD2VxVipIaO49AqD2jtmcIQYId0sDJomXdCW
2020-10-22T01:53:54.185663444Z 851 f1RNxQvJoUz0fwclWZbAO6CPoVMC6XN87ApzQeGwO8lzjeLHy9Ug1W1zSNdv
2020-10-22T01:53:54.197330929Z 852 p2HsdaXi5sGUFCeJq7Ns9wU7zUl0aSm8MSEld1nfdAKoHG4E6r9wH8ZZGTWv
2020-10-22T01:53:54.208652592Z 853 pa3OJHYR6A9HyA4Q8dhtZHIHlpPae7aPseCe9DUlj2voh6ZuC5z8Wocol3MJ
2020-10-22T01:53:54.220354571Z 854 z5Q36cq4oYHi7iF2yP2V07yFwREqwgMihDsnMoEVhhNacTEh3DE0QEHMZn1J
2020-10-22T01:53:54.232019203Z 855 LZDsHByfjptyuprbnok6iWu5ynAUTCR1Vy02veDpRuXX7z9E5gAN8KR6kzm0
2020-10-22T01:53:54.243901984Z 856 pEfG0EfWXrv1CQhqSwuEf4iHLU3qLSXIquSaqEUbNZXqG8tdCLD3kBcqGhaD
2020-10-22T01:53:54.255068525Z 857 56kAoPJQnsSoBe2XTdd4VgpIvc3wamoIdzgeTeDvudLiNJ4wqLTUlYE1Amg1
2020-10-22T01:53:54.266780300Z 858 pNg9MSnCdE9mK6NLLroSgdVbZKeU7pF6t2uXO56wNI9yNbJTj0L3CxdMoaYc
2020-10-22T01:53:54.276971953Z 859 hvbCaFe2x9JzmShGmg7MdIZokBaw6vVkd5SqGRLFnz8GyD3KhVGx5oF4WslB
2020-10-22T01:53:54.288569296Z 860 9XGVrcYG7K5fatiRHv2OfWY20wXJFEdi3M2R7a81JMQU53huiFk7BfC94vHn
2020-10-22T01:53:54.299610760Z 861 3BRIERdbCwVi9o5gu59bOca78o7JABiNAJQFjBAdhpS3sHtAggu9HNVANHdD
2020-10-22T01:53:54.310758725Z 862 z2EdA1Vyx2bSTkqFLNGlwleMHubqMjRFFdsASc4ZUFlXVLBSjG14JJj5ufjn
2020-10-22T01:53:54.322932931Z 863 79g9pfOBmoDK34Pz247WXPQGdtZnuJlOwC2ElWVDkd41gSVQwQkBZ0moRkcn
2020-10-22T01:53:54.334238536Z 864 KJggWkfsxu4sHcxL5Pj4ekL15tnxdQyM3wbMdVL6I9xo87PQsyfg2MsfkmAv
2020-10-22T01:53:54.345115302Z 865 waDo2soeiaPukGZib3EOqKm641h5RRGnrZ6hPSIUNHp3UYDRjOVuC83vDAcF
2020-10-22T01:53:54.356609077Z 866 EMziZnyQqquPzBRlX3GZn62rrJpJfacTSJiQ4kXP3ksN5xkaUM9tZm90XJAK
2020-10-22T01:53:54.367215652Z 867 7cP5gRWgx3hmMnR1NGgSeRX1KTd43JORtS0DXjNIR3xX2D6i3nQlOvd7wtea
2020-10-22T01:53:54.378148318Z 868 bCkOPl92qjwcNX8B4bokm5459Yfj49pocUSnKR39swnsTMDv20v6AYgrDOUK
2020-10-22T01:53:54.390373511Z 869 OTBBg2TjIldJS1m2nwG6GQ78pcVsEM9Sso3TWCkzi4caC0A62bnr31GTnB6x
2020-10-22T01:53:54.401715515Z 870 9NfZTdOYG9622V4LcG2ZsSI8zCyJPfQtVoanSxy5Qj7EmLkyM7tCrVQ001HS
2020-10-22T01:53:54.413459519Z 871 bh7DOO1pygwnIx4qQ5AJSnCnRAtKVJGnpe6WFtmzBED6hVDB5ekMwLjO7sTM
2020-10-22T01:53:54.424377217Z 872 VnPr5WzGib4SLHMEMp3iHBAELN5nd5zK9x4EwyZic53TTANYhjUNNhxpP7yb
2020-10-22T01:53:54.435550256Z 873 RbT3DEYgZ3DdZkGaCtCd1U1bsvnYJoU1OLsxPi3l7MSInT93BnCYYYs0jFhM
2020-10-22T01:53:54.446584167Z 874 305Y1oK6Qjj7UuoS8bvQA8jYfL3tmSWo521v3YZ40rN9ZOJit8I2alen5cOq
2020-10-22T01:53:54.457011746Z 875 Ptgwz2V7OpE9Csb12I2PxsU35XnZgam3qeAQNcvj488MNz6Ogw1uxFJmaSxW
2020-10-22T01:53:54.468280841Z 876 JTWyU3LvkvpLMctgjYHNCmGELn0gpFt9WzbR6UuKkdaGL7yEbok7bJHvf20B
2020-10-22T01:53:54.479586527Z 877 fb678YmVKWSFn67FjgMaUkfRWsBuaj4xprsFD4MALdNjOLCgnLboaPqX0rph
2020-10-22T01:53:54.490290146Z 878 3grPp1M7IX58st6sp5iYGUCC52q8OodyuFZvgOWeb3zeKTtcqL3hjNKFF1GI
2020-10-22T01:53:54.501254796Z 879 6UBl94ZF5AOqLohaKBL6OTMp2qGunfaFEeqxOCXuTh04R9LyQbRu5hhLnkwV
2020-10-22T01:53:54.512198453Z 880 EPJn9BGbCbPaEvatroqBEIAtRHApTpze8YJ6VgGGzR6GSXPak35DXVQq4i0v
2020-10-22T01:53:54.523276999Z 881 hpoxvTpJI7eEINxvhCdXLDBtlT8aTQjExxHsxlB6sEEdXBRKrVb4NzL4Fhf4
2020-10-22T01:53:54.533983471Z 882 FvxA0L2hYG1BcvV3AG8dZitfm9kfz6qLSV4gxQ6tcuQntDjuLYe5J1GRvlwX
2020-10-22T01:53:54.545802290Z 883 6ICnVrGmonR091ouLnyfpkO4tSMnBOaOFuiV1XQRfEszVMH3tbiIWduv5hJW
2020-10-22T01:53:54.557610360Z 884 tu3KM4qY5HCn7X1Biuok1EDnCX2Udl1LAWxr29mnyWdiS7AvPYrx8treEH40
2020-10-22T01:53:54.568909468Z 885 Uz91MCk6vJqpkSdFhX0C6FhUTHKyqx3b41Ivz6XtKSwy4QZXFJl9tISugCkK
2020-10-22T01:53:54.580980442Z 886 ALGl4NVMjRwbw36kXoXwxJRxQDCvPGH9iRGGVC0EsKVfMOO34xx2K7f3a1zx
2020-10-22T01:53:54.591930729Z 887 HRB9AT9kvxknrzZBMUjsrIOrwJjn6HBdCqp50Pj3TlkAg7W1zriMNypSuM87
2020-10-22T01:53:54.603777471Z 888 Jh2z43ncbVmg2n9ZORJziuFAgkSmwIj30xVUqad5QJxpzvsRRO7SJvHmYwQj
2020-10-22T01:53:54.615719194Z 889 ty0p08bo6fHkARzgGU8et9P1JaEYyLMHG3nlitddNShHylPWlbDqngiJiMR5
2020-10-22T01:53:54.626487372Z 890 Bmqk2SElKo2aBStfZLr7hXtxAwfAh798vWa0vQDT1yQYNnFgmGTpl77DTyxj
2020-10-22T01:53:54.637252942Z 891 emsBr73FX3nTdLolfqe6IBM7J4o5KSaydbf67lNGP601AU9nmeU5QkEfQHHd
2020-10-22T01:53:54.649215992Z 892 NuOyGOW1V113zJPrpMJsNQEVQP7lLkBLJPKzftrmG260uqox2gIIGvDUc0o8
2020-10-22T01:53:54.660703540Z 893 QXgBHZGG6TNl7W2WnqAOechmKDkadMWpas4H0QqBYV7hXFnlJ7auWbQQLidz
2020-10-22T01:53:54.672633181Z 894 iyhWBJy7BMA4Oa67EOiY6LlhMq1JEOpOkckStfOLfxN7doxWWrYA9MKQFrYT
2020-10-22T01:53:54.683550335Z 895 EqMFrZFiqf0l0ElB86ece53amCNNz8xJkfnQw2qnAS8rbK0elZKMLNGB4MM2
2020-10-22T01:53:54.694353538Z 896 CZsXcrOwgwWx7vCMIqoL4y4rZQbkLMa8xcYz7NYftgPPV5VojaOURO1RuiG3
2020-10-22T01:53:54.705162414Z 897 4cSVto7HcP9WfvoduHRsZAASq2nnFfzpsHdwiOUPWRJvA2m0JD7SoXAn1n66
2020-10-22T01:53:54.716335163Z 898 9YUeoczQoVQOWInFNLyVpbKK7hiKf575xLCAXB08n2oaMT8juEmVUJm3LCnS
2020-10-22T01:53:54.727844610Z 899 nItRLJSOVl5caQg8367zrVCteMe3UU7ifn0Bnizg7Cr7HWQIDqVlpbkBSdMa
2020-10-22T01:53:54.739434685Z 900 QS7iKwPOuXB9rD4mq0y6fbygLMMbIVViNTMhlCwX4vk3ICpjlNGPMZmENimD
2020-10-22T01:53:54.750846628Z 901 Gz2rq1MrbRFTuqIKSKi569p68FecsqTqAjaFXYHnS4wnBZtkAvov4641qeOY
2020-10-22T01:53:54.762638993Z 902 7OhTRH2jvkegPXYMdhBzwxpSQ5QUErK96gKU6UbfGhWwz5Lap0YEkNbLFHUK
2020-10-22T01:53:54.773468503Z 903 D0RHKyFCR3zpuibK44WiS2D00jgmf55zgm0aAdZJFxMnlBbXgQqHM7WnQBLl
2020-10-22T01:53:54.784166399Z 904 NM2FtONywBLKZ2vGIMxIsKfJRti0n6yIxRnQ8jtmaeZpAaGp2KssiPhbQneA
2020-10-22T01:53:54.795626904Z 905 i23izMOrRPDW339kIMXXxCN749rRLGzxWsZSS4dottXNmm2bUQ3pvmRqupdp
2020-10-22T01:53:54.805900195Z 906 Is4q393IEPoHcBoY2jWLB8JJmbHvqcCiKnrtmlQ7ShQOiRMCPGYolX2YipeA
2020-10-22T01:53:54.817933070Z 907 YQjiw6PjcYYGrreQuWbqAJWmweI0TwhQFJBer6ZdnrI5pZpJ35iKgYwA3Umu
2020-10-22T01:53:54.829948884Z 908 MJmRwFZYZJZPCf3XDZWoCyqAVlx0peHj4yez6AbEHGDu51VlDVvevnHiuSdH
2020-10-22T01:53:54.841276130Z 909 iPWpBtAK1WZj5nFfOeLlgaYfap5ROxmoHVL9UFnBsOcbpd1UfMCbE5jmQNOt
2020-10-22T01:53:54.852323130Z 910 NRKOSFJTcAo2bK5g38KqFJ2xz1SgXrJE58b5xBP5QCD1BiMnUeW1lp2WcHxi
2020-10-22T01:53:54.863922427Z 911 v2o5xhVBb6d7rZOViS7kpXovD7GDWpqBDco94zH6FDyO1bmiV3gFzTZbQZOr
2020-10-22T01:53:54.875334510Z 912 1epgvQWWCQK36cWOmdrMFYjDUY22lrhusULO26Thy2S2ogJhyAFHLhl6qYkQ
2020-10-22T01:53:54.886218286Z 913 7eThSaK3WwABhmxTz7Rd0N3RdfasDmVkJHnExaQXbPRmXLIJNY0mGuKhZqLY
2020-10-22T01:53:54.897099599Z 914 EbBCGPp3KhRFFVfqnNkO3UAyOUZufdnzr1d2TcZerCapMuNogfAuA15YQEiV
2020-10-22T01:53:54.908290456Z 915 qYHuaIjN5OM6ka7w82ZPnD3Pex83Dj7RQiSq4bDB2JlW5f8mqkhox6pRZLVo
2020-10-22T01:53:54.919161980Z 916 DE68ZoYmg0ISt0bqxq5nWFdhROAoiwaAvvampIXFqcr4dYdOUbNXTAPRFikm
2020-10-22T01:53:54.930272916Z 917 orV7lJU4vGb5x2IkaLdyAP2ZuyDb2hDV7HcqBJ8eIyc9xBLngDPHw02X48NZ
2020-10-22T01:53:54.941593327Z 918 e3W2imWI2gTht7g9s04tGwihZWWFzaF7Mum8sAukF5n1sE2R5mNdEz28n0bv
2020-10-22T01:53:54.952762699Z 919 roMEYFgRxTlnk7DNyD67db6mvYVHtYMn8tU15H0xgM1GzfJQIgIgZwS90aSF
2020-10-22T01:53:54.964555284Z 920 3ZbsHKAa4w3eWgdPbRY7NIaQVS7q1lhkPs5UT3A6cc5tfSoEBjVVeS1XhSAC
2020-10-22T01:53:54.976336632Z 921 Uo4bi81Gbhle2fMWao4XgUdi9D7BrpX75x5qEpt3vhp3pf6worlsy5VAAnRh
2020-10-22T01:53:54.987631937Z 922 cb3f2HAvf3VQSiGmyVDS54NodmYZg177uNxoihd6Tu1sDmNHdOZ3bImg2qyT
2020-10-22T01:53:54.998037077Z 923 7cD91bnAmGnyXJeO9sEFIUx245J9D6M6Zp9mokimtzIRleJhwJhbSdZMblJU
2020-10-22T01:53:55.009914943Z 924 GIaco6KEjUt97K32KXnUvXCWvFBtUklRgTJ6qM7W8y7vuip7MdT8tE2FMsCr
2020-10-22T01:53:55.021971273Z 925 GIDFukAQwmpNzB63pCdlSBVSo6yIfgh0x9jGvujO1nNqaAas709vLirpDabh
2020-10-22T01:53:55.033362965Z 926 Mwxz61wmzqzG93VoZ3JANe7fYuA37iz1oxvV48HZvTgdAtDbUxsWa49XeBfu
2020-10-22T01:53:55.044232257Z 927 8LW48bTXX3Fj1aWd6eqmww0o8pGolQmAWhNQgNcotTXBsmSIKqrvQ1DxHxYB
2020-10-22T01:53:55.055631445Z 928 sasF018Z4Bqt9KhRxMI25YyEzNGxzrrn5XepLITioItcbZ3IXMDIDXwX6u2x
2020-10-22T01:53:55.067567921Z 929 DCR73lHE6aZlRTHBtIdyuMwKuJcXsMVckWCriA0RlYrtX2Vp4q3pvfTEOiLL
2020-10-22T01:53:55.078711689Z 930 0ADLnpXUmfiCZAnPr3f3bIICE8oVYcmWeICzAwhVIMSv126WwN8D5jwULfRU
2020-10-22T01:53:55.089798554Z 931 OgRsUaXmmhBLLmGHqmLstwr8sFLj3DNjLoXyVpjM2YnbOGH01OkHaW3ojdRf
2020-10-22T01:53:55.101950955Z 932 8xRnDyZqLfchholLOkUVeledaCZhgAjKsb5JBfIf1v8454iyaJ06pFIWimvn
2020-10-22T01:53:55.113002422Z 933 aIdTo1rlzRth4BqE5y4SDaPVc9YJHysD8YaM08iq6ModmHNJi89kmEgv6An0
2020-10-22T01:53:55.123943326Z 934 SRc9aLlC6dMau5Iie6RMts3WGQo32qIAH1WPlj0tXw5HhK19y7tRG5dVDV38
2020-10-22T01:53:55.135446133Z 935 kUzzPPpR1CHJjizL1Lr8Z3ban1uSAQn99BXfmjwk6YHOzIcyEBr6nS2T69vL
2020-10-22T01:53:55.146068517Z 936 0KuKoUD75O44qmEpW6WWq6mGfP1NwwPyfBfupVYERT13OBJFVVqsqEjTKYPZ
2020-10-22T01:53:55.157679644Z 937 CfNIdz9LptdpxFUwPBeDjkYlLgTtth8R9ra3NuLX7e65PRnHa2vsy6Xi4bP9
2020-10-22T01:53:55.168522497Z 938 gDtX6ScbueqztpHMyTh07AEdumm4XkhSH5k0MaxudERJ0mASlmgbHR5cdX0u
2020-10-22T01:53:55.179879088Z 939 HglVBJPjOAgPf9lH1lk1VtdmWgBJy57ztJSM41sFSxqpTQXP44pDLvcKJ6fc
2020-10-22T01:53:55.191310962Z 940 0G11XX2mSs6ZLAeeO5sLrS3QvmiPyetsVyZrDy8lzmvhPCVTGsZDmIeSJlx6
2020-10-22T01:53:55.202973105Z 941 Y73vawUoujwxeWUaabMczJrcvoTTWgyAkBRPWJWKjkBTpv1Lgx53DPMFc6HD
2020-10-22T01:53:55.214988615Z 942 EmT3ivT5ldbRyw2lod3flbyKYrNV1KUGZTFe8T9utorE2IIjW7T6XYfLUZYh
2020-10-22T01:53:55.226249116Z 943 cK3WO5rUKmje24Olmr6lUmXc2HK11UhUKoOCvcM97BaxY29uhPNMbyLvOcoF
2020-10-22T01:53:55.237137729Z 944 WKgGhybWyMOqP6nPwOhgoVZynKROLbfyv8eiiSQzG0ePErZB5vcajbQdneOk
2020-10-22T01:53:55.247925453Z 945 K0fzO2PKKICQAkYhVwTDZRzPvPF1V3nGr4WgLfBbe1K6JNKERa9DLHnLSmZK
2020-10-22T01:53:55.259139453Z 946 2rPQsPPyqXp7Z7kxq6sMfscy92ZEXXVz9maVsWzMP0lNKQS1rpPoKD5lbgdg
2020-10-22T01:53:55.270688516Z 947 mo64NzBbGkZhIiGJfs85E6A2qEYBmFczxjRHStmKeylpRemKftimAQebRWcB
2020-10-22T01:53:55.281831939Z 948 sOpBBMkCu0bn8YjwmZmmaXPukobBBg5n7dfHJqqf1sf7rVs6elM9uH7szESs
2020-10-22T01:53:55.292712538Z 949 nOFvRgyws44pxIKGblmqfdAdfxh8cy0C8p3XvWEBpD4YyEbdwlyAzP6oIvcQ
2020-10-22T01:53:55.304360816Z 950 TSzWHUdDimrtLX4D1eBkrB4cJ2zwMB8FHofjdrVlOouBjfwAjZQE7sDQlbF9
2020-10-22T01:53:55.315598633Z 951 3Yay6Ezm618kBvft1gJYwMSZ4KEhjxVDSh6e2yxeo68VdSyuIrRkUp6tjVIz
2020-10-22T01:53:55.325984974Z 952 Sn79w02rK1HYmlTVx1sfHVjyyq2HiNr5GNgBhxsCXyoNbd6mrDae5v2E0s4I
2020-10-22T01:53:55.337609085Z 953 OgkIcyAAiTpLhWSyN4hMuNsCtKwCFNiiydrauNUiQRTPxqFvwwb7JRBwNxWf
2020-10-22T01:53:55.348726873Z 954 zzNaHCI3YSYlPw6yjJ1Gcgop78Jim4WVEEBHQSl9CXUm9inWg22Yx7iY3Ww9
2020-10-22T01:53:55.359647371Z 955 RgWNa3Ydg60UcoYgesgUwwNNJfRfvdPNqxA64WHdQoD2ga8MtfAtkVA7mYaW
2020-10-22T01:53:55.370630627Z 956 jOKxTe3gvnWPpb4g48xf8zUpvB1vSw02ivkOkKUMpLHcjqFJPYDcejklaRnv
2020-10-22T01:53:55.380980170Z 957 WEZruRZCN5yvjpAJImsQVFz5b5XIaFQ8YKXVXCFMCA5yBGLOaUbnsFqE33pf
2020-10-22T01:53:55.392372273Z 958 5eIYN6MmzWwhdMmEN3Ng7Ger7FQjrmN7LuiK3SFVqmtpxPIQwxyztsyL1fXM
2020-10-22T01:53:55.403083258Z 959 mUjEno1Ge9lpkvSeATCFhiEA4af0zOxIIfEoq1n8zuPpRWkB19bE6vc20L6F
2020-10-22T01:53:55.414884408Z 960 XlJumBS3DeHAt0nmrLij89dIBpkXHSYRYjeZ6xmi4UootlG4NPL910MYz9ze
2020-10-22T01:53:55.427141414Z 961 BMgWAEGTFlEpEpb6eFZdsggoXb750FRC8Dd5FEHXMfwjWQvfpDxZJV6BwUBw
2020-10-22T01:53:55.438544668Z 962 WDGNDrv80XagemypoVkfOR1OoIVbPsc4XzLYTQmP4GOZLTA09QdrucEIc7O1
2020-10-22T01:53:55.449165159Z 963 FT0no3qej0cvBVZQ4zF5TpbXLOFqnRwIitRVmnAF882sku4Uv2OqenFR9YIq
2020-10-22T01:53:55.460606210Z 964 T29aq3qdPN2VyQuPn0tSclCT4Fe9ArvfeAExUEdr2JERqbP55wGjrINF2iIE
2020-10-22T01:53:55.471260396Z 965 whx2O56ibG7p1u1XAyu1fMURuXIr0VY3XHPOQW61KR5MWJLTzCpzqVM2SUQx
2020-10-22T01:53:55.482850821Z 966 9fQQnr5i4SHOVEBh71ssjaLAtICq1QJgM4q3feJOXDQ9WhL5E52RYnXnfSa4
2020-10-22T01:53:55.494968277Z 967 jM7sgcTXjx0Ejk02lfr2lDBWIjnNATy7PWR1DA61jLFeAW2jtbiTMMDG3c9L
2020-10-22T01:53:55.506750954Z 968 E7QCFSrvxnCWFGz05PGN8najtPlK0siieouQxKDyv1nmLi7CfTjLhvy5xG0N
2020-10-22T01:53:55.518500872Z 969 2Re89KXh28ZF36BATMDeLXe8zqlvK4dRxLatgpaXOKCqkqAqnRf7oSxfv2F2
2020-10-22T01:53:55.529521442Z 970 tDNuza232p7q69KWPrMPokcPJSR1EekO74cae0SOPcOiPNKyCxQiCC0VQMfi
2020-10-22T01:53:55.540304229Z 971 CGtq4hErI7pQRMYW24dpuYMzdhpPSnozuHBUSNPivKrRbEQdqxjsuxq8wKws
2020-10-22T01:53:55.551394056Z 972 e4cupLhKt5mUuBi8PduA2TOj7yLRS045aihBBn6mDlNCbadBIDnmRB5VR3NI
2020-10-22T01:53:55.561882068Z 973 EqAAzZUXzssjKc2cvBkBZTzCCOonud7XTXFdoVPHPy0s35EIJUHS99JdTeAY
2020-10-22T01:53:55.573460337Z 974 9qM2j1JiGfHpiX56q8xSQ8ByK5BoOS748zqkV3YEKGdtthGlw7sQWvagaYlM
2020-10-22T01:53:55.584420168Z 975 VKj4k8gBDjj8pArxITA40n914tgw6S0pmRQFK7avBXokjxhkPHLAUaQQeewq
2020-10-22T01:53:55.595175759Z 976 3QYsdpYDIgVmSwz00Kzlz5t0xsmwccGA8gEysGdaf3M50Fh1tlF0qR0zwawb
2020-10-22T01:53:55.607019564Z 977 EZIlYibFc6XFRywc5H9PZqDM129Iy5bKj46cmAcoc5oyaumy5Qyl1alPMNIe
2020-10-22T01:53:55.618344984Z 978 BN9YjogIgUuZjODvPYB8n9xgEPWaVSk672hlbuLdGm6QLoDd4OaH1lSgTL5Z
2020-10-22T01:53:55.629645565Z 979 pWmRDgqLBQcIGSA3c6TrhXT6Q8VuT7KWtdvxXIpfsO8LYM2MXHlpvlY1VLJv
2020-10-22T01:53:55.640361666Z 980 oMQ6I724jiUDgM1DfQUeQx53FL5ycQxUiaZ3iMRzWNVZwgijosPctzTmtp0l
2020-10-22T01:53:55.651811780Z 981 puD7ZIpI8kHuUtAUkXahZwuO8aXAR5WlvCzZ2kGmct6L01HWWvszuyIUKTu0
2020-10-22T01:53:55.663345221Z 982 e9YLoz1DeXoTfaG4xiUkFi8KuUf98mpId5RZrAyCt9yU7IgMi1gEqa6EiOe2
2020-10-22T01:53:55.674992673Z 983 V2Dc4KHvG3k5YPJjZAJ2w4Q07dbHBskzES9OWTkQWL2ANoXdU6OV8AOYGqCf
2020-10-22T01:53:55.686823015Z 984 ytTyywcQGpgdtWYzjqHhIOA6bZbFsWGhLKrHzvC0JrsblPUaxhtVWONkIBNz
2020-10-22T01:53:55.697747483Z 985 T60UkjfrgI4p1DzFRTOcBezzN2ww7TDtZJJEgy53n1HjFa9u7sZqPSViKlKW
2020-10-22T01:53:55.708661586Z 986 lpILBZk1KB1r5sMypfQL73fQwr3hHjaulTKB6XClpUpCtTH5NJJtAPh7Q25W
2020-10-22T01:53:55.719523509Z 987 jjUDA6fP1P0KGklOyYntuJsInWIYTgtG1ePbkZbIqkyj5mbL0OV9R4uWGo01
2020-10-22T01:53:55.730126801Z 988 gbQ1gmOBq1rquSKMiRoJFKi3D5lWmLfqVCMVBubnnPVW1qzJPwh0glZZpQH1
2020-10-22T01:53:55.741742189Z 989 yExUscPb7VQtpfNfio2OC41LlMRnhmWySg6qMxQBCGRgCmRW2JJ83zKBWEHt
2020-10-22T01:53:55.752658192Z 990 vUnhEko0XtFmXRdi2ZCuqPf0b8BWGzOs0Tlvxpin4krfG0TcHXfhyMCG4Y9Y
2020-10-22T01:53:55.765009575Z 991 7gnhM56WVgDYx5tRS0YRChfNnX1mMnXilV6i7INw4VCWwp5SRzuYnOuRmm21
2020-10-22T01:53:55.776739157Z 992 kZ4L6jgH9pSyN2OszSVQyD9tgXtIjzdcL9chdAPIiqRyczT9yUeQfNnwOx2C
2020-10-22T01:53:55.787164723Z 993 zzgTiAgUuogGAUKP5yBQ5gQTKjfuFuwtb9N25pdE31WqpVLJrfqAXpCrOJiT
2020-10-22T01:53:55.798433720Z 994 vY6GoBYlv1gX9BLwQhv8099x0Hr92HoPUujSmksYF8E5qw1hoylcJGS4lBjb
2020-10-22T01:53:55.809691388Z 995 Qccf0SJyQ0n8QMxaQgUGozqTt9CBmYXel4F9InKwXEB9wZwV9xx8e2ibuYfy
2020-10-22T01:53:55.820240138Z 996 GHYk4uI9NcSB8TmXbz4zrP9Qo1oq0huUBETZf2iOp5jicisOLkzrfTFpD3fG
2020-10-22T01:53:55.831931815Z 997 U6MaVAtZCZaiP0d0GADWm4WA9ORrpNed8Kn3kSI2yiM7WHiomplEYIbMnWD7
2020-10-22T01:53:55.843789479Z 998 sgdIJCRIoU1Ls0hVGi0SsQfnO4iHYghPDIOLTXRPeXJIJwODaKWkfRUfDU6G
2020-10-22T01:53:55.855796436Z 999 GlHir7DJ2BPAQIucTGPfStJUFjkOgO45E7Qkc1C4WRKDZETufU8IE7U60ATp
