2020-10-15T01:15:42.212161324Z  running: (['/opt/scylladb/scripts/scylla_dev_mode_setup', '--developer-mode', '1'],)
2020-10-15T01:15:42.691264656Z  running: (['/opt/scylladb/scripts/scylla_io_setup'],)
2020-10-15T01:15:43.074867095Z  2020-10-15 01:15:43,074 CRIT Supervisor is running as root.  Privileges were not dropped because no user is specified in the config file.  If you intend to run as root, you can set user=root in the config file to avoid this message.
2020-10-15T01:15:43.074907866Z  2020-10-15 01:15:43,074 INFO Included extra file "/etc/supervisord.conf.d/node-exporter.conf" during parsing
2020-10-15T01:15:43.075239234Z  2020-10-15 01:15:43,074 INFO Included extra file "/etc/supervisord.conf.d/rsyslog.conf" during parsing
2020-10-15T01:15:43.075270489Z  2020-10-15 01:15:43,075 INFO Included extra file "/etc/supervisord.conf.d/scylla-housekeeping.conf" during parsing
2020-10-15T01:15:43.075329107Z  2020-10-15 01:15:43,075 INFO Included extra file "/etc/supervisord.conf.d/scylla-jmx.conf" during parsing
2020-10-15T01:15:43.075642723Z  2020-10-15 01:15:43,075 INFO Included extra file "/etc/supervisord.conf.d/scylla-server.conf" during parsing
2020-10-15T01:15:43.075686038Z  2020-10-15 01:15:43,075 INFO Included extra file "/etc/supervisord.conf.d/sshd-server.conf" during parsing
2020-10-15T01:15:43.112221574Z  2020-10-15 01:15:43,111 INFO RPC interface 'supervisor' initialized
2020-10-15T01:15:43.112587811Z  2020-10-15 01:15:43,112 CRIT Server 'inet_http_server' running without any HTTP authentication checking
2020-10-15T01:15:43.112951954Z  2020-10-15 01:15:43,112 INFO supervisord started with pid 26
2020-10-15T01:15:44.118609867Z  2020-10-15 01:15:44,117 INFO spawned: 'scylla' with pid 29
2020-10-15T01:15:44.123493213Z  2020-10-15 01:15:44,122 INFO spawned: 'scylla-housekeeping' with pid 30
2020-10-15T01:15:44.130044724Z  2020-10-15 01:15:44,126 INFO spawned: 'sshd' with pid 31
2020-10-15T01:15:44.130071513Z  2020-10-15 01:15:44,128 INFO spawned: 'scylla-jmx' with pid 32
2020-10-15T01:15:44.132406430Z  2020-10-15 01:15:44,131 INFO spawned: 'rsyslog' with pid 33
2020-10-15T01:15:44.135136063Z  2020-10-15 01:15:44,134 INFO spawned: 'node-exporter' with pid 34
2020-10-15T01:15:44.149778102Z  Generating public/private ed25519 key pair.
2020-10-15T01:15:44.149807094Z  Your identification has been saved in /etc/ssh/ssh_host_ed25519_key.
2020-10-15T01:15:44.149818001Z  Your public key has been saved in /etc/ssh/ssh_host_ed25519_key.pub.
2020-10-15T01:15:44.149827947Z  The key fingerprint is:
2020-10-15T01:15:44.149837401Z  SHA256:Yo6QRX2X1IrOcHmW0gfu9UnTd0a1oVehtzRa4Xm/Jlg root@02798247bc9d
2020-10-15T01:15:44.149846895Z  The key's randomart image is:
2020-10-15T01:15:44.149856058Z  +--[ED25519 256]--+
2020-10-15T01:15:44.149865189Z  |    ..   ..o   +=|
2020-10-15T01:15:44.149874355Z  |   .  . . + . + B|
2020-10-15T01:15:44.149883517Z  |    .  . * + o %.|
2020-10-15T01:15:44.149892448Z  |   o  . = B o O X|
2020-10-15T01:15:44.149901599Z  |  o   o=S= o E =+|
2020-10-15T01:15:44.149922658Z  |   . + .o . o o .|
2020-10-15T01:15:44.149933093Z  |    . .    . . o |
2020-10-15T01:15:44.149949456Z  |              o  |
2020-10-15T01:15:44.149958719Z  |                 |
2020-10-15T01:15:44.149967928Z  +----[SHA256]-----+
2020-10-15T01:15:44.158952551Z  time="2020-10-15T01:15:44Z" level=info msg="Starting node_exporter (version=0.17.0, branch=HEAD, revision=f6f6194a436b9a63d0439abc585c76b19a206b21)" source="node_exporter.go:82"
2020-10-15T01:15:44.158983299Z  time="2020-10-15T01:15:44Z" level=info msg="Build context (go=go1.11.2, user=root@322511e06ced, date=20181130-15:51:33)" source="node_exporter.go:83"
2020-10-15T01:15:44.160757701Z  time="2020-10-15T01:15:44Z" level=info msg="Enabled collectors:" source="node_exporter.go:90"
2020-10-15T01:15:44.160805245Z  time="2020-10-15T01:15:44Z" level=info msg=" - arp" source="node_exporter.go:97"
2020-10-15T01:15:44.160816570Z  time="2020-10-15T01:15:44Z" level=info msg=" - bcache" source="node_exporter.go:97"
2020-10-15T01:15:44.160827061Z  time="2020-10-15T01:15:44Z" level=info msg=" - bonding" source="node_exporter.go:97"
2020-10-15T01:15:44.160837004Z  time="2020-10-15T01:15:44Z" level=info msg=" - conntrack" source="node_exporter.go:97"
2020-10-15T01:15:44.160846971Z  time="2020-10-15T01:15:44Z" level=info msg=" - cpu" source="node_exporter.go:97"
2020-10-15T01:15:44.160856820Z  time="2020-10-15T01:15:44Z" level=info msg=" - diskstats" source="node_exporter.go:97"
2020-10-15T01:15:44.160867115Z  time="2020-10-15T01:15:44Z" level=info msg=" - edac" source="node_exporter.go:97"
2020-10-15T01:15:44.160877251Z  time="2020-10-15T01:15:44Z" level=info msg=" - entropy" source="node_exporter.go:97"
2020-10-15T01:15:44.160887209Z  time="2020-10-15T01:15:44Z" level=info msg=" - filefd" source="node_exporter.go:97"
2020-10-15T01:15:44.160896943Z  time="2020-10-15T01:15:44Z" level=info msg=" - filesystem" source="node_exporter.go:97"
2020-10-15T01:15:44.160906831Z  time="2020-10-15T01:15:44Z" level=info msg=" - hwmon" source="node_exporter.go:97"
2020-10-15T01:15:44.160916778Z  time="2020-10-15T01:15:44Z" level=info msg=" - infiniband" source="node_exporter.go:97"
2020-10-15T01:15:44.160927097Z  time="2020-10-15T01:15:44Z" level=info msg=" - interrupts" source="node_exporter.go:97"
2020-10-15T01:15:44.160937204Z  time="2020-10-15T01:15:44Z" level=info msg=" - ipvs" source="node_exporter.go:97"
2020-10-15T01:15:44.160947112Z  time="2020-10-15T01:15:44Z" level=info msg=" - loadavg" source="node_exporter.go:97"
2020-10-15T01:15:44.160956864Z  time="2020-10-15T01:15:44Z" level=info msg=" - mdadm" source="node_exporter.go:97"
2020-10-15T01:15:44.160966621Z  time="2020-10-15T01:15:44Z" level=info msg=" - meminfo" source="node_exporter.go:97"
2020-10-15T01:15:44.160976442Z  time="2020-10-15T01:15:44Z" level=info msg=" - netclass" source="node_exporter.go:97"
2020-10-15T01:15:44.160986494Z  time="2020-10-15T01:15:44Z" level=info msg=" - netdev" source="node_exporter.go:97"
2020-10-15T01:15:44.161010224Z  time="2020-10-15T01:15:44Z" level=info msg=" - netstat" source="node_exporter.go:97"
2020-10-15T01:15:44.161021553Z  time="2020-10-15T01:15:44Z" level=info msg=" - nfs" source="node_exporter.go:97"
2020-10-15T01:15:44.161031524Z  time="2020-10-15T01:15:44Z" level=info msg=" - nfsd" source="node_exporter.go:97"
2020-10-15T01:15:44.161041326Z  time="2020-10-15T01:15:44Z" level=info msg=" - sockstat" source="node_exporter.go:97"
2020-10-15T01:15:44.161052585Z  time="2020-10-15T01:15:44Z" level=info msg=" - stat" source="node_exporter.go:97"
2020-10-15T01:15:44.161076472Z  time="2020-10-15T01:15:44Z" level=info msg=" - textfile" source="node_exporter.go:97"
2020-10-15T01:15:44.161087429Z  time="2020-10-15T01:15:44Z" level=info msg=" - time" source="node_exporter.go:97"
2020-10-15T01:15:44.161097098Z  time="2020-10-15T01:15:44Z" level=info msg=" - timex" source="node_exporter.go:97"
2020-10-15T01:15:44.161113912Z  time="2020-10-15T01:15:44Z" level=info msg=" - uname" source="node_exporter.go:97"
2020-10-15T01:15:44.161123666Z  time="2020-10-15T01:15:44Z" level=info msg=" - vmstat" source="node_exporter.go:97"
2020-10-15T01:15:44.161144857Z  time="2020-10-15T01:15:44Z" level=info msg=" - xfs" source="node_exporter.go:97"
2020-10-15T01:15:44.161155286Z  time="2020-10-15T01:15:44Z" level=info msg=" - zfs" source="node_exporter.go:97"
2020-10-15T01:15:44.161165702Z  time="2020-10-15T01:15:44Z" level=info msg="Listening on :9100" source="node_exporter.go:111"
2020-10-15T01:15:44.505110093Z  Scylla version 4.1.8-0.20201002.6c43a0dc29 with build-id fec471b0d185de7f191d861ccfc539eff76f31ab starting ...
2020-10-15T01:15:44.505171186Z  command used: "/usr/bin/scylla --log-to-syslog 0 --log-to-stdout 1 --default-log-level info --network-stack posix --developer-mode=1 --overprovisioned --listen-address 10.0.98.3 --rpc-address 10.0.98.3 --seed-provider-parameters seeds=10.0.98.3 --blocked-reactor-notify-ms 999999999"
2020-10-15T01:15:44.505183202Z  parsed command line options: [log-to-syslog: 0, log-to-stdout: 1, default-log-level: info, network-stack: posix, developer-mode: 1, overprovisioned, listen-address: 10.0.98.3, rpc-address: 10.0.98.3, seed-provider-parameters: seeds=10.0.98.3, blocked-reactor-notify-ms: 999999999]
2020-10-15T01:15:44.543317771Z  WARN  2020-10-15 01:15:44,539 [shard 0] seastar - Unable to set SCHED_FIFO scheduling policy for timer thread; latency impact possible. Try adding CAP_SYS_NICE
2020-10-15T01:15:44.563014197Z  INFO  2020-10-15 01:15:44,562 [shard 0] init - installing SIGHUP handler
2020-10-15T01:15:44.574723415Z  INFO  2020-10-15 01:15:44,574 [shard 0] init - Scylla version 4.1.8-0.20201002.6c43a0dc29 with build-id fec471b0d185de7f191d861ccfc539eff76f31ab starting ...
2020-10-15T01:15:44.574774083Z  
2020-10-15T01:15:44.576302709Z  INFO  2020-10-15 01:15:44,576 [shard 0] init - starting prometheus API server
2020-10-15T01:15:44.578450973Z  INFO  2020-10-15 01:15:44,578 [shard 0] init - starting tokens manager
2020-10-15T01:15:44.579084845Z  INFO  2020-10-15 01:15:44,578 [shard 0] init - starting migration manager notifier
2020-10-15T01:15:44.579704537Z  INFO  2020-10-15 01:15:44,579 [shard 0] init - creating tracing
2020-10-15T01:15:44.580616230Z  INFO  2020-10-15 01:15:44,580 [shard 0] init - creating snitch
2020-10-15T01:15:44.581633032Z  INFO  2020-10-15 01:15:44,581 [shard 0] init - determining DNS name
2020-10-15T01:15:44.582016582Z  INFO  2020-10-15 01:15:44,581 [shard 0] init - starting API server
2020-10-15T01:15:44.583258434Z  INFO  2020-10-15 01:15:44,583 [shard 0] init - Scylla API server listening on 127.0.0.1:10000 ...
2020-10-15T01:15:44.584227033Z  INFO  2020-10-15 01:15:44,583 [shard 0] init - initializing storage service
2020-10-15T01:15:44.584934090Z  INFO  2020-10-15 01:15:44,584 [shard 0] init - starting per-shard database core
2020-10-15T01:15:44.589612721Z  WARN  2020-10-15 01:15:44,589 [shard 0] init - I/O Scheduler is not properly configured! This is a non-supported setup, and performance is expected to be unpredictably bad.
2020-10-15T01:15:44.589657459Z   Reason found: none of --max-io-requests, --io-properties and --io-properties-file are set.
2020-10-15T01:15:44.589671816Z  To properly configure the I/O Scheduler, run the scylla_io_setup utility shipped with Scylla.
2020-10-15T01:15:44.589681616Z  
2020-10-15T01:15:44.590317104Z  INFO  2020-10-15 01:15:44,590 [shard 0] init - creating and verifying directories
2020-10-15T01:15:44.765703400Z  Connecting to http://localhost:10000
2020-10-15T01:15:44.766071865Z  Starting the JMX server
2020-10-15T01:15:44.850665897Z  Generating public/private rsa key pair.
2020-10-15T01:15:44.850740185Z  Your identification has been saved in /etc/ssh/ssh_host_rsa_key.
2020-10-15T01:15:44.850752817Z  Your public key has been saved in /etc/ssh/ssh_host_rsa_key.pub.
2020-10-15T01:15:44.850762666Z  The key fingerprint is:
2020-10-15T01:15:44.850772237Z  SHA256:Q4m77JSGy88ZGn5MwlmUw81qTXxucB8EczbW6wtk3ho root@02798247bc9d
2020-10-15T01:15:44.850782013Z  The key's randomart image is:
2020-10-15T01:15:44.850791143Z  +---[RSA 4096]----+
2020-10-15T01:15:44.850833186Z  |     . =  oo*.   |
2020-10-15T01:15:44.850843189Z  |      =.*.o=...  |
2020-10-15T01:15:44.850852709Z  |     ..=o= . . . |
2020-10-15T01:15:44.850861924Z  |      +o. o + .  |
2020-10-15T01:15:44.850871161Z  |   . +. S. + o   |
2020-10-15T01:15:44.850880513Z  |    +o.o .  E o  |
2020-10-15T01:15:44.850889862Z  |    o+B      + . |
2020-10-15T01:15:44.850899169Z  |   o Ooo    . .  |
2020-10-15T01:15:44.850919956Z  |    =o=          |
2020-10-15T01:15:44.850930023Z  +----[SHA256]-----+
2020-10-15T01:15:44.864177679Z  Could not load host key: /etc/ssh/ssh_host_ecdsa_key
2020-10-15T01:15:44.969288048Z  INFO  2020-10-15 01:15:44,968 [shard 0] database - Populating Keyspace system_schema
2020-10-15T01:15:44.969334311Z  INFO  2020-10-15 01:15:44,968 [shard 0] database - Keyspace system_schema: Reading CF computed_columns id=cc7c7069-3740-33c1-92a4-c3de78dbd2c4 version=2b8c4439-de76-31e0-807f-3b7290a975d7
2020-10-15T01:15:44.969364956Z  INFO  2020-10-15 01:15:44,968 [shard 0] database - Keyspace system_schema: Reading CF view_virtual_columns id=08843b63-45dc-3be2-9798-a0418295cfaa version=c777531c-15f7-326f-8ebe-39fd0265c8c9
2020-10-15T01:15:44.969376706Z  INFO  2020-10-15 01:15:44,968 [shard 0] database - Keyspace system_schema: Reading CF dropped_columns id=5e7583b5-f3f4-3af1-9a39-b7e1d6f5f11f version=7426bc6c-4c2f-3200-8ad8-4329610ed59a
2020-10-15T01:15:44.969387073Z  INFO  2020-10-15 01:15:44,968 [shard 0] database - Keyspace system_schema: Reading CF indexes id=0feb57ac-311f-382f-ba6d-9024d305702f version=99c40462-8687-304e-abe3-2bdbef1f25aa
2020-10-15T01:15:44.969397229Z  INFO  2020-10-15 01:15:44,968 [shard 0] database - Keyspace system_schema: Reading CF functions id=96489b79-80be-3e14-a701-66a0b9159450 version=329ed804-55b3-3eee-ad61-d85317b96097
2020-10-15T01:15:44.969407474Z  INFO  2020-10-15 01:15:44,968 [shard 0] database - Keyspace system_schema: Reading CF columns id=24101c25-a2ae-3af7-87c1-b40ee1aca33f version=d33236d4-9bdd-3c09-abf0-a0bc5edc2526
2020-10-15T01:15:44.969640201Z  INFO  2020-10-15 01:15:44,968 [shard 0] database - Keyspace system_schema: Reading CF scylla_tables id=5d912ff1-f759-3665-b2c8-8042ab5103dd version=38e5e56b-155d-39b5-a0d2-8e5dcad42a26
2020-10-15T01:15:44.969659483Z  INFO  2020-10-15 01:15:44,968 [shard 0] database - Keyspace system_schema: Reading CF tables id=afddfb9d-bc1e-3068-8056-eed6c302ba09 version=b6240810-eeb7-36d5-9411-43b2d68dddab
2020-10-15T01:15:44.969670276Z  INFO  2020-10-15 01:15:44,969 [shard 0] database - Keyspace system_schema: Reading CF keyspaces id=abac5682-dea6-31c5-b535-b3d6cffd0fb6 version=e79ca8ba-6556-3f7d-925a-7f20cf57938c
2020-10-15T01:15:44.969680601Z  INFO  2020-10-15 01:15:44,969 [shard 0] database - Keyspace system_schema: Reading CF triggers id=4df70b66-6b05-3251-95a1-32b54005fd48 version=582d7071-1ef0-37c8-adc6-471a13636139
2020-10-15T01:15:44.969690799Z  INFO  2020-10-15 01:15:44,969 [shard 0] database - Keyspace system_schema: Reading CF views id=9786ac1c-dd58-3201-a7cd-ad556410c985 version=5b58bb47-96e7-3f57-accf-0bfca4dbbc6e
2020-10-15T01:15:44.969700904Z  INFO  2020-10-15 01:15:44,969 [shard 0] database - Keyspace system_schema: Reading CF types id=5a8b1ca8-6602-3f77-a045-9273d308917a version=de51b2ce-5e4d-3b7d-a75f-2204332ce8d1
2020-10-15T01:15:44.969711041Z  INFO  2020-10-15 01:15:44,969 [shard 0] database - Keyspace system_schema: Reading CF aggregates id=924c5587-2e3a-345b-b10c-12f37c1ba895 version=4b53e92c-0368-3d5c-b959-2ec1bfd1a59f
2020-10-15T01:15:45.306857297Z  JMX is enabled to receive remote connections on port: 7199
2020-10-15T01:15:45.307239298Z  2020-10-15 01:15:45,306 INFO success: scylla entered RUNNING state, process has stayed up for > than 1 seconds (startsecs)
2020-10-15T01:15:45.307443803Z  2020-10-15 01:15:45,307 INFO success: scylla-housekeeping entered RUNNING state, process has stayed up for > than 1 seconds (startsecs)
2020-10-15T01:15:45.307679829Z  2020-10-15 01:15:45,307 INFO success: sshd entered RUNNING state, process has stayed up for > than 1 seconds (startsecs)
2020-10-15T01:15:45.307939338Z  2020-10-15 01:15:45,307 INFO success: scylla-jmx entered RUNNING state, process has stayed up for > than 1 seconds (startsecs)
2020-10-15T01:15:45.308193437Z  2020-10-15 01:15:45,307 INFO success: rsyslog entered RUNNING state, process has stayed up for > than 1 seconds (startsecs)
2020-10-15T01:15:45.308431613Z  2020-10-15 01:15:45,308 INFO success: node-exporter entered RUNNING state, process has stayed up for > than 1 seconds (startsecs)
2020-10-15T01:15:49.680009427Z  INFO  2020-10-15 01:15:49,678 [shard 0] database - Found temporary sstable directory: "/var/lib/scylla/data/system_schema/indexes-0feb57ac311f382fba6d9024d305702f/0000000000000587.sstable", removing
2020-10-15T01:15:49.680067660Z  INFO  2020-10-15 01:15:49,678 [shard 0] database - Found temporary sstable directory: "/var/lib/scylla/data/system_schema/scylla_tables-5d912ff1f7593665b2c88042ab5103dd/0000000000000531.sstable", removing
2020-10-15T01:15:49.680081346Z  INFO  2020-10-15 01:15:49,678 [shard 0] database - Found temporary sstable directory: "/var/lib/scylla/data/system_schema/scylla_tables-5d912ff1f7593665b2c88042ab5103dd/0000000000000530.sstable", removing
2020-10-15T01:15:49.680093026Z  INFO  2020-10-15 01:15:49,678 [shard 0] database - Found temporary sstable directory: "/var/lib/scylla/data/system_schema/keyspaces-abac5682dea631c5b535b3d6cffd0fb6/0000000000000615.sstable", removing
2020-10-15T01:15:49.680115367Z  INFO  2020-10-15 01:15:49,679 [shard 0] database - Found temporary sstable directory: "/var/lib/scylla/data/system_schema/views-9786ac1cdd583201a7cdad556410c985/0000000000000478.sstable", removing
2020-10-15T01:15:49.680126063Z  INFO  2020-10-15 01:15:49,679 [shard 0] database - Found temporary sstable directory: "/var/lib/scylla/data/system_schema/types-5a8b1ca866023f77a0459273d308917a/0000000000000503.sstable", removing
2020-10-15T01:15:49.680136917Z  INFO  2020-10-15 01:15:49,679 [shard 0] database - Found temporary sstable directory: "/var/lib/scylla/data/system_schema/tables-afddfb9dbc1e30688056eed6c302ba09/0000000000000546.sstable", removing
2020-10-15T01:15:49.680147578Z  INFO  2020-10-15 01:15:49,679 [shard 0] database - Found temporary sstable directory: "/var/lib/scylla/data/system_schema/tables-afddfb9dbc1e30688056eed6c302ba09/0000000000000551.sstable", removing
2020-10-15T01:15:49.680158220Z  INFO  2020-10-15 01:15:49,679 [shard 0] database - Found temporary sstable directory: "/var/lib/scylla/data/system_schema/aggregates-924c55872e3a345bb10c12f37c1ba895/0000000000000466.sstable", removing
2020-10-15T01:15:49.723344812Z  WARN  2020-10-15 01:15:49,722 [shard 0] sstable - Deleting components of sstable from system_schema.views of generation 478 that has a temporary TOC
2020-10-15T01:15:49.726043830Z  WARN  2020-10-15 01:15:49,725 [shard 0] sstable - Deleting components of sstable from system_schema.indexes of generation 587 that has a temporary TOC
2020-10-15T01:15:49.811423954Z  Traceback (most recent call last):
2020-10-15T01:15:49.811483293Z    File "/opt/scylladb/scripts/libexec/scylla-housekeeping", line 208, in <module>
2020-10-15T01:15:49.811502725Z      args.func(args)
2020-10-15T01:15:49.811518863Z    File "/opt/scylladb/scripts/libexec/scylla-housekeeping", line 134, in check_version
2020-10-15T01:15:49.811535564Z      current_version = sanitize_version(get_api('/storage_service/scylla_release_version'))
2020-10-15T01:15:49.811551895Z    File "/opt/scylladb/scripts/libexec/scylla-housekeeping", line 93, in get_api
2020-10-15T01:15:49.811592118Z      return get_json_from_url("http://" + api_address + path)
2020-10-15T01:15:49.811609991Z    File "/opt/scylladb/scripts/libexec/scylla-housekeeping", line 88, in get_json_from_url
2020-10-15T01:15:49.811625711Z      raise RuntimeError(f'Failed to get "{path}" due to the following error: {retval}')
2020-10-15T01:15:49.811641570Z  RuntimeError: Failed to get "http://localhost:10000/storage_service/scylla_release_version" due to the following error: HTTP Error 404: Not Found
2020-10-15T01:15:50.376129535Z  WARN  2020-10-15 01:15:50,374 [shard 0] sstable - Deleting components of sstable from system_schema.keyspaces of generation 615 that has a temporary TOC
2020-10-15T01:15:50.376190128Z  WARN  2020-10-15 01:15:50,374 [shard 0] sstable - Deleting components of sstable from system_schema.types of generation 503 that has a temporary TOC
2020-10-15T01:15:50.376210337Z  WARN  2020-10-15 01:15:50,374 [shard 0] sstable - Deleting components of sstable from system_schema.scylla_tables of generation 530 that has a temporary TOC
2020-10-15T01:15:50.376228284Z  WARN  2020-10-15 01:15:50,374 [shard 0] sstable - Deleting components of sstable from system_schema.aggregates of generation 466 that has a temporary TOC
2020-10-15T01:15:50.376245994Z  WARN  2020-10-15 01:15:50,374 [shard 0] sstable - Deleting components of sstable from system_schema.tables of generation 551 that has a temporary TOC
2020-10-15T01:15:52.095757165Z  WARN  2020-10-15 01:15:52,094 [shard 0] sstable - Deleting components of sstable from system_schema.tables of generation 546 that has a temporary TOC
2020-10-15T01:15:52.633102317Z  INFO  2020-10-15 01:15:52,632 [shard 0] database - Populating Keyspace system
2020-10-15T01:15:52.634152824Z  INFO  2020-10-15 01:15:52,633 [shard 0] database - Keyspace system: Reading CF schema_aggregates id=a5fc57fc-9d6c-3bfd-a3fc-01ad54686fea version=d06c934f-9a69-374c-86f1-523ab26fb05c
2020-10-15T01:15:52.634190521Z  INFO  2020-10-15 01:15:52,633 [shard 0] database - Keyspace system: Reading CF schema_triggers id=0359bc71-7123-3ee1-9a4a-b9dfb11fc125 version=75e4ec4c-76da-3f59-984e-66810ba0c62b
2020-10-15T01:15:52.634202768Z  INFO  2020-10-15 01:15:52,633 [shard 0] database - Keyspace system: Reading CF compaction_history id=b4dbb7b4-dc49-3fb5-b3bf-ce6e434832ca version=25cae56a-8d75-39f3-a146-3756ab4981c7
2020-10-15T01:15:52.634213664Z  INFO  2020-10-15 01:15:52,633 [shard 0] database - Keyspace system: Reading CF compactions_in_progress id=55080ab0-5d9c-3886-90a4-acb25fe1f77b version=540263f1-40db-3869-8a38-3baadedc222d
2020-10-15T01:15:52.634224715Z  INFO  2020-10-15 01:15:52,633 [shard 0] database - Keyspace system: Reading CF range_xfers id=55d76438-4e55-3f8b-9f6e-676d4af3976d version=dd15a078-409b-350d-9bef-c5f3520832d8
2020-10-15T01:15:52.634236001Z  INFO  2020-10-15 01:15:52,633 [shard 0] database - Keyspace system: Reading CF scylla_views_builds_in_progress id=a04c7bfd-1e13-36c9-a44d-f22da352281d version=e3fb736c-6956-3990-a31d-9a482279e3fc
2020-10-15T01:15:52.634247059Z  INFO  2020-10-15 01:15:52,633 [shard 0] database - Keyspace system: Reading CF IndexInfo id=9f5c6374-d485-3229-9a0a-5094af9ad1e3 version=bbb3743b-351f-3023-b4fc-09a9be37d529
2020-10-15T01:15:52.634257883Z  INFO  2020-10-15 01:15:52,633 [shard 0] database - Keyspace system: Reading CF cdc_local id=0bcaffd4-0c83-3ead-ad13-dc1d5015b77c version=0aa4d3a2-ed95-3ecd-aba0-cd75622ad290
2020-10-15T01:15:52.634281401Z  INFO  2020-10-15 01:15:52,633 [shard 0] database - Keyspace system: Reading CF schema_columnfamilies id=45f5b360-24bc-3f83-a363-1034ea4fa697 version=7f7a5fea-07b7-304d-a6f8-f7aec72cabdb
2020-10-15T01:15:52.634292884Z  INFO  2020-10-15 01:15:52,633 [shard 0] database - Keyspace system: Reading CF batchlog id=0290003c-977e-397c-ac3e-fdfdc01d626b version=e2a2e804-49e4-3597-9f16-39fd9475835c
2020-10-15T01:15:52.634302939Z  INFO  2020-10-15 01:15:52,633 [shard 0] database - Keyspace system: Reading CF schema_functions id=d1b675fe-2b50-3ca4-8e49-c0f81989dcad version=a50959dd-2be0-3e4e-8bb5-cf40796e256a
2020-10-15T01:15:52.634314598Z  INFO  2020-10-15 01:15:52,633 [shard 0] database - Keyspace system: Reading CF peer_events id=59dfeaea-8db2-3341-91ef-109974d81484 version=7f874a05-72b8-3c21-9acb-baa164fc351a
2020-10-15T01:15:52.634325218Z  INFO  2020-10-15 01:15:52,633 [shard 0] database - Keyspace system: Reading CF local id=7ad54392-bcdd-35a6-8417-4e047860b377 version=7fa82c2e-5b67-37dd-8e5e-2079e18f1536
2020-10-15T01:15:52.634335199Z  INFO  2020-10-15 01:15:52,633 [shard 0] database - Keyspace system: Reading CF clients id=ca0f635d-8630-3609-8d93-a1fc06f2a5e5 version=51273ebf-e6f9-3cd5-b455-ea09ad29796f
2020-10-15T01:15:52.634344999Z  INFO  2020-10-15 01:15:52,633 [shard 0] database - Keyspace system: Reading CF size_estimates id=618f817b-005f-3678-b8a4-53f3930b8e86 version=6d4dbcff-f05b-3dc3-95ad-f79f7b10504d
2020-10-15T01:15:52.634354723Z  INFO  2020-10-15 01:15:52,633 [shard 0] database - Keyspace system: Reading CF large_partitions id=8a7fe624-96b0-34b1-b90e-f71bddcdd2d3 version=04fa9920-9369-3a96-be39-6dd9fdc816b6
2020-10-15T01:15:52.634364613Z  INFO  2020-10-15 01:15:52,633 [shard 0] database - Keyspace system: Reading CF schema_columns id=296e9c04-9bec-3085-827d-c17d3df2122a version=53cfbb66-ee0d-37be-97bb-b2afb3746f85
2020-10-15T01:15:52.634374411Z  INFO  2020-10-15 01:15:52,633 [shard 0] database - Keyspace system: Reading CF built_views id=4b3c50a9-ea87-3d76-9101-6dbc9c38494a version=a28aa0b3-6def-30a7-9fbe-ce78b3f3c9b9
2020-10-15T01:15:52.634391280Z  INFO  2020-10-15 01:15:52,633 [shard 0] database - Keyspace system: Reading CF peers id=37f71aca-7dc2-383b-a706-72528af04d4f version=f6f6871f-8c86-3eca-ac0b-2a2e848e395d
2020-10-15T01:15:52.634401048Z  INFO  2020-10-15 01:15:52,633 [shard 0] database - Keyspace system: Reading CF hints id=2666e205-73ef-38b3-90fe-fecf96e8f0c7 version=0b74fdd1-e96d-309e-a14e-a5bcd7ac885d
2020-10-15T01:15:52.634410965Z  INFO  2020-10-15 01:15:52,633 [shard 0] database - Keyspace system: Reading CF large_rows id=40550f66-0858-39a0-9430-f27fc08034e9 version=aee3acb0-7926-317b-848e-db7bc3721695
2020-10-15T01:15:52.634420879Z  INFO  2020-10-15 01:15:52,633 [shard 0] database - Keyspace system: Reading CF large_cells id=ead8bbc5-f146-3ae1-9f71-0b11f9a1d296 version=0d4a6937-a781-3f87-a192-b4e4a4a40acf
2020-10-15T01:15:52.634430991Z  INFO  2020-10-15 01:15:52,633 [shard 0] database - Keyspace system: Reading CF scylla_local id=2972ec7f-fb20-38dd-aac1-d876f2e3fcbd version=5f0b407d-eedf-3845-a48e-dbb9673d10e1
2020-10-15T01:15:52.634442126Z  INFO  2020-10-15 01:15:52,633 [shard 0] database - Keyspace system: Reading CF views_builds_in_progress id=b7f2c108-78cd-3c80-9cd5-d609b2bd149c version=b905cce5-1474-3085-819a-7592453e2fb9
2020-10-15T01:15:52.634459084Z  INFO  2020-10-15 01:15:52,633 [shard 0] database - Keyspace system: Reading CF schema_usertypes id=3aa75225-4f82-350b-8d5c-430fa221fa0a version=3c53e6bb-56d5-3618-a0b2-4ff5f18127d7
2020-10-15T01:15:52.634469946Z  INFO  2020-10-15 01:15:52,633 [shard 0] database - Keyspace system: Reading CF sstable_activity id=5a1ff267-ace0-3f12-8563-cfae6103c65e version=bdec57a3-b234-334b-be9c-7b1f33113995
2020-10-15T01:15:52.634479983Z  INFO  2020-10-15 01:15:52,633 [shard 0] database - Keyspace system: Reading CF truncated id=38c19fd0-fb86-3310-a4b7-0d0cc66628aa version=6da9a85c-7ae0-3917-aead-54a2f65a57a8
2020-10-15T01:15:52.634489757Z  INFO  2020-10-15 01:15:52,633 [shard 0] database - Keyspace system: Reading CF paxos id=b7b7f0c2-fd0a-3410-8c05-3ef614bb7c2d version=6dd372de-72fb-3e1b-9b8c-f97738a67fe9
2020-10-15T01:15:52.634499502Z  INFO  2020-10-15 01:15:52,633 [shard 0] database - Keyspace system: Reading CF schema_keyspaces id=b0f22357-4458-3cdb-9631-c43e59ce3676 version=84d28cef-59f9-34a9-9be5-31c684997f03
2020-10-15T01:16:07.445242142Z  INFO  2020-10-15 01:16:07,444 [shard 0] init - starting gossip
2020-10-15T01:16:07.445287689Z  WARN  2020-10-15 01:16:07,444 [shard 0] init - Using default cluster name is not recommended. Using a unique cluster name will reduce the chance of adding nodes to the wrong cluster by mistake
2020-10-15T01:16:07.445756694Z  INFO  2020-10-15 01:16:07,445 [shard 0] init - starting storage proxy
2020-10-15T01:16:07.458342349Z  INFO  2020-10-15 01:16:07,458 [shard 0] init - creating hints manager
2020-10-15T01:16:07.458839973Z  INFO  2020-10-15 01:16:07,458 [shard 3] init - creating hints manager
2020-10-15T01:16:07.458871170Z  INFO  2020-10-15 01:16:07,458 [shard 1] init - creating hints manager
2020-10-15T01:16:07.459265514Z  INFO  2020-10-15 01:16:07,458 [shard 2] init - creating hints manager
2020-10-15T01:16:07.459651611Z  INFO  2020-10-15 01:16:07,459 [shard 0] init - starting migration manager
2020-10-15T01:16:07.459672235Z  INFO  2020-10-15 01:16:07,459 [shard 0] init - starting query processor
2020-10-15T01:16:07.460918671Z  INFO  2020-10-15 01:16:07,460 [shard 0] init - initializing batchlog manager
2020-10-15T01:16:07.465241686Z  INFO  2020-10-15 01:16:07,464 [shard 0] legacy_schema_migrator - Moving 0 keyspaces from legacy schema tables to the new schema keyspace (system_schema)
2020-10-15T01:16:07.465914627Z  INFO  2020-10-15 01:16:07,465 [shard 0] legacy_schema_migrator - Dropping legacy schema tables
2020-10-15T01:16:20.668940754Z  INFO  2020-10-15 01:16:20,668 [shard 0] legacy_schema_migrator - Completed migration of legacy schema tables
2020-10-15T01:16:20.673110009Z  INFO  2020-10-15 01:16:20,672 [shard 0] init - loading system sstables
2020-10-15T01:16:35.235539997Z  INFO  2020-10-15 01:16:35,234 [shard 0] init - loading non-system sstables
2020-10-15T01:16:44.339223310Z  INFO  2020-10-15 01:16:44,338 [shard 0] database - Populating Keyspace dt
2020-10-15T01:16:44.339278040Z  INFO  2020-10-15 01:16:44,338 [shard 0] database - Keyspace dt: Reading CF source_element_idx_index id=68593f10-d77b-11ea-9877-000000000001 version=33e3f927-f730-3081-88e1-6bed2962e42a
2020-10-15T01:16:44.339296818Z  INFO  2020-10-15 01:16:44,338 [shard 0] database - Keyspace dt: Reading CF element_twin_idx_index id=630ae8b0-d77b-11ea-9877-000000000001 version=bc3026fd-bc4e-318d-b6f4-ca0b566cb74b
2020-10-15T01:16:44.339657915Z  INFO  2020-10-15 01:16:44,338 [shard 0] database - Keyspace dt: Reading CF source id=65ff2270-d77b-11ea-9877-000000000001 version=5f8471b7-7d19-31d4-9be5-0f153affb0bb
2020-10-15T01:16:44.339696292Z  INFO  2020-10-15 01:16:44,338 [shard 0] database - Keyspace dt: Reading CF source_data id=6af6cd50-d77b-11ea-9877-000000000001 version=b52400e3-b307-3141-b3fc-e5d63573f135
2020-10-15T01:16:44.339714094Z  INFO  2020-10-15 01:16:44,338 [shard 0] database - Keyspace dt: Reading CF element id=607549b0-d77b-11ea-9877-000000000001 version=f44a6c4b-69d8-37f2-b116-7260740acc6c
2020-10-15T01:16:44.339729440Z  INFO  2020-10-15 01:16:44,339 [shard 0] database - Keyspace dt: Reading CF twin id=5e00c740-d77b-11ea-9877-000000000001 version=6240633e-c8cc-3fea-a1e3-452eff1b9659
2020-10-15T01:16:44.339744914Z  INFO  2020-10-15 01:16:44,339 [shard 0] database - Keyspace dt: Reading CF user id=5c294820-d77b-11ea-9877-000000000001 version=02cce273-02f1-3e6a-8674-f1016e3f22d7
2020-10-15T01:16:44.339959132Z  INFO  2020-10-15 01:16:44,339 [shard 0] database - Populating Keyspace system_distributed
2020-10-15T01:16:44.339988781Z  INFO  2020-10-15 01:16:44,339 [shard 0] database - Keyspace system_distributed: Reading CF view_build_status id=5582b59f-8e4e-35e1-b913-3acada51eb04 version=e0b6e628-60e0-39a2-ada0-9b6c13bdd9bc
2020-10-15T01:16:44.340004642Z  INFO  2020-10-15 01:16:44,339 [shard 0] database - Keyspace system_distributed: Reading CF cdc_generations id=6a4df139-00b6-3d21-9efc-dade266dc3b7 version=2511b46b-df1d-39fa-9a77-f5cacf88af47
2020-10-15T01:16:44.340318641Z  INFO  2020-10-15 01:16:44,339 [shard 0] database - Keyspace system_distributed: Reading CF cdc_streams id=07405732-4620-34d6-a85e-947248dad9a4 version=b606cfa4-a37b-32bd-a624-e05cab2bed3c
2020-10-15T01:16:44.340347239Z  INFO  2020-10-15 01:16:44,339 [shard 0] database - Populating Keyspace system_auth
2020-10-15T01:16:44.340362936Z  INFO  2020-10-15 01:16:44,339 [shard 0] database - Keyspace system_auth: Reading CF roles id=5bc52802-de25-35ed-aeab-188eecebb090 version=d8f599da-7544-3f57-aa58-b229deea93e0
2020-10-15T01:16:44.340596674Z  INFO  2020-10-15 01:16:44,340 [shard 0] database - Keyspace system_auth: Reading CF role_members id=0ecdaa87-f8fb-3e60-88d1-74fb36fe5c0d version=2923b5bb-f2f8-36e8-9e73-19019900010c
2020-10-15T01:16:44.340625709Z  INFO  2020-10-15 01:16:44,340 [shard 0] database - Populating Keyspace system_traces
2020-10-15T01:16:44.340640693Z  INFO  2020-10-15 01:16:44,340 [shard 0] database - Keyspace system_traces: Reading CF sessions id=c5e99f16-8677-3914-b17e-960613512345 version=e0fc4b06-6cba-3b7b-bfb6-b42a77c370a9
2020-10-15T01:16:44.340986810Z  INFO  2020-10-15 01:16:44,340 [shard 0] database - Keyspace system_traces: Reading CF node_slow_log_time_idx id=f9706768-aa1e-3d87-9e5c-51a3927c2870 version=eaffc0bb-7b2c-3b64-8924-d8ba685120bc
2020-10-15T01:16:44.341035312Z  INFO  2020-10-15 01:16:44,340 [shard 0] database - Keyspace system_traces: Reading CF sessions_time_idx id=0ebf001c-c1d1-3693-9a63-c3d96ac53318 version=cd5d1e5f-1f42-3b9d-a8ba-3af39d59a7d5
2020-10-15T01:16:44.341309181Z  INFO  2020-10-15 01:16:44,340 [shard 0] database - Keyspace system_traces: Reading CF events id=8826e8e9-e16a-3728-8753-3bc1fc713c25 version=41a6b26e-a03b-3ae1-8a4a-b9446e7f9304
2020-10-15T01:16:44.341357834Z  INFO  2020-10-15 01:16:44,340 [shard 0] database - Keyspace system_traces: Reading CF node_slow_log id=bfcc4e62-5b63-3aa1-a1c3-6f5e47f3325c version=23e7a411-8414-340f-854d-20a3a637e438
2020-10-15T01:16:52.905691978Z  INFO  2020-10-15 01:16:52,905 [shard 0] init - starting view update generator
2020-10-15T01:16:52.906143117Z  INFO  2020-10-15 01:16:52,905 [shard 0] init - discovering staging sstables
2020-10-15T01:16:52.906747862Z  INFO  2020-10-15 01:16:52,906 [shard 0] init - setting up system keyspace
2020-10-15T01:16:52.936074729Z  INFO  2020-10-15 01:16:52,935 [shard 0] init - starting commit log
2020-10-15T01:16:52.936122553Z  INFO  2020-10-15 01:16:52,935 [shard 0] init - replaying commit log
2020-10-15T01:16:52.940055399Z  INFO  2020-10-15 01:16:52,939 [shard 0] commitlog_replayer - Replaying /var/lib/scylla/commitlog/CommitLog-1-36028799998162085.log, /var/lib/scylla/commitlog/CommitLog-1-2979198114.log, /var/lib/scylla/commitlog/CommitLog-1-36028799998162084.log, /var/lib/scylla/commitlog/CommitLog-1-54043198507644069.log, /var/lib/scylla/commitlog/CommitLog-1-54043198507644070.log, /var/lib/scylla/commitlog/CommitLog-1-2979198115.log, /var/lib/scylla/commitlog/CommitLog-1-54043198507644068.log, /var/lib/scylla/commitlog/CommitLog-1-18014401488680099.log, /var/lib/scylla/commitlog/CommitLog-1-18014401488680100.log, /var/lib/scylla/commitlog/CommitLog-1-36028799998162086.log, /var/lib/scylla/commitlog/CommitLog-1-2979198116.log
2020-10-15T01:17:06.001657930Z  INFO  2020-10-15 01:17:06,001 [shard 0] commitlog_replayer - Log replay complete, 21328 replayed mutations (0 invalid, 0 skipped)
2020-10-15T01:17:06.002519898Z  INFO  2020-10-15 01:17:06,002 [shard 0] init - replaying commit log - flushing memtables
2020-10-15T01:17:23.759801748Z  INFO  2020-10-15 01:17:23,758 [shard 0] init - replaying commit log - removing old commitlog segments
2020-10-15T01:17:23.760388632Z  INFO  2020-10-15 01:17:23,760 [shard 0] compaction - Compacting [/var/lib/scylla/data/system/compaction_history-b4dbb7b4dc493fb5b3bfce6e434832ca/mc-896-big-Data.db:level=0, /var/lib/scylla/data/system/compaction_history-b4dbb7b4dc493fb5b3bfce6e434832ca/mc-900-big-Data.db:level=0, /var/lib/scylla/data/system/compaction_history-b4dbb7b4dc493fb5b3bfce6e434832ca/mc-892-big-Data.db:level=0, ]
2020-10-15T01:17:23.760721245Z  INFO  2020-10-15 01:17:23,760 [shard 0] compaction - Compacting [/var/lib/scylla/data/system/truncated-38c19fd0fb863310a4b70d0cc66628aa/mc-1704-big-Data.db:level=0, /var/lib/scylla/data/system/truncated-38c19fd0fb863310a4b70d0cc66628aa/mc-1708-big-Data.db:level=0, /var/lib/scylla/data/system/truncated-38c19fd0fb863310a4b70d0cc66628aa/mc-1700-big-Data.db:level=0, ]
2020-10-15T01:17:23.761381524Z  INFO  2020-10-15 01:17:23,761 [shard 1] compaction - Compacting [/var/lib/scylla/data/system/compaction_history-b4dbb7b4dc493fb5b3bfce6e434832ca/mc-909-big-Data.db:level=0, /var/lib/scylla/data/system/compaction_history-b4dbb7b4dc493fb5b3bfce6e434832ca/mc-905-big-Data.db:level=0, /var/lib/scylla/data/system/compaction_history-b4dbb7b4dc493fb5b3bfce6e434832ca/mc-901-big-Data.db:level=0, ]
2020-10-15T01:17:23.761994135Z  INFO  2020-10-15 01:17:23,761 [shard 3] compaction - Compacting [/var/lib/scylla/data/system_schema/dropped_columns-5e7583b5f3f43af19a39b7e1d6f5f11f/mc-675-big-Data.db:level=0, /var/lib/scylla/data/system_schema/dropped_columns-5e7583b5f3f43af19a39b7e1d6f5f11f/mc-679-big-Data.db:level=0, /var/lib/scylla/data/system_schema/dropped_columns-5e7583b5f3f43af19a39b7e1d6f5f11f/mc-671-big-Data.db:level=0, ]
2020-10-15T01:17:23.763341714Z  INFO  2020-10-15 01:17:23,762 [shard 3] compaction - Compacting [/var/lib/scylla/data/system/clients-ca0f635d863036098d93a1fc06f2a5e5/mc-119-big-Data.db:level=0, /var/lib/scylla/data/system/clients-ca0f635d863036098d93a1fc06f2a5e5/mc-115-big-Data.db:level=0, /var/lib/scylla/data/system/clients-ca0f635d863036098d93a1fc06f2a5e5/mc-87-big-Data.db:level=0, /var/lib/scylla/data/system/clients-ca0f635d863036098d93a1fc06f2a5e5/mc-91-big-Data.db:level=0, /var/lib/scylla/data/system/clients-ca0f635d863036098d93a1fc06f2a5e5/mc-111-big-Data.db:level=0, /var/lib/scylla/data/system/clients-ca0f635d863036098d93a1fc06f2a5e5/mc-155-big-Data.db:level=0, /var/lib/scylla/data/system/clients-ca0f635d863036098d93a1fc06f2a5e5/mc-123-big-Data.db:level=0, /var/lib/scylla/data/system/clients-ca0f635d863036098d93a1fc06f2a5e5/mc-143-big-Data.db:level=0, /var/lib/scylla/data/system/clients-ca0f635d863036098d93a1fc06f2a5e5/mc-147-big-Data.db:level=0, /var/lib/scylla/data/system/clients-ca0f635d863036098d93a1fc06f2a5e5/mc-139-big-Data.db:level=0, /var/lib/scylla/data/system/clients-ca0f635d863036098d93a1fc06f2a5e5/mc-103-big-Data.db:level=0, /var/lib/scylla/data/system/clients-ca0f635d863036098d93a1fc06f2a5e5/mc-131-big-Data.db:level=0, /var/lib/scylla/data/system/clients-ca0f635d863036098d93a1fc06f2a5e5/mc-135-big-Data.db:level=0, /var/lib/scylla/data/system/clients-ca0f635d863036098d93a1fc06f2a5e5/mc-107-big-Data.db:level=0, /var/lib/scylla/data/system/clients-ca0f635d863036098d93a1fc06f2a5e5/mc-95-big-Data.db:level=0, /var/lib/scylla/data/system/clients-ca0f635d863036098d93a1fc06f2a5e5/mc-151-big-Data.db:level=0, /var/lib/scylla/data/system/clients-ca0f635d863036098d93a1fc06f2a5e5/mc-127-big-Data.db:level=0, /var/lib/scylla/data/system/clients-ca0f635d863036098d93a1fc06f2a5e5/mc-99-big-Data.db:level=0, ]
2020-10-15T01:17:23.764051989Z  INFO  2020-10-15 01:17:23,763 [shard 3] compaction - Compacting [/var/lib/scylla/data/system_schema/functions-96489b7980be3e14a70166a0b9159450/mc-615-big-Data.db:level=0, /var/lib/scylla/data/system_schema/functions-96489b7980be3e14a70166a0b9159450/mc-607-big-Data.db:level=0, /var/lib/scylla/data/system_schema/functions-96489b7980be3e14a70166a0b9159450/mc-611-big-Data.db:level=0, ]
2020-10-15T01:17:23.764719567Z  INFO  2020-10-15 01:17:23,764 [shard 2] compaction - Compacting [/var/lib/scylla/data/system/peers-37f71aca7dc2383ba70672528af04d4f/mc-14-big-Data.db:level=0, /var/lib/scylla/data/system/peers-37f71aca7dc2383ba70672528af04d4f/mc-10-big-Data.db:level=0, /var/lib/scylla/data/system/peers-37f71aca7dc2383ba70672528af04d4f/mc-6-big-Data.db:level=0, ]
2020-10-15T01:17:23.765760490Z  INFO  2020-10-15 01:17:23,764 [shard 3] compaction - Compacting [/var/lib/scylla/data/system/compaction_history-b4dbb7b4dc493fb5b3bfce6e434832ca/mc-923-big-Data.db:level=0, /var/lib/scylla/data/system/compaction_history-b4dbb7b4dc493fb5b3bfce6e434832ca/mc-919-big-Data.db:level=0, /var/lib/scylla/data/system/compaction_history-b4dbb7b4dc493fb5b3bfce6e434832ca/mc-915-big-Data.db:level=0, ]
2020-10-15T01:17:23.766517922Z  INFO  2020-10-15 01:17:23,765 [shard 3] compaction - Compacting [/var/lib/scylla/data/system_schema/columns-24101c25a2ae3af787c1b40ee1aca33f/mc-675-big-Data.db:level=0, /var/lib/scylla/data/system_schema/columns-24101c25a2ae3af787c1b40ee1aca33f/mc-679-big-Data.db:level=0, /var/lib/scylla/data/system_schema/columns-24101c25a2ae3af787c1b40ee1aca33f/mc-671-big-Data.db:level=0, ]
2020-10-15T01:17:23.766559776Z  INFO  2020-10-15 01:17:23,765 [shard 3] compaction - Compacting [/var/lib/scylla/data/system_schema/indexes-0feb57ac311f382fba6d9024d305702f/mc-587-big-Data.db:level=0, /var/lib/scylla/data/system_schema/indexes-0feb57ac311f382fba6d9024d305702f/mc-583-big-Data.db:level=0, ]
2020-10-15T01:17:23.766625445Z  INFO  2020-10-15 01:17:23,766 [shard 3] compaction - Compacting [/var/lib/scylla/data/dt/source_data-6af6cd50d77b11ea9877000000000001/mc-707-big-Data.db:level=0, /var/lib/scylla/data/dt/source_data-6af6cd50d77b11ea9877000000000001/mc-703-big-Data.db:level=0, /var/lib/scylla/data/dt/source_data-6af6cd50d77b11ea9877000000000001/mc-699-big-Data.db:level=0, ]
2020-10-15T01:17:23.767184033Z  INFO  2020-10-15 01:17:23,766 [shard 3] compaction - Compacting [/var/lib/scylla/data/system_schema/scylla_tables-5d912ff1f7593665b2c88042ab5103dd/mc-531-big-Data.db:level=0, /var/lib/scylla/data/system_schema/scylla_tables-5d912ff1f7593665b2c88042ab5103dd/mc-527-big-Data.db:level=0, ]
2020-10-15T01:17:23.767208540Z  INFO  2020-10-15 01:17:23,766 [shard 2] compaction - Compacting [/var/lib/scylla/data/system_schema/dropped_columns-5e7583b5f3f43af19a39b7e1d6f5f11f/mc-678-big-Data.db:level=0, /var/lib/scylla/data/system_schema/dropped_columns-5e7583b5f3f43af19a39b7e1d6f5f11f/mc-670-big-Data.db:level=0, /var/lib/scylla/data/system_schema/dropped_columns-5e7583b5f3f43af19a39b7e1d6f5f11f/mc-674-big-Data.db:level=0, ]
2020-10-15T01:17:23.767649010Z  INFO  2020-10-15 01:17:23,767 [shard 2] compaction - Compacting [/var/lib/scylla/data/system/compaction_history-b4dbb7b4dc493fb5b3bfce6e434832ca/mc-922-big-Data.db:level=0, /var/lib/scylla/data/system/compaction_history-b4dbb7b4dc493fb5b3bfce6e434832ca/mc-918-big-Data.db:level=0, /var/lib/scylla/data/system/compaction_history-b4dbb7b4dc493fb5b3bfce6e434832ca/mc-914-big-Data.db:level=0, ]
2020-10-15T01:17:23.767671137Z  INFO  2020-10-15 01:17:23,767 [shard 2] compaction - Compacting [/var/lib/scylla/data/system_schema/columns-24101c25a2ae3af787c1b40ee1aca33f/mc-678-big-Data.db:level=0, /var/lib/scylla/data/system_schema/columns-24101c25a2ae3af787c1b40ee1aca33f/mc-682-big-Data.db:level=0, /var/lib/scylla/data/system_schema/columns-24101c25a2ae3af787c1b40ee1aca33f/mc-674-big-Data.db:level=0, ]
2020-10-15T01:17:23.767683274Z  INFO  2020-10-15 01:17:23,767 [shard 2] compaction - Compacting [/var/lib/scylla/data/system_schema/keyspaces-abac5682dea631c5b535b3d6cffd0fb6/mc-646-big-Data.db:level=0, /var/lib/scylla/data/system_schema/keyspaces-abac5682dea631c5b535b3d6cffd0fb6/mc-650-big-Data.db:level=0, /var/lib/scylla/data/system_schema/keyspaces-abac5682dea631c5b535b3d6cffd0fb6/mc-642-big-Data.db:level=0, ]
2020-10-15T01:17:23.768115488Z  INFO  2020-10-15 01:17:23,767 [shard 2] compaction - Compacting [/var/lib/scylla/data/system_schema/scylla_tables-5d912ff1f7593665b2c88042ab5103dd/mc-530-big-Data.db:level=0, /var/lib/scylla/data/system_schema/scylla_tables-5d912ff1f7593665b2c88042ab5103dd/mc-526-big-Data.db:level=0, ]
2020-10-15T01:17:23.768560561Z  INFO  2020-10-15 01:17:23,767 [shard 2] compaction - Compacting [/var/lib/scylla/data/system_schema/views-9786ac1cdd583201a7cdad556410c985/mc-478-big-Data.db:level=0, /var/lib/scylla/data/system_schema/views-9786ac1cdd583201a7cdad556410c985/mc-474-big-Data.db:level=0, ]
2020-10-15T01:17:23.773517169Z  INFO  2020-10-15 01:17:23,773 [shard 0] init - initializing migration manager RPC verbs
2020-10-15T01:17:23.774696389Z  INFO  2020-10-15 01:17:23,774 [shard 0] init - initializing storage proxy RPC verbs
2020-10-15T01:17:23.775443832Z  INFO  2020-10-15 01:17:23,775 [shard 0] init - starting streaming service
2020-10-15T01:17:23.778404852Z  INFO  2020-10-15 01:17:23,778 [shard 0] init - starting hinted handoff manager
2020-10-15T01:17:24.517559909Z  WARN  2020-10-15 01:17:24,516 [shard 3] large_data - Writing a partition with too many rows [dt/source_data:d0a71d84-b80f-4558-beac-8887750652e3] (160258 rows)
2020-10-15T01:17:24.774602195Z  INFO  2020-10-15 01:17:24,774 [shard 0] init - starting messaging service
2020-10-15T01:17:24.775507979Z  INFO  2020-10-15 01:17:24,775 [shard 0] repair - Setting max_repair_memory=168820736, max_repair_memory_per_range=33554432, max_repair_ranges_in_parallel=5
2020-10-15T01:17:24.776260209Z  INFO  2020-10-15 01:17:24,776 [shard 0] init - starting storage service
2020-10-15T01:17:24.777622193Z  INFO  2020-10-15 01:17:24,777 [shard 0] storage_service - Loading persisted ring state
2020-10-15T01:17:24.779488203Z  INFO  2020-10-15 01:17:24,779 [shard 0] storage_service - loaded_peer_features: peer_features size=0
2020-10-15T01:17:24.779882796Z  INFO  2020-10-15 01:17:24,779 [shard 0] storage_service - Checking remote features skipped, since this node is a new seed node which knows nothing about the cluster
2020-10-15T01:17:24.780870421Z  INFO  2020-10-15 01:17:24,780 [shard 0] storage_service - Restarting a node in NORMAL status
2020-10-15T01:17:24.810224681Z  INFO  2020-10-15 01:17:24,809 [shard 0] database - Schema version changed to 3f00f995-6495-3765-8599-4e76a2f4c6b2
2020-10-15T01:17:24.810701205Z  INFO  2020-10-15 01:17:24,810 [shard 0] storage_service - Starting up server gossip
2020-10-15T01:17:25.652473575Z  INFO  2020-10-15 01:17:25,651 [shard 2] compaction - Compacted 3 sstables to []. 16431 bytes to 0 (~0% of original) in 1ms = 0.00MB/s. ~384 total partitions merged to 0.
2020-10-15T01:17:25.737823595Z  INFO  2020-10-15 01:17:25,736 [shard 1] compaction - Compacting [/var/lib/scylla/data/system/local-7ad54392bcdd35a684174e047860b377/mc-3653-big-Data.db:level=0, /var/lib/scylla/data/system/local-7ad54392bcdd35a684174e047860b377/mc-3657-big-Data.db:level=0, /var/lib/scylla/data/system/local-7ad54392bcdd35a684174e047860b377/mc-3661-big-Data.db:level=0, /var/lib/scylla/data/system/local-7ad54392bcdd35a684174e047860b377/mc-3649-big-Data.db:level=0, ]
2020-10-15T01:17:26.468935537Z  INFO  2020-10-15 01:17:26,468 [shard 0] compaction - Compacted 3 sstables to [/var/lib/scylla/data/system/truncated-38c19fd0fb863310a4b70d0cc66628aa/mc-1712-big-Data.db:level=0, ]. 158417 bytes to 76908 (~48% of original) in 1925ms = 0.04MB/s. ~384 total partitions merged to 2.
2020-10-15T01:17:26.468975520Z  INFO  2020-10-15 01:17:26,468 [shard 0] compaction - Compacted 3 sstables to [/var/lib/scylla/data/system/compaction_history-b4dbb7b4dc493fb5b3bfce6e434832ca/mc-904-big-Data.db:level=0, ]. 235802 bytes to 95505 (~40% of original) in 1925ms = 0.05MB/s. ~384 total partitions merged to 57.
2020-10-15T01:17:26.502523805Z  INFO  2020-10-15 01:17:26,502 [shard 3] compaction - Compacted 18 sstables to []. 267036 bytes to 0 (~0% of original) in 25ms = 0.00MB/s. ~2304 total partitions merged to 0.
2020-10-15T01:17:26.551596181Z  INFO  2020-10-15 01:17:26,551 [shard 1] compaction - Compacted 3 sstables to [/var/lib/scylla/data/system/compaction_history-b4dbb7b4dc493fb5b3bfce6e434832ca/mc-913-big-Data.db:level=0, ]. 265882 bytes to 96740 (~36% of original) in 1975ms = 0.05MB/s. ~384 total partitions merged to 56.
2020-10-15T01:17:26.733721212Z  INFO  2020-10-15 01:17:26,733 [shard 0] messaging_service - Starting Messaging Service on port 7000
2020-10-15T01:17:27.681503930Z  INFO  2020-10-15 01:17:27,680 [shard 2] compaction - Compacting [/var/lib/scylla/data/system_schema/view_virtual_columns-08843b6345dc3be29798a0418295cfaa/mc-622-big-Data.db:level=0, /var/lib/scylla/data/system_schema/view_virtual_columns-08843b6345dc3be29798a0418295cfaa/mc-618-big-Data.db:level=0, /var/lib/scylla/data/system_schema/view_virtual_columns-08843b6345dc3be29798a0418295cfaa/mc-614-big-Data.db:level=0, ]
2020-10-15T01:17:27.682771070Z  INFO  2020-10-15 01:17:27,682 [shard 2] compaction - Compacting [/var/lib/scylla/data/system_schema/tables-afddfb9dbc1e30688056eed6c302ba09/mc-546-big-Data.db:level=0, /var/lib/scylla/data/system_schema/tables-afddfb9dbc1e30688056eed6c302ba09/mc-542-big-Data.db:level=0, ]
2020-10-15T01:17:27.683565280Z  INFO  2020-10-15 01:17:27,682 [shard 2] compaction - Compacting [/var/lib/scylla/data/system_schema/aggregates-924c55872e3a345bb10c12f37c1ba895/mc-466-big-Data.db:level=0, /var/lib/scylla/data/system_schema/aggregates-924c55872e3a345bb10c12f37c1ba895/mc-462-big-Data.db:level=0, ]
2020-10-15T01:17:27.685002215Z  INFO  2020-10-15 01:17:27,684 [shard 2] compaction - Compacting [/var/lib/scylla/data/system/truncated-38c19fd0fb863310a4b70d0cc66628aa/mc-1162-big-Data.db:level=0, /var/lib/scylla/data/system/truncated-38c19fd0fb863310a4b70d0cc66628aa/mc-1158-big-Data.db:level=0, /var/lib/scylla/data/system/truncated-38c19fd0fb863310a4b70d0cc66628aa/mc-1154-big-Data.db:level=0, ]
2020-10-15T01:17:27.774392503Z  INFO  2020-10-15 01:17:27,773 [shard 1] compaction - Compacted 4 sstables to [/var/lib/scylla/data/system/local-7ad54392bcdd35a684174e047860b377/mc-3669-big-Data.db:level=0, ]. 31109 bytes to 12591 (~40% of original) in 1446ms = 0.01MB/s. ~512 total partitions merged to 1.
2020-10-15T01:17:27.775086176Z  INFO  2020-10-15 01:17:27,774 [shard 1] compaction - Compacting [/var/lib/scylla/data/system/local-7ad54392bcdd35a684174e047860b377/mc-3665-big-Data.db:level=0, /var/lib/scylla/data/system/local-7ad54392bcdd35a684174e047860b377/mc-3669-big-Data.db:level=0, ]
2020-10-15T01:17:28.276516448Z  INFO  2020-10-15 01:17:28,275 [shard 3] compaction - Compacting [/var/lib/scylla/data/system_schema/view_virtual_columns-08843b6345dc3be29798a0418295cfaa/mc-623-big-Data.db:level=0, /var/lib/scylla/data/system_schema/view_virtual_columns-08843b6345dc3be29798a0418295cfaa/mc-619-big-Data.db:level=0, /var/lib/scylla/data/system_schema/view_virtual_columns-08843b6345dc3be29798a0418295cfaa/mc-615-big-Data.db:level=0, ]
2020-10-15T01:17:28.278896650Z  INFO  2020-10-15 01:17:28,278 [shard 3] compaction - Compacting [/var/lib/scylla/data/system_schema/triggers-4df70b666b05325195a132b54005fd48/mc-599-big-Data.db:level=0, /var/lib/scylla/data/system_schema/triggers-4df70b666b05325195a132b54005fd48/mc-591-big-Data.db:level=0, /var/lib/scylla/data/system_schema/triggers-4df70b666b05325195a132b54005fd48/mc-595-big-Data.db:level=0, ]
2020-10-15T01:17:28.279821314Z  INFO  2020-10-15 01:17:28,279 [shard 3] compaction - Compacting [/var/lib/scylla/data/system_schema/computed_columns-cc7c7069374033c192a4c3de78dbd2c4/mc-527-big-Data.db:level=0, /var/lib/scylla/data/system_schema/computed_columns-cc7c7069374033c192a4c3de78dbd2c4/mc-523-big-Data.db:level=0, ]
2020-10-15T01:17:28.280972528Z  INFO  2020-10-15 01:17:28,280 [shard 3] compaction - Compacting [/var/lib/scylla/data/system_schema/tables-afddfb9dbc1e30688056eed6c302ba09/mc-551-big-Data.db:level=0, /var/lib/scylla/data/system_schema/tables-afddfb9dbc1e30688056eed6c302ba09/mc-547-big-Data.db:level=0, ]
2020-10-15T01:17:29.142299693Z  INFO  2020-10-15 01:17:29,141 [shard 1] compaction - Compacted 2 sstables to [/var/lib/scylla/data/system/local-7ad54392bcdd35a684174e047860b377/mc-3673-big-Data.db:level=0, ]. 18682 bytes to 12270 (~65% of original) in 1006ms = 0.01MB/s. ~256 total partitions merged to 1.
2020-10-15T01:17:29.394425923Z  INFO  2020-10-15 01:17:29,393 [shard 2] compaction - Compacted 3 sstables to [/var/lib/scylla/data/system_schema/dropped_columns-5e7583b5f3f43af19a39b7e1d6f5f11f/mc-682-big-Data.db:level=0, ]. 15984 bytes to 5642 (~35% of original) in 3913ms = 0.00MB/s. ~384 total partitions merged to 1.
2020-10-15T01:17:29.396213798Z  INFO  2020-10-15 01:17:29,395 [shard 2] compaction - Compacted 3 sstables to [/var/lib/scylla/data/system_schema/columns-24101c25a2ae3af787c1b40ee1aca33f/mc-686-big-Data.db:level=0, ]. 78703 bytes to 61716 (~78% of original) in 3914ms = 0.02MB/s. ~384 total partitions merged to 2.
2020-10-15T01:17:29.398455207Z  INFO  2020-10-15 01:17:29,397 [shard 2] compaction - Compacted 3 sstables to [/var/lib/scylla/data/system/compaction_history-b4dbb7b4dc493fb5b3bfce6e434832ca/mc-926-big-Data.db:level=0, ]. 179208 bytes to 99888 (~55% of original) in 3914ms = 0.02MB/s. ~384 total partitions merged to 59.
2020-10-15T01:17:29.398480854Z  INFO  2020-10-15 01:17:29,398 [shard 2] compaction - Compacted 2 sstables to [/var/lib/scylla/data/system_schema/scylla_tables-5d912ff1f7593665b2c88042ab5103dd/mc-534-big-Data.db:level=0, ]. 11944 bytes to 6126 (~51% of original) in 3914ms = 0.00MB/s. ~256 total partitions merged to 1.
2020-10-15T01:17:29.398493390Z  INFO  2020-10-15 01:17:29,398 [shard 2] compaction - Compacted 2 sstables to [/var/lib/scylla/data/system_schema/views-9786ac1cdd583201a7cdad556410c985/mc-482-big-Data.db:level=0, ]. 13699 bytes to 7005 (~51% of original) in 3915ms = 0.00MB/s. ~256 total partitions merged to 1.
2020-10-15T01:17:29.471751904Z  INFO  2020-10-15 01:17:29,471 [shard 2] compaction - Compacted 3 sstables to [/var/lib/scylla/data/system_schema/keyspaces-abac5682dea631c5b535b3d6cffd0fb6/mc-654-big-Data.db:level=0, ]. 67314 bytes to 56727 (~84% of original) in 3917ms = 0.01MB/s. ~384 total partitions merged to 2.
2020-10-15T01:17:29.476435258Z  INFO  2020-10-15 01:17:29,475 [shard 3] compaction - Compacted 3 sstables to [/var/lib/scylla/data/system_schema/dropped_columns-5e7583b5f3f43af19a39b7e1d6f5f11f/mc-683-big-Data.db:level=0, ]. 16418 bytes to 5795 (~35% of original) in 4513ms = 0.00MB/s. ~384 total partitions merged to 1.
2020-10-15T01:17:29.632074302Z  INFO  2020-10-15 01:17:29,630 [shard 3] compaction - Compacted 3 sstables to [/var/lib/scylla/data/system_schema/functions-96489b7980be3e14a70166a0b9159450/mc-619-big-Data.db:level=0, ]. 16891 bytes to 5945 (~35% of original) in 4514ms = 0.00MB/s. ~384 total partitions merged to 1.
2020-10-15T01:17:29.632155846Z  INFO  2020-10-15 01:17:29,630 [shard 3] compaction - Compacted 2 sstables to [/var/lib/scylla/data/system_schema/indexes-0feb57ac311f382fba6d9024d305702f/mc-591-big-Data.db:level=0, ]. 17883 bytes to 12630 (~70% of original) in 4512ms = 0.00MB/s. ~256 total partitions merged to 2.
2020-10-15T01:17:29.632170089Z  INFO  2020-10-15 01:17:29,630 [shard 3] compaction - Compacted 3 sstables to [/var/lib/scylla/data/dt/source_data-6af6cd50d77b11ea9877000000000001/mc-711-big-Data.db:level=0, ]. 13018226 bytes to 12926674 (~99% of original) in 4512ms = 2.73MB/s. ~384 total partitions merged to 1.
2020-10-15T01:17:29.632181109Z  INFO  2020-10-15 01:17:29,631 [shard 3] compaction - Compacted 3 sstables to [/var/lib/scylla/data/system/compaction_history-b4dbb7b4dc493fb5b3bfce6e434832ca/mc-927-big-Data.db:level=0, ]. 192999 bytes to 94226 (~48% of original) in 4513ms = 0.02MB/s. ~384 total partitions merged to 47.
2020-10-15T01:17:29.632624700Z  INFO  2020-10-15 01:17:29,631 [shard 3] compaction - Compacted 2 sstables to [/var/lib/scylla/data/system_schema/scylla_tables-5d912ff1f7593665b2c88042ab5103dd/mc-535-big-Data.db:level=0, ]. 12575 bytes to 6447 (~51% of original) in 4511ms = 0.00MB/s. ~256 total partitions merged to 1.
2020-10-15T01:17:29.632658504Z  INFO  2020-10-15 01:17:29,631 [shard 3] compaction - Compacted 3 sstables to [/var/lib/scylla/data/system_schema/columns-24101c25a2ae3af787c1b40ee1aca33f/mc-683-big-Data.db:level=0, ]. 76173 bytes to 57500 (~75% of original) in 4515ms = 0.01MB/s. ~384 total partitions merged to 4.
2020-10-15T01:17:30.535401038Z  INFO  2020-10-15 01:17:30,534 [shard 2] compaction - Compacting [/var/lib/scylla/data/system_schema/functions-96489b7980be3e14a70166a0b9159450/mc-610-big-Data.db:level=0, /var/lib/scylla/data/system_schema/functions-96489b7980be3e14a70166a0b9159450/mc-606-big-Data.db:level=0, /var/lib/scylla/data/system_schema/functions-96489b7980be3e14a70166a0b9159450/mc-602-big-Data.db:level=0, ]
2020-10-15T01:17:30.535445344Z  INFO  2020-10-15 01:17:30,534 [shard 2] compaction - Compacting [/var/lib/scylla/data/system_schema/computed_columns-cc7c7069374033c192a4c3de78dbd2c4/mc-526-big-Data.db:level=0, /var/lib/scylla/data/system_schema/computed_columns-cc7c7069374033c192a4c3de78dbd2c4/mc-522-big-Data.db:level=0, ]
2020-10-15T01:17:30.596035473Z  INFO  2020-10-15 01:17:30,595 [shard 3] compaction - Compacting [/var/lib/scylla/data/system_schema/types-5a8b1ca866023f77a0459273d308917a/mc-503-big-Data.db:level=0, /var/lib/scylla/data/system_schema/types-5a8b1ca866023f77a0459273d308917a/mc-499-big-Data.db:level=0, ]
2020-10-15T01:17:30.596088781Z  INFO  2020-10-15 01:17:30,595 [shard 3] compaction - Compacting [/var/lib/scylla/data/system/large_cells-ead8bbc5f1463ae19f710b11f9a1d296/mc-103-big-Data.db:level=0, /var/lib/scylla/data/system/large_cells-ead8bbc5f1463ae19f710b11f9a1d296/mc-95-big-Data.db:level=0, /var/lib/scylla/data/system/large_cells-ead8bbc5f1463ae19f710b11f9a1d296/mc-99-big-Data.db:level=0, ]
2020-10-15T01:17:30.596111613Z  INFO  2020-10-15 01:17:30,595 [shard 3] compaction - Compacting [/var/lib/scylla/data/system_schema/keyspaces-abac5682dea631c5b535b3d6cffd0fb6/mc-615-big-Data.db:level=0, /var/lib/scylla/data/system_schema/keyspaces-abac5682dea631c5b535b3d6cffd0fb6/mc-611-big-Data.db:level=0, ]
2020-10-15T01:17:31.113092311Z  INFO  2020-10-15 01:17:31,112 [shard 2] compaction - Compacted 3 sstables to [/var/lib/scylla/data/system_schema/view_virtual_columns-08843b6345dc3be29798a0418295cfaa/mc-626-big-Data.db:level=0, ]. 16452 bytes to 5798 (~35% of original) in 2854ms = 0.00MB/s. ~384 total partitions merged to 1.
2020-10-15T01:17:31.113152593Z  INFO  2020-10-15 01:17:31,112 [shard 2] compaction - Compacted 2 sstables to [/var/lib/scylla/data/system_schema/aggregates-924c55872e3a345bb10c12f37c1ba895/mc-470-big-Data.db:level=0, ]. 11133 bytes to 5722 (~51% of original) in 2851ms = 0.00MB/s. ~256 total partitions merged to 1.
2020-10-15T01:17:31.115805682Z  INFO  2020-10-15 01:17:31,112 [shard 2] compaction - Compacted 2 sstables to [/var/lib/scylla/data/system_schema/tables-afddfb9dbc1e30688056eed6c302ba09/mc-550-big-Data.db:level=0, ]. 67705 bytes to 59779 (~88% of original) in 2853ms = 0.02MB/s. ~256 total partitions merged to 2.
2020-10-15T01:17:31.115855423Z  INFO  2020-10-15 01:17:31,115 [shard 2] compaction - Compacted 3 sstables to [/var/lib/scylla/data/system/truncated-38c19fd0fb863310a4b70d0cc66628aa/mc-1166-big-Data.db:level=0, ]. 167625 bytes to 56247 (~33% of original) in 2851ms = 0.02MB/s. ~384 total partitions merged to 4.
2020-10-15T01:17:31.477215180Z  INFO  2020-10-15 01:17:31,476 [shard 3] compaction - Compacted 2 sstables to [/var/lib/scylla/data/system_schema/computed_columns-cc7c7069374033c192a4c3de78dbd2c4/mc-531-big-Data.db:level=0, ]. 17544 bytes to 12459 (~71% of original) in 2315ms = 0.01MB/s. ~256 total partitions merged to 2.
2020-10-15T01:17:31.477268956Z  INFO  2020-10-15 01:17:31,476 [shard 3] compaction - Compacted 3 sstables to [/var/lib/scylla/data/system_schema/triggers-4df70b666b05325195a132b54005fd48/mc-603-big-Data.db:level=0, ]. 16093 bytes to 5679 (~35% of original) in 2315ms = 0.00MB/s. ~384 total partitions merged to 1.
2020-10-15T01:17:31.478204687Z  INFO  2020-10-15 01:17:31,477 [shard 3] compaction - Compacted 2 sstables to [/var/lib/scylla/data/system_schema/tables-afddfb9dbc1e30688056eed6c302ba09/mc-555-big-Data.db:level=0, ]. 65493 bytes to 56356 (~86% of original) in 2314ms = 0.02MB/s. ~256 total partitions merged to 4.
2020-10-15T01:17:31.549558526Z  INFO  2020-10-15 01:17:31,549 [shard 3] compaction - Compacted 3 sstables to [/var/lib/scylla/data/system_schema/view_virtual_columns-08843b6345dc3be29798a0418295cfaa/mc-627-big-Data.db:level=0, ]. 23511 bytes to 12927 (~54% of original) in 2319ms = 0.01MB/s. ~384 total partitions merged to 2.
2020-10-15T01:17:31.549765408Z  INFO  2020-10-15 01:17:31,549 [shard 3] compaction - Compacted 3 sstables to []. 17055 bytes to 0 (~0% of original) in 0ms = 0.00MB/s. ~384 total partitions merged to 0.
2020-10-15T01:17:31.923093349Z  INFO  2020-10-15 01:17:31,922 [shard 2] compaction - Compacting [/var/lib/scylla/data/system_schema/triggers-4df70b666b05325195a132b54005fd48/mc-594-big-Data.db:level=0, /var/lib/scylla/data/system_schema/triggers-4df70b666b05325195a132b54005fd48/mc-598-big-Data.db:level=0, /var/lib/scylla/data/system_schema/triggers-4df70b666b05325195a132b54005fd48/mc-590-big-Data.db:level=0, ]
2020-10-15T01:17:32.235632410Z  INFO  2020-10-15 01:17:32,234 [shard 3] compaction - Compacting [/var/lib/scylla/data/system_schema/aggregates-924c55872e3a345bb10c12f37c1ba895/mc-463-big-Data.db:level=0, /var/lib/scylla/data/system_schema/aggregates-924c55872e3a345bb10c12f37c1ba895/mc-459-big-Data.db:level=0, ]
2020-10-15T01:17:32.236335901Z  INFO  2020-10-15 01:17:32,235 [shard 3] compaction - Compacting [/var/lib/scylla/data/system_schema/views-9786ac1cdd583201a7cdad556410c985/mc-475-big-Data.db:level=0, /var/lib/scylla/data/system_schema/views-9786ac1cdd583201a7cdad556410c985/mc-471-big-Data.db:level=0, ]
2020-10-15T01:17:32.301534379Z  INFO  2020-10-15 01:17:32,300 [shard 2] compaction - Compacted 2 sstables to [/var/lib/scylla/data/system_schema/computed_columns-cc7c7069374033c192a4c3de78dbd2c4/mc-530-big-Data.db:level=0, ]. 10551 bytes to 5431 (~51% of original) in 1388ms = 0.00MB/s. ~256 total partitions merged to 1.
2020-10-15T01:17:32.302168100Z  INFO  2020-10-15 01:17:32,301 [shard 2] compaction - Compacted 3 sstables to [/var/lib/scylla/data/system_schema/functions-96489b7980be3e14a70166a0b9159450/mc-614-big-Data.db:level=0, ]. 16995 bytes to 5979 (~35% of original) in 1387ms = 0.00MB/s. ~384 total partitions merged to 1.
2020-10-15T01:17:33.082050002Z  INFO  2020-10-15 01:17:33,081 [shard 3] compaction - Compacted 2 sstables to [/var/lib/scylla/data/system_schema/types-5a8b1ca866023f77a0459273d308917a/mc-507-big-Data.db:level=0, ]. 10848 bytes to 5580 (~51% of original) in 1639ms = 0.00MB/s. ~256 total partitions merged to 1.
2020-10-15T01:17:33.083660766Z  INFO  2020-10-15 01:17:33,083 [shard 2] compaction - Compacting [/var/lib/scylla/data/system_schema/indexes-0feb57ac311f382fba6d9024d305702f/mc-610-big-Data.db:level=0, /var/lib/scylla/data/system_schema/indexes-0feb57ac311f382fba6d9024d305702f/mc-606-big-Data.db:level=0, /var/lib/scylla/data/system_schema/indexes-0feb57ac311f382fba6d9024d305702f/mc-602-big-Data.db:level=0, ]
2020-10-15T01:17:33.199939223Z  INFO  2020-10-15 01:17:33,199 [shard 3] compaction - Compacted 2 sstables to [/var/lib/scylla/data/system_schema/keyspaces-abac5682dea631c5b535b3d6cffd0fb6/mc-619-big-Data.db:level=0, ]. 56455 bytes to 51193 (~90% of original) in 1640ms = 0.03MB/s. ~256 total partitions merged to 4.
2020-10-15T01:17:34.673709648Z  INFO  2020-10-15 01:17:34,673 [shard 2] compaction - Compacted 3 sstables to [/var/lib/scylla/data/system_schema/triggers-4df70b666b05325195a132b54005fd48/mc-602-big-Data.db:level=0, ]. 16197 bytes to 5713 (~35% of original) in 1161ms = 0.00MB/s. ~384 total partitions merged to 1.
2020-10-15T01:17:34.767092551Z  INFO  2020-10-15 01:17:34,766 [shard 3] compaction - Compacting [/var/lib/scylla/data/system/large_rows-40550f66085839a09430f27fc08034e9/mc-27-big-Data.db:level=0, /var/lib/scylla/data/system/large_rows-40550f66085839a09430f27fc08034e9/mc-23-big-Data.db:level=0, ]
2020-10-15T01:17:34.767523334Z  INFO  2020-10-15 01:17:34,766 [shard 3] compaction - Compacting [/var/lib/scylla/data/system/truncated-38c19fd0fb863310a4b70d0cc66628aa/mc-971-big-Data.db:level=0, /var/lib/scylla/data/system/truncated-38c19fd0fb863310a4b70d0cc66628aa/mc-967-big-Data.db:level=0, /var/lib/scylla/data/system/truncated-38c19fd0fb863310a4b70d0cc66628aa/mc-963-big-Data.db:level=0, ]
2020-10-15T01:17:35.159803410Z  INFO  2020-10-15 01:17:35,158 [shard 2] compaction - Compacting [/var/lib/scylla/data/system_schema/types-5a8b1ca866023f77a0459273d308917a/mc-506-big-Data.db:level=0, /var/lib/scylla/data/system_schema/types-5a8b1ca866023f77a0459273d308917a/mc-498-big-Data.db:level=0, /var/lib/scylla/data/system_schema/types-5a8b1ca866023f77a0459273d308917a/mc-502-big-Data.db:level=0, ]
2020-10-15T01:17:35.341995544Z  INFO  2020-10-15 01:17:35,341 [shard 3] compaction - Compacted 2 sstables to [/var/lib/scylla/data/system_schema/aggregates-924c55872e3a345bb10c12f37c1ba895/mc-467-big-Data.db:level=0, ]. 11064 bytes to 5688 (~51% of original) in 2531ms = 0.00MB/s. ~256 total partitions merged to 1.
2020-10-15T01:17:35.342704303Z  INFO  2020-10-15 01:17:35,341 [shard 3] compaction - Compacted 2 sstables to [/var/lib/scylla/data/system_schema/views-9786ac1cdd583201a7cdad556410c985/mc-479-big-Data.db:level=0, ]. 21045 bytes to 14388 (~68% of original) in 2530ms = 0.01MB/s. ~256 total partitions merged to 2.
2020-10-15T01:17:35.342757771Z  INFO  2020-10-15 01:17:35,341 [shard 3] compaction - Compacted 2 sstables to []. 11288 bytes to 0 (~0% of original) in 0ms = 0.00MB/s. ~256 total partitions merged to 0.
2020-10-15T01:17:35.533674139Z  INFO  2020-10-15 01:17:35,532 [shard 2] compaction - Compacted 3 sstables to [/var/lib/scylla/data/system_schema/indexes-0feb57ac311f382fba6d9024d305702f/mc-614-big-Data.db:level=0, ]. 16175 bytes to 5759 (~35% of original) in 2075ms = 0.00MB/s. ~384 total partitions merged to 1.
2020-10-15T01:17:36.235323040Z  INFO  2020-10-15 01:17:36,234 [shard 3] compaction - Compacted 3 sstables to [/var/lib/scylla/data/system/truncated-38c19fd0fb863310a4b70d0cc66628aa/mc-975-big-Data.db:level=0, ]. 188992 bytes to 63367 (~33% of original) in 1093ms = 0.06MB/s. ~384 total partitions merged to 2.
2020-10-15T01:17:36.253947930Z  INFO  2020-10-15 01:17:36,253 [shard 2] compaction - Compacted 3 sstables to [/var/lib/scylla/data/system_schema/types-5a8b1ca866023f77a0459273d308917a/mc-510-big-Data.db:level=0, ]. 16220 bytes to 5774 (~35% of original) in 816ms = 0.01MB/s. ~384 total partitions merged to 1.
2020-10-15T01:17:38.739416870Z  INFO  2020-10-15 01:17:38,738 [shard 0] gossip - No gossip backlog; proceeding
2020-10-15T01:17:38.742302299Z  INFO  2020-10-15 01:17:38,741 [shard 0] features - Feature COMPUTED_COLUMNS is enabled
2020-10-15T01:17:38.742386524Z  INFO  2020-10-15 01:17:38,741 [shard 0] features - Feature CORRECT_COUNTER_ORDER is enabled
2020-10-15T01:17:38.742407839Z  INFO  2020-10-15 01:17:38,741 [shard 0] features - Feature CORRECT_NON_COMPOUND_RANGE_TOMBSTONES is enabled
2020-10-15T01:17:38.742425157Z  INFO  2020-10-15 01:17:38,741 [shard 0] features - Feature CORRECT_STATIC_COMPACT_IN_MC is enabled
2020-10-15T01:17:38.742442178Z  INFO  2020-10-15 01:17:38,741 [shard 0] features - Feature COUNTERS is enabled
2020-10-15T01:17:38.742471937Z  INFO  2020-10-15 01:17:38,741 [shard 0] features - Feature DIGEST_INSENSITIVE_TO_EXPIRY is enabled
2020-10-15T01:17:38.743313169Z  INFO  2020-10-15 01:17:38,741 [shard 0] features - Feature DIGEST_MULTIPARTITION_READ is enabled
2020-10-15T01:17:38.743366707Z  INFO  2020-10-15 01:17:38,741 [shard 0] features - Feature HINTED_HANDOFF_SEPARATE_CONNECTION is enabled
2020-10-15T01:17:38.743387015Z  INFO  2020-10-15 01:17:38,741 [shard 0] features - Feature INDEXES is enabled
2020-10-15T01:17:38.743405305Z  INFO  2020-10-15 01:17:38,742 [shard 0] features - Feature LARGE_PARTITIONS is enabled
2020-10-15T01:17:38.743423276Z  INFO  2020-10-15 01:17:38,742 [shard 0] features - Feature LWT is enabled
2020-10-15T01:17:38.743440989Z  INFO  2020-10-15 01:17:38,742 [shard 0] features - Feature MATERIALIZED_VIEWS is enabled
2020-10-15T01:17:38.743458443Z  INFO  2020-10-15 01:17:38,742 [shard 0] features - Feature MC_SSTABLE_FORMAT is enabled
2020-10-15T01:17:38.743475770Z  INFO  2020-10-15 01:17:38,742 [shard 0] features - Feature NONFROZEN_UDTS is enabled
2020-10-15T01:17:38.743493591Z  INFO  2020-10-15 01:17:38,742 [shard 0] features - Feature PER_TABLE_PARTITIONERS is enabled
2020-10-15T01:17:38.743511388Z  INFO  2020-10-15 01:17:38,742 [shard 0] features - Feature RANGE_TOMBSTONES is enabled
2020-10-15T01:17:38.743529395Z  INFO  2020-10-15 01:17:38,742 [shard 0] features - Feature ROLES is enabled
2020-10-15T01:17:38.743547249Z  INFO  2020-10-15 01:17:38,742 [shard 0] features - Feature ROW_LEVEL_REPAIR is enabled
2020-10-15T01:17:38.743564903Z  INFO  2020-10-15 01:17:38,742 [shard 0] features - Feature SCHEMA_TABLES_V3 is enabled
2020-10-15T01:17:38.743583003Z  INFO  2020-10-15 01:17:38,742 [shard 0] features - Feature STREAM_WITH_RPC_STREAM is enabled
2020-10-15T01:17:38.743600911Z  INFO  2020-10-15 01:17:38,742 [shard 0] features - Feature TRUNCATION_TABLE is enabled
2020-10-15T01:17:38.743619241Z  INFO  2020-10-15 01:17:38,742 [shard 0] system_keyspace - Got cluster agreement on truncation table feature. Removing legacy records.
2020-10-15T01:17:38.743967073Z  INFO  2020-10-15 01:17:38,742 [shard 0] features - Feature UNBOUNDED_RANGE_TOMBSTONES is enabled
2020-10-15T01:17:38.744002838Z  INFO  2020-10-15 01:17:38,743 [shard 0] features - Feature VIEW_VIRTUAL_COLUMNS is enabled
2020-10-15T01:17:38.744022088Z  INFO  2020-10-15 01:17:38,743 [shard 0] features - Feature WRITE_FAILURE_REPLY is enabled
2020-10-15T01:17:38.744040716Z  INFO  2020-10-15 01:17:38,743 [shard 0] features - Feature XXHASH is enabled
2020-10-15T01:17:38.745740443Z  INFO  2020-10-15 01:17:38,745 [shard 0] system_keyspace - Legacy records deleted.
2020-10-15T01:17:38.747103703Z  INFO  2020-10-15 01:17:38,746 [shard 0] init - starting system distributed keyspace
2020-10-15T01:17:38.751326070Z  INFO  2020-10-15 01:17:38,750 [shard 0] storage_service - Using saved tokens {943448605036726745, 9061580907506437136, 8957018461898327244, 8813999419995718088, 8775859223532977932, 873311388414975666, 8707696313600310498, 8675978575875245837, 855031166620283245, 8476533345381470087, 8413544620893079714, 8382283044476755854, 7804258889026263620, 778239093056833917, 7732629563319678675, 7564694057214588647, 747840302865059114, 7255484784972643852, 700944770677405149, 7009081579420542256, 7354219953741161264, 6974970471767945112, 6788034976878782500, 667581605220131528, 6496091893897576732, 6478032244021912394, 6420907855788431922, 8777890816944145805, 6381418245203458391, 6358173612251239308, 6302443190184390149, 6115776390551923703, 5906838239532612246, 5890706123786165213, 588034934972968299, 5848278814186320030, 5834675951458569055, 5796254206948921528, -6441145814158460549, 7172238068082229918, -6238625478980828395, -6199824488038647909, -572473923349256348, -5526097868254533829, -5508289632699420366, -6338043935148530859, 4738411181964629022, -5411685484465544274, 5103660925946342563, -5360532551957069796, -5246840897237646542, -8953406550820932827, -511676141100664160, -4872163430844150374, 5153854518462400651, -4829128129506020031, 6818717460470417221, -4735496583611878200, -7913213531410876291, -8612347190400988175, 3361838207769500988, -4770694758141334815, 3533570692245755170, -3014142033706378490, -6648258355715071793, 105268539462240253, 6448269612184381105, 3941245744356891698, -4925670906471950289, -6853270293933441203, -431455211546220291, -4106310081010891923, -4280461110562472301, -4231054370802445643, 4453520694484038438, -5140544052953576706, -7341700934491837716, -4177024142024341044, -2365586676906010085, -4368295386640868227, -6779834804380741154, 7103497347382660592, -471701403720839764, -2187125227394891465, -1593748153114868683, 8325613099551670589, -6017078328443447975, 408961909545308462, -3256341547923989103, 1911454556365012923, -2135119982021577211, -6104126434670973331, -1614584707908969492, -5285270377043925775, 194223785007163967, 3556932048290112968, 4378909036113166689, -2319706609635128471, 782580883702972777, -3880555618453256762, -2879534723161185431, 7469085752185829039, -8001902308657073600, -1522914538603683793, 784130423392421222, -3409621329811667263, -5136236598692180863, -2640475812391264528, 3907413558358164712, -2166731983266837511, -8529251962487546573, -5228242602708342126, -6263078841153087564, -1295419475388780424, 5311755414232655734, -4113405879925637368, 2104079815049743807, -105211415949921556, -1004253484774030395, -6093280019772326743, -1363472444035739717, 7772390126184307669, 3373616921334842984, -3428624778218969630, -4475005699924690030, -1207620414022812792, -4203952547861361192, -4895652206680369668, 5569071124009844993, -2800260328053956713, 1033733984444816800, -1761718599052329021, -6249520955674807415, -6810383749951706976, -2391018463907211455, -3729138346528579520, -3942245253345029362, -1032698423218536378, 2233495137371904435, -1970747149103226319, 2531294222158762011, 4445989245037378795, -2648919406212884980, 800062458669145892, -6586482614645135705, -8855822008500182327, -2076430708060394350, -6127879535600466936, 5017042126534426855, -6767019288334108993, -6985294397658573838, -2605645373691895986, 2542018259596577135, -2699231837109027988, -9132047842757487932, 9066588519930559993, -4601858807243735115, 1470306277250886071, 1688077838521597411, -2700796200994103492, -5656441245782528349, 3822141065635310082, -4415280594152455372, -1709100826419756065, -2732234699235264563, -3101294897153501639, 6933997554702494562, -4541237399207364623, 1251119865371637993, -3280527161887251879, -4007868363884276055, -4134923634748466107, -5595342098352848506, 533209426647054698, 285540986842976874, -4193553788022177878, -7111183380354176443, 7880345233810794046, -7190282066974323895, -7232953798633244985, -7512330892235471280, -889434854029329118, 9122882257136270100, 3909145942678699742, 2870638580126821409, -2685359252619347507, 4540975434217357056, 1912522665107890116, -1474028219808469861, -7767361191227918078, -8495384334141326469, -8024675672634848221, -8352632933072691056, -1084614158625469139, -8372022353883945178, -1171738939209168407, -8485257529464526975, -8549013321787275289, -7405825010257289618, -8694753427154041557, -9173155356561330710, -3164480873853500968, 1172299952227812636, 1535311813904826318, 156312151312654313, 2050968450175517454, 1018091569669202328, 1574734081023094222, 214428871588027420, -5095673126210616552, 2431756818088451524, -1208769590907790735, 3022913469242457337, 2609254198811139442, 5396954320704971060, 284028081363756156, -184157634332906914, 2879924223908633556, 3014475854062098037, 8280511155447462154, 3058186759042775792, 3100842289958262644, -769344519844763244, 3287699046743316011, 7743526815996532326, -7148146405116016542, 352278596429886466, 3606629961194077343, 3840184102447470012, -4623422606623793434, 3924960423780627192, 4660022660859336370, 5401470720317959250, 3979649323160207298, 4037379789709069307, 790424663468033093, 5150907166433009570, 4083460330442256183, 4262233236239091105, 4461207940793579131, 7222389702734437292, 4497639963855891379, 5935809959838255935, 525652295242460822, -9210810031089136649, 3145063885579200582, 5102381975608989830, 5104799485589097680, -467985751191813914, 5122450296475986719, 5256736089695841171, 5341717901052361821, 5441044328235651423, 5661405961885371428, -6303682351633097607, 5704999654143823990}
2020-10-15T01:17:38.771406806Z  INFO  2020-10-15 01:17:38,771 [shard 0] database - Schema version changed to e1b2d478-e5f2-30c4-b994-d93919918df3
2020-10-15T01:17:38.794386367Z  INFO  2020-10-15 01:17:38,794 [shard 0] database - Schema version changed to 0e03d198-385b-3f36-8c34-c3f5846bbbac
2020-10-15T01:17:38.813557743Z  INFO  2020-10-15 01:17:38,813 [shard 0] database - Schema version changed to 0e03d198-385b-3f36-8c34-c3f5846bbbac
2020-10-15T01:17:39.298157680Z  INFO  2020-10-15 01:17:39,297 [shard 1] compaction - Compacting [/var/lib/scylla/data/system/local-7ad54392bcdd35a684174e047860b377/mc-3677-big-Data.db:level=0, /var/lib/scylla/data/system/local-7ad54392bcdd35a684174e047860b377/mc-3673-big-Data.db:level=0, ]
2020-10-15T01:17:39.435347566Z  INFO  2020-10-15 01:17:39,434 [shard 0] storage_service - Node 10.0.98.3 state jump to normal
2020-10-15T01:17:39.435803070Z  INFO  2020-10-15 01:17:39,435 [shard 0] storage_service - Remove node 10.0.98.3 from pending replacing endpoint
2020-10-15T01:17:40.079333289Z  INFO  2020-10-15 01:17:40,078 [shard 0] storage_service - NORMAL: node is now in normal status
2020-10-15T01:17:40.079372938Z  INFO  2020-10-15 01:17:40,078 [shard 0] cdc - No generation seen during startup.
2020-10-15T01:17:40.080967436Z  INFO  2020-10-15 01:17:40,080 [shard 0] init - starting tracing
2020-10-15T01:17:40.081772598Z  INFO  2020-10-15 01:17:40,081 [shard 0] storage_service - SSTable data integrity checker is disabled.
2020-10-15T01:17:40.082307120Z  INFO  2020-10-15 01:17:40,081 [shard 0] init - starting batchlog manager
2020-10-15T01:17:40.082883948Z  INFO  2020-10-15 01:17:40,082 [shard 0] init - starting load meter
2020-10-15T01:17:40.082906687Z  INFO  2020-10-15 01:17:40,082 [shard 0] init - starting cf cache hit rate calculator
2020-10-15T01:17:40.083292890Z  INFO  2020-10-15 01:17:40,082 [shard 0] init - starting view update backlog broker
2020-10-15T01:17:40.083720685Z  INFO  2020-10-15 01:17:40,083 [shard 0] init - Waiting for gossip to settle before accepting client requests...
2020-10-15T01:17:40.127057255Z  INFO  2020-10-15 01:17:40,126 [shard 1] compaction - Compacted 2 sstables to [/var/lib/scylla/data/system/local-7ad54392bcdd35a684174e047860b377/mc-3685-big-Data.db:level=0, ]. 18349 bytes to 12072 (~65% of original) in 659ms = 0.02MB/s. ~256 total partitions merged to 1.
2020-10-15T01:17:40.127532612Z  INFO  2020-10-15 01:17:40,127 [shard 1] compaction - Compacting [/var/lib/scylla/data/system/local-7ad54392bcdd35a684174e047860b377/mc-3681-big-Data.db:level=0, /var/lib/scylla/data/system/local-7ad54392bcdd35a684174e047860b377/mc-3685-big-Data.db:level=0, ]
2020-10-15T01:17:40.601531296Z  INFO  2020-10-15 01:17:40,600 [shard 1] compaction - Compacted 2 sstables to [/var/lib/scylla/data/system/local-7ad54392bcdd35a684174e047860b377/mc-3689-big-Data.db:level=0, ]. 18171 bytes to 12074 (~66% of original) in 347ms = 0.03MB/s. ~256 total partitions merged to 1.
2020-10-15T01:17:52.088872071Z  INFO  2020-10-15 01:17:52,083 [shard 0] gossip - No gossip backlog; proceeding
2020-10-15T01:17:52.088906565Z  INFO  2020-10-15 01:17:52,084 [shard 0] init - allow replaying hints
2020-10-15T01:17:52.088918481Z  INFO  2020-10-15 01:17:52,084 [shard 0] init - Launching generate_mv_updates for non system tables
2020-10-15T01:17:52.088928771Z  INFO  2020-10-15 01:17:52,085 [shard 0] init - starting the view builder
2020-10-15T01:17:52.511203320Z  INFO  2020-10-15 01:17:52,510 [shard 0] init - starting native transport
2020-10-15T01:17:52.511678157Z  INFO  2020-10-15 01:17:52,511 [shard 0] compaction - Compacting [/var/lib/scylla/data/system/truncated-38c19fd0fb863310a4b70d0cc66628aa/mc-1716-big-Data.db:level=0, /var/lib/scylla/data/system/truncated-38c19fd0fb863310a4b70d0cc66628aa/mc-1712-big-Data.db:level=0, ]
2020-10-15T01:17:52.513800015Z  INFO  2020-10-15 01:17:52,513 [shard 0] storage_service - Starting listening for CQL clients on 10.0.98.3:9042 (unencrypted)
2020-10-15T01:17:52.515459990Z  INFO  2020-10-15 01:17:52,515 [shard 0] storage_service - Thrift server listening on 10.0.98.3:9160 ...
2020-10-15T01:17:52.516645087Z  INFO  2020-10-15 01:17:52,516 [shard 0] init - serving
2020-10-15T01:17:52.516942768Z  INFO  2020-10-15 01:17:52,516 [shard 0] init - Scylla version 4.1.8-0.20201002.6c43a0dc29 initialization completed.
2020-10-15T01:17:53.140972782Z  INFO  2020-10-15 01:17:53,140 [shard 0] compaction - Compacted 2 sstables to [/var/lib/scylla/data/system/truncated-38c19fd0fb863310a4b70d0cc66628aa/mc-1720-big-Data.db:level=0, ]. 82141 bytes to 76744 (~93% of original) in 484ms = 0.15MB/s. ~256 total partitions merged to 2.
2020-10-15T01:18:27.375953100Z  INFO  2020-10-15 01:18:27,375 [shard 3] compaction - Compacting [/var/lib/scylla/data/system/clients-ca0f635d863036098d93a1fc06f2a5e5/mc-159-big-Data.db:level=0, /var/lib/scylla/data/system/clients-ca0f635d863036098d93a1fc06f2a5e5/mc-163-big-Data.db:level=0, ]
2020-10-15T01:18:27.880634989Z  INFO  2020-10-15 01:18:27,880 [shard 3] compaction - Compacted 2 sstables to [/var/lib/scylla/data/system/clients-ca0f635d863036098d93a1fc06f2a5e5/mc-167-big-Data.db:level=0, ]. 94602 bytes to 6043 (~6% of original) in 396ms = 0.01MB/s. ~256 total partitions merged to 1.
2020-10-15T01:18:44.185539101Z  INFO  2020-10-15 01:18:44,184 [shard 3] compaction - Compacting [/var/lib/scylla/data/system/clients-ca0f635d863036098d93a1fc06f2a5e5/mc-167-big-Data.db:level=0, /var/lib/scylla/data/system/clients-ca0f635d863036098d93a1fc06f2a5e5/mc-171-big-Data.db:level=0, ]
2020-10-15T01:18:44.671542792Z  INFO  2020-10-15 01:18:44,670 [shard 3] compaction - Compacted 2 sstables to [/var/lib/scylla/data/system/clients-ca0f635d863036098d93a1fc06f2a5e5/mc-175-big-Data.db:level=0, ]. 53435 bytes to 5995 (~11% of original) in 377ms = 0.02MB/s. ~256 total partitions merged to 1.
