2020-10-15T01:07:57.314938380Z  running: (['/opt/scylladb/scripts/scylla_dev_mode_setup', '--developer-mode', '1'],)
2020-10-15T01:07:57.799382961Z  running: (['/opt/scylladb/scripts/scylla_io_setup'],)
2020-10-15T01:07:58.178129720Z  2020-10-15 01:07:58,177 CRIT Supervisor is running as root.  Privileges were not dropped because no user is specified in the config file.  If you intend to run as root, you can set user=root in the config file to avoid this message.
2020-10-15T01:07:58.178168978Z  2020-10-15 01:07:58,177 INFO Included extra file "/etc/supervisord.conf.d/node-exporter.conf" during parsing
2020-10-15T01:07:58.178472856Z  2020-10-15 01:07:58,178 INFO Included extra file "/etc/supervisord.conf.d/rsyslog.conf" during parsing
2020-10-15T01:07:58.178503994Z  2020-10-15 01:07:58,178 INFO Included extra file "/etc/supervisord.conf.d/scylla-housekeeping.conf" during parsing
2020-10-15T01:07:58.178676415Z  2020-10-15 01:07:58,178 INFO Included extra file "/etc/supervisord.conf.d/scylla-jmx.conf" during parsing
2020-10-15T01:07:58.178929311Z  2020-10-15 01:07:58,178 INFO Included extra file "/etc/supervisord.conf.d/scylla-server.conf" during parsing
2020-10-15T01:07:58.178989703Z  2020-10-15 01:07:58,178 INFO Included extra file "/etc/supervisord.conf.d/sshd-server.conf" during parsing
2020-10-15T01:07:58.215173850Z  2020-10-15 01:07:58,214 INFO RPC interface 'supervisor' initialized
2020-10-15T01:07:58.215219003Z  2020-10-15 01:07:58,215 CRIT Server 'inet_http_server' running without any HTTP authentication checking
2020-10-15T01:07:58.215641192Z  2020-10-15 01:07:58,215 INFO supervisord started with pid 25
2020-10-15T01:07:59.231012773Z  2020-10-15 01:07:59,220 INFO spawned: 'scylla' with pid 28
2020-10-15T01:07:59.231048335Z  2020-10-15 01:07:59,225 INFO spawned: 'scylla-housekeeping' with pid 29
2020-10-15T01:07:59.231059517Z  2020-10-15 01:07:59,228 INFO spawned: 'sshd' with pid 30
2020-10-15T01:07:59.231632633Z  2020-10-15 01:07:59,231 INFO spawned: 'scylla-jmx' with pid 31
2020-10-15T01:07:59.234721687Z  2020-10-15 01:07:59,234 INFO spawned: 'rsyslog' with pid 32
2020-10-15T01:07:59.237403133Z  2020-10-15 01:07:59,236 INFO spawned: 'node-exporter' with pid 33
2020-10-15T01:07:59.256792024Z  Generating public/private ed25519 key pair.
2020-10-15T01:07:59.256824882Z  Your identification has been saved in /etc/ssh/ssh_host_ed25519_key.
2020-10-15T01:07:59.256835275Z  Your public key has been saved in /etc/ssh/ssh_host_ed25519_key.pub.
2020-10-15T01:07:59.256844775Z  The key fingerprint is:
2020-10-15T01:07:59.256853902Z  SHA256:amuAq9p8OS7gZUZDcUv/ap6X0n6/L0F3dfPnOpsK1Uw root@27ab1d054d68
2020-10-15T01:07:59.256863084Z  The key's randomart image is:
2020-10-15T01:07:59.256871820Z  +--[ED25519 256]--+
2020-10-15T01:07:59.256880648Z  |   ..o           |
2020-10-15T01:07:59.256889444Z  |   .o o        .o|
2020-10-15T01:07:59.256898111Z  |  .  . .      E =|
2020-10-15T01:07:59.256906794Z  |   o    .    = .+|
2020-10-15T01:07:59.256915392Z  |  ...   S.  o +.o|
2020-10-15T01:07:59.256936251Z  |. .+.  ..  . .  .|
2020-10-15T01:07:59.256946941Z  |..+. ooo. o   .. |
2020-10-15T01:07:59.256956140Z  | +o +.+o.+ o .o. |
2020-10-15T01:07:59.256965218Z  |+.o+.o.o+.. o+*+ |
2020-10-15T01:07:59.256974545Z  +----[SHA256]-----+
2020-10-15T01:07:59.263505219Z  time="2020-10-15T01:07:59Z" level=info msg="Starting node_exporter (version=0.17.0, branch=HEAD, revision=f6f6194a436b9a63d0439abc585c76b19a206b21)" source="node_exporter.go:82"
2020-10-15T01:07:59.263537384Z  time="2020-10-15T01:07:59Z" level=info msg="Build context (go=go1.11.2, user=root@322511e06ced, date=20181130-15:51:33)" source="node_exporter.go:83"
2020-10-15T01:07:59.264365576Z  time="2020-10-15T01:07:59Z" level=info msg="Enabled collectors:" source="node_exporter.go:90"
2020-10-15T01:07:59.264387944Z  time="2020-10-15T01:07:59Z" level=info msg=" - arp" source="node_exporter.go:97"
2020-10-15T01:07:59.264688812Z  time="2020-10-15T01:07:59Z" level=info msg=" - bcache" source="node_exporter.go:97"
2020-10-15T01:07:59.264708641Z  time="2020-10-15T01:07:59Z" level=info msg=" - bonding" source="node_exporter.go:97"
2020-10-15T01:07:59.264719597Z  time="2020-10-15T01:07:59Z" level=info msg=" - conntrack" source="node_exporter.go:97"
2020-10-15T01:07:59.264729605Z  time="2020-10-15T01:07:59Z" level=info msg=" - cpu" source="node_exporter.go:97"
2020-10-15T01:07:59.264739261Z  time="2020-10-15T01:07:59Z" level=info msg=" - diskstats" source="node_exporter.go:97"
2020-10-15T01:07:59.264748904Z  time="2020-10-15T01:07:59Z" level=info msg=" - edac" source="node_exporter.go:97"
2020-10-15T01:07:59.264758852Z  time="2020-10-15T01:07:59Z" level=info msg=" - entropy" source="node_exporter.go:97"
2020-10-15T01:07:59.264768525Z  time="2020-10-15T01:07:59Z" level=info msg=" - filefd" source="node_exporter.go:97"
2020-10-15T01:07:59.264778434Z  time="2020-10-15T01:07:59Z" level=info msg=" - filesystem" source="node_exporter.go:97"
2020-10-15T01:07:59.264788247Z  time="2020-10-15T01:07:59Z" level=info msg=" - hwmon" source="node_exporter.go:97"
2020-10-15T01:07:59.264798104Z  time="2020-10-15T01:07:59Z" level=info msg=" - infiniband" source="node_exporter.go:97"
2020-10-15T01:07:59.264808161Z  time="2020-10-15T01:07:59Z" level=info msg=" - interrupts" source="node_exporter.go:97"
2020-10-15T01:07:59.264817977Z  time="2020-10-15T01:07:59Z" level=info msg=" - ipvs" source="node_exporter.go:97"
2020-10-15T01:07:59.264827600Z  time="2020-10-15T01:07:59Z" level=info msg=" - loadavg" source="node_exporter.go:97"
2020-10-15T01:07:59.264837519Z  time="2020-10-15T01:07:59Z" level=info msg=" - mdadm" source="node_exporter.go:97"
2020-10-15T01:07:59.264847381Z  time="2020-10-15T01:07:59Z" level=info msg=" - meminfo" source="node_exporter.go:97"
2020-10-15T01:07:59.265178512Z  time="2020-10-15T01:07:59Z" level=info msg=" - netclass" source="node_exporter.go:97"
2020-10-15T01:07:59.265198362Z  time="2020-10-15T01:07:59Z" level=info msg=" - netdev" source="node_exporter.go:97"
2020-10-15T01:07:59.265222141Z  time="2020-10-15T01:07:59Z" level=info msg=" - netstat" source="node_exporter.go:97"
2020-10-15T01:07:59.265233154Z  time="2020-10-15T01:07:59Z" level=info msg=" - nfs" source="node_exporter.go:97"
2020-10-15T01:07:59.265243066Z  time="2020-10-15T01:07:59Z" level=info msg=" - nfsd" source="node_exporter.go:97"
2020-10-15T01:07:59.265252908Z  time="2020-10-15T01:07:59Z" level=info msg=" - sockstat" source="node_exporter.go:97"
2020-10-15T01:07:59.265262705Z  time="2020-10-15T01:07:59Z" level=info msg=" - stat" source="node_exporter.go:97"
2020-10-15T01:07:59.265272438Z  time="2020-10-15T01:07:59Z" level=info msg=" - textfile" source="node_exporter.go:97"
2020-10-15T01:07:59.265282414Z  time="2020-10-15T01:07:59Z" level=info msg=" - time" source="node_exporter.go:97"
2020-10-15T01:07:59.265292416Z  time="2020-10-15T01:07:59Z" level=info msg=" - timex" source="node_exporter.go:97"
2020-10-15T01:07:59.265302425Z  time="2020-10-15T01:07:59Z" level=info msg=" - uname" source="node_exporter.go:97"
2020-10-15T01:07:59.265312394Z  time="2020-10-15T01:07:59Z" level=info msg=" - vmstat" source="node_exporter.go:97"
2020-10-15T01:07:59.265322218Z  time="2020-10-15T01:07:59Z" level=info msg=" - xfs" source="node_exporter.go:97"
2020-10-15T01:07:59.265331946Z  time="2020-10-15T01:07:59Z" level=info msg=" - zfs" source="node_exporter.go:97"
2020-10-15T01:07:59.265341941Z  time="2020-10-15T01:07:59Z" level=info msg="Listening on :9100" source="node_exporter.go:111"
2020-10-15T01:07:59.597061458Z  Scylla version 4.1.8-0.20201002.6c43a0dc29 with build-id fec471b0d185de7f191d861ccfc539eff76f31ab starting ...
2020-10-15T01:07:59.597105300Z  command used: "/usr/bin/scylla --log-to-syslog 0 --log-to-stdout 1 --default-log-level info --network-stack posix --developer-mode=1 --overprovisioned --listen-address 10.0.97.3 --rpc-address 10.0.97.3 --seed-provider-parameters seeds=10.0.97.3 --blocked-reactor-notify-ms 999999999"
2020-10-15T01:07:59.597117837Z  parsed command line options: [log-to-syslog: 0, log-to-stdout: 1, default-log-level: info, network-stack: posix, developer-mode: 1, overprovisioned, listen-address: 10.0.97.3, rpc-address: 10.0.97.3, seed-provider-parameters: seeds=10.0.97.3, blocked-reactor-notify-ms: 999999999]
2020-10-15T01:07:59.641988860Z  WARN  2020-10-15 01:07:59,641 [shard 0] seastar - Unable to set SCHED_FIFO scheduling policy for timer thread; latency impact possible. Try adding CAP_SYS_NICE
2020-10-15T01:07:59.675615720Z  INFO  2020-10-15 01:07:59,675 [shard 0] init - installing SIGHUP handler
2020-10-15T01:07:59.680623686Z  INFO  2020-10-15 01:07:59,680 [shard 0] init - Scylla version 4.1.8-0.20201002.6c43a0dc29 with build-id fec471b0d185de7f191d861ccfc539eff76f31ab starting ...
2020-10-15T01:07:59.680661423Z  
2020-10-15T01:07:59.681481726Z  INFO  2020-10-15 01:07:59,681 [shard 0] init - starting prometheus API server
2020-10-15T01:07:59.683010175Z  INFO  2020-10-15 01:07:59,682 [shard 0] init - starting tokens manager
2020-10-15T01:07:59.683392991Z  INFO  2020-10-15 01:07:59,682 [shard 0] init - starting migration manager notifier
2020-10-15T01:07:59.683768465Z  INFO  2020-10-15 01:07:59,683 [shard 0] init - creating tracing
2020-10-15T01:07:59.684114250Z  INFO  2020-10-15 01:07:59,683 [shard 0] init - creating snitch
2020-10-15T01:07:59.684799938Z  INFO  2020-10-15 01:07:59,684 [shard 0] init - determining DNS name
2020-10-15T01:07:59.684822074Z  INFO  2020-10-15 01:07:59,684 [shard 0] init - starting API server
2020-10-15T01:07:59.685718073Z  INFO  2020-10-15 01:07:59,685 [shard 0] init - Scylla API server listening on 127.0.0.1:10000 ...
2020-10-15T01:07:59.686184290Z  INFO  2020-10-15 01:07:59,685 [shard 0] init - initializing storage service
2020-10-15T01:07:59.686586505Z  INFO  2020-10-15 01:07:59,686 [shard 0] init - starting per-shard database core
2020-10-15T01:07:59.690371243Z  WARN  2020-10-15 01:07:59,690 [shard 0] init - I/O Scheduler is not properly configured! This is a non-supported setup, and performance is expected to be unpredictably bad.
2020-10-15T01:07:59.690396237Z   Reason found: none of --max-io-requests, --io-properties and --io-properties-file are set.
2020-10-15T01:07:59.690407269Z  To properly configure the I/O Scheduler, run the scylla_io_setup utility shipped with Scylla.
2020-10-15T01:07:59.690417173Z  
2020-10-15T01:07:59.690756879Z  INFO  2020-10-15 01:07:59,690 [shard 0] init - creating and verifying directories
2020-10-15T01:07:59.909073670Z  Connecting to http://localhost:10000
2020-10-15T01:07:59.909887197Z  Starting the JMX server
2020-10-15T01:08:00.021370072Z  INFO  2020-10-15 01:08:00,020 [shard 0] database - Populating Keyspace system_schema
2020-10-15T01:08:00.021416009Z  INFO  2020-10-15 01:08:00,020 [shard 0] database - Keyspace system_schema: Reading CF computed_columns id=cc7c7069-3740-33c1-92a4-c3de78dbd2c4 version=2b8c4439-de76-31e0-807f-3b7290a975d7
2020-10-15T01:08:00.021428615Z  INFO  2020-10-15 01:08:00,020 [shard 0] database - Keyspace system_schema: Reading CF view_virtual_columns id=08843b63-45dc-3be2-9798-a0418295cfaa version=c777531c-15f7-326f-8ebe-39fd0265c8c9
2020-10-15T01:08:00.021889725Z  INFO  2020-10-15 01:08:00,020 [shard 0] database - Keyspace system_schema: Reading CF dropped_columns id=5e7583b5-f3f4-3af1-9a39-b7e1d6f5f11f version=7426bc6c-4c2f-3200-8ad8-4329610ed59a
2020-10-15T01:08:00.021918207Z  INFO  2020-10-15 01:08:00,021 [shard 0] database - Keyspace system_schema: Reading CF indexes id=0feb57ac-311f-382f-ba6d-9024d305702f version=99c40462-8687-304e-abe3-2bdbef1f25aa
2020-10-15T01:08:00.021931190Z  INFO  2020-10-15 01:08:00,021 [shard 0] database - Keyspace system_schema: Reading CF functions id=96489b79-80be-3e14-a701-66a0b9159450 version=329ed804-55b3-3eee-ad61-d85317b96097
2020-10-15T01:08:00.021942229Z  INFO  2020-10-15 01:08:00,021 [shard 0] database - Keyspace system_schema: Reading CF columns id=24101c25-a2ae-3af7-87c1-b40ee1aca33f version=d33236d4-9bdd-3c09-abf0-a0bc5edc2526
2020-10-15T01:08:00.021952741Z  INFO  2020-10-15 01:08:00,021 [shard 0] database - Keyspace system_schema: Reading CF scylla_tables id=5d912ff1-f759-3665-b2c8-8042ab5103dd version=38e5e56b-155d-39b5-a0d2-8e5dcad42a26
2020-10-15T01:08:00.021963086Z  INFO  2020-10-15 01:08:00,021 [shard 0] database - Keyspace system_schema: Reading CF tables id=afddfb9d-bc1e-3068-8056-eed6c302ba09 version=b6240810-eeb7-36d5-9411-43b2d68dddab
2020-10-15T01:08:00.021991043Z  INFO  2020-10-15 01:08:00,021 [shard 0] database - Keyspace system_schema: Reading CF keyspaces id=abac5682-dea6-31c5-b535-b3d6cffd0fb6 version=e79ca8ba-6556-3f7d-925a-7f20cf57938c
2020-10-15T01:08:00.022002573Z  INFO  2020-10-15 01:08:00,021 [shard 0] database - Keyspace system_schema: Reading CF triggers id=4df70b66-6b05-3251-95a1-32b54005fd48 version=582d7071-1ef0-37c8-adc6-471a13636139
2020-10-15T01:08:00.022012852Z  INFO  2020-10-15 01:08:00,021 [shard 0] database - Keyspace system_schema: Reading CF views id=9786ac1c-dd58-3201-a7cd-ad556410c985 version=5b58bb47-96e7-3f57-accf-0bfca4dbbc6e
2020-10-15T01:08:00.022023055Z  INFO  2020-10-15 01:08:00,021 [shard 0] database - Keyspace system_schema: Reading CF types id=5a8b1ca8-6602-3f77-a045-9273d308917a version=de51b2ce-5e4d-3b7d-a75f-2204332ce8d1
2020-10-15T01:08:00.022033115Z  INFO  2020-10-15 01:08:00,021 [shard 0] database - Keyspace system_schema: Reading CF aggregates id=924c5587-2e3a-345b-b10c-12f37c1ba895 version=4b53e92c-0368-3d5c-b959-2ec1bfd1a59f
2020-10-15T01:08:00.500481897Z  JMX is enabled to receive remote connections on port: 7199
2020-10-15T01:08:00.500892927Z  2020-10-15 01:08:00,500 INFO success: scylla entered RUNNING state, process has stayed up for > than 1 seconds (startsecs)
2020-10-15T01:08:00.501111011Z  2020-10-15 01:08:00,500 INFO success: scylla-housekeeping entered RUNNING state, process has stayed up for > than 1 seconds (startsecs)
2020-10-15T01:08:00.501397530Z  2020-10-15 01:08:00,501 INFO success: sshd entered RUNNING state, process has stayed up for > than 1 seconds (startsecs)
2020-10-15T01:08:00.501639931Z  2020-10-15 01:08:00,501 INFO success: scylla-jmx entered RUNNING state, process has stayed up for > than 1 seconds (startsecs)
2020-10-15T01:08:00.501905275Z  2020-10-15 01:08:00,501 INFO success: rsyslog entered RUNNING state, process has stayed up for > than 1 seconds (startsecs)
2020-10-15T01:08:00.502108629Z  2020-10-15 01:08:00,501 INFO success: node-exporter entered RUNNING state, process has stayed up for > than 1 seconds (startsecs)
2020-10-15T01:08:01.479509420Z  Generating public/private rsa key pair.
2020-10-15T01:08:01.479598026Z  Your identification has been saved in /etc/ssh/ssh_host_rsa_key.
2020-10-15T01:08:01.479609739Z  Your public key has been saved in /etc/ssh/ssh_host_rsa_key.pub.
2020-10-15T01:08:01.479619575Z  The key fingerprint is:
2020-10-15T01:08:01.479628944Z  SHA256:usCPOV7qp0hWE0i0n+7Tez1qILypIDeF4tBvkldzjT8 root@27ab1d054d68
2020-10-15T01:08:01.479638448Z  The key's randomart image is:
2020-10-15T01:08:01.479659638Z  +---[RSA 4096]----+
2020-10-15T01:08:01.479671622Z  | .o              |
2020-10-15T01:08:01.479683764Z  | . o             |
2020-10-15T01:08:01.479695805Z  |  o .            |
2020-10-15T01:08:01.479707941Z  | . o o   o       |
2020-10-15T01:08:01.479720242Z  |o o.* o S .      |
2020-10-15T01:08:01.479732460Z  |o. Boo.+ .       |
2020-10-15T01:08:01.479761879Z  |o.B B=o. .E      |
2020-10-15T01:08:01.479785403Z  |.= B=Bo.o o.     |
2020-10-15T01:08:01.479802276Z  |  o+O=++.. .     |
2020-10-15T01:08:01.479811686Z  +----[SHA256]-----+
2020-10-15T01:08:01.492942091Z  Could not load host key: /etc/ssh/ssh_host_ecdsa_key
2020-10-15T01:08:04.063899356Z  INFO  2020-10-15 01:08:04,063 [shard 0] database - Populating Keyspace system
2020-10-15T01:08:04.063936413Z  INFO  2020-10-15 01:08:04,063 [shard 0] database - Keyspace system: Reading CF schema_aggregates id=a5fc57fc-9d6c-3bfd-a3fc-01ad54686fea version=d06c934f-9a69-374c-86f1-523ab26fb05c
2020-10-15T01:08:04.063949062Z  INFO  2020-10-15 01:08:04,063 [shard 0] database - Keyspace system: Reading CF schema_triggers id=0359bc71-7123-3ee1-9a4a-b9dfb11fc125 version=75e4ec4c-76da-3f59-984e-66810ba0c62b
2020-10-15T01:08:04.063960156Z  INFO  2020-10-15 01:08:04,063 [shard 0] database - Keyspace system: Reading CF compaction_history id=b4dbb7b4-dc49-3fb5-b3bf-ce6e434832ca version=25cae56a-8d75-39f3-a146-3756ab4981c7
2020-10-15T01:08:04.063971049Z  INFO  2020-10-15 01:08:04,063 [shard 0] database - Keyspace system: Reading CF compactions_in_progress id=55080ab0-5d9c-3886-90a4-acb25fe1f77b version=540263f1-40db-3869-8a38-3baadedc222d
2020-10-15T01:08:04.064340830Z  INFO  2020-10-15 01:08:04,063 [shard 0] database - Keyspace system: Reading CF range_xfers id=55d76438-4e55-3f8b-9f6e-676d4af3976d version=dd15a078-409b-350d-9bef-c5f3520832d8
2020-10-15T01:08:04.064371908Z  INFO  2020-10-15 01:08:04,063 [shard 0] database - Keyspace system: Reading CF scylla_views_builds_in_progress id=a04c7bfd-1e13-36c9-a44d-f22da352281d version=e3fb736c-6956-3990-a31d-9a482279e3fc
2020-10-15T01:08:04.064383268Z  INFO  2020-10-15 01:08:04,063 [shard 0] database - Keyspace system: Reading CF IndexInfo id=9f5c6374-d485-3229-9a0a-5094af9ad1e3 version=bbb3743b-351f-3023-b4fc-09a9be37d529
2020-10-15T01:08:04.064393634Z  INFO  2020-10-15 01:08:04,063 [shard 0] database - Keyspace system: Reading CF cdc_local id=0bcaffd4-0c83-3ead-ad13-dc1d5015b77c version=0aa4d3a2-ed95-3ecd-aba0-cd75622ad290
2020-10-15T01:08:04.064403887Z  INFO  2020-10-15 01:08:04,063 [shard 0] database - Keyspace system: Reading CF schema_columnfamilies id=45f5b360-24bc-3f83-a363-1034ea4fa697 version=7f7a5fea-07b7-304d-a6f8-f7aec72cabdb
2020-10-15T01:08:04.064421306Z  INFO  2020-10-15 01:08:04,063 [shard 0] database - Keyspace system: Reading CF batchlog id=0290003c-977e-397c-ac3e-fdfdc01d626b version=e2a2e804-49e4-3597-9f16-39fd9475835c
2020-10-15T01:08:04.064431677Z  INFO  2020-10-15 01:08:04,063 [shard 0] database - Keyspace system: Reading CF schema_functions id=d1b675fe-2b50-3ca4-8e49-c0f81989dcad version=a50959dd-2be0-3e4e-8bb5-cf40796e256a
2020-10-15T01:08:04.064441967Z  INFO  2020-10-15 01:08:04,063 [shard 0] database - Keyspace system: Reading CF peer_events id=59dfeaea-8db2-3341-91ef-109974d81484 version=7f874a05-72b8-3c21-9acb-baa164fc351a
2020-10-15T01:08:04.064452138Z  INFO  2020-10-15 01:08:04,063 [shard 0] database - Keyspace system: Reading CF local id=7ad54392-bcdd-35a6-8417-4e047860b377 version=7fa82c2e-5b67-37dd-8e5e-2079e18f1536
2020-10-15T01:08:04.064462281Z  INFO  2020-10-15 01:08:04,063 [shard 0] database - Keyspace system: Reading CF clients id=ca0f635d-8630-3609-8d93-a1fc06f2a5e5 version=51273ebf-e6f9-3cd5-b455-ea09ad29796f
2020-10-15T01:08:04.064500525Z  INFO  2020-10-15 01:08:04,063 [shard 0] database - Keyspace system: Reading CF size_estimates id=618f817b-005f-3678-b8a4-53f3930b8e86 version=6d4dbcff-f05b-3dc3-95ad-f79f7b10504d
2020-10-15T01:08:04.064514327Z  INFO  2020-10-15 01:08:04,063 [shard 0] database - Keyspace system: Reading CF large_partitions id=8a7fe624-96b0-34b1-b90e-f71bddcdd2d3 version=04fa9920-9369-3a96-be39-6dd9fdc816b6
2020-10-15T01:08:04.064525807Z  INFO  2020-10-15 01:08:04,063 [shard 0] database - Keyspace system: Reading CF schema_columns id=296e9c04-9bec-3085-827d-c17d3df2122a version=53cfbb66-ee0d-37be-97bb-b2afb3746f85
2020-10-15T01:08:04.064536656Z  INFO  2020-10-15 01:08:04,063 [shard 0] database - Keyspace system: Reading CF built_views id=4b3c50a9-ea87-3d76-9101-6dbc9c38494a version=a28aa0b3-6def-30a7-9fbe-ce78b3f3c9b9
2020-10-15T01:08:04.064547410Z  INFO  2020-10-15 01:08:04,063 [shard 0] database - Keyspace system: Reading CF peers id=37f71aca-7dc2-383b-a706-72528af04d4f version=f6f6871f-8c86-3eca-ac0b-2a2e848e395d
2020-10-15T01:08:04.064584067Z  INFO  2020-10-15 01:08:04,063 [shard 0] database - Keyspace system: Reading CF hints id=2666e205-73ef-38b3-90fe-fecf96e8f0c7 version=0b74fdd1-e96d-309e-a14e-a5bcd7ac885d
2020-10-15T01:08:04.064598291Z  INFO  2020-10-15 01:08:04,063 [shard 0] database - Keyspace system: Reading CF large_rows id=40550f66-0858-39a0-9430-f27fc08034e9 version=aee3acb0-7926-317b-848e-db7bc3721695
2020-10-15T01:08:04.064609356Z  INFO  2020-10-15 01:08:04,063 [shard 0] database - Keyspace system: Reading CF large_cells id=ead8bbc5-f146-3ae1-9f71-0b11f9a1d296 version=0d4a6937-a781-3f87-a192-b4e4a4a40acf
2020-10-15T01:08:04.064620093Z  INFO  2020-10-15 01:08:04,063 [shard 0] database - Keyspace system: Reading CF scylla_local id=2972ec7f-fb20-38dd-aac1-d876f2e3fcbd version=5f0b407d-eedf-3845-a48e-dbb9673d10e1
2020-10-15T01:08:04.064642206Z  INFO  2020-10-15 01:08:04,063 [shard 0] database - Keyspace system: Reading CF views_builds_in_progress id=b7f2c108-78cd-3c80-9cd5-d609b2bd149c version=b905cce5-1474-3085-819a-7592453e2fb9
2020-10-15T01:08:04.064652686Z  INFO  2020-10-15 01:08:04,063 [shard 0] database - Keyspace system: Reading CF schema_usertypes id=3aa75225-4f82-350b-8d5c-430fa221fa0a version=3c53e6bb-56d5-3618-a0b2-4ff5f18127d7
2020-10-15T01:08:04.064728609Z  INFO  2020-10-15 01:08:04,063 [shard 0] database - Keyspace system: Reading CF sstable_activity id=5a1ff267-ace0-3f12-8563-cfae6103c65e version=bdec57a3-b234-334b-be9c-7b1f33113995
2020-10-15T01:08:04.064743888Z  INFO  2020-10-15 01:08:04,063 [shard 0] database - Keyspace system: Reading CF truncated id=38c19fd0-fb86-3310-a4b7-0d0cc66628aa version=6da9a85c-7ae0-3917-aead-54a2f65a57a8
2020-10-15T01:08:04.064754853Z  INFO  2020-10-15 01:08:04,064 [shard 0] database - Keyspace system: Reading CF paxos id=b7b7f0c2-fd0a-3410-8c05-3ef614bb7c2d version=6dd372de-72fb-3e1b-9b8c-f97738a67fe9
2020-10-15T01:08:04.064765333Z  INFO  2020-10-15 01:08:04,064 [shard 0] database - Keyspace system: Reading CF schema_keyspaces id=b0f22357-4458-3cdb-9631-c43e59ce3676 version=84d28cef-59f9-34a9-9be5-31c684997f03
2020-10-15T01:08:04.883264462Z  Traceback (most recent call last):
2020-10-15T01:08:04.883336674Z    File "/opt/scylladb/scripts/libexec/scylla-housekeeping", line 208, in <module>
2020-10-15T01:08:04.883360906Z      args.func(args)
2020-10-15T01:08:04.883406138Z    File "/opt/scylladb/scripts/libexec/scylla-housekeeping", line 134, in check_version
2020-10-15T01:08:04.883427523Z      current_version = sanitize_version(get_api('/storage_service/scylla_release_version'))
2020-10-15T01:08:04.883451555Z    File "/opt/scylladb/scripts/libexec/scylla-housekeeping", line 93, in get_api
2020-10-15T01:08:04.883470350Z      return get_json_from_url("http://" + api_address + path)
2020-10-15T01:08:04.883488911Z    File "/opt/scylladb/scripts/libexec/scylla-housekeeping", line 88, in get_json_from_url
2020-10-15T01:08:04.883507583Z      raise RuntimeError(f'Failed to get "{path}" due to the following error: {retval}')
2020-10-15T01:08:04.883526141Z  RuntimeError: Failed to get "http://localhost:10000/storage_service/scylla_release_version" due to the following error: HTTP Error 404: Not Found
2020-10-15T01:08:17.740711291Z  INFO  2020-10-15 01:08:17,740 [shard 0] init - starting gossip
2020-10-15T01:08:17.741120181Z  WARN  2020-10-15 01:08:17,740 [shard 0] init - Using default cluster name is not recommended. Using a unique cluster name will reduce the chance of adding nodes to the wrong cluster by mistake
2020-10-15T01:08:17.741745729Z  INFO  2020-10-15 01:08:17,741 [shard 0] init - starting storage proxy
2020-10-15T01:08:17.752943069Z  INFO  2020-10-15 01:08:17,752 [shard 0] init - creating hints manager
2020-10-15T01:08:17.753819939Z  INFO  2020-10-15 01:08:17,753 [shard 2] init - creating hints manager
2020-10-15T01:08:17.753867506Z  INFO  2020-10-15 01:08:17,753 [shard 1] init - creating hints manager
2020-10-15T01:08:17.754230759Z  INFO  2020-10-15 01:08:17,753 [shard 3] init - creating hints manager
2020-10-15T01:08:17.754832321Z  INFO  2020-10-15 01:08:17,754 [shard 0] init - starting migration manager
2020-10-15T01:08:17.755240409Z  INFO  2020-10-15 01:08:17,754 [shard 0] init - starting query processor
2020-10-15T01:08:17.756695845Z  INFO  2020-10-15 01:08:17,756 [shard 0] init - initializing batchlog manager
2020-10-15T01:08:17.761298365Z  INFO  2020-10-15 01:08:17,760 [shard 0] legacy_schema_migrator - Moving 0 keyspaces from legacy schema tables to the new schema keyspace (system_schema)
2020-10-15T01:08:17.762038798Z  INFO  2020-10-15 01:08:17,761 [shard 0] legacy_schema_migrator - Dropping legacy schema tables
2020-10-15T01:08:31.689364604Z  INFO  2020-10-15 01:08:31,688 [shard 0] legacy_schema_migrator - Completed migration of legacy schema tables
2020-10-15T01:08:31.694153506Z  INFO  2020-10-15 01:08:31,693 [shard 0] init - loading system sstables
2020-10-15T01:08:45.917690359Z  INFO  2020-10-15 01:08:45,916 [shard 0] init - loading non-system sstables
2020-10-15T01:08:55.133679637Z  INFO  2020-10-15 01:08:55,133 [shard 0] database - Populating Keyspace dt
2020-10-15T01:08:55.133758712Z  INFO  2020-10-15 01:08:55,133 [shard 0] database - Keyspace dt: Reading CF source_element_idx_index id=68593f10-d77b-11ea-9877-000000000001 version=33e3f927-f730-3081-88e1-6bed2962e42a
2020-10-15T01:08:55.133772701Z  INFO  2020-10-15 01:08:55,133 [shard 0] database - Keyspace dt: Reading CF element_twin_idx_index id=630ae8b0-d77b-11ea-9877-000000000001 version=bc3026fd-bc4e-318d-b6f4-ca0b566cb74b
2020-10-15T01:08:55.133830096Z  INFO  2020-10-15 01:08:55,133 [shard 0] database - Keyspace dt: Reading CF source id=65ff2270-d77b-11ea-9877-000000000001 version=5f8471b7-7d19-31d4-9be5-0f153affb0bb
2020-10-15T01:08:55.133852088Z  INFO  2020-10-15 01:08:55,133 [shard 0] database - Keyspace dt: Reading CF source_data id=6af6cd50-d77b-11ea-9877-000000000001 version=b52400e3-b307-3141-b3fc-e5d63573f135
2020-10-15T01:08:55.133863543Z  INFO  2020-10-15 01:08:55,133 [shard 0] database - Keyspace dt: Reading CF element id=607549b0-d77b-11ea-9877-000000000001 version=f44a6c4b-69d8-37f2-b116-7260740acc6c
2020-10-15T01:08:55.133873574Z  INFO  2020-10-15 01:08:55,133 [shard 0] database - Keyspace dt: Reading CF twin id=5e00c740-d77b-11ea-9877-000000000001 version=6240633e-c8cc-3fea-a1e3-452eff1b9659
2020-10-15T01:08:55.133905190Z  INFO  2020-10-15 01:08:55,133 [shard 0] database - Keyspace dt: Reading CF user id=5c294820-d77b-11ea-9877-000000000001 version=02cce273-02f1-3e6a-8674-f1016e3f22d7
2020-10-15T01:08:55.133919416Z  INFO  2020-10-15 01:08:55,133 [shard 0] database - Populating Keyspace system_distributed
2020-10-15T01:08:55.133949202Z  INFO  2020-10-15 01:08:55,133 [shard 0] database - Keyspace system_distributed: Reading CF view_build_status id=5582b59f-8e4e-35e1-b913-3acada51eb04 version=e0b6e628-60e0-39a2-ada0-9b6c13bdd9bc
2020-10-15T01:08:55.133960349Z  INFO  2020-10-15 01:08:55,133 [shard 0] database - Keyspace system_distributed: Reading CF cdc_generations id=6a4df139-00b6-3d21-9efc-dade266dc3b7 version=2511b46b-df1d-39fa-9a77-f5cacf88af47
2020-10-15T01:08:55.133998504Z  INFO  2020-10-15 01:08:55,133 [shard 0] database - Keyspace system_distributed: Reading CF cdc_streams id=07405732-4620-34d6-a85e-947248dad9a4 version=b606cfa4-a37b-32bd-a624-e05cab2bed3c
2020-10-15T01:08:55.134014060Z  INFO  2020-10-15 01:08:55,133 [shard 0] database - Populating Keyspace system_auth
2020-10-15T01:08:55.134023898Z  INFO  2020-10-15 01:08:55,133 [shard 0] database - Keyspace system_auth: Reading CF roles id=5bc52802-de25-35ed-aeab-188eecebb090 version=d8f599da-7544-3f57-aa58-b229deea93e0
2020-10-15T01:08:55.134033948Z  INFO  2020-10-15 01:08:55,133 [shard 0] database - Keyspace system_auth: Reading CF role_members id=0ecdaa87-f8fb-3e60-88d1-74fb36fe5c0d version=2923b5bb-f2f8-36e8-9e73-19019900010c
2020-10-15T01:08:55.134044030Z  INFO  2020-10-15 01:08:55,133 [shard 0] database - Populating Keyspace system_traces
2020-10-15T01:08:55.134053679Z  INFO  2020-10-15 01:08:55,133 [shard 0] database - Keyspace system_traces: Reading CF sessions id=c5e99f16-8677-3914-b17e-960613512345 version=e0fc4b06-6cba-3b7b-bfb6-b42a77c370a9
2020-10-15T01:08:55.134085957Z  INFO  2020-10-15 01:08:55,133 [shard 0] database - Keyspace system_traces: Reading CF node_slow_log_time_idx id=f9706768-aa1e-3d87-9e5c-51a3927c2870 version=eaffc0bb-7b2c-3b64-8924-d8ba685120bc
2020-10-15T01:08:55.134111252Z  INFO  2020-10-15 01:08:55,133 [shard 0] database - Keyspace system_traces: Reading CF sessions_time_idx id=0ebf001c-c1d1-3693-9a63-c3d96ac53318 version=cd5d1e5f-1f42-3b9d-a8ba-3af39d59a7d5
2020-10-15T01:08:55.134121069Z  INFO  2020-10-15 01:08:55,133 [shard 0] database - Keyspace system_traces: Reading CF events id=8826e8e9-e16a-3728-8753-3bc1fc713c25 version=41a6b26e-a03b-3ae1-8a4a-b9446e7f9304
2020-10-15T01:08:55.134130729Z  INFO  2020-10-15 01:08:55,133 [shard 0] database - Keyspace system_traces: Reading CF node_slow_log id=bfcc4e62-5b63-3aa1-a1c3-6f5e47f3325c version=23e7a411-8414-340f-854d-20a3a637e438
2020-10-15T01:09:03.098159269Z  INFO  2020-10-15 01:09:03,097 [shard 0] init - starting view update generator
2020-10-15T01:09:03.098851550Z  INFO  2020-10-15 01:09:03,098 [shard 0] init - discovering staging sstables
2020-10-15T01:09:03.099875460Z  INFO  2020-10-15 01:09:03,099 [shard 0] init - setting up system keyspace
2020-10-15T01:09:03.116539376Z  INFO  2020-10-15 01:09:03,116 [shard 0] init - starting commit log
2020-10-15T01:09:03.117317868Z  INFO  2020-10-15 01:09:03,117 [shard 0] compaction - Compacting [/var/lib/scylla/data/system/peers-37f71aca7dc2383ba70672528af04d4f/mc-20-big-Data.db:level=0, /var/lib/scylla/data/system/peers-37f71aca7dc2383ba70672528af04d4f/mc-16-big-Data.db:level=0, ]
2020-10-15T01:09:03.117771242Z  INFO  2020-10-15 01:09:03,117 [shard 0] compaction - Compacting [/var/lib/scylla/data/system/compaction_history-b4dbb7b4dc493fb5b3bfce6e434832ca/mc-888-big-Data.db:level=0, /var/lib/scylla/data/system/compaction_history-b4dbb7b4dc493fb5b3bfce6e434832ca/mc-884-big-Data.db:level=0, ]
2020-10-15T01:09:03.118076472Z  INFO  2020-10-15 01:09:03,117 [shard 2] compaction - Compacting [/var/lib/scylla/data/system/clients-ca0f635d863036098d93a1fc06f2a5e5/mc-22-big-Data.db:level=0, /var/lib/scylla/data/system/clients-ca0f635d863036098d93a1fc06f2a5e5/mc-26-big-Data.db:level=0, ]
2020-10-15T01:09:03.118098058Z  INFO  2020-10-15 01:09:03,117 [shard 1] compaction - Compacting [/var/lib/scylla/data/system/compaction_history-b4dbb7b4dc493fb5b3bfce6e434832ca/mc-897-big-Data.db:level=0, /var/lib/scylla/data/system/compaction_history-b4dbb7b4dc493fb5b3bfce6e434832ca/mc-893-big-Data.db:level=0, ]
2020-10-15T01:09:03.118330789Z  INFO  2020-10-15 01:09:03,117 [shard 3] compaction - Compacting [/var/lib/scylla/data/system/compaction_history-b4dbb7b4dc493fb5b3bfce6e434832ca/mc-911-big-Data.db:level=0, /var/lib/scylla/data/system/compaction_history-b4dbb7b4dc493fb5b3bfce6e434832ca/mc-907-big-Data.db:level=0, ]
2020-10-15T01:09:03.118351587Z  INFO  2020-10-15 01:09:03,118 [shard 2] compaction - Compacting [/var/lib/scylla/data/system/compaction_history-b4dbb7b4dc493fb5b3bfce6e434832ca/mc-910-big-Data.db:level=0, /var/lib/scylla/data/system/compaction_history-b4dbb7b4dc493fb5b3bfce6e434832ca/mc-906-big-Data.db:level=0, ]
2020-10-15T01:09:03.118680555Z  INFO  2020-10-15 01:09:03,118 [shard 3] compaction - Compacting [/var/lib/scylla/data/dt/source_data-6af6cd50d77b11ea9877000000000001/mc-695-big-Data.db:level=0, /var/lib/scylla/data/dt/source_data-6af6cd50d77b11ea9877000000000001/mc-691-big-Data.db:level=0, ]
2020-10-15T01:09:03.118943661Z  INFO  2020-10-15 01:09:03,118 [shard 2] compaction - Compacting [/var/lib/scylla/data/system/truncated-38c19fd0fb863310a4b70d0cc66628aa/mc-1150-big-Data.db:level=0, /var/lib/scylla/data/system/truncated-38c19fd0fb863310a4b70d0cc66628aa/mc-1146-big-Data.db:level=0, ]
2020-10-15T01:09:03.119411924Z  INFO  2020-10-15 01:09:03,119 [shard 0] compaction - Compacting [/var/lib/scylla/data/system/truncated-38c19fd0fb863310a4b70d0cc66628aa/mc-1688-big-Data.db:level=0, /var/lib/scylla/data/system/truncated-38c19fd0fb863310a4b70d0cc66628aa/mc-1684-big-Data.db:level=0, ]
2020-10-15T01:09:03.119730243Z  INFO  2020-10-15 01:09:03,119 [shard 3] compaction - Compacting [/var/lib/scylla/data/system/truncated-38c19fd0fb863310a4b70d0cc66628aa/mc-959-big-Data.db:level=0, /var/lib/scylla/data/system/truncated-38c19fd0fb863310a4b70d0cc66628aa/mc-955-big-Data.db:level=0, ]
2020-10-15T01:09:03.123975383Z  INFO  2020-10-15 01:09:03,123 [shard 0] init - initializing migration manager RPC verbs
2020-10-15T01:09:03.125386285Z  INFO  2020-10-15 01:09:03,125 [shard 0] init - initializing storage proxy RPC verbs
2020-10-15T01:09:03.126387370Z  INFO  2020-10-15 01:09:03,126 [shard 0] init - starting streaming service
2020-10-15T01:09:03.128968195Z  INFO  2020-10-15 01:09:03,128 [shard 0] init - starting hinted handoff manager
2020-10-15T01:09:03.925502434Z  WARN  2020-10-15 01:09:03,924 [shard 3] large_data - Writing a partition with too many rows [dt/source_data:d0a71d84-b80f-4558-beac-8887750652e3] (159258 rows)
2020-10-15T01:09:04.871571503Z  INFO  2020-10-15 01:09:04,870 [shard 2] compaction - Compacted 2 sstables to []. 38269 bytes to 0 (~0% of original) in 11ms = 0.00MB/s. ~256 total partitions merged to 0.
2020-10-15T01:09:05.118021244Z  INFO  2020-10-15 01:09:05,117 [shard 0] compaction - Compacted 2 sstables to []. 10954 bytes to 0 (~0% of original) in 2ms = 0.00MB/s. ~256 total partitions merged to 0.
2020-10-15T01:09:05.118611664Z  INFO  2020-10-15 01:09:05,117 [shard 1] compaction - Compacting [/var/lib/scylla/data/system/local-7ad54392bcdd35a684174e047860b377/mc-3613-big-Data.db:level=0, /var/lib/scylla/data/system/local-7ad54392bcdd35a684174e047860b377/mc-3617-big-Data.db:level=0, /var/lib/scylla/data/system/local-7ad54392bcdd35a684174e047860b377/mc-3621-big-Data.db:level=0, /var/lib/scylla/data/system/local-7ad54392bcdd35a684174e047860b377/mc-3609-big-Data.db:level=0, ]
2020-10-15T01:09:05.424024384Z  INFO  2020-10-15 01:09:05,423 [shard 0] init - starting messaging service
2020-10-15T01:09:05.424771308Z  INFO  2020-10-15 01:09:05,424 [shard 0] repair - Setting max_repair_memory=168820736, max_repair_memory_per_range=33554432, max_repair_ranges_in_parallel=5
2020-10-15T01:09:05.425335390Z  INFO  2020-10-15 01:09:05,424 [shard 0] init - starting storage service
2020-10-15T01:09:05.427786144Z  INFO  2020-10-15 01:09:05,427 [shard 0] storage_service - Loading persisted ring state
2020-10-15T01:09:05.431317310Z  INFO  2020-10-15 01:09:05,430 [shard 0] storage_service - loaded_peer_features: peer_features size=0
2020-10-15T01:09:05.431339162Z  INFO  2020-10-15 01:09:05,431 [shard 0] storage_service - Checking remote features skipped, since this node is a new seed node which knows nothing about the cluster
2020-10-15T01:09:05.433058442Z  INFO  2020-10-15 01:09:05,432 [shard 0] storage_service - Restarting a node in NORMAL status
2020-10-15T01:09:05.468315976Z  INFO  2020-10-15 01:09:05,467 [shard 0] database - Schema version changed to 3f00f995-6495-3765-8599-4e76a2f4c6b2
2020-10-15T01:09:05.468749561Z  INFO  2020-10-15 01:09:05,468 [shard 0] storage_service - Starting up server gossip
2020-10-15T01:09:06.142781427Z  INFO  2020-10-15 01:09:06,142 [shard 1] compaction - Compacted 2 sstables to [/var/lib/scylla/data/system/compaction_history-b4dbb7b4dc493fb5b3bfce6e434832ca/mc-901-big-Data.db:level=0, ]. 183380 bytes to 95738 (~52% of original) in 2000ms = 0.05MB/s. ~256 total partitions merged to 48.
2020-10-15T01:09:07.271904991Z  INFO  2020-10-15 01:09:07,271 [shard 0] compaction - Compacted 2 sstables to [/var/lib/scylla/data/system/truncated-38c19fd0fb863310a4b70d0cc66628aa/mc-1692-big-Data.db:level=0, ]. 81982 bytes to 76748 (~93% of original) in 3130ms = 0.02MB/s. ~256 total partitions merged to 2.
2020-10-15T01:09:07.272691792Z  INFO  2020-10-15 01:09:07,272 [shard 0] compaction - Compacted 2 sstables to [/var/lib/scylla/data/system/compaction_history-b4dbb7b4dc493fb5b3bfce6e434832ca/mc-892-big-Data.db:level=0, ]. 173163 bytes to 94584 (~54% of original) in 3133ms = 0.03MB/s. ~256 total partitions merged to 50.
2020-10-15T01:09:07.402371189Z  INFO  2020-10-15 01:09:07,401 [shard 2] compaction - Compacted 2 sstables to [/var/lib/scylla/data/system/truncated-38c19fd0fb863310a4b70d0cc66628aa/mc-1154-big-Data.db:level=0, ]. 112019 bytes to 56087 (~50% of original) in 3025ms = 0.02MB/s. ~256 total partitions merged to 4.
2020-10-15T01:09:07.403410131Z  INFO  2020-10-15 01:09:07,402 [shard 2] compaction - Compacted 2 sstables to [/var/lib/scylla/data/system/compaction_history-b4dbb7b4dc493fb5b3bfce6e434832ca/mc-914-big-Data.db:level=0, ]. 189129 bytes to 99398 (~52% of original) in 3026ms = 0.03MB/s. ~256 total partitions merged to 56.
2020-10-15T01:09:07.578919842Z  INFO  2020-10-15 01:09:07,578 [shard 0] messaging_service - Starting Messaging Service on port 7000
2020-10-15T01:09:07.965276534Z  INFO  2020-10-15 01:09:07,964 [shard 3] compaction - Compacted 2 sstables to [/var/lib/scylla/data/system/truncated-38c19fd0fb863310a4b70d0cc66628aa/mc-963-big-Data.db:level=0, ]. 126258 bytes to 63207 (~50% of original) in 3385ms = 0.02MB/s. ~256 total partitions merged to 2.
2020-10-15T01:09:08.106625451Z  INFO  2020-10-15 01:09:08,106 [shard 3] compaction - Compacted 2 sstables to [/var/lib/scylla/data/system/compaction_history-b4dbb7b4dc493fb5b3bfce6e434832ca/mc-915-big-Data.db:level=0, ]. 163046 bytes to 93719 (~57% of original) in 3388ms = 0.03MB/s. ~256 total partitions merged to 44.
2020-10-15T01:09:08.107307926Z  INFO  2020-10-15 01:09:08,106 [shard 3] compaction - Compacted 2 sstables to [/var/lib/scylla/data/dt/source_data-6af6cd50d77b11ea9877000000000001/mc-699-big-Data.db:level=0, ]. 12850465 bytes to 12845128 (~99% of original) in 3388ms = 3.62MB/s. ~256 total partitions merged to 1.
2020-10-15T01:09:08.232256112Z  INFO  2020-10-15 01:09:08,231 [shard 1] compaction - Compacted 4 sstables to [/var/lib/scylla/data/system/local-7ad54392bcdd35a684174e047860b377/mc-3625-big-Data.db:level=0, ]. 30565 bytes to 12598 (~41% of original) in 2459ms = 0.00MB/s. ~512 total partitions merged to 1.
2020-10-15T01:09:08.232922340Z  INFO  2020-10-15 01:09:08,232 [shard 1] compaction - Compacting [/var/lib/scylla/data/system/local-7ad54392bcdd35a684174e047860b377/mc-3629-big-Data.db:level=0, /var/lib/scylla/data/system/local-7ad54392bcdd35a684174e047860b377/mc-3625-big-Data.db:level=0, ]
2020-10-15T01:09:09.746184249Z  INFO  2020-10-15 01:09:09,745 [shard 1] compaction - Compacted 2 sstables to [/var/lib/scylla/data/system/local-7ad54392bcdd35a684174e047860b377/mc-3633-big-Data.db:level=0, ]. 19206 bytes to 12275 (~63% of original) in 1076ms = 0.01MB/s. ~256 total partitions merged to 1.
2020-10-15T01:09:19.582630352Z  INFO  2020-10-15 01:09:19,581 [shard 0] gossip - No gossip backlog; proceeding
2020-10-15T01:09:19.584467979Z  INFO  2020-10-15 01:09:19,583 [shard 0] features - Feature COMPUTED_COLUMNS is enabled
2020-10-15T01:09:19.584519284Z  INFO  2020-10-15 01:09:19,583 [shard 0] features - Feature CORRECT_COUNTER_ORDER is enabled
2020-10-15T01:09:19.584530313Z  INFO  2020-10-15 01:09:19,584 [shard 0] features - Feature CORRECT_NON_COMPOUND_RANGE_TOMBSTONES is enabled
2020-10-15T01:09:19.584540028Z  INFO  2020-10-15 01:09:19,584 [shard 0] features - Feature CORRECT_STATIC_COMPACT_IN_MC is enabled
2020-10-15T01:09:19.584566204Z  INFO  2020-10-15 01:09:19,584 [shard 0] features - Feature COUNTERS is enabled
2020-10-15T01:09:19.584577316Z  INFO  2020-10-15 01:09:19,584 [shard 0] features - Feature DIGEST_INSENSITIVE_TO_EXPIRY is enabled
2020-10-15T01:09:19.585261264Z  INFO  2020-10-15 01:09:19,584 [shard 0] features - Feature DIGEST_MULTIPARTITION_READ is enabled
2020-10-15T01:09:19.585285399Z  INFO  2020-10-15 01:09:19,584 [shard 0] features - Feature HINTED_HANDOFF_SEPARATE_CONNECTION is enabled
2020-10-15T01:09:19.585296740Z  INFO  2020-10-15 01:09:19,584 [shard 0] features - Feature INDEXES is enabled
2020-10-15T01:09:19.585306950Z  INFO  2020-10-15 01:09:19,584 [shard 0] features - Feature LARGE_PARTITIONS is enabled
2020-10-15T01:09:19.585316857Z  INFO  2020-10-15 01:09:19,584 [shard 0] features - Feature LWT is enabled
2020-10-15T01:09:19.585326782Z  INFO  2020-10-15 01:09:19,584 [shard 0] features - Feature MATERIALIZED_VIEWS is enabled
2020-10-15T01:09:19.585336535Z  INFO  2020-10-15 01:09:19,584 [shard 0] features - Feature MC_SSTABLE_FORMAT is enabled
2020-10-15T01:09:19.585346438Z  INFO  2020-10-15 01:09:19,584 [shard 0] features - Feature NONFROZEN_UDTS is enabled
2020-10-15T01:09:19.585356365Z  INFO  2020-10-15 01:09:19,584 [shard 0] features - Feature PER_TABLE_PARTITIONERS is enabled
2020-10-15T01:09:19.585366253Z  INFO  2020-10-15 01:09:19,584 [shard 0] features - Feature RANGE_TOMBSTONES is enabled
2020-10-15T01:09:19.585396627Z  INFO  2020-10-15 01:09:19,584 [shard 0] features - Feature ROLES is enabled
2020-10-15T01:09:19.585408233Z  INFO  2020-10-15 01:09:19,584 [shard 0] features - Feature ROW_LEVEL_REPAIR is enabled
2020-10-15T01:09:19.585418128Z  INFO  2020-10-15 01:09:19,584 [shard 0] features - Feature SCHEMA_TABLES_V3 is enabled
2020-10-15T01:09:19.585427217Z  INFO  2020-10-15 01:09:19,584 [shard 0] features - Feature STREAM_WITH_RPC_STREAM is enabled
2020-10-15T01:09:19.585436455Z  INFO  2020-10-15 01:09:19,584 [shard 0] features - Feature TRUNCATION_TABLE is enabled
2020-10-15T01:09:19.585445738Z  INFO  2020-10-15 01:09:19,584 [shard 0] system_keyspace - Got cluster agreement on truncation table feature. Removing legacy records.
2020-10-15T01:09:19.585466314Z  INFO  2020-10-15 01:09:19,584 [shard 0] features - Feature UNBOUNDED_RANGE_TOMBSTONES is enabled
2020-10-15T01:09:19.585476091Z  INFO  2020-10-15 01:09:19,584 [shard 0] features - Feature VIEW_VIRTUAL_COLUMNS is enabled
2020-10-15T01:09:19.585485906Z  INFO  2020-10-15 01:09:19,584 [shard 0] features - Feature WRITE_FAILURE_REPLY is enabled
2020-10-15T01:09:19.585495757Z  INFO  2020-10-15 01:09:19,584 [shard 0] features - Feature XXHASH is enabled
2020-10-15T01:09:19.585505474Z  INFO  2020-10-15 01:09:19,584 [shard 0] system_keyspace - Legacy records deleted.
2020-10-15T01:09:19.586935502Z  INFO  2020-10-15 01:09:19,586 [shard 0] init - starting system distributed keyspace
2020-10-15T01:09:19.590080980Z  INFO  2020-10-15 01:09:19,589 [shard 0] storage_service - Using saved tokens {943448605036726745, 9061580907506437136, 8957018461898327244, 8813999419995718088, 8775859223532977932, 873311388414975666, 8707696313600310498, 8675978575875245837, 855031166620283245, 8476533345381470087, 8413544620893079714, 8382283044476755854, 7804258889026263620, 778239093056833917, 7732629563319678675, 7564694057214588647, 747840302865059114, 7255484784972643852, 700944770677405149, 7009081579420542256, 7354219953741161264, 6974970471767945112, 6788034976878782500, 667581605220131528, 6496091893897576732, 6478032244021912394, 6420907855788431922, 8777890816944145805, 6381418245203458391, 6358173612251239308, 6302443190184390149, 6115776390551923703, 5906838239532612246, 5890706123786165213, 588034934972968299, 5848278814186320030, 5834675951458569055, 5796254206948921528, -6441145814158460549, 7172238068082229918, -6238625478980828395, -6199824488038647909, -572473923349256348, -5526097868254533829, -5508289632699420366, -6338043935148530859, 4738411181964629022, -5411685484465544274, 5103660925946342563, -5360532551957069796, -5246840897237646542, -8953406550820932827, -511676141100664160, -4872163430844150374, 5153854518462400651, -4829128129506020031, 6818717460470417221, -4735496583611878200, -7913213531410876291, -8612347190400988175, 3361838207769500988, -4770694758141334815, 3533570692245755170, -3014142033706378490, -6648258355715071793, 105268539462240253, 6448269612184381105, 3941245744356891698, -4925670906471950289, -6853270293933441203, -431455211546220291, -4106310081010891923, -4280461110562472301, -4231054370802445643, 4453520694484038438, -5140544052953576706, -7341700934491837716, -4177024142024341044, -2365586676906010085, -4368295386640868227, -6779834804380741154, 7103497347382660592, -471701403720839764, -2187125227394891465, -1593748153114868683, 8325613099551670589, -6017078328443447975, 408961909545308462, -3256341547923989103, 1911454556365012923, -2135119982021577211, -6104126434670973331, -1614584707908969492, -5285270377043925775, 194223785007163967, 3556932048290112968, 4378909036113166689, -2319706609635128471, 782580883702972777, -3880555618453256762, -2879534723161185431, 7469085752185829039, -8001902308657073600, -1522914538603683793, 784130423392421222, -3409621329811667263, -5136236598692180863, -2640475812391264528, 3907413558358164712, -2166731983266837511, -8529251962487546573, -5228242602708342126, -6263078841153087564, -1295419475388780424, 5311755414232655734, -4113405879925637368, 2104079815049743807, -105211415949921556, -1004253484774030395, -6093280019772326743, -1363472444035739717, 7772390126184307669, 3373616921334842984, -3428624778218969630, -4475005699924690030, -1207620414022812792, -4203952547861361192, -4895652206680369668, 5569071124009844993, -2800260328053956713, 1033733984444816800, -1761718599052329021, -6249520955674807415, -6810383749951706976, -2391018463907211455, -3729138346528579520, -3942245253345029362, -1032698423218536378, 2233495137371904435, -1970747149103226319, 2531294222158762011, 4445989245037378795, -2648919406212884980, 800062458669145892, -6586482614645135705, -8855822008500182327, -2076430708060394350, -6127879535600466936, 5017042126534426855, -6767019288334108993, -6985294397658573838, -2605645373691895986, 2542018259596577135, -2699231837109027988, -9132047842757487932, 9066588519930559993, -4601858807243735115, 1470306277250886071, 1688077838521597411, -2700796200994103492, -5656441245782528349, 3822141065635310082, -4415280594152455372, -1709100826419756065, -2732234699235264563, -3101294897153501639, 6933997554702494562, -4541237399207364623, 1251119865371637993, -3280527161887251879, -4007868363884276055, -4134923634748466107, -5595342098352848506, 533209426647054698, 285540986842976874, -4193553788022177878, -7111183380354176443, 7880345233810794046, -7190282066974323895, -7232953798633244985, -7512330892235471280, -889434854029329118, 9122882257136270100, 3909145942678699742, 2870638580126821409, -2685359252619347507, 4540975434217357056, 1912522665107890116, -1474028219808469861, -7767361191227918078, -8495384334141326469, -8024675672634848221, -8352632933072691056, -1084614158625469139, -8372022353883945178, -1171738939209168407, -8485257529464526975, -8549013321787275289, -7405825010257289618, -8694753427154041557, -9173155356561330710, -3164480873853500968, 1172299952227812636, 1535311813904826318, 156312151312654313, 2050968450175517454, 1018091569669202328, 1574734081023094222, 214428871588027420, -5095673126210616552, 2431756818088451524, -1208769590907790735, 3022913469242457337, 2609254198811139442, 5396954320704971060, 284028081363756156, -184157634332906914, 2879924223908633556, 3014475854062098037, 8280511155447462154, 3058186759042775792, 3100842289958262644, -769344519844763244, 3287699046743316011, 7743526815996532326, -7148146405116016542, 352278596429886466, 3606629961194077343, 3840184102447470012, -4623422606623793434, 3924960423780627192, 4660022660859336370, 5401470720317959250, 3979649323160207298, 4037379789709069307, 790424663468033093, 5150907166433009570, 4083460330442256183, 4262233236239091105, 4461207940793579131, 7222389702734437292, 4497639963855891379, 5935809959838255935, 525652295242460822, -9210810031089136649, 3145063885579200582, 5102381975608989830, 5104799485589097680, -467985751191813914, 5122450296475986719, 5256736089695841171, 5341717901052361821, 5441044328235651423, 5661405961885371428, -6303682351633097607, 5704999654143823990}
2020-10-15T01:09:19.606513064Z  INFO  2020-10-15 01:09:19,606 [shard 0] database - Schema version changed to e1b2d478-e5f2-30c4-b994-d93919918df3
2020-10-15T01:09:19.624374057Z  INFO  2020-10-15 01:09:19,624 [shard 0] database - Schema version changed to 0e03d198-385b-3f36-8c34-c3f5846bbbac
2020-10-15T01:09:19.640038703Z  INFO  2020-10-15 01:09:19,639 [shard 0] database - Schema version changed to 0e03d198-385b-3f36-8c34-c3f5846bbbac
2020-10-15T01:09:20.952466151Z  INFO  2020-10-15 01:09:20,951 [shard 1] compaction - Compacting [/var/lib/scylla/data/system/local-7ad54392bcdd35a684174e047860b377/mc-3637-big-Data.db:level=0, /var/lib/scylla/data/system/local-7ad54392bcdd35a684174e047860b377/mc-3633-big-Data.db:level=0, ]
2020-10-15T01:09:20.959055169Z  INFO  2020-10-15 01:09:20,958 [shard 0] storage_service - Node 10.0.97.3 state jump to normal
2020-10-15T01:09:20.959546455Z  INFO  2020-10-15 01:09:20,959 [shard 0] storage_service - Remove node 10.0.97.3 from pending replacing endpoint
2020-10-15T01:09:21.420536604Z  INFO  2020-10-15 01:09:21,413 [shard 0] storage_service - NORMAL: node is now in normal status
2020-10-15T01:09:21.420584724Z  INFO  2020-10-15 01:09:21,413 [shard 0] cdc - No generation seen during startup.
2020-10-15T01:09:21.420612564Z  INFO  2020-10-15 01:09:21,415 [shard 0] init - starting tracing
2020-10-15T01:09:21.420622727Z  INFO  2020-10-15 01:09:21,415 [shard 0] storage_service - SSTable data integrity checker is disabled.
2020-10-15T01:09:21.420632567Z  INFO  2020-10-15 01:09:21,416 [shard 0] init - starting batchlog manager
2020-10-15T01:09:21.420642019Z  INFO  2020-10-15 01:09:21,416 [shard 0] init - starting load meter
2020-10-15T01:09:21.420651975Z  INFO  2020-10-15 01:09:21,416 [shard 0] init - starting cf cache hit rate calculator
2020-10-15T01:09:21.420673786Z  INFO  2020-10-15 01:09:21,417 [shard 0] init - starting view update backlog broker
2020-10-15T01:09:21.420687432Z  INFO  2020-10-15 01:09:21,417 [shard 0] init - Waiting for gossip to settle before accepting client requests...
2020-10-15T01:09:21.496604341Z  INFO  2020-10-15 01:09:21,495 [shard 1] compaction - Compacted 2 sstables to [/var/lib/scylla/data/system/local-7ad54392bcdd35a684174e047860b377/mc-3645-big-Data.db:level=0, ]. 18354 bytes to 12072 (~65% of original) in 459ms = 0.03MB/s. ~256 total partitions merged to 1.
2020-10-15T01:09:21.497695368Z  INFO  2020-10-15 01:09:21,496 [shard 1] compaction - Compacting [/var/lib/scylla/data/system/local-7ad54392bcdd35a684174e047860b377/mc-3641-big-Data.db:level=0, /var/lib/scylla/data/system/local-7ad54392bcdd35a684174e047860b377/mc-3645-big-Data.db:level=0, ]
2020-10-15T01:09:21.962963909Z  INFO  2020-10-15 01:09:21,962 [shard 1] compaction - Compacted 2 sstables to [/var/lib/scylla/data/system/local-7ad54392bcdd35a684174e047860b377/mc-3649-big-Data.db:level=0, ]. 18171 bytes to 12073 (~66% of original) in 374ms = 0.03MB/s. ~256 total partitions merged to 1.
2020-10-15T01:09:33.419635340Z  INFO  2020-10-15 01:09:33,418 [shard 0] gossip - No gossip backlog; proceeding
2020-10-15T01:09:33.420672222Z  INFO  2020-10-15 01:09:33,420 [shard 0] init - allow replaying hints
2020-10-15T01:09:33.421534155Z  INFO  2020-10-15 01:09:33,420 [shard 0] init - Launching generate_mv_updates for non system tables
2020-10-15T01:09:33.422597637Z  INFO  2020-10-15 01:09:33,421 [shard 0] init - starting the view builder
2020-10-15T01:09:33.768871986Z  INFO  2020-10-15 01:09:33,767 [shard 0] init - starting native transport
2020-10-15T01:09:33.768955420Z  INFO  2020-10-15 01:09:33,768 [shard 0] compaction - Compacting [/var/lib/scylla/data/system/truncated-38c19fd0fb863310a4b70d0cc66628aa/mc-1696-big-Data.db:level=0, /var/lib/scylla/data/system/truncated-38c19fd0fb863310a4b70d0cc66628aa/mc-1692-big-Data.db:level=0, ]
2020-10-15T01:09:33.771673108Z  INFO  2020-10-15 01:09:33,770 [shard 0] storage_service - Starting listening for CQL clients on 10.0.97.3:9042 (unencrypted)
2020-10-15T01:09:33.774079024Z  INFO  2020-10-15 01:09:33,773 [shard 0] storage_service - Thrift server listening on 10.0.97.3:9160 ...
2020-10-15T01:09:33.775432999Z  INFO  2020-10-15 01:09:33,774 [shard 0] init - serving
2020-10-15T01:09:33.775543448Z  INFO  2020-10-15 01:09:33,774 [shard 0] init - Scylla version 4.1.8-0.20201002.6c43a0dc29 initialization completed.
2020-10-15T01:09:34.251310777Z  INFO  2020-10-15 01:09:34,250 [shard 0] compaction - Compacted 2 sstables to [/var/lib/scylla/data/system/truncated-38c19fd0fb863310a4b70d0cc66628aa/mc-1700-big-Data.db:level=0, ]. 81981 bytes to 76744 (~93% of original) in 389ms = 0.19MB/s. ~256 total partitions merged to 2.
2020-10-15T01:10:23.713440082Z  INFO  2020-10-15 01:10:23,712 [shard 3] compaction - Compacting [/var/lib/scylla/data/system/clients-ca0f635d863036098d93a1fc06f2a5e5/mc-7-big-Data.db:level=0, /var/lib/scylla/data/system/clients-ca0f635d863036098d93a1fc06f2a5e5/mc-11-big-Data.db:level=0, ]
2020-10-15T01:10:24.435603273Z  INFO  2020-10-15 01:10:24,434 [shard 3] compaction - Compacted 2 sstables to [/var/lib/scylla/data/system/clients-ca0f635d863036098d93a1fc06f2a5e5/mc-15-big-Data.db:level=0, ]. 40074 bytes to 6362 (~15% of original) in 637ms = 0.01MB/s. ~256 total partitions merged to 1.
2020-10-15T01:10:29.532433629Z  INFO  2020-10-15 01:10:29,531 [shard 3] compaction - Compacting [/var/lib/scylla/data/system/clients-ca0f635d863036098d93a1fc06f2a5e5/mc-15-big-Data.db:level=0, /var/lib/scylla/data/system/clients-ca0f635d863036098d93a1fc06f2a5e5/mc-19-big-Data.db:level=0, ]
2020-10-15T01:10:29.963350128Z  INFO  2020-10-15 01:10:29,962 [shard 3] compaction - Compacted 2 sstables to [/var/lib/scylla/data/system/clients-ca0f635d863036098d93a1fc06f2a5e5/mc-23-big-Data.db:level=0, ]. 26354 bytes to 6090 (~23% of original) in 329ms = 0.02MB/s. ~256 total partitions merged to 1.
2020-10-15T01:10:35.520914713Z  INFO  2020-10-15 01:10:35,520 [shard 3] compaction - Compacting [/var/lib/scylla/data/system/clients-ca0f635d863036098d93a1fc06f2a5e5/mc-23-big-Data.db:level=0, /var/lib/scylla/data/system/clients-ca0f635d863036098d93a1fc06f2a5e5/mc-27-big-Data.db:level=0, ]
2020-10-15T01:10:35.959234683Z  INFO  2020-10-15 01:10:35,958 [shard 3] compaction - Compacted 2 sstables to [/var/lib/scylla/data/system/clients-ca0f635d863036098d93a1fc06f2a5e5/mc-31-big-Data.db:level=0, ]. 26079 bytes to 6262 (~24% of original) in 345ms = 0.02MB/s. ~256 total partitions merged to 1.
2020-10-15T01:10:41.398892488Z  INFO  2020-10-15 01:10:41,398 [shard 3] compaction - Compacting [/var/lib/scylla/data/system/clients-ca0f635d863036098d93a1fc06f2a5e5/mc-31-big-Data.db:level=0, /var/lib/scylla/data/system/clients-ca0f635d863036098d93a1fc06f2a5e5/mc-35-big-Data.db:level=0, ]
2020-10-15T01:10:41.828789061Z  INFO  2020-10-15 01:10:41,828 [shard 3] compaction - Compacted 2 sstables to [/var/lib/scylla/data/system/clients-ca0f635d863036098d93a1fc06f2a5e5/mc-39-big-Data.db:level=0, ]. 26271 bytes to 6033 (~22% of original) in 328ms = 0.02MB/s. ~256 total partitions merged to 1.
2020-10-15T01:10:47.785489876Z  INFO  2020-10-15 01:10:47,784 [shard 3] compaction - Compacting [/var/lib/scylla/data/system/clients-ca0f635d863036098d93a1fc06f2a5e5/mc-39-big-Data.db:level=0, /var/lib/scylla/data/system/clients-ca0f635d863036098d93a1fc06f2a5e5/mc-43-big-Data.db:level=0, ]
2020-10-15T01:10:48.316990980Z  INFO  2020-10-15 01:10:48,315 [shard 3] compaction - Compacted 2 sstables to [/var/lib/scylla/data/system/clients-ca0f635d863036098d93a1fc06f2a5e5/mc-47-big-Data.db:level=0, ]. 26013 bytes to 5996 (~23% of original) in 437ms = 0.01MB/s. ~256 total partitions merged to 1.
2020-10-15T01:10:53.163611058Z  INFO  2020-10-15 01:10:53,162 [shard 3] compaction - Compacting [/var/lib/scylla/data/system/clients-ca0f635d863036098d93a1fc06f2a5e5/mc-47-big-Data.db:level=0, /var/lib/scylla/data/system/clients-ca0f635d863036098d93a1fc06f2a5e5/mc-51-big-Data.db:level=0, ]
2020-10-15T01:10:53.610940418Z  INFO  2020-10-15 01:10:53,610 [shard 3] compaction - Compacted 2 sstables to [/var/lib/scylla/data/system/clients-ca0f635d863036098d93a1fc06f2a5e5/mc-55-big-Data.db:level=0, ]. 26015 bytes to 5972 (~22% of original) in 346ms = 0.02MB/s. ~256 total partitions merged to 1.
2020-10-15T01:10:59.095582265Z  INFO  2020-10-15 01:10:59,095 [shard 3] compaction - Compacting [/var/lib/scylla/data/system/clients-ca0f635d863036098d93a1fc06f2a5e5/mc-55-big-Data.db:level=0, /var/lib/scylla/data/system/clients-ca0f635d863036098d93a1fc06f2a5e5/mc-59-big-Data.db:level=0, ]
2020-10-15T01:10:59.511827888Z  INFO  2020-10-15 01:10:59,511 [shard 3] compaction - Compacted 2 sstables to [/var/lib/scylla/data/system/clients-ca0f635d863036098d93a1fc06f2a5e5/mc-63-big-Data.db:level=0, ]. 25958 bytes to 5951 (~22% of original) in 308ms = 0.02MB/s. ~256 total partitions merged to 1.
2020-10-15T01:11:04.936498020Z  INFO  2020-10-15 01:11:04,935 [shard 3] compaction - Compacting [/var/lib/scylla/data/system/clients-ca0f635d863036098d93a1fc06f2a5e5/mc-63-big-Data.db:level=0, /var/lib/scylla/data/system/clients-ca0f635d863036098d93a1fc06f2a5e5/mc-67-big-Data.db:level=0, ]
2020-10-15T01:11:05.420925335Z  INFO  2020-10-15 01:11:05,420 [shard 3] compaction - Compacted 2 sstables to [/var/lib/scylla/data/system/clients-ca0f635d863036098d93a1fc06f2a5e5/mc-71-big-Data.db:level=0, ]. 25910 bytes to 6788 (~26% of original) in 363ms = 0.02MB/s. ~256 total partitions merged to 1.
2020-10-15T01:11:10.877968566Z  INFO  2020-10-15 01:11:10,877 [shard 3] compaction - Compacting [/var/lib/scylla/data/system/clients-ca0f635d863036098d93a1fc06f2a5e5/mc-71-big-Data.db:level=0, /var/lib/scylla/data/system/clients-ca0f635d863036098d93a1fc06f2a5e5/mc-75-big-Data.db:level=0, ]
2020-10-15T01:11:11.334249551Z  INFO  2020-10-15 01:11:11,333 [shard 3] compaction - Compacted 2 sstables to [/var/lib/scylla/data/system/clients-ca0f635d863036098d93a1fc06f2a5e5/mc-79-big-Data.db:level=0, ]. 26789 bytes to 6513 (~24% of original) in 371ms = 0.02MB/s. ~256 total partitions merged to 1.
2020-10-15T01:11:16.783101576Z  INFO  2020-10-15 01:11:16,782 [shard 3] compaction - Compacting [/var/lib/scylla/data/system/clients-ca0f635d863036098d93a1fc06f2a5e5/mc-79-big-Data.db:level=0, /var/lib/scylla/data/system/clients-ca0f635d863036098d93a1fc06f2a5e5/mc-83-big-Data.db:level=0, ]
2020-10-15T01:11:17.256347816Z  INFO  2020-10-15 01:11:17,255 [shard 3] compaction - Compacted 2 sstables to [/var/lib/scylla/data/system/clients-ca0f635d863036098d93a1fc06f2a5e5/mc-87-big-Data.db:level=0, ]. 26531 bytes to 6611 (~24% of original) in 370ms = 0.02MB/s. ~256 total partitions merged to 1.
