2020-10-15T01:32:17.019064149Z 0 1MXLsZNe6JOAo0ZHSqZllhziAvqWvEnDFV2MvP0QQUQSKULZklvty9bDdasIz7
2020-10-15T01:32:17.030480391Z 1 2zlxN1we7fjOnSNGxgZVNkXvNwAmAIwEbK4OkroVq0NaJLIycjymNkAHzZrhXt
2020-10-15T01:32:17.041811700Z 2 T7pTLi715XHE9LHrmjQB9lbMhBtcD3xTwIWTZXXO5HqQl1GGvXNDomeXddzZwj
2020-10-15T01:32:17.053101540Z 3 LojhmkttrLfUVrKD6yqV4dJ42BOGMjaWyi8a2J0yeNOBWRG10GVHhm7KNnpslH
2020-10-15T01:32:17.064370985Z 4 EjmiBOsa8F1rC5bRjwa9Nj3R6ubsKvqRiOcfKVZDkWmVZIo98nVcAsMuwDfdW1
2020-10-15T01:32:17.075858509Z 5 36pMwoodP4JDceIiLqYNl0lM3T9DKZjyi57yykedIOJAufCthnPTws0lKfJd71
2020-10-15T01:32:17.087372558Z 6 Xp1mXocxZJSNhxa3odz0PUsfFTb6l4G44DPOsRIK1YYUk8mRnzHZaYLJa6NeQ2
2020-10-15T01:32:17.098590604Z 7 2iIgvC68ruG3mUDjD6FOzN9nXMadX2BGWp97WPuyX2NMgIXi3qowfTZ844bSI4
2020-10-15T01:32:17.109145438Z 8 gOH4Hir4oNXNLf57GvaGfcvPxYn8FRKBFM9POl6jCWdyjCb6IrhtOhWep7Jr7I
2020-10-15T01:32:17.120396853Z 9 0vE6vXjAwKMz9hKp2BXVP8LzjWsex8AqPNVfSH6fmgvVw2RDB1cctvyz2PPTCf
2020-10-15T01:32:17.131572739Z 10 m7N05NDAgr6GxXqOA8akm5bpLPZRHGzJg6Q7uyoRZ6XFgMyJkjXDPomW3aRHf
2020-10-15T01:32:17.142778214Z 11 FZDWHpAWC80XqEYp6cE16fDuSGOEin9GOFE4hIY0ucwHyAwGn4bonkfQ4jJwM
2020-10-15T01:32:17.154072667Z 12 3zDlMXwOMi4xs6GVR0K9BXWTdSCv2Ub1wLnAlTiw9n1CyGxA3yAJyuZIMeCLf
2020-10-15T01:32:17.165390747Z 13 LCxjKJc5b8RD6ujtM1AZuFN42SJs9BkHGUCejhAFeVHwNJDr3fjQFW89ERXxm
2020-10-15T01:32:17.176546193Z 14 iYxXSVbVP6utbfabX66ubixVUKXEjK9ij5B0s2uPZoCnr1lGQzm9BRCpOQ918
2020-10-15T01:32:17.187803553Z 15 PxKC8ECqmvezNaM8bfbDvtVBzA7xI8tUO1c41R3y6bcwE43OJW605qWYjKg6c
2020-10-15T01:32:17.199084338Z 16 L6vv7X2EpF1IP1CMFmTdiYDHvZWSm6gtVODEcCqrMSeAYU8towUMHbe1Vu5K3
2020-10-15T01:32:17.210397514Z 17 8U6SXuYtYIe21Qsmpg5Y7HfJ5Tuzj4oHzxAkCeE8AmqzscxcgHt93iylfVFKc
2020-10-15T01:32:17.221724234Z 18 f5hWXmx2IseM80z6O1rwpfhfOPgTvMBSTAZtsgTkZj9RZ5NeejGHN2TNko8eM
2020-10-15T01:32:17.232962217Z 19 05jHCtmmR5i0ayEYhgcjZtSp0evYUGMzu620NiQ8AFLzaYxzmGHIPJyIrTcv7
2020-10-15T01:32:17.530145814Z 20 Eut7dey6MRwuwfG3qoc4VRdVEKt11SR4Em3ui0Brda29u7BXyJVwk85xhrTwL
2020-10-15T01:32:17.540756006Z 21 4Z5sVm2bXgr9xjZKj00cqiT71CKe5ojWaPxSlJVptNTgeZzP9kKmBFz6WRp1Q
2020-10-15T01:32:17.551815415Z 22 Q3AcDxJ4JNuLexNQoFI5tc2xynucrxstJ8bG8kYbRjnUjtUWdtytnZD6ctgfx
2020-10-15T01:32:17.562947632Z 23 LP8CAgOlxEIqT1YaUoXTnxormo8ZkHPJ9iY3NoPyawxTlFFhy6sWPbOkKMmvj
2020-10-15T01:32:17.574424810Z 24 GnLCLcwfa1TFgMRdSG5njFDhCdbiJdSuoRT673AW6NHCjRLGO3BEDB4gtaKVU
2020-10-15T01:32:17.585431104Z 25 n6fzHVXITeYujdgoUxE1kl9CieQhTNoV4QSafthtfqwqgc6XkQFdEC6H1NUWb
2020-10-15T01:32:17.596318938Z 26 Itxr6ByVmT6E5P6mEcFUlDRnCJNs9JEc1ojyoBuN8zCYwhvAJ0YHqlpW4ulKY
2020-10-15T01:32:17.607185798Z 27 ZzRKBnIEG7OyRPYFTaNXNQq7QsCTKtTRv3fKGChISLrsL7DqBlqSDSyAHyCL4
2020-10-15T01:32:17.618771609Z 28 x0Ra8CK4iefyVRQ3i3QiQNEM9yNWjcbkjDMeyrmT9ept8rhe1MGVPmD63qHvg
2020-10-15T01:32:17.630519721Z 29 KkPmLO8ONC1Bo9zHKQt1fkI2vlPXWhllZnnJHOpJrUZYAhp5uU3iAAWBNLrpD
2020-10-15T01:32:17.641252101Z 30 ySnbooTqWzvmaZNo1lJYX9iZB3CLbRdn7un1DODNPkXGaln4gRba2CQBZwdbI
2020-10-15T01:32:17.652147231Z 31 EFsTgCd8YwCyq4xqMojdYu4Vv9v9NwnPLrV4a1lG3G9AcKzFm1Fo7T6Uh5w1b
2020-10-15T01:32:17.663120528Z 32 vOrmAX0viDbwsTogc564twxxYP2BaSzBfWyE9BjkndtzBeZSSltyoGEgMftoo
2020-10-15T01:32:17.674924873Z 33 pFiVxIS1v6NP74ndV8ZIatutlKMrL69TM9E7CZROzRhdJTP2z5LZ4DWtMx40k
2020-10-15T01:32:17.686251965Z 34 lgskt7l8GDRTejAuZ7WnTuFHhg4vVOJRRFhLVEdaNuxOv5qpwJnl3Ocnjh6Qi
2020-10-15T01:32:17.697753582Z 35 IkWiDNM6L4Tzz67HdMXFRlaubPntwmjbulRD2sSkcO7ae3tNLknEnkYacNa7b
2020-10-15T01:32:17.709106698Z 36 NVQdzBje9Imm6O7xxAdTRFJsv56Qg9T0YkRgU0Vd3qCg2xnQ8n3FCo4rpS7aj
2020-10-15T01:32:17.720699678Z 37 fAMOAoa1JVvl2KzOcKGpfrZ4wrGo6eaGozhGrJi1S6XPWHnbnmLCxAy1pJlTz
2020-10-15T01:32:17.732083114Z 38 ZgLaBTVFekt298u837wm9OYrZKj0CRoobef4tDdo9OkYeH5qIdNSlrByZZpqA
2020-10-15T01:32:17.743524190Z 39 FC2O0Fz24nPiGSWYoFOshjemyzbd1uDGIlg77SJ1U3G5O4DvkiqtU3ImnzGq9
2020-10-15T01:32:17.753982827Z 40 kbD82gC3noqIWpsJrg1omotYl5Ot9TnympQNH0uL3TSlaGL6fWDi3GGnGdlRO
2020-10-15T01:32:17.765646621Z 41 y1lK882YBtUOR1wQ0xawBfGT2DSUYH5M2J2dBCkbTGb8VxcieRq01TzoalWL8
2020-10-15T01:32:17.775947052Z 42 PTSbvz8kovTNPovDqiql2ofqlXofBcVnY1MBLRHIDzlOEPlWDoRGjCt2nDAkn
2020-10-15T01:32:17.787739042Z 43 WbzhASoB6nBJSqOaBfhgrJPcSAZeg4v4ZYsxXbfyCHs38XImNG9MiUt9p1rof
2020-10-15T01:32:17.799204375Z 44 RBDdS5K9StpAMrqEVsiPBDPRrOO641rTZfGTVjPvSTKR7DLssxldR7yaVsQOY
2020-10-15T01:32:17.810967891Z 45 f0oCodIEeCOBEBh24iU8plW6GD14DNZYZUgrBjDf0YxcQGvaEm9HTc2mCC5rh
2020-10-15T01:32:17.822455558Z 46 FuS81CfPL2CfBZNpezQUX3yKaLaVlTVEIep5wjIGPQf9XIDVQcLXWlQYomnUi
2020-10-15T01:32:17.833268140Z 47 fbzrmao2qUI6ELj8QBdHlpZjbIlkARbPNY3Ka0YpZj5C9NanhOFZOatBWLflb
2020-10-15T01:32:17.844312684Z 48 DtCtY9XYKvo6Wi4JVEiZsX60jJfgRpQQo0PHFkCiQBDBO09qlbwAsLirHiP1Z
2020-10-15T01:32:17.855038631Z 49 pYGZNt49KWbmaY3ck3AmRkZTcUoWu9PBuuQvKWGJBD9uoJkKEX8vCYo8spUlm
2020-10-15T01:32:17.867178420Z 50 gqY0lqCjAHwlAnDO07i3YVbPoLnGgnRFgl9dA3oFq9i8XPw2NYY8m2n0kphgV
2020-10-15T01:32:17.878004448Z 51 ot5iWH3g6mcv9LsWE9AQL9G07qIVS9SLsbUPMxvaK6Eui845Zw9BzpKR4WxXn
2020-10-15T01:32:17.889635538Z 52 reavCXFF7yB7rTLBHMcHu0frjTjZphDMJRTK0UJXthu8jeJKQbCTnOaooXbXp
2020-10-15T01:32:17.900003826Z 53 ZOalGhqubCyYjr8NSp60nJd41KvXjWyBFUPQbVc0roTJDIPIAmWrkS0wV5UjK
2020-10-15T01:32:17.911374276Z 54 EWi51uzZhNHO8gwo2SAoXbDTpRnTgTJ0X4uQDQOAtWKGhUi0fJd6f4oWnoL06
2020-10-15T01:32:17.922005643Z 55 hQox4AJbpSgnrDiU3fgoYVfsTUWvXsid8c45mmuNm7TyANxztXzq8iUsVX77c
2020-10-15T01:32:17.933689535Z 56 TQi2Ozev8nu6rsf7vr7jr2ndLRs9RgTVO5VvU851GzLwh51eafpmQhQXJH3eJ
2020-10-15T01:32:17.944374167Z 57 yvPBC6xo2crs5PdiVn9arBEqZ4nVecLxOkFdHBaGlGhvp9W3kW3OEgmsnjrQ5
2020-10-15T01:32:17.955160484Z 58 7NsUdYvZv4WHoSrsOgyFNZt1FpuYKTZqrVc1feux5ZGXNJXmhK4MXgZwbg037
2020-10-15T01:32:17.966908860Z 59 ShCao1Zk9DpcAwevDCbFxX9Gl0INeMUyFT6mUnlS2Yf2P6Vb3ySy9gyLTTnAn
2020-10-15T01:32:17.977650296Z 60 pPzXPvDif8A5BGwPtHqokhGiizjtbYEkaDdZxzetO0FSaLTmCTWJVpK72TfOt
2020-10-15T01:32:17.989491700Z 61 O8oAV59mbda6YHvPPfUeDpeRx0Uf7D4oJqFtwNA8PxPFixxSiFZ3lxdjBgkB0
2020-10-15T01:32:18.000159093Z 62 doKi9h9QD4XXUgpRHPEIJb2J4ntRzFLHtNf9JD22NCXbmjso1TueR5KVU4IMs
2020-10-15T01:32:18.011837085Z 63 udqQcaoui2f8e1gHi1wAPu1B4OcyZBTKJhWw1TqOw2rWN5QzGHQrotkDRQ05f
2020-10-15T01:32:18.023468275Z 64 N2aoWpSmGN3B4dxNYPFdmlDzyMvVpmo6noJxx0igHroCeANJ0hIUH6jzF0CAk
2020-10-15T01:32:18.033957573Z 65 jkh0s2vyZcQpjbLVlhbb1svmbuHNQma8BsfFOxsKS9aOQhyQbp70igch2AwEz
2020-10-15T01:32:18.045014012Z 66 eC8GFplgjVX92oF3aDtTUTHNzUSTtXpwRV2k56HH3ot0Tm3KbTPw0FJPzoHZs
2020-10-15T01:32:18.056859217Z 67 0sLIhp1b1tbbpZpVzllTwfhSrKFct0IMJUf0korMeQavZmMmHZgpQOKx3Qzde
2020-10-15T01:32:18.068310706Z 68 UtLh1cYISihk7ykcOF87CGATwpFGCrlkzwFdZXnoTckgICkkg87Syhh93TARC
2020-10-15T01:32:18.079940728Z 69 C5pIiIKKmBdekauzcbnWw13IxJKFfWl6g2PWJqWz2ALGnezNFk098WlU0IISx
2020-10-15T01:32:18.090535821Z 70 egaKByXFBk6P1dZn0soT7M4EcPDtM8suCNEJnHsOzCN36tY8PujArq2VFM4Z6
2020-10-15T01:32:18.102221624Z 71 XpdeEnqweyCxvm07PgSv1xGWVhrToHA1ch7Sg8NXpTzEoobuuhbfeD1END0nd
2020-10-15T01:32:18.113442399Z 72 81gyrorhPbENu50lCwWVgh3XQm4WKgCrnqe0lvdbpvAffJ5N4emRKRpnf9bKT
2020-10-15T01:32:18.124753244Z 73 PNi440U7qEvrlspOQfuWBWNJHAXzoVFYnHzAtBKYBGpkYA3KlkxOuJrr3o4M5
2020-10-15T01:32:18.136847735Z 74 wCn8UqZgtXHZmn0lEAQ4ZIMq2VdnAwdH9Chy0DHn4MWFwrgG1bsTgxcoKhAgJ
2020-10-15T01:32:18.148557672Z 75 sZfyIAk6URU16n4cgQwkAAsgwlBQ6IGrNDTbq3LXtckWcAmq4E6742Mx6LrqY
2020-10-15T01:32:18.159296143Z 76 eZNCL6hGxAJphIKSkb8am1FtpnKm932INPjUSAYPdbdxOk7fmqMk32vkn5OOe
2020-10-15T01:32:18.169832313Z 77 wnBOjiFedsDniNJm3I5x01xn1SyGHSxfdE0lHzpLruNkMg0HMOGku6yST5gi7
2020-10-15T01:32:18.181209209Z 78 pBjKyyvOpFF149no0AF0OHgcjqA8DzovPFzZwEy1VnqyeBnndFqwNiUUJoGfj
2020-10-15T01:32:18.192730932Z 79 3ofWOk26e2zYvBycx9DjgBUf7gyCIPeJ4cLEu0hFpyxy6SKIVnNCJGcWg3UvY
2020-10-15T01:32:18.204473896Z 80 EljoPxWXln3271WCl5a0QKVpbL2jJEEYmAh0iqadsKPt9HzF4VYTGTPgIdav8
2020-10-15T01:32:18.215047806Z 81 Y7bII0ZPRFRSlQWlIMin2ZbyV5x5w6NwsgmizcVKde027CyvfF6q3wULagN8M
2020-10-15T01:32:18.226697355Z 82 skF6DY49Ih9Nvv152DAQNqJOFfxlDPzFwuHojrRQqgT5A8WH8BjI2XVjWGO5M
2020-10-15T01:32:18.238700333Z 83 yiCMNvc65ssZq4zukgljtw2DxSmhLjcVXRKp04caS6SMo74jLFRg7rR54tWWX
2020-10-15T01:32:18.250330954Z 84 Q3xDWo6NRUIRZwxHhM0UQbXn4d3DGk6UpgzvXZhPxtpxV18IoM0B1mw3dGJMm
2020-10-15T01:32:18.261956701Z 85 JtMjmZf1WT70nAETwa3RU5ouVFrzsvA24KCzLRVXRzUnVOqOBJUN0rYIqz3GB
2020-10-15T01:32:18.273437323Z 86 PN7pK3A7wT3jh407XX8PvvQUf4JLTnkYHux69o7aXgBdcILWw7Zd6FeaA2MlK
2020-10-15T01:32:18.284134838Z 87 Xrec0Y2WwnkenzSYlto3B03lUJFPP7sdL3YGAY6cxxAAwuNU21Hg7s7JVxIpJ
2020-10-15T01:32:18.295212890Z 88 UNke0zDBGNAfm2Aup24blVXMNyk1UsjNsOyojbNxL0o7Pofi2EFkfipTGSVsT
2020-10-15T01:32:18.306737733Z 89 6qrvI2FU3e3lTVTgx0CehaYfsI1o9zfVKckLw5TG3pw34V8wQswg3SxwOjXro
2020-10-15T01:32:18.318467984Z 90 MF88nBFydumUO0GdHAu0hOhrDDIIbJfh6BcVPpei7eRnnqO2MObW4hlJdP9ov
2020-10-15T01:32:18.329131985Z 91 sE8IPDeoSZ9XWWHrXaa39CKqweYrbmU6Gx9w2Io5IQb2cXi6sg8pyrFpHCpyE
2020-10-15T01:32:18.340610217Z 92 Wnkj4ivfwLQTm2m74pC05eKjxOny4QUaMEwN7S3RiNwYIIDpZjKrciFpB8fGv
2020-10-15T01:32:18.351356793Z 93 8EluQpgi2GbcSIiP5doBdMBzseKMRi6tDaFbB0Q6WtFlG3G2v9z05g3gIZzJA
2020-10-15T01:32:18.361626423Z 94 uX1reHuikkuj3WQ1Rtp7kzoobYpKgX3JF2J5LyRMn3yQqt8RQqVT9a9YTvCml
2020-10-15T01:32:18.373226466Z 95 1MmZ8HIRAUwER5RPy89lXzZvT8Fwti9nyZeJkhTbdneG9l3bncDkyjlh6kzd4
2020-10-15T01:32:18.383944067Z 96 1glQBJoCBxjIm7zvNCOMox016ZUO3yklfXTF5gJwHSquDXGrnKuocMaEJc7lA
2020-10-15T01:32:18.394989376Z 97 LshhDdLSvzMrWCnxyzSYZ3WKlCg1bkcqpZSdgVRhLyStrSWHxQDAguEW77rHR
2020-10-15T01:32:18.406586742Z 98 Mw1BeZWgvc2bcyvV9iJPVblJPPEw252blitr5qK9EhoY6HY2L6CqT6Bvh89BG
2020-10-15T01:32:18.418323213Z 99 lLYd2FmtbC6bOYDd001oeEbLoQbdLVYaytgkyXiQq8Ru55xJ5HEfsZaeWfR5Y
2020-10-15T01:32:18.429034012Z 100 b4xBlH2UzdB7dMhkZI5kBqPK1zzJzhV0EUAtruGBB2xTxNtiHAjmjNQMTf1F
2020-10-15T01:32:18.440316690Z 101 mEvydXcv7YLGxIrdjy7zMXy8QYVEpkqcjTeaFiQSsgf2UZHzMhvno7zBNn9y
2020-10-15T01:32:18.450937795Z 102 iiXD7DbMBb4LjXiPYM6HurQUlAn810EsbYPUueAWc41kutdIwn8ejPGBuP7g
2020-10-15T01:32:18.462617087Z 103 wgAt3NneRSgU5rmwKX2qqMk6vaweO9PrGOiqsBqtDG690q2EdpVU1HLBSgDP
2020-10-15T01:32:18.474287323Z 104 ARIFIDTzs1gKKUjWujK24bxYVtxdtmAOogZdzv58LtnQ7FDvuwU8Jf5jtsmv
2020-10-15T01:32:18.485041355Z 105 ypvXwUAuCqcbCsC5ZqNKi1BIq656hlOd2YkgtWQT2RQSOwyrANaDxwpm1aZu
2020-10-15T01:32:18.496531215Z 106 IRJjoYvJ1lOSmA6VAzTP4RvtYrbDyzpMLTMYrbOMPDG9bWv1wll5y56qcf9q
2020-10-15T01:32:18.508114593Z 107 jlH46weYRwwE9SkUEfkmPrNJ29sPVgQSA80rVQ7IX2IrL29wGTwyDDzDJmlp
2020-10-15T01:32:18.519496797Z 108 HzJfDpveutjXJnoentjpWDYdbkmEONQXFLgz4SwSZDjfjrTvNNMzaij0SYki
2020-10-15T01:32:18.530187645Z 109 Nl3QFyb7jHMD1IhRYJe8DKqa1otEERDSATAeBeUur8xNEKtHpXCRvndDZd8O
2020-10-15T01:32:18.540980958Z 110 fLka1bLkPX0KdNCPumPc2bcv369yxYBJUys2tVMooq61JM7WYTUPvRgnByZ4
2020-10-15T01:32:18.552871122Z 111 W6lahrLXmT0A1rkeOkcAO5kx7fzgiYLmkxAevrVHvNdrW7MSND6yBgUVJNLj
2020-10-15T01:32:18.564571632Z 112 F1ndrWGAc7HxYBMujY3F1Fvei0TEKHTq4qhkdgCuey7ZkqkyVimjNUdqn0Lk
2020-10-15T01:32:18.576249570Z 113 ibCfIwqvtkap6ewL4m40O2GCBViWUyTs3Z3zWMGy9Q5fFXgtbokO8SF8FdgE
2020-10-15T01:32:18.586774266Z 114 hC9KNRZdXTNdr3OfeFEKjPlGLi7KFVuMsJLLwlLEAy9tf9FVqAyrWjLcYBN7
2020-10-15T01:32:18.598692622Z 115 CzEuWiZ16HRBiN4Txpp1gegoeSUFAbl4M4SPppR2gYbYFfFnevR4L44HRJpO
2020-10-15T01:32:18.610421624Z 116 Maasi4QmaXpyrBFkE638FfX4qSKd5mqQp7OocycChGdJkzu0rep4uLSV7Eg3
2020-10-15T01:32:18.621331829Z 117 LL5DQCAir9Vx3e4T1UhmN1m050MexeFyC7kzpU3wV3mN2sKD4Exl36ULNkfe
2020-10-15T01:32:18.632924654Z 118 wAGVr9V9CFjVtnRArr3B2Y4tMEd9WUDKEvwwXkdQs7lO6djfBLWzUKhslsrA
2020-10-15T01:32:18.644271808Z 119 K5xlUT1jO6iSAZoDhhTnwZm1hTf0miZQBwMSypmQctulQbKFlPUfq2Mb4f9s
2020-10-15T01:32:18.655433233Z 120 NR5mUVfOxKO47AF127aZiRDuOurmLPdlpviycXZ8YsxRehlKdFmYgrHgj0Zh
2020-10-15T01:32:18.665577556Z 121 e0G4bbGKl7kxAtHOuymL4gtF0LaQLCCOfZWEhx2OdfZTm0EnRNZ2rgZeCE8b
2020-10-15T01:32:18.677274796Z 122 nmgfLMabBWyvU8NFGLbqu1qhIkY6mxgOxWBeZZ78Fnwb29StMIiCKAfm0Z7q
2020-10-15T01:32:18.688453660Z 123 DdL7RpFRt0651MJG7lM4jiPN5nffMlujOG1ZM49tuMQp71Vk4udm4hmRRTDr
2020-10-15T01:32:18.699234092Z 124 I3jtQzcnBrLzdH97JE8966P4IToEiKDBi7EZuqjCXzo8lVlnzHTJGYKUB9Tl
2020-10-15T01:32:18.710724575Z 125 UZy64itPRsN2ajkFBfP5CiOaTqhzVtpbOkTYDoAslFL8P4Carv6v5PWfTrkY
2020-10-15T01:32:18.721828551Z 126 nfQ1uRxVCSYFgvN7EWwRV93xKFUpmeFv9kP1RXJzKA4qFFUjDfotKBlI1qCK
2020-10-15T01:32:18.733462576Z 127 RBboknMW7GOSBBxIIOAhgJnhOF7lheFxVMUWrmACpm9CFBSLcasVKe65rYu4
2020-10-15T01:32:18.744071587Z 128 rvwBj5IL89FIcIFey7ODd8kX2c5DmwsfHCDD0TgjVDBxkOTADjPHAEgUIvef
2020-10-15T01:32:18.755667899Z 129 v78rp8ZbcK2yGqSBTKNbNNatdr8wPna4c0QJVY1R8wnqzTf86HFWtmmSotbs
2020-10-15T01:32:18.767411423Z 130 K8bKCZxqm3wyvZHNDv8JmOJBNNDiyr2v1dnghIPFoQMQ6lnk7BqAaa8CLBVI
2020-10-15T01:32:18.777917256Z 131 nGmpHKk9bPYmmqWA2FEVXQY60Bf1DEhrrU9GDGNRHAqXgweCm0wwmuJIJiJV
2020-10-15T01:32:18.789573694Z 132 LytTMarNQUnMVYx6OUUu2sLCG3bPRfzYmXJbUMWFMcTL39MiVgmuNfMBvJr2
2020-10-15T01:32:18.799989429Z 133 wi6FtrfLGM2Dd7SHDEr2sshF7iOyCgagSAtNf5JrO1nUK7yiRaTlsR4IOXXh
2020-10-15T01:32:18.811881320Z 134 BhRAxu5y0xZrgqOGZOwyztv7MWKccLTqD4rLR0Tsc2oNdjMIiTOha7ORQgme
2020-10-15T01:32:18.823870295Z 135 rjhmW6NaKJaha2FMZPVE16U2dPm32fRK3lmx0Uz2s6RsJc4gNjpIt1s5kslX
2020-10-15T01:32:18.835535694Z 136 QedhMrhpRaznpeM3saHiq4BsYRaqg6a2b9BiKEYpKyI8NOXVXTHzrP0fUGZO
2020-10-15T01:32:18.845710580Z 137 AE4zr8OwObZPJyc46FInx6pYCPUy8zlL4AS2gpEX68lomUa5zvI5X8eYSTTf
2020-10-15T01:32:18.857448563Z 138 BRlHctEHdNSDKKVGH75YxbFtJEKVHRrxgBtnKLOsAb99lxR8V7i89fNnZZU2
2020-10-15T01:32:18.868035058Z 139 OcEkPyiSRBcQDqat9cqdxTuSlcy57bCrZ5eY96AZjUKujpOiePOThF9fwOHr
2020-10-15T01:32:18.879826391Z 140 NwEsxFRtoG6UivC3fz4iBYLspF6xFRYNEvDVcKSibFu4tj1P6PALWkPpDRr3
2020-10-15T01:32:18.890872006Z 141 glCGNzXnsCVtvZNODIin0IlxK1MslgL1u05UUsUCXtz2SQbU7XGQZ2VgeykV
2020-10-15T01:32:18.902635944Z 142 TvW4QIozTJNnZ3Yaji4xE5gSXCVw2uXjzN5VYvesMmQeMO1em45D6FTD635P
2020-10-15T01:32:18.913195900Z 143 o9AS0I5TjWfv0DALPQDd109X8EIC8coRP6iyvhk888E87ZeAjqsL5Y9KHAQR
2020-10-15T01:32:18.923565155Z 144 GQmDwMA6OYTKO7hJDWDZIlWzZQkP4zMNirI4cOLZW0neTWmApSz20WKYGbbM
2020-10-15T01:32:18.935702247Z 145 XLy561gAdlA6ZY45E3nkuvI8Hi8j4kQhxY6Dkl4L5sY5C2fOTKyypA1LlW8N
2020-10-15T01:32:18.947511454Z 146 pl39V9XxzHVDeO7S977yUG5123wVuQ2UhCB9MA72htToOGCf1JTpr1nt5eQB
2020-10-15T01:32:18.957914587Z 147 aX1x21HRggShAe0GFiF5fUsAilCeOp0hoODZrM2x2SMoUdVInJGVTimgXKqY
2020-10-15T01:32:18.969729635Z 148 yhvBRHJCSynyLGLLA0OCND9irxYxcmfpFa5EutVV0JS5fH781EIdk8AdMSnt
2020-10-15T01:32:18.980855463Z 149 sHNStN3svpKw4RnMOos9zUvzNtieYucCGYsMPqgWmrsY5QM814y0vXfk1uVQ
2020-10-15T01:32:18.991357811Z 150 7xCxQ1xMjH4u8ckhtIdP9s1twCBOveGuw7UmLH8ZBBLlvnG406qAxVU1sP8U
2020-10-15T01:32:19.001880491Z 151 EWrpMu4tTbL7PWtFX4Mk1g2MaI64agrbbvE14Hxu8IkHfuN1uf68yQw731BP
2020-10-15T01:32:19.013464806Z 152 dtcT3cSI6BmZvnFZiqZ5ucqhhoW6B1CgZOMreCeRRy5D2qGt41jiGnMNIAee
2020-10-15T01:32:19.023998189Z 153 WYOgHpiPuv3FbpPFMJxRQFwhN1LQTFt7b0QBPFFioHmfANyEHKv5tJcj8BQS
2020-10-15T01:32:19.035664389Z 154 K0BlO2CGl5wF2y2t4HRUxqxcWfs1oclPpTnzilfYyNOLXya354s0EPYOnfZG
2020-10-15T01:32:19.046579684Z 155 7ScpJMOu9ED4CWSIyFQdlntErik00hMG1EmhoiJl7lWXSoQ58Vx3RCkm6jED
2020-10-15T01:32:19.058415704Z 156 zBZWynMSKU94skhgWr4iLUCYzp37g8rOIjVtfxBG6MkoOAoUUmos0eHFqLG7
2020-10-15T01:32:19.069197077Z 157 1A9Td9mNY8IS3rDBXITPxC5HNbYOtTq5SuznQYnThn3Sgp9gHAIN9FMHjsW2
2020-10-15T01:32:19.080704840Z 158 5RBSN7HGzNnlhOS4VmLPxaeiI0sNVdJh5LGFnV5o060v1xCoETOGG2bsNOZJ
2020-10-15T01:32:19.092561688Z 159 pKZOtwZ6puk8epYHhdLBBBzYkHeYlwQf45G3BPNJi4BhxtZ2mKzoOacPEVyk
2020-10-15T01:32:19.103366987Z 160 hyvAlGa0cKUMDM0tcSlIY9HPPCLz0dhvPIWCNxHe9DTXhmuapEcE88d1df2e
2020-10-15T01:32:19.114560102Z 161 u4RiXNLzbLDV3r2INVArK8DwO6IuNCRQ6atuq9nPAROWlsfYwMBlBluXWHLg
2020-10-15T01:32:19.126008819Z 162 lDg2zoEH53yCwxJrTWwkJpaI8OpR8VWfCwcUYdNOB4swYJgKR2n0mid45veK
2020-10-15T01:32:19.137907228Z 163 IaMjN7brl4y3HF9AfaNy6aweqAoejsKJhGOv0tvgbg7UMPYoro6zGelfCGKU
2020-10-15T01:32:19.148737369Z 164 1FlaIkIjR7WFUWW9WDVQPaWR7jyeYTg2qATrUyfy6UryJyamUi6vCzMDVEvt
2020-10-15T01:32:19.160088195Z 165 v88tKf0NsiGshH2g804sgtc7lCOmBjqnmrFwqgALEcAzvoCF7kti9dwauMG8
2020-10-15T01:32:19.170634808Z 166 KlKG7voSWg4kn0HJVcTjsS5XD1wzYdFWcEQJqiLoB0DrdF2W4prRhrJOJSkG
2020-10-15T01:32:19.182536320Z 167 AxES0GW1PEIKexhcjjB6IHFRwXTPFbhAtlPJflkoFx1B2WVFF7nAs0YukJYu
2020-10-15T01:32:19.194295921Z 168 8gvutFPka4DRls4VoocoN9nUGQl8310PYUyIl5YAeoYNp8gYG7QcIHd6wcMw
2020-10-15T01:32:19.204718115Z 169 j7Q3ERB2ttk9YNzCB5GIVDmp8VNmo2d6WeXvehiTpCDgmhEs2Nof8emHm4Lq
2020-10-15T01:32:19.216278973Z 170 U8otJhLN1tI5v14GlwddHf87tUpFbUze7x0cWGN4kVJKE3IvhL3uwvFAsXCl
2020-10-15T01:32:19.226969951Z 171 zvSPEFATSiG6GIOD4qVXsZwBp3tINWH9Px7JpqAGJYanrbeTJX8n3JPcgRQU
2020-10-15T01:32:19.238645937Z 172 OUAhjfr9yrfj6kU9YhUyddcPyOpwwRSHZcYEjx2iVgIORLLbNv4SJ3Lc5VI2
2020-10-15T01:32:19.250233477Z 173 dd0BJjsFo53wHhZc6qm4Hg9C0j9Fde46z43nVe9x2cwVM6jpMqWFlGoBMbnE
2020-10-15T01:32:19.260814281Z 174 vedYU5z4pV33vR1u44ygJSnrJD8qpgWDftB5nKGOtbKvzht9PdSmuvoGI7uU
2020-10-15T01:32:19.272734640Z 175 M8YK1hqcu6eaE7LXce5eeUTBfMIygBT8eYglEMBDihoMG67aiWigQWAygx0y
2020-10-15T01:32:19.284727492Z 176 csgecpu9yDMk69F6BaBggDOJaCmQhHSjgkRONXjbmizNc3YPyeViDNE9EGr5
2020-10-15T01:32:19.296752721Z 177 AuCNvuTKLbS235reyrvub3aP5T86BzrI95Nuj6gXPKabdPNTFcfgQ4VRquqo
2020-10-15T01:32:19.308030524Z 178 hcLmvwZWucDbbsQFtKnjFXeA7SuUZP7MOuvBVz3qxrbBH2q4JZWNon4JQQgW
2020-10-15T01:32:19.319170997Z 179 t1MRRINDkhZcEICYkm5WhwMJ644Eq3oxLg2kDFePKYsq3eMovk3EhUlsrosO
2020-10-15T01:32:19.331227105Z 180 rbCdjsx6YsIw5rOUb8Wztr2sxsnGEqhxPZR9gz9o7GwJYI1BWvwhsiMNmqxE
2020-10-15T01:32:19.342003352Z 181 B4OtLScUYtb96JLFK52RvEyYkBdNvk7VKf32QCWHjl0JiM49oFcPYFRjoMd4
2020-10-15T01:32:19.353823951Z 182 OYJmk5AEpbzFoU0EPtzON7EgXPkhocd49vpvbrzjH2aF14zRV44UOrWrB0nR
2020-10-15T01:32:19.365721368Z 183 UielZNEG40X6UViUjOSXz4hLyfWumdd1hT9pkt9JNuIvCwmO2Xlo1PqY5iTm
2020-10-15T01:32:19.376163513Z 184 nSiwLueDMbpU7ouurfAeDLOTI7oQugAauUtCd1Nr3F5Ao89Tr72QRwAYDojz
2020-10-15T01:32:19.387659701Z 185 0Y7CdJUWZPlGWjeos1fcKp22QAyP6qEFE29fsNFySvNUCuOGcMpTYvBiHEMP
2020-10-15T01:32:19.398980379Z 186 LZtb5wFlbKDhhjipg7JnABUbueyrYYeRo67mubXeiHVbPNV15qIVNOVHUCTb
2020-10-15T01:32:19.410653845Z 187 oFzZ4qASQFnQNMor7LdOlAbsJQYLMpaaEO48R1qGf4o53zdH4H2lQXSuMMUd
2020-10-15T01:32:19.422240028Z 188 luBB1pIQR4cilKwUvxeddkqLKCXe4GYPFPtH4yETe7qsbq6S6xfltB9EdvXA
2020-10-15T01:32:19.433248049Z 189 WQbnLaOlxP4RK7PzXJ9dQ05JOU9j1q7wjtAUTUkYwP4gh96WHqiVbeQh8Z17
2020-10-15T01:32:19.444875668Z 190 y1cFIiXuM6sDM3NtPSCzzr1dQOG5pyTdk4t5yXBCEuo27blDTVETeJhWB1k2
2020-10-15T01:32:19.456225774Z 191 53Cl3a1M9VtKdLlc1qQsoKouMWkqBaImBIRJAFjtkPWinPD7dfR1zJp6dQMN
2020-10-15T01:32:19.466884496Z 192 rrwfA7LFLCJPU6IBYBQiOowmpCfyqh1CfUaF2oBH5RyLLscCenI25I2fG5ue
2020-10-15T01:32:19.478525942Z 193 N5KvDAN1G5dti6ElCMIiZzDBGK8jymxZH8vqNR0L2PZs106BaMJtwp7su3fp
2020-10-15T01:32:19.489217187Z 194 gNttiEAxVCosO3VUvaYWTi5aMWV9DXYw0tbRLWGZORJeT6ahve9ujfVKsHbj
2020-10-15T01:32:19.500007322Z 195 Xpp2UvsAjqLD1I1yD8DxPybNPgSsv7YvzJWgEsLZhibdyveEmou4Wwx5we9j
2020-10-15T01:32:19.512220552Z 196 na85B3qu3297UtZincQF1JTPB91zxRtLl7WXN2D4oQdQs9s5EQwH6epSOsU6
2020-10-15T01:32:19.523556974Z 197 J9z5SLUqHKiOO1wuIRd4HBwms2bnh2cCAfLfRvItZzGThfOWmPhQWY0kuz0A
2020-10-15T01:32:19.535107524Z 198 bzbgjtgulbuxOFdntyjqUV7bULv4srVt22NRsG0za0X2UTw1N04EuYFQhS8d
2020-10-15T01:32:19.546575226Z 199 HM6noDZKXYD7tWJ0XVsYctVLkCDXUN2OD891ol73Gu4FEjWRXodiCeScMooI
2020-10-15T01:32:19.558452283Z 200 88mjX7iqiQfx5UBOOoo4XQw6bpfVo5XO4BiWve0jz9vkNnCVe8a3POrDwgFR
2020-10-15T01:32:19.569066007Z 201 Gcb4lbzHJT4Z4bqs8BRIG987RWEkMAwZJZB31e8kPszzxKFw9cVSTtobs5S5
2020-10-15T01:32:19.580924117Z 202 uOf7hR3TSdNGSPK8ZcyYokJYJ35zF3jpjEbhwpcYotdI940nOKUCa9goMoVb
2020-10-15T01:32:19.592501792Z 203 QykoWPbW9iaFlF6RF1iuHatPlvXNk8mEtYGB1cWEgbtgi24sE2lfL2D5P1fK
2020-10-15T01:32:19.604310648Z 204 IvbxMgGwBeF4apjmiMBm0EHkaFbgIWkispFZj1py50K0EHIxI70C7PTfVEPw
2020-10-15T01:32:19.615033991Z 205 edvxAeVa52CLmzmJTOlDAdbkODvibmdGgT5jDcJsDnN1UDKgoeu5kbmCLVFT
2020-10-15T01:32:19.626927997Z 206 igzMWQYB9s3WXCMwXIEwqZmd7Y8gqM8fHttKxg1EMn0gvC0y9bQdtrbZ4S9i
2020-10-15T01:32:19.638781616Z 207 DVm0RjjeghFzPa4bDDAKR0nK6KFoKbQ9JZCtyQMXYU0tFnMD4MuU8iOe91Uu
2020-10-15T01:32:19.650575600Z 208 uExqz0A11NW2fZ0j3LPHrhN6bBUGZxpHxozAeK4awC3Xfd0dxLpSLTcJWauU
2020-10-15T01:32:19.661008207Z 209 d3pUpMjJj7eo93K9pYxONOWXlNMy8sYWhkczIvvROcV7vL7wke7Ik7nbJmYE
2020-10-15T01:32:19.672477605Z 210 Vf1FkVsPbua32059b4jaRbJpXFTuSvC5LQH6bcvQFNnJ2QUHdcKkoWy5axyu
2020-10-15T01:32:19.682934506Z 211 WbMTiXyNMYxzmFvd7OUfRM1KQDtTppY4PuR7V9kBJHXdZKLdeiKtaZwiqIov
2020-10-15T01:32:19.694438465Z 212 EX5dptWsInbXiMIcmaYDKbRKpHwVlpm7nIAPfh56cPfwLSeekN5NMqPwBNb4
2020-10-15T01:32:19.705093385Z 213 81MfTqIEFmM4LQwFv7DNYQDBN8D9HnbBCkzT2D5qOjDpYpgKseoqk4QomtHQ
2020-10-15T01:32:19.715948287Z 214 3sTOmXstTMgpuHByhcQ9yZ2JsBtfZOkI2IHQkHVKuWVLpCMBckIbqlhpwRMK
2020-10-15T01:32:19.726873327Z 215 5Ms87WlxJjvACPGwREWO2X5btQU4wqnMUbzuHZYzp0JqrEdIQFf4uC2a6D1N
2020-10-15T01:32:19.738298889Z 216 EJ6GHwtzVW9Qty6y4IU9xaPagWlTc6fk9SBJ8Zs8wt7OA2FC02GYcUQ9Ce8S
2020-10-15T01:32:19.749237725Z 217 eehB6TGeTnNnm6bO7xBp9SqY2q7HYMgXkMhh6QxC5eIjSFLNWUDCOCe2vyMq
2020-10-15T01:32:19.759789371Z 218 Yh2cqwfuGEAUFEgCmG4jTdXlRtASgllpHP3fDL8Z1synGAqx8UDyVhkuaSXV
2020-10-15T01:32:19.771769168Z 219 XcPIKiE2TK0wsj7cf5Qptxw6t7HPWjRvzJcfPP5Ip8zHCDw8MXSyAvim62BW
2020-10-15T01:32:19.783506707Z 220 Y4JiHMrrT7rbAhPUoZ6oGMHCgVFzYLGbJ8kiTTMfU3GzpYIb2mTkkNFi3618
2020-10-15T01:32:19.794272379Z 221 0PrKmeH1XO2hpmrr0KFguhVIkocu3ioLxbb45Qeiz7c6ereB9i2r02JuAxtD
2020-10-15T01:32:19.804944705Z 222 jlEgkrOPPNyuC0krrpfKFFoD62CgCQbJBZo2Djst4oOVK4g0B0ih1mNy9v49
2020-10-15T01:32:19.816576732Z 223 NdSimbvLnuq3FchmvZwTKoPFtRphqyU61EffDliv3gdWNabx9VGbFKRR0Q6A
2020-10-15T01:32:19.827663483Z 224 dk3EuTFaymmIXnneU99DRwbjx8fvjqhHZ847IsIh90jb9pe8DXp0GglZiO9f
2020-10-15T01:32:19.838315350Z 225 wwjcaAvE8p2SNrIoDPzpZvOE092i8pBhH2Xt78kU1RJGf9yp3GLNrmmVYwdH
2020-10-15T01:32:19.850323726Z 226 a6HZkyfafsrfOkGodo0JaG8wFZAqJbhaLLMtewLaosLLQzroKSf7YhrlAxzS
2020-10-15T01:32:19.860812306Z 227 7Jwzv3naYfAggbNsYE1Bw3Neo3rNCOtwO5r1fQva6AWylpWM4SBF3A0FXpHV
2020-10-15T01:32:19.872296591Z 228 ZFXzrG5JaLAlrbAHsyrnpOUS11MmdrhivC4Qqcgj7MLRL4yJm9FhajjoIhtr
2020-10-15T01:32:19.882964902Z 229 tp1gh0tLr8q9V92XuxUGORWPuajir8FUCPhCeq62YjN5Vh1j3GGemPsgTlNk
2020-10-15T01:32:19.894531446Z 230 GfzbdP2yflYf6Bpb7UfRM5qQ1OzTXrckTIO3TBPAjdSOC9n3KBJEbzg47ANk
2020-10-15T01:32:19.905299353Z 231 L1IK1rA2KETecOiBz7hJv5mBz7tSkaPKKBrz16X0gQ1N6ZfCpjeeNNTRM3xI
2020-10-15T01:32:19.915929766Z 232 MvXSFOnyZyG4J8ULG4ty1wYzsBnSAUKys6iZ6x4fkYF3U0DtmcwX8qbmsaQU
2020-10-15T01:32:19.927374593Z 233 YntTeLkXlMOIlFdMgP9EbgZ8IqN2NxtGdMAaNfY28CzFm13Dak5h1FoCiyrn
2020-10-15T01:32:19.937924106Z 234 Ol7qiidVC7MlmuHR3HnwkKmcrjGDk120KdYxxq9vGcOVQqoZAf5vfRRTyetV
2020-10-15T01:32:19.949691801Z 235 cY8OS3kuSYASkqjkxX1oVQxt2EvOkthwfl68DgFfXdK2ST6REAYlQV4z2ylR
2020-10-15T01:32:19.961142996Z 236 EZ0NW0uh2fgut5mCk94zWbFKE8Co7HiTyLGUzqisT8QdV8Pg7CNiBtf6PcfW
2020-10-15T01:32:19.971169914Z 237 a3jdwsxwTy5MeFP1GSqK0xZVJvT1tliaIhnlOt8MsI4FRFeeFHakhmBXUiKr
2020-10-15T01:32:19.982769672Z 238 9DEXpP2OmUCYLYlEtLSPTabM3Dy7hkM7dxi7uJXI3BMAKSVbvN7KI4DVainM
2020-10-15T01:32:19.993983806Z 239 cNslOdyAZBNADusHRFzLINd3IwVHZt8AWg5up8tJT6Voms5AyZ3fuSAhLMG1
2020-10-15T01:32:20.005794278Z 240 s6M1umaxDrLuFoRE8aY6Lcj4BGoQkszlqetyIfp3b1tJIEFR3lo8qI97Vtxv
2020-10-15T01:32:20.017674917Z 241 8FwGr9nc3ECbwrYo021S33ihP9piMV4iE08o9x5ZOCG7xcl3ZF33NZDr8F9m
2020-10-15T01:32:20.029381944Z 242 ZkrZn5zTjzykN6fpbk0UsQgW9k8mhJQwOA2ysRX2TGQdFpfxPAFxCAB1FvE9
2020-10-15T01:32:20.040708338Z 243 0Jk41BylaTphzMQw260AxvTwgzHeTeLvZLqu3KuRI9qQCVjKYbtAih1ft8gR
2020-10-15T01:32:20.052021337Z 244 yPkYdsq9a5yTqG9C1ykVTzLV2SkNkxwpoz9BSiK6quVIWEuqJOmNUH1msc9u
2020-10-15T01:32:20.063558063Z 245 orA1VJNlI0lIncCOg6n1G7kkRnZ9qrBEv2QlourOJBZ7kHyh43mEReqBDIOg
2020-10-15T01:32:20.075335962Z 246 SSvYVDiavlTPkoO7zieKNIqKLDFxEwtpeKBqnWQ5rCKmqdEHXQXvgwnDOR9o
2020-10-15T01:32:20.086004667Z 247 wRl6RfT2etYtAxKW5YrD9xYDzqRzIhFi7sczpsFuIezo2MllTz4pp26kF93p
2020-10-15T01:32:20.097132150Z 248 grGtUpvRp2yvBxhi1Xlbp0KKXTa2mgcHKbL5DTDFphOnHK0u8Mx0WcwZjLYA
2020-10-15T01:32:20.107926573Z 249 jTYNFZlo97AaFgsnXzKbNZNDZbcm5fNeDeuqMzGjoXzM0q5ISvCgQu62vyRu
2020-10-15T01:32:20.119581593Z 250 FsfX3DN8cmZlLWCHd1hytRFdT5VWIdLWgN6SuGZVx4nOJw2HuP418ZmhCyqg
2020-10-15T01:32:20.131176932Z 251 mVGrUgWkMFoaWWYZiPqYj776MubKEaiDSBkWTH1klJn95BBKKE8nvN20r0kp
2020-10-15T01:32:20.142032332Z 252 XCQbxhD9J7xAu6Zj2SPWgX3lgY79J5GQdEgpxHtIpJ9iQJpoIQGVwdlpQyuU
2020-10-15T01:32:20.153635601Z 253 VQgOf8SPUGvxdpe49uHEVDqDp59x9cRIPR5We6JUOswOSBlGa0ScKihpyTfm
2020-10-15T01:32:20.164630630Z 254 cxaIwuTBWhGnMVsF0jWm6uGRHO6KJ5xmntXwskWKssBwtRxU1h6IAEqUFXUI
2020-10-15T01:32:20.176227764Z 255 MYH9pAKj817sBK5yFYbANSjVA3X5zCRHut4RIkUXHP2GgDlXfBLYyRdBJUFP
2020-10-15T01:32:20.191326850Z 256 RvGsqlOJEdnE6za6xUQSohwRBII1TMBJ039oMIEKouEgdjIk1oQ1ciK1fz4b
2020-10-15T01:32:20.201792500Z 257 ChcPKpYyKAszWIA8MkPrSTrZELjZBEq8Hcd7OJyY8X3XGgMs2oX16L6ZlWfI
2020-10-15T01:32:20.213426684Z 258 4EX6OYnSuHxQPt25GCl4Zc2vEDVTayPpxRZmkWpa1cb2J0hQBmUzDPreJfzk
2020-10-15T01:32:20.224600822Z 259 14tqIRGAkSONX5YSCBdegrZX8RjSqemydvuK4gnLD7yhHX19vI2Zx9oe5wc2
2020-10-15T01:32:20.235401246Z 260 rPnI0SX8S1XIQDCuHkxYbrx11y31P3z8uaoJwz9bTuHbdi07X30TLxgj4rVe
2020-10-15T01:32:20.246680543Z 261 lBXR4CUxtZrTBgST9vUqJ4qSpGMfPUNAzSIC0VeoEISKEBzIRxi4MhNjvWgF
2020-10-15T01:32:20.257577675Z 262 BXL6CNXU41uWoe1QDiyRhKhEwsNWjkdIUa6zl5g0vkVEv8nGDUJMBSMh9jQZ
2020-10-15T01:32:20.269546996Z 263 6VnFx7LNzQDq4jPPogksqYaaT8FuZ4hPc9Y9VbBg5a5pE1h1PpXhDWiNQamZ
2020-10-15T01:32:20.279830720Z 264 O6UYk8wuiVs3PUpcrcCwo0KO2iESOWcHLbXhOD53XsNLhq8uyx4CUstWy5sl
2020-10-15T01:32:20.291546963Z 265 Pro4s6a7e2PmlSnF6lyucqvvrC1nCBzHublM9P47RYet95MTtUvfI9SCndjy
2020-10-15T01:32:20.302148255Z 266 oQGpEaoaVN25IBSrr2omZeJEZYFJ5ZAYwJ0bAlCF7Cu1pvk1G09VnS2lij48
2020-10-15T01:32:20.313946496Z 267 keWdOEUKkOsgTNbU4B9jy4Os3v4QCKsYYoY3ZKeOSuHSKEjgVNjNc6GszXq3
2020-10-15T01:32:20.325725318Z 268 hKPNvbbrbfVWuM05DhTzJlbhEigUbyzMjCLS713CoItMrBDNZDz99cZOd9RZ
2020-10-15T01:32:20.337392944Z 269 QwR0eLhFWEPnIHTsz0hAelj9qGZhB356HkFStIXtRwMwIlDyJn6lNcB0yoLj
2020-10-15T01:32:20.348179788Z 270 ltethZKA4R4L5KCmXaXz4hUAAf1KpFMXk9oANFu1VJjUXJfDhCQjbTuuv0zD
2020-10-15T01:32:20.358942105Z 271 6Zg0Wd6n8y45euvr87vnmw91zCidpkV9QAuUKXHOkduSEuhDBBM8gRZUaPkt
2020-10-15T01:32:20.370544322Z 272 SSzxE2KP1HV5Vb6awdECMWbu7S78zlkw6MqipitfWd2ZnNXi3XTba7j1Aql1
2020-10-15T01:32:20.381677693Z 273 awbp3h7z5B6fwZy8lNRvT9DCIlJkoUSfrur9C9GERr0LMje23PzfrMzqKzZI
2020-10-15T01:32:20.393542301Z 274 fRsJOdkM1DwO3n8sMGpgq5fabypsrNr32i4kcFeeByu3fMrbMliXSmjDXBHH
2020-10-15T01:32:20.405235499Z 275 LjxCSqpQqUvLIDjcbk79mCY1UUPMHx7YUz551GiBcMmTdwTfaSJZr5iR1WZU
2020-10-15T01:32:20.416113046Z 276 tLL6oD7rIsVQRJbVwbxthscxvfJHNfCl7DfDD0pNBdWzxEDbvOWdsPdqPPXc
2020-10-15T01:32:20.427880976Z 277 TamCKq6QbMHLlbyED33FXEgeyyga7FJt1FK8vK6bsahVsSuvkSDrby0RHSl6
2020-10-15T01:32:20.439406944Z 278 Kbmdm22j9vSNYDwg0UmaaWfEweeGaDiqCAASoFiDg2keyzVdr6Zoo7xIirqD
2020-10-15T01:32:20.450057987Z 279 UXjE0d95L1IZKOz74B7liy9eARMjqWSvOjn7NmtRsozrEnfxKdNWfHxd2gCM
2020-10-15T01:32:20.460749324Z 280 56dFBEpRbw2eshN8miDdRGQB7aFhgsLeLWNNgGWm0A46AYUH1DiVQmtVfkLx
2020-10-15T01:32:20.472265053Z 281 GryDaZJEEqERdcoqtzhzjo86JPAtKB5DeUv8IHoBCKpL7dAVdEphs2sag5ZN
2020-10-15T01:32:20.483919182Z 282 VL3KEBTqTTo24CGe7YgBej9Y6qm8rxGLFi8KiI38kXK1qxy4MbI3sbJidJmm
2020-10-15T01:32:20.495049378Z 283 e3cQwOhJusgdck7FPUvsTCfsMVzEIwL6AtzfrC9ZCusFcVSA8uimu8lxGTD1
2020-10-15T01:32:20.506653517Z 284 LaUaWSZWkCCS5cWNQI0HPGGajEAisX89Gi2egfO4BkSFoqUytATTBvuHAMVy
2020-10-15T01:32:20.517349606Z 285 iFoa1Wv6vQNTp2N1gtfPMIvfQidnZlv2pNqGJYgNrR5vx3HG3QSJNilq8k4m
2020-10-15T01:32:20.527728930Z 286 6itVE3okAFuKPxfuhNMChEoFhneuTq4TaM3OUNF8TU90LlKVFqehrh777tqB
2020-10-15T01:32:20.539596591Z 287 0PKD8HqV4ryKvQrzgr1APNIHXbOUknCkdpP72Dkj2yxgPfjSdyf5EQ47BvUL
2020-10-15T01:32:20.550315451Z 288 8rndO6zdXrA6hJ7LTyqxHyQCid0jMDwrS6BmZiS7cAzkht5432YCRo58R5ms
2020-10-15T01:32:20.561337156Z 289 1ZA3M34kE0ORk6iE8APFihPH52jztmy2YoTfLLBQlPbINzAvLSkkmIgbpKbl
2020-10-15T01:32:20.572757874Z 290 aNhUDoMz7L70gbqYdx6OEblUxLMlkAzym2thbcTmfhQIqdRWJp0fhE3dt1Ug
2020-10-15T01:32:20.584525812Z 291 qnxsk1UoAUFOFU47u4bDbDceWwqAAzdoAT4Eub02P6j5LGhxOhsw35NFZvM0
2020-10-15T01:32:20.595328348Z 292 2z2vfRFB4XCaBqNYQi0wSkvS5hRGVOQMOWnoj4jvvGAfRR8PN7hWZlQPir1Y
2020-10-15T01:32:20.606065886Z 293 DbWukAWIfjG18zqvmiLdqatZiSfJNfHy83yE6hhxhVE1VGpquQVEjxsI4wbT
2020-10-15T01:32:20.617680732Z 294 WvU1yKdUuPKzpku5bcgJr7XSNq79mDR3fInYbesp36Y7CuvMd3XjpZ8GlfnV
2020-10-15T01:32:20.629449264Z 295 jC98AdDtNcMIdLtJ22H37OAxC7jNqvBP9f7hlJZVUvk5eIGjmrhBvwV5aqWv
2020-10-15T01:32:20.640234747Z 296 LKJB6yHnCX6XqGyAXnguT9C1tbn0CXrVelDXAmnD6eqH6Mtyk3l0vXLO57iK
2020-10-15T01:32:20.650896588Z 297 3grIVpjR21DEBogOrSaoQeFoy3dk17D7pq54hZ4QKANh1SQ6UQu2KKNXciSB
2020-10-15T01:32:20.662215327Z 298 3CDQ6Q0RMI03mvSKB0zRpUGjtR9qPKV5pAyXs7SKkH0M4ZVRQ2fmFB3uYjK2
2020-10-15T01:32:20.672844642Z 299 8GCTJbrFXAivwz8LGuiMJaNSJxf8zP2B2oMB6K3ElwbjJMEalIEqhYiLwbQc
2020-10-15T01:32:20.684501127Z 300 GFzQQNFGTJftZNBzDGYBzbL3Lbyb5A94KbFdMbCCRcv9UHfItGhC2salGcpI
2020-10-15T01:32:20.695203952Z 301 OZhaI7lr1vPdm5jR4n1KxTgF8GI6pxcahl5Uc6lHuFew0g9vE38UI3PcqRlX
2020-10-15T01:32:20.706916420Z 302 mmBvbQnqF1cjOJn9FAKCwSFRoaTAxG6MCJozC8YHQca4trLZbnFyUMnZZ7Fa
2020-10-15T01:32:20.718513068Z 303 duggK3EO0easqSEs5iAq8kNfy2gbcZOKrBqXRqEUoB03OnN77cMsSiS2WZk3
2020-10-15T01:32:20.728982388Z 304 K3qWHRWPXf28YLcLHmjpgSzRNXgAmX8pXMPtfiNhpWOTUBqUXjXw3XALDVs2
2020-10-15T01:32:20.740665746Z 305 cVh5Yh1TNdwCWWy9qPBLE4ZpEAbLbyYLhu3v4amsG33VIsQTKE7QA8FNJcSz
2020-10-15T01:32:20.751186658Z 306 TLXVWw6xmamxD6fVYG6puHw4ss3ddwy5HiIY5Q98oJ5moAIl1eEvvF7fJAmy
2020-10-15T01:32:20.761618958Z 307 1ZyT3xyUBpON9JnlzEi55VNXpbVftEtuJgj0Vkdcom4XJbzWDZHXqQVhywBo
2020-10-15T01:32:20.772967035Z 308 XNIap9cpUGyxFJMmMSvQmEl0GgrF0p317BgQZjvQx3VizLWlAc3Jy6zlmj96
2020-10-15T01:32:20.784603520Z 309 OOsaCXwf0kdxHpOQFNz7Rb1nJdybyM3sRu0bnCQRyZetlYHcDJr8JktN1hQH
2020-10-15T01:32:20.795946388Z 310 Sj0yqwc3ieMxD9GNJ6SL9IWOZrMuQfwj39XczmmbpxIk1bk1hJAtsJJj6yNt
2020-10-15T01:32:20.807495396Z 311 dcA9YitqN7ETV8U5EhzRXqpl3hurceoBM2w8HCLJ4lv4OgKFJmKGpxQ9IlGS
2020-10-15T01:32:20.817915070Z 312 hWOQQ8G09oNwIAoAw3amhG9PpnRdpnocjDuzyUvblTB7Wo54pbWXl8VP9Vyy
2020-10-15T01:32:20.829646170Z 313 TZxLUrD6ELUIaexJuvRDy62cu1Ck43F9BI0Ceso7kmDVDu3G0agyMiTRhSQB
2020-10-15T01:32:20.841692174Z 314 MBrRNGw3n5xYaMk8tcXwv32kZwHEDyBwUgAzdj31S7QAipyCKRcVfMtMdD4D
2020-10-15T01:32:20.853471143Z 315 5YWvOeTTbOLAginpqKwSksIQuFEOm451p7WEFbWDrJHOYtEoxPJa8ydspcVH
2020-10-15T01:32:20.864059323Z 316 xM1ysn7oS96y6xCreW5MSHnw1aaOtcBC8GJm2DlYloZYTBWZ86ajnqulGuRw
2020-10-15T01:32:20.875660052Z 317 zDeSNpNeuji7whLXj6oBRXRlOD2F8QlymjB2RqQ52ApzbeHgZqoGY2XaZKoK
2020-10-15T01:32:20.887560972Z 318 dvYs0yz475rW9fk3CjHnkEyU39k0R11ACnjzYtFhJpl7D7aoPdEkplYlJAd6
2020-10-15T01:32:20.898251283Z 319 dKhsWaOhcyvx00Ps58iIBTzVnvypbsFoTQ5smodf34yQ7FfZGauOxC1xzBXi
2020-10-15T01:32:20.909002275Z 320 7NNytEhW8CJnmr2M4FtzPHecKUlLYennbHkqBi4tuthh4V3iaQDCRv3inpwJ
2020-10-15T01:32:20.920737697Z 321 ImRbX87Qy32n2HkIAwaPkRgjKubPU133HoPVvK4a5L1rCfsWEwRPBVCcHlmN
2020-10-15T01:32:20.932564243Z 322 Asop1vzicLt0xo9u1nBvXTj32hkS6VH9M0w8SIQzNmR8KZ7Pdsv14lvVpcVO
2020-10-15T01:32:20.944214484Z 323 di35SN3yD4zIaevfooHT8SPMXTkhu6tqiQ09BZgVBp3iA0YmJURRMZuIhFUx
2020-10-15T01:32:20.954997736Z 324 U6FXafjchT1piP7cWmaty8g2xLJDVyNyJjcPc9cM9IWEv0XDRNACjycKjUUo
2020-10-15T01:32:20.965929845Z 325 DHdB0MEqFmQHREgdtXyrafOQKRHUE9uXugOqNJ6EKRFSLYtwCL8FIHpZuILQ
2020-10-15T01:32:20.977643877Z 326 Kq7AOKA4ltVTTnHxv9OrFt5p5sKIBi5Da7VeH5bdvfFMdRXfpS3rZNCkjEeU
2020-10-15T01:32:20.989495435Z 327 n3srXVmthgv94j91ypOZPgeXn8uMHugdjEtssubMQj3uFKyegji5rYJ421gq
2020-10-15T01:32:21.003077305Z 328 yu7XmfFFPymeWnW7729JXOQD5YIq27atxRx9lnrQG605kZRqe0zWuAb4pcFS
2020-10-15T01:32:21.014662674Z 329 oXt6Aouhb8sumMm2g5mxyBJv7Fy1zJaAGMLJHiJ9f6F3978Rt3YvcvrWknFK
2020-10-15T01:32:21.026294834Z 330 T5kywl1MhdnT3JXHEovY1FwUSf9sp2mHfqtTjAPe9NETR2IWPruMokiiuWQo
2020-10-15T01:32:21.036952716Z 331 JlV3Fwlnlrcg2vSDsAWH5I59gyYDupitkB2oWChmFabG2GJpuJPIRFsqdLKS
2020-10-15T01:32:21.048454280Z 332 QXbkwsEkfosi8VIaPf92TgC9RdVLQ0kjEXGtcO5pqY7ueS796xgP2icPIIZF
2020-10-15T01:32:21.058750156Z 333 Ecwm6hn9bnHGCawoXjMVxb9IaVejhrvTgOhs0Tok5mMCJjACmoqFEJrHCJkq
2020-10-15T01:32:21.070199121Z 334 j8JKEPWwrfnOESK82i7g4dHZ3WyXoG94mbYDYjWx6OGdqLj364ccc67jC8vZ
2020-10-15T01:32:21.081888588Z 335 zw5nO1HEQDlNtKJfjF0Urdfn2c7Pv6gGWc3stItsN9FcD0DzyaDBfcb0XedZ
2020-10-15T01:32:21.093481103Z 336 BAp5Es6oBFnCZ9ZHppUX2WcDSn15tglIMNRB5EDjztv5Quc9bzSUdaglQ3ox
2020-10-15T01:32:21.104054008Z 337 E0joi9u6rNH2WLwilBtxZP405mP2JAR62s9ASuEWFAMA2cra0KwPAxjmuRAt
2020-10-15T01:32:21.115754514Z 338 xklqz29ltvjQODAkax2WvNqXLpnP2iEjFrtUhzXwWAKH2gFIGNrsW5jklfd5
2020-10-15T01:32:21.127247115Z 339 ABAH5Dq356KLP0C9P3JA3mEvaiqLKy5JMxYcdvdnmljvg9AcSExRye4ZaedL
2020-10-15T01:32:21.138741873Z 340 0N1AyH4p2GZVVF9zFCqTB6YI3e6ksdsZRWAQnoUZhSSaQfJChK9h5EcVdkJN
2020-10-15T01:32:21.150337017Z 341 ILwZU1oOxstcQaALly63uNMXCxEo079JBHhCYksxXNPginYMkjIrF4CUcvUY
2020-10-15T01:32:21.161051469Z 342 ZIumAbyNsiQTzi98OrJdKasViL31uqY7LWIbcL3rS1zQq3Cy32i5TmVHbrA4
2020-10-15T01:32:21.172902816Z 343 LHTnDsLgCmZgf3iIQHlZqCuY1yESj8hxzVH8ly6srKqADTJuFy4VqdM8NbQe
2020-10-15T01:32:21.184560637Z 344 LI75QxZKGf4WShKtxQqGxYqWE1uaG5CChnlWyCHgvLYRjUkttUElS6mwMmgP
2020-10-15T01:32:21.196143526Z 345 vH1p3AMrMApt7wIw6KZsBcmPRQeRpytwVstFTgsGdCwNVioL9FjM7WOcVM3h
2020-10-15T01:32:21.208097612Z 346 tCgqw37HhSaYGQ8tg3WOGCdq7IIlgASIDCkrEf0HNqUCbC87HnadyeGfMo8P
2020-10-15T01:32:21.218911261Z 347 4VAhqkLoOCfX7Pj9dcRXcANFohrYHyVEtNPvCwsYySG7HRUB4L9KPQxJHX4c
2020-10-15T01:32:21.230715518Z 348 CCYkdpIjreg76QhEY1VIZSmfS6RDlykheeluavsPtoAGJr3ATvmH1YT1iU5p
2020-10-15T01:32:21.243041148Z 349 8FHg44ABMqglvytjVCLh3F9eNeZkRE5WJp0MLb3AeySBMOfpPakCoQvHCePG
2020-10-15T01:32:21.254162484Z 350 adAx5SBWpJh27cIxh5z5nja4N9GK9M5QlQhCzH7YwRmT2Sc3S5WGo7nqzSB3
2020-10-15T01:32:21.265533178Z 351 lfGp4PwLn195KzG7lG3uF6KrdxU8rrlukrikrMxVXA9EKrix3jVCCfXLpGZt
2020-10-15T01:32:21.277584250Z 352 KTSvK3WFAPX4HKZG5HaRAZ6DzdaT0HpPcJvr2XOvY7yyeYlpRrFy0EtP1R1K
2020-10-15T01:32:21.289722135Z 353 JC8TSUeULYZgw0mG63nPHaN7EQ7V7tyyomDOTuSUFuAbJhRRzooNZenwNNvr
2020-10-15T01:32:21.301330547Z 354 SeNgvffir6NqDKdcPWC4aqgnN5nZ06JKUoiB5CGy2Rv0cmUUFt2yRRALWXk7
2020-10-15T01:32:21.312128987Z 355 J9vHiPzQM0AF3PUWvgAyk02TBKRV6FdXRSsbYvP6LFIex2JmItx4UZqJNw5w
2020-10-15T01:32:21.323689515Z 356 o3ufDk3c6JCUqz1YrejPJu3YVWZNd1XUk2tZWEJwOyps0DXozaFVW1xinHg7
2020-10-15T01:32:21.335185166Z 357 bEjm1w5rX70fBdFslw0LqPBx5iQWd5IuI4epNyDaTTTGHgLtwBHYSmvRqOU7
2020-10-15T01:32:21.346901499Z 358 JdGUhPgVCR6JW7Nsbbuk4TEl6i2r935Gw0hGknT1EjVOENeAxEW7fbGqwiiF
2020-10-15T01:32:21.358585485Z 359 uODusA8AwHiorB86J7qVq8krnMANpk41GF2F02P07JWCkbES2XRfj9M6t8Xn
2020-10-15T01:32:21.369629950Z 360 oBNKtTurnhuVxLBWX6yioYwHVivXQEmmc5CFtCWVPC1TfJCP8xRpPeFYVkKf
2020-10-15T01:32:21.380131693Z 361 UxoIf5WljNw0PMhmETUZZqlLKVWb8p2nJnzsrTwsosOAtIO5M4LGdkrmc8V4
2020-10-15T01:32:21.391720197Z 362 hKAt0Rd7dcUp5qADEQsZAobDqpbgbN2dX57OKto6PvOv2Oky6UU3jgL7Cywq
2020-10-15T01:32:21.403101285Z 363 peC3dlvK0mJilGYhu1WjUnLMY1MDJTYatLCV9Z6orsiBsgz9kW8iGk4NtSqr
2020-10-15T01:32:21.413957197Z 364 6FgsJGAaRtMoE0wV81zT9Wi1PW0wqd03IJBjmMwbyxKSwyCs1AXLeX92KPWM
2020-10-15T01:32:21.426036837Z 365 OF3iE6QSNMH8nu641pg1mhO0otlexGKMc9R6iEuhE9wjrXE4Ixwr7zl5u0yh
2020-10-15T01:32:21.436122306Z 366 E75fgh11TvfZcSbwNtiVuZZluBYtj9o8dbkavlnXiLlxYyCqqdVdz5LvUtCq
2020-10-15T01:32:21.447407014Z 367 ZmtwIP5KlaAxuVURQDle3Denyg6cPwWSGG8glxrJKnMAXyIvNWj2MaH2iaXS
2020-10-15T01:32:21.457784595Z 368 uHQ67xqxNB1dNdEm2yEt9MTaZjjbVmwEWz3SZBl1w70sLLs4TyTnzUMHCnBq
2020-10-15T01:32:21.469349055Z 369 DdGbeRTNeIAnKyJXEN6t3EdiRdy0ic6oy8xLTFcrFrXN3drsLXzCJC5q90jG
2020-10-15T01:32:21.480984291Z 370 wF205e5IQYqm4uStgNxZCvibR3UQMYrQouK1zrQ1pYzbYHLTATgOaHQjaqnK
2020-10-15T01:32:21.492469618Z 371 8MYWXlhnHjSK0ApUM57B4yK88MOHTSw1ZxqtafktzNlJsncXmiPsTaYdjqR9
2020-10-15T01:32:21.503444776Z 372 wz0XZOADMFnJTec5cBuWnoo7yneclAiAMZqBVTOT2uRDowzfDrjt5PCmW8wp
2020-10-15T01:32:21.513781294Z 373 Racve9bVBnhlcnDBi0jUCWTWuWR4s8VgRplHL8R6JNIkmNbpQL57bPuvvBGt
2020-10-15T01:32:21.525417072Z 374 tNQ3dz8H6DEEiTcL9uJiTex6RzuT5ZeWTBPf2KpzbgC2ciSHkONcO2qUVq58
2020-10-15T01:32:21.535996681Z 375 R9FS5Q5utClmYCIsE1WceiLfG6kVIRRRaXo3azG6B5s3YTD8fBkodyQviNvN
2020-10-15T01:32:21.547958503Z 376 3U0Te3A6r5G2wA3KY5bUVqo6QANo3VBKXmANKNChdGnXbyMrw2VhX0R2aAC0
2020-10-15T01:32:21.559705276Z 377 Wu7eMjob7KKKcK4C75J0XhYKW1FNkv54CQKXMk6aRxI30JkSKwWGGQzGdwRn
2020-10-15T01:32:21.570371646Z 378 ejSgRwVE5hAAB2nPbyiYeFh2ud0sf6eO6lSinCCVBEJEQgATVAndJhbx2UM1
2020-10-15T01:32:21.581032194Z 379 g0zudOzFUfxbDBkMhbLNOUai1fvBGMORKO6yHwPi5QwJuhi20G6fTUyrLzPU
2020-10-15T01:32:21.592217500Z 380 dGEEyGC5jSm6TfYJls5QuLEYu2hETWh7tnx6qDUOkOubEFSdDhB2Nz4H9i4g
2020-10-15T01:32:21.603541335Z 381 PI5I8KIIJQ5wHj5nmWN5wfdmjD5UDMAFQuWCyLloCR499eiPrO5Yvtoi93cM
2020-10-15T01:32:21.614105542Z 382 KqsVyZqgPtQss2UXFYVZiDE1Sd0U7rfpfSrpaZBAJj1otcgA9iPj9O8AYHG0
2020-10-15T01:32:21.625618361Z 383 bf3ed102Cw3jzYe0WGSElzm1NPy6cfgApr5sYP8u7kOYFs7dzRc1eEY0UwDR
2020-10-15T01:32:21.637468188Z 384 m8m6TWSS3VUVv7mpmjxE3ngOOa2ZJnbkBwbO4RCEwhSpadRIqYcwrwNZJEbz
2020-10-15T01:32:21.647767213Z 385 po4MyL8fmoaG69yGt78WTNnHUppfqESzIVGNnc7TpdqU2ENHhuN2DTNZT2m3
2020-10-15T01:32:21.659150593Z 386 Es4ubkwiBihvJmTC0HQTRSaHmUOifpakgNQDbzpwsbPFm8SyPMuUpGDJohAZ
2020-10-15T01:32:21.670705319Z 387 Ek0oAnkYOvJbFHi9UMEqcjV0gIbyXeOMRNACK8CSNg52q5VpeTsugVNXbW4S
2020-10-15T01:32:21.682357979Z 388 zvO79CtOC5TBrdo52SCPr13qEkjFdOK5rUSiPr353T5i0pO7P73Iz8YvmMxO
2020-10-15T01:32:21.693326281Z 389 zScNAAeZpWioddMN9dbnA3nJWgaTqss2ddMvYFCYJLBP4K1wE0ruGMNVYGgt
2020-10-15T01:32:21.704720038Z 390 AYYRn2QDVi9mtz62T0yFCoyrBrzgtrGLPiQDqhdfEBwkXXIilMk71Ey7Hned
2020-10-15T01:32:21.716342018Z 391 PjnYphTMX5pLNlTnMjnQ56oCSMUkA2bVpLRUddiwTcFSY1WXgAfJ5WGPY4vK
2020-10-15T01:32:21.726860335Z 392 F9BVWrbhVyGa6vQt8DdVprhqvC1MkslvRVoxSPzkMdWbAl1kMDhFcVkOX8HO
2020-10-15T01:32:21.738697353Z 393 GZ0jNUZfvYEJSGSGmP7mkEn97YQQpyKCXGjmLU2b9ZPRHi2DbbcvN3Qnx64n
2020-10-15T01:32:21.750709826Z 394 ML8o7krMFblz9ch9vyo1fNFyWb3aAm6hApjdJztq1jdKmhBjSSh2330LK6DI
2020-10-15T01:32:21.761983177Z 395 bGQnofMxm8ZCGndOgpPzWCdzvq27WeCj86vK3unQVQHrqDRLjLBAgF1qBQNm
2020-10-15T01:32:21.773238995Z 396 Ayojvi5oa1QPJC1rPcC8OhmJqEu1xyYLOqHqVvWrmXXM9h8sI1YoItidUyIM
2020-10-15T01:32:21.784062239Z 397 cEnOLrFm62wRRmhSNrRmw2aZzgFBrfIfDZvi8iOGvvvBvXGqRZgWcTsKan40
2020-10-15T01:32:21.795621134Z 398 OF2Po14KbTZeU4PFl752u3OOoociTk95ptzUzo2lWYvlkFJAtgnum7oB7QZ8
2020-10-15T01:32:21.806300663Z 399 1UWaEiqcdkgkaqIt31fwozwGvCDBSg55P06zcyoHIvKUJ92gq9283bPGVNjt
2020-10-15T01:32:21.817965756Z 400 MIojH3Gv3BOFMzzBBTPXAyMa0aVRsiDU77Ls2WbNvWc5KQWExRHNFd2sdTXW
2020-10-15T01:32:21.829635962Z 401 sX0AnCtH9PYCq1V9mOXcTg5VTfipWULztUm2CBMotUWNxzrUJjp4d0Obg7ZN
2020-10-15T01:32:21.841662363Z 402 irSSJIhNxEDPM7e1QwdKhOsq3eIbRhcTOgAQBJvRpTnNAv00UDXzBlaTJN6m
2020-10-15T01:32:21.853653897Z 403 bTsgQN0DYkCY9zzhYGqj7CjHwin1rEE38YD3jmc9J2DjoZjOSTdMVxVQJ1M1
2020-10-15T01:32:21.865212108Z 404 srETS8p9RjVWjqNcA0HmoKJxs1wAX0KunD8XdWNpoeb3NMJvRGsgHeRE02OY
2020-10-15T01:32:21.875907540Z 405 T5FQeLGHkhV1jr9fvODNokJpVkrNkVRDa59mphQULUKnFaIJa9pRHqIJU7WO
2020-10-15T01:32:21.887971256Z 406 7jW59FFwvNmKgo0k6PoRRLyBPz1nkBTZHv0m0vIwrjgc6wo504HM5ZFR26UJ
2020-10-15T01:32:21.899078466Z 407 fnkDxPntebaBkE8ZribfPZaosjpy2hOinIkncH0phbVjsYERfqU4wqa1lj3u
2020-10-15T01:32:21.910711210Z 408 LXamqIXEUUHKG4sXIrmimRn9pf4MpGivUexHWSv0suCIFi36fJPr0zp1gPnV
2020-10-15T01:32:21.922269193Z 409 4cEAmdV4v7mPtWGJ0IRCIZXVJRoPAQya1eBGUWsXr665xQnf4C9STYelNtJQ
2020-10-15T01:32:21.933172515Z 410 oa3nW046v9czJGo2EDtN2hvk76xlMQZ8EWhHBGXOhlQvSSoC2Hl1eioluCig
2020-10-15T01:32:21.943910894Z 411 x8jG5osBdOZS4xmQesHu3OlwwyJMPOHhlGCDiAd0sCxVdCfIq601UOw4ZZva
2020-10-15T01:32:21.955869233Z 412 NtW6TMUfEyW1BKJ2I7kufyYIBswovBA6isaWxYnWoFdxMo9xLdlv2Eei5MPD
2020-10-15T01:32:21.967985558Z 413 b1dTBkIhb9qsejef4sUl63Z6aIykdpUUSDoTF6Iixay9lRv2v6TpuxgQaQuc
2020-10-15T01:32:21.978937462Z 414 0ZMBqXtDT2Evk4xeoW2necuK18S6cHeyvYi7pxcN33n7Nxq1lP5Wiu0ApA4r
2020-10-15T01:32:21.990564242Z 415 E8IGjrXbiSxASQ0Pe33znKJdMoi2VCPntINq3p2s5kH2OiRlBOVNkmykMZxP
2020-10-15T01:32:22.002084939Z 416 JderfJJVBaz6qqG4odz7KCKa8M1PGInLTmZbkj9Fa91yE3qRQk6xRXMBwwpz
2020-10-15T01:32:22.012978272Z 417 Q2hnwqFiQwGYyzVL5QQikrlDMGsgEwA72JbmL5of3o5Z2Jd8K7V5DnLemjkm
2020-10-15T01:32:22.024801511Z 418 SaCaxPLTDhI6HfC2VOmSJSAot2gry8o8vk8Qf534AGrKQrGcaA0jmXsfVIU1
2020-10-15T01:32:22.036402139Z 419 k9gbhMq0Lj7BfN2to22jigQdaDSVvirEojWpDO9L3wUBPQ3AIkIyBM3p2UUs
2020-10-15T01:32:22.046696028Z 420 0DhyfQ9j4YYOJaSLgxqbRkcltYJd3ZmiQFhA8wMpKmcuQYZDr6KUK0BIFwWj
2020-10-15T01:32:22.058343930Z 421 eujz7Ifq2uYn3SGz1qD2ERQyyorDmqKJAbnSX6v2SbuhXbG2UMo44Iq24TJa
2020-10-15T01:32:22.069101041Z 422 SpnCVVL27zgZHQM0phGXV2kvfk161CMi7SU7xQBnLuyUB2BAEjg634vBQdqC
2020-10-15T01:32:22.080711560Z 423 zX6asupYVmprDO0xrkFvQKeIeQ9h13Hjaxg1YOSdIvJ3cLKnkem3WrBZTkAH
2020-10-15T01:32:22.092504188Z 424 A6cOP47WIMOdWqXHuQ4Cu8iobDeVSENCg119DWlXfAM2oxiwrNWBF39sYLfV
2020-10-15T01:32:22.102645939Z 425 kUXqaTPc7Zul5Ut17y74kgChUOrMmezO1smQf4rbUTiHPUUlira4pqrs2NLF
2020-10-15T01:32:22.114364108Z 426 B2MDKAAbocGJ6GykbTxUw9qGxO3iaSyJ3WLtbuMqUb56tCCPfYELbcNPHAHH
2020-10-15T01:32:22.125398340Z 427 QsaxGVC2nrKkIP0mcqxlcqm2ioJouwkJgEg3pUQfcdzngcWhaT6c6XIknCuh
2020-10-15T01:32:22.135993123Z 428 qMC0PNbGFLXJilWokP3g1HCWaPiHeLe76DeZoUTENAwT8QKO95QlS9uxNVDT
2020-10-15T01:32:22.147667282Z 429 Xw9w2oTXjoUin84BkF6Zgk1W4o4DfIkOImWsrUuNAaNyVrgNr54BQP3ARPUn
2020-10-15T01:32:22.159517362Z 430 JA08yEYWEOMTV00QhxVuPGJzNFGOlU9StSz4yPETbzO1rI7bqIKBSp0NYC0h
2020-10-15T01:32:22.170168026Z 431 6Axg2of1dGvNJoQcdseEgdvva6b1OinlAzdLiEoF41hSOjJYhDJfKAUilKtV
2020-10-15T01:32:22.181318104Z 432 lNrhwFrq9ueOV1BZkqHyWXMLW5RmceoWvkqqO67pTeMIN3bLPaOhJ1ykmYiA
2020-10-15T01:32:22.191890648Z 433 oLX4vyjh0XidzWtbGR1vWCT0UZAuAz6m0LfAjKHf8PK3r7J1o32FW8c9aTKY
2020-10-15T01:32:22.203567992Z 434 KBUKDYDebs3G2zTNKNL3Ms64W6Zql0nJVCPy6mEp1ZAwxsJxxMQfnZ5Sxrf5
2020-10-15T01:32:22.214201721Z 435 WC5NnMMOnqa4PNnpgoe24s9HrtDljJEb7fS1PTGqJRb7oho7Ot1BHbDhHleE
2020-10-15T01:32:22.225829711Z 436 b3uEVL8eIpPRV1H2OmQ0N0R6kpehNTFyJBDHyeu6lg0ErLYu4Diz8fiU6vM9
2020-10-15T01:32:22.237418036Z 437 j4kev7SHfhQ3Y001C9KFhRdMpnZkgKzREb2ZlR4niafe58ZCJfizEg9wePrl
2020-10-15T01:32:22.248462163Z 438 l9K4RL2GwSrSVg0Li3km3La6Zm1WthGdAM3dX4Z7eEUeTETGKjAl7kTxr3vq
2020-10-15T01:32:22.259537352Z 439 HAlg7G5uBXo8ebINmYegq18Z0Tjw87Who50jonCUOEngVXeSO8SnK49XeCU0
2020-10-15T01:32:22.270853696Z 440 IerqXDyq3NOIOXFlCMenyYOt5klbqXV1Nrbpd1l2pmnGOqoql5HCgU4HV5GW
2020-10-15T01:32:22.282580297Z 441 Ipnolj9SAolSuJONNJ2inMclUFc8I2z5l6Xcbh32tkGJUY6mUToZR0nvCO0H
2020-10-15T01:32:22.293106490Z 442 av22z6op2RdYB14UgWXJ4J1KM8czzXI2njE8iLhg2OYPmFDEDQ9PVrrJve5d
2020-10-15T01:32:22.304517325Z 443 OHFETb7651eUz29GxFdAoK9rn6CjwFAtqgxeP3nNiVbW1tqLgATbqCdpXRdp
2020-10-15T01:32:22.316555716Z 444 DH6S67VEF6oHDA1sbPeX2bUZgRnCBhdoMdLBFjrOp974f77vloUhYncdDPvH
2020-10-15T01:32:22.327160006Z 445 sxT5BqT8HLc50vsrcIlcjPcWUV1lTNYT5CO89LH7ksDxtGFljVTVrdoM6nmD
2020-10-15T01:32:22.338878192Z 446 l0fRB5gcDRLcYkGOQyiGmDM457bLr2YdlE5lgr66mmy0MtYNbN707gTNYAjR
2020-10-15T01:32:22.350414427Z 447 qmsBrdBvaf8qMEj27zpoc43V0pYFA8d3CxDAZ9nLdJNWsMQmrz1Oh0XeI13L
2020-10-15T01:32:22.361056304Z 448 vARELZApO27nY8fkkBZfZKzNuNLC5PHMSnscmZlkJn0LnbBKwBtdPmdkq1TI
2020-10-15T01:32:22.372598401Z 449 3tujdz0uz5pkhzEFzrwmFla9CMIYYUWIvWVPGqlICbE3mb49nlb7jCn5VXXn
2020-10-15T01:32:22.384170409Z 450 njk3zA2RHKQQIP3cjDOGsCh120apWAIQUqEOr01pgsqlrdvgB5KYAvxfmtlQ
2020-10-15T01:32:22.394633661Z 451 PICTvFS2LRVdVmck4e6n0e09Xj1AxPaVj5xXsywWNu3ounzlqekCpjrflWmW
2020-10-15T01:32:22.405745160Z 452 UP5KBKSl5npHj3AmDRkI9jpUSAZqt06SIk1Tn5RbuNYUD09ZPQsByLW6EXzi
2020-10-15T01:32:22.417856066Z 453 T1q2t01pQMkWRDJsQy1RfZ5IBQ9RjVX7iGBhgHGcNAbc8ZTUBxbt7z1cubfq
2020-10-15T01:32:22.429095551Z 454 ShTcuWvzrlHrwDogOy0byh25mlChVrJ0n7rpujm0dLWt869GNgssRYNZLBb7
2020-10-15T01:32:22.439725433Z 455 rjlkhYVUVuGa22MKXzxd9nBH6U86bADRMaWs7Xo1TdCyHAqmV8Nxc0JllKZ6
2020-10-15T01:32:22.451594391Z 456 IYAfKDxjiCFcKM7IdGXVOJ1fP8MY5vV89F7BiNenbhg2hnBI6OzRANBRVoRG
2020-10-15T01:32:22.462190148Z 457 GQfxiiLzBKJ6M9CzHyvUO7RHblhCYcLOyN2ZbEpwC3giKQfBnsOLiErbtkxD
2020-10-15T01:32:22.473690427Z 458 b2xF6CLFdeBNHyTCnazxTjVGCCobhecQM0neNA3M6O4JThapbmJ0v7BxOLLD
2020-10-15T01:32:22.485493321Z 459 0snweRyXePTxmLsIgI54RI2Qi9mvUw6sllYZN4j3AJa30vYTkZ0OcqfgonAl
2020-10-15T01:32:22.496007890Z 460 7ROgLaoqXSmDtrmregSzlodsLYUHrxVcPdSIS037OE4iRfjGItMEaqIiQabk
2020-10-15T01:32:22.507130112Z 461 nW1YqbxwhO99bSv4B5xq2w53PkmBHT0ynrElbcTOnb5iBHgPChhYjTHhkfEa
2020-10-15T01:32:22.518765598Z 462 RTFP2uYdAmE4rjbpJhR73YcOAWLvzff3BOltTDnmYMLDKy6Pt7a0kQB3J7Fb
2020-10-15T01:32:22.530573251Z 463 mmGNgPrJjDrLClcwTiT9at50a0RH3Pl9TKHLnmZQQnBcTFkKgeytVQFfdBAB
2020-10-15T01:32:22.541371780Z 464 cij47AjJ0SLyFiFMqTgrzOqfYEUDftDYEhGh2WhMk9LnPH4V0el1CcVnEYJu
2020-10-15T01:32:22.552057388Z 465 M2Sp00rPvJWTaTQOeoyp6mPp9B4fR8BKgL7xqMlZ7gjrUUL12JAzY5476ofo
2020-10-15T01:32:22.563693888Z 466 ilYrkdN6DKyqFiO1s1PpxQJW3abfSOVvk9a1xG6N1Z0FBIfKbMW9T0REOTGR
2020-10-15T01:32:22.575275521Z 467 XPOJqBDMpZIJDXLCrshrzxm6AAgx2jMCkfxcJ9qby0rv8xoJiHeqyBFLJGES
2020-10-15T01:32:22.586000283Z 468 6grZxRhe5YlxuJbS3oGxcbGJZZ2dMhJOpatnZ82mdcAOHtwfpOvQJzSVEu7y
2020-10-15T01:32:22.597662817Z 469 h5YubaJ68Stnw6MLqy1cIJs7rJ7CTegaGgNaSY8DR3SyGbsdxmmT3tSQxR5g
2020-10-15T01:32:22.609528629Z 470 96mLYD9XXFXXm7I4jagG7GQg4dLC2Z1p7jqh4NBSqBqLJEUNm3PmYHDhDwVQ
2020-10-15T01:32:22.620231773Z 471 bxOsArplv6wOSeT13TEkb8xBfFvZCtQsqFmaWZlJTyu7mGrPGIolqO89QdWt
2020-10-15T01:32:22.630853340Z 472 ao6xpf5fqjrwYuHvoSm7ODXEHCLuq2eTArbDxkGjy6Ty3WVr3EEpvbXX2Kht
2020-10-15T01:32:22.642648539Z 473 7qeikbOkDZkrij1S7RkkKaY7od0DXRlZTlI9E5jsSpNAg442olREF3cmrrmr
2020-10-15T01:32:22.654231088Z 474 V0jtTgYbAzK3OM0eDswiDPDSHnAvH9tvLTgK7yaFUV5skkGOr0A9G3cD7CY4
2020-10-15T01:32:22.665612060Z 475 9QYrRQMyMxnhwylKLc1kvW2IUxms8JX0UODNFknb77edio46TC62GFFazkns
2020-10-15T01:32:22.677569181Z 476 v4YKQeaGTYVZH5hWK46eIqJB1nDc5RhbF7bcE5NONrtN0zdRyw9RlBOHgGVD
2020-10-15T01:32:22.689458450Z 477 d7Ndb20CFvvIHs2TuTJFEGnCV8ofCHMHORZv3z7gcHoj7fpZD8z7e1HdhiA9
2020-10-15T01:32:22.700371351Z 478 OeIpTCUKiDVL9dXkU3j9A0GKnxPR8LmM9EfGHK2a5Zhi9OX9IT9WSRLnGB2M
2020-10-15T01:32:22.710871345Z 479 1ARfiUAX8W52pm9SAWChBjz7RGJOqPp8RsldcM8iyqShwkjHqy8HdfO2kqCL
2020-10-15T01:32:22.722548245Z 480 u1wcM5bF5Lru2Akh0rNxVsJbbYBTvrWJZDzjybyRWjrtP84BMDpSKnmSKfoe
2020-10-15T01:32:22.734329015Z 481 IsdJvCpGnDFm7PudkftOGoX3k6toNS0qrD3WMx2q8gDK2irE4O9mGxUT44ab
2020-10-15T01:32:22.744985020Z 482 FOFPhf58jJF9VGQoyU4kWNMLatiHKF9fmIFQTuijTCgUr05m8ej4syXWDsJH
2020-10-15T01:32:22.757171226Z 483 hrfnTZTOIksKroqrlu0lxjDBIcdPu8YHfamjwkkJCPY9nBt5wVsrdmyIVK1u
2020-10-15T01:32:22.768293795Z 484 Mo38vGtNgkBDJjfv5uttPo0KM4kT6uZWkn7AoVZISAV9DEakgr6HzTX2E4pM
2020-10-15T01:32:22.778952654Z 485 ILYV2aFpwIYTNoCjjVljzi3PBoSEWt4QmIAR3N5v2uN2uqw5vtfyXp6VwVB7
2020-10-15T01:32:22.790513763Z 486 F6Gf9rrOiPcOyabnr5edF7r6BmdMFzFSu7cm5fpDGM4G63vi1EavvsefR0q9
2020-10-15T01:32:22.801338728Z 487 m3srJE2LG6JI39xY29rSvasHB633IwSGMEXv8FslN7BUITijKsoDiZty9UV0
2020-10-15T01:32:22.812259571Z 488 uhwQLuVk0hQUIdgUfEjQjXC9BPZF0ICaQBydj2DQDQ0ErHxrsSSpOhkhEHpG
2020-10-15T01:32:22.823959075Z 489 zVs8BQBKh8MyuacS4hRxbypHnlJsNehHnJLeAffS1xUcCmsyO52QSNnEBh5V
2020-10-15T01:32:22.835464377Z 490 MTy5a0zMx0MhpIcwVf8iBrdfxZCLgRZaNLy0B9rVZNVkfmdNwus6faaEBrIw
2020-10-15T01:32:22.847108400Z 491 UHTJ2b5eemGae4mQhHFmSlKuHxaU4iUDPYoUCmXffDb9tDQLpu2Ai8XTZ2L3
2020-10-15T01:32:22.858656140Z 492 x8Ens3ZZv6VbfOWMaNSDEdXib3csQqawgOCXk9TEEpaYz8No7GbAqhtz198I
2020-10-15T01:32:22.870368642Z 493 HXkIQCEiaVosoRSiCqP5pf9xrVuCbZpbEdxtdKvdr9V9lXJfS2xKiRdFuLni
2020-10-15T01:32:22.881157833Z 494 mIP8UAu1LG1LG0k8eHCcD8Wyu2gCTaaMbT569pyJodLuxSczvZ5cyTscdIpA
2020-10-15T01:32:22.891933220Z 495 4JlsEu16pWvmDu50fFyuaAJdzOQjCDrWPc7OdmO3d5YWhSU653F3Gvvxde3K
2020-10-15T01:32:22.902942783Z 496 NWv6AOtKpvmF6UXQM6ldoDNyXwvSJCVLHHJmzadMNEOzYahGZa0T4t6LGE0D
2020-10-15T01:32:22.914406305Z 497 5uVeCUjEiG3NohS7m3iTGAFJbGiWxPSczGXVaHqnLqpBV8Ag09bLWiLk1zf4
2020-10-15T01:32:22.925048181Z 498 Ic38FMKdmWsPjVIZKnrqBXolyNd7Y7Hxyigaj4Or2DjIxkN7RaisVsNRTz15
2020-10-15T01:32:22.936490316Z 499 BpgF0FQUch1Y91YPBgXoYwNbwJYxVZGyy7A6vSu5tLldLdgKnBLOSwpdJiX0
2020-10-15T01:32:22.947168251Z 500 gqZkZjLXONCVqqLCw7xtuTf42RlIwwTyYbWc8hFYC5f2WdbF80Q9FXfa9f6p
2020-10-15T01:32:22.958206388Z 501 W1vQPswQ0iYbDMKCJ7p6mYigrJyN4SheKXkNMLeV4qNOfF1rjDs6Jjurtk5L
2020-10-15T01:32:22.969540256Z 502 FIOkvLq2ye8FepW9uSG0w6c1XiX9FiTH1bu9WaxL57FoxSUUOXeCUiEmb4x4
2020-10-15T01:32:22.981084666Z 503 CPfvJycCAyyrAt94KWypc2Y68Q3iSArKuSlYZwg3QKHPzY1u9AIwyzF60OLU
2020-10-15T01:32:22.992713253Z 504 BQOHnN9utflzKafeSnpybZgI8XrCKjj4XFdDaHb4m1FMhISqQpIZrrpKNJM9
2020-10-15T01:32:23.004391915Z 505 VAXM17ysys4NFTLf2OZ0dSrkbt3m8NeZj7o9fgPDVWEWS7W0uYhrVQ1T1Za6
2020-10-15T01:32:23.015067375Z 506 AKbuhIZyqF6ZwsDqo4aGZ6PxMSJVLGBipreW4DnQX2GCcGNznybfDeRIaJZQ
2020-10-15T01:32:23.025907774Z 507 8dt8YQydFLyOptbW9C2aaxvmxHVWCoZujjYtpHQzXTADEKVDAtIl3ZlrOmIW
2020-10-15T01:32:23.037382301Z 508 X79acV14BRdzT2hYITfGILnm0cjgy0kWxgUPyc4dOY2iPezbbZkgVBlUHvLB
2020-10-15T01:32:23.047933832Z 509 UPLtCUgpDQKjSqIDzW3VMEu3TvjVqwSGGPKjwzfxTV89op3kOhwirjcMSf4u
2020-10-15T01:32:23.059483299Z 510 VI1EaakgOnyakFntCOctRjGGo4QWmcAqcyE4sIRwTP5Pt4mjS2XRueNkwbRZ
2020-10-15T01:32:23.070400855Z 511 wJjKxECIfvP50rpuUTk0PqmAg78RE9vxiflGvSCQZNh2ygl3CRI1C4n6D3Wl
2020-10-15T01:32:23.080954796Z 512 TPkuA7siwsfZtcpaRJKaEDCAzlGlBhUCOITima6ZG5KXOdKPvc0j3bdLxgSR
2020-10-15T01:32:23.092484118Z 513 j9MVbvdPhyAhfnqQJyeSswYFLXLCA4llMteLkiBzzFxurfJvXj1qNcFrDK6R
2020-10-15T01:32:23.103166635Z 514 EBXzuk4Mc2jOrYY0M4VlB5K8esjIUVpXIWX5GN6LJugTJQTCyRsLl7wBF6Q7
2020-10-15T01:32:23.114771622Z 515 mDYg22YtcvMUBqIMdOONxNArgFl0rVDb9kP1Sbs4WMEZi2FxtrQsbLEQCa80
2020-10-15T01:32:23.126649169Z 516 RKzS0iTSjh2BswWMg4zQntu9pizTHqr5P1ZWtnve3zZTuyBEDmWHRFSlJvJp
2020-10-15T01:32:23.137760009Z 517 yhC7CRYlCbb896B0ky92Mo0Pyoov2HTT6MEtBt3gnfpuHzemPKg1tUqya1jo
2020-10-15T01:32:23.149307048Z 518 G4yFJAEmYPsVS5PtOgOPeUXJFEdsmbWNhUasCcBVkknCozHcHFiX1i9tpbkd
2020-10-15T01:32:23.160182352Z 519 2X4DSTspNB1hDVxLyfSZmSkqgwGsQC1wvC1Zi52iQVB62oXlvnhcMK3O9wHi
2020-10-15T01:32:23.171675213Z 520 YAoTH535b4LtXFyPOFqbCquUsz5DTTdWivR4alJQo1VLP28L1stD9k3cPY7t
2020-10-15T01:32:23.183276754Z 521 yFp9TIhRJvpOIkdXLVO09jagEAivqEV2538vNmz66JXIzpldHQrUvZuNqLCm
2020-10-15T01:32:23.193932766Z 522 5UqcpqoxkB2e55mI1MVtvLWnxzPp93fkdoAQZTZYflAA6KGY4t5IeRrb310x
2020-10-15T01:32:23.205929975Z 523 oTcaF7UCsLhGXkv6RrEQrJNNZR20JiQcdRol1l13Wxb2XqxR9SLorEXEa9dU
2020-10-15T01:32:23.217736376Z 524 fVZkoWYnPSKqJvmlLGDtZ8KE6hi6RHnqq76fMpU9eYDbtuuQU8ZNKoy7KTO1
2020-10-15T01:32:23.229820205Z 525 WmDr44094kLamCmxSmwc9PSEZncyCS2rBbThyuBAx5s7DqXqbTDmGNeXKdHv
2020-10-15T01:32:23.241350892Z 526 pDzuP3QEOFIyTtpGG7kMnPng607mqUvfVHKWL489JfASZGYPT6JLj9XYZqhf
2020-10-15T01:32:23.252060192Z 527 SOFFPolDJjuTrig4X56e369i7rZ5Hbq00FEqOCHpCYqvrlrqhz6RpFB75C8G
2020-10-15T01:32:23.263015455Z 528 Eivj34CS5c1PyQaAKGk1Ptd3A6ZCmQNWStO3tOQDxfP9Io7ujZil435lZo86
2020-10-15T01:32:23.274693663Z 529 gTtkpgg3paN5clc59RBmCaT8CWnoYGOrQVPwkY7ixASKYIv8klsZ96ZHaowf
2020-10-15T01:32:23.286272880Z 530 zOrVuDYCy1SdNMPqnLdAhh7toKWMo2DO00hS7lpxVm5Dn5nu68MqHc47SBKb
2020-10-15T01:32:23.297024974Z 531 n0q6h8Pphy37e14KzbunL8JnXT2GIkTm0uj9jYDscShsnrNUQ7SAKK2Ne68x
2020-10-15T01:32:23.307801580Z 532 2FZRfuSzX1vYUGo7uuTFg7AnvLJZuS2PIkuZqgqnxRUfcGi2WbElwxPrFjeh
2020-10-15T01:32:23.319433681Z 533 NyVmXeaSYWmHX6iCSotnJpMJ1mKZAdnPJuwUJAKW5mTtfYe8RR3c10VqgOiI
2020-10-15T01:32:23.330170536Z 534 hIBqO0MbcO4S3lmTIwpk1F3HlEAvxlusNccGFqAFFbJHNi1vYEBcwau005fm
2020-10-15T01:32:23.341806226Z 535 9Whjk7FC79iFEhub0e9o8tLyE8D82X65OKiFnHeCL24abyQKyaLFvhZAoOKq
2020-10-15T01:32:23.353309704Z 536 gnqyKjkG9xXNS6FaxwzZaJRqvaMrUprE81tPwI94plKCtE1Aet3LCR8i6uP3
2020-10-15T01:32:23.363772607Z 537 c7JXgoWjM6ZfkmGafQ1YfJlRCYvZ0FoAWusRrQ0MHagC0ShIHzDGnvHNDsJk
2020-10-15T01:32:23.375620384Z 538 1HAofFLCplTCeJp28vxrGwOzOqnZ0QpW6l3YDCf6lrxUTOoIFyDcXiWJshzM
2020-10-15T01:32:23.386635499Z 539 yPKZQHRLfZSGLx2AtAQRSIVip9sQQKJjMoXdcaIeH8AVQyNFXk84IYpGQTbg
2020-10-15T01:32:23.397806615Z 540 h1vkxnLgCsGPG7aVtqHtIgzc3y7gxaKsmGbAoJJE6esc2ZVLoZ8n0cB2oD2q
2020-10-15T01:32:23.408898064Z 541 0ja8K0gFFY9N8cQoR6Qli7J53URybdkasXm3Dh1oCmmSYB6FgQcXZVfq8zgm
2020-10-15T01:32:23.420126127Z 542 b4Y2UFWh1RhU1aVhVdk2uZK3bVppm7SNoGoCYRh0ueWcXbvz7hf5xDQmKx5j
2020-10-15T01:32:23.431653553Z 543 qnmzu5V0mPdlF3saZUt9pyuoOAt4e1rfWO2ucseCdD6ZqmMRBlEUEjY4zPJu
2020-10-15T01:32:23.443287010Z 544 FDwgDc1GUXKhPnwEdu0gF5H80b1Tdij2HWvBFOd9dQZq3WHDFeQ1Wv5rscrw
2020-10-15T01:32:23.454903536Z 545 6LHE2N7pOf3FamaEpcUnqh4OvFEeURyQDY1YGczhOgv0Q6EYspuSs3wtwkKR
2020-10-15T01:32:23.466438058Z 546 1mZekjOFRCrpOal4pGIe5IGSzz9qNobKMwDL6R2zy7SnaZnC7noKylzg0EIn
2020-10-15T01:32:23.477162027Z 547 5rpkCtHOYpkgYMv4QX96dJQaEetv7kZfvJytW9JmZaftCGNSIqeVeh6gtyzG
2020-10-15T01:32:23.488161865Z 548 5ne7L4X2fdEXSCtkIfb2riMOVqxJZ9XKEQOKy7CIjSa4GzJtPDyak6kChk9s
2020-10-15T01:32:23.499562154Z 549 JIUbWrGb4fZ2zMlilVW9owD1a6VJmKpgb1wzJ4BXScuPwFpmbr40or8Dr95H
2020-10-15T01:32:23.511273186Z 550 3OkiqlnK9vc8Wt9U3WRuYxwBXxhtpdp9SUXH6MIxPdgSvTNXKKimctn79tP9
2020-10-15T01:32:23.522861600Z 551 riV5oHhtChqLH0uTzMCYhUXlLTT3GU84UUvtyWZd5OiuAhrh4dtBfYpHlCgT
2020-10-15T01:32:23.534700125Z 552 W3n3Ke54jJ6KIV6ZiHpT9Dsx19akwF7c4Sb6tKstASlVAJmubUQyNAi8xiw2
2020-10-15T01:32:23.545740136Z 553 fLqv0yRwz4PfgygygbwJQGCzEhsuzWlr5pV5kZf6YU8kTy73gXQMczyKVeCp
2020-10-15T01:32:23.557408659Z 554 Sm5HWZA91uILTDNpHJrH59FFnB8A551dhrC0zQa37sZdAXiLbr6CpmMCo6BL
2020-10-15T01:32:23.567906612Z 555 W7JtXyl3fPcW5lHH3PYB1tzTn2WKZMqfs07Kr8SHQF10nx8V9pFQTX8aa7mn
2020-10-15T01:32:23.579548679Z 556 KNqZrdIKev3kSOZiO6K67Tp2uBKhhAXW9IgxBu3rBneF4El2CmO8eHXMCpvx
2020-10-15T01:32:23.590039756Z 557 MfoTDtd3apqs27Dssxs8t93zUSYqcpg9Pk1hl9KiVt3mrXF01xOOVIkGfC2i
2020-10-15T01:32:23.601750416Z 558 sAZDh44IAjNGVRbUGrKmTYNI6g2f7YLFbwNLCYc74dy2WA2PScHI9imNBTMt
2020-10-15T01:32:23.611942258Z 559 1MCx3fwIAOSUpJG4Ci3EFiMrXlOU0H2T28hDcxom2Wh1Tgwl3m1zxEdtwXP5
2020-10-15T01:32:23.623438125Z 560 89JEtsxQc9yO7WjLxHRzddub9pj2r0BDvOq03TozU9gsDAlSegbuu4O2yIBr
2020-10-15T01:32:23.634362468Z 561 Xf6282ljDjt9M0frwp1vYEoxDP0ZWnRS5rVk7c88xjnLMU4FE5jJ5QmumnqU
2020-10-15T01:32:23.644910984Z 562 6CKBn5kXCLsOL3IO6d3yaWk6tYKlhhsXGpuwc2NE68LiMpedlIiL14gexrXM
2020-10-15T01:32:23.656628950Z 563 3R8NerScAB4bfZrE0rKVrMHFHX15LRMtLvE35P3ywrrIONaX8qiUrI23Rh6o
2020-10-15T01:32:23.666958275Z 564 SscsjYxgUwI0mldFd8vpbakWLnr2T1XTNq3GXbtMwpxuKslWqb5kXtfiSFJA
2020-10-15T01:32:23.678754605Z 565 t9A1TOkikYN7RrbwzLEfGP0OI5iaUpW0kS8CnazyTnUBNAsuZg0sEtpbgLTl
2020-10-15T01:32:23.690320700Z 566 MC09i0LHq72fgQmiNrtkT4hMPwUuDNbx9gAG7bEm3P7Ka8wpHqmL4fMS6v9T
2020-10-15T01:32:23.700821859Z 567 JCpbjIKKlV8tP6DRptvQ0zlNJYENvEnnnCeFWcuvl46cgwmiqwOToUw1b7ue
2020-10-15T01:32:23.712345040Z 568 Vi2rdBLUWkH6ifZFXG9w6ru3yfxGUJ9eKiNQG54cx43o34ibybqIHMf1gUxK
2020-10-15T01:32:23.723060666Z 569 qZ3w9NfYvsGjbBFHc1VLKW9FkMmYy3eRSBGjnNZ9B1WPJwh93jur3gkehcwR
2020-10-15T01:32:23.734856312Z 570 r2U954V680jrDzyZBzNKgbcIzNX7PrVygBtsOhzQBtq1aorO3WLk2b4b9vK1
2020-10-15T01:32:23.746183459Z 571 YeeWDHgOMtB3IIFWXHvu94y5fwcfOWi7ndrpA29HL7YBNeztyHbHZ7qGoBM7
2020-10-15T01:32:23.757022170Z 572 gNp8X6GNR8aJUlf0lzlEcrPd9OB6fcZtfqxBbSYMZoWW4Vdh2wqRXjsoxQ6J
2020-10-15T01:32:23.768555684Z 573 QVEIlxi0pyPkQA0SsypcOQPvEe4JM7IBKYG1q9nMw8sQFJPZXDHPJkVyhhaZ
2020-10-15T01:32:23.779208692Z 574 D9KPsd8apAISafEPf23DQobwa35NkQgsupSZSaUO9xCpSg3TrqBtND6wI8st
2020-10-15T01:32:23.790901368Z 575 hkiLa3AwYrNbBtV4gWO0wRhPtW3b8o9ZhVRhTM9h5iwFFmzGP18n4hBYgr6i
2020-10-15T01:32:23.802522159Z 576 3h4G4KYd9xGBs81O3xNSZIaDW0d6JJQ3zGAY0FSbRNoKM2UP8NmKa4eyiMlv
2020-10-15T01:32:23.812796806Z 577 9vU22wydmeBGOiQozSXjAN7fCfyTrUDRo4g5hQ73qtSHfYxcnwVbbtQnaQfU
2020-10-15T01:32:23.824378053Z 578 0RUkLA3roEXY2u1YpHDKyefSho34P3MiFQcIHXXHoAWjtdOWCtMb6ZOpztx0
2020-10-15T01:32:23.834994697Z 579 MhciXUIFJdgSIPFdhHoCNV5kNi3mtNZg1ESZ2LcbHgxydmRZ8IpJj1TFFX30
2020-10-15T01:32:23.846541291Z 580 isNZ8UEJfbYMKhku6tcZYCVGpOj4Cg5JIjwSoQe1ZiFheOu0coigkeK6Ybir
2020-10-15T01:32:23.857340903Z 581 WWPNjaEjALumgit46g6PDepWBwerrjhEAoKLiuuEc2Gxe90Y0LtbgBpUuGbv
2020-10-15T01:32:23.867640693Z 582 qCjww5BYhSJmu38CgpzQXyC6JEI4xlpOdexXZMTukpUxqLX75h79Q4WAOd8e
2020-10-15T01:32:23.879605235Z 583 fU9yQ3deT08PEIGucsVH5lT3D61kfCOyNjT4zCDSxuZC868TYKfSy6wHbusl
2020-10-15T01:32:23.889966169Z 584 mD9mR3VxrRDf6LAiArvZEH8yDQhB0HiGHQ4KPJYgkGXu7dHPjvFhu85bNWlu
2020-10-15T01:32:23.901496842Z 585 7332hyYEsTjHAiAc9CCVZgH67PGvfY4cEnkzJ8kphhGK2MXMJkWRt4jOehQg
2020-10-15T01:32:23.911961715Z 586 z3Q0R5zgYWkD1o4CptfCclv7wZ6r0Oj4qTaPgF3BQVdxNZVmMD1v6v8tSA4U
2020-10-15T01:32:23.923586033Z 587 KtBQG24G5BPG1fCTrfKhPu7rH0Rbp9w6plnIPQ6vRli6UG14ymACdQewtZIs
2020-10-15T01:32:23.935627226Z 588 GPFKUrh6234vjMWDXBVZ98mgQmwCfMsGZmOBMe2TJ3I3XFAbSahjIuBuwaiy
2020-10-15T01:32:23.945824166Z 589 QBCu9YDcaXy4Jr2wn2kWIs0kKOr3v4D5F6Y93LlPxZ5ohM6Z440huxZS6zbl
2020-10-15T01:32:23.957722871Z 590 ZbsIe5BCaLlFKDNFrxZO3Gknh67bBLanh03Z4sNrlN7F48PljIk6tiaN9DjF
2020-10-15T01:32:23.969318584Z 591 AQTHgNZ82HMcc92rnq5B3nBvgJaMgCGjsDGqKnrEWc34SQVnbFf2YpowU0qc
2020-10-15T01:32:23.979919263Z 592 tqmr9JsbfjzvIDpFFzXff5OuJ5a49LiQSCgvePBoTGCi2Hs2wZlGZF9BuD10
2020-10-15T01:32:23.991861334Z 593 YVjSVs9SlE7CTZjo26DcmLFF2GwNvdQ3K5K41VvT1msLMWlwLXhUSbVfdgUY
2020-10-15T01:32:24.003293465Z 594 NkuBLSX2OEhb5WlxPBYyxiuXSJVZ0W0cNNXPcVGL3PefV6bTsEbotWmUzZMO
2020-10-15T01:32:24.013926742Z 595 9ycIKm8UMfh72qeJGymMH3vdxCONUYpkDHAruLxeGJadWtf48IbWlmuo16uo
2020-10-15T01:32:24.025285494Z 596 LFGnmCHxVjHNfpjYCzQiNtLGZI65MCGhtRNL4f6KOsGohLqr1fFhXTzYQHcR
2020-10-15T01:32:24.035952822Z 597 XbF2iU4qJRXmNNZ6yVFbxTO5xwk680mmDMFXcl3HTMClujcuaPOs9br2AXa7
2020-10-15T01:32:24.047715372Z 598 KD8ime8IaBDI8NOrnhfkEetioh0ktg4CZr0Bi5KaknugGjG71A5IeULHX2ET
2020-10-15T01:32:24.059486472Z 599 FCrBBsOANWmgCfG8LbJf81ceB7az06s8Y6VI13Nv6SBUb1Px3jr4fVAcgi2A
2020-10-15T01:32:24.070021379Z 600 FGTSuSyhjtTa7JdSZgNAohFAcClkVF2ge8Bg14fXtOWQEq7fxCmdX2KBWkyO
2020-10-15T01:32:24.081574951Z 601 5tqcSATFdQLHiu27zjFkgFKqBdb1rYYqClgrTfeNHdNd4UkdC5LNVtUi8Cgc
2020-10-15T01:32:24.093025261Z 602 APmHgIiLknpXpOwzOrzth3XG9mRLLwSqJwmoqhldXBELRSQRKkIdfd5PQauu
2020-10-15T01:32:24.104292484Z 603 to3IhwNom6wYxKlWi6RSIb5XtHoXydG8nz7oKlxUwA6bngJev6tYCz6QESFK
2020-10-15T01:32:24.115897189Z 604 NTRXpnjFDlhNtV7e14EjlVzoBGKmlUntKfOlK1TFwGKozT7IfykYsE1Qp8v9
2020-10-15T01:32:24.127571813Z 605 n8OXlfOGPBYWXVWZrpTvMDdLc5etSnXteHtrK0wNUCHrI8szUbzV1zSNdSfL
2020-10-15T01:32:24.138335914Z 606 E8CCdiAp6pMVwnh3cRgcyorSrhKHi9gl6A5Fb0A5kbuUcDj6zSTqUM85r5VA
2020-10-15T01:32:24.149640206Z 607 ds2rACbQktK3UqUw02GlVHGRo7zA7NVyVkvGs00EPQSeYUBY7u2Ig5cbMox3
2020-10-15T01:32:24.161120809Z 608 w8MgnAFM4p5pY29Z2XjS8cPMRxbDKQR7hkycd3G9kB7i43NvySjFTPG6ESnN
2020-10-15T01:32:24.172592078Z 609 OQrdjt5rZ6kKM5JZGceYLyKzxqEN61m4uankxVJSurN4wxhAExLHqMeIj4dd
2020-10-15T01:32:24.183097369Z 610 s6AKXfI2UYDMM3fIyiRUvctRpR1kffSqUHE9BO6rqCSvHwGmRKV7aJcSRxz5
2020-10-15T01:32:24.194020319Z 611 htKxYuVK3qYaiWe5YvobdFicXjdrxAIE8Zw12AAtMaWHnk3d4MIwnk7pMekU
2020-10-15T01:32:24.205340835Z 612 rtNkSwPdGFODxumCUK4l11G85trAXMAUBeH8anTlPckGT2yMRwKf2YH2UgaZ
2020-10-15T01:32:24.215714542Z 613 8GjRHwucBGojAwNvceLRy757ksKdXqgDBOo4MGREuLEu4caZP9SBwTRpqEPs
2020-10-15T01:32:24.227195146Z 614 MavT5JLY43DC7EEwf9USakwuBzQ7kAgtMA0w4XSP6Chk03KgaB9biwnkk0tW
2020-10-15T01:32:24.237932219Z 615 G690Ihv9DiVUijRUFNFbfT0ZWlI9zMwNwOyZnLjVyx9zGpdRwe5YNYKSj3E5
2020-10-15T01:32:24.249653278Z 616 cHVK9W7GVAiD42XmwlMnIrP266bmYockVOocNMZNLFld8w3mUJEgyus3rd3E
2020-10-15T01:32:24.260607314Z 617 hqyAhxXzrVA6BpFd05Hr3mjdgtP0p64K5QdGFbtIe6CUO07bH3KOXW11ix3G
2020-10-15T01:32:24.271627861Z 618 Y9dyyrpsBpRlIpxCBV4Mk1xbySWDtRg9t9H0gMNqEG6mYlBJJxwODlK3N1NG
2020-10-15T01:32:24.283389111Z 619 USfLBlhDq7KLoiO2LovzqZ5keHLE9KucUhbJkb0Zaqr6VvmFzWiJafk3HvDg
2020-10-15T01:32:24.293872550Z 620 7VCjYK2PqvEPILdjQZaVQplA0VyYQqOjcad0PWyEv35ynftZOxNU8d6OrGTQ
2020-10-15T01:32:24.305555488Z 621 n3WTFrMzxTRPjUZuxomX2CniKJu8dQhLA1iBCKZQL1FmmAn0TaYUzvWwC80n
2020-10-15T01:32:24.316231288Z 622 nrASkS6312bGzLg3ENbXm4gWjMhi3tHlg94cm4Vq8tTMtassQQeTpOeis1OU
2020-10-15T01:32:24.327108119Z 623 dfi1iSihtRberaCQd6doehuJGASlIbKRmrh53s5XMsBDLVcwpUzurTY8mqBP
2020-10-15T01:32:24.337891796Z 624 1TWeMjD7hlbpXYdpibfnsMPTTlKELqmKxHnUNaxF0bHgL6nwTbDlAQBBJTdN
2020-10-15T01:32:24.348565663Z 625 lwuK2fr90SAN8ZAb6XsyJzvnlcYlPUQHIRwURgFiGENmKnvW107RlCcV4My0
2020-10-15T01:32:24.360318918Z 626 RYGvGlKrulNr9h587XIUXhET2iAdobAeNKasZz1jvodG8RyqYybdZ8ZDcjgx
2020-10-15T01:32:24.370935081Z 627 WQ681KqW84U39jewveDm77dhWYmAFNTuZsphoDytfKQh6gocJHlLpLBh4msz
2020-10-15T01:32:24.382390655Z 628 doCzi9nTFsicMySZjltSougFNsBD5sU2ToEcbxcCCZoDrxmEfxhsPd8QtH0o
2020-10-15T01:32:24.392991815Z 629 uR6qwcJzgOCpY5AaOVySfL3s3e42La2Mv53OhX82Ip4YmbOqzfbvbwiPooHY
2020-10-15T01:32:24.404515528Z 630 1n2MDbKkgYT6VLzlJE4vlHPZM15DxazOmglAGhMPiuY2PGsLIjdZo5o9PFQr
2020-10-15T01:32:24.414700433Z 631 4ifhmAlHIwIebLo4WKOHdcojrCLpSvhLk7tFAKPuZ4OGTT8GOM0CxisAS6fa
2020-10-15T01:32:24.426431008Z 632 tytZ753NyHeHKCQjohYh1XFAXFHZOY6bRLAeBx4HqYuBXXSVjCJy2PPPtOqz
2020-10-15T01:32:24.437193376Z 633 Ak1ZJkuRd97ILEJOKUnWo21FE1gnSZBLOhYMKpBdPcyhxMQQCQ4sQbvSLpXz
2020-10-15T01:32:24.448020712Z 634 q4ryTCnwg6HKgI91OE7bcbxGHBCFWRnpDfSllUvskKOp0aJ0tHYxQlobmnse
2020-10-15T01:32:24.459873541Z 635 irnHw9nqQdcRA0xJB4lXvQ8tP4QPesD3YFd7sHVtGxjDLD57OwE6x7wbCnAN
2020-10-15T01:32:24.471718969Z 636 tmrsE2YvlW2X5jSPZCaDisbDC2vua9E6kaGnlicJbgUk0v0cwP2xvbaDSD4o
2020-10-15T01:32:24.482933613Z 637 QOUAT4Q3xgpHerA6xqG0t5rdbOYJpPb3RuSr9r3vfqldDNQYnK5yWfy2ePOd
2020-10-15T01:32:24.494534072Z 638 dgHM73flbtDnG7tcOw750pgK22TdlMuUF5IsSVFTbzyjH2bkDFKliH44Eah9
2020-10-15T01:32:24.505126489Z 639 FioJbblrmfHd0Z1nTlWoptigZzWQ9bCBnrPVQuG9RNJYnby6ISoOf61ax6Uh
2020-10-15T01:32:24.515884615Z 640 YYL8TbgeEEe5alGzOiO4wyvjFP1RylCHQ3NbFqkdrQGyaD7iZuZj1gah8hSk
2020-10-15T01:32:24.526947950Z 641 M3LuvxleSjBMiClUsr3MFRvwrgkbTtLtgvD27T1fVvdXzMcnxyFH5y0rapO4
2020-10-15T01:32:24.538496899Z 642 LDRZKAuNThb84rqXn9AxMxRnvc0VOl9BDzLI1QwHhtVuvi7eSp6lq5J6png5
2020-10-15T01:32:24.549383346Z 643 unKGaZtClkBLR21fdnqFQ4oPB2Md1JXliFhCmjlwBlXgU26IClgmnKLC6hPL
2020-10-15T01:32:24.559827357Z 644 zL3WrjlLg1lqLFp52JG4bgYq6wDeKymxjw0GQvCl7z8y9gqNUobrtXas8kXN
2020-10-15T01:32:24.571569605Z 645 huYfqiP0wOXm2unKq7VWvP6ktRchSNrPqOANZiPrrsFVO7Y5Bw8DkeBlNWYS
2020-10-15T01:32:24.582362654Z 646 rxm7QwYqJqrpymsgXBRFPeBINDqiH8xYdvN7siYSbvlwX8xUxYIQc2KV9GTQ
2020-10-15T01:32:24.593108730Z 647 wldNzV7pDQQ1R71DNPgi2ZJxfW857thYbcaJfVO1KhFo2oWI8aerdSQSE7QH
2020-10-15T01:32:24.603735957Z 648 FBPxgkOu9l51Yb7yYi4RWrPQTbav3XX8vp0W5FWHQBEj30JW0sMYw1ORsA59
2020-10-15T01:32:24.615093985Z 649 fhvWj1QH4w7N4GmC2RvCP4yQNVzZgIirCjxjXLOI90cv99bYCJEJn8eJiGuk
2020-10-15T01:32:24.625833076Z 650 QbHUw36ccmX2olWTZervNXza33xkCh6k0vrKJCkusdqksDtOtm77UyFEbHVJ
2020-10-15T01:32:24.637554261Z 651 gDgdvVznZbLP5u7AZC6ITcZUgUfAmiSwskxCGHXGllpRWHNTOITQW8mw8SMa
2020-10-15T01:32:24.647888622Z 652 Vv3LpEg8DuI8hPCLdHGJWxbcKX9JsBt7X6UAbtSIKJO8YsvAHSeNd9nf4yKv
2020-10-15T01:32:24.659797794Z 653 56OqL2OatviDdJY9HcFLkGcTxNnWTFprBreMWkq1SzcXxohJnouNq96lg5H1
2020-10-15T01:32:24.671164195Z 654 AHQ4MH0ih1YBRdor4iczTG0N5OCJvE5K5LgTKRJ7pXKmCVshShL3yRbqFgQs
2020-10-15T01:32:24.681767743Z 655 B44diOvwqEoZNx1brhYmrFQQLHSnvaLcdWugkLyj7SK1W3YiRcSoVeAMwllj
2020-10-15T01:32:24.693574880Z 656 dQmZwHEZaDOfAxeqlOPt4L5wfAjbWtimk2XBMlJ5QGVuqoI92JRRtjZ0nqsr
2020-10-15T01:32:24.705261343Z 657 IzRrCsb8FU2uV9DSUeOOck7mv1iRNqL32bx7mop1IYdo5dtCgwU87jmALLMH
2020-10-15T01:32:24.715907710Z 658 g26YqVknPZcRrTjXHvIDDopW1PpfZB8cP27zP0RwZre73fmw75AVpS3BntrH
2020-10-15T01:32:24.727483529Z 659 kWcm9ERexT0AeEtIWuKnnyRQa9J2gmWJ39jNAJGRGpiMvhTESGHYWOMGWZJV
2020-10-15T01:32:24.737805904Z 660 TXrl1urwkch8jcUy4whifJ07p8Fus3EJAjPZqXLnV6Xbh2KLJUO77bb1wLAT
2020-10-15T01:32:24.748762808Z 661 HOmeGfEpRsgvfP5Pk65s8C1BM6M0ij2Z0e7sjqnNp1RC8OeNWLIO4gvO2fd1
2020-10-15T01:32:24.760397678Z 662 KOLgmNviQYzqUt1o9IhfvNUg79wSSjw6Q2nCeXMVzPn9bW80NdFG8qDSpFPC
2020-10-15T01:32:24.771151581Z 663 aRVxUalKB9BpRceZpUt6Mx0a47dq6sGZ3TxpWcDq3UyYi2B4vW4fUdUGcNYG
2020-10-15T01:32:24.782004638Z 664 ddOTizfoJ5AQaslT2OC1Azdm4xIWGoOrX8nH7GTbSEB96GCadi28QpuVwrcU
2020-10-15T01:32:24.793578688Z 665 v6vhUFMVMSMpLoMqxAFzCs0gKWZLEh8Mj0YdgsdPji7IAcK2XvpXnXmWiFVS
2020-10-15T01:32:24.804155234Z 666 DRcX5hGLQaqgYc7YoyacCAhAPyQniKYUAQ33aZ0cZ85Dxf7UjKQSytXFXpUj
2020-10-15T01:32:24.814811376Z 667 1dFrdFc8ACZBr1Qsc1QpXl7rcisHBt1AyF8gmvnPEE934Ybv92GHTRTGvEQf
2020-10-15T01:32:24.826481235Z 668 fcM70JR6fNlGQEEN1QG4DrfWBZ5EdxhkSeOQv2H29bvOdOKOnF0oiQ5nnBwc
2020-10-15T01:32:24.836971367Z 669 cQV5YeqpFr8hK186h0KW5SC9KiQsG9SOM9dnlR50PqujPHfbLMC02RrSWNFw
2020-10-15T01:32:24.847614266Z 670 mWQmrzXF7ByAPUBRhtWH1noP0qx8p7SI9WApnoVi96asYHnC9lvriqD9GvOt
2020-10-15T01:32:24.860304995Z 671 mBLPRRnxgs2qricu6G82qH4ZhasMK7myABCxQRDyITSIUnT0lloWYPAnoD7y
2020-10-15T01:32:24.870836510Z 672 zxD8gk7mV8DAEqzDo8ouTEUojUTrRZVTsNdls7dFBlVaUuM0D1s4hu3rxOOa
2020-10-15T01:32:24.882614721Z 673 mC5Jzx4XrlOvFLpcoiDQz7g6mtpG3zz0hRpWiIpuj5O1XaqiRVEfZO0FcBqn
2020-10-15T01:32:24.894240519Z 674 7zGe6qX5wPZYGISJnbXwZH60M5JkdBu7XtHX5s344VXa2ZLiRuWMrQ672u8E
2020-10-15T01:32:24.905973260Z 675 mHN2HK5Q7QQ5cPrOVCkisuezWqa9vtGTm9rRnvjPadqjbGKLYGRSCTlUr0hf
2020-10-15T01:32:24.917766913Z 676 lIxE6u6ouxuoH2eD6gkLabEvFBdCaWR49FuordRbQP6iWHaDF3Cc3sG5FsFh
2020-10-15T01:32:24.929115815Z 677 515uTQcwHzijsCz2hInFJlRZO30vg1LS7otMDfh1c1NHtMzsCWi7E2svO8hO
2020-10-15T01:32:24.940649583Z 678 FwNP0LD3gONVbWCkONFh7ttUGFtIeswhHdi3symCTI82MDxy13SJd7ejhDDb
2020-10-15T01:32:24.952303324Z 679 YBg6KZcmWmRiIhXV1RnzwzebFYrmLTY8Gt8vDEGRIH6N7j1OIbvwdavUAPIJ
2020-10-15T01:32:24.962932596Z 680 r9thPVAvnzor6VNwqEo3LjMeUQpJCH9B3HfLDwJTvXx9MAlD2UBSVd8IS3SK
2020-10-15T01:32:24.974695320Z 681 CKdsbAea1PBHiP9kO5v3JIuXIwmLrvPSaigxhvO25EacxTZ6qdkguHLiIxGI
2020-10-15T01:32:24.986498971Z 682 vuEqV4hWr8w9FZbyyMNDJFTHq0uZo5lD5C3kHiVc6BIDgOpL7loltpsufDyR
2020-10-15T01:32:24.997423591Z 683 9OWDmEeYEGEfkHWpqHwj2mCjZBO1ipuDC8tdSUC7BPGGgQRj9G42F7EzuP6C
2020-10-15T01:32:25.007974921Z 684 50NrEkgl6OjGqUlVbHklzbh45W0PQKVuywN8zR5imuSOVlw9lSmM8VJNwNk2
2020-10-15T01:32:25.019623247Z 685 VT8t02D3WEjm1pIUbuHpaMOMWRsd8TBrsoQ66vfocim8oTT5ohS74YHrLS0e
2020-10-15T01:32:25.031463219Z 686 bQg3eCUrgjpi8pB6sCIH6PbKXeROwjZfPoga4mPXv7V7Ae7jNjYMO593zGNz
2020-10-15T01:32:25.042316693Z 687 4HqDpHVwCh16ZRS8aqydlkC4Arnq2QSG7LdSL9dv0rrFcF9Z6VURI3OPqu6N
2020-10-15T01:32:25.052957007Z 688 TvKUm7EjfRYYkObhawoadpUbhV27cJEF1yJRnr4pkNegI01YMsxSgbRgY7Pb
2020-10-15T01:32:25.064427629Z 689 o6bjnRW7eeM8i8DfkhWfGxMrz3shW4F1WjcySMNR7zgHqhoxJeuoLKgPDC3z
2020-10-15T01:32:25.076014145Z 690 NX9uFvtwHyGB8tEpPwRlgYxXoareRaVDG64IRSQGpsHsGFJZ0y4b2CqYsYRE
2020-10-15T01:32:25.086772060Z 691 JVn0cpBRMzdHBjDay5fCg6Fue30m4lON106zBxnFJnZlLWvv4FUCSuJMTive
2020-10-15T01:32:25.098479741Z 692 HjSfjbKOAv0wcaeSAKFZHc4w7DgvYlR6cBpnoVlS8PQhgP7jyBPgxT8Hhpc7
2020-10-15T01:32:25.110687482Z 693 iFOq0x5bSqp1bvPXOVgRbnsroyg3DaKH7PQVY0gAwPVUKGk6xups5I7hybpz
2020-10-15T01:32:25.122185412Z 694 xd9ccA0YYdCrysmq6bluTzi2nNfR8Qd7yY1cLwurNmUF8mLTQPMB5Ey9by73
2020-10-15T01:32:25.132925977Z 695 Ffza2X3mkzgu3aPjuKmXEb2kj12gmq2ICIFHEolXOJqPZmy2tmO6DQO82Bm7
2020-10-15T01:32:25.143747588Z 696 yt9L4ua5mmuSYgJohbvgESnDrOvtgFyENTFeMhQYQ7IJvynsexNLmwGcUSq7
2020-10-15T01:32:25.155376393Z 697 eDqqDXBr90qKsIayjoMmPJ5yFwMYaJQdzaIGdjNKYD8HfBnpPqsAIMJxFsuG
2020-10-15T01:32:25.166331829Z 698 YVWPCxw7knqQUw0E9BpWj9LYrsm6WZ5hO7elriWRc9qkLUoKAbUv34e6lTFg
2020-10-15T01:32:25.177720479Z 699 lbTuXegdYryZgtjT0K4BUeostHqCcVGepw04nfmZopARczfUzTzcRRVnqiEd
2020-10-15T01:32:25.189556915Z 700 bD3yXbuj40CsUIiEImu7e8hhaxrQ4XAplogJYMKM2KT7BqKZyJ2dHDJMHnan
2020-10-15T01:32:25.200282024Z 701 iNtIQ1oAzh5Tznf6BDo26N3RYKTrmcYL6ofGKrPPItXQ2mdjve2xRzYJHzLx
2020-10-15T01:32:25.210942664Z 702 AyGdAwVWSJ37lPxILSdamPesnzkjE6h8TOwVPEw3wnDQjBuqesWNgV8FoWqx
2020-10-15T01:32:25.222770801Z 703 tBQLEbjJE9iKiPqKfl7DpLyh7i0oUin8LHiDJavhEVlPdPd6spfaiCP4xg4Q
2020-10-15T01:32:25.234677485Z 704 J7204JkA1ldvFeREm65wlMGkFdKsidA4rVGuDTh5jKYVucWy0F9LyEO61YZL
2020-10-15T01:32:25.246757420Z 705 CHtLPLE8wKAs3FxooxYl59eqwBPhoLyD3KLuIULIKTMGyfVc4rTEkiSH6R0g
2020-10-15T01:32:25.258145915Z 706 wf7AVfrUtGauW0TyrzBA40MpsyswSBl6oup65wNPnpgZNhrN1WDNvuBHqOhF
2020-10-15T01:32:25.269798264Z 707 o8jD8ccJDAufIQNWPttdxXdwRSABNmaIPNG3pfuG9Fg3MsnNfG8cl9E7tVCQ
2020-10-15T01:32:25.280938504Z 708 L4DvRTJZEhNy7FS3w43SScxIPiF5x2qUoCSLobWjNRaXtu30hHZ8TIbEpnxH
2020-10-15T01:32:25.291800681Z 709 ySCHVh1kb1cAJpoEVeFfLzgj3Z5E20tVuHR35R5IxNtgwMlURBHMhfEonmnN
2020-10-15T01:32:25.302978648Z 710 xNpHxfPObH0JvyS4WhyxPXR3bRadxq0s8zP9oLj538CPxlcRKs2QLssHJp3X
2020-10-15T01:32:25.313926008Z 711 yp6vSQbxrKEPUkaSOdaxssXnZTLTrhNivkV5t4D2Omcwj3ZYdPCVtJGHuUmF
2020-10-15T01:32:25.324719012Z 712 07rpQdoUcvQFdcxeVNrC7MGgqV73M25hmOw7ldUoxRUrF0I6wi5cTEBTBb4X
2020-10-15T01:32:25.336415550Z 713 Jw9hzvJ8dj5oEtGvz0Lz5Pr8YainSf8xVdKPIVH4Svo3S3bGgL4fFqHWHOF0
2020-10-15T01:32:25.346904050Z 714 mVugfVpgpzIhL5TuPpYugrT7KgJCT4yarIOHaGS4Snd6xJhtjxwYCYxDqdBi
2020-10-15T01:32:25.358026380Z 715 4SR3ncajitmHAvKg4ZzyIUoIxSadieQOOR99F2xGyaWGA9712FDTdAW5MXxj
2020-10-15T01:32:25.369619869Z 716 POqO2n1UrKewc27yWqhYiFj7nZgliftWP1XWV7NsghY9xAEfKWSjTS1Q2be7
2020-10-15T01:32:25.380330660Z 717 FSWLvK6PdHVDfvnm37Km1bQ0ohOyLyqtWZqchisoCRHXxff5Y79vuFEQvdNY
2020-10-15T01:32:25.391017244Z 718 EjJA36OYGoNgnoIDNbhesvGxCJ2ZnXolIjJ1e6R9Q3kr2W8aB8ihAeebomTa
2020-10-15T01:32:25.402097606Z 719 01uxx4z8iqVf4Guhqf7KYPK8MxPvNXnXkHorF4vG44CHd06yTJu4Aal71Lp2
2020-10-15T01:32:25.413759699Z 720 hYaSQO0nKEOpXgwdRxNOtwtP2Zw2D32GiL0WVAnzq7ZfNtCuX1ow6oKt6n7L
2020-10-15T01:32:25.425550887Z 721 HHO3oMjRoxpJlcjWZGbQq9zXAtXUkhlTIkGJzqVtpVlsHpe7Xl3EY02cvGdi
2020-10-15T01:32:25.436463230Z 722 LlvDYLxPLiWvrmTJv2muUpO1hz36QsphpTNnwaV29lXrzTMDzSopZCO0pTzJ
2020-10-15T01:32:25.447632751Z 723 1784rs2WxvYnb62pWm8yhE6EV8oZH2X7pWOgmXyKdtSgyzNkDQT929iVc8ry
2020-10-15T01:32:25.458467144Z 724 vrEqdhnCwgxX9dn3aZrj9iwBPNiCyzLGJeq1ouu7mSrgjMNcohciXkN3lLqx
2020-10-15T01:32:25.469203353Z 725 cj10I9NYDbHcnO86Bs13kIqbnGPyh8WOehcLk2V1NQEYQscDwbyyyToA97mE
2020-10-15T01:32:25.479978780Z 726 T3xmvYRf4zJVRS7aAn3t850ApBmzIhRLWJLWrF0QxhAdgGlYdHvufE5pUGW1
2020-10-15T01:32:25.491882756Z 727 8hgyBi649lfWINv4aMTsYvdTYwGd5aUlVS9A3dFmROyriaGoRiFYxAoY82ID
2020-10-15T01:32:25.503040059Z 728 iF7B5BYp1G0gOkiJF3L4DjEefMnLudoRVb9DyfSREi8fg88HI8c5CAlJpWxs
2020-10-15T01:32:25.513918363Z 729 l3hbpdduYqHWeKPKIuLy1AkdwTcwhaTOxkdOrlASgVR5ATZI7ZKmp1H0YrHF
2020-10-15T01:32:25.525494548Z 730 OcVm1SBhXTLIqk6GRAAiX3QKCJ79B7C8TmYk3OkXLsgHWXtFpRyH0XwufAl2
2020-10-15T01:32:25.537359941Z 731 3qYWLXi2oMZBMjTtKW5GWFmhWiqu7Q454231jJiPLOXun1ZqCeSWs4mb5cJS
2020-10-15T01:32:25.548018045Z 732 tyg8FxWD467EynqlptSSnsIYPr7ASkGrkldASLzOSupPa6yVq5HiciS9oYrM
2020-10-15T01:32:25.559796302Z 733 Z7XPAZSeyNTG8kz1MD52CnyBOnEfivSdOMZdcz5HrXLc2JnpOfQJ1iMwy6uj
2020-10-15T01:32:25.571716558Z 734 X2f2CzXpfTbokHCp77UKRPzFSNGfgEIwdkDk0Hb7JUB9sOCbVLv8aYuPEpAJ
2020-10-15T01:32:25.583707240Z 735 w6ImZFt6ETa7oKrvjAyQduYGQd4FRCj32pBi8OaZ5DEHCC5ZY136iW3gRj8Q
2020-10-15T01:32:25.595596907Z 736 9A2IKkHtMAvo6WJVlJ3izOEnUyH6fL1KTbTSu5ulO2hAIpfGhvK2uGJ8IcgE
2020-10-15T01:32:25.607633684Z 737 WteAwZ1Y2XysvXXS5jUiFV0qF9RHvTWQM6IzmRwq11zSje0e7zI7RbIrFInK
2020-10-15T01:32:25.619586818Z 738 uq5sSSTNwZMTuppakWvBrTk5CsoOEBZMHd9rAtMcQsYJgC129g0MPvRbP5aG
2020-10-15T01:32:25.631228531Z 739 9uw0fMIjkzU4LvRptiHpaKnqjSrkUbYM3nG2AwQU8dWUoZZ3aIEBNSHHuXzv
2020-10-15T01:32:25.642887470Z 740 IVGiS4pcvNnydlJmPiWTFcQl4MET1YSf5zofBjZnv9UzHZr6lRn9VpOtl3SS
2020-10-15T01:32:25.654572245Z 741 07PPDys9ztrzfppTmJ7kRgqJ5hMjEF6pQOiNsbAJvnrXyVgh5PfsB7Chtr3c
2020-10-15T01:32:25.664749440Z 742 BKaY0feUWNKoNnyLs9jSclP4y4Y7UUOQhiMW7IKACOOCd5N6ScNbK6n7xBKJ
2020-10-15T01:32:25.676434495Z 743 zrBX1XuXyNwj1AOuQbpR6g02ZbUwQS2QO9IuUPMVW46yBfVtmSV1y7bd0MsD
2020-10-15T01:32:25.687082993Z 744 FAI1eYv6gWKKB3RHqXf2GFUCfyEbQlAZDKXJ7srNP4tUgzChW5eooTRMtsSs
2020-10-15T01:32:25.697891848Z 745 IG73VDn7K1BBoEH4W4RBvjLBH7Do8LOftcv5KSsgvU8QFwjwazo4w7csGsxn
2020-10-15T01:32:25.709785737Z 746 Du5QKtB7yimPHkKWXDbuPbAoFfkrpjJoDfjMlnsAQrZXasSsNXMdf6Wbuwtp
2020-10-15T01:32:25.721586795Z 747 X61ChGIExPpOg9ndGwZvGa9r2s01LBNIjY45iw15ntFUxKQWoo6r7HGBEX27
2020-10-15T01:32:25.733255806Z 748 QHIAEocDdXyjjuXfcfsd1eS5tu31cELj6Hw3DC51uBR9vOKDjM5Qm6EYekvT
2020-10-15T01:32:25.743952024Z 749 GIsjkUcB7jVCQZWl8YbDBpmyY5bbOctnKNNvZssrTfkeOusiq9LlhBN3B4Yc
2020-10-15T01:32:25.755687442Z 750 MPzRZ6dEb70xsFrF5c9ox6uyOUh8dGgLboXgXVGVHVQ7j1Y067ObYyn6atws
2020-10-15T01:32:25.767607238Z 751 92KUotb0vqOWMsd5bdGZjFv0b18cLyFZOnIdPpREmOWhHbpJDphHURtNrbXE
2020-10-15T01:32:25.778591172Z 752 zapUt76nlypJ6cC1IfLvAB4WDVT08c5YxX0VEA7lRMdwZNBQHk4ijfDorrE7
2020-10-15T01:32:25.789237912Z 753 49jK7XGo17rDZxapQI0p3gnyaGf92ZCFZh89DChw2eHfJa9p5oR6JfKbdf79
2020-10-15T01:32:25.799706863Z 754 7KBMNzsQKWome76J8WdCBctCtnoIRg2yoFGnpPNaYWjxp8oZDHEw6SH45tEc
2020-10-15T01:32:25.811193691Z 755 E9BIO50J9y1HzUb5VImpxa0YbNPAi4kJmfMm3S5wtEKBp6epjf1mmMcpqJ15
2020-10-15T01:32:25.822719269Z 756 HjE4eIdadPSRiAzWJjU09TFUL53eRLx2psAdBz0jUuXQczqvpDti0zfbhxCy
2020-10-15T01:32:25.834266827Z 757 HkgD6HcYFfQCPgeSfMBtnGbswcwJ8KiSk6DktUhikHU3LmgzXLGMHrzHtR2G
2020-10-15T01:32:25.844704083Z 758 njEIFF7yjckSliEpuTnrak6SCImYSawBQOUTLHIWYAcGc9h0rKVyBy3W5BIT
2020-10-15T01:32:25.855601163Z 759 UD8VVHu3dodS1Li8itd78HaCYEHNKUZOvZO6iWF3IbXx3v9hoO2L7VrVkshh
2020-10-15T01:32:25.866637791Z 760 N509hsz2rMPI9236gaiACJpe9uvA8vf6kaDSzYawvkjme85CqcdlHHkyJvWD
2020-10-15T01:32:25.878345724Z 761 RhSx3VnNgpdMhmZSMqRhmWqfUQinbUlk3f7kDrophnDTd9epqm6M7kcoWib3
2020-10-15T01:32:25.889034827Z 762 AIpQbgme1PCxZVR9biocmV2P7c60R5WoBu3rqEqETxHLymbkOaY9jTayGoXQ
2020-10-15T01:32:25.900697557Z 763 fGBfntf3mtrkG7YgkkoV3ezEbqEqHzuCGcvlehUrB9vT11k8zY1xp6aYxYZN
2020-10-15T01:32:25.912343970Z 764 Kfe90p10R83Rlc8yjLOD2biYglPbF09FndkzyRYWfWYbYfCFQ7CULohKRFUO
2020-10-15T01:32:25.923101487Z 765 hKspVdvrl0ezOoKIORLrtKM9Zx3BZevF8AZUW2quJzS8uVKkzYCqX27ZHz42
2020-10-15T01:32:25.933787018Z 766 a2k0RGRFRGlG3zg1iLX4tQAM2f8NFzDMdNGOhRYX85jkr3qJTgcZh3YnnaRK
2020-10-15T01:32:25.945400879Z 767 D5YSgzDw376MVjE4hyO8fOoi7xEgnU0f2I6TQPn65yeryUbu0mA6cCW9eHwm
2020-10-15T01:32:25.956000479Z 768 vf4GoNdA41Eznu27twu2RSBtQSVCsfIdsER6XVphBqgIQrVVHrxAf49uePqM
2020-10-15T01:32:25.967871046Z 769 qxbfbkC0dcU0z42IchVVZnctWSG4R9qD539NwEPFiTUgooCmyhdsPSIZBMhE
2020-10-15T01:32:25.979499195Z 770 oFcIG5boPLXAAQtqWaHl6XbRj46BE8SQo5ReJtydNQdAYz3sHLYOazaX6yTB
2020-10-15T01:32:25.990454281Z 771 ugbrvGIr4fQv8vy8EAQqPRKJ1MhK2s6S1nGY58vZgvsfrHxL80kDM8tZgtHY
2020-10-15T01:32:26.001931039Z 772 hWTk2QCjLePEE49MK2Fv70oLrDsDWAf9YL1WZLZoPexLjm4SGTphYcRKNagC
2020-10-15T01:32:26.013521965Z 773 osazJAyLnu7ugaDwiLwuGiqAHfN8SdDtstmwAGM4mEzQY3u3o1haNBHTPzLL
2020-10-15T01:32:26.025312703Z 774 PWpuugBBnFvllV4C5xlVGPaffTqPFfxzDqeqHCsGYYS1yEUzW5G90tkOcR3V
2020-10-15T01:32:26.036862531Z 775 9gQep3o5kFSDV6VcmumfIy2FBn56DoAj163eAoJKCfMDepeUnywTAAYAzh0J
2020-10-15T01:32:26.048540951Z 776 wWBNM7MFx1LpYHAUNEiGqq3Q2y4JM1szOIiU3qpQH4Sc21dy7THUx39u6A31
2020-10-15T01:32:26.059089591Z 777 sTNP5pHk5LoCAJbc14iT4lqQxJmW5vzKi0LqkPwsaqcSBAskcwtfy1Bwuyno
2020-10-15T01:32:26.070534688Z 778 mHpLGnwOVFPgVjouuYwKPnbgjj9z3OcjExEf2K1oP6vtkmIhXickLHodSTPz
2020-10-15T01:32:26.081272042Z 779 OV83EglUM1q1DHjOTEc8A2vClCgQKlWBqlLTB9icj9SyRviPjGt1r74zWSsg
2020-10-15T01:32:26.092036484Z 780 8MMahp3HgHYwArvH7N0rP1EUASwV55qfWTly8P8xW3JNtdvq94ujjJFwy94O
2020-10-15T01:32:26.103610079Z 781 S4OsgsbRnXK2O9XIU7vpTRtDQHJbs8rHfHHMGsrxru06XX2oFhVNiOxZ3JqY
2020-10-15T01:32:26.113681570Z 782 sKPFXNi90s0HtZic6hvGQij6ooLn1j8z2bVdujxseNLoYnahSl4Oi8idij6G
2020-10-15T01:32:26.124679134Z 783 HexHVMdaAuuBlPNz6a0ox8zAOSDl51oEwHiCtvK6LiK8AZrb9kmMLTz2mFjD
2020-10-15T01:32:26.136225179Z 784 CuxNYRmNtafWLAaNwvd9Gb8n4Hefv2b3kUuLKpTsxc0d0TT0pAcRuzCgXw1G
2020-10-15T01:32:26.146868321Z 785 c36FqU9xUHpEWZqRtC2oVBZd5TlbTCAMyoccM0OIuqcPNKara5Ty0OvTkVI5
2020-10-15T01:32:26.158842775Z 786 H3DI0sIEE8onRO7AATFBC7R6rFfMFIPhFF7pugRslHFKqzaGYz2HjCkGABtJ
2020-10-15T01:32:26.170774879Z 787 XqrvNVRpDoTQx4vw9V5Bq4SwYSdVpRFS6lQvwiKyn3D7E1lhahRdA4F5SUJQ
2020-10-15T01:32:26.182405096Z 788 U2tLnKzG9y9jKrd6MMLJu70qiJBYTZuSu0AORqHgUx667z8yCvFIkxq3jOK4
2020-10-15T01:32:26.192885338Z 789 aLt0NU3I2czAisY55HvJ5416w87uYrP9tDWX6S6kgN7aYCE51lTMsTrKhdpH
2020-10-15T01:32:26.204349357Z 790 pDXAshA6Ahn3LEpl1D5UrRkt0PEsmGCQBv3hqM7Ef4i2juYp6CFPkFJ6SEYm
2020-10-15T01:32:26.215628123Z 791 ZB6P7pRgDeWGStoVK1w9BAZIcjE7knhpRy3HY4eCYD4rpHRyWdNcYAoN9r3G
2020-10-15T01:32:26.227025324Z 792 yXIGHV7rsUK70dRM3PGCP5yjwk0z6LNIUJC0Dmxu4Q0qgj7XXhvmRrwoDCe5
2020-10-15T01:32:26.237740797Z 793 znPr8xiOn8aNG8UivY9kCqkPMqCo9FZcYmy7GHJ3jGFgTPDp37Db33DqwNFY
2020-10-15T01:32:26.249323465Z 794 uqkppanNEMyEiGvH4JzeTblYAYirCuJI4hTLg1w5txPSCtKJvdjQ0FFBiBBD
2020-10-15T01:32:26.260215765Z 795 oFTjk4GYX8v8pWhMqnkzrC43ec5RoeoTdQJY81TK2HNdK1YKXDsjcOVDqlti
2020-10-15T01:32:26.270959797Z 796 chDBfTtPssTfY4E1AQDnDhlNYYOj9rgTFesModyoAsNyi6mfKDR46vG5eQHj
2020-10-15T01:32:26.282530427Z 797 KT2phPDtm9dlJO28K4hPG2DaPk1ywZ4yhdUBnCdT5z0s0sC5tyvBokPM9XAA
2020-10-15T01:32:26.292980985Z 798 W6z25dBzDCjQ9tttT7up5T28b4tZvjUR2NabaOpaN0SRprHgBIKZBxFVQ8MA
2020-10-15T01:32:26.304113995Z 799 6NviqwyDUVT10KGGPDakoTHHqA3YYjlv8FSrCfYqAqdMuME2mNUAKt3l111o
2020-10-15T01:32:26.315319960Z 800 S0iN0T1P9pdVklUiRvRAVXRKf1q6hdUNCOIsiFnrLdzEK4Kev9x7l0fsYsCJ
2020-10-15T01:32:26.326025209Z 801 Pw0LogEvoRd4A69ppkQumX1wT2JfLTWBlsOscnasZBbARNqFpB5ZG33K2jzs
2020-10-15T01:32:26.337794431Z 802 fpZX8UqdkxSIupVrLEC7CvfgY9Lsxg8dnSjhunoT6lyvSC6Bh1rgrhvmPgrU
2020-10-15T01:32:26.349097747Z 803 J8dKIHgUFDE1vGG3AICQn2t4L2NGNSy2LTlnpSl35AfSDJ8ZSHT3kQGDOLv3
2020-10-15T01:32:26.359990486Z 804 G4zzyv2akPndNb9OQWD9VGrfFndzu31KL9n8YzwbhEUY8E8GdICeYiO8KNmy
2020-10-15T01:32:26.370776030Z 805 zoowZlOwQZkBqQytg32XvYSBM5hM1fgkT2wB3Ws0V0ygtQN7JJY9QRfuGqsp
2020-10-15T01:32:26.382736799Z 806 03gWlgkj6FEAbUwBthSV1BROV8vLL0WhmsXVigDTg3kryXkvUuItSBzxHa1l
2020-10-15T01:32:26.393647116Z 807 ppLy4SEYVOWnjWrRbQneDKFEkVEdNRyPtVe4FBr2mRoN3vPiI1zKHqoET4jq
2020-10-15T01:32:26.405125691Z 808 h8eFrrO7KheePcpGdfkTg6CVjmcltsvuQ7I4Umj0gvK6jMF6RsuTfQ8IYXnI
2020-10-15T01:32:26.416675743Z 809 bXhumhTCvJOMaGHHs1zulgmja8LGJz0qYqLMQQEe4lom0vKjKlqgUqJ8pNbw
2020-10-15T01:32:26.428611927Z 810 wrzPlmjB9QGRdUuTGYSAsTcfV3Fq4gIsIM8tGWySnL3ty8ofQ7g87k4lQakm
2020-10-15T01:32:26.440604643Z 811 sicok7OI7eOBUo2X6yuq4FPjlZGDVR3hAoOi7y8mC6HU6owzB1ZcVzRujrjx
2020-10-15T01:32:26.451246229Z 812 zTSc2nfUBhEc2EtUHY5Ctn9qlp4YJGdaQgByk5kobRNdu72Yy122fcWarx9v
2020-10-15T01:32:26.461758552Z 813 DnjboQEHaVpkRXL6E4PVCfPsrrjQfpbO1gdSOGldn2nVvQbdstO1RpIRkZA3
2020-10-15T01:32:26.473374933Z 814 1BzQC4q1wkCVt3vySoGYXgi2AIm7oX3NGAPKPES7OjraFPBQbBE7terkxD1T
2020-10-15T01:32:26.483996434Z 815 97jmn4UhGvZeDma6LRtckT08R1iPSuBugEDPIs5wrnBZwM09RfoVLBEyjcx3
2020-10-15T01:32:26.494874631Z 816 8tJgbLA3XtlNTaEFVr9ozsdlLhEua2IrOWeBEc8fG9HpeSLI1rpOchOkPVlK
2020-10-15T01:32:26.506087464Z 817 kgkQ26ufBOfsW1aRyq5qta0ZDpK2fBeRYyEn8VdqhKTAOxLfKtDiEfeD7PK0
2020-10-15T01:32:26.516838327Z 818 xIpKna1sFmyQuvYAvFceN9sHKXtEXkYdGam7oPyMOxrgMd6DYCyaLxZzMfkE
2020-10-15T01:32:26.528671223Z 819 ZaCHDGJxoMxQ23N5WQgdzoUrWwPu7sqqplNa48FdnBFEfd56TSeJ13gGw60u
2020-10-15T01:32:26.540369309Z 820 t0lU763VW5lGQ19VC5gMJzqvpIoHkyMo05rU7iYhNL48kEhQWtxPDMb2ANwB
2020-10-15T01:32:26.551005073Z 821 eOeZfC9RFIdjoCWyCPuxJ9oVajxmm5qVQ8ye077ebjBOZ2QkX6Zxcn4R8KJj
2020-10-15T01:32:26.562071476Z 822 ZbaWw8eWiNpOmcmQ2THPFUUZbZBSpvP9aNlbh5YPoOnQL2nWLffrEa3ISKTm
2020-10-15T01:32:26.572930876Z 823 ZDHr4CKeEC0VYcfNsxbnJEIOVE7K2uH7MKgqd7BUeuFSxURJTJA3l8My2aLd
2020-10-15T01:32:26.584510946Z 824 ShyDVJZzfVJEqy4gSRRzaeEm9VJtry88CLZBzcwt4cicVH6mwYcABBlfIgGb
2020-10-15T01:32:26.596105300Z 825 UvOyiJGwNRnXZpAGYaamhNmEKY5WUfENhr48DAvIzA0wgFZeJa1JQEJ20r3S
2020-10-15T01:32:26.607710474Z 826 zyfPqZRzgllHRR0TSB5gdR42n5Q0QbNZaLhwBVVJBZqTkqYmDZAbSCIuwEAn
2020-10-15T01:32:26.619096969Z 827 qxZIiJIdkBIIGdwi6IXU2PALadokrDNV6eKee9nqwDvA794gxaQfESj4KqGi
2020-10-15T01:32:26.629727876Z 828 JkfREj2PsSOGpLAom8aH2aBFhsmr74TEiFsJILg5OiOInolDqOYkXtvTZqMK
2020-10-15T01:32:26.640685071Z 829 hmPMV836ERDA2EBlIasp2gWRWbnBcMkpL6p2TbkOMTtjaUvjheVztOsvzKYv
2020-10-15T01:32:26.652815935Z 830 77Pp280lXUEeJRNBfnLgJhjOYgsf43RFZ4sglT09GcyNxWyRhbXeMjTf9qfY
2020-10-15T01:32:26.664523039Z 831 X2QsfIX82oBgv3Tmnu4BgnL12SD0cfBslvKnllaaWZoGTdc6LnKXLeLVfY6V
2020-10-15T01:32:26.676099564Z 832 TxMUV67BNS8rhMhbTqN7Ba1YSk7rtJSoE5lCpHtlA6rN61w644xpgzrQ0bY2
2020-10-15T01:32:26.687760984Z 833 hoNksbKvkNC8TN3aFWQsaspti9wCB1BGwkRmUQ9SBS538cEin8nuJOxlcehs
2020-10-15T01:32:26.699282987Z 834 hhleypanR2xlP89eT3h4pOMBFZuiEfKmruFFt5z5abWqTf2VSWbY6OWT0pfE
2020-10-15T01:32:26.710366297Z 835 qHx7BkWsESliKFosv1hOr7EenpCMnw4BUfhJ9nMJao2IggzJMZr8dH3A8kuX
2020-10-15T01:32:26.720904927Z 836 XZoud0X8vQ33pHrj884t7hpnRNpA6z8O6TIgOfBcm5UDJTwx8bL6I8vC8YQE
2020-10-15T01:32:26.732485044Z 837 VSa9s83Qp89r4li3PKW9nSm1vCfllWyiye1XieA7A9KQ80QesW5unMaI20kN
2020-10-15T01:32:26.743032923Z 838 P41raxdnOh1qr4B2FAjFiRwBKvdUkQRTiuzUOul6YYNQcLCFFiqnrvRU9tRl
2020-10-15T01:32:26.753955963Z 839 GC9g8mZT3zE6kFWrMtqaGlhldt2jjtf2ZRAjqyvAJzleKLxCVLbrb2SOCx7d
2020-10-15T01:32:26.765694512Z 840 SiB1BXI70ucAv7byhihL7tEz50UN05uCLTchcpXpp8sh0I7ykZyOku2PriOw
2020-10-15T01:32:26.778251431Z 841 NwMvCbnWAMu1ala8udlQRYGs6eA0RRFlsKtqad5At8AT0bm2sT9yCyKhdslb
2020-10-15T01:32:26.788744197Z 842 ooff0H46NjqmGeEh6RGecnxu74Ba7bR7vCSQkq3bgeNCjaUcciZjAHyKQkT5
2020-10-15T01:32:26.800571160Z 843 iZLb51yrqcITpSM4ViCuenm29w8WGhzb3IYPvuu7EOeTzfJbznn3O9hu157a
2020-10-15T01:32:26.811414534Z 844 JD65gdym2NC5o7uNoV3JoQ5i9aFHMOAcVavwLP6mPHIZPo1w4WJZKJHOvRAn
2020-10-15T01:32:26.822048031Z 845 CbYAQrtILh0T6xwOowuWMvq84z457WusPcolHHnhSAyXqEbSFPsHVSrArCcu
2020-10-15T01:32:26.833824821Z 846 4EFn831aYCTvNEoH3df8EOtPGiAkQhpvyCbvkFAAwwo2CzUt73pUNIkb37Te
2020-10-15T01:32:26.845319081Z 847 U2n2xlKlpeU83y3T14aFC3iP1utDIqCountVfSZexTHfBgh1yOGY4ycS2X5K
2020-10-15T01:32:26.855649727Z 848 OkCIjGfKdoLu46e7gUbo1VahbXuwdteSzkWeQXLwpIHU8DtoYo7V89zwmpCd
2020-10-15T01:32:26.867461144Z 849 tyQZ6ODRFu9txgxvc2yFMkCLmQTyWufCgIqRUnBh7MA44Bk4t4t1jJ9N80vH
2020-10-15T01:32:26.877963481Z 850 qocjLMtT60cXJclDtD3DnZEGkYdx040qqTFd2LtcJ2KhRJ0Nnk4AHwgQZflf
2020-10-15T01:32:26.888869529Z 851 ZUUSAHMnXXTUoTpmufCYTStwEROHPk5l68VgXTGOD1WrahLqmYtchyWUUAHn
2020-10-15T01:32:26.900375091Z 852 tnTsp5s473UU51H1GcRaFzos64xOReQlW7muYffeXkoVoCef3FIwKzyK0ffX
2020-10-15T01:32:26.910660253Z 853 1vkAtp1GAeXU5nsVicAjrh1UkiozwiCbS6Woq3BCysvKkbpCwp27GbeImlzB
2020-10-15T01:32:26.922403499Z 854 veW0GI8pay6L7IVaQmlqLexyUexIU7dJ0EceouGpaVqmtRwwJlmCfUbyBeFX
2020-10-15T01:32:26.932744728Z 855 k4WegyhGYrRsxJZnW1XaMbnO7BuhVnSxH1DwlK0qgG0OPPKVQM7LugkEMjMO
2020-10-15T01:32:26.944440549Z 856 ohkgCaYbbpfMlkZyMIKiP7EPjeNRySH4n6xKAJXWnsQI9f3mVhgYIWYX16ur
2020-10-15T01:32:26.956640068Z 857 MEsidyB4r3b8tmQX09p51Dhfxmhpwpt9fkRBjr2bEpB3vfhfBJQxkIbuflP7
2020-10-15T01:32:26.968694552Z 858 9m6MCwRUG2ijPE1h8FewPVmfjychPdlmiRFG1Djgv5YENaW7aMhY3qSHfFIl
2020-10-15T01:32:26.980456678Z 859 kk09z8L6KfyZyj8a7w5io6Q1duZSg9GbWfpx3B1fLiZWJOyfZDRnPmFFSicF
2020-10-15T01:32:26.990934654Z 860 PFc8SlRwA5O6EbMj8OFpIwpMdarO2hWNinWzqMX7xvo84MvfJsql6nQvCjYC
2020-10-15T01:32:27.002767043Z 861 Z9wgXw4OsGbCu7Zs3Rp7NFl7ghkRBC6mmSvEQIMkjd7zD2dWq8uRcOOtWLJ7
2020-10-15T01:32:27.014653638Z 862 zNx5Q0NISwm6mownduhi8tszWVFImFHy1j5wj7yCi4ojLJNYCzAecWC4c3GC
2020-10-15T01:32:27.026382565Z 863 GqbAZ6e6kyyUblgNbq40yQ5nWGDZ320xYiWJ0qnHy3xpjMQx6ROnEcRpYeoQ
2020-10-15T01:32:27.037521620Z 864 xXTmpw5oHDd1q6xhZatSRfOb6oEdc73mOFO6ypwgMFrjlUj91BGYaxkV1rf4
2020-10-15T01:32:27.048143285Z 865 oKsQIUDa4rtfszgd6VMD6dcSKn5MketMugU6wxOMq3NEv9KQWf9JbCX4ebTM
2020-10-15T01:32:27.058814798Z 866 nd0oqL0AiIj6YA6PJMjUFkz4wowPckFcu40kE4ejKrrxcY93ozWwxK3HAo8s
2020-10-15T01:32:27.070838555Z 867 BfkthlIxVROWm4aWXFeaV1TriYn1FOapa4z7lIskyG3Yv1gfZC7nMnWqjWgD
2020-10-15T01:32:27.082748953Z 868 0yL6w0t8AwNPhawxVG9rOHr1bXk5zawrEoaULRgRLHPbKaVdRxOrPmABE4vg
2020-10-15T01:32:27.094471213Z 869 4HI6EljOuupBB8LI7DuWUohcK29D2mW1g5wLtOdVkEQyVUpgI7WmrMPxGyw9
2020-10-15T01:32:27.105062999Z 870 hRdChv2VOgzbXjP4nmlnLiPg6s4iukGdVJUwlcXvtmlslye2I38E49zKyhEk
2020-10-15T01:32:27.115979483Z 871 YJEWvgD1xoQRKvHGkdn477mopHTXlq8U0oZzBRns9qQfjdYRIShDdNEpIrwt
2020-10-15T01:32:27.127225818Z 872 tcB0G8SSlLWfIEy3CFeYulKpQsxTFNh16Z5yr4UsznuT6oqR4lsyozp7gMFI
2020-10-15T01:32:27.137929195Z 873 o318HT3DvHyPjL3XgJqg1qStnHX7XnOsPrlpMD9vpSMJ4HTT8uDW2jFTtExR
2020-10-15T01:32:27.149775868Z 874 TNZ5G8SxYhBZurZZre30a3XXqvoSGwX6vPwVvF14WSikvmadsqSBojvtOSU0
2020-10-15T01:32:27.161520984Z 875 IGoZ3zgrby3ntUjayt1iwwgRlGGK56aCcO3Hk6rsduHZN5cyeLQ86QoKjCQY
2020-10-15T01:32:27.172234259Z 876 VT4LMN0tHdmnmyu68AmfiQOHB7ajcv53jgj0JWW6Q997bkck8JTcOcOSIsgo
2020-10-15T01:32:27.182930093Z 877 RWuAPyK1KDPVOvoHlX6AcX1fAUgc6W2iFcVwhVNCyiRIdYsBI8TwJ7avjbo0
2020-10-15T01:32:27.194692361Z 878 m6Cdb3TlAPthKYinLOeGz0QjHawBcHNrRZm6yBmHEWXEv55mOYzDH4bPKsJB
2020-10-15T01:32:27.206359795Z 879 FbQduNEdBAzXDOQlrvfgF8HnemtCrIeyqD5bOVGJtUr0UXQI91bxVzKSeNqV
2020-10-15T01:32:27.216914670Z 880 1BtUBYdTNm7aeixXeXH2d1C8RTfV4QHvpo39PpVnkPPd3nE9KHbXUYt5g17U
2020-10-15T01:32:27.228627518Z 881 8oq8PyGFlYAuGGzsRFu7OnKb4T7mmayLnQDv7Dwr9Utqzv0Uc84Z8Ip1sJEr
2020-10-15T01:32:27.240790871Z 882 KRdbFtEBIWTaK0tJGVASLrp0jCUJ1zeh5TruTPTDNKtWTZmXirSkovbd2aVR
2020-10-15T01:32:27.252397894Z 883 Q8S3xXcN6YS25wdhT8huQUtww5gtWgz2hbAI0q6HPLYUcexSrWv3Jn5wb4SP
2020-10-15T01:32:27.263178262Z 884 uh558dYzchy8USAOLXW1AkpWdrDuu8U4R41ISQnhfnMUlKRbdXWAKCqS6BvS
2020-10-15T01:32:27.274770126Z 885 ucCZPyrxoSmqgyfOrUcKJaTTexl9U3oOTjxE9oEu0TskFsIJOW7lcHrrkwUN
2020-10-15T01:32:27.286535089Z 886 ecAuMqX5Rrhp42YkVLO1lnh2gkcOqAMPdfNc7aiOITZH4leun9icKqfa7F2f
2020-10-15T01:32:27.296983716Z 887 6MEyaUDU8spCj73D5Ux3fOCeenoySLDnwVCqcCokWkCQVOI3RzLs6MOxLhs6
2020-10-15T01:32:27.308543757Z 888 GRG59nvQWklutd7u9bAVvIkIuJY6HQ8ceSZiYHwfghBnKQ6ApVdXYWNRccZe
2020-10-15T01:32:27.319220898Z 889 WkZQyGbC7l3N0aMCgkige5CzcZ9WammQuQ6ae9MfBv3vhpSCVcdstJOOO705
2020-10-15T01:32:27.329869728Z 890 zPBtoFAIVe79gsHtO9t1QGdL9nseryUiqm4BynE2sCLzNG3mOJIx17WGYfQv
2020-10-15T01:32:27.341017627Z 891 46EiZuRGTIHMsHojliIDIIasAvOOvNMP1JJN9tgLUXUXSBQgw24162muBi8S
2020-10-15T01:32:27.352633605Z 892 hOiLRsRe32C176Fw39HBLClFFgT3N6OL6ZLZL9WwpsyB7Duokbmv1J51gMNC
2020-10-15T01:32:27.364493528Z 893 7d9jxrHRT8AAnPuxefcLlNvOIGV9Nw47RTEigIhMuJz8Qytyv2SNwQjDFCLg
2020-10-15T01:32:27.375295243Z 894 rKNFu4vhwwZJF8kFAeHgsNlk6bi0ivKOmxc1fEcQyYzMPsFwjbnpjqIYnctM
2020-10-15T01:32:27.386025110Z 895 wa4gGc47WpVEAdSXLvJvMgEOIG92vX3WNQyRi5aYtoQDyobPJjjfRymDmpMZ
2020-10-15T01:32:27.396853059Z 896 xLQoURaSyOOb5RcnW1Y5A3oy90BTmvJgnPf8bbZy3JpulTn21U1u3F7KmH26
2020-10-15T01:32:27.408382075Z 897 9GuJl2t15FguwtWsVf91NiM8zHbwG6VPAPFesOwbMPDqCZuQwvM9uTADw4l0
2020-10-15T01:32:27.419080051Z 898 k3fLIl6EhSuhfIXyr5GWZSEPV9txYNPP7MBxh2LzP0Z2OXdZP32vb3jbm690
2020-10-15T01:32:27.430921215Z 899 CI3GUYpKxHhryZWoTj7dqq5nHZylTMkE6yigmYHdudEBtG1fzU7YtyT3SSnk
2020-10-15T01:32:27.443236214Z 900 izsqTCAOiGUziIupEV2b2rZyGZvVnuFjtsQ5rBAwXJbnJxWHuEMBzm4Nks6x
2020-10-15T01:32:27.454176405Z 901 XFYvwPEjWjpIEit19x22dBpgUGOjUkN5svMI3sb2iduUhIYFCCfUHvgc0Sbz
2020-10-15T01:32:27.465602906Z 902 6nrSmx5fgvFSS5JTbWEdAtdJvL9cQoAolNfEwNaQfpnEGBFkq7HPG1EaIq6R
2020-10-15T01:32:27.477309314Z 903 KsQxjqKPOTUaC6Ekxf8eFwuE2AFuhMjHGJmfLmmHPAaLoDwxTEJn7Lb9tpO3
2020-10-15T01:32:27.487952636Z 904 fm447jKMK1jq0nZ6saqmgLPZ9FMXipI1rlf2UEzZR2Dr0X9zFIWXr1GjHcKp
2020-10-15T01:32:27.499519424Z 905 PnxqVN88f7aCExl7u3I0cGCJtdVXaVG4CqKXzfuxklm1lVBjatipZZ0Rg6AN
2020-10-15T01:32:27.509956007Z 906 9SysYEJ71dpzFGW7wNLdCB4AFKflbkalb8ej8SuOxoL60Ec562poctL0bGQy
2020-10-15T01:32:27.521576813Z 907 U54cKCjg35TH8apnX3MmjMe7eOYmQ7lYHSXWWVtvEusZnbHnizEcQkWKf2hH
2020-10-15T01:32:27.533302437Z 908 M2XR3kpX5S9hynSy04mjnCmrvJegRg3VithAilHyV4lyIlYNI4YyL67k4BVN
2020-10-15T01:32:27.543861411Z 909 nAm3I9aBxrn44NceH7oEeB7vdakG6w9paXl7YHvQSYnDjG9bpIWAfR2V1XCf
2020-10-15T01:32:27.556251186Z 910 SPflho4OzEQENjBoOXoQbemAJ8bPKgrAC2SqvNlfIu2j4gkQaJ3HthxcOAtx
2020-10-15T01:32:27.566851956Z 911 KtM5L93gAe9JkbzZyCBURsg1QTz32B3jbJHXnMUqammtzmjTIwNCxbJj7rF0
2020-10-15T01:32:27.578408154Z 912 yXpWj74CKDZSaYlAP6HGop1ou6OSOrm5p32MifNrseVpp70uf77D6gnuV0SF
2020-10-15T01:32:27.588856205Z 913 kkV2yScNEtR35sUZANNNNYTNhIZQVVPawaljgpogIhaeJCwjaBf3HHSa0ZrN
2020-10-15T01:32:27.599832914Z 914 vOdOrF83ATsrkI8D3OLfGKoQvGBMlXaFaOm7zNRqme3IUefCtnRGwYWoDTbh
2020-10-15T01:32:27.611453880Z 915 s1nCmKwLRchvOuHNNfzdJEcnwfS4ottoZ9dOnBoru8mNYSr83lu1A1oIeVX9
2020-10-15T01:32:27.621752837Z 916 Rmb7oW9tu80kqvnigvFomnwt1HdhgNrBpBkioRUOEl48dpQxnHtaxjakzNRU
2020-10-15T01:32:27.633573828Z 917 QzlMhJWnR92KYNWPanXoDXSSJwQGDsCvo36sp45sebF2SZyzUvN04hzDzCTu
2020-10-15T01:32:27.644299178Z 918 qBNhD82t5AI0s1hCpIHu5Mo0ryrBjMpg4oayEemshUMViqYYmlvbhwSTC5YH
2020-10-15T01:32:27.655765804Z 919 UIH45czT1ZqPWwgtwXEF1bffYwwv172eSinR1Ac3M4P948j4lARO8pigQ41P
2020-10-15T01:32:27.667396747Z 920 9v0bwjQpGEQ54tXdrlV7g99p3xSm1GchU0XH6dGWyW41kqRHd83EkSfcQX9y
2020-10-15T01:32:27.677980101Z 921 43xMf1e8qSRwVcBAFrAgjlMhiyHJzNB6vuqpsYrpBhnXPaTNmxItvuAgscIv
2020-10-15T01:32:27.689824881Z 922 8DGoeKwNPU4Tj8t4kLxGBQvdcwBCL1IYP5bA6UwiApNH53bDvEjGdK1hmmNp
2020-10-15T01:32:27.701473031Z 923 VUJgHeaYHVz7pF9NfYNBlRbKpUCCNWHT4Wu9E14aDrZwEaeTbmZGd3hF0Hr9
2020-10-15T01:32:27.712228519Z 924 RJUW4qNpUpp7BBCP4yIEGCFG6crtNN8k0B6Ee7k4DmFA2oL3obrHi2xd1wve
2020-10-15T01:32:27.722994297Z 925 M14XrSgLhVKGO0K6dctDbBnesSxVYPuhUhJQgj1pDO5UYK8pz1x8Xbkr89pP
2020-10-15T01:32:27.734865097Z 926 HRd0RqxgRjeWP0OPPY0fULLUbplh9HT8Do7oib3G1FvN43Xjy7XfCZA6lIa2
2020-10-15T01:32:27.745857253Z 927 fkpRRpJrvjUmZy4xTWrHysiKc3Y9uQiSsxClCA2athzaWgak13rzGgYxeqP1
2020-10-15T01:32:27.757500648Z 928 vySsjxanFr97jqRw7FwRviWcbFr2jGm9odt28vq1HdtF3uHrwt20TASdFhFi
2020-10-15T01:32:27.767860582Z 929 TNbTEJpYVVQW9SNO7p9XhDurVoESCuogmkdFPV9KQlTXsSltgEqVz7CDPxDp
2020-10-15T01:32:27.778695969Z 930 joOBX7564RtPm6Fn8xkBwg9csTE6bS2mD6j03ZWLty4XSk56MI5SOx4DT3ma
2020-10-15T01:32:27.790369515Z 931 qCCMLTQMCOq1SCjlJSr1VboPd2KMmj9AoDoIlqDGLnw97Po5v6vN06QlSC7z
2020-10-15T01:32:27.800903846Z 932 DwOLj8lIPK2klYaVuyzhImsXEAgglhMBoMkoUBQfznLoeVjb44hOnhBIPVz4
2020-10-15T01:32:27.812651556Z 933 kCbr6ep6ubKRLsGiNIWkL3xUKawTJG84RAgLBdf4BItQtAd3p8mQU8lAzv7g
2020-10-15T01:32:27.824427538Z 934 xIwwsBm0npNL7IAHp2t66fbwGi362Jna9cYkjRPUu8WghX4QBh1hwWrkEuTO
2020-10-15T01:32:27.836699606Z 935 QOL63gykeZquU6Db10h5nTKpMVXA6qWraHR8AxuNYFEmX6cxcmFtqCJuZQKI
2020-10-15T01:32:27.848517711Z 936 5dayovkqkaBcqBbNY8YbTi91mccTKp4QpyDkbGIxd5Y1yDeGqtEqwoj8kW3g
2020-10-15T01:32:27.859519500Z 937 6uV1FbCzu4fCH5qmPSsDkNb52OL9f5PMazqX5G7jBRZB0fqfTdcumZJapeeR
2020-10-15T01:32:27.871300003Z 938 eCFgDgo4Vw1lqG76hui0z72igTSTigltONy3MitDGk5Q1zz5Mi4YIdUUnqbo
2020-10-15T01:32:27.881932772Z 939 x5Y6knTsMU4hf3Xn2yRWAiY2Vn0KI7QQbL1KUHY2X37H1ABoMhObGtNF4WJd
2020-10-15T01:32:27.893674218Z 940 vNGOPj6QxN9TXnYHUf3O5yFzr8bIXIsETJNEOO9D6YfE1jfHfuyq1n25MK4r
2020-10-15T01:32:27.905698708Z 941 pX15lroZfeeLvxmXQOFkBWQgNchPEhzS4pcZbcnd425AFf6m3pyNFE073gVI
2020-10-15T01:32:27.916872153Z 942 uwP9nptc3i2odczQncGWHQ7N45Ynkxt1ZG25phrAB802YbtqUlBGm6pDYL47
2020-10-15T01:32:27.928450022Z 943 VaVWoKGYvuv8WGKv3Yq8usJ8Ue9KY18SBLoJgQnczVUYo5quPOuUqMMGGieX
2020-10-15T01:32:27.939163261Z 944 4Koj34mWCG1dxI0VUYRbs8sVHgeKObSEz4o7wwcdbb5RsU8H8gjKIO1PNOcH
2020-10-15T01:32:27.950283977Z 945 Vaz1cONA6GZoPx3SAEtbvoZYlZJ4U7zhGNlsfGO7abskEVtKSghiagmEJeK0
2020-10-15T01:32:27.961277562Z 946 RvrFtkLCRVmxVZzPGCBzPiNlnxDYwwhd6SQIV1Ta11Qy9ceyL9bgI4hOWvsO
2020-10-15T01:32:27.972550848Z 947 yX15pcokUq5hAHTmlsKaD1z9LLLhyqsrHv2TwYziO8OL9UfGtB4JszBSFLdM
2020-10-15T01:32:27.982652824Z 948 W2gW35cWt2lElliSNUv7JPojlM8E04ycVqNwCAo1hVd7tz535htcFCle8pc1
2020-10-15T01:32:27.994118945Z 949 fPJGCRINZ8vA5Y7E3SQy8BY0bpxsVSwzGIeojjw3mZdy0Vop8Mq5rybBVxEa
2020-10-15T01:32:28.004923103Z 950 k3ScYdCrKxoBJKznrKcXrimx6Y63KRfndyIOi1sBeD0O0DMYFuSQ6d8ZLvXU
2020-10-15T01:32:28.016014461Z 951 qiDVF4lCJqGiMRIprRfuddkkmskcnTpWqCaHRwrK2aRKXENQLtsRoiEue2Ci
2020-10-15T01:32:28.027098527Z 952 jAEZcK2JypBsaTzp9ezrTKFOvCDbFVDOq86NpMad0crkCYNJAjAhbmhFwTCK
2020-10-15T01:32:28.038660490Z 953 F7darPZqJoulYJsas4DAOdAJXJzY0TWoWCkemz8VcrGNqeiBLT3mZVHzy7hB
2020-10-15T01:32:28.050438656Z 954 UevtsJKc85z8VXR0M4C4oQy6vfpkpKLrs1rQMpDdZlfZ6tUDIMES3BgP5vUd
2020-10-15T01:32:28.061183860Z 955 DXQCuPKN5aZhi0NHQ7fFq3eazdCwJFq71zTWeH8ImHWfeFjILQHTPQDavTTj
2020-10-15T01:32:28.072832844Z 956 QERmSC0t3IX1RBqxJovPmtBwi7sUF34tbgqIWP0kw8x58BdgAKz614EIwKuk
2020-10-15T01:32:28.084597516Z 957 Gkg4jYx4Z3uB2AzGkIwxH6hexP1JMMHvGoDZq1LW3tHeZcJSN60s4MXvQU9M
2020-10-15T01:32:28.095595843Z 958 TVW8IfnYncdQLLke2qymKD8iC53ybcJpD3JEyOOaSDuODZ0ELb2DYDEVSpZx
2020-10-15T01:32:28.106491315Z 959 gF7uAO8du5Ag1c5bQTjnwW72a6MB2QpSbc3oEEayN1R2CvINv5jo3d2kfEqr
2020-10-15T01:32:28.117889251Z 960 wyOCkJgy94ergdzwpjyWhNJRKjlAMUQaRu2T5153p01s9OhzDDXYs4cFPUuk
2020-10-15T01:32:28.128643373Z 961 zEWvHmC6D6h91l8XwoQ37NqKgVUOpLqDO9vPPB3mzvcOL34n7xSgltndlXrd
2020-10-15T01:32:28.140305092Z 962 98f6EFFHvCOlnjkOt04jvhciryEFWDixGMzOGenVFQdSXSYw3fi7LZk016RZ
2020-10-15T01:32:28.150903725Z 963 208GGHKFG2zbeN9c6d068dAGuRwkS8Up5XVZIqm9dv4H5odnolTpHhykMxS0
2020-10-15T01:32:28.161928170Z 964 UqhD156013kMKZJKzL7SVJX2Eyv4ENWUnSE6PZSIj1zq4FuQLFxgpVgBJ2md
2020-10-15T01:32:28.173776504Z 965 IzcLD1gsD3x99VYTbZLqHDtb6lx1oxDt2XAFRA9CldKlsVcYp2jIZPooFeot
2020-10-15T01:32:28.185220162Z 966 TXNeGNqI07NgHLwMJbZArwSxvJ5xtKgcL4QH9bKC4qCvMumSR8IvOrje5a0C
2020-10-15T01:32:28.195688256Z 967 7TE04TrdqNHfbFpFG9ePX3VurpLwxY3aAgZKQzBhWKwMNcnLwFJWFGriu54y
2020-10-15T01:32:28.207443584Z 968 qEjZFQN7JpxYy6UO154MoonHD6QbjTaTrVLs5w500RhhmnoFw4GeAbNn9VcR
2020-10-15T01:32:28.219711202Z 969 wNZUycavbxheKEsUFAChFTfs94dD13cqAoqtNE1DD5SbYJ6xGwUP6pj7KvQo
2020-10-15T01:32:28.231398656Z 970 S6LQnk28zA9vVb9Ydc8U9uiIAT0gCpKDzuClwDDROdt9RqKx9AA9Bk3izK19
2020-10-15T01:32:28.242095361Z 971 0Z9gE829Acgb9vSZazOMXdFVAlwL75PvrJT97iqPeW1CxNQWmOnwIkgaIhZI
2020-10-15T01:32:28.252991597Z 972 zbfgeSOQvDKcHaooRexEGTPA6sNOgRRsUMqjgRmna5bnmV6OXp1PbjWzwFWH
2020-10-15T01:32:28.264440271Z 973 snvopoTjgHvgkNyRcNae5f8hOtQRr9qFnhOkuuJTvm4O8rPDs7YS1qIvgeG3
2020-10-15T01:32:28.275103246Z 974 cTnLXoncCiz78ybUSv7lbJjZ7lIf7sTzQ0A7iT66ezR7IuqekMPJMmiBuyfl
2020-10-15T01:32:28.286040310Z 975 T3nHq71KWosCpMdeFve2WkYZ0FP48nb5ULtun0Jc6EROdi63fvCeb6yTZeyh
2020-10-15T01:32:28.296943974Z 976 JF0G0347TM907Ne4JVsrUSS8FFhm4kzEYz0elT55LP8hgns476y6qJ0PgzXA
2020-10-15T01:32:28.308723480Z 977 sxnrjJzY0m7JQMquiIKgkaNO6n9vhs6e3SJqbNZtYogEp7GZJGodGM3KdnCm
2020-10-15T01:32:28.320229148Z 978 RhXzgsJmIODREmlhQPTMhRxBu8fbgNp0pLQjNShrwWGjfhcdMklWAB5Lu7IC
2020-10-15T01:32:28.331072474Z 979 jIUIDnbwdzzPLtshmQUq25JFiQrWoo4MrJaAeXCSVr9PsvCa0A8MS0rmFeZO
2020-10-15T01:32:28.341928780Z 980 NYtK37dSSrc8RIBGpI8H4fm3HXkwEz2UhJjukcnCQmH2E05IDJXjrBbrI4ZX
2020-10-15T01:32:28.353195400Z 981 q04wqflTUidy1msxYRH8xq5fGIHouCFaQvKRLiiYLdjv9SV1qSl2eInjtqJE
2020-10-15T01:32:28.364194655Z 982 kED4wy5OwAnYduohrMcjMF68J5NfIESDUl4DaVvnX9c8bqfgKpoVPtyDTyoU
2020-10-15T01:32:28.375242732Z 983 tscaRQxGPKTxzuQ8dyN7CALvBp4IogErj8kc7p23wwCF38NMf8JhZQqgKm66
2020-10-15T01:32:28.387380815Z 984 YS86fyRE1eqQPV1kAML43SJHfAnAuAcnu11MASmWp9LzrtcRXOaW82QB27Hb
2020-10-15T01:32:28.398548168Z 985 YJ1iqZ7V7iRhAcRYaK1roSDUNVTLM6B5V41APofK62MsvpNPQYzvTNKiDfQl
2020-10-15T01:32:28.410335325Z 986 WStFRlbFbEI8tVuuFSwg91Fg8W4cG23u4K6QEYlh6rvoDYZGWA2OpC1p5ZJA
2020-10-15T01:32:28.421870988Z 987 IpdxCnu5Uv3ALYtIyf4J2qjxPake8yGDLMqRBTdgdVJ3Dj2kLGnJhaqvbz9z
2020-10-15T01:32:28.433406870Z 988 pJsWeeWQUSAi9QFThJlLFD3V3ugdv6nqgZxMOVCOMBilUXcr9OpJLq5k0oFf
2020-10-15T01:32:28.444027741Z 989 llqGXHmigt2T0iygUIGUYYnxTr3BjvfzmIVLykE2BAUSPyWYaZhs4WJ1pvJK
2020-10-15T01:32:28.455427752Z 990 grb7cAoqz1JzTVX7VsvQqVGsRpXHLsXhqPyUyqKsgJohw7dMJXT6cMCTSdVd
2020-10-15T01:32:28.467011642Z 991 MPme70qegX6y7ey47myUB0CUPrGkdSxabZiLIw2j0wVkaDIwA80mEFDh7d69
2020-10-15T01:32:28.477968004Z 992 lKeFdGDVCYYmca8EH9EW3JnhogHMpqZFsVAM4RjGBAhnXDECyoEBwgIeoHOJ
2020-10-15T01:32:28.489700657Z 993 muCV0sNmS9MkVLkNnwhFb3a15Mvc2oM7wYbEdFIbTbN4yYdnDhP0WgcZgIim
2020-10-15T01:32:28.501351889Z 994 hhrI9bXLrDG0PW5sqeHbXVoaeMuonuNapU71HgYICdA51FDo6qoKkZiWf9nM
2020-10-15T01:32:28.511785066Z 995 lo6mk6jy5sSoIjyMyBvx69Ot59XFAECE5su1CisrsW0fkLeQS6Q4llNlZKHy
2020-10-15T01:32:28.523274150Z 996 KOhIjsBd5sFS3wRDEJWRK0fNRZvgj5hpQwdQn485eQB9zePYQEHhdxKC5NVV
2020-10-15T01:32:28.535112163Z 997 cJwSZECVDYZGGOYq8ntMoX6lHjUDPlb28ZwXa1GHrSDpt8mfFTfdJM3c0q1h
2020-10-15T01:32:28.545934131Z 998 5IenLV9qAy7ZiGpN3cGpnWcU3WZR3ZvChCBJhIL84wmKsfVw5tElKIlR9Z1C
2020-10-15T01:32:28.557833214Z 999 uQN6VsDhoRfS696uAkmeiiTelgwoDfeCs2E86uE7e1Er0WpxwKk2RQ1fX4Pz
