2020-10-15T00:51:11.222147163Z  running: (['/opt/scylladb/scripts/scylla_dev_mode_setup', '--developer-mode', '1'],)
2020-10-15T00:51:11.707807420Z  running: (['/opt/scylladb/scripts/scylla_io_setup'],)
2020-10-15T00:51:12.088050381Z  2020-10-15 00:51:12,087 CRIT Supervisor is running as root.  Privileges were not dropped because no user is specified in the config file.  If you intend to run as root, you can set user=root in the config file to avoid this message.
2020-10-15T00:51:12.088309292Z  2020-10-15 00:51:12,087 INFO Included extra file "/etc/supervisord.conf.d/node-exporter.conf" during parsing
2020-10-15T00:51:12.088590059Z  2020-10-15 00:51:12,088 INFO Included extra file "/etc/supervisord.conf.d/rsyslog.conf" during parsing
2020-10-15T00:51:12.088890470Z  2020-10-15 00:51:12,088 INFO Included extra file "/etc/supervisord.conf.d/scylla-housekeeping.conf" during parsing
2020-10-15T00:51:12.089120309Z  2020-10-15 00:51:12,088 INFO Included extra file "/etc/supervisord.conf.d/scylla-jmx.conf" during parsing
2020-10-15T00:51:12.089437079Z  2020-10-15 00:51:12,089 INFO Included extra file "/etc/supervisord.conf.d/scylla-server.conf" during parsing
2020-10-15T00:51:12.089649253Z  2020-10-15 00:51:12,089 INFO Included extra file "/etc/supervisord.conf.d/sshd-server.conf" during parsing
2020-10-15T00:51:12.124234444Z  2020-10-15 00:51:12,123 INFO RPC interface 'supervisor' initialized
2020-10-15T00:51:12.124611730Z  2020-10-15 00:51:12,124 CRIT Server 'inet_http_server' running without any HTTP authentication checking
2020-10-15T00:51:12.125085937Z  2020-10-15 00:51:12,124 INFO supervisord started with pid 25
2020-10-15T00:51:13.134995284Z  2020-10-15 00:51:13,129 INFO spawned: 'scylla' with pid 28
2020-10-15T00:51:13.135040748Z  2020-10-15 00:51:13,134 INFO spawned: 'scylla-housekeeping' with pid 29
2020-10-15T00:51:13.138616271Z  2020-10-15 00:51:13,138 INFO spawned: 'sshd' with pid 30
2020-10-15T00:51:13.146989187Z  2020-10-15 00:51:13,141 INFO spawned: 'scylla-jmx' with pid 31
2020-10-15T00:51:13.147018423Z  2020-10-15 00:51:13,145 INFO spawned: 'rsyslog' with pid 32
2020-10-15T00:51:13.150155606Z  2020-10-15 00:51:13,149 INFO spawned: 'node-exporter' with pid 34
2020-10-15T00:51:13.172343562Z  Generating public/private ed25519 key pair.
2020-10-15T00:51:13.172381138Z  Your identification has been saved in /etc/ssh/ssh_host_ed25519_key.
2020-10-15T00:51:13.172393040Z  Your public key has been saved in /etc/ssh/ssh_host_ed25519_key.pub.
2020-10-15T00:51:13.172403937Z  The key fingerprint is:
2020-10-15T00:51:13.172414062Z  SHA256:B0F/61uAMlpKTu9O7P0KDs6/38H6rvgxCJjN9EcmHpY root@71e7b11c5258
2020-10-15T00:51:13.172424506Z  The key's randomart image is:
2020-10-15T00:51:13.172434608Z  +--[ED25519 256]--+
2020-10-15T00:51:13.172444563Z  |       .o        |
2020-10-15T00:51:13.172454577Z  |         +       |
2020-10-15T00:51:13.172464719Z  |      . E + .    |
2020-10-15T00:51:13.172474729Z  |     * + * o .   |
2020-10-15T00:51:13.172484858Z  |    o * S + o    |
2020-10-15T00:51:13.172510653Z  |     + B * o .   |
2020-10-15T00:51:13.172522192Z  |      = * o + .  |
2020-10-15T00:51:13.172531810Z  |     o * + = +   |
2020-10-15T00:51:13.172541370Z  |      ooO+B**    |
2020-10-15T00:51:13.172551140Z  +----[SHA256]-----+
2020-10-15T00:51:13.173862797Z  time="2020-10-15T00:51:13Z" level=info msg="Starting node_exporter (version=0.17.0, branch=HEAD, revision=f6f6194a436b9a63d0439abc585c76b19a206b21)" source="node_exporter.go:82"
2020-10-15T00:51:13.173887569Z  time="2020-10-15T00:51:13Z" level=info msg="Build context (go=go1.11.2, user=root@322511e06ced, date=20181130-15:51:33)" source="node_exporter.go:83"
2020-10-15T00:51:13.174871522Z  time="2020-10-15T00:51:13Z" level=info msg="Enabled collectors:" source="node_exporter.go:90"
2020-10-15T00:51:13.174929267Z  time="2020-10-15T00:51:13Z" level=info msg=" - arp" source="node_exporter.go:97"
2020-10-15T00:51:13.174945146Z  time="2020-10-15T00:51:13Z" level=info msg=" - bcache" source="node_exporter.go:97"
2020-10-15T00:51:13.174955809Z  time="2020-10-15T00:51:13Z" level=info msg=" - bonding" source="node_exporter.go:97"
2020-10-15T00:51:13.174966097Z  time="2020-10-15T00:51:13Z" level=info msg=" - conntrack" source="node_exporter.go:97"
2020-10-15T00:51:13.174976127Z  time="2020-10-15T00:51:13Z" level=info msg=" - cpu" source="node_exporter.go:97"
2020-10-15T00:51:13.174986133Z  time="2020-10-15T00:51:13Z" level=info msg=" - diskstats" source="node_exporter.go:97"
2020-10-15T00:51:13.174996397Z  time="2020-10-15T00:51:13Z" level=info msg=" - edac" source="node_exporter.go:97"
2020-10-15T00:51:13.175799617Z  time="2020-10-15T00:51:13Z" level=info msg=" - entropy" source="node_exporter.go:97"
2020-10-15T00:51:13.175821075Z  time="2020-10-15T00:51:13Z" level=info msg=" - filefd" source="node_exporter.go:97"
2020-10-15T00:51:13.175832178Z  time="2020-10-15T00:51:13Z" level=info msg=" - filesystem" source="node_exporter.go:97"
2020-10-15T00:51:13.175842855Z  time="2020-10-15T00:51:13Z" level=info msg=" - hwmon" source="node_exporter.go:97"
2020-10-15T00:51:13.175853225Z  time="2020-10-15T00:51:13Z" level=info msg=" - infiniband" source="node_exporter.go:97"
2020-10-15T00:51:13.175864014Z  time="2020-10-15T00:51:13Z" level=info msg=" - interrupts" source="node_exporter.go:97"
2020-10-15T00:51:13.175874501Z  time="2020-10-15T00:51:13Z" level=info msg=" - ipvs" source="node_exporter.go:97"
2020-10-15T00:51:13.175885256Z  time="2020-10-15T00:51:13Z" level=info msg=" - loadavg" source="node_exporter.go:97"
2020-10-15T00:51:13.175896097Z  time="2020-10-15T00:51:13Z" level=info msg=" - mdadm" source="node_exporter.go:97"
2020-10-15T00:51:13.175906554Z  time="2020-10-15T00:51:13Z" level=info msg=" - meminfo" source="node_exporter.go:97"
2020-10-15T00:51:13.175917065Z  time="2020-10-15T00:51:13Z" level=info msg=" - netclass" source="node_exporter.go:97"
2020-10-15T00:51:13.175927728Z  time="2020-10-15T00:51:13Z" level=info msg=" - netdev" source="node_exporter.go:97"
2020-10-15T00:51:13.175951408Z  time="2020-10-15T00:51:13Z" level=info msg=" - netstat" source="node_exporter.go:97"
2020-10-15T00:51:13.175963163Z  time="2020-10-15T00:51:13Z" level=info msg=" - nfs" source="node_exporter.go:97"
2020-10-15T00:51:13.175973479Z  time="2020-10-15T00:51:13Z" level=info msg=" - nfsd" source="node_exporter.go:97"
2020-10-15T00:51:13.175984070Z  time="2020-10-15T00:51:13Z" level=info msg=" - sockstat" source="node_exporter.go:97"
2020-10-15T00:51:13.175994290Z  time="2020-10-15T00:51:13Z" level=info msg=" - stat" source="node_exporter.go:97"
2020-10-15T00:51:13.176004609Z  time="2020-10-15T00:51:13Z" level=info msg=" - textfile" source="node_exporter.go:97"
2020-10-15T00:51:13.176014742Z  time="2020-10-15T00:51:13Z" level=info msg=" - time" source="node_exporter.go:97"
2020-10-15T00:51:13.176025113Z  time="2020-10-15T00:51:13Z" level=info msg=" - timex" source="node_exporter.go:97"
2020-10-15T00:51:13.176035457Z  time="2020-10-15T00:51:13Z" level=info msg=" - uname" source="node_exporter.go:97"
2020-10-15T00:51:13.176045845Z  time="2020-10-15T00:51:13Z" level=info msg=" - vmstat" source="node_exporter.go:97"
2020-10-15T00:51:13.176056151Z  time="2020-10-15T00:51:13Z" level=info msg=" - xfs" source="node_exporter.go:97"
2020-10-15T00:51:13.176066688Z  time="2020-10-15T00:51:13Z" level=info msg=" - zfs" source="node_exporter.go:97"
2020-10-15T00:51:13.176078418Z  time="2020-10-15T00:51:13Z" level=info msg="Listening on :9100" source="node_exporter.go:111"
2020-10-15T00:51:13.509226981Z  Scylla version 4.1.8-0.20201002.6c43a0dc29 with build-id fec471b0d185de7f191d861ccfc539eff76f31ab starting ...
2020-10-15T00:51:13.509296904Z  command used: "/usr/bin/scylla --log-to-syslog 0 --log-to-stdout 1 --default-log-level info --network-stack posix --developer-mode=1 --overprovisioned --listen-address 10.0.95.6 --rpc-address 10.0.95.6 --seed-provider-parameters seeds=10.0.95.6 --blocked-reactor-notify-ms 999999999"
2020-10-15T00:51:13.509311235Z  parsed command line options: [log-to-syslog: 0, log-to-stdout: 1, default-log-level: info, network-stack: posix, developer-mode: 1, overprovisioned, listen-address: 10.0.95.6, rpc-address: 10.0.95.6, seed-provider-parameters: seeds=10.0.95.6, blocked-reactor-notify-ms: 999999999]
2020-10-15T00:51:13.532140309Z  WARN  2020-10-15 00:51:13,531 [shard 0] seastar - Unable to set SCHED_FIFO scheduling policy for timer thread; latency impact possible. Try adding CAP_SYS_NICE
2020-10-15T00:51:13.556921029Z  INFO  2020-10-15 00:51:13,556 [shard 0] init - installing SIGHUP handler
2020-10-15T00:51:13.567442490Z  INFO  2020-10-15 00:51:13,567 [shard 0] init - Scylla version 4.1.8-0.20201002.6c43a0dc29 with build-id fec471b0d185de7f191d861ccfc539eff76f31ab starting ...
2020-10-15T00:51:13.567484964Z  
2020-10-15T00:51:13.568789436Z  INFO  2020-10-15 00:51:13,568 [shard 0] init - starting prometheus API server
2020-10-15T00:51:13.571003131Z  INFO  2020-10-15 00:51:13,570 [shard 0] init - starting tokens manager
2020-10-15T00:51:13.571388858Z  INFO  2020-10-15 00:51:13,571 [shard 0] init - starting migration manager notifier
2020-10-15T00:51:13.571713236Z  INFO  2020-10-15 00:51:13,571 [shard 0] init - creating tracing
2020-10-15T00:51:13.572463333Z  INFO  2020-10-15 00:51:13,572 [shard 0] init - creating snitch
2020-10-15T00:51:13.573394667Z  INFO  2020-10-15 00:51:13,573 [shard 0] init - determining DNS name
2020-10-15T00:51:13.573450751Z  INFO  2020-10-15 00:51:13,573 [shard 0] init - starting API server
2020-10-15T00:51:13.574524370Z  INFO  2020-10-15 00:51:13,574 [shard 0] init - Scylla API server listening on 127.0.0.1:10000 ...
2020-10-15T00:51:13.575444077Z  INFO  2020-10-15 00:51:13,575 [shard 0] init - initializing storage service
2020-10-15T00:51:13.575877998Z  INFO  2020-10-15 00:51:13,575 [shard 0] init - starting per-shard database core
2020-10-15T00:51:13.584376221Z  WARN  2020-10-15 00:51:13,584 [shard 0] init - I/O Scheduler is not properly configured! This is a non-supported setup, and performance is expected to be unpredictably bad.
2020-10-15T00:51:13.584401926Z   Reason found: none of --max-io-requests, --io-properties and --io-properties-file are set.
2020-10-15T00:51:13.584412444Z  To properly configure the I/O Scheduler, run the scylla_io_setup utility shipped with Scylla.
2020-10-15T00:51:13.584422326Z  
2020-10-15T00:51:13.584829816Z  INFO  2020-10-15 00:51:13,584 [shard 0] init - creating and verifying directories
2020-10-15T00:51:13.802973117Z  Connecting to http://localhost:10000
2020-10-15T00:51:13.803011878Z  Starting the JMX server
2020-10-15T00:51:14.335933708Z  Generating public/private rsa key pair.
2020-10-15T00:51:14.335971068Z  Your identification has been saved in /etc/ssh/ssh_host_rsa_key.
2020-10-15T00:51:14.335993455Z  Your public key has been saved in /etc/ssh/ssh_host_rsa_key.pub.
2020-10-15T00:51:14.336006124Z  The key fingerprint is:
2020-10-15T00:51:14.336015309Z  SHA256:HDKjGHnEMJqwaizwwUTxdRqIGtP8Hv85z7IznIlmc1Q root@71e7b11c5258
2020-10-15T00:51:14.336024415Z  The key's randomart image is:
2020-10-15T00:51:14.336036576Z  +---[RSA 4096]----+
2020-10-15T00:51:14.336045597Z  |.+*=..o .        |
2020-10-15T00:51:14.336054404Z  |+*+=o. +         |
2020-10-15T00:51:14.336063193Z  |=+=.o = .        |
2020-10-15T00:51:14.336072064Z  |=. =o. = .E      |
2020-10-15T00:51:14.336080915Z  |ooo..o  S.       |
2020-10-15T00:51:14.336089785Z  |o   . . .        |
2020-10-15T00:51:14.336098583Z  |       = +       |
2020-10-15T00:51:14.336107433Z  |      = %.       |
2020-10-15T00:51:14.336170346Z  |     o o.Bo      |
2020-10-15T00:51:14.336181982Z  +----[SHA256]-----+
2020-10-15T00:51:14.336214842Z  2020-10-15 00:51:14,336 INFO success: scylla entered RUNNING state, process has stayed up for > than 1 seconds (startsecs)
2020-10-15T00:51:14.336472187Z  2020-10-15 00:51:14,336 INFO success: scylla-housekeeping entered RUNNING state, process has stayed up for > than 1 seconds (startsecs)
2020-10-15T00:51:14.336755390Z  2020-10-15 00:51:14,336 INFO success: sshd entered RUNNING state, process has stayed up for > than 1 seconds (startsecs)
2020-10-15T00:51:14.337007285Z  2020-10-15 00:51:14,336 INFO success: scylla-jmx entered RUNNING state, process has stayed up for > than 1 seconds (startsecs)
2020-10-15T00:51:14.337282794Z  2020-10-15 00:51:14,337 INFO success: rsyslog entered RUNNING state, process has stayed up for > than 1 seconds (startsecs)
2020-10-15T00:51:14.337531228Z  2020-10-15 00:51:14,337 INFO success: node-exporter entered RUNNING state, process has stayed up for > than 1 seconds (startsecs)
2020-10-15T00:51:14.349941664Z  Could not load host key: /etc/ssh/ssh_host_ecdsa_key
2020-10-15T00:51:14.397225023Z  JMX is enabled to receive remote connections on port: 7199
2020-10-15T00:51:14.738635816Z  INFO  2020-10-15 00:51:14,738 [shard 0] database - Populating Keyspace system_schema
2020-10-15T00:51:14.738683449Z  INFO  2020-10-15 00:51:14,738 [shard 0] database - Keyspace system_schema: Reading CF computed_columns id=cc7c7069-3740-33c1-92a4-c3de78dbd2c4 version=2b8c4439-de76-31e0-807f-3b7290a975d7
2020-10-15T00:51:14.738695299Z  INFO  2020-10-15 00:51:14,738 [shard 0] database - Keyspace system_schema: Reading CF view_virtual_columns id=08843b63-45dc-3be2-9798-a0418295cfaa version=c777531c-15f7-326f-8ebe-39fd0265c8c9
2020-10-15T00:51:14.738705894Z  INFO  2020-10-15 00:51:14,738 [shard 0] database - Keyspace system_schema: Reading CF dropped_columns id=5e7583b5-f3f4-3af1-9a39-b7e1d6f5f11f version=7426bc6c-4c2f-3200-8ad8-4329610ed59a
2020-10-15T00:51:14.738716057Z  INFO  2020-10-15 00:51:14,738 [shard 0] database - Keyspace system_schema: Reading CF indexes id=0feb57ac-311f-382f-ba6d-9024d305702f version=99c40462-8687-304e-abe3-2bdbef1f25aa
2020-10-15T00:51:14.738726083Z  INFO  2020-10-15 00:51:14,738 [shard 0] database - Keyspace system_schema: Reading CF functions id=96489b79-80be-3e14-a701-66a0b9159450 version=329ed804-55b3-3eee-ad61-d85317b96097
2020-10-15T00:51:14.738736249Z  INFO  2020-10-15 00:51:14,738 [shard 0] database - Keyspace system_schema: Reading CF columns id=24101c25-a2ae-3af7-87c1-b40ee1aca33f version=d33236d4-9bdd-3c09-abf0-a0bc5edc2526
2020-10-15T00:51:14.739068788Z  INFO  2020-10-15 00:51:14,738 [shard 0] database - Keyspace system_schema: Reading CF scylla_tables id=5d912ff1-f759-3665-b2c8-8042ab5103dd version=38e5e56b-155d-39b5-a0d2-8e5dcad42a26
2020-10-15T00:51:14.739088408Z  INFO  2020-10-15 00:51:14,738 [shard 0] database - Keyspace system_schema: Reading CF tables id=afddfb9d-bc1e-3068-8056-eed6c302ba09 version=b6240810-eeb7-36d5-9411-43b2d68dddab
2020-10-15T00:51:14.739098771Z  INFO  2020-10-15 00:51:14,738 [shard 0] database - Keyspace system_schema: Reading CF keyspaces id=abac5682-dea6-31c5-b535-b3d6cffd0fb6 version=e79ca8ba-6556-3f7d-925a-7f20cf57938c
2020-10-15T00:51:14.739108470Z  INFO  2020-10-15 00:51:14,738 [shard 0] database - Keyspace system_schema: Reading CF triggers id=4df70b66-6b05-3251-95a1-32b54005fd48 version=582d7071-1ef0-37c8-adc6-471a13636139
2020-10-15T00:51:14.739118463Z  INFO  2020-10-15 00:51:14,738 [shard 0] database - Keyspace system_schema: Reading CF views id=9786ac1c-dd58-3201-a7cd-ad556410c985 version=5b58bb47-96e7-3f57-accf-0bfca4dbbc6e
2020-10-15T00:51:14.739145846Z  INFO  2020-10-15 00:51:14,738 [shard 0] database - Keyspace system_schema: Reading CF types id=5a8b1ca8-6602-3f77-a045-9273d308917a version=de51b2ce-5e4d-3b7d-a75f-2204332ce8d1
2020-10-15T00:51:14.739156849Z  INFO  2020-10-15 00:51:14,738 [shard 0] database - Keyspace system_schema: Reading CF aggregates id=924c5587-2e3a-345b-b10c-12f37c1ba895 version=4b53e92c-0368-3d5c-b959-2ec1bfd1a59f
2020-10-15T00:51:18.796306136Z  Traceback (most recent call last):
2020-10-15T00:51:18.796354721Z    File "/opt/scylladb/scripts/libexec/scylla-housekeeping", line 208, in <module>
2020-10-15T00:51:18.796376871Z      args.func(args)
2020-10-15T00:51:18.796394866Z    File "/opt/scylladb/scripts/libexec/scylla-housekeeping", line 134, in check_version
2020-10-15T00:51:18.796413606Z      current_version = sanitize_version(get_api('/storage_service/scylla_release_version'))
2020-10-15T00:51:18.796432133Z    File "/opt/scylladb/scripts/libexec/scylla-housekeeping", line 93, in get_api
2020-10-15T00:51:18.796450143Z      return get_json_from_url("http://" + api_address + path)
2020-10-15T00:51:18.796467881Z    File "/opt/scylladb/scripts/libexec/scylla-housekeeping", line 88, in get_json_from_url
2020-10-15T00:51:18.796502576Z      raise RuntimeError(f'Failed to get "{path}" due to the following error: {retval}')
2020-10-15T00:51:18.796525637Z  RuntimeError: Failed to get "http://localhost:10000/storage_service/scylla_release_version" due to the following error: HTTP Error 404: Not Found
2020-10-15T00:51:18.921499249Z  INFO  2020-10-15 00:51:18,920 [shard 0] database - Populating Keyspace system
2020-10-15T00:51:18.921530325Z  INFO  2020-10-15 00:51:18,921 [shard 0] database - Keyspace system: Reading CF schema_aggregates id=a5fc57fc-9d6c-3bfd-a3fc-01ad54686fea version=d06c934f-9a69-374c-86f1-523ab26fb05c
2020-10-15T00:51:18.921542206Z  INFO  2020-10-15 00:51:18,921 [shard 0] database - Keyspace system: Reading CF schema_triggers id=0359bc71-7123-3ee1-9a4a-b9dfb11fc125 version=75e4ec4c-76da-3f59-984e-66810ba0c62b
2020-10-15T00:51:18.921552603Z  INFO  2020-10-15 00:51:18,921 [shard 0] database - Keyspace system: Reading CF compaction_history id=b4dbb7b4-dc49-3fb5-b3bf-ce6e434832ca version=25cae56a-8d75-39f3-a146-3756ab4981c7
2020-10-15T00:51:18.921891816Z  INFO  2020-10-15 00:51:18,921 [shard 0] database - Keyspace system: Reading CF compactions_in_progress id=55080ab0-5d9c-3886-90a4-acb25fe1f77b version=540263f1-40db-3869-8a38-3baadedc222d
2020-10-15T00:51:18.921917184Z  INFO  2020-10-15 00:51:18,921 [shard 0] database - Keyspace system: Reading CF range_xfers id=55d76438-4e55-3f8b-9f6e-676d4af3976d version=dd15a078-409b-350d-9bef-c5f3520832d8
2020-10-15T00:51:18.921928702Z  INFO  2020-10-15 00:51:18,921 [shard 0] database - Keyspace system: Reading CF scylla_views_builds_in_progress id=a04c7bfd-1e13-36c9-a44d-f22da352281d version=e3fb736c-6956-3990-a31d-9a482279e3fc
2020-10-15T00:51:18.921939192Z  INFO  2020-10-15 00:51:18,921 [shard 0] database - Keyspace system: Reading CF IndexInfo id=9f5c6374-d485-3229-9a0a-5094af9ad1e3 version=bbb3743b-351f-3023-b4fc-09a9be37d529
2020-10-15T00:51:18.921949599Z  INFO  2020-10-15 00:51:18,921 [shard 0] database - Keyspace system: Reading CF cdc_local id=0bcaffd4-0c83-3ead-ad13-dc1d5015b77c version=0aa4d3a2-ed95-3ecd-aba0-cd75622ad290
2020-10-15T00:51:18.921974338Z  INFO  2020-10-15 00:51:18,921 [shard 0] database - Keyspace system: Reading CF schema_columnfamilies id=45f5b360-24bc-3f83-a363-1034ea4fa697 version=7f7a5fea-07b7-304d-a6f8-f7aec72cabdb
2020-10-15T00:51:18.921986141Z  INFO  2020-10-15 00:51:18,921 [shard 0] database - Keyspace system: Reading CF batchlog id=0290003c-977e-397c-ac3e-fdfdc01d626b version=e2a2e804-49e4-3597-9f16-39fd9475835c
2020-10-15T00:51:18.921996344Z  INFO  2020-10-15 00:51:18,921 [shard 0] database - Keyspace system: Reading CF schema_functions id=d1b675fe-2b50-3ca4-8e49-c0f81989dcad version=a50959dd-2be0-3e4e-8bb5-cf40796e256a
2020-10-15T00:51:18.922006564Z  INFO  2020-10-15 00:51:18,921 [shard 0] database - Keyspace system: Reading CF peer_events id=59dfeaea-8db2-3341-91ef-109974d81484 version=7f874a05-72b8-3c21-9acb-baa164fc351a
2020-10-15T00:51:18.922016803Z  INFO  2020-10-15 00:51:18,921 [shard 0] database - Keyspace system: Reading CF local id=7ad54392-bcdd-35a6-8417-4e047860b377 version=7fa82c2e-5b67-37dd-8e5e-2079e18f1536
2020-10-15T00:51:18.922208961Z  INFO  2020-10-15 00:51:18,921 [shard 0] database - Keyspace system: Reading CF clients id=ca0f635d-8630-3609-8d93-a1fc06f2a5e5 version=51273ebf-e6f9-3cd5-b455-ea09ad29796f
2020-10-15T00:51:18.922227876Z  INFO  2020-10-15 00:51:18,921 [shard 0] database - Keyspace system: Reading CF size_estimates id=618f817b-005f-3678-b8a4-53f3930b8e86 version=6d4dbcff-f05b-3dc3-95ad-f79f7b10504d
2020-10-15T00:51:18.922238387Z  INFO  2020-10-15 00:51:18,921 [shard 0] database - Keyspace system: Reading CF large_partitions id=8a7fe624-96b0-34b1-b90e-f71bddcdd2d3 version=04fa9920-9369-3a96-be39-6dd9fdc816b6
2020-10-15T00:51:18.922248596Z  INFO  2020-10-15 00:51:18,921 [shard 0] database - Keyspace system: Reading CF schema_columns id=296e9c04-9bec-3085-827d-c17d3df2122a version=53cfbb66-ee0d-37be-97bb-b2afb3746f85
2020-10-15T00:51:18.922258800Z  INFO  2020-10-15 00:51:18,921 [shard 0] database - Keyspace system: Reading CF built_views id=4b3c50a9-ea87-3d76-9101-6dbc9c38494a version=a28aa0b3-6def-30a7-9fbe-ce78b3f3c9b9
2020-10-15T00:51:18.922269052Z  INFO  2020-10-15 00:51:18,921 [shard 0] database - Keyspace system: Reading CF peers id=37f71aca-7dc2-383b-a706-72528af04d4f version=f6f6871f-8c86-3eca-ac0b-2a2e848e395d
2020-10-15T00:51:18.922279246Z  INFO  2020-10-15 00:51:18,921 [shard 0] database - Keyspace system: Reading CF hints id=2666e205-73ef-38b3-90fe-fecf96e8f0c7 version=0b74fdd1-e96d-309e-a14e-a5bcd7ac885d
2020-10-15T00:51:18.922289360Z  INFO  2020-10-15 00:51:18,921 [shard 0] database - Keyspace system: Reading CF large_rows id=40550f66-0858-39a0-9430-f27fc08034e9 version=aee3acb0-7926-317b-848e-db7bc3721695
2020-10-15T00:51:18.922299693Z  INFO  2020-10-15 00:51:18,921 [shard 0] database - Keyspace system: Reading CF large_cells id=ead8bbc5-f146-3ae1-9f71-0b11f9a1d296 version=0d4a6937-a781-3f87-a192-b4e4a4a40acf
2020-10-15T00:51:18.922310279Z  INFO  2020-10-15 00:51:18,921 [shard 0] database - Keyspace system: Reading CF scylla_local id=2972ec7f-fb20-38dd-aac1-d876f2e3fcbd version=5f0b407d-eedf-3845-a48e-dbb9673d10e1
2020-10-15T00:51:18.922528513Z  INFO  2020-10-15 00:51:18,922 [shard 0] database - Keyspace system: Reading CF views_builds_in_progress id=b7f2c108-78cd-3c80-9cd5-d609b2bd149c version=b905cce5-1474-3085-819a-7592453e2fb9
2020-10-15T00:51:18.922546775Z  INFO  2020-10-15 00:51:18,922 [shard 0] database - Keyspace system: Reading CF schema_usertypes id=3aa75225-4f82-350b-8d5c-430fa221fa0a version=3c53e6bb-56d5-3618-a0b2-4ff5f18127d7
2020-10-15T00:51:18.922566671Z  INFO  2020-10-15 00:51:18,922 [shard 0] database - Keyspace system: Reading CF sstable_activity id=5a1ff267-ace0-3f12-8563-cfae6103c65e version=bdec57a3-b234-334b-be9c-7b1f33113995
2020-10-15T00:51:18.922577972Z  INFO  2020-10-15 00:51:18,922 [shard 0] database - Keyspace system: Reading CF truncated id=38c19fd0-fb86-3310-a4b7-0d0cc66628aa version=6da9a85c-7ae0-3917-aead-54a2f65a57a8
2020-10-15T00:51:18.922588156Z  INFO  2020-10-15 00:51:18,922 [shard 0] database - Keyspace system: Reading CF paxos id=b7b7f0c2-fd0a-3410-8c05-3ef614bb7c2d version=6dd372de-72fb-3e1b-9b8c-f97738a67fe9
2020-10-15T00:51:18.922598332Z  INFO  2020-10-15 00:51:18,922 [shard 0] database - Keyspace system: Reading CF schema_keyspaces id=b0f22357-4458-3cdb-9631-c43e59ce3676 version=84d28cef-59f9-34a9-9be5-31c684997f03
2020-10-15T00:51:33.578672736Z  INFO  2020-10-15 00:51:33,578 [shard 0] init - starting gossip
2020-10-15T00:51:33.578715887Z  WARN  2020-10-15 00:51:33,578 [shard 0] init - Using default cluster name is not recommended. Using a unique cluster name will reduce the chance of adding nodes to the wrong cluster by mistake
2020-10-15T00:51:33.579263080Z  INFO  2020-10-15 00:51:33,578 [shard 0] init - starting storage proxy
2020-10-15T00:51:33.599672104Z  INFO  2020-10-15 00:51:33,599 [shard 0] init - creating hints manager
2020-10-15T00:51:33.600369553Z  INFO  2020-10-15 00:51:33,599 [shard 3] init - creating hints manager
2020-10-15T00:51:33.600396809Z  INFO  2020-10-15 00:51:33,599 [shard 1] init - creating hints manager
2020-10-15T00:51:33.601236942Z  INFO  2020-10-15 00:51:33,600 [shard 2] init - creating hints manager
2020-10-15T00:51:33.601721068Z  INFO  2020-10-15 00:51:33,601 [shard 0] init - starting migration manager
2020-10-15T00:51:33.601747716Z  INFO  2020-10-15 00:51:33,601 [shard 0] init - starting query processor
2020-10-15T00:51:33.604242319Z  INFO  2020-10-15 00:51:33,603 [shard 0] init - initializing batchlog manager
2020-10-15T00:51:33.610200800Z  INFO  2020-10-15 00:51:33,609 [shard 0] legacy_schema_migrator - Moving 0 keyspaces from legacy schema tables to the new schema keyspace (system_schema)
2020-10-15T00:51:33.610599021Z  INFO  2020-10-15 00:51:33,610 [shard 0] legacy_schema_migrator - Dropping legacy schema tables
2020-10-15T00:51:45.250578588Z  INFO  2020-10-15 00:51:45,249 [shard 0] legacy_schema_migrator - Completed migration of legacy schema tables
2020-10-15T00:51:45.254532391Z  INFO  2020-10-15 00:51:45,254 [shard 0] init - loading system sstables
2020-10-15T00:52:01.225043720Z  INFO  2020-10-15 00:52:01,224 [shard 0] init - loading non-system sstables
2020-10-15T00:52:09.125670638Z  INFO  2020-10-15 00:52:09,124 [shard 0] database - Populating Keyspace dt
2020-10-15T00:52:09.125719563Z  INFO  2020-10-15 00:52:09,125 [shard 0] database - Keyspace dt: Reading CF element_twin_idx_index id=630ae8b0-d77b-11ea-9877-000000000001 version=bc3026fd-bc4e-318d-b6f4-ca0b566cb74b
2020-10-15T00:52:09.125732226Z  INFO  2020-10-15 00:52:09,125 [shard 0] database - Keyspace dt: Reading CF source_element_idx_index id=68593f10-d77b-11ea-9877-000000000001 version=33e3f927-f730-3081-88e1-6bed2962e42a
2020-10-15T00:52:09.125759742Z  INFO  2020-10-15 00:52:09,125 [shard 0] database - Keyspace dt: Reading CF source id=65ff2270-d77b-11ea-9877-000000000001 version=5f8471b7-7d19-31d4-9be5-0f153affb0bb
2020-10-15T00:52:09.125771068Z  INFO  2020-10-15 00:52:09,125 [shard 0] database - Keyspace dt: Reading CF source_data id=6af6cd50-d77b-11ea-9877-000000000001 version=b52400e3-b307-3141-b3fc-e5d63573f135
2020-10-15T00:52:09.126065147Z  INFO  2020-10-15 00:52:09,125 [shard 0] database - Keyspace dt: Reading CF element id=607549b0-d77b-11ea-9877-000000000001 version=f44a6c4b-69d8-37f2-b116-7260740acc6c
2020-10-15T00:52:09.126092596Z  INFO  2020-10-15 00:52:09,125 [shard 0] database - Keyspace dt: Reading CF twin id=5e00c740-d77b-11ea-9877-000000000001 version=6240633e-c8cc-3fea-a1e3-452eff1b9659
2020-10-15T00:52:09.126104427Z  INFO  2020-10-15 00:52:09,125 [shard 0] database - Keyspace dt: Reading CF user id=5c294820-d77b-11ea-9877-000000000001 version=02cce273-02f1-3e6a-8674-f1016e3f22d7
2020-10-15T00:52:09.126114460Z  INFO  2020-10-15 00:52:09,125 [shard 0] database - Populating Keyspace system_distributed
2020-10-15T00:52:09.126124151Z  INFO  2020-10-15 00:52:09,125 [shard 0] database - Keyspace system_distributed: Reading CF view_build_status id=5582b59f-8e4e-35e1-b913-3acada51eb04 version=e0b6e628-60e0-39a2-ada0-9b6c13bdd9bc
2020-10-15T00:52:09.126134240Z  INFO  2020-10-15 00:52:09,125 [shard 0] database - Keyspace system_distributed: Reading CF cdc_generations id=6a4df139-00b6-3d21-9efc-dade266dc3b7 version=2511b46b-df1d-39fa-9a77-f5cacf88af47
2020-10-15T00:52:09.126144341Z  INFO  2020-10-15 00:52:09,125 [shard 0] database - Keyspace system_distributed: Reading CF cdc_streams id=07405732-4620-34d6-a85e-947248dad9a4 version=b606cfa4-a37b-32bd-a624-e05cab2bed3c
2020-10-15T00:52:09.126154713Z  INFO  2020-10-15 00:52:09,125 [shard 0] database - Populating Keyspace system_auth
2020-10-15T00:52:09.126164040Z  INFO  2020-10-15 00:52:09,125 [shard 0] database - Keyspace system_auth: Reading CF roles id=5bc52802-de25-35ed-aeab-188eecebb090 version=d8f599da-7544-3f57-aa58-b229deea93e0
2020-10-15T00:52:09.126173749Z  INFO  2020-10-15 00:52:09,125 [shard 0] database - Keyspace system_auth: Reading CF role_members id=0ecdaa87-f8fb-3e60-88d1-74fb36fe5c0d version=2923b5bb-f2f8-36e8-9e73-19019900010c
2020-10-15T00:52:09.126183545Z  INFO  2020-10-15 00:52:09,125 [shard 0] database - Populating Keyspace system_traces
2020-10-15T00:52:09.126394988Z  INFO  2020-10-15 00:52:09,125 [shard 0] database - Keyspace system_traces: Reading CF sessions id=c5e99f16-8677-3914-b17e-960613512345 version=e0fc4b06-6cba-3b7b-bfb6-b42a77c370a9
2020-10-15T00:52:09.126414102Z  INFO  2020-10-15 00:52:09,125 [shard 0] database - Keyspace system_traces: Reading CF node_slow_log_time_idx id=f9706768-aa1e-3d87-9e5c-51a3927c2870 version=eaffc0bb-7b2c-3b64-8924-d8ba685120bc
2020-10-15T00:52:09.126424754Z  INFO  2020-10-15 00:52:09,125 [shard 0] database - Keyspace system_traces: Reading CF sessions_time_idx id=0ebf001c-c1d1-3693-9a63-c3d96ac53318 version=cd5d1e5f-1f42-3b9d-a8ba-3af39d59a7d5
2020-10-15T00:52:09.126434864Z  INFO  2020-10-15 00:52:09,125 [shard 0] database - Keyspace system_traces: Reading CF events id=8826e8e9-e16a-3728-8753-3bc1fc713c25 version=41a6b26e-a03b-3ae1-8a4a-b9446e7f9304
2020-10-15T00:52:09.126445267Z  INFO  2020-10-15 00:52:09,125 [shard 0] database - Keyspace system_traces: Reading CF node_slow_log id=bfcc4e62-5b63-3aa1-a1c3-6f5e47f3325c version=23e7a411-8414-340f-854d-20a3a637e438
2020-10-15T00:52:15.063896619Z  INFO  2020-10-15 00:52:15,063 [shard 0] init - starting view update generator
2020-10-15T00:52:15.064261827Z  INFO  2020-10-15 00:52:15,063 [shard 0] init - discovering staging sstables
2020-10-15T00:52:15.064820255Z  INFO  2020-10-15 00:52:15,064 [shard 0] init - setting up system keyspace
2020-10-15T00:52:15.083547391Z  INFO  2020-10-15 00:52:15,083 [shard 0] init - starting commit log
2020-10-15T00:52:15.084386848Z  INFO  2020-10-15 00:52:15,084 [shard 0] compaction - Compacting [/var/lib/scylla/data/system/compaction_history-b4dbb7b4dc493fb5b3bfce6e434832ca/mc-868-big-Data.db:level=0, /var/lib/scylla/data/system/compaction_history-b4dbb7b4dc493fb5b3bfce6e434832ca/mc-864-big-Data.db:level=0, ]
2020-10-15T00:52:15.084731931Z  INFO  2020-10-15 00:52:15,084 [shard 2] compaction - Compacting [/var/lib/scylla/data/system/peers-37f71aca7dc2383ba70672528af04d4f/mc-18-big-Data.db:level=0, /var/lib/scylla/data/system/peers-37f71aca7dc2383ba70672528af04d4f/mc-22-big-Data.db:level=0, ]
2020-10-15T00:52:15.084755510Z  INFO  2020-10-15 00:52:15,084 [shard 1] compaction - Compacting [/var/lib/scylla/data/system/compaction_history-b4dbb7b4dc493fb5b3bfce6e434832ca/mc-877-big-Data.db:level=0, /var/lib/scylla/data/system/compaction_history-b4dbb7b4dc493fb5b3bfce6e434832ca/mc-873-big-Data.db:level=0, ]
2020-10-15T00:52:15.085087181Z  INFO  2020-10-15 00:52:15,084 [shard 1] compaction - Compacting [/var/lib/scylla/data/system/local-7ad54392bcdd35a684174e047860b377/mc-3537-big-Data.db:level=0, /var/lib/scylla/data/system/local-7ad54392bcdd35a684174e047860b377/mc-3541-big-Data.db:level=0, /var/lib/scylla/data/system/local-7ad54392bcdd35a684174e047860b377/mc-3533-big-Data.db:level=0, ]
2020-10-15T00:52:15.085108906Z  INFO  2020-10-15 00:52:15,084 [shard 2] compaction - Compacting [/var/lib/scylla/data/system/compaction_history-b4dbb7b4dc493fb5b3bfce6e434832ca/mc-890-big-Data.db:level=0, /var/lib/scylla/data/system/compaction_history-b4dbb7b4dc493fb5b3bfce6e434832ca/mc-886-big-Data.db:level=0, ]
2020-10-15T00:52:15.085121287Z  INFO  2020-10-15 00:52:15,084 [shard 2] compaction - Compacting [/var/lib/scylla/data/system/truncated-38c19fd0fb863310a4b70d0cc66628aa/mc-1130-big-Data.db:level=0, /var/lib/scylla/data/system/truncated-38c19fd0fb863310a4b70d0cc66628aa/mc-1126-big-Data.db:level=0, ]
2020-10-15T00:52:15.085424023Z  INFO  2020-10-15 00:52:15,084 [shard 0] compaction - Compacting [/var/lib/scylla/data/system/truncated-38c19fd0fb863310a4b70d0cc66628aa/mc-1652-big-Data.db:level=0, /var/lib/scylla/data/system/truncated-38c19fd0fb863310a4b70d0cc66628aa/mc-1648-big-Data.db:level=0, ]
2020-10-15T00:52:15.085444581Z  INFO  2020-10-15 00:52:15,084 [shard 3] compaction - Compacting [/var/lib/scylla/data/system/clients-ca0f635d863036098d93a1fc06f2a5e5/mc-23-big-Data.db:level=0, /var/lib/scylla/data/system/clients-ca0f635d863036098d93a1fc06f2a5e5/mc-27-big-Data.db:level=0, ]
2020-10-15T00:52:15.085456589Z  INFO  2020-10-15 00:52:15,085 [shard 3] compaction - Compacting [/var/lib/scylla/data/system/compaction_history-b4dbb7b4dc493fb5b3bfce6e434832ca/mc-891-big-Data.db:level=0, /var/lib/scylla/data/system/compaction_history-b4dbb7b4dc493fb5b3bfce6e434832ca/mc-887-big-Data.db:level=0, ]
2020-10-15T00:52:15.085468065Z  INFO  2020-10-15 00:52:15,085 [shard 3] compaction - Compacting [/var/lib/scylla/data/system/truncated-38c19fd0fb863310a4b70d0cc66628aa/mc-939-big-Data.db:level=0, /var/lib/scylla/data/system/truncated-38c19fd0fb863310a4b70d0cc66628aa/mc-935-big-Data.db:level=0, ]
2020-10-15T00:52:15.085766043Z  INFO  2020-10-15 00:52:15,085 [shard 3] compaction - Compacting [/var/lib/scylla/data/dt/source_data-6af6cd50d77b11ea9877000000000001/mc-675-big-Data.db:level=0, /var/lib/scylla/data/dt/source_data-6af6cd50d77b11ea9877000000000001/mc-671-big-Data.db:level=0, ]
2020-10-15T00:52:15.090772080Z  INFO  2020-10-15 00:52:15,090 [shard 0] init - initializing migration manager RPC verbs
2020-10-15T00:52:15.091752788Z  INFO  2020-10-15 00:52:15,091 [shard 0] init - initializing storage proxy RPC verbs
2020-10-15T00:52:15.092754860Z  INFO  2020-10-15 00:52:15,092 [shard 0] init - starting streaming service
2020-10-15T00:52:15.095055452Z  INFO  2020-10-15 00:52:15,094 [shard 0] init - starting hinted handoff manager
2020-10-15T00:52:16.128424467Z  WARN  2020-10-15 00:52:16,127 [shard 3] large_data - Writing a partition with too many rows [dt/source_data:d0a71d84-b80f-4558-beac-8887750652e3] (157258 rows)
2020-10-15T00:52:16.592028989Z  INFO  2020-10-15 00:52:16,591 [shard 0] init - starting messaging service
2020-10-15T00:52:16.592485375Z  INFO  2020-10-15 00:52:16,592 [shard 0] repair - Setting max_repair_memory=168820736, max_repair_memory_per_range=33554432, max_repair_ranges_in_parallel=5
2020-10-15T00:52:16.593226364Z  INFO  2020-10-15 00:52:16,592 [shard 0] init - starting storage service
2020-10-15T00:52:16.595410008Z  INFO  2020-10-15 00:52:16,594 [shard 0] storage_service - Loading persisted ring state
2020-10-15T00:52:16.600806958Z  INFO  2020-10-15 00:52:16,600 [shard 0] storage_service - loaded_peer_features: peer_features size=0
2020-10-15T00:52:16.600850974Z  INFO  2020-10-15 00:52:16,600 [shard 0] storage_service - Checking remote features skipped, since this node is a new seed node which knows nothing about the cluster
2020-10-15T00:52:16.603145602Z  INFO  2020-10-15 00:52:16,602 [shard 0] storage_service - Restarting a node in NORMAL status
2020-10-15T00:52:16.630614252Z  INFO  2020-10-15 00:52:16,630 [shard 0] database - Schema version changed to 3f00f995-6495-3765-8599-4e76a2f4c6b2
2020-10-15T00:52:16.631130053Z  INFO  2020-10-15 00:52:16,630 [shard 0] storage_service - Starting up server gossip
2020-10-15T00:52:16.876968203Z  INFO  2020-10-15 00:52:16,876 [shard 2] compaction - Compacted 2 sstables to []. 10954 bytes to 0 (~0% of original) in 0ms = 0.00MB/s. ~256 total partitions merged to 0.
2020-10-15T00:52:17.128877191Z  INFO  2020-10-15 00:52:17,128 [shard 3] compaction - Compacted 2 sstables to []. 50915 bytes to 0 (~0% of original) in 9ms = 0.00MB/s. ~256 total partitions merged to 0.
2020-10-15T00:52:18.648937015Z  INFO  2020-10-15 00:52:18,648 [shard 0] compaction - Compacted 2 sstables to [/var/lib/scylla/data/system/truncated-38c19fd0fb863310a4b70d0cc66628aa/mc-1656-big-Data.db:level=0, ]. 81982 bytes to 76748 (~93% of original) in 2503ms = 0.03MB/s. ~256 total partitions merged to 2.
2020-10-15T00:52:18.649971329Z  INFO  2020-10-15 00:52:18,649 [shard 0] compaction - Compacted 2 sstables to [/var/lib/scylla/data/system/compaction_history-b4dbb7b4dc493fb5b3bfce6e434832ca/mc-872-big-Data.db:level=0, ]. 170530 bytes to 92402 (~54% of original) in 2504ms = 0.04MB/s. ~256 total partitions merged to 39.
2020-10-15T00:52:19.126353080Z  INFO  2020-10-15 00:52:19,124 [shard 2] compaction - Compacted 2 sstables to [/var/lib/scylla/data/system/truncated-38c19fd0fb863310a4b70d0cc66628aa/mc-1134-big-Data.db:level=0, ]. 112020 bytes to 56087 (~50% of original) in 2986ms = 0.02MB/s. ~256 total partitions merged to 4.
2020-10-15T00:52:19.126415742Z  INFO  2020-10-15 00:52:19,124 [shard 2] compaction - Compacted 2 sstables to [/var/lib/scylla/data/system/compaction_history-b4dbb7b4dc493fb5b3bfce6e434832ca/mc-894-big-Data.db:level=0, ]. 187375 bytes to 96745 (~51% of original) in 2987ms = 0.03MB/s. ~256 total partitions merged to 42.
2020-10-15T00:52:19.521053685Z  INFO  2020-10-15 00:52:19,520 [shard 1] compaction - Compacted 3 sstables to [/var/lib/scylla/data/system/local-7ad54392bcdd35a684174e047860b377/mc-3545-big-Data.db:level=0, ]. 24526 bytes to 12436 (~50% of original) in 2946ms = 0.00MB/s. ~384 total partitions merged to 1.
2020-10-15T00:52:19.523180202Z  INFO  2020-10-15 00:52:19,522 [shard 1] compaction - Compacted 2 sstables to [/var/lib/scylla/data/system/compaction_history-b4dbb7b4dc493fb5b3bfce6e434832ca/mc-881-big-Data.db:level=0, ]. 172135 bytes to 91602 (~53% of original) in 3040ms = 0.03MB/s. ~256 total partitions merged to 31.
2020-10-15T00:52:19.524271072Z  INFO  2020-10-15 00:52:19,523 [shard 1] compaction - Compacting [/var/lib/scylla/data/system/local-7ad54392bcdd35a684174e047860b377/mc-3549-big-Data.db:level=0, /var/lib/scylla/data/system/local-7ad54392bcdd35a684174e047860b377/mc-3545-big-Data.db:level=0, ]
2020-10-15T00:52:19.525023639Z  INFO  2020-10-15 00:52:19,524 [shard 0] messaging_service - Starting Messaging Service on port 7000
2020-10-15T00:52:19.570235182Z  INFO  2020-10-15 00:52:19,569 [shard 3] compaction - Compacted 2 sstables to [/var/lib/scylla/data/dt/source_data-6af6cd50d77b11ea9877000000000001/mc-679-big-Data.db:level=0, ]. 12687640 bytes to 12682289 (~99% of original) in 3341ms = 3.62MB/s. ~256 total partitions merged to 1.
2020-10-15T00:52:19.571240461Z  INFO  2020-10-15 00:52:19,570 [shard 3] compaction - Compacted 2 sstables to [/var/lib/scylla/data/system/truncated-38c19fd0fb863310a4b70d0cc66628aa/mc-943-big-Data.db:level=0, ]. 126260 bytes to 63205 (~50% of original) in 3341ms = 0.02MB/s. ~256 total partitions merged to 2.
2020-10-15T00:52:19.572511107Z  INFO  2020-10-15 00:52:19,571 [shard 3] compaction - Compacted 2 sstables to [/var/lib/scylla/data/system/compaction_history-b4dbb7b4dc493fb5b3bfce6e434832ca/mc-895-big-Data.db:level=0, ]. 178909 bytes to 92435 (~51% of original) in 3341ms = 0.03MB/s. ~256 total partitions merged to 32.
2020-10-15T00:52:21.155606065Z  INFO  2020-10-15 00:52:21,154 [shard 1] compaction - Compacted 2 sstables to [/var/lib/scylla/data/system/local-7ad54392bcdd35a684174e047860b377/mc-3553-big-Data.db:level=0, ]. 19042 bytes to 12272 (~64% of original) in 1185ms = 0.01MB/s. ~256 total partitions merged to 1.
2020-10-15T00:52:31.529977522Z  INFO  2020-10-15 00:52:31,528 [shard 0] gossip - No gossip backlog; proceeding
2020-10-15T00:52:31.531660771Z  INFO  2020-10-15 00:52:31,530 [shard 0] features - Feature COMPUTED_COLUMNS is enabled
2020-10-15T00:52:31.531706773Z  INFO  2020-10-15 00:52:31,531 [shard 0] features - Feature CORRECT_COUNTER_ORDER is enabled
2020-10-15T00:52:31.531726990Z  INFO  2020-10-15 00:52:31,531 [shard 0] features - Feature CORRECT_NON_COMPOUND_RANGE_TOMBSTONES is enabled
2020-10-15T00:52:31.531745324Z  INFO  2020-10-15 00:52:31,531 [shard 0] features - Feature CORRECT_STATIC_COMPACT_IN_MC is enabled
2020-10-15T00:52:31.531787299Z  INFO  2020-10-15 00:52:31,531 [shard 0] features - Feature COUNTERS is enabled
2020-10-15T00:52:31.531821110Z  INFO  2020-10-15 00:52:31,531 [shard 0] features - Feature DIGEST_INSENSITIVE_TO_EXPIRY is enabled
2020-10-15T00:52:31.532103124Z  INFO  2020-10-15 00:52:31,531 [shard 0] features - Feature DIGEST_MULTIPARTITION_READ is enabled
2020-10-15T00:52:31.532148820Z  INFO  2020-10-15 00:52:31,531 [shard 0] features - Feature HINTED_HANDOFF_SEPARATE_CONNECTION is enabled
2020-10-15T00:52:31.532168679Z  INFO  2020-10-15 00:52:31,531 [shard 0] features - Feature INDEXES is enabled
2020-10-15T00:52:31.532185907Z  INFO  2020-10-15 00:52:31,531 [shard 0] features - Feature LARGE_PARTITIONS is enabled
2020-10-15T00:52:31.532202494Z  INFO  2020-10-15 00:52:31,531 [shard 0] features - Feature LWT is enabled
2020-10-15T00:52:31.532218778Z  INFO  2020-10-15 00:52:31,531 [shard 0] features - Feature MATERIALIZED_VIEWS is enabled
2020-10-15T00:52:31.532235669Z  INFO  2020-10-15 00:52:31,531 [shard 0] features - Feature MC_SSTABLE_FORMAT is enabled
2020-10-15T00:52:31.532252134Z  INFO  2020-10-15 00:52:31,531 [shard 0] features - Feature NONFROZEN_UDTS is enabled
2020-10-15T00:52:31.532268750Z  INFO  2020-10-15 00:52:31,531 [shard 0] features - Feature PER_TABLE_PARTITIONERS is enabled
2020-10-15T00:52:31.532285519Z  INFO  2020-10-15 00:52:31,531 [shard 0] features - Feature RANGE_TOMBSTONES is enabled
2020-10-15T00:52:31.532302230Z  INFO  2020-10-15 00:52:31,531 [shard 0] features - Feature ROLES is enabled
2020-10-15T00:52:31.532318963Z  INFO  2020-10-15 00:52:31,531 [shard 0] features - Feature ROW_LEVEL_REPAIR is enabled
2020-10-15T00:52:31.532335700Z  INFO  2020-10-15 00:52:31,531 [shard 0] features - Feature SCHEMA_TABLES_V3 is enabled
2020-10-15T00:52:31.532352507Z  INFO  2020-10-15 00:52:31,531 [shard 0] features - Feature STREAM_WITH_RPC_STREAM is enabled
2020-10-15T00:52:31.532368987Z  INFO  2020-10-15 00:52:31,531 [shard 0] features - Feature TRUNCATION_TABLE is enabled
2020-10-15T00:52:31.532386030Z  INFO  2020-10-15 00:52:31,531 [shard 0] system_keyspace - Got cluster agreement on truncation table feature. Removing legacy records.
2020-10-15T00:52:31.532591280Z  INFO  2020-10-15 00:52:31,531 [shard 0] features - Feature UNBOUNDED_RANGE_TOMBSTONES is enabled
2020-10-15T00:52:31.532626059Z  INFO  2020-10-15 00:52:31,531 [shard 0] features - Feature VIEW_VIRTUAL_COLUMNS is enabled
2020-10-15T00:52:31.532643972Z  INFO  2020-10-15 00:52:31,531 [shard 0] features - Feature WRITE_FAILURE_REPLY is enabled
2020-10-15T00:52:31.532661312Z  INFO  2020-10-15 00:52:31,531 [shard 0] features - Feature XXHASH is enabled
2020-10-15T00:52:31.533709087Z  INFO  2020-10-15 00:52:31,533 [shard 0] system_keyspace - Legacy records deleted.
2020-10-15T00:52:31.534718664Z  INFO  2020-10-15 00:52:31,534 [shard 0] init - starting system distributed keyspace
2020-10-15T00:52:31.540701267Z  INFO  2020-10-15 00:52:31,539 [shard 0] storage_service - Using saved tokens {943448605036726745, 9061580907506437136, 8957018461898327244, 8813999419995718088, 8775859223532977932, 873311388414975666, 8707696313600310498, 8675978575875245837, 855031166620283245, 8476533345381470087, 8413544620893079714, 8382283044476755854, 7804258889026263620, 778239093056833917, 7732629563319678675, 7564694057214588647, 747840302865059114, 7255484784972643852, 700944770677405149, 7009081579420542256, 7354219953741161264, 6974970471767945112, 6788034976878782500, 667581605220131528, 6496091893897576732, 6478032244021912394, 6420907855788431922, 8777890816944145805, 6381418245203458391, 6358173612251239308, 6302443190184390149, 6115776390551923703, 5906838239532612246, 5890706123786165213, 588034934972968299, 5848278814186320030, 5834675951458569055, 5796254206948921528, -6441145814158460549, 7172238068082229918, -6238625478980828395, -6199824488038647909, -572473923349256348, -5526097868254533829, -5508289632699420366, -6338043935148530859, 4738411181964629022, -5411685484465544274, 5103660925946342563, -5360532551957069796, -5246840897237646542, -8953406550820932827, -511676141100664160, -4872163430844150374, 5153854518462400651, -4829128129506020031, 6818717460470417221, -4735496583611878200, -7913213531410876291, -8612347190400988175, 3361838207769500988, -4770694758141334815, 3533570692245755170, -3014142033706378490, -6648258355715071793, 105268539462240253, 6448269612184381105, 3941245744356891698, -4925670906471950289, -6853270293933441203, -431455211546220291, -4106310081010891923, -4280461110562472301, -4231054370802445643, 4453520694484038438, -5140544052953576706, -7341700934491837716, -4177024142024341044, -2365586676906010085, -4368295386640868227, -6779834804380741154, 7103497347382660592, -471701403720839764, -2187125227394891465, -1593748153114868683, 8325613099551670589, -6017078328443447975, 408961909545308462, -3256341547923989103, 1911454556365012923, -2135119982021577211, -6104126434670973331, -1614584707908969492, -5285270377043925775, 194223785007163967, 3556932048290112968, 4378909036113166689, -2319706609635128471, 782580883702972777, -3880555618453256762, -2879534723161185431, 7469085752185829039, -8001902308657073600, -1522914538603683793, 784130423392421222, -3409621329811667263, -5136236598692180863, -2640475812391264528, 3907413558358164712, -2166731983266837511, -8529251962487546573, -5228242602708342126, -6263078841153087564, -1295419475388780424, 5311755414232655734, -4113405879925637368, 2104079815049743807, -105211415949921556, -1004253484774030395, -6093280019772326743, -1363472444035739717, 7772390126184307669, 3373616921334842984, -3428624778218969630, -4475005699924690030, -1207620414022812792, -4203952547861361192, -4895652206680369668, 5569071124009844993, -2800260328053956713, 1033733984444816800, -1761718599052329021, -6249520955674807415, -6810383749951706976, -2391018463907211455, -3729138346528579520, -3942245253345029362, -1032698423218536378, 2233495137371904435, -1970747149103226319, 2531294222158762011, 4445989245037378795, -2648919406212884980, 800062458669145892, -6586482614645135705, -8855822008500182327, -2076430708060394350, -6127879535600466936, 5017042126534426855, -6767019288334108993, -6985294397658573838, -2605645373691895986, 2542018259596577135, -2699231837109027988, -9132047842757487932, 9066588519930559993, -4601858807243735115, 1470306277250886071, 1688077838521597411, -2700796200994103492, -5656441245782528349, 3822141065635310082, -4415280594152455372, -1709100826419756065, -2732234699235264563, -3101294897153501639, 6933997554702494562, -4541237399207364623, 1251119865371637993, -3280527161887251879, -4007868363884276055, -4134923634748466107, -5595342098352848506, 533209426647054698, 285540986842976874, -4193553788022177878, -7111183380354176443, 7880345233810794046, -7190282066974323895, -7232953798633244985, -7512330892235471280, -889434854029329118, 9122882257136270100, 3909145942678699742, 2870638580126821409, -2685359252619347507, 4540975434217357056, 1912522665107890116, -1474028219808469861, -7767361191227918078, -8495384334141326469, -8024675672634848221, -8352632933072691056, -1084614158625469139, -8372022353883945178, -1171738939209168407, -8485257529464526975, -8549013321787275289, -7405825010257289618, -8694753427154041557, -9173155356561330710, -3164480873853500968, 1172299952227812636, 1535311813904826318, 156312151312654313, 2050968450175517454, 1018091569669202328, 1574734081023094222, 214428871588027420, -5095673126210616552, 2431756818088451524, -1208769590907790735, 3022913469242457337, 2609254198811139442, 5396954320704971060, 284028081363756156, -184157634332906914, 2879924223908633556, 3014475854062098037, 8280511155447462154, 3058186759042775792, 3100842289958262644, -769344519844763244, 3287699046743316011, 7743526815996532326, -7148146405116016542, 352278596429886466, 3606629961194077343, 3840184102447470012, -4623422606623793434, 3924960423780627192, 4660022660859336370, 5401470720317959250, 3979649323160207298, 4037379789709069307, 790424663468033093, 5150907166433009570, 4083460330442256183, 4262233236239091105, 4461207940793579131, 7222389702734437292, 4497639963855891379, 5935809959838255935, 525652295242460822, -9210810031089136649, 3145063885579200582, 5102381975608989830, 5104799485589097680, -467985751191813914, 5122450296475986719, 5256736089695841171, 5341717901052361821, 5441044328235651423, 5661405961885371428, -6303682351633097607, 5704999654143823990}
2020-10-15T00:52:31.568576141Z  INFO  2020-10-15 00:52:31,568 [shard 0] database - Schema version changed to 0e03d198-385b-3f36-8c34-c3f5846bbbac
2020-10-15T00:52:31.588429352Z  INFO  2020-10-15 00:52:31,588 [shard 0] database - Schema version changed to 0e03d198-385b-3f36-8c34-c3f5846bbbac
2020-10-15T00:52:31.611364924Z  INFO  2020-10-15 00:52:31,611 [shard 0] database - Schema version changed to 0e03d198-385b-3f36-8c34-c3f5846bbbac
2020-10-15T00:52:33.384712943Z  INFO  2020-10-15 00:52:33,383 [shard 1] compaction - Compacting [/var/lib/scylla/data/system/local-7ad54392bcdd35a684174e047860b377/mc-3557-big-Data.db:level=0, /var/lib/scylla/data/system/local-7ad54392bcdd35a684174e047860b377/mc-3553-big-Data.db:level=0, ]
2020-10-15T00:52:33.764033822Z  INFO  2020-10-15 00:52:33,763 [shard 0] storage_service - Node 10.0.95.6 state jump to normal
2020-10-15T00:52:33.764096036Z  INFO  2020-10-15 00:52:33,763 [shard 0] storage_service - Remove node 10.0.95.6 from pending replacing endpoint
2020-10-15T00:52:35.121073475Z  INFO  2020-10-15 00:52:35,119 [shard 0] storage_service - NORMAL: node is now in normal status
2020-10-15T00:52:35.121131041Z  INFO  2020-10-15 00:52:35,119 [shard 0] cdc - No generation seen during startup.
2020-10-15T00:52:35.124426069Z  INFO  2020-10-15 00:52:35,122 [shard 0] init - starting tracing
2020-10-15T00:52:35.124473001Z  INFO  2020-10-15 00:52:35,123 [shard 0] storage_service - SSTable data integrity checker is disabled.
2020-10-15T00:52:35.126290398Z  INFO  2020-10-15 00:52:35,124 [shard 0] init - starting batchlog manager
2020-10-15T00:52:35.126329102Z  INFO  2020-10-15 00:52:35,124 [shard 0] init - starting load meter
2020-10-15T00:52:35.126346640Z  INFO  2020-10-15 00:52:35,124 [shard 0] init - starting cf cache hit rate calculator
2020-10-15T00:52:35.126362579Z  INFO  2020-10-15 00:52:35,125 [shard 0] init - starting view update backlog broker
2020-10-15T00:52:35.127985221Z  INFO  2020-10-15 00:52:35,126 [shard 0] init - Waiting for gossip to settle before accepting client requests...
2020-10-15T00:52:35.369643894Z  INFO  2020-10-15 00:52:35,368 [shard 1] compaction - Compacted 2 sstables to [/var/lib/scylla/data/system/local-7ad54392bcdd35a684174e047860b377/mc-3565-big-Data.db:level=0, ]. 18351 bytes to 12071 (~65% of original) in 1548ms = 0.01MB/s. ~256 total partitions merged to 1.
2020-10-15T00:52:35.369763213Z  INFO  2020-10-15 00:52:35,369 [shard 1] compaction - Compacting [/var/lib/scylla/data/system/local-7ad54392bcdd35a684174e047860b377/mc-3561-big-Data.db:level=0, /var/lib/scylla/data/system/local-7ad54392bcdd35a684174e047860b377/mc-3565-big-Data.db:level=0, ]
2020-10-15T00:52:36.849048357Z  INFO  2020-10-15 00:52:36,848 [shard 1] compaction - Compacted 2 sstables to [/var/lib/scylla/data/system/local-7ad54392bcdd35a684174e047860b377/mc-3569-big-Data.db:level=0, ]. 18170 bytes to 12073 (~66% of original) in 1081ms = 0.01MB/s. ~256 total partitions merged to 1.
2020-10-15T00:52:47.128568041Z  INFO  2020-10-15 00:52:47,127 [shard 0] gossip - No gossip backlog; proceeding
2020-10-15T00:52:47.129137815Z  INFO  2020-10-15 00:52:47,128 [shard 0] init - allow replaying hints
2020-10-15T00:52:47.129919619Z  INFO  2020-10-15 00:52:47,128 [shard 0] init - Launching generate_mv_updates for non system tables
2020-10-15T00:52:47.130770137Z  INFO  2020-10-15 00:52:47,129 [shard 0] init - starting the view builder
2020-10-15T00:52:47.921453750Z  INFO  2020-10-15 00:52:47,920 [shard 0] init - starting native transport
2020-10-15T00:52:47.922311518Z  INFO  2020-10-15 00:52:47,921 [shard 0] compaction - Compacting [/var/lib/scylla/data/system/truncated-38c19fd0fb863310a4b70d0cc66628aa/mc-1660-big-Data.db:level=0, /var/lib/scylla/data/system/truncated-38c19fd0fb863310a4b70d0cc66628aa/mc-1656-big-Data.db:level=0, ]
2020-10-15T00:52:47.924779670Z  INFO  2020-10-15 00:52:47,924 [shard 0] storage_service - Starting listening for CQL clients on 10.0.95.6:9042 (unencrypted)
2020-10-15T00:52:47.927441434Z  INFO  2020-10-15 00:52:47,926 [shard 0] storage_service - Thrift server listening on 10.0.95.6:9160 ...
2020-10-15T00:52:47.928843049Z  INFO  2020-10-15 00:52:47,928 [shard 0] init - serving
2020-10-15T00:52:47.929283106Z  INFO  2020-10-15 00:52:47,928 [shard 0] init - Scylla version 4.1.8-0.20201002.6c43a0dc29 initialization completed.
2020-10-15T00:52:48.456389629Z  INFO  2020-10-15 00:52:48,455 [shard 0] compaction - Compacted 2 sstables to [/var/lib/scylla/data/system/truncated-38c19fd0fb863310a4b70d0cc66628aa/mc-1664-big-Data.db:level=0, ]. 81979 bytes to 76744 (~93% of original) in 404ms = 0.18MB/s. ~256 total partitions merged to 2.
2020-10-15T00:53:57.342073682Z  INFO  2020-10-15 00:53:57,341 [shard 1] compaction - Compacting [/var/lib/scylla/data/system/clients-ca0f635d863036098d93a1fc06f2a5e5/mc-5-big-Data.db:level=0, /var/lib/scylla/data/system/clients-ca0f635d863036098d93a1fc06f2a5e5/mc-9-big-Data.db:level=0, ]
2020-10-15T00:53:58.069880565Z  INFO  2020-10-15 00:53:58,069 [shard 1] compaction - Compacted 2 sstables to [/var/lib/scylla/data/system/clients-ca0f635d863036098d93a1fc06f2a5e5/mc-13-big-Data.db:level=0, ]. 102893 bytes to 5997 (~5% of original) in 628ms = 0.01MB/s. ~256 total partitions merged to 1.
2020-10-15T00:54:16.005687607Z  INFO  2020-10-15 00:54:16,005 [shard 1] compaction - Compacting [/var/lib/scylla/data/system/clients-ca0f635d863036098d93a1fc06f2a5e5/mc-13-big-Data.db:level=0, /var/lib/scylla/data/system/clients-ca0f635d863036098d93a1fc06f2a5e5/mc-17-big-Data.db:level=0, ]
2020-10-15T00:54:16.438632852Z  INFO  2020-10-15 00:54:16,437 [shard 1] compaction - Compacted 2 sstables to [/var/lib/scylla/data/system/clients-ca0f635d863036098d93a1fc06f2a5e5/mc-21-big-Data.db:level=0, ]. 57509 bytes to 6771 (~11% of original) in 331ms = 0.02MB/s. ~256 total partitions merged to 1.
