2020-10-15T01:00:38.577365591Z  running: (['/opt/scylladb/scripts/scylla_dev_mode_setup', '--developer-mode', '1'],)
2020-10-15T01:00:39.060089799Z  running: (['/opt/scylladb/scripts/scylla_io_setup'],)
2020-10-15T01:00:39.433103946Z  2020-10-15 01:00:39,432 CRIT Supervisor is running as root.  Privileges were not dropped because no user is specified in the config file.  If you intend to run as root, you can set user=root in the config file to avoid this message.
2020-10-15T01:00:39.433139852Z  2020-10-15 01:00:39,432 INFO Included extra file "/etc/supervisord.conf.d/node-exporter.conf" during parsing
2020-10-15T01:00:39.433347028Z  2020-10-15 01:00:39,432 INFO Included extra file "/etc/supervisord.conf.d/rsyslog.conf" during parsing
2020-10-15T01:00:39.433462128Z  2020-10-15 01:00:39,433 INFO Included extra file "/etc/supervisord.conf.d/scylla-housekeeping.conf" during parsing
2020-10-15T01:00:39.433732400Z  2020-10-15 01:00:39,433 INFO Included extra file "/etc/supervisord.conf.d/scylla-jmx.conf" during parsing
2020-10-15T01:00:39.433752151Z  2020-10-15 01:00:39,433 INFO Included extra file "/etc/supervisord.conf.d/scylla-server.conf" during parsing
2020-10-15T01:00:39.433949875Z  2020-10-15 01:00:39,433 INFO Included extra file "/etc/supervisord.conf.d/sshd-server.conf" during parsing
2020-10-15T01:00:39.467206517Z  2020-10-15 01:00:39,466 INFO RPC interface 'supervisor' initialized
2020-10-15T01:00:39.467585193Z  2020-10-15 01:00:39,467 CRIT Server 'inet_http_server' running without any HTTP authentication checking
2020-10-15T01:00:39.467883060Z  2020-10-15 01:00:39,467 INFO supervisord started with pid 25
2020-10-15T01:00:40.480555035Z  2020-10-15 01:00:40,472 INFO spawned: 'scylla' with pid 28
2020-10-15T01:00:40.480602099Z  2020-10-15 01:00:40,477 INFO spawned: 'scylla-housekeeping' with pid 29
2020-10-15T01:00:40.487002512Z  2020-10-15 01:00:40,482 INFO spawned: 'sshd' with pid 30
2020-10-15T01:00:40.487028111Z  2020-10-15 01:00:40,485 INFO spawned: 'scylla-jmx' with pid 31
2020-10-15T01:00:40.488680784Z  2020-10-15 01:00:40,488 INFO spawned: 'rsyslog' with pid 32
2020-10-15T01:00:40.491356898Z  2020-10-15 01:00:40,490 INFO spawned: 'node-exporter' with pid 33
2020-10-15T01:00:40.510228455Z  Generating public/private ed25519 key pair.
2020-10-15T01:00:40.510258372Z  Your identification has been saved in /etc/ssh/ssh_host_ed25519_key.
2020-10-15T01:00:40.510269046Z  Your public key has been saved in /etc/ssh/ssh_host_ed25519_key.pub.
2020-10-15T01:00:40.510278643Z  The key fingerprint is:
2020-10-15T01:00:40.510287600Z  SHA256:Fqwilk4nzhI+l3bi4scUUUFQ5AkODzYbqu1DUALvotA root@92729cf8ccee
2020-10-15T01:00:40.510296856Z  The key's randomart image is:
2020-10-15T01:00:40.510306085Z  +--[ED25519 256]--+
2020-10-15T01:00:40.510314880Z  |+*.o**.          |
2020-10-15T01:00:40.510323741Z  |o+O.o ..         |
2020-10-15T01:00:40.510332682Z  |o..o.o  o        |
2020-10-15T01:00:40.510341488Z  |.= o   . .       |
2020-10-15T01:00:40.510350324Z  |= E + . S        |
2020-10-15T01:00:40.510371428Z  |+@ =.. .         |
2020-10-15T01:00:40.510382175Z  |ooO= .           |
2020-10-15T01:00:40.510391473Z  | o=+o            |
2020-10-15T01:00:40.510400476Z  |..o.             |
2020-10-15T01:00:40.510409500Z  +----[SHA256]-----+
2020-10-15T01:00:40.511448662Z  time="2020-10-15T01:00:40Z" level=info msg="Starting node_exporter (version=0.17.0, branch=HEAD, revision=f6f6194a436b9a63d0439abc585c76b19a206b21)" source="node_exporter.go:82"
2020-10-15T01:00:40.511473735Z  time="2020-10-15T01:00:40Z" level=info msg="Build context (go=go1.11.2, user=root@322511e06ced, date=20181130-15:51:33)" source="node_exporter.go:83"
2020-10-15T01:00:40.512251245Z  time="2020-10-15T01:00:40Z" level=info msg="Enabled collectors:" source="node_exporter.go:90"
2020-10-15T01:00:40.512271442Z  time="2020-10-15T01:00:40Z" level=info msg=" - arp" source="node_exporter.go:97"
2020-10-15T01:00:40.512566574Z  time="2020-10-15T01:00:40Z" level=info msg=" - bcache" source="node_exporter.go:97"
2020-10-15T01:00:40.512587267Z  time="2020-10-15T01:00:40Z" level=info msg=" - bonding" source="node_exporter.go:97"
2020-10-15T01:00:40.512598291Z  time="2020-10-15T01:00:40Z" level=info msg=" - conntrack" source="node_exporter.go:97"
2020-10-15T01:00:40.512608419Z  time="2020-10-15T01:00:40Z" level=info msg=" - cpu" source="node_exporter.go:97"
2020-10-15T01:00:40.512618211Z  time="2020-10-15T01:00:40Z" level=info msg=" - diskstats" source="node_exporter.go:97"
2020-10-15T01:00:40.512627925Z  time="2020-10-15T01:00:40Z" level=info msg=" - edac" source="node_exporter.go:97"
2020-10-15T01:00:40.512637722Z  time="2020-10-15T01:00:40Z" level=info msg=" - entropy" source="node_exporter.go:97"
2020-10-15T01:00:40.512647429Z  time="2020-10-15T01:00:40Z" level=info msg=" - filefd" source="node_exporter.go:97"
2020-10-15T01:00:40.512657068Z  time="2020-10-15T01:00:40Z" level=info msg=" - filesystem" source="node_exporter.go:97"
2020-10-15T01:00:40.512666636Z  time="2020-10-15T01:00:40Z" level=info msg=" - hwmon" source="node_exporter.go:97"
2020-10-15T01:00:40.512676295Z  time="2020-10-15T01:00:40Z" level=info msg=" - infiniband" source="node_exporter.go:97"
2020-10-15T01:00:40.512685899Z  time="2020-10-15T01:00:40Z" level=info msg=" - interrupts" source="node_exporter.go:97"
2020-10-15T01:00:40.512695563Z  time="2020-10-15T01:00:40Z" level=info msg=" - ipvs" source="node_exporter.go:97"
2020-10-15T01:00:40.512705088Z  time="2020-10-15T01:00:40Z" level=info msg=" - loadavg" source="node_exporter.go:97"
2020-10-15T01:00:40.512714840Z  time="2020-10-15T01:00:40Z" level=info msg=" - mdadm" source="node_exporter.go:97"
2020-10-15T01:00:40.513096687Z  time="2020-10-15T01:00:40Z" level=info msg=" - meminfo" source="node_exporter.go:97"
2020-10-15T01:00:40.513127567Z  time="2020-10-15T01:00:40Z" level=info msg=" - netclass" source="node_exporter.go:97"
2020-10-15T01:00:40.513138273Z  time="2020-10-15T01:00:40Z" level=info msg=" - netdev" source="node_exporter.go:97"
2020-10-15T01:00:40.513158683Z  time="2020-10-15T01:00:40Z" level=info msg=" - netstat" source="node_exporter.go:97"
2020-10-15T01:00:40.513169514Z  time="2020-10-15T01:00:40Z" level=info msg=" - nfs" source="node_exporter.go:97"
2020-10-15T01:00:40.513179234Z  time="2020-10-15T01:00:40Z" level=info msg=" - nfsd" source="node_exporter.go:97"
2020-10-15T01:00:40.513189047Z  time="2020-10-15T01:00:40Z" level=info msg=" - sockstat" source="node_exporter.go:97"
2020-10-15T01:00:40.513198701Z  time="2020-10-15T01:00:40Z" level=info msg=" - stat" source="node_exporter.go:97"
2020-10-15T01:00:40.513208284Z  time="2020-10-15T01:00:40Z" level=info msg=" - textfile" source="node_exporter.go:97"
2020-10-15T01:00:40.513217962Z  time="2020-10-15T01:00:40Z" level=info msg=" - time" source="node_exporter.go:97"
2020-10-15T01:00:40.513231030Z  time="2020-10-15T01:00:40Z" level=info msg=" - timex" source="node_exporter.go:97"
2020-10-15T01:00:40.513240967Z  time="2020-10-15T01:00:40Z" level=info msg=" - uname" source="node_exporter.go:97"
2020-10-15T01:00:40.513250664Z  time="2020-10-15T01:00:40Z" level=info msg=" - vmstat" source="node_exporter.go:97"
2020-10-15T01:00:40.513260198Z  time="2020-10-15T01:00:40Z" level=info msg=" - xfs" source="node_exporter.go:97"
2020-10-15T01:00:40.513269789Z  time="2020-10-15T01:00:40Z" level=info msg=" - zfs" source="node_exporter.go:97"
2020-10-15T01:00:40.513279364Z  time="2020-10-15T01:00:40Z" level=info msg="Listening on :9100" source="node_exporter.go:111"
2020-10-15T01:00:40.857103523Z  Scylla version 4.1.8-0.20201002.6c43a0dc29 with build-id fec471b0d185de7f191d861ccfc539eff76f31ab starting ...
2020-10-15T01:00:40.857153288Z  command used: "/usr/bin/scylla --log-to-syslog 0 --log-to-stdout 1 --default-log-level info --network-stack posix --developer-mode=1 --overprovisioned --listen-address 10.0.96.9 --rpc-address 10.0.96.9 --seed-provider-parameters seeds=10.0.96.9 --blocked-reactor-notify-ms 999999999"
2020-10-15T01:00:40.857166104Z  parsed command line options: [log-to-syslog: 0, log-to-stdout: 1, default-log-level: info, network-stack: posix, developer-mode: 1, overprovisioned, listen-address: 10.0.96.9, rpc-address: 10.0.96.9, seed-provider-parameters: seeds=10.0.96.9, blocked-reactor-notify-ms: 999999999]
2020-10-15T01:00:40.912653864Z  WARN  2020-10-15 01:00:40,911 [shard 0] seastar - Unable to set SCHED_FIFO scheduling policy for timer thread; latency impact possible. Try adding CAP_SYS_NICE
2020-10-15T01:00:40.935340968Z  INFO  2020-10-15 01:00:40,934 [shard 0] init - installing SIGHUP handler
2020-10-15T01:00:40.941998331Z  INFO  2020-10-15 01:00:40,941 [shard 0] init - Scylla version 4.1.8-0.20201002.6c43a0dc29 with build-id fec471b0d185de7f191d861ccfc539eff76f31ab starting ...
2020-10-15T01:00:40.942035946Z  
2020-10-15T01:00:40.944615876Z  INFO  2020-10-15 01:00:40,944 [shard 0] init - starting prometheus API server
2020-10-15T01:00:40.948080264Z  INFO  2020-10-15 01:00:40,947 [shard 0] init - starting tokens manager
2020-10-15T01:00:40.952800042Z  INFO  2020-10-15 01:00:40,950 [shard 0] init - starting migration manager notifier
2020-10-15T01:00:40.953236651Z  INFO  2020-10-15 01:00:40,952 [shard 0] init - creating tracing
2020-10-15T01:00:40.954003633Z  INFO  2020-10-15 01:00:40,953 [shard 0] init - creating snitch
2020-10-15T01:00:40.956304707Z  INFO  2020-10-15 01:00:40,955 [shard 0] init - determining DNS name
2020-10-15T01:00:40.956352427Z  INFO  2020-10-15 01:00:40,956 [shard 0] init - starting API server
2020-10-15T01:00:40.957819018Z  INFO  2020-10-15 01:00:40,957 [shard 0] init - Scylla API server listening on 127.0.0.1:10000 ...
2020-10-15T01:00:40.958705784Z  INFO  2020-10-15 01:00:40,958 [shard 0] init - initializing storage service
2020-10-15T01:00:40.959358540Z  INFO  2020-10-15 01:00:40,959 [shard 0] init - starting per-shard database core
2020-10-15T01:00:40.966335945Z  WARN  2020-10-15 01:00:40,966 [shard 0] init - I/O Scheduler is not properly configured! This is a non-supported setup, and performance is expected to be unpredictably bad.
2020-10-15T01:00:40.966356499Z   Reason found: none of --max-io-requests, --io-properties and --io-properties-file are set.
2020-10-15T01:00:40.966366595Z  To properly configure the I/O Scheduler, run the scylla_io_setup utility shipped with Scylla.
2020-10-15T01:00:40.966376180Z  
2020-10-15T01:00:40.966906696Z  INFO  2020-10-15 01:00:40,966 [shard 0] init - creating and verifying directories
2020-10-15T01:00:41.179966709Z  Connecting to http://localhost:10000
2020-10-15T01:00:41.180012938Z  Starting the JMX server
2020-10-15T01:00:41.217874153Z  INFO  2020-10-15 01:00:41,217 [shard 0] database - Populating Keyspace system_schema
2020-10-15T01:00:41.217915406Z  INFO  2020-10-15 01:00:41,217 [shard 0] database - Keyspace system_schema: Reading CF computed_columns id=cc7c7069-3740-33c1-92a4-c3de78dbd2c4 version=2b8c4439-de76-31e0-807f-3b7290a975d7
2020-10-15T01:00:41.217927181Z  INFO  2020-10-15 01:00:41,217 [shard 0] database - Keyspace system_schema: Reading CF view_virtual_columns id=08843b63-45dc-3be2-9798-a0418295cfaa version=c777531c-15f7-326f-8ebe-39fd0265c8c9
2020-10-15T01:00:41.217938054Z  INFO  2020-10-15 01:00:41,217 [shard 0] database - Keyspace system_schema: Reading CF dropped_columns id=5e7583b5-f3f4-3af1-9a39-b7e1d6f5f11f version=7426bc6c-4c2f-3200-8ad8-4329610ed59a
2020-10-15T01:00:41.217948451Z  INFO  2020-10-15 01:00:41,217 [shard 0] database - Keyspace system_schema: Reading CF indexes id=0feb57ac-311f-382f-ba6d-9024d305702f version=99c40462-8687-304e-abe3-2bdbef1f25aa
2020-10-15T01:00:41.217958911Z  INFO  2020-10-15 01:00:41,217 [shard 0] database - Keyspace system_schema: Reading CF functions id=96489b79-80be-3e14-a701-66a0b9159450 version=329ed804-55b3-3eee-ad61-d85317b96097
2020-10-15T01:00:41.218202109Z  INFO  2020-10-15 01:00:41,217 [shard 0] database - Keyspace system_schema: Reading CF columns id=24101c25-a2ae-3af7-87c1-b40ee1aca33f version=d33236d4-9bdd-3c09-abf0-a0bc5edc2526
2020-10-15T01:00:41.218228154Z  INFO  2020-10-15 01:00:41,217 [shard 0] database - Keyspace system_schema: Reading CF scylla_tables id=5d912ff1-f759-3665-b2c8-8042ab5103dd version=38e5e56b-155d-39b5-a0d2-8e5dcad42a26
2020-10-15T01:00:41.218240421Z  INFO  2020-10-15 01:00:41,217 [shard 0] database - Keyspace system_schema: Reading CF tables id=afddfb9d-bc1e-3068-8056-eed6c302ba09 version=b6240810-eeb7-36d5-9411-43b2d68dddab
2020-10-15T01:00:41.218267708Z  INFO  2020-10-15 01:00:41,217 [shard 0] database - Keyspace system_schema: Reading CF keyspaces id=abac5682-dea6-31c5-b535-b3d6cffd0fb6 version=e79ca8ba-6556-3f7d-925a-7f20cf57938c
2020-10-15T01:00:41.218279470Z  INFO  2020-10-15 01:00:41,217 [shard 0] database - Keyspace system_schema: Reading CF triggers id=4df70b66-6b05-3251-95a1-32b54005fd48 version=582d7071-1ef0-37c8-adc6-471a13636139
2020-10-15T01:00:41.218290073Z  INFO  2020-10-15 01:00:41,217 [shard 0] database - Keyspace system_schema: Reading CF views id=9786ac1c-dd58-3201-a7cd-ad556410c985 version=5b58bb47-96e7-3f57-accf-0bfca4dbbc6e
2020-10-15T01:00:41.218301482Z  INFO  2020-10-15 01:00:41,217 [shard 0] database - Keyspace system_schema: Reading CF types id=5a8b1ca8-6602-3f77-a045-9273d308917a version=de51b2ce-5e4d-3b7d-a75f-2204332ce8d1
2020-10-15T01:00:41.218311882Z  INFO  2020-10-15 01:00:41,217 [shard 0] database - Keyspace system_schema: Reading CF aggregates id=924c5587-2e3a-345b-b10c-12f37c1ba895 version=4b53e92c-0368-3d5c-b959-2ec1bfd1a59f
2020-10-15T01:00:41.744116957Z  JMX is enabled to receive remote connections on port: 7199
2020-10-15T01:00:41.744482007Z  2020-10-15 01:00:41,744 INFO success: scylla entered RUNNING state, process has stayed up for > than 1 seconds (startsecs)
2020-10-15T01:00:41.744683071Z  2020-10-15 01:00:41,744 INFO success: scylla-housekeeping entered RUNNING state, process has stayed up for > than 1 seconds (startsecs)
2020-10-15T01:00:41.744922281Z  2020-10-15 01:00:41,744 INFO success: sshd entered RUNNING state, process has stayed up for > than 1 seconds (startsecs)
2020-10-15T01:00:41.745179884Z  2020-10-15 01:00:41,744 INFO success: scylla-jmx entered RUNNING state, process has stayed up for > than 1 seconds (startsecs)
2020-10-15T01:00:41.745423349Z  2020-10-15 01:00:41,745 INFO success: rsyslog entered RUNNING state, process has stayed up for > than 1 seconds (startsecs)
2020-10-15T01:00:41.745664967Z  2020-10-15 01:00:41,745 INFO success: node-exporter entered RUNNING state, process has stayed up for > than 1 seconds (startsecs)
2020-10-15T01:00:42.993624179Z  Generating public/private rsa key pair.
2020-10-15T01:00:42.993659104Z  Your identification has been saved in /etc/ssh/ssh_host_rsa_key.
2020-10-15T01:00:42.993670869Z  Your public key has been saved in /etc/ssh/ssh_host_rsa_key.pub.
2020-10-15T01:00:42.993681095Z  The key fingerprint is:
2020-10-15T01:00:42.993691021Z  SHA256:QaV4hgBUXR2v1CQV28PWJQnhXGb80IDEduXCuSAY/yI root@92729cf8ccee
2020-10-15T01:00:42.993700911Z  The key's randomart image is:
2020-10-15T01:00:42.993710645Z  +---[RSA 4096]----+
2020-10-15T01:00:42.993720178Z  | .ooo. .+o+=B**=o|
2020-10-15T01:00:42.993757784Z  |     ..+ =.B+O==o|
2020-10-15T01:00:42.993768829Z  |      o * +.B.Ooo|
2020-10-15T01:00:42.993778052Z  |       o o + o +.|
2020-10-15T01:00:42.993787211Z  |        E o . .  |
2020-10-15T01:00:42.993796307Z  |         . .     |
2020-10-15T01:00:42.993816312Z  |                 |
2020-10-15T01:00:42.993826507Z  |                 |
2020-10-15T01:00:42.993835399Z  |                 |
2020-10-15T01:00:42.993844175Z  +----[SHA256]-----+
2020-10-15T01:00:43.009887570Z  Could not load host key: /etc/ssh/ssh_host_ecdsa_key
2020-10-15T01:00:46.156743814Z  Traceback (most recent call last):
2020-10-15T01:00:46.156792831Z    File "/opt/scylladb/scripts/libexec/scylla-housekeeping", line 208, in <module>
2020-10-15T01:00:46.156808090Z      args.func(args)
2020-10-15T01:00:46.156820332Z    File "/opt/scylladb/scripts/libexec/scylla-housekeeping", line 134, in check_version
2020-10-15T01:00:46.156832856Z      current_version = sanitize_version(get_api('/storage_service/scylla_release_version'))
2020-10-15T01:00:46.156845227Z    File "/opt/scylladb/scripts/libexec/scylla-housekeeping", line 93, in get_api
2020-10-15T01:00:46.156857768Z      return get_json_from_url("http://" + api_address + path)
2020-10-15T01:00:46.156870195Z    File "/opt/scylladb/scripts/libexec/scylla-housekeeping", line 88, in get_json_from_url
2020-10-15T01:00:46.156882795Z      raise RuntimeError(f'Failed to get "{path}" due to the following error: {retval}')
2020-10-15T01:00:46.156895427Z  RuntimeError: Failed to get "http://localhost:10000/storage_service/scylla_release_version" due to the following error: HTTP Error 404: Not Found
2020-10-15T01:00:46.904598237Z  INFO  2020-10-15 01:00:46,903 [shard 0] database - Found temporary sstable directory: "/var/lib/scylla/data/system_schema/indexes-0feb57ac311f382fba6d9024d305702f/0000000000000579.sstable", removing
2020-10-15T01:00:46.904718999Z  INFO  2020-10-15 01:00:46,904 [shard 0] database - Found temporary sstable directory: "/var/lib/scylla/data/system_schema/scylla_tables-5d912ff1f7593665b2c88042ab5103dd/0000000000000522.sstable", removing
2020-10-15T01:00:46.904768254Z  INFO  2020-10-15 01:00:46,904 [shard 0] database - Found temporary sstable directory: "/var/lib/scylla/data/system_schema/tables-afddfb9dbc1e30688056eed6c302ba09/0000000000000538.sstable", removing
2020-10-15T01:00:46.904781688Z  INFO  2020-10-15 01:00:46,904 [shard 0] database - Found temporary sstable directory: "/var/lib/scylla/data/system_schema/tables-afddfb9dbc1e30688056eed6c302ba09/0000000000000543.sstable", removing
2020-10-15T01:00:46.904792829Z  INFO  2020-10-15 01:00:46,904 [shard 0] database - Found temporary sstable directory: "/var/lib/scylla/data/system_schema/keyspaces-abac5682dea631c5b535b3d6cffd0fb6/0000000000000607.sstable", removing
2020-10-15T01:00:46.904803676Z  INFO  2020-10-15 01:00:46,904 [shard 0] database - Found temporary sstable directory: "/var/lib/scylla/data/system_schema/views-9786ac1cdd583201a7cdad556410c985/0000000000000470.sstable", removing
2020-10-15T01:00:46.904814511Z  INFO  2020-10-15 01:00:46,904 [shard 0] database - Found temporary sstable directory: "/var/lib/scylla/data/system_schema/types-5a8b1ca866023f77a0459273d308917a/0000000000000494.sstable", removing
2020-10-15T01:00:46.906683445Z  INFO  2020-10-15 01:00:46,904 [shard 0] database - Found temporary sstable directory: "/var/lib/scylla/data/system_schema/types-5a8b1ca866023f77a0459273d308917a/0000000000000495.sstable", removing
2020-10-15T01:00:46.955305608Z  WARN  2020-10-15 01:00:46,954 [shard 0] sstable - Deleting components of sstable from system_schema.indexes of generation 598 that has a temporary TOC
2020-10-15T01:00:47.029437657Z  WARN  2020-10-15 01:00:47,028 [shard 0] sstable - Deleting components of sstable from system_schema.scylla_tables of generation 522 that has a temporary TOC
2020-10-15T01:00:47.029466385Z  WARN  2020-10-15 01:00:47,028 [shard 0] sstable - Deleting components of sstable from system_schema.tables of generation 543 that has a temporary TOC
2020-10-15T01:00:47.029478217Z  WARN  2020-10-15 01:00:47,028 [shard 0] sstable - Deleting components of sstable from system_schema.views of generation 470 that has a temporary TOC
2020-10-15T01:00:47.029500076Z  WARN  2020-10-15 01:00:47,028 [shard 0] sstable - Deleting components of sstable from system_schema.types of generation 495 that has a temporary TOC
2020-10-15T01:00:47.029511268Z  WARN  2020-10-15 01:00:47,028 [shard 0] sstable - Deleting components of sstable from system_schema.keyspaces of generation 607 that has a temporary TOC
2020-10-15T01:00:47.130074884Z  WARN  2020-10-15 01:00:47,129 [shard 0] sstable - Deleting components of sstable from system_schema.indexes of generation 579 that has a temporary TOC
2020-10-15T01:00:47.621534708Z  WARN  2020-10-15 01:00:47,620 [shard 0] sstable - Deleting components of sstable from system_schema.tables of generation 538 that has a temporary TOC
2020-10-15T01:00:47.875361194Z  WARN  2020-10-15 01:00:47,874 [shard 0] sstable - Deleting components of sstable from system_schema.types of generation 494 that has a temporary TOC
2020-10-15T01:00:48.365133529Z  INFO  2020-10-15 01:00:48,364 [shard 0] database - Populating Keyspace system
2020-10-15T01:00:48.365648883Z  INFO  2020-10-15 01:00:48,365 [shard 0] database - Keyspace system: Reading CF schema_aggregates id=a5fc57fc-9d6c-3bfd-a3fc-01ad54686fea version=d06c934f-9a69-374c-86f1-523ab26fb05c
2020-10-15T01:00:48.365671289Z  INFO  2020-10-15 01:00:48,365 [shard 0] database - Keyspace system: Reading CF schema_triggers id=0359bc71-7123-3ee1-9a4a-b9dfb11fc125 version=75e4ec4c-76da-3f59-984e-66810ba0c62b
2020-10-15T01:00:48.365683193Z  INFO  2020-10-15 01:00:48,365 [shard 0] database - Keyspace system: Reading CF compaction_history id=b4dbb7b4-dc49-3fb5-b3bf-ce6e434832ca version=25cae56a-8d75-39f3-a146-3756ab4981c7
2020-10-15T01:00:48.365693672Z  INFO  2020-10-15 01:00:48,365 [shard 0] database - Keyspace system: Reading CF compactions_in_progress id=55080ab0-5d9c-3886-90a4-acb25fe1f77b version=540263f1-40db-3869-8a38-3baadedc222d
2020-10-15T01:00:48.365703908Z  INFO  2020-10-15 01:00:48,365 [shard 0] database - Keyspace system: Reading CF range_xfers id=55d76438-4e55-3f8b-9f6e-676d4af3976d version=dd15a078-409b-350d-9bef-c5f3520832d8
2020-10-15T01:00:48.365729667Z  INFO  2020-10-15 01:00:48,365 [shard 0] database - Keyspace system: Reading CF scylla_views_builds_in_progress id=a04c7bfd-1e13-36c9-a44d-f22da352281d version=e3fb736c-6956-3990-a31d-9a482279e3fc
2020-10-15T01:00:48.365740653Z  INFO  2020-10-15 01:00:48,365 [shard 0] database - Keyspace system: Reading CF IndexInfo id=9f5c6374-d485-3229-9a0a-5094af9ad1e3 version=bbb3743b-351f-3023-b4fc-09a9be37d529
2020-10-15T01:00:48.365750713Z  INFO  2020-10-15 01:00:48,365 [shard 0] database - Keyspace system: Reading CF cdc_local id=0bcaffd4-0c83-3ead-ad13-dc1d5015b77c version=0aa4d3a2-ed95-3ecd-aba0-cd75622ad290
2020-10-15T01:00:48.365773527Z  INFO  2020-10-15 01:00:48,365 [shard 0] database - Keyspace system: Reading CF schema_columnfamilies id=45f5b360-24bc-3f83-a363-1034ea4fa697 version=7f7a5fea-07b7-304d-a6f8-f7aec72cabdb
2020-10-15T01:00:48.365785013Z  INFO  2020-10-15 01:00:48,365 [shard 0] database - Keyspace system: Reading CF batchlog id=0290003c-977e-397c-ac3e-fdfdc01d626b version=e2a2e804-49e4-3597-9f16-39fd9475835c
2020-10-15T01:00:48.365795039Z  INFO  2020-10-15 01:00:48,365 [shard 0] database - Keyspace system: Reading CF schema_functions id=d1b675fe-2b50-3ca4-8e49-c0f81989dcad version=a50959dd-2be0-3e4e-8bb5-cf40796e256a
2020-10-15T01:00:48.365807123Z  INFO  2020-10-15 01:00:48,365 [shard 0] database - Keyspace system: Reading CF peer_events id=59dfeaea-8db2-3341-91ef-109974d81484 version=7f874a05-72b8-3c21-9acb-baa164fc351a
2020-10-15T01:00:48.365817631Z  INFO  2020-10-15 01:00:48,365 [shard 0] database - Keyspace system: Reading CF local id=7ad54392-bcdd-35a6-8417-4e047860b377 version=7fa82c2e-5b67-37dd-8e5e-2079e18f1536
2020-10-15T01:00:48.365827668Z  INFO  2020-10-15 01:00:48,365 [shard 0] database - Keyspace system: Reading CF clients id=ca0f635d-8630-3609-8d93-a1fc06f2a5e5 version=51273ebf-e6f9-3cd5-b455-ea09ad29796f
2020-10-15T01:00:48.365837454Z  INFO  2020-10-15 01:00:48,365 [shard 0] database - Keyspace system: Reading CF size_estimates id=618f817b-005f-3678-b8a4-53f3930b8e86 version=6d4dbcff-f05b-3dc3-95ad-f79f7b10504d
2020-10-15T01:00:48.365847183Z  INFO  2020-10-15 01:00:48,365 [shard 0] database - Keyspace system: Reading CF large_partitions id=8a7fe624-96b0-34b1-b90e-f71bddcdd2d3 version=04fa9920-9369-3a96-be39-6dd9fdc816b6
2020-10-15T01:00:48.365857059Z  INFO  2020-10-15 01:00:48,365 [shard 0] database - Keyspace system: Reading CF schema_columns id=296e9c04-9bec-3085-827d-c17d3df2122a version=53cfbb66-ee0d-37be-97bb-b2afb3746f85
2020-10-15T01:00:48.365867047Z  INFO  2020-10-15 01:00:48,365 [shard 0] database - Keyspace system: Reading CF built_views id=4b3c50a9-ea87-3d76-9101-6dbc9c38494a version=a28aa0b3-6def-30a7-9fbe-ce78b3f3c9b9
2020-10-15T01:00:48.365877031Z  INFO  2020-10-15 01:00:48,365 [shard 0] database - Keyspace system: Reading CF peers id=37f71aca-7dc2-383b-a706-72528af04d4f version=f6f6871f-8c86-3eca-ac0b-2a2e848e395d
2020-10-15T01:00:48.366186379Z  INFO  2020-10-15 01:00:48,365 [shard 0] database - Keyspace system: Reading CF hints id=2666e205-73ef-38b3-90fe-fecf96e8f0c7 version=0b74fdd1-e96d-309e-a14e-a5bcd7ac885d
2020-10-15T01:00:48.366208490Z  INFO  2020-10-15 01:00:48,365 [shard 0] database - Keyspace system: Reading CF large_rows id=40550f66-0858-39a0-9430-f27fc08034e9 version=aee3acb0-7926-317b-848e-db7bc3721695
2020-10-15T01:00:48.366220242Z  INFO  2020-10-15 01:00:48,365 [shard 0] database - Keyspace system: Reading CF large_cells id=ead8bbc5-f146-3ae1-9f71-0b11f9a1d296 version=0d4a6937-a781-3f87-a192-b4e4a4a40acf
2020-10-15T01:00:48.366230672Z  INFO  2020-10-15 01:00:48,365 [shard 0] database - Keyspace system: Reading CF scylla_local id=2972ec7f-fb20-38dd-aac1-d876f2e3fcbd version=5f0b407d-eedf-3845-a48e-dbb9673d10e1
2020-10-15T01:00:48.366284852Z  INFO  2020-10-15 01:00:48,365 [shard 0] database - Keyspace system: Reading CF views_builds_in_progress id=b7f2c108-78cd-3c80-9cd5-d609b2bd149c version=b905cce5-1474-3085-819a-7592453e2fb9
2020-10-15T01:00:48.366308214Z  INFO  2020-10-15 01:00:48,365 [shard 0] database - Keyspace system: Reading CF schema_usertypes id=3aa75225-4f82-350b-8d5c-430fa221fa0a version=3c53e6bb-56d5-3618-a0b2-4ff5f18127d7
2020-10-15T01:00:48.366343340Z  INFO  2020-10-15 01:00:48,365 [shard 0] database - Keyspace system: Reading CF sstable_activity id=5a1ff267-ace0-3f12-8563-cfae6103c65e version=bdec57a3-b234-334b-be9c-7b1f33113995
2020-10-15T01:00:48.366361794Z  INFO  2020-10-15 01:00:48,365 [shard 0] database - Keyspace system: Reading CF truncated id=38c19fd0-fb86-3310-a4b7-0d0cc66628aa version=6da9a85c-7ae0-3917-aead-54a2f65a57a8
2020-10-15T01:00:48.366378022Z  INFO  2020-10-15 01:00:48,365 [shard 0] database - Keyspace system: Reading CF paxos id=b7b7f0c2-fd0a-3410-8c05-3ef614bb7c2d version=6dd372de-72fb-3e1b-9b8c-f97738a67fe9
2020-10-15T01:00:48.366394302Z  INFO  2020-10-15 01:00:48,365 [shard 0] database - Keyspace system: Reading CF schema_keyspaces id=b0f22357-4458-3cdb-9631-c43e59ce3676 version=84d28cef-59f9-34a9-9be5-31c684997f03
2020-10-15T01:00:58.111943007Z  INFO  2020-10-15 01:00:58,111 [shard 0] init - starting gossip
2020-10-15T01:00:58.111981721Z  WARN  2020-10-15 01:00:58,111 [shard 0] init - Using default cluster name is not recommended. Using a unique cluster name will reduce the chance of adding nodes to the wrong cluster by mistake
2020-10-15T01:00:58.112421833Z  INFO  2020-10-15 01:00:58,112 [shard 0] init - starting storage proxy
2020-10-15T01:00:58.127611999Z  INFO  2020-10-15 01:00:58,127 [shard 0] init - creating hints manager
2020-10-15T01:00:58.128080142Z  INFO  2020-10-15 01:00:58,127 [shard 2] init - creating hints manager
2020-10-15T01:00:58.128684762Z  INFO  2020-10-15 01:00:58,128 [shard 1] init - creating hints manager
2020-10-15T01:00:58.129066730Z  INFO  2020-10-15 01:00:58,128 [shard 3] init - creating hints manager
2020-10-15T01:00:58.129657018Z  INFO  2020-10-15 01:00:58,129 [shard 0] init - starting migration manager
2020-10-15T01:00:58.130077984Z  INFO  2020-10-15 01:00:58,129 [shard 0] init - starting query processor
2020-10-15T01:00:58.132370891Z  INFO  2020-10-15 01:00:58,131 [shard 0] init - initializing batchlog manager
2020-10-15T01:00:58.137798669Z  INFO  2020-10-15 01:00:58,137 [shard 0] legacy_schema_migrator - Moving 0 keyspaces from legacy schema tables to the new schema keyspace (system_schema)
2020-10-15T01:00:58.138465249Z  INFO  2020-10-15 01:00:58,138 [shard 0] legacy_schema_migrator - Dropping legacy schema tables
2020-10-15T01:01:09.736613510Z  INFO  2020-10-15 01:01:09,735 [shard 0] legacy_schema_migrator - Completed migration of legacy schema tables
2020-10-15T01:01:09.740584593Z  INFO  2020-10-15 01:01:09,739 [shard 0] init - loading system sstables
2020-10-15T01:01:28.101965172Z  INFO  2020-10-15 01:01:28,100 [shard 0] init - loading non-system sstables
2020-10-15T01:01:38.657406077Z  INFO  2020-10-15 01:01:38,656 [shard 0] database - Populating Keyspace dt
2020-10-15T01:01:38.657444966Z  INFO  2020-10-15 01:01:38,656 [shard 0] database - Keyspace dt: Reading CF source_element_idx_index id=68593f10-d77b-11ea-9877-000000000001 version=33e3f927-f730-3081-88e1-6bed2962e42a
2020-10-15T01:01:38.657457240Z  INFO  2020-10-15 01:01:38,656 [shard 0] database - Keyspace dt: Reading CF element_twin_idx_index id=630ae8b0-d77b-11ea-9877-000000000001 version=bc3026fd-bc4e-318d-b6f4-ca0b566cb74b
2020-10-15T01:01:38.657484463Z  INFO  2020-10-15 01:01:38,656 [shard 0] database - Keyspace dt: Reading CF source id=65ff2270-d77b-11ea-9877-000000000001 version=5f8471b7-7d19-31d4-9be5-0f153affb0bb
2020-10-15T01:01:38.657495464Z  INFO  2020-10-15 01:01:38,656 [shard 0] database - Keyspace dt: Reading CF source_data id=6af6cd50-d77b-11ea-9877-000000000001 version=b52400e3-b307-3141-b3fc-e5d63573f135
2020-10-15T01:01:38.657505330Z  INFO  2020-10-15 01:01:38,656 [shard 0] database - Keyspace dt: Reading CF element id=607549b0-d77b-11ea-9877-000000000001 version=f44a6c4b-69d8-37f2-b116-7260740acc6c
2020-10-15T01:01:38.657515020Z  INFO  2020-10-15 01:01:38,656 [shard 0] database - Keyspace dt: Reading CF twin id=5e00c740-d77b-11ea-9877-000000000001 version=6240633e-c8cc-3fea-a1e3-452eff1b9659
2020-10-15T01:01:38.657524658Z  INFO  2020-10-15 01:01:38,656 [shard 0] database - Keyspace dt: Reading CF user id=5c294820-d77b-11ea-9877-000000000001 version=02cce273-02f1-3e6a-8674-f1016e3f22d7
2020-10-15T01:01:38.657534372Z  INFO  2020-10-15 01:01:38,656 [shard 0] database - Populating Keyspace system_distributed
2020-10-15T01:01:38.657544052Z  INFO  2020-10-15 01:01:38,656 [shard 0] database - Keyspace system_distributed: Reading CF view_build_status id=5582b59f-8e4e-35e1-b913-3acada51eb04 version=e0b6e628-60e0-39a2-ada0-9b6c13bdd9bc
2020-10-15T01:01:38.657553950Z  INFO  2020-10-15 01:01:38,656 [shard 0] database - Keyspace system_distributed: Reading CF cdc_generations id=6a4df139-00b6-3d21-9efc-dade266dc3b7 version=2511b46b-df1d-39fa-9a77-f5cacf88af47
2020-10-15T01:01:38.657580927Z  INFO  2020-10-15 01:01:38,656 [shard 0] database - Keyspace system_distributed: Reading CF cdc_streams id=07405732-4620-34d6-a85e-947248dad9a4 version=b606cfa4-a37b-32bd-a624-e05cab2bed3c
2020-10-15T01:01:38.657598697Z  INFO  2020-10-15 01:01:38,656 [shard 0] database - Populating Keyspace system_auth
2020-10-15T01:01:38.657618396Z  INFO  2020-10-15 01:01:38,656 [shard 0] database - Keyspace system_auth: Reading CF roles id=5bc52802-de25-35ed-aeab-188eecebb090 version=d8f599da-7544-3f57-aa58-b229deea93e0
2020-10-15T01:01:38.657636820Z  INFO  2020-10-15 01:01:38,656 [shard 0] database - Keyspace system_auth: Reading CF role_members id=0ecdaa87-f8fb-3e60-88d1-74fb36fe5c0d version=2923b5bb-f2f8-36e8-9e73-19019900010c
2020-10-15T01:01:38.657653969Z  INFO  2020-10-15 01:01:38,656 [shard 0] database - Populating Keyspace system_traces
2020-10-15T01:01:38.657670121Z  INFO  2020-10-15 01:01:38,656 [shard 0] database - Keyspace system_traces: Reading CF sessions id=c5e99f16-8677-3914-b17e-960613512345 version=e0fc4b06-6cba-3b7b-bfb6-b42a77c370a9
2020-10-15T01:01:38.657687086Z  INFO  2020-10-15 01:01:38,656 [shard 0] database - Keyspace system_traces: Reading CF node_slow_log_time_idx id=f9706768-aa1e-3d87-9e5c-51a3927c2870 version=eaffc0bb-7b2c-3b64-8924-d8ba685120bc
2020-10-15T01:01:38.657704033Z  INFO  2020-10-15 01:01:38,656 [shard 0] database - Keyspace system_traces: Reading CF sessions_time_idx id=0ebf001c-c1d1-3693-9a63-c3d96ac53318 version=cd5d1e5f-1f42-3b9d-a8ba-3af39d59a7d5
2020-10-15T01:01:38.657721153Z  INFO  2020-10-15 01:01:38,657 [shard 0] database - Keyspace system_traces: Reading CF events id=8826e8e9-e16a-3728-8753-3bc1fc713c25 version=41a6b26e-a03b-3ae1-8a4a-b9446e7f9304
2020-10-15T01:01:38.657749680Z  INFO  2020-10-15 01:01:38,657 [shard 0] database - Keyspace system_traces: Reading CF node_slow_log id=bfcc4e62-5b63-3aa1-a1c3-6f5e47f3325c version=23e7a411-8414-340f-854d-20a3a637e438
2020-10-15T01:01:45.598737667Z  INFO  2020-10-15 01:01:45,598 [shard 0] init - starting view update generator
2020-10-15T01:01:45.599671192Z  INFO  2020-10-15 01:01:45,599 [shard 0] init - discovering staging sstables
2020-10-15T01:01:45.600601140Z  INFO  2020-10-15 01:01:45,600 [shard 0] init - setting up system keyspace
2020-10-15T01:01:45.617716470Z  INFO  2020-10-15 01:01:45,617 [shard 0] init - starting commit log
2020-10-15T01:01:45.618232982Z  INFO  2020-10-15 01:01:45,617 [shard 0] init - replaying commit log
2020-10-15T01:01:45.621399892Z  INFO  2020-10-15 01:01:45,621 [shard 0] commitlog_replayer - Replaying /var/lib/scylla/commitlog/CommitLog-1-54043198506637993.log, /var/lib/scylla/commitlog/CommitLog-1-2978192041.log, /var/lib/scylla/commitlog/CommitLog-1-18014401487674024.log, /var/lib/scylla/commitlog/CommitLog-1-36028799997156008.log, /var/lib/scylla/commitlog/CommitLog-1-36028799997156010.log, /var/lib/scylla/commitlog/CommitLog-1-36028799997156009.log, /var/lib/scylla/commitlog/CommitLog-1-2978192040.log, /var/lib/scylla/commitlog/CommitLog-1-2978192039.log, /var/lib/scylla/commitlog/CommitLog-1-54043198506637994.log, /var/lib/scylla/commitlog/CommitLog-1-54043198506637992.log, /var/lib/scylla/commitlog/CommitLog-1-18014401487674025.log
2020-10-15T01:01:49.672464733Z  INFO  2020-10-15 01:01:49,671 [shard 0] commitlog_replayer - Log replay complete, 21320 replayed mutations (0 invalid, 0 skipped)
2020-10-15T01:01:49.672831392Z  INFO  2020-10-15 01:01:49,672 [shard 0] init - replaying commit log - flushing memtables
2020-10-15T01:02:07.519354362Z  INFO  2020-10-15 01:02:07,518 [shard 0] init - replaying commit log - removing old commitlog segments
2020-10-15T01:02:07.520427146Z  INFO  2020-10-15 01:02:07,520 [shard 0] compaction - Compacting [/var/lib/scylla/data/system/peers-37f71aca7dc2383ba70672528af04d4f/mc-12-big-Data.db:level=0, /var/lib/scylla/data/system/peers-37f71aca7dc2383ba70672528af04d4f/mc-4-big-Data.db:level=0, /var/lib/scylla/data/system/peers-37f71aca7dc2383ba70672528af04d4f/mc-8-big-Data.db:level=0, ]
2020-10-15T01:02:07.520813181Z  INFO  2020-10-15 01:02:07,520 [shard 0] compaction - Compacting [/var/lib/scylla/data/system/compaction_history-b4dbb7b4dc493fb5b3bfce6e434832ca/mc-880-big-Data.db:level=0, /var/lib/scylla/data/system/compaction_history-b4dbb7b4dc493fb5b3bfce6e434832ca/mc-876-big-Data.db:level=0, /var/lib/scylla/data/system/compaction_history-b4dbb7b4dc493fb5b3bfce6e434832ca/mc-872-big-Data.db:level=0, ]
2020-10-15T01:02:07.521297750Z  INFO  2020-10-15 01:02:07,520 [shard 0] compaction - Compacting [/var/lib/scylla/data/system/truncated-38c19fd0fb863310a4b70d0cc66628aa/mc-1668-big-Data.db:level=0, /var/lib/scylla/data/system/truncated-38c19fd0fb863310a4b70d0cc66628aa/mc-1672-big-Data.db:level=0, /var/lib/scylla/data/system/truncated-38c19fd0fb863310a4b70d0cc66628aa/mc-1664-big-Data.db:level=0, ]
2020-10-15T01:02:07.521737990Z  INFO  2020-10-15 01:02:07,521 [shard 3] compaction - Compacting [/var/lib/scylla/data/system_schema/dropped_columns-5e7583b5f3f43af19a39b7e1d6f5f11f/mc-663-big-Data.db:level=0, /var/lib/scylla/data/system_schema/dropped_columns-5e7583b5f3f43af19a39b7e1d6f5f11f/mc-667-big-Data.db:level=0, /var/lib/scylla/data/system_schema/dropped_columns-5e7583b5f3f43af19a39b7e1d6f5f11f/mc-659-big-Data.db:level=0, ]
2020-10-15T01:02:07.521803117Z  INFO  2020-10-15 01:02:07,521 [shard 2] compaction - Compacting [/var/lib/scylla/data/system_schema/dropped_columns-5e7583b5f3f43af19a39b7e1d6f5f11f/mc-662-big-Data.db:level=0, /var/lib/scylla/data/system_schema/dropped_columns-5e7583b5f3f43af19a39b7e1d6f5f11f/mc-666-big-Data.db:level=0, /var/lib/scylla/data/system_schema/dropped_columns-5e7583b5f3f43af19a39b7e1d6f5f11f/mc-658-big-Data.db:level=0, ]
2020-10-15T01:02:07.521831952Z  INFO  2020-10-15 01:02:07,521 [shard 2] compaction - Compacting [/var/lib/scylla/data/system/compaction_history-b4dbb7b4dc493fb5b3bfce6e434832ca/mc-902-big-Data.db:level=0, /var/lib/scylla/data/system/compaction_history-b4dbb7b4dc493fb5b3bfce6e434832ca/mc-898-big-Data.db:level=0, /var/lib/scylla/data/system/compaction_history-b4dbb7b4dc493fb5b3bfce6e434832ca/mc-894-big-Data.db:level=0, ]
2020-10-15T01:02:07.522270001Z  INFO  2020-10-15 01:02:07,521 [shard 2] compaction - Compacting [/var/lib/scylla/data/system_schema/columns-24101c25a2ae3af787c1b40ee1aca33f/mc-666-big-Data.db:level=0, /var/lib/scylla/data/system_schema/columns-24101c25a2ae3af787c1b40ee1aca33f/mc-670-big-Data.db:level=0, /var/lib/scylla/data/system_schema/columns-24101c25a2ae3af787c1b40ee1aca33f/mc-662-big-Data.db:level=0, ]
2020-10-15T01:02:07.522291681Z  INFO  2020-10-15 01:02:07,521 [shard 3] compaction - Compacting [/var/lib/scylla/data/system_schema/functions-96489b7980be3e14a70166a0b9159450/mc-603-big-Data.db:level=0, /var/lib/scylla/data/system_schema/functions-96489b7980be3e14a70166a0b9159450/mc-595-big-Data.db:level=0, /var/lib/scylla/data/system_schema/functions-96489b7980be3e14a70166a0b9159450/mc-599-big-Data.db:level=0, ]
2020-10-15T01:02:07.522303742Z  INFO  2020-10-15 01:02:07,521 [shard 3] compaction - Compacting [/var/lib/scylla/data/system/compaction_history-b4dbb7b4dc493fb5b3bfce6e434832ca/mc-903-big-Data.db:level=0, /var/lib/scylla/data/system/compaction_history-b4dbb7b4dc493fb5b3bfce6e434832ca/mc-899-big-Data.db:level=0, /var/lib/scylla/data/system/compaction_history-b4dbb7b4dc493fb5b3bfce6e434832ca/mc-895-big-Data.db:level=0, ]
2020-10-15T01:02:07.522314933Z  INFO  2020-10-15 01:02:07,522 [shard 3] compaction - Compacting [/var/lib/scylla/data/system_schema/columns-24101c25a2ae3af787c1b40ee1aca33f/mc-663-big-Data.db:level=0, /var/lib/scylla/data/system_schema/columns-24101c25a2ae3af787c1b40ee1aca33f/mc-667-big-Data.db:level=0, /var/lib/scylla/data/system_schema/columns-24101c25a2ae3af787c1b40ee1aca33f/mc-659-big-Data.db:level=0, ]
2020-10-15T01:02:07.522731863Z  INFO  2020-10-15 01:02:07,522 [shard 3] compaction - Compacting [/var/lib/scylla/data/system_schema/indexes-0feb57ac311f382fba6d9024d305702f/mc-579-big-Data.db:level=0, /var/lib/scylla/data/system_schema/indexes-0feb57ac311f382fba6d9024d305702f/mc-575-big-Data.db:level=0, ]
2020-10-15T01:02:07.522849390Z  INFO  2020-10-15 01:02:07,522 [shard 2] compaction - Compacting [/var/lib/scylla/data/system_schema/keyspaces-abac5682dea631c5b535b3d6cffd0fb6/mc-634-big-Data.db:level=0, /var/lib/scylla/data/system_schema/keyspaces-abac5682dea631c5b535b3d6cffd0fb6/mc-638-big-Data.db:level=0, /var/lib/scylla/data/system_schema/keyspaces-abac5682dea631c5b535b3d6cffd0fb6/mc-630-big-Data.db:level=0, ]
2020-10-15T01:02:07.523202636Z  INFO  2020-10-15 01:02:07,522 [shard 3] compaction - Compacting [/var/lib/scylla/data/dt/source_data-6af6cd50d77b11ea9877000000000001/mc-687-big-Data.db:level=0, /var/lib/scylla/data/dt/source_data-6af6cd50d77b11ea9877000000000001/mc-683-big-Data.db:level=0, /var/lib/scylla/data/dt/source_data-6af6cd50d77b11ea9877000000000001/mc-679-big-Data.db:level=0, ]
2020-10-15T01:02:07.523223829Z  INFO  2020-10-15 01:02:07,522 [shard 2] compaction - Compacting [/var/lib/scylla/data/system_schema/indexes-0feb57ac311f382fba6d9024d305702f/mc-598-big-Data.db:level=0, /var/lib/scylla/data/system_schema/indexes-0feb57ac311f382fba6d9024d305702f/mc-594-big-Data.db:level=0, ]
2020-10-15T01:02:07.523691860Z  INFO  2020-10-15 01:02:07,523 [shard 2] compaction - Compacting [/var/lib/scylla/data/system_schema/scylla_tables-5d912ff1f7593665b2c88042ab5103dd/mc-522-big-Data.db:level=0, /var/lib/scylla/data/system_schema/scylla_tables-5d912ff1f7593665b2c88042ab5103dd/mc-518-big-Data.db:level=0, ]
2020-10-15T01:02:07.525455182Z  INFO  2020-10-15 01:02:07,524 [shard 1] compaction - Compacting [/var/lib/scylla/data/system/clients-ca0f635d863036098d93a1fc06f2a5e5/mc-21-big-Data.db:level=0, /var/lib/scylla/data/system/clients-ca0f635d863036098d93a1fc06f2a5e5/mc-53-big-Data.db:level=0, /var/lib/scylla/data/system/clients-ca0f635d863036098d93a1fc06f2a5e5/mc-49-big-Data.db:level=0, /var/lib/scylla/data/system/clients-ca0f635d863036098d93a1fc06f2a5e5/mc-45-big-Data.db:level=0, /var/lib/scylla/data/system/clients-ca0f635d863036098d93a1fc06f2a5e5/mc-41-big-Data.db:level=0, /var/lib/scylla/data/system/clients-ca0f635d863036098d93a1fc06f2a5e5/mc-61-big-Data.db:level=0, /var/lib/scylla/data/system/clients-ca0f635d863036098d93a1fc06f2a5e5/mc-37-big-Data.db:level=0, /var/lib/scylla/data/system/clients-ca0f635d863036098d93a1fc06f2a5e5/mc-57-big-Data.db:level=0, /var/lib/scylla/data/system/clients-ca0f635d863036098d93a1fc06f2a5e5/mc-25-big-Data.db:level=0, /var/lib/scylla/data/system/clients-ca0f635d863036098d93a1fc06f2a5e5/mc-33-big-Data.db:level=0, /var/lib/scylla/data/system/clients-ca0f635d863036098d93a1fc06f2a5e5/mc-29-big-Data.db:level=0, ]
2020-10-15T01:02:07.526269580Z  INFO  2020-10-15 01:02:07,525 [shard 1] compaction - Compacting [/var/lib/scylla/data/system/compaction_history-b4dbb7b4dc493fb5b3bfce6e434832ca/mc-889-big-Data.db:level=0, /var/lib/scylla/data/system/compaction_history-b4dbb7b4dc493fb5b3bfce6e434832ca/mc-885-big-Data.db:level=0, /var/lib/scylla/data/system/compaction_history-b4dbb7b4dc493fb5b3bfce6e434832ca/mc-881-big-Data.db:level=0, ]
2020-10-15T01:02:07.527066691Z  INFO  2020-10-15 01:02:07,526 [shard 1] compaction - Compacting [/var/lib/scylla/data/system/local-7ad54392bcdd35a684174e047860b377/mc-3573-big-Data.db:level=0, /var/lib/scylla/data/system/local-7ad54392bcdd35a684174e047860b377/mc-3577-big-Data.db:level=0, /var/lib/scylla/data/system/local-7ad54392bcdd35a684174e047860b377/mc-3581-big-Data.db:level=0, /var/lib/scylla/data/system/local-7ad54392bcdd35a684174e047860b377/mc-3569-big-Data.db:level=0, ]
2020-10-15T01:02:07.529216076Z  INFO  2020-10-15 01:02:07,528 [shard 0] init - initializing migration manager RPC verbs
2020-10-15T01:02:07.530073655Z  INFO  2020-10-15 01:02:07,529 [shard 0] init - initializing storage proxy RPC verbs
2020-10-15T01:02:07.531045994Z  INFO  2020-10-15 01:02:07,530 [shard 0] init - starting streaming service
2020-10-15T01:02:07.534187871Z  INFO  2020-10-15 01:02:07,533 [shard 0] init - starting hinted handoff manager
2020-10-15T01:02:08.614423287Z  WARN  2020-10-15 01:02:08,613 [shard 3] large_data - Writing a partition with too many rows [dt/source_data:d0a71d84-b80f-4558-beac-8887750652e3] (158258 rows)
2020-10-15T01:02:10.464187200Z  INFO  2020-10-15 01:02:10,463 [shard 0] compaction - Compacted 3 sstables to []. 16430 bytes to 0 (~0% of original) in 0ms = 0.00MB/s. ~384 total partitions merged to 0.
2020-10-15T01:02:10.600368852Z  INFO  2020-10-15 01:02:10,599 [shard 1] compaction - Compacted 11 sstables to []. 252588 bytes to 0 (~0% of original) in 26ms = 0.00MB/s. ~1408 total partitions merged to 0.
2020-10-15T01:02:10.797969151Z  INFO  2020-10-15 01:02:10,797 [shard 0] init - starting messaging service
2020-10-15T01:02:10.798514812Z  INFO  2020-10-15 01:02:10,798 [shard 0] repair - Setting max_repair_memory=168820736, max_repair_memory_per_range=33554432, max_repair_ranges_in_parallel=5
2020-10-15T01:02:10.799118195Z  INFO  2020-10-15 01:02:10,798 [shard 0] init - starting storage service
2020-10-15T01:02:10.800403232Z  INFO  2020-10-15 01:02:10,800 [shard 0] storage_service - Loading persisted ring state
2020-10-15T01:02:10.802331710Z  INFO  2020-10-15 01:02:10,802 [shard 0] storage_service - loaded_peer_features: peer_features size=0
2020-10-15T01:02:10.802666609Z  INFO  2020-10-15 01:02:10,802 [shard 0] storage_service - Checking remote features skipped, since this node is a new seed node which knows nothing about the cluster
2020-10-15T01:02:10.803749765Z  INFO  2020-10-15 01:02:10,803 [shard 0] storage_service - Restarting a node in NORMAL status
2020-10-15T01:02:10.832844323Z  INFO  2020-10-15 01:02:10,832 [shard 0] database - Schema version changed to 3f00f995-6495-3765-8599-4e76a2f4c6b2
2020-10-15T01:02:10.833265655Z  INFO  2020-10-15 01:02:10,832 [shard 0] storage_service - Starting up server gossip
2020-10-15T01:02:12.278908790Z  INFO  2020-10-15 01:02:12,278 [shard 2] compaction - Compacting [/var/lib/scylla/data/system_schema/types-5a8b1ca866023f77a0459273d308917a/mc-494-big-Data.db:level=0, /var/lib/scylla/data/system_schema/types-5a8b1ca866023f77a0459273d308917a/mc-490-big-Data.db:level=0, ]
2020-10-15T01:02:12.280313734Z  INFO  2020-10-15 01:02:12,279 [shard 2] compaction - Compacting [/var/lib/scylla/data/system_schema/view_virtual_columns-08843b6345dc3be29798a0418295cfaa/mc-610-big-Data.db:level=0, /var/lib/scylla/data/system_schema/view_virtual_columns-08843b6345dc3be29798a0418295cfaa/mc-606-big-Data.db:level=0, /var/lib/scylla/data/system_schema/view_virtual_columns-08843b6345dc3be29798a0418295cfaa/mc-602-big-Data.db:level=0, ]
2020-10-15T01:02:12.281851828Z  INFO  2020-10-15 01:02:12,281 [shard 2] compaction - Compacting [/var/lib/scylla/data/system/truncated-38c19fd0fb863310a4b70d0cc66628aa/mc-1142-big-Data.db:level=0, /var/lib/scylla/data/system/truncated-38c19fd0fb863310a4b70d0cc66628aa/mc-1138-big-Data.db:level=0, /var/lib/scylla/data/system/truncated-38c19fd0fb863310a4b70d0cc66628aa/mc-1134-big-Data.db:level=0, ]
2020-10-15T01:02:12.283518581Z  INFO  2020-10-15 01:02:12,282 [shard 2] compaction - Compacting [/var/lib/scylla/data/system_schema/tables-afddfb9dbc1e30688056eed6c302ba09/mc-538-big-Data.db:level=0, /var/lib/scylla/data/system_schema/tables-afddfb9dbc1e30688056eed6c302ba09/mc-534-big-Data.db:level=0, ]
2020-10-15T01:02:12.623837635Z  INFO  2020-10-15 01:02:12,623 [shard 3] compaction - Compacting [/var/lib/scylla/data/system_schema/view_virtual_columns-08843b6345dc3be29798a0418295cfaa/mc-607-big-Data.db:level=0, /var/lib/scylla/data/system_schema/view_virtual_columns-08843b6345dc3be29798a0418295cfaa/mc-611-big-Data.db:level=0, /var/lib/scylla/data/system_schema/view_virtual_columns-08843b6345dc3be29798a0418295cfaa/mc-603-big-Data.db:level=0, ]
2020-10-15T01:02:12.625818186Z  INFO  2020-10-15 01:02:12,625 [shard 3] compaction - Compacting [/var/lib/scylla/data/system_schema/triggers-4df70b666b05325195a132b54005fd48/mc-587-big-Data.db:level=0, /var/lib/scylla/data/system_schema/triggers-4df70b666b05325195a132b54005fd48/mc-583-big-Data.db:level=0, /var/lib/scylla/data/system_schema/triggers-4df70b666b05325195a132b54005fd48/mc-579-big-Data.db:level=0, ]
2020-10-15T01:02:12.626384427Z  INFO  2020-10-15 01:02:12,625 [shard 3] compaction - Compacting [/var/lib/scylla/data/system_schema/tables-afddfb9dbc1e30688056eed6c302ba09/mc-543-big-Data.db:level=0, /var/lib/scylla/data/system_schema/tables-afddfb9dbc1e30688056eed6c302ba09/mc-539-big-Data.db:level=0, ]
2020-10-15T01:02:12.627463346Z  INFO  2020-10-15 01:02:12,626 [shard 3] compaction - Compacting [/var/lib/scylla/data/system_schema/scylla_tables-5d912ff1f7593665b2c88042ab5103dd/mc-523-big-Data.db:level=0, /var/lib/scylla/data/system_schema/scylla_tables-5d912ff1f7593665b2c88042ab5103dd/mc-519-big-Data.db:level=0, ]
2020-10-15T01:02:12.627970636Z  INFO  2020-10-15 01:02:12,627 [shard 3] compaction - Compacting [/var/lib/scylla/data/system_schema/computed_columns-cc7c7069374033c192a4c3de78dbd2c4/mc-519-big-Data.db:level=0, /var/lib/scylla/data/system_schema/computed_columns-cc7c7069374033c192a4c3de78dbd2c4/mc-515-big-Data.db:level=0, ]
2020-10-15T01:02:12.661059346Z  INFO  2020-10-15 01:02:12,660 [shard 0] compaction - Compacted 3 sstables to [/var/lib/scylla/data/system/truncated-38c19fd0fb863310a4b70d0cc66628aa/mc-1676-big-Data.db:level=0, ]. 158419 bytes to 76909 (~48% of original) in 4204ms = 0.02MB/s. ~384 total partitions merged to 2.
2020-10-15T01:02:12.662104555Z  INFO  2020-10-15 01:02:12,661 [shard 0] compaction - Compacted 3 sstables to [/var/lib/scylla/data/system/compaction_history-b4dbb7b4dc493fb5b3bfce6e434832ca/mc-884-big-Data.db:level=0, ]. 103326 bytes to 92664 (~89% of original) in 4204ms = 0.02MB/s. ~384 total partitions merged to 40.
2020-10-15T01:02:13.391442341Z  INFO  2020-10-15 01:02:13,390 [shard 1] compaction - Compacted 4 sstables to [/var/lib/scylla/data/system/local-7ad54392bcdd35a684174e047860b377/mc-3585-big-Data.db:level=0, ]. 31112 bytes to 12599 (~40% of original) in 4896ms = 0.00MB/s. ~512 total partitions merged to 1.
2020-10-15T01:02:13.394047143Z  INFO  2020-10-15 01:02:13,393 [shard 1] compaction - Compacted 3 sstables to [/var/lib/scylla/data/system/compaction_history-b4dbb7b4dc493fb5b3bfce6e434832ca/mc-893-big-Data.db:level=0, ]. 147196 bytes to 93761 (~63% of original) in 4896ms = 0.02MB/s. ~384 total partitions merged to 36.
2020-10-15T01:02:13.395465979Z  INFO  2020-10-15 01:02:13,395 [shard 1] compaction - Compacting [/var/lib/scylla/data/system/local-7ad54392bcdd35a684174e047860b377/mc-3589-big-Data.db:level=0, /var/lib/scylla/data/system/local-7ad54392bcdd35a684174e047860b377/mc-3585-big-Data.db:level=0, ]
2020-10-15T01:02:13.395929085Z  INFO  2020-10-15 01:02:13,395 [shard 0] messaging_service - Starting Messaging Service on port 7000
2020-10-15T01:02:13.533848400Z  INFO  2020-10-15 01:02:13,533 [shard 2] compaction - Compacted 2 sstables to [/var/lib/scylla/data/system_schema/indexes-0feb57ac311f382fba6d9024d305702f/mc-602-big-Data.db:level=0, ]. 10888 bytes to 5600 (~51% of original) in 4755ms = 0.00MB/s. ~256 total partitions merged to 1.
2020-10-15T01:02:14.032143364Z  INFO  2020-10-15 01:02:14,031 [shard 2] compaction - Compacted 3 sstables to [/var/lib/scylla/data/system_schema/dropped_columns-5e7583b5f3f43af19a39b7e1d6f5f11f/mc-670-big-Data.db:level=0, ]. 15984 bytes to 5643 (~35% of original) in 4758ms = 0.00MB/s. ~384 total partitions merged to 1.
2020-10-15T01:02:14.032201685Z  INFO  2020-10-15 01:02:14,031 [shard 2] compaction - Compacted 2 sstables to [/var/lib/scylla/data/system_schema/scylla_tables-5d912ff1f7593665b2c88042ab5103dd/mc-526-big-Data.db:level=0, ]. 11936 bytes to 6128 (~51% of original) in 4757ms = 0.00MB/s. ~256 total partitions merged to 1.
2020-10-15T01:02:14.032252883Z  INFO  2020-10-15 01:02:14,031 [shard 2] compaction - Compacted 3 sstables to [/var/lib/scylla/data/system_schema/keyspaces-abac5682dea631c5b535b3d6cffd0fb6/mc-642-big-Data.db:level=0, ]. 67315 bytes to 56727 (~84% of original) in 4759ms = 0.01MB/s. ~384 total partitions merged to 2.
2020-10-15T01:02:14.033002261Z  INFO  2020-10-15 01:02:14,032 [shard 2] compaction - Compacted 3 sstables to [/var/lib/scylla/data/system/compaction_history-b4dbb7b4dc493fb5b3bfce6e434832ca/mc-906-big-Data.db:level=0, ]. 210595 bytes to 97489 (~46% of original) in 4761ms = 0.02MB/s. ~384 total partitions merged to 47.
2020-10-15T01:02:14.033049576Z  INFO  2020-10-15 01:02:14,032 [shard 2] compaction - Compacted 3 sstables to [/var/lib/scylla/data/system_schema/columns-24101c25a2ae3af787c1b40ee1aca33f/mc-674-big-Data.db:level=0, ]. 78711 bytes to 61719 (~78% of original) in 4761ms = 0.01MB/s. ~384 total partitions merged to 2.
2020-10-15T01:02:14.190320345Z  INFO  2020-10-15 01:02:14,189 [shard 3] compaction - Compacted 3 sstables to [/var/lib/scylla/data/system_schema/dropped_columns-5e7583b5f3f43af19a39b7e1d6f5f11f/mc-671-big-Data.db:level=0, ]. 16416 bytes to 5788 (~35% of original) in 5101ms = 0.00MB/s. ~384 total partitions merged to 1.
2020-10-15T01:02:14.190381002Z  INFO  2020-10-15 01:02:14,189 [shard 3] compaction - Compacted 3 sstables to [/var/lib/scylla/data/system_schema/columns-24101c25a2ae3af787c1b40ee1aca33f/mc-671-big-Data.db:level=0, ]. 76177 bytes to 57505 (~75% of original) in 5102ms = 0.01MB/s. ~384 total partitions merged to 4.
2020-10-15T01:02:14.448536665Z  INFO  2020-10-15 01:02:14,448 [shard 3] compaction - Compacted 3 sstables to [/var/lib/scylla/data/system_schema/functions-96489b7980be3e14a70166a0b9159450/mc-607-big-Data.db:level=0, ]. 16891 bytes to 5945 (~35% of original) in 5104ms = 0.00MB/s. ~384 total partitions merged to 1.
2020-10-15T01:02:14.449096645Z  INFO  2020-10-15 01:02:14,448 [shard 3] compaction - Compacted 3 sstables to [/var/lib/scylla/data/system/compaction_history-b4dbb7b4dc493fb5b3bfce6e434832ca/mc-907-big-Data.db:level=0, ]. 180161 bytes to 92805 (~51% of original) in 5105ms = 0.02MB/s. ~384 total partitions merged to 34.
2020-10-15T01:02:14.449827842Z  INFO  2020-10-15 01:02:14,449 [shard 3] compaction - Compacted 2 sstables to [/var/lib/scylla/data/system_schema/indexes-0feb57ac311f382fba6d9024d305702f/mc-583-big-Data.db:level=0, ]. 17883 bytes to 12630 (~70% of original) in 5104ms = 0.00MB/s. ~256 total partitions merged to 2.
2020-10-15T01:02:14.449853331Z  INFO  2020-10-15 01:02:14,449 [shard 3] compaction - Compacted 3 sstables to [/var/lib/scylla/data/dt/source_data-6af6cd50d77b11ea9877000000000001/mc-691-big-Data.db:level=0, ]. 12855449 bytes to 12763887 (~99% of original) in 5105ms = 2.38MB/s. ~384 total partitions merged to 1.
2020-10-15T01:02:14.773828214Z  INFO  2020-10-15 01:02:14,773 [shard 1] compaction - Compacted 2 sstables to [/var/lib/scylla/data/system/local-7ad54392bcdd35a684174e047860b377/mc-3593-big-Data.db:level=0, ]. 18691 bytes to 12275 (~65% of original) in 992ms = 0.01MB/s. ~256 total partitions merged to 1.
2020-10-15T01:02:15.281154477Z  INFO  2020-10-15 01:02:15,280 [shard 2] compaction - Compacting [/var/lib/scylla/data/system_schema/views-9786ac1cdd583201a7cdad556410c985/mc-470-big-Data.db:level=0, /var/lib/scylla/data/system_schema/views-9786ac1cdd583201a7cdad556410c985/mc-466-big-Data.db:level=0, ]
2020-10-15T01:02:15.281937781Z  INFO  2020-10-15 01:02:15,281 [shard 2] compaction - Compacting [/var/lib/scylla/data/system_schema/functions-96489b7980be3e14a70166a0b9159450/mc-598-big-Data.db:level=0, /var/lib/scylla/data/system_schema/functions-96489b7980be3e14a70166a0b9159450/mc-594-big-Data.db:level=0, /var/lib/scylla/data/system_schema/functions-96489b7980be3e14a70166a0b9159450/mc-590-big-Data.db:level=0, ]
2020-10-15T01:02:15.648414850Z  INFO  2020-10-15 01:02:15,647 [shard 3] compaction - Compacting [/var/lib/scylla/data/system_schema/views-9786ac1cdd583201a7cdad556410c985/mc-467-big-Data.db:level=0, /var/lib/scylla/data/system_schema/views-9786ac1cdd583201a7cdad556410c985/mc-463-big-Data.db:level=0, ]
2020-10-15T01:02:15.651587454Z  INFO  2020-10-15 01:02:15,651 [shard 3] compaction - Compacting [/var/lib/scylla/data/system_schema/aggregates-924c55872e3a345bb10c12f37c1ba895/mc-455-big-Data.db:level=0, /var/lib/scylla/data/system_schema/aggregates-924c55872e3a345bb10c12f37c1ba895/mc-451-big-Data.db:level=0, ]
2020-10-15T01:02:16.163241510Z  INFO  2020-10-15 01:02:16,162 [shard 2] compaction - Compacted 2 sstables to [/var/lib/scylla/data/system_schema/types-5a8b1ca866023f77a0459273d308917a/mc-498-big-Data.db:level=0, ]. 10918 bytes to 5615 (~51% of original) in 3001ms = 0.00MB/s. ~256 total partitions merged to 1.
2020-10-15T01:02:16.163301073Z  INFO  2020-10-15 01:02:16,162 [shard 2] compaction - Compacted 3 sstables to [/var/lib/scylla/data/system_schema/view_virtual_columns-08843b6345dc3be29798a0418295cfaa/mc-614-big-Data.db:level=0, ]. 16452 bytes to 5799 (~35% of original) in 3001ms = 0.00MB/s. ~384 total partitions merged to 1.
2020-10-15T01:02:16.634479184Z  INFO  2020-10-15 01:02:16,633 [shard 2] compaction - Compacted 2 sstables to [/var/lib/scylla/data/system_schema/tables-afddfb9dbc1e30688056eed6c302ba09/mc-542-big-Data.db:level=0, ]. 67705 bytes to 59779 (~88% of original) in 3000ms = 0.02MB/s. ~256 total partitions merged to 2.
2020-10-15T01:02:16.634932506Z  INFO  2020-10-15 01:02:16,634 [shard 2] compaction - Compacted 3 sstables to [/var/lib/scylla/data/system/truncated-38c19fd0fb863310a4b70d0cc66628aa/mc-1146-big-Data.db:level=0, ]. 167624 bytes to 56250 (~33% of original) in 3143ms = 0.02MB/s. ~384 total partitions merged to 4.
2020-10-15T01:02:17.117631565Z  INFO  2020-10-15 01:02:17,116 [shard 3] compaction - Compacted 3 sstables to [/var/lib/scylla/data/system_schema/view_virtual_columns-08843b6345dc3be29798a0418295cfaa/mc-615-big-Data.db:level=0, ]. 23511 bytes to 12927 (~54% of original) in 3024ms = 0.00MB/s. ~384 total partitions merged to 2.
2020-10-15T01:02:17.227960482Z  INFO  2020-10-15 01:02:17,227 [shard 3] compaction - Compacted 2 sstables to [/var/lib/scylla/data/system_schema/scylla_tables-5d912ff1f7593665b2c88042ab5103dd/mc-527-big-Data.db:level=0, ]. 12558 bytes to 6447 (~51% of original) in 3023ms = 0.00MB/s. ~256 total partitions merged to 1.
2020-10-15T01:02:17.228267902Z  INFO  2020-10-15 01:02:17,227 [shard 3] compaction - Compacted 3 sstables to [/var/lib/scylla/data/system_schema/triggers-4df70b666b05325195a132b54005fd48/mc-591-big-Data.db:level=0, ]. 16093 bytes to 5679 (~35% of original) in 3025ms = 0.00MB/s. ~384 total partitions merged to 1.
2020-10-15T01:02:17.229178253Z  INFO  2020-10-15 01:02:17,228 [shard 3] compaction - Compacted 2 sstables to [/var/lib/scylla/data/system_schema/computed_columns-cc7c7069374033c192a4c3de78dbd2c4/mc-523-big-Data.db:level=0, ]. 17544 bytes to 12459 (~71% of original) in 3067ms = 0.00MB/s. ~256 total partitions merged to 2.
2020-10-15T01:02:17.230109349Z  INFO  2020-10-15 01:02:17,229 [shard 3] compaction - Compacted 2 sstables to [/var/lib/scylla/data/system_schema/tables-afddfb9dbc1e30688056eed6c302ba09/mc-547-big-Data.db:level=0, ]. 65495 bytes to 56355 (~86% of original) in 3025ms = 0.02MB/s. ~256 total partitions merged to 4.
2020-10-15T01:02:17.455521960Z  INFO  2020-10-15 01:02:17,454 [shard 2] compaction - Compacting [/var/lib/scylla/data/system_schema/aggregates-924c55872e3a345bb10c12f37c1ba895/mc-458-big-Data.db:level=0, /var/lib/scylla/data/system_schema/aggregates-924c55872e3a345bb10c12f37c1ba895/mc-454-big-Data.db:level=0, ]
2020-10-15T01:02:17.457542842Z  INFO  2020-10-15 01:02:17,457 [shard 2] compaction - Compacting [/var/lib/scylla/data/system_schema/triggers-4df70b666b05325195a132b54005fd48/mc-582-big-Data.db:level=0, /var/lib/scylla/data/system_schema/triggers-4df70b666b05325195a132b54005fd48/mc-586-big-Data.db:level=0, /var/lib/scylla/data/system_schema/triggers-4df70b666b05325195a132b54005fd48/mc-578-big-Data.db:level=0, ]
2020-10-15T01:02:17.857321898Z  INFO  2020-10-15 01:02:17,856 [shard 3] compaction - Compacting [/var/lib/scylla/data/system/large_rows-40550f66085839a09430f27fc08034e9/mc-19-big-Data.db:level=0, /var/lib/scylla/data/system/large_rows-40550f66085839a09430f27fc08034e9/mc-15-big-Data.db:level=0, ]
2020-10-15T01:02:17.857359407Z  INFO  2020-10-15 01:02:17,856 [shard 3] compaction - Compacting [/var/lib/scylla/data/system/truncated-38c19fd0fb863310a4b70d0cc66628aa/mc-951-big-Data.db:level=0, /var/lib/scylla/data/system/truncated-38c19fd0fb863310a4b70d0cc66628aa/mc-947-big-Data.db:level=0, /var/lib/scylla/data/system/truncated-38c19fd0fb863310a4b70d0cc66628aa/mc-943-big-Data.db:level=0, ]
2020-10-15T01:02:17.858571980Z  INFO  2020-10-15 01:02:17,858 [shard 3] compaction - Compacting [/var/lib/scylla/data/system_schema/types-5a8b1ca866023f77a0459273d308917a/mc-495-big-Data.db:level=0, /var/lib/scylla/data/system_schema/types-5a8b1ca866023f77a0459273d308917a/mc-491-big-Data.db:level=0, ]
2020-10-15T01:02:18.145107643Z  INFO  2020-10-15 01:02:18,144 [shard 2] compaction - Compacted 2 sstables to [/var/lib/scylla/data/system_schema/views-9786ac1cdd583201a7cdad556410c985/mc-474-big-Data.db:level=0, ]. 13700 bytes to 7006 (~51% of original) in 2174ms = 0.00MB/s. ~256 total partitions merged to 1.
2020-10-15T01:02:18.281538633Z  INFO  2020-10-15 01:02:18,280 [shard 2] compaction - Compacted 3 sstables to [/var/lib/scylla/data/system_schema/functions-96489b7980be3e14a70166a0b9159450/mc-602-big-Data.db:level=0, ]. 16995 bytes to 5980 (~35% of original) in 2175ms = 0.00MB/s. ~384 total partitions merged to 1.
2020-10-15T01:02:18.528297193Z  INFO  2020-10-15 01:02:18,527 [shard 3] compaction - Compacted 2 sstables to [/var/lib/scylla/data/system_schema/views-9786ac1cdd583201a7cdad556410c985/mc-471-big-Data.db:level=0, ]. 21047 bytes to 14386 (~68% of original) in 2209ms = 0.01MB/s. ~256 total partitions merged to 2.
2020-10-15T01:02:18.653949394Z  INFO  2020-10-15 01:02:18,653 [shard 3] compaction - Compacted 2 sstables to []. 11287 bytes to 0 (~0% of original) in 0ms = 0.00MB/s. ~256 total partitions merged to 0.
2020-10-15T01:02:18.653982179Z  INFO  2020-10-15 01:02:18,653 [shard 3] compaction - Compacted 2 sstables to [/var/lib/scylla/data/system_schema/aggregates-924c55872e3a345bb10c12f37c1ba895/mc-459-big-Data.db:level=0, ]. 11064 bytes to 5688 (~51% of original) in 2207ms = 0.00MB/s. ~256 total partitions merged to 1.
2020-10-15T01:02:18.888192998Z  INFO  2020-10-15 01:02:18,887 [shard 2] compaction - Compacting [/var/lib/scylla/data/system_schema/computed_columns-cc7c7069374033c192a4c3de78dbd2c4/mc-518-big-Data.db:level=0, /var/lib/scylla/data/system_schema/computed_columns-cc7c7069374033c192a4c3de78dbd2c4/mc-514-big-Data.db:level=0, ]
2020-10-15T01:02:19.280608774Z  INFO  2020-10-15 01:02:19,279 [shard 3] compaction - Compacting [/var/lib/scylla/data/system/large_cells-ead8bbc5f1463ae19f710b11f9a1d296/mc-83-big-Data.db:level=0, /var/lib/scylla/data/system/large_cells-ead8bbc5f1463ae19f710b11f9a1d296/mc-91-big-Data.db:level=0, /var/lib/scylla/data/system/large_cells-ead8bbc5f1463ae19f710b11f9a1d296/mc-87-big-Data.db:level=0, ]
2020-10-15T01:02:19.280685548Z  INFO  2020-10-15 01:02:19,280 [shard 3] compaction - Compacting [/var/lib/scylla/data/system_schema/keyspaces-abac5682dea631c5b535b3d6cffd0fb6/mc-607-big-Data.db:level=0, /var/lib/scylla/data/system_schema/keyspaces-abac5682dea631c5b535b3d6cffd0fb6/mc-603-big-Data.db:level=0, ]
2020-10-15T01:02:19.365773224Z  INFO  2020-10-15 01:02:19,365 [shard 2] compaction - Compacted 2 sstables to [/var/lib/scylla/data/system_schema/aggregates-924c55872e3a345bb10c12f37c1ba895/mc-462-big-Data.db:level=0, ]. 11134 bytes to 5723 (~51% of original) in 1433ms = 0.00MB/s. ~256 total partitions merged to 1.
2020-10-15T01:02:19.536920733Z  INFO  2020-10-15 01:02:19,536 [shard 2] compaction - Compacted 3 sstables to [/var/lib/scylla/data/system_schema/triggers-4df70b666b05325195a132b54005fd48/mc-590-big-Data.db:level=0, ]. 16197 bytes to 5714 (~35% of original) in 1432ms = 0.00MB/s. ~384 total partitions merged to 1.
2020-10-15T01:02:19.791145614Z  INFO  2020-10-15 01:02:19,790 [shard 3] compaction - Compacted 3 sstables to []. 17054 bytes to 0 (~0% of original) in 0ms = 0.00MB/s. ~384 total partitions merged to 0.
2020-10-15T01:02:19.791324302Z  INFO  2020-10-15 01:02:19,790 [shard 3] compaction - Compacted 3 sstables to [/var/lib/scylla/data/system/truncated-38c19fd0fb863310a4b70d0cc66628aa/mc-955-big-Data.db:level=0, ]. 188991 bytes to 63366 (~33% of original) in 1422ms = 0.04MB/s. ~384 total partitions merged to 2.
2020-10-15T01:02:19.875237505Z  INFO  2020-10-15 01:02:19,874 [shard 3] compaction - Compacted 2 sstables to [/var/lib/scylla/data/system_schema/types-5a8b1ca866023f77a0459273d308917a/mc-499-big-Data.db:level=0, ]. 10848 bytes to 5580 (~51% of original) in 1423ms = 0.00MB/s. ~256 total partitions merged to 1.
2020-10-15T01:02:20.154704781Z  INFO  2020-10-15 01:02:20,154 [shard 2] compaction - Compacted 2 sstables to [/var/lib/scylla/data/system_schema/computed_columns-cc7c7069374033c192a4c3de78dbd2c4/mc-522-big-Data.db:level=0, ]. 10552 bytes to 5432 (~51% of original) in 1016ms = 0.01MB/s. ~256 total partitions merged to 1.
2020-10-15T01:02:20.275838327Z  INFO  2020-10-15 01:02:20,274 [shard 3] compaction - Compacted 2 sstables to [/var/lib/scylla/data/system_schema/keyspaces-abac5682dea631c5b535b3d6cffd0fb6/mc-611-big-Data.db:level=0, ]. 56455 bytes to 51193 (~90% of original) in 910ms = 0.05MB/s. ~256 total partitions merged to 4.
2020-10-15T01:02:25.399664026Z  INFO  2020-10-15 01:02:25,398 [shard 0] gossip - No gossip backlog; proceeding
2020-10-15T01:02:25.401924240Z  INFO  2020-10-15 01:02:25,401 [shard 0] features - Feature COMPUTED_COLUMNS is enabled
2020-10-15T01:02:25.401971329Z  INFO  2020-10-15 01:02:25,401 [shard 0] features - Feature CORRECT_COUNTER_ORDER is enabled
2020-10-15T01:02:25.401992179Z  INFO  2020-10-15 01:02:25,401 [shard 0] features - Feature CORRECT_NON_COMPOUND_RANGE_TOMBSTONES is enabled
2020-10-15T01:02:25.402010736Z  INFO  2020-10-15 01:02:25,401 [shard 0] features - Feature CORRECT_STATIC_COMPACT_IN_MC is enabled
2020-10-15T01:02:25.402028916Z  INFO  2020-10-15 01:02:25,401 [shard 0] features - Feature COUNTERS is enabled
2020-10-15T01:02:25.402047163Z  INFO  2020-10-15 01:02:25,401 [shard 0] features - Feature DIGEST_INSENSITIVE_TO_EXPIRY is enabled
2020-10-15T01:02:25.402751333Z  INFO  2020-10-15 01:02:25,401 [shard 0] features - Feature DIGEST_MULTIPARTITION_READ is enabled
2020-10-15T01:02:25.402879859Z  INFO  2020-10-15 01:02:25,401 [shard 0] features - Feature HINTED_HANDOFF_SEPARATE_CONNECTION is enabled
2020-10-15T01:02:25.402909416Z  INFO  2020-10-15 01:02:25,401 [shard 0] features - Feature INDEXES is enabled
2020-10-15T01:02:25.402928376Z  INFO  2020-10-15 01:02:25,401 [shard 0] features - Feature LARGE_PARTITIONS is enabled
2020-10-15T01:02:25.402946758Z  INFO  2020-10-15 01:02:25,401 [shard 0] features - Feature LWT is enabled
2020-10-15T01:02:25.402965108Z  INFO  2020-10-15 01:02:25,401 [shard 0] features - Feature MATERIALIZED_VIEWS is enabled
2020-10-15T01:02:25.402983308Z  INFO  2020-10-15 01:02:25,401 [shard 0] features - Feature MC_SSTABLE_FORMAT is enabled
2020-10-15T01:02:25.403001289Z  INFO  2020-10-15 01:02:25,401 [shard 0] features - Feature NONFROZEN_UDTS is enabled
2020-10-15T01:02:25.403019052Z  INFO  2020-10-15 01:02:25,401 [shard 0] features - Feature PER_TABLE_PARTITIONERS is enabled
2020-10-15T01:02:25.403036719Z  INFO  2020-10-15 01:02:25,401 [shard 0] features - Feature RANGE_TOMBSTONES is enabled
2020-10-15T01:02:25.403074401Z  INFO  2020-10-15 01:02:25,401 [shard 0] features - Feature ROLES is enabled
2020-10-15T01:02:25.403096661Z  INFO  2020-10-15 01:02:25,401 [shard 0] features - Feature ROW_LEVEL_REPAIR is enabled
2020-10-15T01:02:25.403114804Z  INFO  2020-10-15 01:02:25,401 [shard 0] features - Feature SCHEMA_TABLES_V3 is enabled
2020-10-15T01:02:25.403132538Z  INFO  2020-10-15 01:02:25,401 [shard 0] features - Feature STREAM_WITH_RPC_STREAM is enabled
2020-10-15T01:02:25.403150378Z  INFO  2020-10-15 01:02:25,401 [shard 0] features - Feature TRUNCATION_TABLE is enabled
2020-10-15T01:02:25.403167958Z  INFO  2020-10-15 01:02:25,401 [shard 0] system_keyspace - Got cluster agreement on truncation table feature. Removing legacy records.
2020-10-15T01:02:25.403186370Z  INFO  2020-10-15 01:02:25,401 [shard 0] features - Feature UNBOUNDED_RANGE_TOMBSTONES is enabled
2020-10-15T01:02:25.403204567Z  INFO  2020-10-15 01:02:25,401 [shard 0] features - Feature VIEW_VIRTUAL_COLUMNS is enabled
2020-10-15T01:02:25.403223624Z  INFO  2020-10-15 01:02:25,402 [shard 0] features - Feature WRITE_FAILURE_REPLY is enabled
2020-10-15T01:02:25.403241367Z  INFO  2020-10-15 01:02:25,402 [shard 0] features - Feature XXHASH is enabled
2020-10-15T01:02:25.403451386Z  INFO  2020-10-15 01:02:25,402 [shard 0] system_keyspace - Legacy records deleted.
2020-10-15T01:02:25.405664193Z  INFO  2020-10-15 01:02:25,404 [shard 0] init - starting system distributed keyspace
2020-10-15T01:02:25.409447357Z  INFO  2020-10-15 01:02:25,408 [shard 0] storage_service - Using saved tokens {943448605036726745, 9061580907506437136, 8957018461898327244, 8813999419995718088, 8775859223532977932, 873311388414975666, 8707696313600310498, 8675978575875245837, 855031166620283245, 8476533345381470087, 8413544620893079714, 8382283044476755854, 7804258889026263620, 778239093056833917, 7732629563319678675, 7564694057214588647, 747840302865059114, 7255484784972643852, 700944770677405149, 7009081579420542256, 7354219953741161264, 6974970471767945112, 6788034976878782500, 667581605220131528, 6496091893897576732, 6478032244021912394, 6420907855788431922, 8777890816944145805, 6381418245203458391, 6358173612251239308, 6302443190184390149, 6115776390551923703, 5906838239532612246, 5890706123786165213, 588034934972968299, 5848278814186320030, 5834675951458569055, 5796254206948921528, -6441145814158460549, 7172238068082229918, -6238625478980828395, -6199824488038647909, -572473923349256348, -5526097868254533829, -5508289632699420366, -6338043935148530859, 4738411181964629022, -5411685484465544274, 5103660925946342563, -5360532551957069796, -5246840897237646542, -8953406550820932827, -511676141100664160, -4872163430844150374, 5153854518462400651, -4829128129506020031, 6818717460470417221, -4735496583611878200, -7913213531410876291, -8612347190400988175, 3361838207769500988, -4770694758141334815, 3533570692245755170, -3014142033706378490, -6648258355715071793, 105268539462240253, 6448269612184381105, 3941245744356891698, -4925670906471950289, -6853270293933441203, -431455211546220291, -4106310081010891923, -4280461110562472301, -4231054370802445643, 4453520694484038438, -5140544052953576706, -7341700934491837716, -4177024142024341044, -2365586676906010085, -4368295386640868227, -6779834804380741154, 7103497347382660592, -471701403720839764, -2187125227394891465, -1593748153114868683, 8325613099551670589, -6017078328443447975, 408961909545308462, -3256341547923989103, 1911454556365012923, -2135119982021577211, -6104126434670973331, -1614584707908969492, -5285270377043925775, 194223785007163967, 3556932048290112968, 4378909036113166689, -2319706609635128471, 782580883702972777, -3880555618453256762, -2879534723161185431, 7469085752185829039, -8001902308657073600, -1522914538603683793, 784130423392421222, -3409621329811667263, -5136236598692180863, -2640475812391264528, 3907413558358164712, -2166731983266837511, -8529251962487546573, -5228242602708342126, -6263078841153087564, -1295419475388780424, 5311755414232655734, -4113405879925637368, 2104079815049743807, -105211415949921556, -1004253484774030395, -6093280019772326743, -1363472444035739717, 7772390126184307669, 3373616921334842984, -3428624778218969630, -4475005699924690030, -1207620414022812792, -4203952547861361192, -4895652206680369668, 5569071124009844993, -2800260328053956713, 1033733984444816800, -1761718599052329021, -6249520955674807415, -6810383749951706976, -2391018463907211455, -3729138346528579520, -3942245253345029362, -1032698423218536378, 2233495137371904435, -1970747149103226319, 2531294222158762011, 4445989245037378795, -2648919406212884980, 800062458669145892, -6586482614645135705, -8855822008500182327, -2076430708060394350, -6127879535600466936, 5017042126534426855, -6767019288334108993, -6985294397658573838, -2605645373691895986, 2542018259596577135, -2699231837109027988, -9132047842757487932, 9066588519930559993, -4601858807243735115, 1470306277250886071, 1688077838521597411, -2700796200994103492, -5656441245782528349, 3822141065635310082, -4415280594152455372, -1709100826419756065, -2732234699235264563, -3101294897153501639, 6933997554702494562, -4541237399207364623, 1251119865371637993, -3280527161887251879, -4007868363884276055, -4134923634748466107, -5595342098352848506, 533209426647054698, 285540986842976874, -4193553788022177878, -7111183380354176443, 7880345233810794046, -7190282066974323895, -7232953798633244985, -7512330892235471280, -889434854029329118, 9122882257136270100, 3909145942678699742, 2870638580126821409, -2685359252619347507, 4540975434217357056, 1912522665107890116, -1474028219808469861, -7767361191227918078, -8495384334141326469, -8024675672634848221, -8352632933072691056, -1084614158625469139, -8372022353883945178, -1171738939209168407, -8485257529464526975, -8549013321787275289, -7405825010257289618, -8694753427154041557, -9173155356561330710, -3164480873853500968, 1172299952227812636, 1535311813904826318, 156312151312654313, 2050968450175517454, 1018091569669202328, 1574734081023094222, 214428871588027420, -5095673126210616552, 2431756818088451524, -1208769590907790735, 3022913469242457337, 2609254198811139442, 5396954320704971060, 284028081363756156, -184157634332906914, 2879924223908633556, 3014475854062098037, 8280511155447462154, 3058186759042775792, 3100842289958262644, -769344519844763244, 3287699046743316011, 7743526815996532326, -7148146405116016542, 352278596429886466, 3606629961194077343, 3840184102447470012, -4623422606623793434, 3924960423780627192, 4660022660859336370, 5401470720317959250, 3979649323160207298, 4037379789709069307, 790424663468033093, 5150907166433009570, 4083460330442256183, 4262233236239091105, 4461207940793579131, 7222389702734437292, 4497639963855891379, 5935809959838255935, 525652295242460822, -9210810031089136649, 3145063885579200582, 5102381975608989830, 5104799485589097680, -467985751191813914, 5122450296475986719, 5256736089695841171, 5341717901052361821, 5441044328235651423, 5661405961885371428, -6303682351633097607, 5704999654143823990}
2020-10-15T01:02:25.429348345Z  INFO  2020-10-15 01:02:25,429 [shard 0] database - Schema version changed to e1b2d478-e5f2-30c4-b994-d93919918df3
2020-10-15T01:02:25.452736362Z  INFO  2020-10-15 01:02:25,452 [shard 0] database - Schema version changed to 0e03d198-385b-3f36-8c34-c3f5846bbbac
2020-10-15T01:02:25.474568565Z  INFO  2020-10-15 01:02:25,474 [shard 0] database - Schema version changed to 0e03d198-385b-3f36-8c34-c3f5846bbbac
2020-10-15T01:02:25.890228600Z  INFO  2020-10-15 01:02:25,889 [shard 1] compaction - Compacting [/var/lib/scylla/data/system/local-7ad54392bcdd35a684174e047860b377/mc-3597-big-Data.db:level=0, /var/lib/scylla/data/system/local-7ad54392bcdd35a684174e047860b377/mc-3593-big-Data.db:level=0, ]
2020-10-15T01:02:25.898764578Z  INFO  2020-10-15 01:02:25,897 [shard 0] storage_service - Node 10.0.96.9 state jump to normal
2020-10-15T01:02:25.898858856Z  INFO  2020-10-15 01:02:25,897 [shard 0] storage_service - Remove node 10.0.96.9 from pending replacing endpoint
2020-10-15T01:02:26.644377824Z  INFO  2020-10-15 01:02:26,643 [shard 0] storage_service - NORMAL: node is now in normal status
2020-10-15T01:02:26.644418967Z  INFO  2020-10-15 01:02:26,643 [shard 0] cdc - No generation seen during startup.
2020-10-15T01:02:26.645406771Z  INFO  2020-10-15 01:02:26,645 [shard 0] init - starting tracing
2020-10-15T01:02:26.645939991Z  INFO  2020-10-15 01:02:26,645 [shard 0] storage_service - SSTable data integrity checker is disabled.
2020-10-15T01:02:26.646276805Z  INFO  2020-10-15 01:02:26,646 [shard 0] init - starting batchlog manager
2020-10-15T01:02:26.646610248Z  INFO  2020-10-15 01:02:26,646 [shard 0] init - starting load meter
2020-10-15T01:02:26.646659841Z  INFO  2020-10-15 01:02:26,646 [shard 0] init - starting cf cache hit rate calculator
2020-10-15T01:02:26.646919005Z  INFO  2020-10-15 01:02:26,646 [shard 0] init - starting view update backlog broker
2020-10-15T01:02:26.647626755Z  INFO  2020-10-15 01:02:26,647 [shard 0] init - Waiting for gossip to settle before accepting client requests...
2020-10-15T01:02:26.717738962Z  INFO  2020-10-15 01:02:26,716 [shard 1] compaction - Compacted 2 sstables to [/var/lib/scylla/data/system/local-7ad54392bcdd35a684174e047860b377/mc-3605-big-Data.db:level=0, ]. 18354 bytes to 12105 (~65% of original) in 725ms = 0.02MB/s. ~256 total partitions merged to 1.
2020-10-15T01:02:26.718298076Z  INFO  2020-10-15 01:02:26,717 [shard 1] compaction - Compacting [/var/lib/scylla/data/system/local-7ad54392bcdd35a684174e047860b377/mc-3601-big-Data.db:level=0, /var/lib/scylla/data/system/local-7ad54392bcdd35a684174e047860b377/mc-3605-big-Data.db:level=0, ]
2020-10-15T01:02:27.172494382Z  INFO  2020-10-15 01:02:27,171 [shard 1] compaction - Compacted 2 sstables to [/var/lib/scylla/data/system/local-7ad54392bcdd35a684174e047860b377/mc-3609-big-Data.db:level=0, ]. 18204 bytes to 12072 (~66% of original) in 363ms = 0.03MB/s. ~256 total partitions merged to 1.
2020-10-15T01:02:38.649660997Z  INFO  2020-10-15 01:02:38,648 [shard 0] gossip - No gossip backlog; proceeding
2020-10-15T01:02:38.649715290Z  INFO  2020-10-15 01:02:38,648 [shard 0] init - allow replaying hints
2020-10-15T01:02:38.650179135Z  INFO  2020-10-15 01:02:38,649 [shard 0] init - Launching generate_mv_updates for non system tables
2020-10-15T01:02:38.652429141Z  INFO  2020-10-15 01:02:38,651 [shard 0] init - starting the view builder
2020-10-15T01:02:39.098985435Z  INFO  2020-10-15 01:02:39,098 [shard 0] init - starting native transport
2020-10-15T01:02:39.099878656Z  INFO  2020-10-15 01:02:39,099 [shard 0] compaction - Compacting [/var/lib/scylla/data/system/truncated-38c19fd0fb863310a4b70d0cc66628aa/mc-1680-big-Data.db:level=0, /var/lib/scylla/data/system/truncated-38c19fd0fb863310a4b70d0cc66628aa/mc-1676-big-Data.db:level=0, ]
2020-10-15T01:02:39.102220376Z  INFO  2020-10-15 01:02:39,101 [shard 0] storage_service - Starting listening for CQL clients on 10.0.96.9:9042 (unencrypted)
2020-10-15T01:02:39.105045824Z  INFO  2020-10-15 01:02:39,104 [shard 0] storage_service - Thrift server listening on 10.0.96.9:9160 ...
2020-10-15T01:02:39.106803288Z  INFO  2020-10-15 01:02:39,106 [shard 0] init - serving
2020-10-15T01:02:39.106827417Z  INFO  2020-10-15 01:02:39,106 [shard 0] init - Scylla version 4.1.8-0.20201002.6c43a0dc29 initialization completed.
2020-10-15T01:02:39.659813783Z  INFO  2020-10-15 01:02:39,659 [shard 0] compaction - Compacted 2 sstables to [/var/lib/scylla/data/system/truncated-38c19fd0fb863310a4b70d0cc66628aa/mc-1684-big-Data.db:level=0, ]. 82142 bytes to 76744 (~93% of original) in 419ms = 0.17MB/s. ~256 total partitions merged to 2.
2020-10-15T01:03:19.376612560Z  INFO  2020-10-15 01:03:19,376 [shard 2] compaction - Compacting [/var/lib/scylla/data/system/clients-ca0f635d863036098d93a1fc06f2a5e5/mc-6-big-Data.db:level=0, /var/lib/scylla/data/system/clients-ca0f635d863036098d93a1fc06f2a5e5/mc-10-big-Data.db:level=0, ]
2020-10-15T01:03:19.842657059Z  INFO  2020-10-15 01:03:19,842 [shard 2] compaction - Compacted 2 sstables to [/var/lib/scylla/data/system/clients-ca0f635d863036098d93a1fc06f2a5e5/mc-14-big-Data.db:level=0, ]. 102930 bytes to 5997 (~5% of original) in 357ms = 0.02MB/s. ~256 total partitions merged to 1.
2020-10-15T01:03:38.167984244Z  INFO  2020-10-15 01:03:38,167 [shard 2] compaction - Compacting [/var/lib/scylla/data/system/clients-ca0f635d863036098d93a1fc06f2a5e5/mc-14-big-Data.db:level=0, /var/lib/scylla/data/system/clients-ca0f635d863036098d93a1fc06f2a5e5/mc-18-big-Data.db:level=0, ]
2020-10-15T01:03:38.898197219Z  INFO  2020-10-15 01:03:38,897 [shard 2] compaction - Compacted 2 sstables to [/var/lib/scylla/data/system/clients-ca0f635d863036098d93a1fc06f2a5e5/mc-22-big-Data.db:level=0, ]. 57464 bytes to 6032 (~10% of original) in 530ms = 0.01MB/s. ~256 total partitions merged to 1.
