2020-10-15T00:53:19.600368254Z 0 nAC8f5rLtMhVRKmQcKuEjTVKLdlMZXqMLX1VFGBpR0pqrlMZbLlG2bksEmAs6X
2020-10-15T00:53:19.610851763Z 1 god8Ef7TgbUUZXZGWqF5rCl2VxU6j1KtJ2PmJBU66dWzw47EdjaddqesCWgjw9
2020-10-15T00:53:19.622094453Z 2 tfLCbvWvr9MhqqLH3Pmi5S5lRXhFXWyK5nUSQ3m8d9FVMd4BqhWCWBla1L2OK7
2020-10-15T00:53:19.633498953Z 3 c17Q4tnyXAHsW1552Zl1vwctospFFyqlTEj7VDH2HEGlTYp6lcd1qTgqUoCxlA
2020-10-15T00:53:19.644608788Z 4 grdj2Oi9BK5rbDDrfKyCwreydoekZT54jWMICoBiotYKvAq3fc31F7EWJDG7Z6
2020-10-15T00:53:19.655952881Z 5 h05OoMjjrMxD3WM45qvI0MXNQ48LEQgZVhlYZmcvyWMVX4h5G6OsLRfPiQLnPc
2020-10-15T00:53:19.667427288Z 6 HrMprX1UYbU7NMXolKZUQUeC61jeV7Zbf0VWAChfSV0eeASjrndHdXOkhHHiLj
2020-10-15T00:53:19.678592721Z 7 zBAEOtPTDvrGJHgmlDsPLR6pSeeqxWZ0xDNzMQs0HMcm7Oi7kpUU7lugoILCFl
2020-10-15T00:53:19.689845627Z 8 jcgWpuKZIq40cyEIVjSEqhpqe8eDNN8nuj6zHxbjA93fzCYYoNn71PwwHopIe9
2020-10-15T00:53:19.700708984Z 9 mJGlmhvlpNNXKJRF1R3VZMpSeAWy71H6wfWE0qzNqLMCx9JcwZXcm77ND7nwxJ
2020-10-15T00:53:19.711942825Z 10 4oNYEpU7tZ32fhLpVa6vAExh65XUAvkDIoobyj6PTuVnOjq3k8o42oM7eAUlN
2020-10-15T00:53:19.723106818Z 11 GtYxXAnKjvGexCMIjdNBfHads1241R14Stj2X0cx0kedJzTPb5YY87aQYTxo9
2020-10-15T00:53:19.733330373Z 12 0pqOVfbp3hhxAyvyV44UIiIPDT5grsZqMbOggtNSu8KVU2uHJnePJ835jBRRK
2020-10-15T00:53:19.744536509Z 13 RuOgwVKx98gqQjTPWr9qajZmkmbb2vtnKTRnvUe9rtEGVJTf7mNf0xki4cuoQ
2020-10-15T00:53:19.756229434Z 14 VAQENaY3enTLL7NcYbjsgqs8VbGkFkGKiGpaNbfBm0JCKrPT0UvTY9BR7oLiH
2020-10-15T00:53:19.767022466Z 15 dnX9vArtbKsAUPZRaihHxGG3z2ow5qDTdMoi6VbyXOKJ98ycEhrRZAbSfPCwH
2020-10-15T00:53:19.778334709Z 16 kElBd3SgfSkfd5RMFZaBv1uUomfWe65BxyPWRL9wOJgDsyDJupyAFugmxLbdY
2020-10-15T00:53:19.789579715Z 17 Yr4PKfCuO87AVAMi1yIteDF5L21R0CDmNQN35NBwfirIkZ2m9GgVzEL76nSIQ
2020-10-15T00:53:19.800644785Z 18 SstyOT7Xdlvzwotsm5pfi4hbAlk2ToTG193n4IZtaZRBJhOyCnIHiu0eh5oIt
2020-10-15T00:53:19.811669223Z 19 NKByxUzz7xuGaPMh0CjZkJwitNxb1thBrztimJtrZWi69Tjh36Lfx8l2hvsBD
2020-10-15T00:53:19.822437113Z 20 apHQC53iZPWmrpw6qvZO3OglVC5p6QPVZLJwl9iYtaIvobDNuuQF6QGHxtlsL
2020-10-15T00:53:19.834044786Z 21 ZfaZ9As9V6qWocSgThCbGQFOqFyGigBahvSIMbWeIJAGyrsj1jkwKYrL8nnWv
2020-10-15T00:53:19.844470918Z 22 BnI0Z3P4SR9QquuXX8PKWONy9c5bgFGSgzClFrr70Z83nDqWxrW1Na83mRYuN
2020-10-15T00:53:19.856445826Z 23 0ko7CDd0tt3KPhoC1daP0bgbLUfPja6AJHVKuCadHXiFTLMS87yyd2ohtpNLm
2020-10-15T00:53:19.868106352Z 24 9SDG0LIyMv56lO9QP4o1Fznm3Xkpjv7T8OxL5ATNGkZjd5xNJqJOFea2JabbJ
2020-10-15T00:53:19.879085221Z 25 09TwPB8KitkpX7R7JcLTjD0GYa3iZMwORUZZsC4NkRYyp7ssvoG0ZbWWTJ6Lm
2020-10-15T00:53:19.890138312Z 26 aL7KvJSINByaQcITKJKOACysIKHugoDtCb8RyhvZV7B62Lk41PV1uBgY1J5k2
2020-10-15T00:53:19.900312004Z 27 OdSonruE2y7hLt6aBwoYB9oYo0eOUKrKUNdz3d4yJskJCXfZ5ocXqvypKYzi0
2020-10-15T00:53:19.912353057Z 28 4CBZq0SQ6QZtpM99QazsKrCNi25nQbmPS9NRq0nDOhVwnVh0MjBgWaZFsfkIr
2020-10-15T00:53:19.924211447Z 29 Nk8pt9EBgf5iIhNsXPW058XROm7YKqsYpNFsvJlekXuXEFPjJYGvbaGgXwpWd
2020-10-15T00:53:19.935723221Z 30 KtOLilycMyEw1uBBzkhqixbOfqKIcK70lyYntc19jNEQVUwTBnp3Mf37WK3np
2020-10-15T00:53:19.946381364Z 31 cOtktP5upDYFZwpgRO5e5mInq1XayNTkf4eit700hoQtRuIhkWl6g0jbmCyPu
2020-10-15T00:53:19.957991741Z 32 8YhlVfLTafDYetoQ9VGwB3ThnfEumnV8ySXQ1dHVkzcQ8I5dfWKi3r4v9DO19
2020-10-15T00:53:19.968125967Z 33 jbpyolclOy0Zanp9nFrGJZkwFhRYuTlaRuunmFGAOmMZ91KK43FHv3QQVrGpO
2020-10-15T00:53:19.979474739Z 34 Tfeq3LkMZZE7cssmsmfYCLqw7KrELAuCcdrM9H3EmrYk80WO4Tejsx0yuMcNb
2020-10-15T00:53:19.990623361Z 35 gNYABfOHvWev98zvTkSNbsRUauxKcRl5OP1s60nw2SdZ3DAJRdSWTwrC0N9S5
2020-10-15T00:53:20.002051654Z 36 FjbV1KcdO8D5l4eaXQR7AIiVRL5pooExOPvaU3DksLH6rrwzxADLAPXWRjTvY
2020-10-15T00:53:20.012540781Z 37 Darx4uH511EC9xOflxiFt3123mHx4hqu4RDr64CnzqorNNaA2dhh0Un7mClwX
2020-10-15T00:53:20.024110321Z 38 ChuEzrsKnUIbeHXwZ2iLbQFOnnIof6oG8PlIw1iGqhKnSHXAmYt298Kft0bb7
2020-10-15T00:53:20.034564369Z 39 eYNFPfHZT4A1m5O6c8wHFtnao1xEURwwrdAodPq4dstSAShu4azQbD8XOPmOL
2020-10-15T00:53:20.046272127Z 40 mFeJTUguspOr3Ag5NKXhgRItGGJqdxcm2zTOTSusKdwewE0mbpBaxTf4XdE7i
2020-10-15T00:53:20.057998598Z 41 hnCfHT3ev1gG7h5voNb89XLVX3vCdzsEFzB8oYLirPaNrGHtBqxwv6xe5TI9v
2020-10-15T00:53:20.068826551Z 42 A0HDl1Hxbf5WNyMULoZLZsCvgsu9ZVNsL3F4irHXIKu5Wxny8EZ43eQQT7pTL
2020-10-15T00:53:20.079646210Z 43 NMytGxGYJUlAYLmFz93N7x7Bx82yZyZY7ZaKetQtGv1w9TwKoAdqwGNVwSXXS
2020-10-15T00:53:20.090985565Z 44 fE7rI6MMNcM8cnPKVzLPBokiDWLJlhKXAvhl2CaGrevqJEwQuvbG8DqD64jFu
2020-10-15T00:53:20.101661723Z 45 MXTbGt7OYUUe1HZfzGhWn8gZWvyQ2toggLDIaqOuzQhs5Zg4PPh7Pd1Nj91J1
2020-10-15T00:53:20.112327642Z 46 Vla0I7GdHsG7d0PTLOFmiUKDTu7plauJr96Sw4BTCrHUUGztCPLCAAz1m9Su6
2020-10-15T00:53:20.124176150Z 47 eRQsnTSZN21t6Ji3wyMybTTYGdGtR8Ys4OvqBBua6YDCwlEkgL6q9pHR3dW9J
2020-10-15T00:53:20.135041854Z 48 vcH5i2hksoRPSK2fLNKPfgkycF7joW6GHe1q5TlEAX4UtGTOOXB932lS1lDcV
2020-10-15T00:53:20.145429521Z 49 gErkeQOAgJMIKwso4RlLZbWoYtY5yeSGg7xmPOpmzVtWN98DO4TpRynhJpHpU
2020-10-15T00:53:20.156618194Z 50 v3evc4XnoC9ZBOinprmYBVd4t8Qm0L36Fnxe9dqUQGEA2ImViDDFIiIKOnzJP
2020-10-15T00:53:20.168268993Z 51 z8zvZXOj9prhtkkGa9yeTOfAhswcCu158ZDRWGbGf1cxu2bh7iCsKmZRsKlPM
2020-10-15T00:53:20.180125923Z 52 UfzPYiQcKVF3kH1s2AObNQa6JrAdHYko8t5F9eZjLuHNhlOLHDhwnDoEhNmCB
2020-10-15T00:53:20.190960234Z 53 y0C7R8iMRZqKLG4RZCThZvwIakLvHIEXVCSSdnMV7yKNbPEhEbfHUdYZzPV2f
2020-10-15T00:53:20.201662057Z 54 2W9jowuaRY9n13mWzQFcZSTvPGDCG3zo9Hfb85gmkJt7FZqSiXNJPrejW6BQH
2020-10-15T00:53:20.212223043Z 55 V6QfBgsYIFYfw9JoahaVHuZ4VUPwQMyqEFRO4jqhu5db5a3gt9FKfHRKIlGoE
2020-10-15T00:53:20.223444255Z 56 SOABCXSYlfRqaebQgWpSUc0V7Vu9EQkferuD2QJ9WMWhwnSJDFff4ipD6hTkb
2020-10-15T00:53:20.234355179Z 57 wP5C1JLzCXiJeRxqQSmIOw7ridiR0Gjog0KI14433OYAw1JxiPvanU9uj07Wk
2020-10-15T00:53:20.246020407Z 58 gZOjyX86zpDNvsGCU2Iq1G0TiZzOZEaxdPIVdrqMhSjHoaQbYcmv0bk2vE3tM
2020-10-15T00:53:20.256777822Z 59 5EJUgM02IicwLDnBPfP0dCD0CU7gWHoGa5PwvE1L0edQJZqR7nZ5iMB0pp3m1
2020-10-15T00:53:20.267460719Z 60 8vma2OaJvfCOZRXsY02PjEj2CYtC8ulf0kW8hfBg4YCsQUL0QsCv1udTYx9dU
2020-10-15T00:53:20.279106614Z 61 H3kEwb6lwmC3umF2HR6tV8RystCSehkP1iDbHdd1BQMoF8lkhbtaDXSuWR0qu
2020-10-15T00:53:20.289885394Z 62 KUyKdB6keRVQhDbTBFpDcwdQFyqQisDQkapMNST9hmIode3uBdFfii4Z7hSXg
2020-10-15T00:53:20.300497065Z 63 Kb4ChPuo8k08DhF9ulYwWxorp5LbxWjzEi5nmoSPEV39EcI7yhXMTpTWWFZHq
2020-10-15T00:53:20.311473760Z 64 Wd8HoKYBqAYvmVhvz8Nuf7dOpOvag772EgtBuWDKw19rKiKlhJX2roFI7EfqY
2020-10-15T00:53:20.323193730Z 65 glSPGBpX3jiRTDIr7eInMQL9BetKilHW9cNIp2GODYRPjLjuXZBoVc6TU5rwf
2020-10-15T00:53:20.335075462Z 66 OG6hpaJBrPKtBTS3GDwDxmAGc14kkyHA1hsbu0IOywuMCZ94stJh3OBXh0zOj
2020-10-15T00:53:20.345303330Z 67 tsouhjJzZcQnicwMXBpZYHtSOKZ7TyyGajLV8838AhcMvhwGuh15yetWP5qBA
2020-10-15T00:53:20.356777920Z 68 ifKpa6yvHa5YUja7iwks8UIgCC5vCUvoDyXsB7Cd0g0JBJvjmYV5ZJGNDHhhK
2020-10-15T00:53:20.367819446Z 69 tN9Fy4P5HavxH6GMYmPAyVksfqEqALY9n0hhmFJVW2G4AT0qwlIO0lsXsmq8A
2020-10-15T00:53:20.378736749Z 70 kxuLgwhtigy6NBGNSlbguk7V4mY1BOd4AEjKMoIexFn8IwyDCFi4zvUsHfWqT
2020-10-15T00:53:20.389552184Z 71 Jk2kgp1Hq7WCRTsCyqH5Crud1ZhtOhkPoLHybrM9YnmUtR7JOKxYUtA9LDq8l
2020-10-15T00:53:20.401691988Z 72 OJWRIqSM4qOM7KU0Wjl3Clsw4C6ZpSNuJMEjbRFhon7fAgv1uEOL2Cyd8wkrU
2020-10-15T00:53:20.413077792Z 73 VOZKjatZMj3Vko4FemdjUdipTxNTw8OojB17mR0F0WLpkT2uUlnlByxFix0pJ
2020-10-15T00:53:20.423422269Z 74 mSyZAZaKw4zty0mXlWS7gPawcjtLhg9D3p7sHRoPpvvB9g0ijAfd1FOSR4VYW
2020-10-15T00:53:20.435380936Z 75 rm6djEbGDydMIv8ZxyqZhw5IoGPILeAJKok86DP78huT5Es94OquCj7khu7ft
2020-10-15T00:53:20.446925622Z 76 YIkeZvI32aYprPJez4qywrG47rCmxgEervPo4OAprTgbiN9sQhSZkvOwCp6nb
2020-10-15T00:53:20.457612514Z 77 qXV94pJ7z6tuICOxj6JSomjWmll4YYPO7dxKRiGMYJlPI8JnG2clOr9C3ghXf
2020-10-15T00:53:20.468944806Z 78 bF1mLsbBYU5j8t0p73LDx2ewQzHTu4dm2Qq4CPHIj8f6fSlZs9XMW7e47Vsxn
2020-10-15T00:53:20.479407036Z 79 RtMIKOcV0TTDEorBR1QAfxuVM2SeBppQm1ZIyHex6fvKHoSpzDdffO9QzrxXG
2020-10-15T00:53:20.490942305Z 80 FtSHIc3Knj2WK2glWwIGMkh3x5t85qRccBM9RVxYjiCmh5r82ZKA5A6k4nrfK
2020-10-15T00:53:20.501647029Z 81 YbIehekK6OM9myqevulnyvGQQoc3f8ovqAHJVxNl2CjjtFOorrdfWNQV3RI00
2020-10-15T00:53:20.513465894Z 82 EO76FjokzPinOGGcENHvcuw7HcbGQItosIvZUFdHSZzt7W2a0KdmkbOnxJvXL
2020-10-15T00:53:20.525001602Z 83 Aa7hzo1r08Cj5Jj58cMuODG971mi9RJmy9fJEOrUIwSkLU1sm2Sy7tr3LivB5
2020-10-15T00:53:20.535315016Z 84 tzXkjqfQxo0UQkfreUIaeCYn5Xewqj447RRH1iIHJLzENeIOWRMQMYyV78VZb
2020-10-15T00:53:20.546496014Z 85 IAwJZVxFwpTYBiFLnu2AZr0vCiYSCZpeUVMuC1VqmKKg1awdM6wqI3rjwfK5w
2020-10-15T00:53:20.557350177Z 86 WXQV2pARm6wxsWoFRh5JtN4LwPaDUoFwYLNHbHqo1WFLvHLPCznvmzO4A3mj2
2020-10-15T00:53:20.569090317Z 87 YGWCdi3xDzXKOCxRcfs4yImY9cZET5pAVonxjL7tNSD3fv1q6yW8JBkoUk62c
2020-10-15T00:53:20.579986743Z 88 RDd1OaU7by317I8hknJZtLLeRLSjV6ydvgIeCU6XD7eLbholdrArTv0SY6MUo
2020-10-15T00:53:20.590512323Z 89 noLYiNhGrmORA0Id9Z1Wr21edzNVnvnKyOaZYQA73xRn8XBM8EKUFxZHAwULu
2020-10-15T00:53:20.602445424Z 90 cELK7LzXrksADeaxFNxtGGQaWm0pBSR1K3OnoMj2khnKPHv4R2ZfpB5UstIBa
2020-10-15T00:53:20.614107162Z 91 INNVc6S1bC5V0xL0E7tMJa3N6Rzj2JrCJMXXqKMcAc9EBdU5W1LlEkM90FoJ7
2020-10-15T00:53:20.625725937Z 92 4tcqHqvP1U0q6oZRY1hnnjzURd3rbJF1LcL55zLdfJcNPxr71gdvWe3sgNfxr
2020-10-15T00:53:20.636545391Z 93 Vm9YNFRIJKCkF3JJhUy3hTX4qyJVfTaYfIbun5RGk4HCsjGnTUMDRL0X8YV5p
2020-10-15T00:53:20.647580033Z 94 225BsBT8XE2vmqFCZclEr58UNIKgnUpAJSSV1Qx461zlTw092coFMOlmr2owj
2020-10-15T00:53:20.659157760Z 95 0hKqOaCL2D8PRGJbRq2xdFpp6O6pzUcuveLv2Bn2g3TJ8r4UzXbfnpAjcPkai
2020-10-15T00:53:20.669683272Z 96 86JvvsSS1W3PQMzWze2x8ZJXeKpPgkW5RJ4yYLafYjSMsW1O3PwLHQjC68bY9
2020-10-15T00:53:20.680445976Z 97 XQjB4PKQhf136zuKjYYvDznIRRpgv8VTtRmZ5toLpDdwI97z3JYuolIAXi5Fc
2020-10-15T00:53:20.692244113Z 98 3hbgwUfZJ3GR9TvDvJbdmS2le9Lhpfr1f8I0BPLe3bmEgtI5Esio33nwmQXJo
2020-10-15T00:53:20.703882037Z 99 IFJHWVaMJBPgz8ztEfKjXKNM3XilnbvMZF31YfrdkLfVxXzjvCEbF0iGmV71W
2020-10-15T00:53:20.714532980Z 100 x54ELPdM5hjqJmmg55ifwfZW0InsCyp78oAv1EYbmt7K22gGTtgDYySPVeMB
2020-10-15T00:53:20.726303000Z 101 cwxCqEXR7dPFGPj272Bd3eUKsguyyiZJPPRrRfFQhV2Cs2L569IcPbyBBtec
2020-10-15T00:53:20.738161264Z 102 szM2qnrXqJ9OdzfCcVoSzN0H0sl2DZkhBlx2Ez5vE6dlncNOMyzCKLPIr6G5
2020-10-15T00:53:20.749641105Z 103 yrQvg4BKsh33rAVEYVEUy0teRgQY79iYPb1fXbcLH9tQb6T2PVeP7MZPDQW3
2020-10-15T00:53:20.760208621Z 104 TsufuVTCoDNpXcSvq50VLT1FNuTL7NnrliuLsK0gf5y1JFLDC9PO3YKDKCHJ
2020-10-15T00:53:20.772367443Z 105 RMh4EpCJQ54U64VCYkUf01Elh8FsKjt5HQLSagzracGAYjmmYIqw1DGymeiH
2020-10-15T00:53:20.784227273Z 106 xFDOH6qjjkh8zVx928dzJHDoFeWp8BH2vPnBZcjHby0hCRg95vlhAeZpAcXo
2020-10-15T00:53:20.795058409Z 107 8ZxTqpiPeqtHZBTukDGPB0RFAEmWfUM0XifDNjMMHM2Y5LLaEQatiAyZRuh6
2020-10-15T00:53:20.805762024Z 108 rmN31o7GH7xm20FDcHdSCF9evEBTbxaE5Ia4nfIUk0WMcixyZgL0raxAVbdt
2020-10-15T00:53:20.816401510Z 109 H8clEjxfHyQbdpsAE6VmZijfyw2UbpNHnUcuKyv2TCRkE61bkah7PbEeGUIM
2020-10-15T00:53:20.827791945Z 110 YXSAQYhJrCKRZVbr3qHWSrlJNoFmFWs0FOrQFJGpH3Nq9qOYmc3kEG25WYDp
2020-10-15T00:53:20.839268492Z 111 mNMZIrtBEkC3HB1OTcpYBXZDcmlNlFNX1yR0dbX8PiBVRYRFdklBZe3d13ia
2020-10-15T00:53:20.850289837Z 112 M44RsBuH41MyJGd9J4X59SUmYdv2v1PAwpPygVct45I3O2mps2sQlE7QIpa8
2020-10-15T00:53:20.861324444Z 113 NuOBme7MTaWZpnzE5WdzBheIrKtGDvcquJObSxzBnXk3xo0gHVCyyGiEY80l
2020-10-15T00:53:20.872798189Z 114 G45ZnFzG1S3IdZjjzDEwBoT6JE3bBaLjZR6VkQ4BqoTUXRW5LWkkPx3dUAb3
2020-10-15T00:53:20.883609562Z 115 nJU9Ov9TpSyZ4sYByjkDfmCBbhvORgQnlyIgRU0lcyu7SP3GVebGkiedLBYe
2020-10-15T00:53:20.894421286Z 116 fAnEUu3qHorIhGR3pz5BeDQhOuXps6tpHE1oOBSlqMGixjvGiOvqqJb8z0yr
2020-10-15T00:53:20.906062276Z 117 AD29BhooUhk588L5oxEIZkmIED9eL7dqo6nZ5YfboXxXq2dk9yMkQXf5cpnr
2020-10-15T00:53:20.916639627Z 118 YiFKFxYWxmvWV6MPTZamGXDHoZ9zR3rtF4Ur24hZSPhhvKJvlBBHGxgWQmo7
2020-10-15T00:53:20.928560875Z 119 oEaNEBvsFg1ocNFukPJi8iMTGYQv2QC6ESq4sZOpTjl6To1ZvauZriZGehqW
2020-10-15T00:53:20.939999735Z 120 D5kaTAb2fIwP1EpNatRrktJQ2PmDn3V99OHxHWbBxiD1wBJlBZfTi0wA2NXX
2020-10-15T00:53:20.950274943Z 121 qw66gUIDJ52fIgdW0u963jXYfoK7of6vci9WSO76qqixt5KJndPM7uGlO6oQ
2020-10-15T00:53:20.961729754Z 122 r7WThm4kHYA0zGdFVNuzLTM5R3PpuxcXrxzdlZv1SlAbg6rtT2QJVx2FpAjZ
2020-10-15T00:53:20.972371454Z 123 VT2YsT8kHFAijOrUpg6HiCSzbGTl83mvv1sbZMoSHttwIGuWUGV3SmTxIaYX
2020-10-15T00:53:20.983648625Z 124 GpMsUwMVH19T7fqbb0ez9r3jug3LlHrRnj4WCsoUStCDpHoLo0LJqobfSNDJ
2020-10-15T00:53:20.994296546Z 125 jbMJ8sosValbkP9HLLqiJYmtmRApjkHZkvya0EhZhznOVEmW8Fhhq0ySRFmo
2020-10-15T00:53:21.006075724Z 126 UPZCiTV9K7ABGcZ56DgJVPonmSwD7jYbvVin729sgCYFT6j94ENLrELFcKan
2020-10-15T00:53:21.016589703Z 127 NwxmjAnMEuu4fiV0R8NcX3k7AOHyeG5MzFzJvr6Ba00XqzMl7MTuDwTuIAEr
2020-10-15T00:53:21.027301734Z 128 0xWNtlURWqSsK2NjpqwPV2uBROuLIuqtzzPomyBS1qBG5hfxoeeg2RB4AO9R
2020-10-15T00:53:21.038979765Z 129 Wl9UdUqjy4VDSMYdresuMwqRmwdkcUdmOSuzfnUrbYdABG7BIMn38iCFypy1
2020-10-15T00:53:21.049618535Z 130 m2nEjFPrt4Y58oE1978arbfPsBCoPbnvPPYkU3NkuRIXXiLajR7mHFqSrEze
2020-10-15T00:53:21.061464903Z 131 fLmfK7BTwXlXZA3A358N4EW5CQ5py6ILOqJKrZdPLjyOp2um2OV3iMz9Z0pA
2020-10-15T00:53:21.073321671Z 132 OiJr5oM8zSnstB5xzlUS00BNpURiL6mvkZSJ9UbE9jrqBH2xxpkbUcQbnMHC
2020-10-15T00:53:21.084736708Z 133 fnIRdfQew7IwohOjNhl8ABtVx9Q97gzRATMMQWepKf5Y98o2lnoAia6BhcQn
2020-10-15T00:53:21.095375185Z 134 Kz62fhra3PdnYL2ReQ8MrZtn6W3TKCBfeL3l3pXxfDwVQFhVeuf9F3xyOJvg
2020-10-15T00:53:21.107101084Z 135 bCZinahSPvMuq00qAhH2MKGLHWePI1wOZs4HmQ7QV2ct36BUZLvzmNSZNVM4
2020-10-15T00:53:21.117721773Z 136 xHiL7eJHWsiwZFwOVoOtXUsrFvAznTQyTrqayaGWW89fMitMAtMaAeOcJuB4
2020-10-15T00:53:21.129369016Z 137 ku8bWFZyAjDyrlOtlI8V37YOWoQirIo29BtDoD9wergjdeCMSEB2VYMyslPC
2020-10-15T00:53:21.141037538Z 138 xcHnrEo0j7kYVZA1P2q7JkkYDf3iQ2xyf7HhWJ8yUGLpqE4iDFrRaAkVB5BI
2020-10-15T00:53:21.151890691Z 139 tiNvgNQGzqWHPgCaHEOsRRFv4hTrkeQUcZdyCf4LaI1XAyydMv2uwpl645vP
2020-10-15T00:53:21.162642414Z 140 yuk4CmHgCQov4AdHqpySkEcX2u3JZFKLttVl5GpzcZJxesJqS9WTW54cWTwx
2020-10-15T00:53:21.174051605Z 141 AXobfQKl1jHwfYIt9M8qGWB7GLNEACm7kMP8liNhwzzDiSCvgpI6sBGuV6wF
2020-10-15T00:53:21.185138553Z 142 havXJhqXE6gdS5esqmNIGiz3OlhQgQioIbPGP29WSdFCUyg5AEWhJVsAbFER
2020-10-15T00:53:21.197040599Z 143 kiEe6Kh8M7WqREBQouORJVFyRzAL6rMr0AYYrUEpWHE6gsxb9r6bIJWynLIG
2020-10-15T00:53:21.207591929Z 144 kp7SE9Rbge91aOvSoWBqvlW9raWVtgqRPuUJq1vOItdvZVBlb0KhKBkn72dR
2020-10-15T00:53:21.218608318Z 145 aI5g5zR0X7IgMxRtgmlv8LEDop8bo6bOfiKamnXoAO2ld4YarYIosMD791zt
2020-10-15T00:53:21.230406968Z 146 BbZUDZk9m9zgiouuOeVy0XUWxzvi54Bc3R1hfq4t2jfwAtsmkHldLm9UagpC
2020-10-15T00:53:21.242022576Z 147 Bwn2Pp8yaq4jh4QKmiWTYdjR3oIs6aYHWa6KrCgPlhDNIMN97PqwlvVIgqZI
2020-10-15T00:53:21.252598424Z 148 6kKnNaH86XtbaT5dmmJOTEFwuoAOpeMaUMQBFzHcMONxkR5WgTIg4IDPnfRo
2020-10-15T00:53:21.263702488Z 149 g9NSeHwudYjxry3ZYJ8TSLa2CaQJ6lerk4vKrBZ9VDhZZQnQ7iyeNdyaHiLU
2020-10-15T00:53:21.274408356Z 150 8I99rX2Yk1EwMdrNZT9bFTHI957oRnZx3jlU9rvX4MA8u3ZLNSF0nB4dBvMp
2020-10-15T00:53:21.285824272Z 151 KnWBGqpeo81WtzmoqmyCwBp0t85bxsAP2Xgv7txmnGI4tpRmW4CFwxiMH8Yj
2020-10-15T00:53:21.296617588Z 152 3YEQUTtKD3MDZJpCGZXUsXg0yL112UcUYm1J5VkH9x2qzpGw117QNd9D8nBR
2020-10-15T00:53:21.307515615Z 153 gfO2BrLS47SxI8Zh5UEeKhEnEqCgmB3ZcksXRSRwvbv06vmsqfyHfjYYy0XG
2020-10-15T00:53:21.318521082Z 154 MF7JkOpg1go2M0gTap70m4qCYPF2z2pgN8LcWlDDeYX0AnKkbgpFgacpTyl9
2020-10-15T00:53:21.330236770Z 155 ESc5sBKDCS0SGzzHf5HNSYhW4T1NCawlC3JiktvhjMsHr7AyxtvBn9wJ88Hr
2020-10-15T00:53:21.341876947Z 156 8GGDT9EhvTylWHaL9t5F3AxNplHHezuqBKuHNqIEim8FYMOVGFnC4MZsXig8
2020-10-15T00:53:21.352852841Z 157 O1386lfnzTphReVhcbfwFgeocieu4fQcPIhmbjL90vdwirMt9vyNAzWOTwsA
2020-10-15T00:53:21.364438685Z 158 c3hYrD8saLJQ7UWrm4Lemjys2220MGrudVpcvmqjHQeIFRqLTOps9Uyfia4W
2020-10-15T00:53:21.376110393Z 159 xaXJo1FMuqpEViSj6inU2tTcY0XUO64jT7WpLS1c3HZ9zwEgMW3TVpARGF3s
2020-10-15T00:53:21.387080208Z 160 9YW8wKRIpu5nLDTGtVzj8SM7KMMCdNSLS0JhYyW0bwy2SbMQE244yop3R27K
2020-10-15T00:53:21.397542271Z 161 P4wuS0XcjM2oqMb0vrDvQ5oBoMNtp5cIlQmPbdrPDVFb8p1AAealEM5NSOht
2020-10-15T00:53:21.408559540Z 162 QZNVb5CwmykqVaF2ZLuTh9N1KmaIKp8TgoJmpLK7lGD1p7XuMbECgUEruHnD
2020-10-15T00:53:21.420202282Z 163 nwfSh1JS95YyxNbIZISihtB9LFosO2ZdblYdVOK99E9S7Wf2sHrB3A0rcQDP
2020-10-15T00:53:21.432016542Z 164 Kj180QcptvERbuqnTyR721SSzbHV0bpCNUrPQYvst6Iul5GQOtAh22TTgAJ1
2020-10-15T00:53:21.442869755Z 165 y92fZhOMWiKpvML9Ik0ZLqbD5joH8AIFO2yTHQWy8eimzNLGhOKxo1Hg9IKW
2020-10-15T00:53:21.453464795Z 166 K33LPrxuPeHV9eBfsHj8fRv7HhwK3kHJyOQHy1OZKQYClZJXsRot3KAjFE9S
2020-10-15T00:53:21.465079444Z 167 hew6nYaD8Y6241C9gbdPzR1o4dX4dU8CSmdJMU5UI9RXFUJw13S0RIeTo7Xb
2020-10-15T00:53:21.475654293Z 168 sFu3eFnXXnvY4iuktrrRUCvwtBHkICEZQeonO8vbuBJKdqYV9nPh15vHahTj
2020-10-15T00:53:21.487204052Z 169 11lwLZL44EupwZsAy1EbOyatbc7znmsCUgaQFxKRIS0Pd1TaKdnHXt0ynpxM
2020-10-15T00:53:21.498959501Z 170 gWNY7MynVwup7oPFBEnD3OVTQrsp22SVb9U72Ny7dFf0Xr8KGMv5sqCgB8HK
2020-10-15T00:53:21.509722211Z 171 xcUDPxxRYZoCMcUZSzXL22DNFmsalVRcLk7SokqjC81Jx7UarTCX4bKPNK6T
2020-10-15T00:53:21.521160820Z 172 8KA54j4QG5p01GMurNqmp4Jdaw0Cv5fbajl0XMXRnPHJfzig40UdH2lm4Hpr
2020-10-15T00:53:21.532718886Z 173 EMbjwTLukhvbD3Ko9vIk187QAwdEtvvZGItCWQf2ZSnw5s8PNYp0QX8zbmkv
2020-10-15T00:53:21.543439128Z 174 eQIlk7MUORjMlGxXU8DhA668cuHEi9asHF4qi4jenqyHK9FmVd61kal5aUi8
2020-10-15T00:53:21.555242128Z 175 Tva7fsNJZcGUlycM7bSQEYYoN42UCETYOo5nCwAqIpKGVty1nKzrGSYQ9HrJ
2020-10-15T00:53:21.567045502Z 176 tYZgB74AhjtvnIiAFJHcmopA4cEhqD5Ee1RpLrNyOhgD4ZC5avy1urJ05bVW
2020-10-15T00:53:21.578874043Z 177 DbI7DGd16y059TzfL9e85rVQMJOKCuw2wXUyfS3BbDXGMjdA3U2vsP0n66HT
2020-10-15T00:53:21.589572209Z 178 mCqyU2AlUK5440YqXX3fr3xqGPjpjdcp72jQ7VXq5n8EdOelHBGMG0k4dqUK
2020-10-15T00:53:21.600781715Z 179 ZgUItWgssr0RMitzvpVmtKjZjwSChGULZ5DA5OP6v1WZYrV4gHzmTiNUgRDJ
2020-10-15T00:53:21.611442547Z 180 PCcjLNG0GdW3f5ZK05dQLUa6ZLLWjkN3wSofMAA6wnjCarsolCq0BBf4KAk8
2020-10-15T00:53:21.622854128Z 181 ZsxHJOLKhITZsFSWM4fIXRyOR5IyhXEHYc3H7VQHXw7R6k8KKEiu2qLk5wC4
2020-10-15T00:53:21.633690234Z 182 XahJWvE0jAAJGPJEdg4GegfvbDozGkWOIS9IkrHyFmANFyMvvpgCrfa1GNWV
2020-10-15T00:53:21.645379161Z 183 q27LumwnH1ni3AP51WfdXmkjHwVuIYpwwhOPM1V3VyMwcC6oHNgvNjANoWGu
2020-10-15T00:53:21.657032939Z 184 dlUSNmxxUZCtKcOhjR6irvqQubAeKK4mYKoQCITzVI9XKXEmh9f3UlpfK5Wz
2020-10-15T00:53:21.668033133Z 185 jtthOk6DABhKJy74ge6L0b9dltr0mgVby4hY2ltxqvCrJ5fsFHeYcLXd0ghB
2020-10-15T00:53:21.678682750Z 186 VGW6PoX2rxPLWLtPOvI2OKIwkqdgyw2HHBdi7WcalwkORphybBYPQb5mqiMk
2020-10-15T00:53:21.689210456Z 187 6rqud6omLWCDaSSWNdzBy9vjqzIshMYVww6AX8GNYKU2dIS6SGy0diE51MJ2
2020-10-15T00:53:21.700342918Z 188 eqqxWKulxrB9bLkZTbbGaIdtdXQywdlrTlU8wfywQL9LNvk0PIgfOEX4Ev8t
2020-10-15T00:53:21.711434191Z 189 zryXwBk7rQyqYlcpt4qvhb8S7xgpC2XXRp6cZDkDbWkYRaZajJB51F6SXwOZ
2020-10-15T00:53:21.723217272Z 190 Z3pA1G7t6P8xl3xL21VSm36rPlUK4eC70ai9WoZHxxEwx6Sr5KwpTNApJwB7
2020-10-15T00:53:21.733723844Z 191 8y06mY3Im7w5gEL9TRWrUR1JbYt3YttuJnQHL2cDTCPQRe26wrumwWclolIY
2020-10-15T00:53:21.744588004Z 192 Mme6tRok17bq6axmLmj6HKwKGzJmjNgYRTx0so9iB0Cr9PMRZ8XKgM5dtHeQ
2020-10-15T00:53:21.756274038Z 193 uUqzj0nz8OGJnCVHCQAYGeA67uYXaZTicrRGTmhID8FGo68ypyOE3x9wnrMg
2020-10-15T00:53:21.767861069Z 194 PvuQKygJRaleg3RwdxX3c43b3qrMGpIaeaK1csJBrG7Xr5JD9Wj10M8Djh26
2020-10-15T00:53:21.778935197Z 195 Z3kucYfcu2D5cxtVd9KLU5C6WH7BAr4p7BrnBVzKQzjRuWywbDHjpztUsqVk
2020-10-15T00:53:21.789953936Z 196 38GrL2E7XMEjRrlLXBcmp64T9ZoYuTBktSVxpzUrrTCcRpgoAVwOn2Pn0ZBN
2020-10-15T00:53:21.801542182Z 197 pzgqgAgZ1qRleLbupLPGrUGDy7hsJJzgMSEPUTHmqUbtYPtJaCFyHpn7wslo
2020-10-15T00:53:21.812798572Z 198 tEXqV98RzCLOJaEN6b2CAPhqrWWwuKYKzUweaY85lMKn2jh8bGTZOMT0SOgH
2020-10-15T00:53:21.823210032Z 199 2lX4zvQb2zKEdsZhozusFZEKm8BHj3ZHfyFH3MYabF3ITw8PzBMxkSjnxt5j
2020-10-15T00:53:21.834987796Z 200 S0gqlJQ0HVySCv9xqtgzifZ5UAGAIMyG5StwBDF4U8mvTW6qUrneKswqrqGQ
2020-10-15T00:53:21.845954534Z 201 qtMggo9uNpFylr3oQkAJGi3Cmj3IH03BTpDoXXtb87li7oV6n50755kY6R1f
2020-10-15T00:53:21.857030243Z 202 yMYpRGwWXEF0lwZcZA9SM7ijGgRGn7IViNBS5dz9pnfPL8vLN7cekEA7Hd0u
2020-10-15T00:53:21.867694302Z 203 WTsbra5x1I0l6ifLhvUCExtqHy9dQjpNEjlm2FE0ERVvUHDFyCup4dLHpeia
2020-10-15T00:53:21.878574876Z 204 iR14zZgJ2o3Agvhw6IaXy3M2C5icwbU0HM3obomMnbxp1ULhmekfOOv0dsDy
2020-10-15T00:53:21.890076427Z 205 W7PtnYuDeqFG7lBDO5lY4fyGyhxMuekTis4cAnB0yorAi3b112oRaVjRCNlh
2020-10-15T00:53:21.900557188Z 206 CGfJEJ9OCzApo3h60Qg5KcA85TQ4n29qwNMeSvaFb7a5Nu9KQN4Zpku87Myj
2020-10-15T00:53:21.912323335Z 207 YBLEeqsRjgmXrhUyuaZ4b4TLnlSuHE1cd4kMYGOcPdz7Mr5aMzMN8oR6orzY
2020-10-15T00:53:21.924162806Z 208 kMqUGdrXbN8y6sfRcJvLl7kVzf1njZiFmzJeCX6K4Pan4inAcMre7KzyBBUB
2020-10-15T00:53:21.934642769Z 209 eXQxdmuRyF9bCxt7Pkbk1FTmmQSUTRkOtMaHc6377cWVQn8pRmbILfjdhFy7
2020-10-15T00:53:21.945578784Z 210 wu1PV0769bC7Zk9BfOapAvwN58BLUjUcOO6pSBoty224MULD3gxHcLzmnWJt
2020-10-15T00:53:21.957359582Z 211 IiBI9TpRLokSoRo7ovP2OPan141f5eqXOeQrCxWS83GMp5xAMsY2VkxYJJNS
2020-10-15T00:53:21.969145925Z 212 rekyNOkoHwMRs2PJzR7OtL29H8XN32HcahYKgBhr8lKVKgVFBgYmNrkowzV4
2020-10-15T00:53:21.980268409Z 213 0IZBjycf7uYbm2v9xIPvIYASEcmFDCVUfErwdu4fatYbkUjmN4wbnZGLPRxd
2020-10-15T00:53:21.991917252Z 214 1OFUeDQK1eFAB0A06DRCbjG7c7QkomBnXoAYw3dxuIs7ylCVoop7q0NzTCB4
2020-10-15T00:53:22.002528259Z 215 fd4GGdEIhg8uPWwuR2n7H027o2QKn9yIlnnXufyhDhUQNc0UH2GM2Tz9cP1a
2020-10-15T00:53:22.014453002Z 216 i0L0ziVhnPsVMNiP3xi59rGUuK905JR1Pfpx6x1HlvPL5ipSFk2PapXxC9Xd
2020-10-15T00:53:22.025006230Z 217 1do61xZJfqWml2sHM6cICIMq33KtLoaB3YjKgIJM7Ayulti9taKqRl7Z3FOr
2020-10-15T00:53:22.036961644Z 218 vVrxIaPFSq2KOqCaTORcKUDsGNHyz1qNUyqgjOC2GeeXevvUnlYappjjEdeK
2020-10-15T00:53:22.047810255Z 219 hvxorTMFQWKPR3mah7zDxKAzQVrSyEKwOFmfCLHYakzlVQvXRFIFLPU2NVdd
2020-10-15T00:53:22.058679499Z 220 YLFs9SlBzlR3HjGKAMyTiqGI0vEiXkgGKakw25v94EoKAXoIfUl9BFP9yhow
2020-10-15T00:53:22.069560773Z 221 yR6keYVFhlwSlSesQrtH4Isk2oGoNP2a8vtEU0h0wKZxuq6oQGxcBo7H5XKq
2020-10-15T00:53:22.080384606Z 222 voDLW5Hu2xmlV25ihNZBBwyD6bo64AosO2puGbaDwXPdLW4d8qmu9SCzLcHg
2020-10-15T00:53:22.091858831Z 223 U5D5VoM6760kbZ0AM2yN7rJyQf0bgnQnEq7dcWGL9mXzEDhSd9mMQQpLYdUE
2020-10-15T00:53:22.102528805Z 224 lUNWed8cMML5e6axJItpnPqBqjDiwmuIcwQixXTJvV9afm4tPfSkwXhlSMto
2020-10-15T00:53:22.114108873Z 225 9mwPN43xNxdLnlVW6ijFNXuMxJTYM07oGGsWFgAaKvhvnkvM45kPf4qpoNJa
2020-10-15T00:53:22.124827901Z 226 9NsYNk2RSd483Bdr6cznC0fToweoGAulzQDxmMuVmObgh87MmwjtV5R8YzAw
2020-10-15T00:53:22.135583484Z 227 xaPjy07pRFJSJ0vo6IOicsti7fNjNIwLiJnCOULD6GSM8Jri3hpdymBloFkf
2020-10-15T00:53:22.147291519Z 228 rgd53E4psGb2KmOZW3t0qEajpEY5UHYIZavwrYeU4Pedgg5TSRiLdeqdeD6Q
2020-10-15T00:53:22.159026658Z 229 iKP3m4uwuNHwkOl2EsGFT9WkBTzC2bhX2Fx2lWT0wPBJQmFPXIzKAw5xd8IP
2020-10-15T00:53:22.169557263Z 230 qI6hRNBhdElGynY9Db1OpZH1Zl1rrEkUiFSG5RyeMbmvtm5p395hED5MvsX6
2020-10-15T00:53:22.181396374Z 231 BtoJnQRcLHLiMLZsZqHL7JzviFxs667zT6Fz4OCZsZRlWkb1JNXFFSLPn4Gk
2020-10-15T00:53:22.192294681Z 232 tDHOjiVpZtAzxXsOpeCNt2QWHh40Ar8HlDwXmDxqaDre7c6oHIjWUKb3dLrQ
2020-10-15T00:53:22.203170847Z 233 R7E21wKwxmaDxnlZTDBOj4SYhNPk7dovaG90XPJ4dGFzPoZOfUyGcnUMqqgn
2020-10-15T00:53:22.214392531Z 234 1cROQyuXHKiDwNttYE19r4vhgNZLQ2GkSn556rkdpBWUj9IOYGF2THG9NxgM
2020-10-15T00:53:22.226531381Z 235 I7fXGT06lWzNy2NuEMHb1MBU9I1hmgv06bpBaYBhSOzOTx52tpSNYZ6sC7QE
2020-10-15T00:53:22.237795134Z 236 VRr24zxqWGezjcSnuiOnPkLoyOBwJosBUP0RQzMnPeuzN0oDyFjoYjAnYPZW
2020-10-15T00:53:22.248636825Z 237 3PFpOAJIjKzIneJjx4VzVp50WHIA7cMLk1Rr2fqcpjX2X8kU2SmB1GZ2Jndl
2020-10-15T00:53:22.260055433Z 238 tvsntkCjAJLfx4lTuH7oHZlX9w3V28mNMWQCLtis45OU6j7lAPZsbGCTRetE
2020-10-15T00:53:22.270610846Z 239 KTtDGprkUok33di45Y435IijVd1jMY1k7LmhhCLZQvepA9JPduw0DtsiLf6p
2020-10-15T00:53:22.282015501Z 240 mXndDbVlfaI99NBpLoIdFUF2fS6jBelAKc7HyCOy6dtynh1Ldf65MYcLVhOJ
2020-10-15T00:53:22.293118507Z 241 xWHf6armQzbdiJxeZRBN6TaO7if8TzYpfFukU3kgCMuOa4XKwFAYSlFkERZp
2020-10-15T00:53:22.303680904Z 242 Wv4YKvIBp63Tah4KrAUIv2Tq8vvdPHnluReNigA8xIrtM0fqGtO2BcwZQjMg
2020-10-15T00:53:22.314968441Z 243 RHu1numF2c5E5Dk0Xjspiku7Tcmmj8Y0p8IoFIX3W9mYhbriwUOLsl7aXYnR
2020-10-15T00:53:22.325710583Z 244 UKgSdYygqhlN2pvqkda4mEawjbeVT9k4xZ9sD8p1JsaQa557DT79xMBr6DHO
2020-10-15T00:53:22.340836019Z 245 uMjpl6yI0UO7iWGxPAvqEkUtcz0fCmpu3gy5kVyHga8mPDEyiYTj7MkXX0WK
2020-10-15T00:53:22.351819195Z 246 TZF3lvXakd99SdGZCK4aS6QB60kGQxaW3RgLoek67TPybf8rPyHx74a5mAA7
2020-10-15T00:53:22.362482640Z 247 9qD7zXuSoqXYuAYTI65XB8f5EQme0M6sP1E4RNMHrgsS7DQspAuAux7x8iUY
2020-10-15T00:53:22.374068165Z 248 vsJXpJ7wk4qeRlunVIQYuJ1bm6qGZSeGVHJy1J3iQDX2nmijpgiEdjYHWUWu
2020-10-15T00:53:22.384688118Z 249 2H86gM9cFHz8nBk8boviu5lO1czbxXJEAuLhJhFYDBPoNRq7f8rBI4ZMWrmA
2020-10-15T00:53:22.395540632Z 250 M0TGLgZIIDemhXoYOZDwVjABqFjsNwNnFdhzfzO51yT2el6kWiaM1sG59i36
2020-10-15T00:53:22.406779746Z 251 bVHp2gPWLjfrEkskLKhA6zyrVjnDKpHKaSNG45HjTyyhM17RQaxd8UmxX7K2
2020-10-15T00:53:22.418111675Z 252 DOBPi05MvMIlnNeoUVf5XFHwsx91IkXZqe6e3ovnjNcvRUZOsyJFFIzimXiS
2020-10-15T00:53:22.428319667Z 253 cHuadVorVGsFaWm2GOSAEPgnzM5eSCZPbpCCwDoGQdDKnSfxdNbKEOsR9u3j
2020-10-15T00:53:22.439416326Z 254 OUyTB7PJzRPM0TUrz5q25vt7gi8UZzMjCcEF630cLUbK6Ak3KZkfC2jkT4e9
2020-10-15T00:53:22.451350661Z 255 6ptnYWTnh4hYaLSPzuTRnPy12oou52b3c2r7g34xK5fL7Um59py6gKrzN2FW
2020-10-15T00:53:22.463148486Z 256 pt6MVJGCFUxwI5lvzWfRNi3sdqK6T3LcI2ZYGnkTaSp8BvyCLQQxkOvW9uRG
2020-10-15T00:53:22.474896565Z 257 N9pKrlVv6jFGb5p61Bu6x0mreNbv4jRkIxlktqopLx3kXQnUc4Z9wWcFNbBD
2020-10-15T00:53:22.485780182Z 258 yG4q7QERfYNLAThKQmlHblrxpSQtAkH3Fq7ios7Z0tmsnbZ91L5BWPIWjGjM
2020-10-15T00:53:22.497449894Z 259 g2P45M9q0A4pyl4j2TLpQNO2RltNOp9CPXPFZICkkz2xzxWSKCaXrZetkast
2020-10-15T00:53:22.509375950Z 260 avjx7WJ1yZ4R5cFBJhMefMPk5Jtr0lwTmr5vXz8SuZs58YmS2GTdyvrKtAcA
2020-10-15T00:53:22.520765029Z 261 axf6LuivjMPXT8ISnv5ekpBHbuFNKCSP1LjlAA6qTz7lFFguzFmNkOWe1fSc
2020-10-15T00:53:22.531924826Z 262 a0UiNLgBrEscgE3kqS8eTfQ860DMUXnsaDSfYkHZAG2JsVTcUfQZCGNV0iyu
2020-10-15T00:53:22.544225422Z 263 ReYNaeoGoL3V4TvAYev4FIObWKuFreP8Sm0RsHEfYejE41qMwypwmtefCcpk
2020-10-15T00:53:22.556193341Z 264 iPtC31XbLEap6pCPfBacrwSyii9dsTlQERIe7Wm8c4BwL9ko4HABfd4IexuT
2020-10-15T00:53:22.566834899Z 265 8PliJsho9Tm3LT8lDKP1YXuoVd7ngkeqLEX1RRxbTg6r9pVMJOU48Rfib33Q
2020-10-15T00:53:22.577732147Z 266 pO7ISV50785hjJHYPMyzw35x46BAKpBQx4QlBYlW5yIWCftFfz3ys2VOqZDG
2020-10-15T00:53:22.589293398Z 267 4Xhv7O9YUZXhf31qQNsDKun8Ehou2x9c5EPf889XNoSk60lUr8wpa4v1cVj4
2020-10-15T00:53:22.601000624Z 268 Aky8u5zbYgFJn5cYVO2NhTTQeBq6hsZjHGqkfb2zREEovPSiOwf95rf2QHuY
2020-10-15T00:53:22.611419494Z 269 4VGCFHXedLVEJz9JhBVqYW4cNRsDjm7Ps9kSo3LSf4Se8cCd90zr4HZzKjEt
2020-10-15T00:53:22.622750724Z 270 gz2JCwn9PNuo5OfWvVSmdlJAZPcbzQef8KoqncsNZ1LLrWJfHKbowGeroQyD
2020-10-15T00:53:22.633577225Z 271 Y7GvlwmNpVNoNLdE5XAVzeRz8w0s4KCwSh0nPfWVvI68Z1TFv2DdgocMpFYb
2020-10-15T00:53:22.645200827Z 272 lMRiq9jVsO2UCcQjE88dsckM405LY3aMviSf3dnapJr5t8HUyBg2mMn1xxHO
2020-10-15T00:53:22.656065318Z 273 fhrlCOC97vorv5VUm46U7VUDOgepvnmDlL25YaXUqnKn1xdmsuvKkNkHbbnX
2020-10-15T00:53:22.666863943Z 274 dZGi5N3sWgbfNTKi1bxL9ccCg8fBXYfZO0kiW2JorvQjAYqoB0IP9xMHguZ1
2020-10-15T00:53:22.678102327Z 275 y9be3dTKbilwEs4k8ISxSC9HujvkC8lb7Ji3oLt8FrjdM5H9cSPGbXoFtB7N
2020-10-15T00:53:22.689930220Z 276 tRIZiV3K8uaBL7EKPjk8dP1bT8w0QF4tl9nNtsxGXwhPfxHc1KNIsuIfTnHT
2020-10-15T00:53:22.700529317Z 277 udl7CYpooh5V4BXrNjmADjnsYKRjQ57Z1XOnfwWWTUVlJ6ReKvVvqcH2dyeB
2020-10-15T00:53:22.711600957Z 278 Hf9uuhCwhUAvOUB6nxHUDZeUFFVEt4urf0THETdDy231fsBDM9pNTFQfF2jV
2020-10-15T00:53:22.722750542Z 279 jycISw2Bejeroie0xkcf902wBEh0RUlgrjkDQDTJtC1fZFnMrKPAhh9skKlx
2020-10-15T00:53:22.734010065Z 280 n97IXfqmWh9yoJo0ugqnU4DEIJJ8ZOZTu7skm0tSUiSNDWWpN1c3ce2R1reM
2020-10-15T00:53:22.744725739Z 281 fbo2KBPbzoR3GRQVqvoF1dHbwsdYpr6Njti6u39ONrE7WMO9wVT11lyR82Pl
2020-10-15T00:53:22.755347509Z 282 QRzfzF0zZlZI4NKdOANHVe5xYgr2467yab3M5Zn0lHaJCi438wrqtWRg9Lmf
2020-10-15T00:53:22.767221687Z 283 HiInBehdCPCR4t3hHNnyuwdY5hFri8FFWowVVK4oZkAYPKcJ19wmaIJXZjBN
2020-10-15T00:53:22.779151731Z 284 rkXaHB4i9XAsSTg6yspla632tGv2JT6LV3vTl5hE1E5PVY6OVzp9sSyTt2N0
2020-10-15T00:53:22.789966158Z 285 mtpVnXgBXHK85ZIq2VUoKQ5TeJSRZEEzLGNgD3CmJLJcqyY2xNaYyH83wsHD
2020-10-15T00:53:22.800888696Z 286 xhUh5YBamOlWLJyOymyzhuHwg9K3FeaCJMhIZDjWCVfwVggU5XVgm7AP3Uwj
2020-10-15T00:53:22.811696572Z 287 TNWrVzrbbtLj5ftR2WLmHBR8hmcSLtBJqgrgRYa9hhXXGgHVRHphq5bVMQRo
2020-10-15T00:53:22.822323433Z 288 8CyjzOcUDO3bN5ce7z7AEGYxHpIcNoO90KSoR9yPEmB4htvlRCXmMeJYcBwT
2020-10-15T00:53:22.834045525Z 289 YmWYpUUOGD3YSdaCcPVRrAaq9c6zZot3bPmzLsmN5z7E0D9EX79XUDvoDEuG
2020-10-15T00:53:22.847223236Z 290 68qB8neiua1Pzm8VUpFwWZOnxnSvu9ozJNJqh48gP1rpdy3aapZrwL9wsHK8
2020-10-15T00:53:22.858657232Z 291 hfxIuJNYIDZ9xkuVo2od0hBXPt10xkPN4QouotvGjlnbjwZSM1TkVzXhGpDu
2020-10-15T00:53:22.869680245Z 292 k6iVc8NrE8zuOzXorqjIeZMaAorbxM9DvKsXLlMU5o219hv6Yx9PABI9z9zJ
2020-10-15T00:53:22.880681658Z 293 a1TFGjfvdiCuNHAwAq908Bt1q9SEwTYFCFU1j6tTb0BbbEZrN5IUe1t5tMDG
2020-10-15T00:53:22.892300522Z 294 enc8aNhhntsTQEyDxWpWlL0nkBcctzlDrMP3DrGiRuDVgLwHBBvXISbsVu8r
2020-10-15T00:53:22.903911303Z 295 XVaeBrBPTLSSHHrKgsh0Ikw7rFf5hDQYHqT3vjP0FSQXrMyAv4qMPR0BPd0y
2020-10-15T00:53:22.914557845Z 296 yRYHTjuL9LWOdnMPCRtMgDKZKxHiAWzZxptI7H4Ybbg17nSOhcjsWA7sel3v
2020-10-15T00:53:22.925252451Z 297 jkx3IMQEDMRL34QYguSZpo9rabOdWmYLoTrEHZMACwxt9knEHg4ZzrmK4Vmj
2020-10-15T00:53:22.937289241Z 298 FJOneMsr2EXS6NJ3hA9Ge8oDstlgoM1VDfFOswX9x6hIcH2IxHemMPfxc1IX
2020-10-15T00:53:22.949289102Z 299 sPrpdPDIrziDoThHTyNYRbJMWHxI1ohDkqrZJMOF2OAH6BS6gsFhksdAYHKG
2020-10-15T00:53:22.960844901Z 300 PzPs554vwHhEglC9l2xBcDnjph5LPojqODEg69LhXIUN7CcAAoULZZiDzUsg
2020-10-15T00:53:22.971451418Z 301 Lm9VqS3wmK3vZrI6cp2vScotawzTz42Heaj9DZ7yGtg2mTEAOjQrvAl6iJpz
2020-10-15T00:53:22.983367611Z 302 3VUKNU8XbpnGwQH4slyqLc3owD1nDgg17U8OZ4qgqUwpVy1yuFrCqrFuEuUU
2020-10-15T00:53:22.995383591Z 303 qhjb2MXUF7v8Q7WdhstJlehBkUfBpVadNAzsaCOskBqgf1RRwaWpxrXZ5X0L
2020-10-15T00:53:23.006632813Z 304 B8HOpxmxtQ9tMwluS6E9wZEqGGkEt1bOw81NrLF4xUjeG37O9il2kvBiPU3d
2020-10-15T00:53:23.017843816Z 305 8II7UyivHDVxLtZU0sk3CrYHPKHsMrM5jQWOaSP7gynHbAMW5zeMgEDMesA3
2020-10-15T00:53:23.029356495Z 306 g45H7J29r7MoK2xAjR0pGqVvrnnTkTNpWaqi2toKS0DThF7jOCKIkiXY823l
2020-10-15T00:53:23.041038893Z 307 dX346cqhSXGazBbn8dt5aSTdxeLTXKDhFpZwGFcMU4ohBEVBIUof2aoqrLc9
2020-10-15T00:53:23.051816026Z 308 oWc4hlQe7sD0zDaQBnAt6Mz1qVMthQGrW9a1sq232Y9jjkpwcNRRc2XJGWRY
2020-10-15T00:53:23.063029069Z 309 6Vn9e1M9guwFvdQ3MLGYFB3YBvYRckHwv1E6PeYAW3Zq72kNfeEHDbK2Feys
2020-10-15T00:53:23.074336317Z 310 F563GcjV4oR0IQ8PD8g2tVAjd6Z8FNTfA7j4zPp2QF0in2CAYI8jvM8ZFaBu
2020-10-15T00:53:23.086091469Z 311 wjUHYtTLUT1RackiAAd589KDGx8DRP6bUQGQqS5qHoX3bXBSSrk3fclBHWki
2020-10-15T00:53:23.096842914Z 312 2RXdX7nxjFi6IwjwMZXuuCOmGV7QB31h7wFiPGQJxVGKE2JYEM7yzT29Ladg
2020-10-15T00:53:23.107342508Z 313 rQYUfcZ62wmtARBIXLrqyRhZgrFLWe6BARgIZzrx2IJcf55W3f84UnbzbKhW
2020-10-15T00:53:23.119333063Z 314 Q38RPz46Et72NRG5jfgLUU3m9m6RfNi5KAE1DtF31yv884vQdwGNoGG1UlEh
2020-10-15T00:53:23.131042264Z 315 w0ekPIprSvU2w6oIqE0bqTGEImt8uhRCLXsNHYZeGD9BusSAZkbGLv072Wmr
2020-10-15T00:53:23.141708846Z 316 iOPSD1FWlWh2cGBnFWsKpnHwWxYWA7kNKJEjKvDLDYkzvYRLsoidm1comnj6
2020-10-15T00:53:23.153254454Z 317 V3ci5FzbFQuVn6wWT5lsHkHmwaskVCeB0EUKo2xsnPxu6cDfmCg0sIrPuK1t
2020-10-15T00:53:23.164924347Z 318 gjWac4SG4paPGK7jOSbkAvX2UaTAvnQHsYfH9cVP5LP1zJKocb3wfrt3UMVb
2020-10-15T00:53:23.175919217Z 319 XbiCoKtjE6kS634p659SHtru93Xw351tG1xCu3dH8FBjmvsTjYNQDgPjNj1W
2020-10-15T00:53:23.187988926Z 320 qiY9nqjT9YOohl4dzOfcldKUzmll2bS2fzzCdPtrkhEdvC4iRLEYetHDFLoP
2020-10-15T00:53:23.199945276Z 321 IvcDz632J18rTOgZtAbLUAR0p8iFSQQcMIF7Syu1YzZPhHO7SPZkMvu906fS
2020-10-15T00:53:23.210355599Z 322 Z4AmQ1AsxgvHRSd1PE5C9Jllzdh1wosmZExThmcVVxqmtw7lOA4zWjh8UCuG
2020-10-15T00:53:23.222005556Z 323 qDD6mL3fmh8VtWh49BRg7DVHp3Dd0DutSy2pffQSjzhjAkcNvOBdXYgpqbpX
2020-10-15T00:53:23.233989827Z 324 r1YUBb4OC2qTju4ojRiRjJLMmzIzlkFALbaQQCHRFWQdmHPXyKgVrfhy1oBT
2020-10-15T00:53:23.245070217Z 325 JLD8boEKaF6rGgFH4cTxX4gbdAfW0Q6kBkvoUHOuh1JPCExSzxwzetyGFDhP
2020-10-15T00:53:23.255764171Z 326 sdSkaF7Z3198us36puC8rr7Zx4pIfJGY6j5Vp9fxApEW4Y3JfXWH42x2MZMZ
2020-10-15T00:53:23.266920646Z 327 2tP5pupopHlWTg1derRjmJShIMlnxqdBnJCufcGWvGANrDdN5AEXeTZuW4Ok
2020-10-15T00:53:23.277386182Z 328 mIDbrv4Bqe991pfQ1Z0ApmoEpO9zxc2k6T0ZnHAUhN5jnyhB4rMCUoQEFKc4
2020-10-15T00:53:23.288953477Z 329 UDJnrlXzie7UQEUEcHG8RacVFQ1qgoAoG8AwhOS05TcQgjaguLloZkVOjSSd
2020-10-15T00:53:23.299585220Z 330 fYcRuLbq5PpenIe7r6fh57Z4qOgotD82CrNe9PP2ESGcMNrdnOAAu4wvZeMD
2020-10-15T00:53:23.311419477Z 331 db9OJDZpcGFjR8wJb2GuUeDCTd6tqIxlrX1Vzj6HoM9ZYLZx5nIhh7W4eL0G
2020-10-15T00:53:23.323290661Z 332 2upKJWzQEC2bcsI1nLc9axGqopD4qHePE6GbFJmxG1xBzHqRVh6iAIWDfaCx
2020-10-15T00:53:23.334216958Z 333 PJu2Ovt35B7hV2pyxRAnhsp92ZxF6DrEndiJKy0T91aoRgYZzVQdVKjrZPq4
2020-10-15T00:53:23.345713620Z 334 AmH5S9wVas3XaITSDC6jMVjCN9seCBROWuxtXwTZkBBBveEG9TJE6kuAT7L2
2020-10-15T00:53:23.356423214Z 335 cUxPPlqwwGtT2D6OMlwcHIiGvNYrWFqAlUqG2khBVhrOq6aYjA809a0JLrWx
2020-10-15T00:53:23.367263361Z 336 1lQwo640hRit5G2PdSzTQ3UjKVf5JfzZUGqQd91DD9Kl1roBQVHqQqoGsgSO
2020-10-15T00:53:23.378979543Z 337 3ovXJdoTEe9uzPSFVlMUZWsxPV00f5TKuW30zoq2opvURRowVBgLNcKgEnL8
2020-10-15T00:53:23.389564698Z 338 Sce0jXRkWvARv26SvuHHqzKbaaPrxwcZyeuFrkikSv1rm2meI1z2mbUCgBVp
2020-10-15T00:53:23.400993043Z 339 7XCLggZPimoYJB3ztP2flMCp8GOHHaHyUXV7EqBC9ntOMxovOi5uI7NCiJfy
2020-10-15T00:53:23.412330130Z 340 VjZam2MqFzFmEAGgqhvEANukmGHQDwac731Nws9xAtJloVA7dN2z0SCPt2qz
2020-10-15T00:53:23.423789179Z 341 YHgu1UDBndyF8NLinp6mBrC6uIPr0f7VRDxf9YtbwcZ8V0gZyGne2iFLdRm9
2020-10-15T00:53:23.434581467Z 342 Dp9F40LFzpLLJzvCLwWSELxjMDAuXEGW5Xs4eBNSN9w22Z2LhSGie3qiUxFi
2020-10-15T00:53:23.445202127Z 343 MzV7iuSVvtaSClL424NUsGaGOBf7MgqRHTOcOUvgjcxYjP2PndfnWB4TUXiF
2020-10-15T00:53:23.457055117Z 344 5I9iqB4sTvACqTFYi4ye1CSJDxjP2RDoekWUlNUpw1t8bjgdGhhago97Ic2z
2020-10-15T00:53:23.469475372Z 345 tyYAmy6SPhHy3weWCG7Qe5Kl0yNzLSqDSznAswxAQKG5P1jZitAeKSLAXBCW
2020-10-15T00:53:23.481147000Z 346 IPdKsXHN8X1O0gNZ39T3ohm4jzc82nmNnte8Ji8RupUHdEqMQtihcJRGnvql
2020-10-15T00:53:23.493049868Z 347 I5egLdYSE5WGVf9fxqxub89PQIfJsxgrepLAfKXu85JOofwncUZkEFHjZM9j
2020-10-15T00:53:23.505427859Z 348 wXmnAudWSdI0GqBWcokPFsveemRKE2ziRkhU4Ou1SM1P8h8qxpvbGfDAsxG8
2020-10-15T00:53:23.517083599Z 349 gTuBqEzKz35uyCwyIvpOAhcAPJQJo4LK0QUZHaQozWhBdGMHAe6lpb49HzRd
2020-10-15T00:53:23.527852268Z 350 qkJ7wto6d02fBcKRRAzID0hFlXUS0rOR5CaBTZmwdg5pOGs9ZrO0YQbDWV0x
2020-10-15T00:53:23.540260561Z 351 YflsN69pzqbZ3NEA2dmuwliY7O4DqGG41hJ5g4SeWlwle6WhKAdCetCirzRk
2020-10-15T00:53:23.551914567Z 352 XheL6NpXKRp5KJVVoBxkiLstw8HkbmrJ2pF0HcPTH5JlvklIlvOgNa7NLkQQ
2020-10-15T00:53:23.562591186Z 353 3HwO7DDYAYfVazHKytWLtJSO8wUbdvKnljcWQBvchZaGYWqRjiYC6POxQZzL
2020-10-15T00:53:23.573643959Z 354 Z1CdOm3qCplnPlpJXy1hud3fpdnbaN3huTyfLfRbO8xkEnWlEwgDlZmBiYyu
2020-10-15T00:53:23.585079279Z 355 9S1jUZsbK28hkQ1jOu1K8EEgHUiPLZA1pLqdzeVNiarg25Xr57Bzc6oKctLT
2020-10-15T00:53:23.595538726Z 356 nME2X2Mt2d2fQCpLxm5yX3m3ZZ6571IGCXuZHZ11JzE8zhgBfAewxfcc0pWz
2020-10-15T00:53:23.606985322Z 357 bPkYSzRjRKMZTVNWuVAZfFKWmoy9HPqQ8d1jlcFlVTYB0msSGxHhXpX1S3cO
2020-10-15T00:53:23.617438037Z 358 ReDIgakcGly6I62QHJPzfz1HGu9hXjzTIr52tgvbS9Vj3bLTnFY53yJzRfoq
2020-10-15T00:53:23.629245606Z 359 if62dH5P9DLQ3fdCcLN2DyfLTaUfT7zBJjKSq5wJjzWb0l6fIgYvKNzvDBlv
2020-10-15T00:53:23.639728020Z 360 mpJpm72agZgCc1zs0g3KHYEhgbMYgjXgwHRCW3txuYquh9COppS0mE2D33qr
2020-10-15T00:53:23.651587571Z 361 EDQwucXGTBDoet8U3eEUUbaOWOcd9Evk7jrGHa2so3Ec1Le87XBVPN3DV06H
2020-10-15T00:53:23.662553258Z 362 09uVf1Py69O2B8KnMbTPcBQhY59rBulXagAD7l4TE8BnTozy33xjSaXPybWQ
2020-10-15T00:53:23.673286474Z 363 gX5zDWo4EowmBTqED5UUgy4l6opz3DH7RRRnI5FPBRcL0f9bY7oxW4EpaqKM
2020-10-15T00:53:23.685077663Z 364 LntyA6n76inwyTjriwYSZKAWCnj6AxY0xwguGirsZpNyCnC1Rnz2rkTDqYnB
2020-10-15T00:53:23.697100437Z 365 CvYr5yrOVxQ1GCSrjWanGXngQQ5endX16Zj7ESGs3tCWqjuB7y6I4Ozuux7L
2020-10-15T00:53:23.709060639Z 366 KN36K9HOTSqpWZRqvkng9V90rwfcOVmC6CUE6de4MUpHjOp6Gv0A6UyhTN9a
2020-10-15T00:53:23.721193205Z 367 o2ECSagOCb5NYTlzBw3s3JyBhFyDtZVxakqGS4Jt7qZdFlNCnZuqBaT7pgw0
2020-10-15T00:53:23.732780791Z 368 Rezel3oov1WBst6zaFFCVHV6b6v4OBZYpe1hGM1TtXkh0SqimfTBJLejUGiA
2020-10-15T00:53:23.744137146Z 369 pbTdd1AOmmF1oGSQw7bp0to3PPReRgd8qkA3lmVMS8HzOcESplZDeDudu5M3
2020-10-15T00:53:23.755850882Z 370 7UgFeoP3aMfjnyK3wYJXTOE7vuyg8DyaLzHn5D0jQ9rcHmYYKTutFLIkDKSp
2020-10-15T00:53:23.766595121Z 371 m8aeTlGgYYQUziTn4lk1MQpoliABeCxmZUY5TsYugLhypBQ1PWFtJ03tV2au
2020-10-15T00:53:23.777688780Z 372 KQtFPnMy641T98uAi3jGm7OIbMpbjmsyiar0NrzhyjrCg6x9SiKzUmXGfomV
2020-10-15T00:53:23.789264994Z 373 Nwt0J152F3IPksPS1eZkeCGLiDh6exxc8dtRD0BzInHovwCdjpQSxcSdbeNm
2020-10-15T00:53:23.800919981Z 374 XycE29Jfo31Dxhn3giWKJ4gNwQoakJCuH1FOcQ1rEQ0gVxMNhysPrSb13UJO
2020-10-15T00:53:23.811471235Z 375 08QGhatXiuRrM9rbeer5m9uk5i83cZcy4qw5ZyMGipjeU4oufuh3DRP631cm
2020-10-15T00:53:23.823029007Z 376 EkqsmlCpv6PWaLTWv7yztULZnZMQgpxpD4kobe9DegXHZBV31X4APMvvFcMD
2020-10-15T00:53:23.833526098Z 377 McR7J77nGIuxY9f843DF5ZVaLCH1vX0TaaZzmWShGUnMv1Mt6PnRp7k7p2pA
2020-10-15T00:53:23.845126093Z 378 SFe53y60LTJ6BN7165HNevXHG4AzKwg0dcSvibhRUkVho6KdgaN7eoAnZshT
2020-10-15T00:53:23.855513371Z 379 jQ6m5LzdqLHPVRkAWJYeS4DC91cthvnH0ZdE0jQDsYpclogHsFLrPI89e362
2020-10-15T00:53:23.867583335Z 380 qcDYywGptA5DkhvdXeULbEdz1N3CtlYhcsu3tp6PM2PVGAKUmIMUhMw54x9Y
2020-10-15T00:53:23.878347273Z 381 6HArVXdlqL2Ctbstz9wd5l5fR2nNzsZTsy26JatNL635FJHcwPuM8GmdFdR4
2020-10-15T00:53:23.890028609Z 382 GUIWZTP4hSIXIKw5HmP01iKQUMTiuM9bHCEhvkzUxLMUb3nYSAGx3mHc3rp1
2020-10-15T00:53:23.900516566Z 383 Mnj3Vz9zHC1ZS8eVNfSmLVshkRWyOshhOsXhsDgfXPOjuEPf4mfCJpEgXC88
2020-10-15T00:53:23.911458882Z 384 Afv3MWuHN86BTbJeC7eT8F6ohyhdlMwWfDBjX58P3hfc7GzS5z776yryapiz
2020-10-15T00:53:23.923099312Z 385 YdSKJPnaDHDdx7S1KStPznidkcQiXDgUefUVDHZN5dhyrIZKfYQWaZ8DOiVI
2020-10-15T00:53:23.933532593Z 386 VKN7EdPmsMzkQX9zVcKXQtvnRkVstfQI03Q0kwPjrTLB0Td5ilhpIoULG3Wj
2020-10-15T00:53:23.944953907Z 387 WlAm4HuJ77fOSVEo5MYPPDTj0HISRpReAYS7pY8Br9ZcF8J0ZrasBDlHPAt2
2020-10-15T00:53:23.955590196Z 388 EHKCVvDhy4plZQG3QOKVvAixm9ggoF9HHfqAGMjnAMJZedUsG7qICVC4thKE
2020-10-15T00:53:23.967404117Z 389 EePR4wKkLi4s6AGW4oiQarJeFnjP8RPlAGxYHaEjxTuKHcv7qCNpii9IIGuj
2020-10-15T00:53:23.978647234Z 390 f0TQi84OVrMM7DE1JKgWiQuXBV32uSbKPQHBevGVFN9vFB9E1tNaVFQgK4T2
2020-10-15T00:53:23.990098739Z 391 8rCbM75Tlvw9wsl77qzyublg8jdCgQCxpPMWa8cLfEId9KtmA2r1jxPC2e6k
2020-10-15T00:53:24.001104344Z 392 4whDGPqswxeLA5ZRDZmecIrmuUqHPHFjVTxCRpl5TOcHRgrmfTBVcngpvYrY
2020-10-15T00:53:24.012965861Z 393 5wptFC65WgaUOhQ8tWKErkJjU0WwvJiTMlWCVRpRzR0FWbVBHbo1rhxZzijZ
2020-10-15T00:53:24.023675045Z 394 8CNL5nGQlkuBWLwOJtNSprPCkjgaualvEjw7Z1ErRoMHOBPa7jCB63qzateO
2020-10-15T00:53:24.034454780Z 395 KvDVss73j64ZdYGhtUzT41h3EcZTsLCXZ6L07IpIJuqBlGwd8sQ7cAQlrExq
2020-10-15T00:53:24.045512740Z 396 hCMki3z8vWeoipliAbyoQzLBVns8IVuVPaCaiRoY5flpjRkoSbixVtdfnI7C
2020-10-15T00:53:24.056436756Z 397 qk5gDn7Kobs5H9BIXkkP8TfDfaN4y8dInu8RiAzy81jYiTwhAh0EGmvS3sY9
2020-10-15T00:53:24.068060904Z 398 Dt7xSszONhomLQjsOI5EXy5zhez2JbjPB9FMk2eODEYfSBERd2TAtC4hRjZe
2020-10-15T00:53:24.079039813Z 399 XShqnum7rmUKp207gRXDVazFZC29GlsFD4y8Whx3M2dxfqe6WeUyJGL08SIq
2020-10-15T00:53:24.090106425Z 400 6Ja5TrKwpyCq8E4J2e2STFvj3sJSu4kreECRhYDP41mZIr874IfzyefPd5T5
2020-10-15T00:53:24.100831891Z 401 OacUBAjIQN6IA3ObHCdm3AAJEhDEB2H8gEl06yt0ZkBulE7XSQlQaFdToJYB
2020-10-15T00:53:24.111916256Z 402 0SjCDXbwoOHGK9oScbPKCj1qKdAIaSLtd1sz3AkMexhR8yLbwtkdPKP9zIWq
2020-10-15T00:53:24.122407658Z 403 Q0l9sxhr2MWlPHQAzrRwVVdHplorgJzvDmY7Egqay6hqArFp9Rti7Wt1bCGD
2020-10-15T00:53:24.133955446Z 404 yAol0fsEUlkm9s1MNPS0ArdvL3qklbxP5xnyJGMC274Q3ZY0KiEuMtgzxyJa
2020-10-15T00:53:24.144754639Z 405 6ejisUe2hXL89MM6kf389ih4CZQbGAyOzXugu4fKYrdAuCR0cpxYTb3faX8E
2020-10-15T00:53:24.155320841Z 406 KkYbO8dNNmvG8ooaSx2AT23DzTOqKxdsHbCsC0gTRFM5ciDwd8pS82P1eM4b
2020-10-15T00:53:24.167059262Z 407 ZX7iuXk1woX93rzuIcqEnjWdShsIGzZaoFwr1Liv0Hvr0Mmy8Of9RpXEE0nx
2020-10-15T00:53:24.178478960Z 408 IrlT1M0utot1NNxzYUytOYpUWFoOCku4t8WveKljqEOjbFXwtemSAXoD4x9Q
2020-10-15T00:53:24.189639568Z 409 skLuDPEj7jDgNfjMBeKTwUXqsqocAC3J0RNrbInDGVWzdkLHItZbp1YfhnEr
2020-10-15T00:53:24.201103701Z 410 yVkLMG9vM7uyJS662JtfBsoGJRNef4n7c01NSvr8MnKWixgtBJIl2DdNf3tJ
2020-10-15T00:53:24.212169526Z 411 v6SY8urReqZwL6faWl3YGrqclRHdXOb57yjY8GIjg7vm50NwPNvnlaKkctFM
2020-10-15T00:53:24.223958722Z 412 i5Pv2mhWWfhkj6yzY5sn9T5hblNEwkF5x627X4XWWc0kyFdsRZezoMjOrsFt
2020-10-15T00:53:24.234770446Z 413 7ILvvoq1XhSGUG1lUDnCLXO6KuyhyUDKAz41GR8Z9h0oQjDnaVQqHdmI94L7
2020-10-15T00:53:24.246392687Z 414 JkT7y09ffChhHrytCeOYcAAl8V8RB2B9bTRaiwVoF6VJ3moSIxIy3z2bAQ4W
2020-10-15T00:53:24.258028188Z 415 p0oEGy3yNdOXBRvrxCrxlkmK3rE3KsPsT6Ot6hgE0ZC0h0P3nTkipceSqThh
2020-10-15T00:53:24.268828060Z 416 guncbZV5gqz0fJ5Tpi5VLsZpWGjRXtdhA6UFD5SW7k3K98XRojBnkfBSBTlN
2020-10-15T00:53:24.279924592Z 417 V4cLbsEbofpdVI8nu23TIfNlJ13Fe6yFozs6uwHAKCyBYo79ZtuhTKS70Wlj
2020-10-15T00:53:24.290489175Z 418 HV12rUl9rvA9rQIXjZ3zfyV5IvjusMZy3uXA0oTd0Ii0BhLzXT6JiGYLBqsr
2020-10-15T00:53:24.302125743Z 419 D2Yb37XK5UOAPoFp21ksWhl1H39Z03DNfLPeQffhhp5iXSym0Yki0jTgghrZ
2020-10-15T00:53:24.313356330Z 420 FlRFuppzQOCvmAT6w6ExHLVh8zv4RWt8xd7zLvlivAND9AHiDJtutDlgkP1Z
2020-10-15T00:53:24.325755881Z 421 JlG2zIL172KXONmHrjrWOX42cZkW1KmmdpbZar39YZhmHkvymDSU803hiYgd
2020-10-15T00:53:24.336650508Z 422 JLuY7BDznzezPLb6v1o6ljCiiso08CouJczWDuu8Mt5Pf7zijaLrRfOwVPTy
2020-10-15T00:53:24.348167962Z 423 qVarAnye1vsYBvVV2cXYybsBs3MX6LPxzTnvA2CUB0tUIFewubepSG2hfXwi
2020-10-15T00:53:24.358634244Z 424 y2CK3HQd7jFf4wCIvEsvQjEu0R16AEdnERCmdhlul7MdwZ7QJYoXud0W8Fro
2020-10-15T00:53:24.369688637Z 425 VP4Xte1V5aEVVY461Mv2yauyVFSJxkhsY4qGbGwMOXuDS77zf4DdtSORiCjQ
2020-10-15T00:53:24.380737195Z 426 xQ8d5xBOLUudqX4kZobZxZbcalfbgzl1Wccp3v66WKiqrifA9NsCXO6ALg0i
2020-10-15T00:53:24.391904998Z 427 d1waaET9Z0RyULLQJbFgJ2VQcaPdFrk1PUU60zn4e1ZGZRNfsRgYAtN55wQa
2020-10-15T00:53:24.402627798Z 428 uqGvyRUPd4fdxf2AZX3LXxOgHrXoyBdMLqNEkFVopZhI6CM8HRjJEabCLA0Y
2020-10-15T00:53:24.413946568Z 429 6EQt9Zv5v57vFk1FIHFcvzLfvnuHw26Z0rqp42mKlSW2bbcYt4bSewA8DejR
2020-10-15T00:53:24.424512599Z 430 O9Ao50lOMUg0LiWuQIJ9PRceAEZI6pJfsiCokm3Izw1O2ZE93WNbuPhm8SuC
2020-10-15T00:53:24.435948227Z 431 EfEiTyKuX23ICmjsJUZ4LWB8Gg7lFfP0Vhae6ZdPzAdqy5xgBkACA7TIlO2j
2020-10-15T00:53:24.446430296Z 432 psNogDfWAmb4c1F2xUA1BKYhHxSjJXwW9EpvIFrP1Y8Hc9XOlArGMcpAHJ5R
2020-10-15T00:53:24.458153800Z 433 oMmMq1STfpCkaZE6XUDTwKE2Y4mlNO1GSEfKf3qg1B1jEXqcmpWmZTHpN5fB
2020-10-15T00:53:24.468958381Z 434 R1hNkVHe0lizrioB48z5RMa6gNdWDZzlTsb31AGbQ6LoERb80fEnCavhjcbA
2020-10-15T00:53:24.479404702Z 435 1o9BLXAHLA3Y7ex0j2zyefSGkJbWcHMaX1xrmLfI2S7RfVK32I4t1SkHeIpP
2020-10-15T00:53:24.491235850Z 436 v92Utn2MiXgguAB7Gpk1bIYqkTKulAUhvWLWXrfDyC04szmmxUcZ5uhFea6n
2020-10-15T00:53:24.502318339Z 437 YvSFBjJqber7nxlEmrdwsaAFAtVOvWiMQCQCKJkDnqz6N3UNM5QIh5cLcmBF
2020-10-15T00:53:24.514158672Z 438 NfZ179kPqc7EzQrkyWmxcdQy6to4DFJXRkg5dZWcubProRLIIf5aXFadpcal
2020-10-15T00:53:24.525054668Z 439 s3NsPuGpeFxCmn09ZWKuVhOgZscksoGFt4N7ArGV2eCUOX3m8coqzaXCz3OP
2020-10-15T00:53:24.536211794Z 440 JmzGndxEep2PBmS0GL4MIdRLeI6KveyCaURIrhGjCB8zgzgKGosmkQht75Lo
2020-10-15T00:53:24.548182291Z 441 o1tC7qzOF5Cs614DiYeyF0hT14Z24VLEmujksMKmvBDOtg4D8PYAZBpD2NVh
2020-10-15T00:53:24.559748248Z 442 vxmbLO2IQwaoZeDIUlZW2ccZ9GCMNnSF9BtvDhnzpOM6Qk4U76vW8rnBue22
2020-10-15T00:53:24.570875236Z 443 IC4v1AgPRJhwk2u30RaojODGM14DRldzzbEKL0C4mwV5FnHcOY8Wis2OACAC
2020-10-15T00:53:24.581514971Z 444 JPNaK4HmJbSRo2prlyt6kNsrzxL7vgiYfXFDd1e0bPmcjPXDe9gkOvqpJjFm
2020-10-15T00:53:24.593337714Z 445 rMdZ2YU7XleO60OEjbSyluHuS2eTHOJJqWQPO7svZJAHV0EEM6UucwikzOdC
2020-10-15T00:53:24.604818236Z 446 pIrqow4JcneruINOgxPpyEY3alXLawOREYHriMuPDASKJzUu8XaxIB3va9WD
2020-10-15T00:53:24.616180088Z 447 RCM20z1UdeZQOBOiN9P6YUfepcPAjul7e2hKLgUmhX4QtqCBzkc6qztUM6on
2020-10-15T00:53:24.627456316Z 448 Etpbk6gJfbHJjI4bTcPRO9ibUtMMNs4hdJRQBUMogekjxM4X34kLKBd2nwuX
2020-10-15T00:53:24.638691322Z 449 vKv5EGSlw9EbkzRz3kdRNgrt6y9IIF3H99B3TmJE73iCcK5iO1AX6V2tWUWw
2020-10-15T00:53:24.649442069Z 450 N1qx05g4srr127piojcbFDFHpESg0O6lgy5CZQwmLW5wVoCarNY8fg7bcydc
2020-10-15T00:53:24.660326980Z 451 x9My7EZmTpUWr9oBfMBwm0v8na72i6t2jGPZUVvQX5HqWCn6gVULWaajZ65Z
2020-10-15T00:53:24.671282660Z 452 d8VsYfQOjqggJc7cwwA3LA0kdPahXfnmkesMoG0EuKByf8HZRqEwmX1HGnQm
2020-10-15T00:53:24.683055851Z 453 cUSWZQAVVQ0ybbJKk0kUbCiGfEEE5wakXHegJlzJX6kFN1sRDbapbhHA3ImC
2020-10-15T00:53:24.693489027Z 454 g0Wtz4MlLvoGlh7XXfpT68USniAWcsNrJhtU1lJI0EKfCuMPNhjGnEOyWazs
2020-10-15T00:53:24.705226053Z 455 4udrirbNvPQba5ohAoGubiBJY7CyRZ1rbBhomrPiHMUrvywTLsLffBWfVyhU
2020-10-15T00:53:24.716514428Z 456 BinngVOipFWDz7earj8MkboQjCJeXmkrqnSgz1dx5LV2P2xlAXEGzBHsYbe0
2020-10-15T00:53:24.727463355Z 457 LtkGIoSBFvzPU5tzK5a75u3oMN3gtk16KGc0fLtwrDrazkgatorsdv5iaVxQ
2020-10-15T00:53:24.738931100Z 458 JJxu1a3Ls6370WELj8V75Uao8VOUeCS1HOEsXFGIjQl8yGDR28yJFZXjY728
2020-10-15T00:53:24.749393326Z 459 cDRQpsJvY8c1aMDx9k3SdXEYPrQZYpwQdEGeapmbNnhEaB2uVALEMfKxHNzA
2020-10-15T00:53:24.760627536Z 460 Z55c2vlZdNHA5GQFOGYgyLOI8Nzft1UdwRhauZZhBmdiqSPCPdS0Z9iSX2nd
2020-10-15T00:53:24.772369082Z 461 p4GnEyOs38elVv872HjhUrXULkXWy5x646YjJJwaAXB8aeFPnrx07FuAc54I
2020-10-15T00:53:24.784276245Z 462 rR7g0AnyFlluxBpf0BNEErGiNraZh57cpn9itnEp0rSQgW7ZgA2c3a0g5T5n
2020-10-15T00:53:24.795992532Z 463 YwYJmotgffdaRwajFQ4AUCcYHnTXubLas9vPXrPJXuEQs52vPbxOEqy76TwS
2020-10-15T00:53:24.807227250Z 464 KoAmRmljRU3pCKJvvUokhAwX6CwBlD58oJuUlAw1aWqrDdD7eGVUQQwlO5ta
2020-10-15T00:53:24.818247363Z 465 b7fCAIZSh9A3RAw6nYHLXH9kJ7jaAkmgZuo1asICvBk4wZ20uOQAqCXmgdyN
2020-10-15T00:53:24.829481926Z 466 NANGctiDMrSy9TeZQqqfhL4BFEALAZuNDeF7k8D26FulwaX0on4V6NhVBVGB
2020-10-15T00:53:24.841338440Z 467 iFuyLrlh4KcJlPZx56RuxN3iNwjbf9gGPPeWOhVX43RMzqZjTooG4I3t1xTj
2020-10-15T00:53:24.853273189Z 468 IJx8Y0eSShgrO8ov2mFNmNDNnLvhKplMIsQJidQDUTsNkFI9PBB5bON2caKa
2020-10-15T00:53:24.865015016Z 469 FXAvn6jFm43mRJHbRWP8OtrDL3Fvy3x4ZIXiPwzj0IT95dM9hRTe3IEOSWgC
2020-10-15T00:53:24.875300077Z 470 Im35s35wayORGBF9WQitHDxDOw3cMtzlBtB8Itj6uU8syDNa8x1dAW8OsJAf
2020-10-15T00:53:24.886984272Z 471 5L1FvJDrao2h52pxFx1bYanatKIC12Fb4znHC5r77lZm7OiComv2FY60uaTm
2020-10-15T00:53:24.897648432Z 472 NzkmkUdW6M9xXiwfo2YOZ9J4DwmtYz0gDjTIYyd2i7WPjITq8QYvc1FfYwp5
2020-10-15T00:53:24.908804555Z 473 Ixfj9OF1fmFJQYeCVlCI5Mg2PGMuEjFvpTnEqqvlaqPfzHqWzMD1oBqQGKZR
2020-10-15T00:53:24.919784259Z 474 f1vZxmBgHPY0gLuTeBJ0LGZuyACRTUbg0pmIh7zsTZYWbRFbLdhwMgPyH4EV
2020-10-15T00:53:24.930395321Z 475 PofkfDCY9N9eoY5tgPqL0F6AJTwgiRjojEzAE1yl42NRWXdHOjgUaUriGW5Q
2020-10-15T00:53:24.942305667Z 476 HTGwKQBjVUG3uaEdXFJA2TTwK5kIVK8TSZOSzDBVEzoX8AfWQWDWVasS1jUb
2020-10-15T00:53:24.953804094Z 477 MjtB46Vj2QgSHWXD9bubedsStHibWIDkdGxfJ119um25WJdBiaYd02fDnahu
2020-10-15T00:53:24.965356568Z 478 0Jl4mkNkfmF5KXKDEiNoQfu4DDsRnUqQGjXPatugNndhxtBn8eAOCECxQBCo
2020-10-15T00:53:24.977020739Z 479 YJtcVDKRMzKo5IEQvwFoMuzAy50goZw58vMxlCQtfkBVrzMHOeuGsLNVU0Sq
2020-10-15T00:53:24.987738803Z 480 KnRGZOuEImhUlxmbEEqBl4QsF27I4Vpk7oir83aiOB113W2xoAihoH9xAQUX
2020-10-15T00:53:24.998528288Z 481 W0X7ORYEy6G8bDXeE807Qyx4QlUC29WwGNURLZP5FCT0Du3qie0Nqc0pi6UG
2020-10-15T00:53:25.009778230Z 482 BU0eAguVfQd8Kr0OKecRLuWFI8z318HKFm9QdmPoqNNT9GCG8sLdRMytxlGa
2020-10-15T00:53:25.020624385Z 483 poNJvnQLDH7FWhxdUfgLLrmo9ZM7IOTQbw0cH6teOBxbsgnL7crDom3A15ed
2020-10-15T00:53:25.032020677Z 484 otkI5MlrBatbbI5BbKGfdWq6fSjFLPX0tsAmf6Tsw51f87daTTZ8F1QjYHAF
2020-10-15T00:53:25.042761199Z 485 kmwISwLJSBDwWkGkOfzHudfN6MfREEEOKxMDFt90k34WLOsuEmG9TDoQLqWP
2020-10-15T00:53:25.053324781Z 486 AoH6YDrpwXqw3El3lu4YiExGa7JN9H9HzAobMvv5Dbcnl9RUeTcfsiW7JyTV
2020-10-15T00:53:25.064966308Z 487 OKC1FgvmG6y3oaEsmJk9IVuEeJJQoIDvqkmrK4scTZrQ0U7owNf5kM1plx1p
2020-10-15T00:53:25.075516841Z 488 QMpwf0JQGE4P3fBHYlyniOIzgwPwmkPMQUNnzdqXG9NZagtOnbRrGdvQFW6Z
2020-10-15T00:53:25.087283904Z 489 PZBH5s8SmkPRUafi3S4AtZTh1Nxz6xYKsZW098bin1GdY0EaL6yesixVbo2i
2020-10-15T00:53:25.097447397Z 490 MJnPSPY6Avc7sehpTQLMoMLG3sElepA7lmZKuye4bGea6GHUAFHyjhnM9f1b
2020-10-15T00:53:25.108625790Z 491 kPW0SL4053vO8In2ahS95xHgmLIcKdGLyj5FvJCPp8dFa8xnr9MrLCzKalo9
2020-10-15T00:53:25.119494424Z 492 YUJapbZklWCZKvquwlL5yfXWei6pGXON19K5frA8Mu48Du2QCIsIdhXrX98C
2020-10-15T00:53:25.130393027Z 493 52OHfi3aBKPGEgCwQd1VEEgAJdaYtXDyM5SwAhNxuXsO6gmmj4ufWHtSlYOO
2020-10-15T00:53:25.142036866Z 494 JS7h9A1ceHpDUwFIIrzcGl5QM2EO9SpBnsgYDgSGT1shSkgwUrajTKbdHilp
2020-10-15T00:53:25.152734927Z 495 xZ0fElQOcFhT7d4PTYz5zc3xUHSwJUY8h2GPmcNsxYep5uzfek7ctZdPfqbz
2020-10-15T00:53:25.164362277Z 496 yfcDosDVF097KgMQwslcqtiBWU1B4BF9yh0bFCnOJ5YmRJetAjAGWpwhsmGS
2020-10-15T00:53:25.175519257Z 497 A1SLIEXXnB5QMvgbGDyrIwZVZiHz0KqCd1rI4wuIhCZSPCaSrgErtW1kjISu
2020-10-15T00:53:25.187262044Z 498 Ir4UKgqAO8Gh5xFkf4vQZWxw8hRo4ePGfcackj9U8EdZJTyevHecdQW2QeLS
2020-10-15T00:53:25.199220663Z 499 wGEbMq4bV59ZD6mtxMXAni3SW3ZkVv1CV5QyEevpE5kzlrKOk6OzrjRrvNKD
2020-10-15T00:53:25.210734351Z 500 K0Bvw5pPlbPB9AuFbaKTQA9hI6xms1feC4OBgi6e1lKzZj7GQQpdyqU0PyIY
2020-10-15T00:53:25.221374677Z 501 xmdiH9S8pQQu8O1b4abs0bXycTO695Qvrni3J3jouZgnBBcgLMXnAjUsxkEW
2020-10-15T00:53:25.233036748Z 502 DAOdS7cMzgQAvqfAyCm2507hjVg3tOUwWomkXXyvzMIlCIUK6plm9aW4vue7
2020-10-15T00:53:25.243484999Z 503 tKcHu5EkCdDto0Clcjn18Ma35qLGWCNXOMY29NbrjatX2Fvu7T19ZQkmzamP
2020-10-15T00:53:25.255003803Z 504 dXw9ZwKsTLMneHRJMYg7iCO9nAtq8UaZDIu9Q2REGDPuuBmPvh6yf4lG6TjC
2020-10-15T00:53:25.268184729Z 505 7to4W67GXal0QenVxMPi0FdqyBoUXYDyZE3aqlnt0p08OERV67e3NT1z2Obd
2020-10-15T00:53:25.277172920Z 506 dp0qLs3mxoPSKLfJNjEZNAWLIa8nNIBWRxOc8Cf5ULmAHkTaYzCcl9OxH4VS
2020-10-15T00:53:25.288855153Z 507 9fAtDBLn1RSl8uS89jrRmqrTG9e2aR9IGHoCEoS41iWSWLcnQmurTCmgiLXk
2020-10-15T00:53:25.299290849Z 508 DmePGY1Tdiydye29ZHlof9GQydxBHfSWJK0clFsy7bPFIPnvot2abMvmy3pH
2020-10-15T00:53:25.310937206Z 509 6BMvdlqZE3Q6qkDGMDUQnPSLrRNtF4ZYwSo7o2WeYBEz2UO9pZ33oQ8w2zcR
2020-10-15T00:53:25.321430829Z 510 KD4ATbUe872iTu37rHSfoZ4YpGKitn7f26ZloVIvX7bHstgw7pF8ewZXtRvf
2020-10-15T00:53:25.332944392Z 511 LdrCX9aVDEGRuFhOtb6PrXEpiLth814A2kqEEaUiUyOXblJ5jFpbVDWYbill
2020-10-15T00:53:25.344039475Z 512 6oB7j8kOIU0De5oJFhTsYcSWjfQvzc3zlOKCRkKrkJTAmqIvqGi8jCUIqeH9
2020-10-15T00:53:25.354479306Z 513 c9OP5ihikCDBP1fsNSNnZpVAMATBxNsAATLlMGB8pbFeQ0kkAMWwKuvSXXNO
2020-10-15T00:53:25.366634093Z 514 qMl3RsP3hkicsJINBH5LKyQhzIsrdWqVWpxUccgyIOFn3iaWF5VPso6SrhSq
2020-10-15T00:53:25.377964086Z 515 V6AGqBbi58egw4KFArEo4gccjzKXS9yxbSzb8zYJtK9RfkzJ4MVN7MmuqXVI
2020-10-15T00:53:25.388391849Z 516 l9iVI88JaLyyZUtj9o7hyZmsCRClNpap9gZdtzhs9S1zNrvJD9a7J9VnSZi7
2020-10-15T00:53:25.400115782Z 517 HtaPo0I4RWz5ueeHDzONRn8b5gksN4Ic3b9qQuVFHU0uWeO9qZLR41spD0jI
2020-10-15T00:53:25.410932729Z 518 SJRVqpuxif8f45SE5d0VHDaprAQCfoWTciPQ54u2dBg5zUFx62Ch1QXuwRZo
2020-10-15T00:53:25.421553591Z 519 imTtyE1r039j6BrD86cCtNPlCC24ys8zqpQbnOzMyHYuPTbTh1vAnxbJ3V4k
2020-10-15T00:53:25.433273780Z 520 kKNCkIUhb5YEeEONpXCX9Dhf64rkW3CsdpX9twrIqRqzZGvfMcCRo6sTpZzh
2020-10-15T00:53:25.444874225Z 521 71G0a8EZr52at6yImngpt8JZA6tFiYdnCrJ2r9HXoXw20PtFcfDcuI2i2tZS
2020-10-15T00:53:25.455464241Z 522 VT2ddRoxYPWfHiaTSgVbIH1et1B7VVlW8LpJ9YbdC1RbMc5gued60V2OLvHJ
2020-10-15T00:53:25.472811267Z 523 Y8FzT9LsjCYb2yDxwu3yLXT50P9rIFUsl7iYZwjDT6YEepxJnBKxCWPSSyXW
2020-10-15T00:53:25.477334899Z 524 waj6e7yL9wYtOMiXiNYlWqqQAUjIj7WMKr4XtcTVkz7VjXhJDoFjEngIJ6jP
2020-10-15T00:53:25.488815606Z 525 GAN9EM94DbtLt3dbOHSwGLITDuw666GYMD64TF1ouuRx2Je9zRiBkN86cSRW
2020-10-15T00:53:25.500266066Z 526 piDQU7lZsheKyfRFUq14YCnD880Ap9J8avtsy9K4SfjkXmIm6re0NYJYzxUr
2020-10-15T00:53:25.511792897Z 527 4y8s3HnH2dhbeLpfBvCxte62VUAJ8HKWI6G6EJ5AdcVi3T4OVtIezeNTyAop
2020-10-15T00:53:25.523138289Z 528 a9iZ9snISbGEIZG2sseAsTDeH80oHA4xvWcmPPLp6ONg0nb2CnyDn1CtTiXi
2020-10-15T00:53:25.534953229Z 529 FjS8jjbhKVA6TeNScE5ZNY8S57mrVCg5tT0RIFOSlHlaVxAqso6CP1jyAscW
2020-10-15T00:53:25.546518906Z 530 cSqMdITRkY0LY60qzI6BtsDZwhGoSAlC3w5qzXsdD5xIpbKUS32xWdodboI5
2020-10-15T00:53:25.558110211Z 531 P176PFUtmLjAftV0pmMPx6UM7C4IA4v5zCLHUOogdFngJanIkXTz0MQBxTWd
2020-10-15T00:53:25.568694855Z 532 P1gxr3lJlEUqJ3OYqrWAW3XZKax03FzDuUHFXdDZ2EmwwenJc1uznYqnoSqD
2020-10-15T00:53:25.579713074Z 533 G5RqtmXRhWJaqubmKverXHtgXLD1SIZ03lwbpDP7uwEfVH9HBMsKLKUG0Rxt
2020-10-15T00:53:25.590368906Z 534 pSlYlKRNl8nY5zvfV3rpKVQAWBlfgYrHn2kH7Mh1zaJPm7DouCrAMldyDWr4
2020-10-15T00:53:25.602104474Z 535 USKJRqfBhyrFJ8mwTifhZnutvNQCVfy5Q1DqAd9h2HB0jh6WtBUgtbLvNvjp
2020-10-15T00:53:25.612531911Z 536 CLO2e6zFQaFY94nOt5knzXVfqzKM3qwqRLjtOgPlAzwybNNLpTokljjsHXPX
2020-10-15T00:53:25.623385235Z 537 TVPEd4FMSCKpBQ8mOdaVh9dYp0z879B6FBoaxAiDo3T71trh8676xyZ5SPlU
2020-10-15T00:53:25.635394257Z 538 ydYBFPKHzeP2fk1OcsNww7cmKdXq81zMZDCTCOuAxeBDL5iDJ7bd9qOGJl9i
2020-10-15T00:53:25.647273848Z 539 2OgAkXAX4B8kkZkPknnEBPc34g9L0djJWQeiPBArdU6l400qY0RCa81GlPD6
2020-10-15T00:53:25.658933072Z 540 yhMxhbe0fj34jnnYTrz1BSBEIBx9aX4e1034mB68lcOl9SM6vWx1VVZHz0eh
2020-10-15T00:53:25.669706929Z 541 Qc0hdJZ2d5XwNczID4fshtNC6WPmgSGzw3grAszFMrHZNohUbaURnxdUAGSq
2020-10-15T00:53:25.680181506Z 542 EvJSsjhq65eFh7JET7JGK5yYhVEzUfMq3uBNwic7UvzaVoKuqDC87hxTKvv3
2020-10-15T00:53:25.692037993Z 543 YhZWJOR8cun6zu9YmrCQoQWFASDRmOFoyDfkI18g0p03ggA7qCqeEtggVHtU
2020-10-15T00:53:25.702936618Z 544 pbJ1GNY8KAczCo0wimXDYr93zBQjKnRFrzEIy4UgwZzNpmy7F0ecIfGoXrny
2020-10-15T00:53:25.713918289Z 545 8efgOCGNJT2sbG9qpyaKh5WeWmpaMkKAGoMYVN3WEARVn7gR4MS48bc91a35
2020-10-15T00:53:25.724432439Z 546 6yyq6TOnpeZZpuSY8t2pbyzVVnRFmiLlOfDVTXAgmJZIOc8s4ERsJUhmkTwJ
2020-10-15T00:53:25.736155872Z 547 fOF2UFhxHyJvZqUJbe0PvYKVUhzj1hZWJQR6wZmxMdC7hsw5QgiHuXd4K8hQ
2020-10-15T00:53:25.748340318Z 548 ZCTeUUhaETyW9Rv4xJN8T9O6H4HUZtPy11aUEseZ4dXm1Ut8tsBd4bvvmuNS
2020-10-15T00:53:25.759953091Z 549 J1Lozhv6Xx2tD2B5KSxSguZ8TbONV6SMYBQ4MgrnMoxWaTkCOx602vmIf686
2020-10-15T00:53:25.771011906Z 550 EPDsJ7NskD3UL9NOFrqpancadKBrXz6PyUFx6nuNXc4kpBVm94qOXbQQzynH
2020-10-15T00:53:25.781404382Z 551 uNzKRGi27IlphNTG46KSJ3aTmn04qsczBq16MdS79wCa0ESJwrK84NUibSd2
2020-10-15T00:53:25.792593972Z 552 sArUqjDxN3yuWh7YJZvU59UDW5dqE5dqwgquehU0lZz5Pdhy5Ab9uzkl9M9b
2020-10-15T00:53:25.803500123Z 553 779rjOsH9dqZZtpsdrvEUYENTafltRxYiKtKe0hEBhQFOruntzs6Zu3UUYYG
2020-10-15T00:53:25.815140332Z 554 kPwYxcKqgeEXFjh4N3M8QhrovtdMnoQpyIHuKEbU3nKSfJGdrH4LjwtRjlK8
2020-10-15T00:53:25.825632614Z 555 TbC5z08eMJz1pUqNqc3PkdwSQAWRI5xhspiAsIbt11mBfBXUqcojOOVeoENl
2020-10-15T00:53:25.837275306Z 556 tSe9GAJpdXCHuQUk27k4iPmdXvcwNBFf4ueBaqGfpvyJzatzNeyb1QM77RuW
2020-10-15T00:53:25.848913855Z 557 YuCNybGK40fhilveuN11406TYDeNg5S7cYb5EK0Ls57maQC0MNfvZt2hc486
2020-10-15T00:53:25.859441808Z 558 QAMtE1yYurUKG4iQQPPxV3iRUNflCg4WfjJLYaKpYGCccDUkVaskjjuNE4Fv
2020-10-15T00:53:25.871008096Z 559 BVrKdTIMWtdmAtHtYymrSWVTxNepZbxsS32gJAw6XvlHgDuklO5xr7oHRdnH
2020-10-15T00:53:25.881727865Z 560 bcGYkkwM8ClnHCUefsf8qSo3QRRE3i7sqsilMurVar5tatRJpoeASvvHU4Lo
2020-10-15T00:53:25.892834844Z 561 AbDj6Hb9Z1c3fVXDLc60j5nSw1utDhhuTrJxGXGkESCxNUL3BUgO9mHXeRFe
2020-10-15T00:53:25.903374109Z 562 MTMxH4Fi2O3Y0eBmzOwJbGSsdYW9Rtq7JgPrZF6LylQy8Um9oOBmbUTjKCLN
2020-10-15T00:53:25.915053792Z 563 NmK6VoKrDAkMRfGKpQD8ilz7uc6EfMoQQLpuP2F6pikXb2R7auI3xlHtVaXA
2020-10-15T00:53:25.925744139Z 564 6xbgkBRmSRh5moQjrALMozxAnAwZatOV2WN9tvasecQ6nt1QTD2feLBFHHWj
2020-10-15T00:53:25.936534888Z 565 r53PmOKA1VoFeP6LiIqIHTHbmo0IeSFj9CSiwnmjtyMfc0YDI2zjW6ixCssz
2020-10-15T00:53:25.948442273Z 566 7pyBMFs3bUkWqWgBooBVILYbsDi3K1kKmAfEDnlFFCCO4NujUaLlxA9vwOOv
2020-10-15T00:53:25.960070896Z 567 jTOxV1kpkC5WcvHJOqO7iwsZycXZp6bpfm51QoUwduw2IFjzSiYPDIuel2UD
2020-10-15T00:53:25.971931154Z 568 zLYvcpbunw6MwaP7KRL3LYnc8FUhOUgbE6cRHyUSRAX2v4GbmRKwCNakGDfQ
2020-10-15T00:53:25.982728717Z 569 drppQaogwI39m8Q992K1bF6Wvs3Bg69jqCB0b8lEjEtzzFVie4YaVZm2Uggu
2020-10-15T00:53:25.993853740Z 570 1PdivXeSA5k5uMtYWoT1GECLqBNVZHHgmAUjbbqOh2XMIbyARLWWKP7qAvYq
2020-10-15T00:53:26.005360328Z 571 5U5abQtceMTc3n8bzFTK6hV4iqpoZ8zxqUup6nkTJFvxVzoR0qZ6bmIfuxpQ
2020-10-15T00:53:26.016937360Z 572 d0CTAxT7PPDAwMKYlbuGdNOFg60LWU3V0Mpm1jsYqkU1Ykql2zWxj7vwu6UJ
2020-10-15T00:53:26.027612843Z 573 HDm3nX7MrQoXyoLUMuBajbOF3oyHrH5ObMITEODkA3BaOKtYk2K3MbGVnz4l
2020-10-15T00:53:26.039035638Z 574 f4eFSV93EsI8VGRy5MzcAHIwwvIkPuDpVVsIiKPbmm6tWSCiGEIjIXD33ps5
2020-10-15T00:53:26.049260917Z 575 93ueClpUjxzQLYQtRKs1xWFDGjXUzJLRkgD0BuSn0kKyjsZNNtoeJK5wKyN0
2020-10-15T00:53:26.060848881Z 576 w474fbEb9NtMjns0Q0bYqxQWOtt4LsNLdMfFhxcG38v7eZWof0VmWjV46XV9
2020-10-15T00:53:26.071478760Z 577 fafMks0vYHXImnBKr9nnhdjKiccVr345uoXanPO1KDoEzXzZvBuOnu3C6rMQ
2020-10-15T00:53:26.083125018Z 578 NJzAOLVBVdvA4YDgHDRMOki9F5WrPtHVKFtQWjGiTXjPyC9krieB4R0DDZ8i
2020-10-15T00:53:26.094726642Z 579 gd7uGTKkBYwVPRneCM1Sm6IZkJf7W5ueiCuxPoRk5FQOoEJnSZH8mEG6crBl
2020-10-15T00:53:26.105421496Z 580 iyWlSMyFedkMCAn3psmPabgMnK8aNa9hpOGKxvpvH0nKsbPviTGedS3h0kmf
2020-10-15T00:53:26.116364466Z 581 pXmV6q6An1QCB6m5BHPW9oIGX29CPDQKJUETQc2DxPp6AWBwOnZuipleX9gb
2020-10-15T00:53:26.127963934Z 582 5R1Dg4zkZWdMy4DunaMj1TwZVmortmn5nK3UL7mhF8Fe8BRCrCqdD4TbX3q2
2020-10-15T00:53:26.138462069Z 583 n6WdjHMgNmm91y88GSDlHOC9g5XW2XocY8ZE2JaV77OOsUXjXJhd1RtwGKBP
2020-10-15T00:53:26.150206376Z 584 egM4R0VQOe6GHKrvmtwl9GF3iCELgU7m4jzNkF0dgikwZ2dgkxnyLA43m3Jz
2020-10-15T00:53:26.162010623Z 585 1OkoMD7RsFnB7F0u55hVu0WgQ5V7ylD51Ic3bAptEtFutEtVBQQmvT6MGezQ
2020-10-15T00:53:26.172274803Z 586 4jcaorimdF3DVnXtxGBLObZiloA5FddDZo1I1YtFeLGW1jwdiDoTfc9NLRwz
2020-10-15T00:53:26.183905136Z 587 2Dp1GNTHYoIiX4B2NPQwXFaqSO4PYbu7lHb0v1TvCURSfObgjdoTGRl1xyso
2020-10-15T00:53:26.194584258Z 588 V8MwXMUVm7JmjZj6kTm4RLJg3gvQvH1zWCzyzM6os43jSoLXRg6XkPAq9ddN
2020-10-15T00:53:26.205852588Z 589 SEE1RmPsOoW9AI0x1hlZmVid7Wed5rWKuW78klXkXoUKsC5wWSclWVUNvIl6
2020-10-15T00:53:26.216754490Z 590 r9d7622lTRwcZsKGjcrOL1QtZRMsa4ZaCFu7Kw9w9WRdoVSp8c1IxtkvJguY
2020-10-15T00:53:26.227394253Z 591 fbnOHiRN7EtRKIZsY28mSWCYPcRjikiFoxR8Df2hSB8nxc5oI0FRPgX0s9tt
2020-10-15T00:53:26.239000180Z 592 AGDVE9mFkbu0JtQaKxNqQqPRRDm9bYcp5MP1sW0Ho7OvgflIGR5LfQjPfBq7
2020-10-15T00:53:26.249384965Z 593 LhIRL9GnaDIhNUd8Rt8kDB0qOcY4aZJQPMCG2DyijLfVsbRIVRYDrLZfxZl5
2020-10-15T00:53:26.260982568Z 594 TqcQIwf9AkGG888cXG6QIJxwUJwRMshMPOkLHpY7HLeEl9SGIIQljiSGTRIk
2020-10-15T00:53:26.271445921Z 595 emujYAFSzpG6Bi469CYnw20WAXFJjYtg3TWXNTbwUrqpw63gSIefeo3yO0jc
2020-10-15T00:53:26.283212863Z 596 dkWriJk9TuFjwpcnbPBjux658hVrXXJbbHoYe8tkyKFQgoHljWK4AFkr2XTf
2020-10-15T00:53:26.295434076Z 597 ZBsy5KRFtntpLK3TODsg46bMNQcZXFuYevjWOA8J2hO4gSCdQH0W5T8R5KCZ
2020-10-15T00:53:26.306553672Z 598 1MGgYbaHcI1vs87jU59MZMsdjog8mBt0cujyWalaBb2fTnrfe7fNxb1gd7SU
2020-10-15T00:53:26.318042926Z 599 tLdjkQjY6JKrp8DgtpG1njnxy99REqXr0qPFOutTMrURIlTlVzUaAtFLYlOY
2020-10-15T00:53:26.328691816Z 600 5G29ocXMXebB3mxS0T7gUMq5Ay34fgnPvQkf87UKEBEtEbWrAEXMMMqcFDn8
2020-10-15T00:53:26.340188786Z 601 c0Ozo0gLfsnnUYldVPfp3SZseTJlf3Adsw6bnKcsSRyasFInjU6Zqvi7E5Gf
2020-10-15T00:53:26.352458705Z 602 AMDKH0q9zR407r1aZuFiu54FABk71a7dyqIrk1BKGzbv72BPdyFulKAVvjNw
2020-10-15T00:53:26.363766191Z 603 4h95Eh2ZTpC6NcZ9FHKCcaMGbw9zVam6YKCbpefFUpGpg3lSyTMxRUr0OD1y
2020-10-15T00:53:26.375184025Z 604 Y3r6vr9fQ2ieX8b2H33V9k1G2DMpVTU55t0nwVPSa213OOV8feYAxw8H93nK
2020-10-15T00:53:26.387297917Z 605 5ETsWaeybuPfKD2lO2wE0ou0M3EUFxAXIIDtq9XKuQ1UGm8g1KkllhU5zqWP
2020-10-15T00:53:26.399273733Z 606 bEwdUxdepYuqmLFf7Ds4iblYFwwEKNwe77JGz7R0Oq4MXOg8IaflqiP3DeDC
2020-10-15T00:53:26.411222441Z 607 8A7Q2M3ronfcumVW8WYsr2YHnjUxvpHYhKaV8M7rYWfmSXYL6y0dvMXuebTr
2020-10-15T00:53:26.422925031Z 608 ThhpIh7l3cWcoHoF5DlSNWAgi3ypmzzgyWQJ0adiQQphqEPmj7AovnPkXJWr
2020-10-15T00:53:26.433797462Z 609 MZcZGTDDLvQk4meIsH9C1KFAQu94OBOmed3dYxY3T6fnHWZafLeyQW0onHJM
2020-10-15T00:53:26.445297224Z 610 L9M4XeG1ldy5Ey19WFZDUodziHo7NYdKcCtxboUjXfBBWgsLSLX9r19LmAcJ
2020-10-15T00:53:26.456937850Z 611 GDF1Z3attHYJtqsDi9dwbyVE0hu1aqi8x2PCiz6TSza4gWrnyUczRLir0yry
2020-10-15T00:53:26.467490001Z 612 6eZSVDa1il3anwMwQWS0NQbb6NrMLXaFxErGW5XHwtoZiLbtOZZvTKPeNNOH
2020-10-15T00:53:26.479003270Z 613 vZac4Qlk0japXAVVVvy02UiseaXlblMSyVdvFYi6Uw61zYEeaR4KJKreN0lO
2020-10-15T00:53:26.489789766Z 614 6P9cDzl3aKZwmSzRFdCphEGrhIi1SjlQYXvcOkn7rjF6zQ3LNcoRVodyFzIj
2020-10-15T00:53:26.500870889Z 615 BElU6senny2JgSgvZSHK6c8WlM0wcj9bR5gwudFBl1uOM9ACVogqILYoUfhR
2020-10-15T00:53:26.512168077Z 616 OArAzRmMWKUuhDZjjHO8ded30QAznjYWoAbn6yohiqK0DcJpox4oWcvXQBFz
2020-10-15T00:53:26.522889726Z 617 KbCWVt9dL2zXPfiPYMS0uK5HtAlMvbJYRXBmQpNP2gLZQoWZiksflM8YPgrI
2020-10-15T00:53:26.533394700Z 618 vBfczscl4EPZLhCjUduf7V3OXMUa5Q91guC7ewLraFcRy33gO42JxbmTddwc
2020-10-15T00:53:26.545333329Z 619 KbP0KFZOgAZLG4F1O00o9OuGcIZW01qVbKkDT0LmeeP4pfq4v9TirZ8ClibW
2020-10-15T00:53:26.556826241Z 620 axlEZssscQ7kEzYrFWhFDblAuJqgPd1txpJD8kssCWc98SWUI0kSkETT2epS
2020-10-15T00:53:26.567438144Z 621 kJLaGNX1CwukCoMy75DgCEYQqmZBwmwUYALoAGm9RIHyeOpwbQJTYXsPvt7r
2020-10-15T00:53:26.579331393Z 622 xHOLGbJTnZ6pubTsFQ637T2F2gDMVjzROc0KQM9jykpmtjTmU6cnt1UMOkb9
2020-10-15T00:53:26.590944500Z 623 SoVQaoMhxZr0yPfh60jT1ipVdjxFSkhh0jY4EG5NSii6XAnIw0gWlPFc5cIQ
2020-10-15T00:53:26.602230957Z 624 8c0SdFHQ7dvxwguTPr0YZGWkdU241mSUbYtMJOXz3NEbKDTMoKNzbNXjafuW
2020-10-15T00:53:26.612748563Z 625 bMzloAm8ZuUcxZQ0bkzOkLKvE3NJGvYrk2k3RFOgJ1g9LGuOCt08kA4Nn97S
2020-10-15T00:53:26.623409010Z 626 YTM3FoCF1wqVKs6wTRf4khh1hIXJx33hnl84IVkJQhy7i7MnhxMcc3t7gTCB
2020-10-15T00:53:26.635130160Z 627 wAnV3onqzCkQhNJsj94RZ34jYPN7ajNLjdbuhMPIlgJiYknqt0g1S1AsEq72
2020-10-15T00:53:26.646983375Z 628 ODwvb8joij7YV3ubYqPDmQlCmYAcHiKKOsQ5a3E9yooL2kZWyXjSR85h99wp
2020-10-15T00:53:26.657741126Z 629 tPKDXV4aQgfyYTU2VeT0ManNnWixAwETHQirF6V5GutTCi3XRom1x2i3uRWf
2020-10-15T00:53:26.669351700Z 630 NzLaK5tZ7jTJu5AUXxLYr9DyS2FDzdABPJ52K7wb6xgquLL3Z9GcAniifbTB
2020-10-15T00:53:26.680658266Z 631 4x2FN5m2rw2CWK2bBw6tn8M0ZiBx26UWGmu0OLM3lmRBvHLV5eRxjm5WWqaj
2020-10-15T00:53:26.692060191Z 632 JEVOFsu8BdRd87HhODMp3pBiSXgj5YTKEkc2xTwI7mvYRHf1LhzoZfoPrpwK
2020-10-15T00:53:26.702726542Z 633 5E7HW5zVUQdesO7KeStG5OqZP7qL5Flh5vfpc7mkI4TekAX2SAvwicr4F3zh
2020-10-15T00:53:26.713557520Z 634 3akWqfMwHIFQD2LQaMJcoveKzvqjUoUbifwkALQPyJ9qOLJAs83LO2TRisYp
2020-10-15T00:53:26.724670990Z 635 xAep6AEMLBeO6SzGQ1bLk2tOuCVorENm0UoV51GwZIQh7Lfs2qjA3VyM99Nb
2020-10-15T00:53:26.736314109Z 636 Ca3MENOp6x7PLWUtrLcXRRupT9N297jXlz6kMwUt7m3fzIvlfPTp2yM74pds
2020-10-15T00:53:26.748086602Z 637 sxukxbQPJydNnoxi2P4rjz3bwhceViXrdS45DHsQ9ggza6OxGgaK5NH2f12Z
2020-10-15T00:53:26.758547636Z 638 RhqfGulbft7HTEX8iATEhgzHuzDOuIgvVv9K1ravopQiPYWFe22C9OncyfoN
2020-10-15T00:53:26.769352931Z 639 4j75fGtt3TeJk6LU1QBDJXivdCfKGJw0mDXS5LKIliu7RNbZoKD4v4BG8vB1
2020-10-15T00:53:26.780916500Z 640 yfkzHwOLkYwbnLOXEuTFoUUUhXPxQGjsQTocpiRfkUnbiaaPR8EeFdUZjga8
2020-10-15T00:53:26.791611681Z 641 yhZly7Go4Onn53hDY4ToBriSrgaqQwKX0U7fzzuQBW0AeGsYT6J4Pq6E9I9U
2020-10-15T00:53:26.802200470Z 642 dNPkPoZ6QrvJksHIxxmdG2Zh5p4M8nvbOE707OeR7C4BuAGmfZRmbASEl6yc
2020-10-15T00:53:26.813813964Z 643 i7zjoyTpeLJyG9YKYfL0nNdmNN7aXW4Qh0AvTMx4L2i993yRn4uo6YfrzOEA
2020-10-15T00:53:26.825188539Z 644 EthK4rHHDxKkKFt8OM6dwtqr6yPrF9LTfkZnvqOX7smwLoalXzAb4RRm2vfy
2020-10-15T00:53:26.836958086Z 645 YfQ7N0LciRxHKgLISu2T4KFgLpdu00GkU38LNodSlfSZxVe6UNYKr8p3ZwHY
2020-10-15T00:53:26.847486633Z 646 Rn9PPnyJGuSKaAHbWvPkO7KfYvQwxjPUdJy7B7lW6y9px4uDGof0Eam1x5vz
2020-10-15T00:53:26.859256080Z 647 r3bLL9VKRJmdw0iCy0SFmiuTMsRfhJrElZzw9MTuiGZXCoBjwVDSMBP0yXDH
2020-10-15T00:53:26.870284350Z 648 2HvbX5IKBnTcfNMssT8VHli0GUS5nxMst6gZGwMmfqdpQrAxVWxU2K4uofPL
2020-10-15T00:53:26.881239069Z 649 r9526EHgHHTIbVIabEpobGPnMXYCKhVMCWqpsPA9A8UGIzu8cpA9NU1X1Gfg
2020-10-15T00:53:26.892552391Z 650 rXTHEaNSlEUmExqKzlR3a2UiVp3XbWJZgG74nT6P3apfH9pwNd2pAz23bsCQ
2020-10-15T00:53:26.903644369Z 651 sQ9RBHKaSqDdO6RaxG655WcrhCPQ9gJSSfCNEZ50bphw4CRERRGunl3i12rL
2020-10-15T00:53:26.914477947Z 652 9Zmdkopf8zTqpsTAjQBxXtnzLmalwWOhYqyFudC8vc4Zub9d6zQDQX5THloL
2020-10-15T00:53:26.926101433Z 653 1ivDwthKgaNKCGO6SIxKCFlWqL5t15YmrxCRXE3kmDgAFFKRRk6B3Yx8uJhj
2020-10-15T00:53:26.936939706Z 654 E0VoFV7IZMxhZ31CSXJPtsCHbUpZ6P1Vz3heLW7unxWvYGGJeZixIi3Gbudi
2020-10-15T00:53:26.947512768Z 655 3G6Fm2eRuBU3w6raAiIc7GJdFF7RUNJR9U7FRZI0qjd4yEgmg5LF8dIjy26V
2020-10-15T00:53:26.959164270Z 656 GUH1Zz3jObLDnCnAHp0eYTugxmqcEd6oqaF19xrdEM9KS16ttWwOSoK22lQg
2020-10-15T00:53:26.969531128Z 657 X03PoBkspHGBAxTsATQIqpZoR7pZsKn9Qw7du0RcNe5VO2ZOdjksOf6IPnoT
2020-10-15T00:53:26.980425161Z 658 sp5vDBnmkP70r5V2Pj9GGy3rkmfPgYWdYe8FtbBwKTNNAUF0T9rdUFetaJ8k
2020-10-15T00:53:26.992097663Z 659 svnhmA2XtEic5FJIUs5oelrd3RfYiJ25zckXe06n0Y2YrZVdT5daGhLDlLIG
2020-10-15T00:53:27.002562345Z 660 UMEM1P73nMInsogeShQ8u8EI7kAxvhlsFM7GYSNYWU8Xe9H2rvK4yzUXP4qD
2020-10-15T00:53:27.014208297Z 661 AfTiBKfZ9s1BJbXxG14WPNBQY543O5LbhMPdzEyTctPCIP24skeXn1JWrakg
2020-10-15T00:53:27.025933554Z 662 1Hl9NI87uc7WyM5JE7eoD7kDKC1ZT1xdyTqXkQ3NGVQf2W4QGmO4KkVRdNTD
2020-10-15T00:53:27.036660716Z 663 RAQiNOC4NsF7rS3uy3o8JWEJg1rGzgKNIzXslbsSMdpUvRFHiXaErXKn3Nex
2020-10-15T00:53:27.048455434Z 664 9S8HifnkaEQGis97ofT0aM8vETKCCIZiHwspl0GC5CFHjRrlk5MhOlFfTzhh
2020-10-15T00:53:27.060063199Z 665 GFrIgGP83cNftAR5k4KcUFszlhf25vikriUvZzEgZZuhiGKIrkwKndmdXPKn
2020-10-15T00:53:27.070895826Z 666 IsxL49abqs3No2hvD1KAwaVDEcwq15GyMD65jrhgdkfuB9PavLHBizauqaM5
2020-10-15T00:53:27.081415375Z 667 YnNllaPo92scyB6I6Ko1Wu1UEGo9sc4tmNCNIFoWLTHZAFsdHlaBtEmAtCfa
2020-10-15T00:53:27.092417134Z 668 feEtv5hCSytREu9lndXk4lT2XYJXcdGID706oiqpq8JSjdBTIDhekVSu4YLb
2020-10-15T00:53:27.104352297Z 669 nreEk2JVwaqHot8ky6jjN8vSgUQ3W0AVk3oTg58XCOLPZ6gGIrXBOLEpaErp
2020-10-15T00:53:27.114760880Z 670 S0CHZpeKaDMFkhfSw7HDnlxOryo6EU6fP01xGSVweozMAP8OCSSd0lgJxiHm
2020-10-15T00:53:27.126531467Z 671 wrR2lOTstwonMyNAM0ALgCEC9MCNJnzuSR88SVWIyBg0AYKrdLUgPZxrccus
2020-10-15T00:53:27.137562834Z 672 Ck2jSs3nsytb1aAIHRc10lfuLT8T2b8kdIjiCRiDb9IZEu8GtcEr5bcsNjxJ
2020-10-15T00:53:27.149417611Z 673 U5VmrsqFr1mnBL0xM3GKkbw3c0OhsBjdxwsIWxlwlHUyLID618uISEMPU8IT
2020-10-15T00:53:27.161245372Z 674 jI5Q9f73mkJhkt8Vc7MfcWmIZpHlki4RmPSnfrOtFsC4DpxWcbWT2DHNAq70
2020-10-15T00:53:27.171951093Z 675 B7OVIbk6Krw50PDoF8L7XehlDNdMf2Aju87BLx4P7HqYGW7aeiyhE2XPfuSy
2020-10-15T00:53:27.183206411Z 676 lb8Vd7Z7gRLAwo1wMjWBjH9X2MD90adlBnr1j2j5VAsIgry3DH7BBPNnbsGZ
2020-10-15T00:53:27.193253952Z 677 1nZmzdNK9RnYJfgXazR56IpWj4PpLvIIi1wX1LnqJV27sqUw8HPPfMIZEs7F
2020-10-15T00:53:27.204980922Z 678 IezaFHYNF8duKfeU1Bvu1re4iw3n27YwnI9Y94HJGiYzmMj7fRb3l21UYCW1
2020-10-15T00:53:27.215480062Z 679 hxFxnQoZz6FAFQ0UI7kKj9JY2PihMWBH2XybTEQr6v6JuCSeMjNnRsBYk0JQ
2020-10-15T00:53:27.227083873Z 680 0RAPHerawBplBnYmN6OhPZpzsNZyPuD1stljfutBMaU47CNIa2hJ2nNycJPe
2020-10-15T00:53:27.237702489Z 681 zH0tsefhYSEjDmkNltzn318vLMeIvKFelI75GiECqimlq0a6JRRIP9GjK84W
2020-10-15T00:53:27.249402991Z 682 T816owd8G87f3p0dQO9Zaoc9JSkgndgf4TUC8O2cz8PGRtLPvxFYZZECNdGL
2020-10-15T00:53:27.260826922Z 683 mQKHk0i2pJFGkD4E54poWGTjOmzdCokzle3TBaQSQo8z2vkKv9OISK19xIf9
2020-10-15T00:53:27.271589759Z 684 zR7aQDmSuIfEGVkjCGRe4RJYTwhJt0sAhdgqa9Im27NPwX0jIBPHV0rdIM8v
2020-10-15T00:53:27.283164307Z 685 cJbm0wsGej0nzRvuZNyrsYRuMO41XBREsgbbepNbmTIKEBZpmCjXpeDjg6sc
2020-10-15T00:53:27.294757835Z 686 HjL4C53sTnS7AXsilrQ5o6mpE1QNGUpLVlOzudwdjBZU4QM9KnHaYOuLCzZP
2020-10-15T00:53:27.306231977Z 687 sye5ZEWZqC3igXFlNjEU9dXLlohX5m5r6cxwvVA8JC9Ps3BnLoQ8llhbiHrd
2020-10-15T00:53:27.318147732Z 688 zGHLH00eyHbuK1FeJyfEfQW97RHb4QQzhfIjhlzBspVzCg4D2HLz6G7V3V46
2020-10-15T00:53:27.328824780Z 689 4AKLfold8bP7Rv5YUde993mVLUr5svUSLJkPBqHl16CTZ6eQL5iXLYstozbv
2020-10-15T00:53:27.339411487Z 690 FDljLtMNXqQy47wxlw0jf7wHyM9EYoAN8NgDCpfCCdpSc7QinxdFLM6peUKH
2020-10-15T00:53:27.351300013Z 691 s6mTCEhsNkSgCPgfjXJPDQLAUNqO1sMB5uzvuzjODjPFUBtZLNxIXpkY1hne
2020-10-15T00:53:27.362405381Z 692 V3DOgSwC05wYv5TAZLBW33Nty2upOdk3WbLSjorrvTffgeLb30j01qMahz9X
2020-10-15T00:53:27.373653731Z 693 BsPxe4xbgPCOCTDNtZDTXAzVppVEgwHyeWNB8r543BCCi2B5sIB7dt3BzYzd
2020-10-15T00:53:27.385986951Z 694 ibJ4NKvq0gxOaOwwUBUS5AVT3pdRIt0KQ6KhUjPyAdXWazQXAPAGKQpmmrTh
2020-10-15T00:53:27.397152115Z 695 gI43FIcy8RGBJIOczK5B5N0TNHAP2lg14lFRYz2sSODgN0SWr6JwABECpe3n
2020-10-15T00:53:27.408954906Z 696 PQbQTtmvlDXEmQsFplRhuS2F8BjBgOnB6JUfrOVjFOfnFzVGm8NhHWbjHoJe
2020-10-15T00:53:27.419734229Z 697 0K6q9GBB8Iufni05J2oZbCzQ6usqJd6h7UTa494nGbSIyTc6lha2NvjJQ3me
2020-10-15T00:53:27.430676786Z 698 cExObS3GLspwE9CrRKOswPQlTGVD5ynpZCANbwp2dJG5WgsGLBzKUHpgupnM
2020-10-15T00:53:27.441709117Z 699 g6YoLU30GUe7WHtbOKwa94GKPmziVKQFQVyqSyjbFw8mf9sTLwyi5NyZnRDv
2020-10-15T00:53:27.452806723Z 700 B9LL9nOW9KkodabudwGqGHfozbY15XHdHWg9PrAjcqX3685B0CGP0rslDEVO
2020-10-15T00:53:27.464295604Z 701 E35QZQWDi8eOR5yHDysG06Y5tPTLpA196c4yinH8K6AyNpyGhfARttsw7ag2
2020-10-15T00:53:27.476192572Z 702 m01LTDEFMApOXdM21tPRcjcyeSSqmrNp4q7JrQvql2vlKsHypof9sGAR8vLO
2020-10-15T00:53:27.487886918Z 703 ktra7BCvGRAOmOkwBDkrhNpWKk8li0eRq4iAEEVmb9X3V4SJl4WJjUCB4Ulu
2020-10-15T00:53:27.498929445Z 704 Xv53Qu93ajf1QDC0j4tgoBZArExNIXxbNk92KmgOVandDSl4pSkloGmKLdZs
2020-10-15T00:53:27.509466383Z 705 Vw1KOAERqChTi7a6dcTclJEfSfhNz2DvDTkQTdlBd9cvXkXW14mFoNu4cxsU
2020-10-15T00:53:27.520863054Z 706 QRNeyaV4Uc4ZuvEEo1RWz0OTzQkvVWpFX9X1VcJeGqD3MndiydbfPbNtXTb7
2020-10-15T00:53:27.531421192Z 707 s2mRLyvcYASRoXBR3SuBX4xIFRcYaWzYzAfxFjXZh6wFipq4akqKjVtFldmG
2020-10-15T00:53:27.542887696Z 708 QSswEyc6fukJLktaZUzF32b5o4pxeQMcug2vmhogNSvUstxnr2ZjevAPU0A8
2020-10-15T00:53:27.553630333Z 709 qZQZuAFjvPj6eLHS6VEc4wGkBhhvyJXVHknjDUKZIa177M6UIpwC03kvcuiy
2020-10-15T00:53:27.565446529Z 710 soQ6nq9z7n1FRIJv6zS9bpEjKe9gN5vfd4utynVo4rtxhufXW7ISSpu5TIGI
2020-10-15T00:53:27.577150971Z 711 ggQVI81yaUPtVin1SIayHhsdzoV7zgI9pGVk8H80jzG6AT1WYCQn6tIv8TNL
2020-10-15T00:53:27.587358080Z 712 dRxCZtn2ZUfnEHaC3bDSS17gTFSq1NAFiNCcTC5RDHrEy7nWOn2qFiCMddKu
2020-10-15T00:53:27.598515914Z 713 TsgvCT5bJsys6dkuI1zAF1NbqxBg1RDdMctclgq3OKffstKS7pmZ4JMs01bv
2020-10-15T00:53:27.610219116Z 714 bZqTz3bo5e3nARIUYGpF3jVrxUpNMqv0qoCN0kYfKs201TDWBSnAw9KIU3kH
2020-10-15T00:53:27.620584413Z 715 vqHeHmmIS6Jl7NTf3d72YEcmRk74x0SzmiZzPSL33TfSFISzf55SgCxEG5nw
2020-10-15T00:53:27.632098714Z 716 y44EXewojoj0satbapNHfnKW7fPxKSCq2HHaAOSDh6CZaiI152lmQya1cQOf
2020-10-15T00:53:27.642873868Z 717 BDS9va86xjm8AQellrjbxu31t5BN3sJ6JnxpcPOblUayv7EvamRpKPOzEYJl
2020-10-15T00:53:27.653526919Z 718 UwsKVu0y8GH98oq5fLueaicZAm1XKCGoRzLU6luDkE7pyizGyELGXYRjQ5ma
2020-10-15T00:53:27.664765956Z 719 DimISWzKkXZWINBjdlYdPslWKsqPaMNKn2lTXhWwdjXNXF7S37DuK2UdQE4r
2020-10-15T00:53:27.675129074Z 720 qNkDSWWdUQ5670BCByR53UE46c7Gx1rzMN3M4W7m0VYjE6fedMbKkmWjxIUS
2020-10-15T00:53:27.686965369Z 721 qdbqxft57z0y8T2X5ws6hmZ05wHnrdcPQJedhBtwOnFRhvjbu13VlHPdrQvg
2020-10-15T00:53:27.697544401Z 722 1FvbI3gkV2vntwOlxfDevoKGpdKCfqQPDlbPhvRinZdyFQHwlgOaPP8a5lei
2020-10-15T00:53:27.709452548Z 723 AY4upjuPgGE5HSzgJrxzRKVaE0FZJOeurD7BRqAxC56kVjiYNq0htSWPq8iN
2020-10-15T00:53:27.721194549Z 724 QyE3SmxD9mYT8GNBsGAyKUtBATb7PpTWK6WSFB2jffWzUI8gruynSy5hiELu
2020-10-15T00:53:27.732310522Z 725 kN8JFMZH21qDADLkjwwpjNgRPZqPUcxTTSWUekwe8SG3imgqV5UFD8IicOzb
2020-10-15T00:53:27.743208876Z 726 FYrCVoESwO7UC4PqIggq5ZzXGasLr6A5MdVahtFX2pgMAfxeIUFnheRVFYhi
2020-10-15T00:53:27.755175375Z 727 u8KCaWlyw0WZaaNVGmnLqhLHAYAqaKHHFjy33eZMhCGuJpfoldcUcP3Dwc00
2020-10-15T00:53:27.765583972Z 728 EmHsWA9q3deGRd8njcPRpBUAumbzYrR4UR1jjigLQunxHcOLhp1LEsWbZK3T
2020-10-15T00:53:27.777372112Z 729 MEjJx00GYB8Lz1bC70mFi1R6Lp0qHS5q3WA1xqmsYbzQ9Wp7qcAQZitsViKQ
2020-10-15T00:53:27.789679069Z 730 BxCcASbNV2ULQw66B074AHNXFIFrCRDhZQSONq84eQHoFzne1xEb3BXNlRvZ
2020-10-15T00:53:27.801119143Z 731 vK3GyEUhrnubpi6cMKj2cSvL71honoIHQ3hSZuRODbGn2bgfPwvYyqsDCS5D
2020-10-15T00:53:27.811683419Z 732 z7hPlK6xaWfRiNJDmeOWDebPLqaf2wUSisvcJRDKrjelWluNjYZZC5cp03DZ
2020-10-15T00:53:27.823374469Z 733 VVleMA3cZlDeEK3IXn4V3exvUTPmCe3jDOxbeA07C2l1K9gQ9D3dApmRX9ee
2020-10-15T00:53:27.835233720Z 734 Mz2JK0IlA64pz5c2sww0QwFBg5HFS8KbAZtxnfthydqcAfayXIYkgxkmYw15
2020-10-15T00:53:27.847133814Z 735 VNYy1JF6NXzjq09qqTdNGFYKTPGkco0C08Api0GZLdRdtW0J099YD1whqDwu
2020-10-15T00:53:27.857509243Z 736 Yo8GikQq6BQSTV26S8CFekFuNalnpq3tQvM7FsMi6x1bhwRG8bi8vUHDrJ0I
2020-10-15T00:53:27.869031514Z 737 YLJhY9lf2jGa7hnmhUEQFErLBp38OukUmBGmshzKExIXH2N9gn3vOKnZ1wc5
2020-10-15T00:53:27.879695345Z 738 qKDkairrpA1a4Oso09J8RNT7RvwRI4EtizRYfxcUhbqtHbGnywmjU2DVaU4D
2020-10-15T00:53:27.890603214Z 739 xui0TwQ5UpnDFh5i32ntZgZQtlUWgluz9GI1RjpIypONakvZxyXXJK7v6SGs
2020-10-15T00:53:27.902199034Z 740 tBHvjoda9GVKkazR35vNTxKchPSkQRdQ9VGLHdZtANeykdWLLrQY6obKWERv
2020-10-15T00:53:27.913844970Z 741 Mjnrj1ohg00najY7Lp50E4kUyGkL3Bt4WqDYIY2AEmAWybY4ZuydJ2v6EEPe
2020-10-15T00:53:27.924637036Z 742 0KL5vZGsLGaDP8zJo0LjyCMpYAaHAEXthzveuScLH7D4d43JN3T19DTsoPeR
2020-10-15T00:53:27.936140321Z 743 Tjajage1FzwrB4WhC0iVY5JXD0UNtWjisOOQyzKzDHpcpxc6Ty63Mmjjj9Zm
2020-10-15T00:53:27.947956479Z 744 xVHXxukcmKsXMltRP4esPqsncuASpvMV6wqHPtD7ZBziSpjMuXRjMmBHnqi3
2020-10-15T00:53:27.958526311Z 745 YflRjXtwXWDZv3Jj63ca2dxPO8xw0WExBrcJlILMHOiqJT5Dx7hSlu55pz24
2020-10-15T00:53:27.969229735Z 746 Yz2IFzdBXAvXybz16Kljgya5J2Le0yhAjk9qHVoL90czd6zhYyhc7YB7YdO7
2020-10-15T00:53:27.980902837Z 747 dlb09iG3NqjWcrRz7PClpW5z2X5TdLgRY7aA8b1c5qBqDyvCOFAsnsuwswFx
2020-10-15T00:53:27.991941382Z 748 pIE5rLjrKADpr8gnrr0vHpfpprxjF7o3CUAmYyyEDpxVjxKAgF8HT2Q5bltN
2020-10-15T00:53:28.002482845Z 749 i5vx7fkhBKE2EhK1WcGRN680fpYJfRC2eqV0dKjv20U0jFTxy6sUtII3vEWi
2020-10-15T00:53:28.014016287Z 750 K00huMhuVUhcEWEzPJEA6VK9k3wUOUU52g0idB8ZN8fHYIUd0gH98Ri2RhfH
2020-10-15T00:53:28.024620062Z 751 GjMwI03mTSgfLDWWCXtOVf0CEHGj2nilpLXTMDyyCKdAWTs6CeLXNw6R2WmH
2020-10-15T00:53:28.036520075Z 752 Juxj1Y7NSbk01ToyXoP9b3hFSvn5WgAaJBItmRRfQJ3gj4dECpFewyf7ZeH6
2020-10-15T00:53:28.048037338Z 753 cii5VzyopB89b3DIPJeKL5IfgFiwLyTKdFblp44mX4xMtG2qSdfbBgAFUwCG
2020-10-15T00:53:28.058999986Z 754 IdSqZnSl4EwAKHcHh3RpahhkheapQf75rl7FZJ3gQczqQqxWHfythfUL7zZn
2020-10-15T00:53:28.069417416Z 755 VpmYjJhK4g8NJrG5aYy8WXggOQowdz9FBVMXHoT9QEVGQPdrOYC6hlrisZjA
2020-10-15T00:53:28.081008999Z 756 CVOGLNF0ziG9ggXwOsKBCHf9NmZ1BRdzxtncSAojcOwZgURthYjcD3zAOUM2
2020-10-15T00:53:28.091600628Z 757 Jz3PAbDL3o4Jorbdgym5j9SiHP2ZWQoI9Ok1cAupNomb2gLa3X0Mor5TteNg
2020-10-15T00:53:28.103318977Z 758 cfOFYdsdiaTqzJyVe5wawOqsjjfmSrBHgCm5xZoBSjgCuAhYQWpT8F4zu2gm
2020-10-15T00:53:28.115068020Z 759 IaX87IANH0FQAjKctoHJZVakFoU5pdyX6GbCQuRacODEjGXub6NcEUYKmvCm
2020-10-15T00:53:28.125594311Z 760 YwEENWFSdM8L446UQrqJ8NurAwmd1aQIkgKCs8Dg3UVwqMakcQsZv0tncYPz
2020-10-15T00:53:28.136928047Z 761 WXyvBZKout906BqdvBXGdC7nP1TG5YyQgGaI9V7zyQvBJcLIf8h2aGI57YD7
2020-10-15T00:53:28.147641105Z 762 MU9UAtxKvKY1gCS2oTTRxTvO6UPo7NiRrPloger0cuYg8nT43bcyxOruU5V7
2020-10-15T00:53:28.158737711Z 763 7xqUc2pRLhUokDXf52HF8hGtWME31r5mASdUCrwuXxv38QVdMaMAmrnTlFAv
2020-10-15T00:53:28.170110909Z 764 jmXdWkLSVgKYSTaALILuFrXuELUxfUt80idGXyc4Gr4UJe7xLeIZyCkEuXhH
2020-10-15T00:53:28.181052895Z 765 FDis0WG0FPMWaY08VyW6XRCaKyqJTgTMQiEwiDuEfdrnGKcpYXTIopFN7xcx
2020-10-15T00:53:28.191778041Z 766 1gZFE9nYCb0IUht7EcUE12WOyt2JXEh4BEpsez7DQ63S7U4TCdOBAC8dQR4f
2020-10-15T00:53:28.202519136Z 767 ExtDoNby8uPJYln4IdlmqQmG2UMyfh4hZf9mbGiYyBojV50PO9DTEZjBsS8d
2020-10-15T00:53:28.214206789Z 768 Mdugp1n4JfGLtwi9nWQj0af3L6PUKxnMvrFPxh3gDfb6GQwmCpPRIpRwV9Af
2020-10-15T00:53:28.225969888Z 769 oSaIpPf9c1P08f7x395Gf3jR4FWyWwiRYkG4KMF5wUG79DqPWwk6lN8kI6wz
2020-10-15T00:53:28.236334401Z 770 cqz2NhJ75dtFggw6j7pRsRxf08nQCub3tX6IiKwYfBnQWogHexN9aTVVUMRY
2020-10-15T00:53:28.247205915Z 771 fqj2iskR2EWCU8c09UD97vomQrrzmTDHjIncvNsB72m6L0t4mAwXMUplt9gm
2020-10-15T00:53:28.259011412Z 772 6blKNEMs0L62Zdq0eKhSsf7WJEssJi7oIYpSWh88rDhD0MjtmDvcSqyhDBic
2020-10-15T00:53:28.269314412Z 773 yrHpGeOszIGU71DvU5hDG6POr4ptwcniFWLHIynIh4gKffwDiJOUvN02ktp4
2020-10-15T00:53:28.281912357Z 774 dD0nA1AcgO5Qtgd0dPRWS4NQjnMmn6VrKQKyHis2HsvtzKOXsygWc6IRkDQi
2020-10-15T00:53:28.293387398Z 775 M1V1IdHNUUfiafzPwMSuOzxIjol16xjh47bM2dIrWZzv9rgvmzUTgVsPqODE
2020-10-15T00:53:28.305123253Z 776 4wcgRL2CmmqZ2LT1i4Me9FsfVzO97QXMsDtnRwu3mlgpLrI0a88DnAVs56UR
2020-10-15T00:53:28.316494632Z 777 V1ZKo8Nq4ZyCKUGZmCDXdNur81M8jwGGrYLCtP1ETIzNmdpFCifagL2wrHon
2020-10-15T00:53:28.327357707Z 778 uJIaLlYqSprNRmv0h6PIImWgaIC5sDZd4KwjvuLe2xiYZV8WsYRSTqlC8IgW
2020-10-15T00:53:28.338813539Z 779 W1T48qRtiD757CGfBXMAnUArs7rrcaaO4S3pARi2Sh5kzZxjv7RSYJzR4Zmk
2020-10-15T00:53:28.349467996Z 780 NiT1460rbdf0hpvdemnAIWOPDDhzmlw3ZPDdP6LuQCU6r8UPRshFOyrYoJuL
2020-10-15T00:53:28.361119600Z 781 MxTLGakQCgnZTo9uEcGvSdv2bb8M2c23KrIjb3bbdGfgzQXjaGMD0atOTN17
2020-10-15T00:53:28.371651752Z 782 EaU7z0yk8xm6rFiMw8ySsTvyoZfZLDjVxAtPPjVvu33cCUsPWdf0DV9uSjGZ
2020-10-15T00:53:28.383081831Z 783 TQTbHqYzMaztoAxvyEebn4uoN8C1mPdP4dSc77Bqfg3zESvmoLLYWCtEdfhl
2020-10-15T00:53:28.393942617Z 784 X1bvHgkKF1lYMvziNPZ0jtvx4CXH0mJ63N2zD2RDyozWF06iuzWEAMYjCFmS
2020-10-15T00:53:28.404787638Z 785 TedjiR55YhFYMB6jYHwqWiJlhfq4oFlcGy5TGwNNaAUS21bVdNjjJAHovUzt
2020-10-15T00:53:28.416435134Z 786 eDth0C2J4CPBPwZVAZ5YY5SurERqwswxpyhPsxH0Ytto7Se4Sqv51Tkqir3d
2020-10-15T00:53:28.427905128Z 787 PfbyCHzUXLZZcjgasKIGSnGWCXJdhsyyEKyIh8G2uhKL2cRQSKphDkgN33DN
2020-10-15T00:53:28.438854369Z 788 ra9w1uRWR2DsDO9yJOC3eoBU4d90Fanr4eUqtwN3uL4WZUHLGaFThGeaR9Kl
2020-10-15T00:53:28.449206676Z 789 zv2JAFuMvrWQsEFkPW3C31nutAWhMACtHUyehTcJMW35cOG0NYyB1qMUEJF0
2020-10-15T00:53:28.460826877Z 790 WFDm1TKuI3uGk6TbiOx0z4RuWHlUUDBRSpw8yTM5jqmeBd8Q4uvOuTG9X5my
2020-10-15T00:53:28.471776626Z 791 6iZNPzJEW8CmazmlihvNluVmw0sY0wGU8hzuFVBPysfAVLtZZ4uuycLByUBF
2020-10-15T00:53:28.482513391Z 792 XxmQ9edRTpUMB5WBOZTKib7K2zRR4q7Gpu4QAqLUnVDcr78n67YQRYZ98yaC
2020-10-15T00:53:28.494161942Z 793 XlsIkDT9NoEtAGAiJA539ak98n9WlWJuiAxrZh6B1z2hBXWIkY8KWfDTOgJr
2020-10-15T00:53:28.505838605Z 794 bfTZ3jDQbbcghVdUjF66C4ASvytGAEGoMyVMclg1MEbDFhUxCk3cdCRZfevo
2020-10-15T00:53:28.516512909Z 795 NKz6lNbH0rTXzWYJ6GlUYyKs9ozCNar6JZu79TI4AKQ2yTh3I4QBOLZ7exnS
2020-10-15T00:53:28.527735153Z 796 1dTaH6SUJ31b0PpoLg1WDTPqQV2tIl4oC9jMpQsOTdDSOyuhhi6FWBjXZJcI
2020-10-15T00:53:28.538316159Z 797 aexjzrDrpXbf94gWjU1ceY4SDgzgUyASoh4CyI4r2Kc2xMvBcb6YBNdTgTID
2020-10-15T00:53:28.550207573Z 798 DiEpLP6LQg0E7lAPJjOFCOk5RUFrPsFNHeJMApY0OGSt62qJpsXE47FpCeE3
2020-10-15T00:53:28.561524424Z 799 s6SPD07KnSf9UaA6E9Z3SC2j9fqnCQ9cR67vmaiHqhluMBnsVJVX33FvaTbY
2020-10-15T00:53:28.572718264Z 800 w1xgwitAtgmLjzb6AUJlhXVdlwhWEGGaG2SPG0a6MGN4HdBRJkg5hXQg38F8
2020-10-15T00:53:28.583346121Z 801 DXHMYWTw2VsrfH6ar9s5VlJTLzNVq2ZBeWXhl5nZsQvHOFmvZQlbTYg80FMi
2020-10-15T00:53:28.594506144Z 802 kEJbm6yNXPrZ2lOjnyw1ZIfeu9QHKIJooRLUghdh7TzinWPzziTuyQzlaT06
2020-10-15T00:53:28.605750827Z 803 VRy8ZiCPBu8oi47UiX715svNvxG0d076FdlNJlJkLXaxXPOBQyrG6sVzoX5U
2020-10-15T00:53:28.616546967Z 804 bRK9F6D4fe5soNOIABnteqfOhrNkW0rqZShBxQwfRGYnSFO6gNBtlKJZvKMu
2020-10-15T00:53:28.628265181Z 805 2dRYb8jdke648DvMAskLEUpzeu25LCmhvzk1dXBU7iVFERixRlb0iGCU8VwC
2020-10-15T00:53:28.640230673Z 806 gER0fT5qwLq7NyLiyTy9OOlFoluOy4WXsGCCqba2Y4qNZoB8RfPsQGW4HdUL
2020-10-15T00:53:28.651467388Z 807 dsIDkf053Bww3GJGmKK2xETb8AS84ZfUceVB5qCfetuXqw49YqHgCGcI9L3Y
2020-10-15T00:53:28.663166065Z 808 Uxoa7TdUWplmmAhx1I6qQNlbWwzgNcrQO05TDZoFO6OrpwuCN9OGQm7o7vme
2020-10-15T00:53:28.674899650Z 809 NIEAqHju4h3QS19SQHpxuvXsYIklxGbV3HHDpgzOLR0Jq9o6RiGs638tpDZG
2020-10-15T00:53:28.685329321Z 810 pfDv9ybkmgMzzK11zCS6FUumhPR7N88ydbUF87Th6CostzMJrLnmnxrIFJPx
2020-10-15T00:53:28.696953725Z 811 iGAAk9nkr9NhCBAh1In4L5LJUx6lNmIwMCD5jtvmlriZ2mcvpnxwfXCwz6Kp
2020-10-15T00:53:28.707544479Z 812 duppIP0uiEUOyCPW1B4LO6sjt2tkxpZJg3as3VgjMnOSRTOHAwdawO7TG2kE
2020-10-15T00:53:28.719014990Z 813 mrqX3t2IwD0dLXs1aAPUue1ftOayBVhzX1v9ZBi2wOxnbHY7NqtyUiGs8OAp
2020-10-15T00:53:28.729835382Z 814 lgRwp2JVALR8KVcEopicF7tlWJJBaFU9anS6TYDQjfEKGT4k5j75Mb2KvFsk
2020-10-15T00:53:28.740396754Z 815 XfjgUZSNG5tDByngpLcv1o5NPuBvDUglFL7q5NYhTEaoXg5wl7EwRk7mxuaS
2020-10-15T00:53:28.752269982Z 816 tNJyZuhzwBPgsimIQTQzDgEcR7cmnljTST4NdLZwRmxXYy0XJPLeUZb3PFst
2020-10-15T00:53:28.764118146Z 817 qzpMKCn327FmevksNzpp2P2h7lRnkGjgaAX5XTmjK2Ap3Js5UNXqBwvKyfQW
2020-10-15T00:53:28.776026399Z 818 MUDZkhQ3J5cXf5z9c5xUQhBM55byp2Wx98avT7P0qWYnKFM9C2YPmqyGU5GM
2020-10-15T00:53:28.786827688Z 819 NCWOR4Vkuz7xW6yai2ri2nmTF6doq0CwRGfW56FTQP5VSktYRrzjEnEWqFwv
2020-10-15T00:53:28.797492370Z 820 QN4ECmTTG1FbKuTZRm380hSoUKl4ilhDCQTKxK7NblwIPzY6w6pPyDp9H23S
2020-10-15T00:53:28.809124855Z 821 LXD0ZRZSik1cgtLMBMAUB06BaVTTPKG0kiRmSiCbTazKho5Slc4QW6zcwAxC
2020-10-15T00:53:28.820916903Z 822 RqzhRH6xdciA4y5egZGuzPpprZRgVwvQRdmctStzgaArDkDU6pzxxre4uV3V
2020-10-15T00:53:28.831415002Z 823 kRCpQJefoLRQf3BmkZ9yMKngKF89si6E2oop1Vua1febsBLKdS31F9cJ3XBT
2020-10-15T00:53:28.843426730Z 824 3KnbjP6yCeKtiN9OQabVLIMU0fgO035I5MGr2QjbLXU4d3mnheKbGmfEIn2h
2020-10-15T00:53:28.855153349Z 825 dAg6tldtqpquo9dknlEwWwpZIeabKY6Pwq5W2EpndFvLG195KUgNk0th5Byo
2020-10-15T00:53:28.866688910Z 826 xVjG550jLxjXEe0bYbsmTpYKAtJbJYYxoSw3RGkPFr5tRDCH75nwuOS8UMcQ
2020-10-15T00:53:28.878207589Z 827 NZhOl5UUMp9sFcwr9cC8eEiOnrpduysubwLvVtqGUiEL00Tm6H2xexq71gbz
2020-10-15T00:53:28.889891564Z 828 xdtTnRl9JPVxfrtw6fpBMVPhAnR68LjE0aCNgoLuFD1GOQHgQFZU50A8Is28
2020-10-15T00:53:28.901311402Z 829 0NJdy0SEp87HilVxZAVon2jP5tCxZyDJeb2Au6MbV8p0ZV8OHw0IawiuO3O6
2020-10-15T00:53:28.913070644Z 830 12oliFWnmacBRVcoYALc1HA723pyIyN6nUuOdi2zCmLvin6STcXmF2Gu2oNl
2020-10-15T00:53:28.923303859Z 831 X29vZ9UFvdonmXB9AjwuLfnodC6xG5NDtD8PouraARKRKk0NQCKfSkXcAw8U
2020-10-15T00:53:28.934722967Z 832 KYAEPg03Ti5gyZiWqV8AYEx85sJiwNJW25SRyYoJ18mlDF7mVUCgi53vosBt
2020-10-15T00:53:28.945599850Z 833 I3QU5GYiJLYVoPbPJOiojt6SIWkJTr43fGAOO7ouPQSDrkeLr4jybuuAL4b4
2020-10-15T00:53:28.956708887Z 834 5F7jIVAvcgB0bD6Op33kTIl7uhTBOWs7ETbeQ6muv1KxISdOokzWsibQryre
2020-10-15T00:53:28.967999670Z 835 ECuNjcECpNwlRpT8kONlLip3iqlRUxfWDHTGZB5DI9NA6BXzL7QXSmK4wzRF
2020-10-15T00:53:28.979127011Z 836 AMSwwYpNsELFbeMx8FooWWbY0mMq0Y90TJvzTMxf4GARvRqPRB4sLAV9REyN
2020-10-15T00:53:28.990486193Z 837 6AVFENHZvpkT4pQntO2vMfAOy1kPpKFaHOuFSSW8No7A1QJBDVEHMoPdVD1Q
2020-10-15T00:53:29.002064242Z 838 TtxurRZeEhsxpdneDY1Cs269M7PHBMoh9JVUOpuz2z7P9kt3rN8QawjQsplV
2020-10-15T00:53:29.013144386Z 839 T2UqYU2G56c88qBrcEsWCXvKOqK6hEp4oojt2D6PSyigof5rwEyfOYVFRR3a
2020-10-15T00:53:29.023669086Z 840 ypG5mpgPp98tB1xcOazODMRFTIKmvshBVLGJcormhZ9Imuv8pzZCjXrCt6Qy
2020-10-15T00:53:29.035319331Z 841 TXtlKoyv9Figllzh3i9PWd92QoUug80GOjlXAosgXpVP5myx7ciSZP2zS5gq
2020-10-15T00:53:29.047172694Z 842 8yYtfyj8iSyGUziyLXhej8VbjwLQwqnUUfbJUAHgamzVlg6mkXlD5SzZauJ1
2020-10-15T00:53:29.058386985Z 843 nF7TPsnnLTTJf7utB1vPhdP0qYrIAUbeRBA7HVBGS48gMnHvKYNd5YLlfA0C
2020-10-15T00:53:29.070106931Z 844 4bj3v7wXk2NVSeNyxxRfPtyurBk0KvQiT0TxHWYQSMpHPHJELqaEo86TqzGP
2020-10-15T00:53:29.081731263Z 845 oe6yAKPaBtJ8rJnNUgHeYqHb92k0XO3JRB2oZlz36rdIs1roVm3JPCQ0Vlta
2020-10-15T00:53:29.093302944Z 846 z1GlCbqAUQ3Vq8NqMV2Ye3h34H7ru3TRPT8XuBbEUhBPMyWFW3EH8XhuOM5j
2020-10-15T00:53:29.105046756Z 847 BGpt3lF0pKWwp2CQ3zaMoC4w30FAJDmIdnX5GhjhCxQQTUUmfRJ0NC5dQa3r
2020-10-15T00:53:29.115480936Z 848 UAPeyu3FmIHkFVjXZYzppy8I0kVLzE67scis2BFbgP9BhPmFCklZ5lysve4w
2020-10-15T00:53:29.126983021Z 849 QIUNyr0WHvL1VON4acMaCW2gIrOkCwBuUPbHydEHy2Eos76rqswYWlZk3qiY
2020-10-15T00:53:29.137531255Z 850 kxZ9ztPHgbg9T4VAgqaCwVhsidot78EOoD1m4OaxEa8MhB4C8p4ey9bHGwrO
2020-10-15T00:53:29.149290204Z 851 1mTkysZXNLxVJBV0fwm6CWiqmnt01aOP7sEfp0hQK3gxk8JViJpWrcr00qrQ
2020-10-15T00:53:29.160741956Z 852 tqVInTya7z7UM4kwwCZEtEmidhjqEYPU6POy23xO26moUD7PD9FQ67T9BDo0
2020-10-15T00:53:29.171338803Z 853 WGjl2LbDbYSvUwQywLvzXo7kRBOazF2jNCvN7Bhyr7FnIbe6OmvMXfIsPTyo
2020-10-15T00:53:29.182555367Z 854 MzSjKiWSVZQzcw0ZvwlbxC9L4o6JyFKEb56kwK5hsH5CWsa4tzdrPpSLxGG5
2020-10-15T00:53:29.194025126Z 855 r8iGnLmzG72M8KcvfHxmOWMkdGwEs2itF8ahwFcyuzTIepWrzVkQvoWow0I7
2020-10-15T00:53:29.204827672Z 856 T8aBcLQwYgj8mJVNI4wvd6PdrVSGuE924icmilI9Bh86sNQFwRgLjhmlSt0s
2020-10-15T00:53:29.216455469Z 857 S355Ud7Uau1r2SqTdJ9JWjy1vUbmYkfIpRhFKxxkfTtWFynIJ6a1oGa85oA2
2020-10-15T00:53:29.227546399Z 858 9VY4bptA2bp75Gql6tS81F2D4Gc75Oi7llhYMmGv1zeQOTWYL8lg8RqHvzYt
2020-10-15T00:53:29.239380845Z 859 AhSo9Z612A403wdZPL66vjY6FeP0pxqDSS1khcGf8VeIasy7gMd056XZnGHp
2020-10-15T00:53:29.250587678Z 860 8W1jYfOMzaM0BXyZTy0aa1Rm798y9FjXX1ye6PGxbEMxfAYkqfoDcKytedmY
2020-10-15T00:53:29.262242080Z 861 w5OZKEkRuaIZVvLCL2dh1RHOzXe6bJIImXVYwnBHcBGosMqrJCvyDdAsjnHJ
2020-10-15T00:53:29.274067057Z 862 LXWUF0EagtLFluUAQeUQgKhIx0t1KgWPZuRrGuMYBRAbpgb7dGjWBAOOmtZK
2020-10-15T00:53:29.284424965Z 863 j228i6y5CIpcwVfMRj1qkaMamun6daaOpq8gJVqVhtqzUONMJ9GS4AN0qm5X
2020-10-15T00:53:29.296198587Z 864 XdJSLesF1mjl20aeqyveDjdvFcgnwVOkM383wGl0mN1WXzddKjdduzoxelmB
2020-10-15T00:53:29.308399491Z 865 clo8q0TZQvyv48QfYc7KfCgYdxVvPopWe8SDJGJQ5BHBD31dsP13kUjhbGpN
2020-10-15T00:53:29.319841642Z 866 npdJxrBrzLmufHP4710s7Xw3eRLTz3PrXEJQ3ZknKCla4yx3LWRCU1PjeG1Z
2020-10-15T00:53:29.330531558Z 867 TQCp3x8gSss1pE0i6FoZB5Wvvi3ytvZc4uZs6DMYLJRZGAoR9F1vG1d9LV6c
2020-10-15T00:53:29.342144358Z 868 uB395B2es0ZYemEtWZ0KFyyuFNfSBumlhYcvH2jY66lBS1KBjytZDCNmh0nT
2020-10-15T00:53:29.353079801Z 869 5MkPTT6jAn7DmxmWs4MfzkuTGDPv3VayrQ4Z6cKoPmIJmDacTqVrw1FP38hE
2020-10-15T00:53:29.363631496Z 870 dD3A8VSgygpuJzNyiKiB8WF7ETUxYof6jNRNF8r1NVPaaD1F4VNKFgTEnrKC
2020-10-15T00:53:29.375275991Z 871 EGWPcx0wNpH9QwVvZqV24GnhoWdhdI57unANYX8KD4NCznENFU1sJ0MPLA37
2020-10-15T00:53:29.386299447Z 872 dvcINa41Zxf1eculeRmfOCBWlee3D36xYiWNgauENOz5MSji1gwGPALUDQnD
2020-10-15T00:53:29.398026898Z 873 8MkSm8yUZQ3J4qo0tLEAd6qVqAyWuQznsFVR21bYVDDzWzhjdW9XRmFHoGew
2020-10-15T00:53:29.408772854Z 874 0vgVS4eFtKvsR45X8tMxCsxANBGmhtkItgb6sYV8bPvbtYnXc8iwAfBlndys
2020-10-15T00:53:29.420315574Z 875 Wo46DXFbDj5G7GbEAKUskMZwEg0dldAILfBzxv7PRUukBa2PMNWwJ9XhrVkh
2020-10-15T00:53:29.432035752Z 876 wlPclNJrwR8L7eeuaN85AFnImd6yiU6u8YL1WMrY7yMBQ3RBDt8yHlEfMhMb
2020-10-15T00:53:29.442478962Z 877 yXQ07RWwdh07ts1lUyfUiHZy7f1QtbjgINOCajZBATaeuQ1RUII0MDSbaTte
2020-10-15T00:53:29.454229214Z 878 wSgcZNWo3yTgvGMCoSOmJZGnCtlePMr7J80XzySIPf2FxLB2psgp56phMh89
2020-10-15T00:53:29.465853748Z 879 40cL2Kt9RMnbzGG9JobZxr56f7NBMjk10YoLO0mYHS67JEDwh9Bb0vheK1e2
2020-10-15T00:53:29.476577090Z 880 zegfPTyD2cUMm10yaPSlGHHhsSMPpOq7hHkz2R3lAgEroio0rmskUgSQnRAc
2020-10-15T00:53:29.487669625Z 881 q5TM2RB4scsDhTvXqgRrLmcGr0qxStqUBAJNFGWygNYfMWoqekR65Di1jgBI
2020-10-15T00:53:29.498524289Z 882 E9RxW6zZwPsvVnPvbCOZHteF0GMALlmoV5wRDTNQaQwiYIvx4G7RJnbqGgxA
2020-10-15T00:53:29.510298472Z 883 Eo3MUa6tqyHNT61H74ZT8SBpl8OTTAIUXF3Cdhw24nC61DwEluOa62KKmJX7
2020-10-15T00:53:29.522196999Z 884 g7kOPySFA7TuMT6WidzarBvRtfuQtUpBcvHrXFMXjEpO3M6TNrNMHAedvQI4
2020-10-15T00:53:29.533950950Z 885 HRZAyTo2rroa92bJU14KTHk9JkhdEsu0cLczYRYT0FEmUd41XwPuM7YeqhZl
2020-10-15T00:53:29.544641684Z 886 dyYzSZBLKbw4OH0J91QgV6BSCC5Qr7akwDIhdsQdQBrSPmFfRfyfwQ8TsLAf
2020-10-15T00:53:29.555620825Z 887 eOhSRukwCgWgai6jd8oCXRyjx0PzDMvMqigbpP9K2UC7JqL1knXIceVr21Iq
2020-10-15T00:53:29.567317638Z 888 3ENTbSpBQkDQ1sDypmZTo1dWq12QTa8n19obCiiiBUGMpMAIoWsR7aJEE1Mm
2020-10-15T00:53:29.578407603Z 889 AHH5jvpxegaaHQdOQzSPQpJEibOQOCZemKiFwkOuf9rRAO9Zefwa4T4puBBW
2020-10-15T00:53:29.589418535Z 890 QGHjKOITTehOeFRwAakpQXqs3iQE16hfjH5pAhoElYXCFNx5KRt0IGlt1t6V
2020-10-15T00:53:29.600992842Z 891 Uu8GgI0w6Th3aZMwhJSJ3t3ECkw6O6NfAtAzBA3z9TkZGgmjeNHke2cCefKU
2020-10-15T00:53:29.613050407Z 892 8L8cs9sjncIfMmispFQeI51yqn3cmQ0ADL7txZwTztFIG5YegHo9m7X5ZG20
2020-10-15T00:53:29.623970366Z 893 eOBv5xrzGg7sQr5KUEh6OJj6Iksof6ze1zvDrxfqQ2FGpdmZYHwK2SY11wI5
2020-10-15T00:53:29.634680214Z 894 IGinArwboaC2snANKSdFEgrdmC1SXWj467CHWoipklrSQcsTz7WhmdqrlZld
2020-10-15T00:53:29.646206767Z 895 SAnwZ9gLul5hGHYYtWDOQeaIbBuiJp7lz2a9RoJo17NsDAcrqkVhgvNs5Stz
2020-10-15T00:53:29.657602315Z 896 KJShUyG6einHTfXSm9SvHK8ZA9MO9BFb6iNtq6lBWZrgyKzNdRG99GzXqgfm
2020-10-15T00:53:29.669405049Z 897 OXzWWK3spFDESbgCQUReBBwlL2zG9PC06W82iq8APfG7VOwQiP7bW4AmDyuE
2020-10-15T00:53:29.681183104Z 898 HEPfeCpt50v6onztaNcrnJ0Wh3toI1eI3OcVOtF00mkJvdBLyEAaWozU5N3y
2020-10-15T00:53:29.691438465Z 899 UWXFHBSfKkSbUqJ49o63srlIn9QBgvsfsc9PAUgFDC0OZOkNq3mAdt5aradP
2020-10-15T00:53:29.702399414Z 900 87c69IsZ7NnG7VtWVzcTACwhrrxLCAuL3SpCJaM8rQQpG4FVy7diJGKs5WM5
2020-10-15T00:53:29.713511877Z 901 0howKeBTiq3zibnGbcvo9uW6Hrb1Y14XGeeO9RuWRcwmiAMejQx3FUGdWXxr
2020-10-15T00:53:29.725043253Z 902 TPVCuYnkfipnEnQydb2KXGWMJLMkI7vI6lbFstfAyILvvGsMFSbfCGfKxO0l
2020-10-15T00:53:29.735562462Z 903 Jb9AUqYtAlxTyCwwgFky08D9HxaO3SaerY8mppuT0wcXN44GR4Kmvo6RY5LW
2020-10-15T00:53:29.746486106Z 904 951tNHgsPGN526NIAcVlmlpVga2csElLIzfArMzibljQnaYnoEGbK5O9whW8
2020-10-15T00:53:29.758286250Z 905 hnFyZmLhsRflJWXQbWlqLe8seL1VgxQaLmgVwVzBzrY99jYjnT7GLsf6AMZr
2020-10-15T00:53:29.769855728Z 906 UEASgvhq4m7giHNvSmi5nb7h14pwafvrI7PabhwQv0sBZYMGZLFwnu2PdWsC
2020-10-15T00:53:29.781092099Z 907 6AViyFBG55Fs7WTUDRbqgdvSXRe5KqqLFqyRqrD76Eyuqd5CASprXpLWtewL
2020-10-15T00:53:29.791844883Z 908 Iz8Tn4S0I3l7Bb1foir9OQrWm67ByIK56E6CujlHUrhOnQOhgFFuI1WAmsaa
2020-10-15T00:53:29.802778295Z 909 QYJvtu6daeBWG1YCIuGgI93sf14p90KC6CMhTqkFxPVIEaAg2ZYYNxoat2el
2020-10-15T00:53:29.813698958Z 910 bXdJnVrxFKaxteVUdbD94jXxGKY2RHd5geK197KqGcZBjDPGBhhoqlAUZEYF
2020-10-15T00:53:29.825071083Z 911 Z9yHL45oOGNawVesdt2vy68MkJIyytuJxyXVC802yYpY0pvdiSpReFf7t5i9
2020-10-15T00:53:29.837173640Z 912 p8i9vY6fVOeJY6hcLbBQ9TvxcVwiVw4kgUS6xqEWILw752Jv7J6bnhv1Fe8e
2020-10-15T00:53:29.848846660Z 913 BU3soOzkZ0aBC5lqxiKBGonXHXm6ovfZEYpPbOqXETFbxfUIIqYMHPXNwQnY
2020-10-15T00:53:29.859474168Z 914 eOfBqPrHvs3mp2oa3IUnfQw52Jwatj384ECrrolFvnacRXcifdDOBhmUSJ8V
2020-10-15T00:53:29.871301089Z 915 EWefLpMpYjzxzebHKMOP0gPgHPxipsFpuR3vEnte0cvQvo0c681q8hIzDUtF
2020-10-15T00:53:29.883275189Z 916 h35I0py6KI8WsdKwm73OR0g2MiFFdPGkbXXtq6GSZCdyYRorCgUnPkkOVDX9
2020-10-15T00:53:29.895209261Z 917 vJNR1hYBWjssNa14Xj2LPufyArc1Yy52Jn44SZYzvcWn0lG1N8pXwFjshME2
2020-10-15T00:53:29.907142055Z 918 hyLdBpBTIXXhQre0IBJyXANwbhZBFJSh3gZ8uemQyTh5uMhyeu6ReW3tLSMN
2020-10-15T00:53:29.919255203Z 919 ABkw5mP9ABTXx4KT2XrwBCk9tAWjoSbymJBJO3inZf9HLzdZiTgCLrMa0aZA
2020-10-15T00:53:29.931089568Z 920 ggvtGfCB35M1WMPWiOpZl0KB4rutcZ0kSkuA4LCqUGeMwvnF9BXuTDG5MzGu
2020-10-15T00:53:29.942053089Z 921 5gGL5YkFbrcXgM1ONOnDH1xjvy7RQlyT23EOs4KZdHYfFzSzgluHJ2s4DdvO
2020-10-15T00:53:29.952967906Z 922 mUHIXgBVJkItvxllgbSyf0YXvhoq3lewNzLDW6jpAyKbLAQdKHyZGVvo5Vbg
2020-10-15T00:53:29.964091483Z 923 UL0ucFy4Zi4MHNvcL8R5uqFst97o25CK8xgKRHPEikpCw0wcpAr9t03tzdyQ
2020-10-15T00:53:29.976121293Z 924 Tz1u89Fdmla4WKswn2mGMZM3Sazdrg2IARmQ6OdH7rEah5mP7ZIeLYOMZdeq
2020-10-15T00:53:29.987690478Z 925 PRPCgCtZrHx0aNRLcJ7pKcgOGiYq0RVH7hWgTFsCSHnuHdKSDwoMnI7kFD0F
2020-10-15T00:53:29.998433627Z 926 ldN6tEmr7evK79Z5iEuLIFV1OifLpZumLs0LrX4UTtTwritf5rZHmTce35DL
2020-10-15T00:53:30.010231368Z 927 sRqhrq8zQYr1674tJTALkBq6PJul8dOX38rMFSDaqmixGugCde7CwnQF5ZUb
2020-10-15T00:53:30.020363153Z 928 MlWbK0VOaVkVUrUyeqEsZ6vXQ3Pdr7qJNuhYgoHQ33MrevvG4ebDeuTNwmns
2020-10-15T00:53:30.031200936Z 929 hAgzznJZsI79RHU5gFAdbvBLMEPIJsqc5sf3JS2dNQcrO6Nb4vHMwu6F71jd
2020-10-15T00:53:30.042897162Z 930 YZpXoC3ETqVZaigjQPILEXxDQMVIUneYcxz4wV9bdI1jmrNeUVEeQdW0ndi0
2020-10-15T00:53:30.053594467Z 931 t3LNCYQFJMO8A0u7iH3vyfnUaB0HhL7CRd0d3znLy68iuCLV6eWnhxwKmazF
2020-10-15T00:53:30.065353806Z 932 dr5dJ18gZrwUFLAanM9eV7QrOWRwCB0yuHvVpOacaC13GJEtA5t7AiXv0Cnx
2020-10-15T00:53:30.077055690Z 933 Cl3oBVeOM3qKvOf1ocBxxYexR2jOLF59Oh4fWQLNz6RFFKduaMTTKlTNwWfZ
2020-10-15T00:53:30.087670487Z 934 aYWmy1XkvTUp9QjlqVv50uMFe0zQZJdX3f0kIT59vrzBVjoX6BCoWxBH64UB
2020-10-15T00:53:30.098616998Z 935 1HVQpeL6A8EUwbAY1SO0myXrZNU4YChdUGjFosQUYG32JR7Lnugqg7XpLI70
2020-10-15T00:53:30.110035380Z 936 ZADLRBnB8kSk8ARTnldCzVcp3Q79OY2GCuItGLuEOMObgcLy51oqMKb3p9jz
2020-10-15T00:53:30.121077240Z 937 1hicj9CExxyewEsHdz1SqViH5UziUSmYyz8Sm9MzIhr1ZuvAuLm7P5x31bwC
2020-10-15T00:53:30.131352705Z 938 229elSVUitI5rAurYEDG0PAHIxVgstuGML4RgsB9zpez0ruauQyJKBKF1H1V
2020-10-15T00:53:30.143196400Z 939 3myb8AcZpDTRrF1J6TmlScXTIQPVVqk5XVDBUAeVbvEHDvcDjgkSeVGagYps
2020-10-15T00:53:30.153974648Z 940 tDClhy1sPM0PZz0Dyq1R0MOIResN3gvr8BXCn5KtYvfG1AP1oWBojjI6tg5J
2020-10-15T00:53:30.164614729Z 941 f31DNKXHqHRIhCy8zvoSFsouklgnPXLggGSlIYOkLGo3sWLrsnTxntInzutj
2020-10-15T00:53:30.176105511Z 942 d3xdWHLFW0l3BusVkQ3OYfnbZSfqz3HPRk8rSfT2kXq9xTsgGicFKQCihpgg
2020-10-15T00:53:30.187730964Z 943 8LYWqZvNJddUcikLDuCGJonbrbgu9r9jKSkb9qMMmpoO9RpD4TfBeIuf2sKH
2020-10-15T00:53:30.199436156Z 944 9nwL4Prw4t5SK2AzURUCBU22Ure83I5v1rASC3oAalTrTBps46iv0FklNTcA
2020-10-15T00:53:30.211328294Z 945 o3bYWroGzlIqs7rNJNj5Klgy6LVsqjRdDdMQmC65Wit7X8iLOyEOPTPYpaPr
2020-10-15T00:53:30.222438528Z 946 ZV905iGM15Ajs1TPJ1uusxB3ld904MWUV1QamBJN0IPCL9u3w3VGvRARqmuQ
2020-10-15T00:53:30.233933432Z 947 Sq2JYBt9ZJ6XpvqmFDl6z0hOKT9simT9atSMqA76fW1C62nxPPPRFadMZ1u3
2020-10-15T00:53:30.244699745Z 948 sqV2JsHFLxfn7psChiz1l9dZG5CxhWo7wTZVTnzXfWY77AQ6MK1ela53VjjS
2020-10-15T00:53:30.256398944Z 949 ICHgo4wt7PxrJvMnYASNlgGtQmoLldJKn8LZqCFN6zTuWKOZxE0WjdiVJ1NU
2020-10-15T00:53:30.268024575Z 950 2fmCy1bjnaYPlCFhuNuAbPGF7MYd4RjSaDaP4eacGHFJLeoWluBFoLt9xaPl
2020-10-15T00:53:30.278528973Z 951 pMFRpceAsRHo1scZJEHpy0hbjfBeQBQVqrubTOmtAP9ylJhmDYocAJ0JThnD
2020-10-15T00:53:30.290256474Z 952 aQ3WDqz6Zez7IvOQc0WKTOjFLOre7fb1NR01peU9jrGCJou3Y1inYiqzlhPp
2020-10-15T00:53:30.301627152Z 953 o4auXTwh8lCKIhoYeJsMxXklRpBlyfGOFYUQic9bhluatCDkC2dsIB0YO3Lf
2020-10-15T00:53:30.312370788Z 954 AQUNrI1rXNifqe15gaF7UBQsNigCXwX0ZONXz5T7VNdkOp53k5aSXKSI9x4p
2020-10-15T00:53:30.324026872Z 955 Ww4yJFD7ODQhH5K1NrqW08aCQG3KIjKrFK2cdv9RpxN59tFvAb5cKnyitgEs
2020-10-15T00:53:30.334648958Z 956 TOpCDilPYOunvGNqvpYomHEfPPHIwqNnAqvbonY9M1dpznYZWupCJLUKuupc
2020-10-15T00:53:30.345538388Z 957 cm3ZBFsprs3gO2bVoy1mmuNuETwOrwCcH0vj1OfRGB7v41PGcdVPHgJUyCJM
2020-10-15T00:53:30.356808918Z 958 4R8mJ2Z38aBRy1gS8e3HS1yZHCI14okHOG3sMLSW4oBfbGEr1C7Yv0uEoR3x
2020-10-15T00:53:30.367610418Z 959 pkgP0B5k95I15pZZDvD5lnVGeWvFzCQb1A5M7LCKznh8Mbi4EUcuOoWakmMv
2020-10-15T00:53:30.379226228Z 960 OFfVgDRBdosS6r7NK7viMKCqEGKmau7WNdEULOzenTJzTA3PcFCecMYTQMlL
2020-10-15T00:53:30.390709682Z 961 v7q9k5BUtHrUBq0pqyqrs0Yim59O59xR4LDOVgQyFO88jHaSW96sLG9UZdim
2020-10-15T00:53:30.402377133Z 962 jpsmPSJzB8mDvJ8FZEzg3Q4v9xJ86m9wjPYZRoOaz0XS0TTpJ8D5aWPfQaR8
2020-10-15T00:53:30.414074810Z 963 6xTCKj3ATWnRxk8LxJlOUfnHslVH2UVtGU9qwQtbIMSpFDvuk5JBRiidUL3m
2020-10-15T00:53:30.425265638Z 964 a5D8Sx6QW1bCLVE7pSWyC8JQVLBQq7tVaksYpx5dUFK9yU0T7ECeK4rPPhKt
2020-10-15T00:53:30.436446618Z 965 VI8TYuZai7HmiOZm1V6bnfwXRHTJt3Ki9fUXKsyCNy1p3UGwaUtqDGZRrPCo
2020-10-15T00:53:30.447677687Z 966 1mk3YvSJg58NfJwciJZLXp8S3LRz9C9OAMYAp8A6H4U7V3876qaQrV4JU02V
2020-10-15T00:53:30.459313537Z 967 n1jS8nTt1Pu0FILtWPGmPYKvxjCSwqBnLxAHxYeCWCRPGIUFJlvKvIvsyMkN
2020-10-15T00:53:30.471317848Z 968 AV93lnVp4qCBdQoHE1F5o1vBBU3XYycjwswfalfd6xpR1yKJqNEkSbWDlK6Q
2020-10-15T00:53:30.483401064Z 969 dXpscDlN0q1O6qOOQCB2tKYDmDbuAJOeCOxqwK1lJy3GZD1hRndarawvIqgY
2020-10-15T00:53:30.495178807Z 970 m3zHy8UHy6DdG84zB3yNo4zxE3MYqoZgFGwhY1CqZMN65In8XuxgcuwmyjGR
2020-10-15T00:53:30.506901072Z 971 omM4yI3qqi9Ft4gwiDcPyuIVIK9EeplHMhEyxFpRwNeHG5Z0D3DuPDhB9EKF
2020-10-15T00:53:30.517599541Z 972 bvpyS5mHpVNZ6Z48Si42WIEgFeLQjefCdYcio9eFGjnSgVdgZcoexn4I9Dow
2020-10-15T00:53:30.529383613Z 973 HKwecx0Ww0x6DVHRt90TmltBJVoxzyCuiytF9ij1jxQKJ0Wd6CexxARppdd7
2020-10-15T00:53:30.540423865Z 974 9OAR6Af536BpzT0oCI3mSNkT3yFC0cq7Dlp9TZLHug5L0AfTOGgHUV9UtAk0
2020-10-15T00:53:30.551704097Z 975 SS9v9MZY7Be07Zsu0QILbsK54JVroQEeYSeYpUxwQyajSZHPaMxZpGi7qyRO
2020-10-15T00:53:30.562354158Z 976 wzzigAfYnRM4QyeVbwydHqy3nPqClstsNeeZOcuqzTlNj5em4RkaPZNeoPPy
2020-10-15T00:53:30.573348746Z 977 RhxCTo1qMpJZaBR1nxvjrXFTwtWUW5bysJgz4fdHHXD8breLB1w6x7Drboqt
2020-10-15T00:53:30.584903890Z 978 4ZzrE8eswkf4YUFvo2Ra3HOllfWUp57qfncqMKf2SiGkz9cukj77t5TwT9Vv
2020-10-15T00:53:30.595537555Z 979 uXA6YrCmhZQdkieFfmjYnrzecyyh4TG2KHUaNQlet8aqQOUMGs4m0Sq9c1mH
2020-10-15T00:53:30.607376724Z 980 I7cAlDmGk6HxIIwc4Q036DDCsN7B30AOrgyDEWwz67xhhZYMNSuMB5r70Z6i
2020-10-15T00:53:30.619313686Z 981 oD1Z0Fx1GDJIMM5Oj2S2S5unP3HKbMJSneBCyK4cGZX9CcQJI2SjF5RZb1ui
2020-10-15T00:53:30.631122964Z 982 lcyq04Oq4BSNHbruHQbDJibOqWjJdSOhmY4ZLXMUB8ACXVo2uPiMxF2Da4Sn
2020-10-15T00:53:30.641296463Z 983 QwLqqQzD7yXz7enKz0A2OZopcDBu5Eb9U0Ib6XI2hCJFkIqdEfyggRHsEd1r
2020-10-15T00:53:30.652699842Z 984 jo85Qkht9TfSHSSyQ0NaqpzRxKFkz7Ra2Koao0ALrlrkLcNvvWhlZHxU1cHT
2020-10-15T00:53:30.664266465Z 985 mq6XAe5yd6pqdaSOn0Fa6RQOr7AQsbClv1ZZ4djHQ8VMAAPCTm2qhmyWotWg
2020-10-15T00:53:30.676186120Z 986 yaeMAVg1GvorRzDtYltHVibuMnH0XnpV3LPOGAydiGKqJJ1KRpML5SsA6IJn
2020-10-15T00:53:30.686841333Z 987 0kwMzQAyyL0ZXXXt5pAF9ny3H7wPjkkY0zB5isyoHP9P9HKgyNqmaMoIYonN
2020-10-15T00:53:30.698247498Z 988 DvnGewgiPWRxmB2bqUGiFi3Y20cc0HUlOuO6zreqB5MEdgxmm35h03kf78qG
2020-10-15T00:53:30.709781331Z 989 vEZC4cgXy9vBSqD8ISvW8cZy167VSajGLFQfRYHdzuGYqRQvxeL1PEUtBYu5
2020-10-15T00:53:30.721430523Z 990 b8XoZC3TCfOsED39oWRdxxbEowB3bsGmJemffULSsfEMYAG3XG8SokVMhWve
2020-10-15T00:53:30.732339799Z 991 xJpaQkBRZtFxUYTvGek1qYpPEwm8Z4KUQ90LJqJZAqpGwWKaNFhHVy0JeWpm
2020-10-15T00:53:30.744124274Z 992 7KJRnTeWMEScZbCsDHyo7RKePnFjRhIZDq9Pr5vJNs7oegBrk1DivTJPwnpu
2020-10-15T00:53:30.754629039Z 993 ilgQoHLTtVjjdXhIbz94F0FuYdggsw0adTtvUELrMxewrJRlsTHLCOnuiiwQ
2020-10-15T00:53:30.766148090Z 994 gMIjtEtdweqaJJ0Cia8YOVsZpX8OuBU1ErwZAXgm8Yax8yusrLeQiFt6TJkh
2020-10-15T00:53:30.777619707Z 995 tcDqwv7jmv1ascPrsD2KhnozcyZWVIPxdmmd4cfRZa08YZu7aAPqGoVfPw02
2020-10-15T00:53:30.788439470Z 996 Wg3zoBldbZHD8Fjck2z22vbZnH2Zx0di96ExNMAqC42HHpVRbqDAZdDAyOPo
2020-10-15T00:53:30.800201850Z 997 Fvv6iottt4d94eVOdGsYo11SKo7Ug7hM1nMxffF6m7n27MQiX7r2ynqKhyOV
2020-10-15T00:53:30.811997888Z 998 DaQw7xUB213xiI1dOfX03BBsq70CXBmVpbyVhFAiFwjYbgO8MasBYwtgbE07
2020-10-15T00:53:30.822994838Z 999 vZS34SPq7OGyFNiTwMxezHiJiQBe1p2n8o9g6TWgkCRKws0Fcj6Va4wnyXNa
