2020-10-28T16:50:31.370117961Z  running: (['/opt/scylladb/scripts/scylla_dev_mode_setup', '--developer-mode', '1'],)
2020-10-28T16:50:31.833715214Z  running: (['/opt/scylladb/scripts/scylla_io_setup'],)
2020-10-28T16:50:32.233998962Z  2020-10-28 16:50:32,233 CRIT Supervisor is running as root.  Privileges were not dropped because no user is specified in the config file.  If you intend to run as root, you can set user=root in the config file to avoid this message.
2020-10-28T16:50:32.234034977Z  2020-10-28 16:50:32,233 INFO Included extra file "/etc/supervisord.conf.d/node-exporter.conf" during parsing
2020-10-28T16:50:32.234424478Z  2020-10-28 16:50:32,233 INFO Included extra file "/etc/supervisord.conf.d/rsyslog.conf" during parsing
2020-10-28T16:50:32.234473346Z  2020-10-28 16:50:32,234 INFO Included extra file "/etc/supervisord.conf.d/scylla-housekeeping.conf" during parsing
2020-10-28T16:50:32.234486915Z  2020-10-28 16:50:32,234 INFO Included extra file "/etc/supervisord.conf.d/scylla-jmx.conf" during parsing
2020-10-28T16:50:32.234619518Z  2020-10-28 16:50:32,234 INFO Included extra file "/etc/supervisord.conf.d/scylla-server.conf" during parsing
2020-10-28T16:50:32.234845462Z  2020-10-28 16:50:32,234 INFO Included extra file "/etc/supervisord.conf.d/sshd-server.conf" during parsing
2020-10-28T16:50:32.269107911Z  2020-10-28 16:50:32,268 INFO RPC interface 'supervisor' initialized
2020-10-28T16:50:32.269503517Z  2020-10-28 16:50:32,269 CRIT Server 'inet_http_server' running without any HTTP authentication checking
2020-10-28T16:50:32.269897850Z  2020-10-28 16:50:32,269 INFO supervisord started with pid 25
2020-10-28T16:50:33.275518950Z  2020-10-28 16:50:33,274 INFO spawned: 'scylla' with pid 28
2020-10-28T16:50:33.284206601Z  2020-10-28 16:50:33,279 INFO spawned: 'scylla-housekeeping' with pid 29
2020-10-28T16:50:33.284233986Z  2020-10-28 16:50:33,283 INFO spawned: 'sshd' with pid 30
2020-10-28T16:50:33.286416727Z  2020-10-28 16:50:33,286 INFO spawned: 'scylla-jmx' with pid 31
2020-10-28T16:50:33.289646161Z  2020-10-28 16:50:33,289 INFO spawned: 'rsyslog' with pid 32
2020-10-28T16:50:33.292523699Z  2020-10-28 16:50:33,291 INFO spawned: 'node-exporter' with pid 34
2020-10-28T16:50:33.314709998Z  Generating public/private ed25519 key pair.
2020-10-28T16:50:33.314743753Z  Your identification has been saved in /etc/ssh/ssh_host_ed25519_key.
2020-10-28T16:50:33.314755684Z  Your public key has been saved in /etc/ssh/ssh_host_ed25519_key.pub.
2020-10-28T16:50:33.314765949Z  The key fingerprint is:
2020-10-28T16:50:33.314775863Z  SHA256:5Y9lOwCE/XMIHsYalR0OwgxG+Vlrys5N2yptwYEpwug root@4ac5a62f1a1a
2020-10-28T16:50:33.314785764Z  The key's randomart image is:
2020-10-28T16:50:33.314795603Z  +--[ED25519 256]--+
2020-10-28T16:50:33.314805137Z  |   .+=.=+o..     |
2020-10-28T16:50:33.314814664Z  |   .. =oOo.      |
2020-10-28T16:50:33.314823926Z  | o   . X.=o.     |
2020-10-28T16:50:33.314833096Z  |. o . * =++ .    |
2020-10-28T16:50:33.314842415Z  |.  . o +S.ooo    |
2020-10-28T16:50:33.314864730Z  | E    o +  * .   |
2020-10-28T16:50:33.314883596Z  |     o + +. +    |
2020-10-28T16:50:33.314893415Z  |      + = .  .   |
2020-10-28T16:50:33.314906396Z  |       o..       |
2020-10-28T16:50:33.314915747Z  +----[SHA256]-----+
2020-10-28T16:50:33.320004258Z  time="2020-10-28T16:50:33Z" level=info msg="Starting node_exporter (version=0.17.0, branch=HEAD, revision=f6f6194a436b9a63d0439abc585c76b19a206b21)" source="node_exporter.go:82"
2020-10-28T16:50:33.320038383Z  time="2020-10-28T16:50:33Z" level=info msg="Build context (go=go1.11.2, user=root@322511e06ced, date=20181130-15:51:33)" source="node_exporter.go:83"
2020-10-28T16:50:33.320791326Z  time="2020-10-28T16:50:33Z" level=info msg="Enabled collectors:" source="node_exporter.go:90"
2020-10-28T16:50:33.320827846Z  time="2020-10-28T16:50:33Z" level=info msg=" - arp" source="node_exporter.go:97"
2020-10-28T16:50:33.321088730Z  time="2020-10-28T16:50:33Z" level=info msg=" - bcache" source="node_exporter.go:97"
2020-10-28T16:50:33.321108931Z  time="2020-10-28T16:50:33Z" level=info msg=" - bonding" source="node_exporter.go:97"
2020-10-28T16:50:33.321119786Z  time="2020-10-28T16:50:33Z" level=info msg=" - conntrack" source="node_exporter.go:97"
2020-10-28T16:50:33.321129591Z  time="2020-10-28T16:50:33Z" level=info msg=" - cpu" source="node_exporter.go:97"
2020-10-28T16:50:33.321139546Z  time="2020-10-28T16:50:33Z" level=info msg=" - diskstats" source="node_exporter.go:97"
2020-10-28T16:50:33.321149143Z  time="2020-10-28T16:50:33Z" level=info msg=" - edac" source="node_exporter.go:97"
2020-10-28T16:50:33.321158864Z  time="2020-10-28T16:50:33Z" level=info msg=" - entropy" source="node_exporter.go:97"
2020-10-28T16:50:33.321168485Z  time="2020-10-28T16:50:33Z" level=info msg=" - filefd" source="node_exporter.go:97"
2020-10-28T16:50:33.321178069Z  time="2020-10-28T16:50:33Z" level=info msg=" - filesystem" source="node_exporter.go:97"
2020-10-28T16:50:33.321188086Z  time="2020-10-28T16:50:33Z" level=info msg=" - hwmon" source="node_exporter.go:97"
2020-10-28T16:50:33.321197925Z  time="2020-10-28T16:50:33Z" level=info msg=" - infiniband" source="node_exporter.go:97"
2020-10-28T16:50:33.321207698Z  time="2020-10-28T16:50:33Z" level=info msg=" - interrupts" source="node_exporter.go:97"
2020-10-28T16:50:33.321279831Z  time="2020-10-28T16:50:33Z" level=info msg=" - ipvs" source="node_exporter.go:97"
2020-10-28T16:50:33.321299172Z  time="2020-10-28T16:50:33Z" level=info msg=" - loadavg" source="node_exporter.go:97"
2020-10-28T16:50:33.321309738Z  time="2020-10-28T16:50:33Z" level=info msg=" - mdadm" source="node_exporter.go:97"
2020-10-28T16:50:33.321319926Z  time="2020-10-28T16:50:33Z" level=info msg=" - meminfo" source="node_exporter.go:97"
2020-10-28T16:50:33.321329714Z  time="2020-10-28T16:50:33Z" level=info msg=" - netclass" source="node_exporter.go:97"
2020-10-28T16:50:33.321339609Z  time="2020-10-28T16:50:33Z" level=info msg=" - netdev" source="node_exporter.go:97"
2020-10-28T16:50:33.321363023Z  time="2020-10-28T16:50:33Z" level=info msg=" - netstat" source="node_exporter.go:97"
2020-10-28T16:50:33.321373895Z  time="2020-10-28T16:50:33Z" level=info msg=" - nfs" source="node_exporter.go:97"
2020-10-28T16:50:33.321391549Z  time="2020-10-28T16:50:33Z" level=info msg=" - nfsd" source="node_exporter.go:97"
2020-10-28T16:50:33.321401266Z  time="2020-10-28T16:50:33Z" level=info msg=" - sockstat" source="node_exporter.go:97"
2020-10-28T16:50:33.321410486Z  time="2020-10-28T16:50:33Z" level=info msg=" - stat" source="node_exporter.go:97"
2020-10-28T16:50:33.321420052Z  time="2020-10-28T16:50:33Z" level=info msg=" - textfile" source="node_exporter.go:97"
2020-10-28T16:50:33.321527712Z  time="2020-10-28T16:50:33Z" level=info msg=" - time" source="node_exporter.go:97"
2020-10-28T16:50:33.321546502Z  time="2020-10-28T16:50:33Z" level=info msg=" - timex" source="node_exporter.go:97"
2020-10-28T16:50:33.321557120Z  time="2020-10-28T16:50:33Z" level=info msg=" - uname" source="node_exporter.go:97"
2020-10-28T16:50:33.321567092Z  time="2020-10-28T16:50:33Z" level=info msg=" - vmstat" source="node_exporter.go:97"
2020-10-28T16:50:33.321577314Z  time="2020-10-28T16:50:33Z" level=info msg=" - xfs" source="node_exporter.go:97"
2020-10-28T16:50:33.321587332Z  time="2020-10-28T16:50:33Z" level=info msg=" - zfs" source="node_exporter.go:97"
2020-10-28T16:50:33.321597372Z  time="2020-10-28T16:50:33Z" level=info msg="Listening on :9100" source="node_exporter.go:111"
2020-10-28T16:50:33.658302396Z  Scylla version 4.2.0-0.20201025.94597e38e2 with build-id 9057ccfab8fb951c06b8feaf25ac05ac7e60765e starting ...
2020-10-28T16:50:33.658346473Z  command used: "/usr/bin/scylla --log-to-syslog 0 --log-to-stdout 1 --default-log-level info --network-stack posix --developer-mode=1 --overprovisioned --listen-address 10.0.120.3 --rpc-address 10.0.120.3 --seed-provider-parameters seeds=10.0.120.3 --blocked-reactor-notify-ms 999999999"
2020-10-28T16:50:33.658358841Z  parsed command line options: [log-to-syslog: 0, log-to-stdout: 1, default-log-level: info, network-stack: posix, developer-mode: 1, overprovisioned, listen-address: 10.0.120.3, rpc-address: 10.0.120.3, seed-provider-parameters: seeds=10.0.120.3, blocked-reactor-notify-ms: 999999999]
2020-10-28T16:50:33.900115907Z  Generating public/private rsa key pair.
2020-10-28T16:50:33.900156843Z  Your identification has been saved in /etc/ssh/ssh_host_rsa_key.
2020-10-28T16:50:33.900167672Z  Your public key has been saved in /etc/ssh/ssh_host_rsa_key.pub.
2020-10-28T16:50:33.900177435Z  The key fingerprint is:
2020-10-28T16:50:33.900200014Z  SHA256:zYwto2j+ylsBCPljy9haD0TcqkQ7X38OPywdaDI6Sjc root@4ac5a62f1a1a
2020-10-28T16:50:33.900209813Z  The key's randomart image is:
2020-10-28T16:50:33.900219192Z  +---[RSA 4096]----+
2020-10-28T16:50:33.900228283Z  |.o .             |
2020-10-28T16:50:33.900237369Z  |.oo..            |
2020-10-28T16:50:33.900246377Z  |.oo..            |
2020-10-28T16:50:33.900270808Z  | +*  o   *       |
2020-10-28T16:50:33.900281324Z  |.Boo. o S =      |
2020-10-28T16:50:33.900290549Z  |o *. + B =       |
2020-10-28T16:50:33.900299611Z  | + E+ * B .      |
2020-10-28T16:50:33.900308760Z  |o .*o. . *       |
2020-10-28T16:50:33.900317760Z  | .. *+. . .      |
2020-10-28T16:50:33.900326767Z  +----[SHA256]-----+
2020-10-28T16:50:33.916523412Z  Could not load host key: /etc/ssh/ssh_host_ecdsa_key
2020-10-28T16:50:33.945110527Z  WARN  2020-10-28 16:50:33,928 [shard 0] seastar - Unable to set SCHED_FIFO scheduling policy for timer thread; latency impact possible. Try adding CAP_SYS_NICE
2020-10-28T16:50:33.947969117Z  Connecting to http://localhost:10000
2020-10-28T16:50:33.947993408Z  Starting the JMX server
2020-10-28T16:50:34.188231510Z  INFO  2020-10-28 16:50:34,186 [shard 0] init - installing SIGHUP handler
2020-10-28T16:50:34.205421762Z  INFO  2020-10-28 16:50:34,204 [shard 0] init - Scylla version 4.2.0-0.20201025.94597e38e2 with build-id 9057ccfab8fb951c06b8feaf25ac05ac7e60765e starting ...
2020-10-28T16:50:34.205466842Z  
2020-10-28T16:50:34.218717120Z  INFO  2020-10-28 16:50:34,218 [shard 0] init - starting prometheus API server
2020-10-28T16:50:34.247881099Z  INFO  2020-10-28 16:50:34,247 [shard 0] init - starting tokens manager
2020-10-28T16:50:34.248342238Z  INFO  2020-10-28 16:50:34,247 [shard 0] init - starting migration manager notifier
2020-10-28T16:50:34.248369168Z  INFO  2020-10-28 16:50:34,248 [shard 0] init - creating tracing
2020-10-28T16:50:34.249090666Z  INFO  2020-10-28 16:50:34,248 [shard 0] init - creating snitch
2020-10-28T16:50:34.250077881Z  INFO  2020-10-28 16:50:34,249 [shard 0] init - determining DNS name
2020-10-28T16:50:34.250099290Z  INFO  2020-10-28 16:50:34,249 [shard 0] init - starting API server
2020-10-28T16:50:34.251309064Z  INFO  2020-10-28 16:50:34,251 [shard 0] init - Scylla API server listening on 127.0.0.1:10000 ...
2020-10-28T16:50:34.252012724Z  INFO  2020-10-28 16:50:34,251 [shard 0] init - initializing storage service
2020-10-28T16:50:34.252437558Z  INFO  2020-10-28 16:50:34,252 [shard 0] init - starting per-shard database core
2020-10-28T16:50:34.257193342Z  WARN  2020-10-28 16:50:34,256 [shard 0] init - I/O Scheduler is not properly configured! This is a non-supported setup, and performance is expected to be unpredictably bad.
2020-10-28T16:50:34.257219293Z   Reason found: none of --max-io-requests, --io-properties and --io-properties-file are set.
2020-10-28T16:50:34.257231283Z  To properly configure the I/O Scheduler, run the scylla_io_setup utility shipped with Scylla.
2020-10-28T16:50:34.257241805Z  
2020-10-28T16:50:34.257763463Z  INFO  2020-10-28 16:50:34,257 [shard 0] init - creating and verifying directories
2020-10-28T16:50:34.604260615Z  JMX is enabled to receive remote connections on port: 7199
2020-10-28T16:50:34.604297303Z  2020-10-28 16:50:34,602 INFO success: scylla entered RUNNING state, process has stayed up for > than 1 seconds (startsecs)
2020-10-28T16:50:34.604329034Z  2020-10-28 16:50:34,602 INFO success: scylla-housekeeping entered RUNNING state, process has stayed up for > than 1 seconds (startsecs)
2020-10-28T16:50:34.604340917Z  2020-10-28 16:50:34,603 INFO success: sshd entered RUNNING state, process has stayed up for > than 1 seconds (startsecs)
2020-10-28T16:50:34.604351491Z  2020-10-28 16:50:34,603 INFO success: scylla-jmx entered RUNNING state, process has stayed up for > than 1 seconds (startsecs)
2020-10-28T16:50:34.604362121Z  2020-10-28 16:50:34,603 INFO success: rsyslog entered RUNNING state, process has stayed up for > than 1 seconds (startsecs)
2020-10-28T16:50:34.604372539Z  2020-10-28 16:50:34,603 INFO success: node-exporter entered RUNNING state, process has stayed up for > than 1 seconds (startsecs)
2020-10-28T16:50:34.731964529Z  INFO  2020-10-28 16:50:34,731 [shard 0] database - Populating Keyspace system_schema
2020-10-28T16:50:34.732007974Z  INFO  2020-10-28 16:50:34,731 [shard 0] database - Keyspace system_schema: Reading CF view_virtual_columns id=08843b63-45dc-3be2-9798-a0418295cfaa version=c777531c-15f7-326f-8ebe-39fd0265c8c9
2020-10-28T16:50:34.732024551Z  INFO  2020-10-28 16:50:34,731 [shard 0] database - Keyspace system_schema: Reading CF computed_columns id=cc7c7069-3740-33c1-92a4-c3de78dbd2c4 version=2b8c4439-de76-31e0-807f-3b7290a975d7
2020-10-28T16:50:34.732038970Z  INFO  2020-10-28 16:50:34,731 [shard 0] database - Keyspace system_schema: Reading CF aggregates id=924c5587-2e3a-345b-b10c-12f37c1ba895 version=4b53e92c-0368-3d5c-b959-2ec1bfd1a59f
2020-10-28T16:50:34.732095382Z  INFO  2020-10-28 16:50:34,731 [shard 0] database - Keyspace system_schema: Reading CF functions id=96489b79-80be-3e14-a701-66a0b9159450 version=329ed804-55b3-3eee-ad61-d85317b96097
2020-10-28T16:50:34.732868255Z  INFO  2020-10-28 16:50:34,731 [shard 0] database - Keyspace system_schema: Reading CF views id=9786ac1c-dd58-3201-a7cd-ad556410c985 version=5b58bb47-96e7-3f57-accf-0bfca4dbbc6e
2020-10-28T16:50:34.732889579Z  INFO  2020-10-28 16:50:34,731 [shard 0] database - Keyspace system_schema: Reading CF indexes id=0feb57ac-311f-382f-ba6d-9024d305702f version=99c40462-8687-304e-abe3-2bdbef1f25aa
2020-10-28T16:50:34.732900859Z  INFO  2020-10-28 16:50:34,731 [shard 0] database - Keyspace system_schema: Reading CF types id=5a8b1ca8-6602-3f77-a045-9273d308917a version=de51b2ce-5e4d-3b7d-a75f-2204332ce8d1
2020-10-28T16:50:34.732911450Z  INFO  2020-10-28 16:50:34,731 [shard 0] database - Keyspace system_schema: Reading CF triggers id=4df70b66-6b05-3251-95a1-32b54005fd48 version=582d7071-1ef0-37c8-adc6-471a13636139
2020-10-28T16:50:34.732922033Z  INFO  2020-10-28 16:50:34,731 [shard 0] database - Keyspace system_schema: Reading CF dropped_columns id=5e7583b5-f3f4-3af1-9a39-b7e1d6f5f11f version=7426bc6c-4c2f-3200-8ad8-4329610ed59a
2020-10-28T16:50:34.732932588Z  INFO  2020-10-28 16:50:34,731 [shard 0] database - Keyspace system_schema: Reading CF columns id=24101c25-a2ae-3af7-87c1-b40ee1aca33f version=d33236d4-9bdd-3c09-abf0-a0bc5edc2526
2020-10-28T16:50:34.732954972Z  INFO  2020-10-28 16:50:34,731 [shard 0] database - Keyspace system_schema: Reading CF scylla_tables id=5d912ff1-f759-3665-b2c8-8042ab5103dd version=38e5e56b-155d-39b5-a0d2-8e5dcad42a26
2020-10-28T16:50:34.732986505Z  INFO  2020-10-28 16:50:34,731 [shard 0] database - Keyspace system_schema: Reading CF tables id=afddfb9d-bc1e-3068-8056-eed6c302ba09 version=b6240810-eeb7-36d5-9411-43b2d68dddab
2020-10-28T16:50:34.733001583Z  INFO  2020-10-28 16:50:34,731 [shard 0] database - Keyspace system_schema: Reading CF keyspaces id=abac5682-dea6-31c5-b535-b3d6cffd0fb6 version=e79ca8ba-6556-3f7d-925a-7f20cf57938c
2020-10-28T16:50:38.861067105Z  Traceback (most recent call last):
2020-10-28T16:50:38.861110290Z    File "/opt/scylladb/scripts/libexec/scylla-housekeeping", line 208, in <module>
2020-10-28T16:50:38.861122036Z      args.func(args)
2020-10-28T16:50:38.861131666Z    File "/opt/scylladb/scripts/libexec/scylla-housekeeping", line 134, in check_version
2020-10-28T16:50:38.861141470Z      current_version = sanitize_version(get_api('/storage_service/scylla_release_version'))
2020-10-28T16:50:38.861150929Z    File "/opt/scylladb/scripts/libexec/scylla-housekeeping", line 93, in get_api
2020-10-28T16:50:38.861160531Z      return get_json_from_url("http://" + api_address + path)
2020-10-28T16:50:38.861170063Z    File "/opt/scylladb/scripts/libexec/scylla-housekeeping", line 88, in get_json_from_url
2020-10-28T16:50:38.861183974Z      raise RuntimeError(f'Failed to get "{path}" due to the following error: {retval}')
2020-10-28T16:50:38.861193790Z  RuntimeError: Failed to get "http://localhost:10000/storage_service/scylla_release_version" due to the following error: HTTP Error 404: Not Found
2020-10-28T16:50:39.330006350Z  INFO  2020-10-28 16:50:39,329 [shard 0] database - Populating Keyspace system
2020-10-28T16:50:39.330046730Z  INFO  2020-10-28 16:50:39,329 [shard 0] database - Keyspace system: Reading CF schema_aggregates id=a5fc57fc-9d6c-3bfd-a3fc-01ad54686fea version=d06c934f-9a69-374c-86f1-523ab26fb05c
2020-10-28T16:50:39.330059547Z  INFO  2020-10-28 16:50:39,329 [shard 0] database - Keyspace system: Reading CF schema_functions id=d1b675fe-2b50-3ca4-8e49-c0f81989dcad version=a50959dd-2be0-3e4e-8bb5-cf40796e256a
2020-10-28T16:50:39.330070864Z  INFO  2020-10-28 16:50:39,329 [shard 0] database - Keyspace system: Reading CF schema_usertypes id=3aa75225-4f82-350b-8d5c-430fa221fa0a version=3c53e6bb-56d5-3618-a0b2-4ff5f18127d7
2020-10-28T16:50:39.330631217Z  INFO  2020-10-28 16:50:39,329 [shard 0] database - Keyspace system: Reading CF schema_triggers id=0359bc71-7123-3ee1-9a4a-b9dfb11fc125 version=75e4ec4c-76da-3f59-984e-66810ba0c62b
2020-10-28T16:50:39.330658921Z  INFO  2020-10-28 16:50:39,329 [shard 0] database - Keyspace system: Reading CF schema_columns id=296e9c04-9bec-3085-827d-c17d3df2122a version=53cfbb66-ee0d-37be-97bb-b2afb3746f85
2020-10-28T16:50:39.330670640Z  INFO  2020-10-28 16:50:39,329 [shard 0] database - Keyspace system: Reading CF schema_keyspaces id=b0f22357-4458-3cdb-9631-c43e59ce3676 version=84d28cef-59f9-34a9-9be5-31c684997f03
2020-10-28T16:50:39.330680943Z  INFO  2020-10-28 16:50:39,329 [shard 0] database - Keyspace system: Reading CF cdc_local id=0bcaffd4-0c83-3ead-ad13-dc1d5015b77c version=0aa4d3a2-ed95-3ecd-aba0-cd75622ad290
2020-10-28T16:50:39.330691001Z  INFO  2020-10-28 16:50:39,329 [shard 0] database - Keyspace system: Reading CF truncated id=38c19fd0-fb86-3310-a4b7-0d0cc66628aa version=6da9a85c-7ae0-3917-aead-54a2f65a57a8
2020-10-28T16:50:39.330718171Z  INFO  2020-10-28 16:50:39,329 [shard 0] database - Keyspace system: Reading CF scylla_views_builds_in_progress id=a04c7bfd-1e13-36c9-a44d-f22da352281d version=e3fb736c-6956-3990-a31d-9a482279e3fc
2020-10-28T16:50:39.330729518Z  INFO  2020-10-28 16:50:39,330 [shard 0] database - Keyspace system: Reading CF built_views id=4b3c50a9-ea87-3d76-9101-6dbc9c38494a version=a28aa0b3-6def-30a7-9fbe-ce78b3f3c9b9
2020-10-28T16:50:39.330739681Z  INFO  2020-10-28 16:50:39,330 [shard 0] database - Keyspace system: Reading CF views_builds_in_progress id=b7f2c108-78cd-3c80-9cd5-d609b2bd149c version=b905cce5-1474-3085-819a-7592453e2fb9
2020-10-28T16:50:39.330749756Z  INFO  2020-10-28 16:50:39,330 [shard 0] database - Keyspace system: Reading CF large_cells id=ead8bbc5-f146-3ae1-9f71-0b11f9a1d296 version=0d4a6937-a781-3f87-a192-b4e4a4a40acf
2020-10-28T16:50:39.330759655Z  INFO  2020-10-28 16:50:39,330 [shard 0] database - Keyspace system: Reading CF large_partitions id=8a7fe624-96b0-34b1-b90e-f71bddcdd2d3 version=04fa9920-9369-3a96-be39-6dd9fdc816b6
2020-10-28T16:50:39.330769557Z  INFO  2020-10-28 16:50:39,330 [shard 0] database - Keyspace system: Reading CF IndexInfo id=9f5c6374-d485-3229-9a0a-5094af9ad1e3 version=bbb3743b-351f-3023-b4fc-09a9be37d529
2020-10-28T16:50:39.330780844Z  INFO  2020-10-28 16:50:39,330 [shard 0] database - Keyspace system: Reading CF hints id=2666e205-73ef-38b3-90fe-fecf96e8f0c7 version=0b74fdd1-e96d-309e-a14e-a5bcd7ac885d
2020-10-28T16:50:39.331064909Z  INFO  2020-10-28 16:50:39,330 [shard 0] database - Keyspace system: Reading CF schema_columnfamilies id=45f5b360-24bc-3f83-a363-1034ea4fa697 version=7f7a5fea-07b7-304d-a6f8-f7aec72cabdb
2020-10-28T16:50:39.331090673Z  INFO  2020-10-28 16:50:39,330 [shard 0] database - Keyspace system: Reading CF local id=7ad54392-bcdd-35a6-8417-4e047860b377 version=7fa82c2e-5b67-37dd-8e5e-2079e18f1536
2020-10-28T16:50:39.331103022Z  INFO  2020-10-28 16:50:39,330 [shard 0] database - Keyspace system: Reading CF paxos id=b7b7f0c2-fd0a-3410-8c05-3ef614bb7c2d version=6dd372de-72fb-3e1b-9b8c-f97738a67fe9
2020-10-28T16:50:39.331114289Z  INFO  2020-10-28 16:50:39,330 [shard 0] database - Keyspace system: Reading CF scylla_local id=2972ec7f-fb20-38dd-aac1-d876f2e3fcbd version=5f0b407d-eedf-3845-a48e-dbb9673d10e1
2020-10-28T16:50:39.331124702Z  INFO  2020-10-28 16:50:39,330 [shard 0] database - Keyspace system: Reading CF peer_events id=59dfeaea-8db2-3341-91ef-109974d81484 version=7f874a05-72b8-3c21-9acb-baa164fc351a
2020-10-28T16:50:39.331135046Z  INFO  2020-10-28 16:50:39,330 [shard 0] database - Keyspace system: Reading CF large_rows id=40550f66-0858-39a0-9430-f27fc08034e9 version=aee3acb0-7926-317b-848e-db7bc3721695
2020-10-28T16:50:39.331145387Z  INFO  2020-10-28 16:50:39,330 [shard 0] database - Keyspace system: Reading CF peers id=37f71aca-7dc2-383b-a706-72528af04d4f version=f6f6871f-8c86-3eca-ac0b-2a2e848e395d
2020-10-28T16:50:39.331155561Z  INFO  2020-10-28 16:50:39,330 [shard 0] database - Keyspace system: Reading CF sstable_activity id=5a1ff267-ace0-3f12-8563-cfae6103c65e version=bdec57a3-b234-334b-be9c-7b1f33113995
2020-10-28T16:50:39.331165534Z  INFO  2020-10-28 16:50:39,330 [shard 0] database - Keyspace system: Reading CF range_xfers id=55d76438-4e55-3f8b-9f6e-676d4af3976d version=dd15a078-409b-350d-9bef-c5f3520832d8
2020-10-28T16:50:39.331175619Z  INFO  2020-10-28 16:50:39,330 [shard 0] database - Keyspace system: Reading CF size_estimates id=618f817b-005f-3678-b8a4-53f3930b8e86 version=6d4dbcff-f05b-3dc3-95ad-f79f7b10504d
2020-10-28T16:50:39.331197846Z  INFO  2020-10-28 16:50:39,330 [shard 0] database - Keyspace system: Reading CF clients id=ca0f635d-8630-3609-8d93-a1fc06f2a5e5 version=51273ebf-e6f9-3cd5-b455-ea09ad29796f
2020-10-28T16:50:39.331210852Z  INFO  2020-10-28 16:50:39,330 [shard 0] database - Keyspace system: Reading CF compactions_in_progress id=55080ab0-5d9c-3886-90a4-acb25fe1f77b version=540263f1-40db-3869-8a38-3baadedc222d
2020-10-28T16:50:39.331221394Z  INFO  2020-10-28 16:50:39,330 [shard 0] database - Keyspace system: Reading CF batchlog id=0290003c-977e-397c-ac3e-fdfdc01d626b version=e2a2e804-49e4-3597-9f16-39fd9475835c
2020-10-28T16:50:39.331231596Z  INFO  2020-10-28 16:50:39,330 [shard 0] database - Keyspace system: Reading CF compaction_history id=b4dbb7b4-dc49-3fb5-b3bf-ce6e434832ca version=25cae56a-8d75-39f3-a146-3756ab4981c7
2020-10-28T16:50:51.038519020Z  INFO  2020-10-28 16:50:51,037 [shard 0] init - starting gossip
2020-10-28T16:50:51.039414187Z  WARN  2020-10-28 16:50:51,038 [shard 0] init - Using default cluster name is not recommended. Using a unique cluster name will reduce the chance of adding nodes to the wrong cluster by mistake
2020-10-28T16:50:51.040569420Z  INFO  2020-10-28 16:50:51,040 [shard 0] init - starting storage proxy
2020-10-28T16:50:51.055853228Z  INFO  2020-10-28 16:50:51,055 [shard 0] init - creating hints manager
2020-10-28T16:50:51.057015068Z  INFO  2020-10-28 16:50:51,056 [shard 2] init - creating hints manager
2020-10-28T16:50:51.057066768Z  INFO  2020-10-28 16:50:51,056 [shard 1] init - creating hints manager
2020-10-28T16:50:51.057078319Z  INFO  2020-10-28 16:50:51,056 [shard 3] init - creating hints manager
2020-10-28T16:50:51.057534559Z  INFO  2020-10-28 16:50:51,056 [shard 0] init - starting migration manager
2020-10-28T16:50:51.057947947Z  INFO  2020-10-28 16:50:51,057 [shard 0] init - starting query processor
2020-10-28T16:50:51.058869465Z  INFO  2020-10-28 16:50:51,058 [shard 0] init - initializing batchlog manager
2020-10-28T16:50:51.124225395Z  INFO  2020-10-28 16:50:51,123 [shard 0] format_selector - Selected mc sstables format
2020-10-28T16:50:51.125666944Z  INFO  2020-10-28 16:50:51,125 [shard 0] legacy_schema_migrator - Moving 0 keyspaces from legacy schema tables to the new schema keyspace (system_schema)
2020-10-28T16:50:51.126036922Z  INFO  2020-10-28 16:50:51,125 [shard 0] legacy_schema_migrator - Dropping legacy schema tables
2020-10-28T16:51:07.332596906Z  INFO  2020-10-28 16:51:07,331 [shard 0] legacy_schema_migrator - Completed migration of legacy schema tables
2020-10-28T16:51:07.372635027Z  INFO  2020-10-28 16:51:07,371 [shard 0] init - loading system sstables
2020-10-28T16:51:22.319633820Z  INFO  2020-10-28 16:51:22,318 [shard 0] init - loading non-system sstables
2020-10-28T16:51:32.684548153Z  INFO  2020-10-28 16:51:32,683 [shard 0] database - Populating Keyspace system_auth
2020-10-28T16:51:32.684619094Z  INFO  2020-10-28 16:51:32,683 [shard 0] database - Keyspace system_auth: Reading CF roles id=5bc52802-de25-35ed-aeab-188eecebb090 version=d8f599da-7544-3f57-aa58-b229deea93e0
2020-10-28T16:51:32.684661712Z  INFO  2020-10-28 16:51:32,683 [shard 0] database - Keyspace system_auth: Reading CF role_members id=0ecdaa87-f8fb-3e60-88d1-74fb36fe5c0d version=2923b5bb-f2f8-36e8-9e73-19019900010c
2020-10-28T16:51:32.684910711Z  INFO  2020-10-28 16:51:32,683 [shard 0] database - Populating Keyspace system_traces
2020-10-28T16:51:32.684958042Z  INFO  2020-10-28 16:51:32,683 [shard 0] database - Keyspace system_traces: Reading CF sessions_time_idx id=0ebf001c-c1d1-3693-9a63-c3d96ac53318 version=cd5d1e5f-1f42-3b9d-a8ba-3af39d59a7d5
2020-10-28T16:51:32.684979927Z  INFO  2020-10-28 16:51:32,683 [shard 0] database - Keyspace system_traces: Reading CF sessions id=c5e99f16-8677-3914-b17e-960613512345 version=e0fc4b06-6cba-3b7b-bfb6-b42a77c370a9
2020-10-28T16:51:32.684998196Z  INFO  2020-10-28 16:51:32,683 [shard 0] database - Keyspace system_traces: Reading CF node_slow_log_time_idx id=f9706768-aa1e-3d87-9e5c-51a3927c2870 version=eaffc0bb-7b2c-3b64-8924-d8ba685120bc
2020-10-28T16:51:32.685016040Z  INFO  2020-10-28 16:51:32,684 [shard 0] database - Keyspace system_traces: Reading CF node_slow_log id=bfcc4e62-5b63-3aa1-a1c3-6f5e47f3325c version=23e7a411-8414-340f-854d-20a3a637e438
2020-10-28T16:51:32.685034064Z  INFO  2020-10-28 16:51:32,684 [shard 0] database - Keyspace system_traces: Reading CF events id=8826e8e9-e16a-3728-8753-3bc1fc713c25 version=41a6b26e-a03b-3ae1-8a4a-b9446e7f9304
2020-10-28T16:51:32.685052395Z  INFO  2020-10-28 16:51:32,684 [shard 0] database - Populating Keyspace dt
2020-10-28T16:51:32.685070190Z  INFO  2020-10-28 16:51:32,684 [shard 0] database - Keyspace dt: Reading CF user id=5c294820-d77b-11ea-9877-000000000001 version=02cce273-02f1-3e6a-8674-f1016e3f22d7
2020-10-28T16:51:32.685087662Z  INFO  2020-10-28 16:51:32,684 [shard 0] database - Keyspace dt: Reading CF twin id=5e00c740-d77b-11ea-9877-000000000001 version=6240633e-c8cc-3fea-a1e3-452eff1b9659
2020-10-28T16:51:32.685105515Z  INFO  2020-10-28 16:51:32,684 [shard 0] database - Keyspace dt: Reading CF source_element_idx_index id=68593f10-d77b-11ea-9877-000000000001 version=33e3f927-f730-3081-88e1-6bed2962e42a
2020-10-28T16:51:32.685122905Z  INFO  2020-10-28 16:51:32,684 [shard 0] database - Keyspace dt: Reading CF element_twin_idx_index id=630ae8b0-d77b-11ea-9877-000000000001 version=bc3026fd-bc4e-318d-b6f4-ca0b566cb74b
2020-10-28T16:51:32.685140623Z  INFO  2020-10-28 16:51:32,684 [shard 0] database - Keyspace dt: Reading CF source_data id=6af6cd50-d77b-11ea-9877-000000000001 version=b52400e3-b307-3141-b3fc-e5d63573f135
2020-10-28T16:51:32.685740038Z  INFO  2020-10-28 16:51:32,684 [shard 0] database - Keyspace dt: Reading CF source id=65ff2270-d77b-11ea-9877-000000000001 version=5f8471b7-7d19-31d4-9be5-0f153affb0bb
2020-10-28T16:51:32.685760210Z  INFO  2020-10-28 16:51:32,684 [shard 0] database - Keyspace dt: Reading CF element id=607549b0-d77b-11ea-9877-000000000001 version=f44a6c4b-69d8-37f2-b116-7260740acc6c
2020-10-28T16:51:32.685771313Z  INFO  2020-10-28 16:51:32,684 [shard 0] database - Populating Keyspace system_distributed
2020-10-28T16:51:32.685782313Z  INFO  2020-10-28 16:51:32,684 [shard 0] database - Keyspace system_distributed: Reading CF view_build_status id=5582b59f-8e4e-35e1-b913-3acada51eb04 version=e0b6e628-60e0-39a2-ada0-9b6c13bdd9bc
2020-10-28T16:51:32.685803604Z  INFO  2020-10-28 16:51:32,684 [shard 0] database - Keyspace system_distributed: Reading CF cdc_streams id=07405732-4620-34d6-a85e-947248dad9a4 version=b606cfa4-a37b-32bd-a624-e05cab2bed3c
2020-10-28T16:51:32.685825385Z  INFO  2020-10-28 16:51:32,684 [shard 0] database - Keyspace system_distributed: Reading CF cdc_generations id=6a4df139-00b6-3d21-9efc-dade266dc3b7 version=2511b46b-df1d-39fa-9a77-f5cacf88af47
2020-10-28T16:51:39.504976777Z  INFO  2020-10-28 16:51:39,504 [shard 0] init - starting view update generator
2020-10-28T16:51:39.506085558Z  INFO  2020-10-28 16:51:39,505 [shard 0] init - discovering staging sstables
2020-10-28T16:51:39.507475729Z  INFO  2020-10-28 16:51:39,506 [shard 0] init - setting up system keyspace
2020-10-28T16:51:39.564361809Z  INFO  2020-10-28 16:51:39,563 [shard 0] init - starting commit log
2020-10-28T16:51:39.565294200Z  INFO  2020-10-28 16:51:39,564 [shard 0] compaction - Compacting [/var/lib/scylla/data/system/truncated-38c19fd0fb863310a4b70d0cc66628aa/mc-2076-big-Data.db:level=0, /var/lib/scylla/data/system/truncated-38c19fd0fb863310a4b70d0cc66628aa/mc-2072-big-Data.db:level=0, ]
2020-10-28T16:51:39.565625209Z  INFO  2020-10-28 16:51:39,565 [shard 0] compaction - Compacting [/var/lib/scylla/data/system/peers-37f71aca7dc2383ba70672528af04d4f/mc-8-big-Data.db:level=0, /var/lib/scylla/data/system/peers-37f71aca7dc2383ba70672528af04d4f/mc-4-big-Data.db:level=0, ]
2020-10-28T16:51:39.565654321Z  INFO  2020-10-28 16:51:39,565 [shard 3] compaction - Compacting [/var/lib/scylla/data/dt/source_data-6af6cd50d77b11ea9877000000000001/mc-875-big-Data.db:level=0, /var/lib/scylla/data/dt/source_data-6af6cd50d77b11ea9877000000000001/mc-871-big-Data.db:level=0, ]
2020-10-28T16:51:39.565955312Z  INFO  2020-10-28 16:51:39,565 [shard 0] compaction - Compacting [/var/lib/scylla/data/system/compaction_history-b4dbb7b4dc493fb5b3bfce6e434832ca/mc-1096-big-Data.db:level=0, /var/lib/scylla/data/system/compaction_history-b4dbb7b4dc493fb5b3bfce6e434832ca/mc-1092-big-Data.db:level=0, ]
2020-10-28T16:51:39.565977795Z  INFO  2020-10-28 16:51:39,565 [shard 3] compaction - Compacting [/var/lib/scylla/data/system/truncated-38c19fd0fb863310a4b70d0cc66628aa/mc-2079-big-Data.db:level=0, /var/lib/scylla/data/system/truncated-38c19fd0fb863310a4b70d0cc66628aa/mc-1175-big-Data.db:level=0, ]
2020-10-28T16:51:39.566333657Z  INFO  2020-10-28 16:51:39,565 [shard 3] compaction - Compacting [/var/lib/scylla/data/system/compaction_history-b4dbb7b4dc493fb5b3bfce6e434832ca/mc-1127-big-Data.db:level=0, /var/lib/scylla/data/system/compaction_history-b4dbb7b4dc493fb5b3bfce6e434832ca/mc-1123-big-Data.db:level=0, ]
2020-10-28T16:51:39.566364524Z  INFO  2020-10-28 16:51:39,565 [shard 2] compaction - Compacting [/var/lib/scylla/data/system/truncated-38c19fd0fb863310a4b70d0cc66628aa/mc-2078-big-Data.db:level=0, /var/lib/scylla/data/system/truncated-38c19fd0fb863310a4b70d0cc66628aa/mc-1366-big-Data.db:level=0, ]
2020-10-28T16:51:39.566377166Z  INFO  2020-10-28 16:51:39,566 [shard 1] compaction - Compacting [/var/lib/scylla/data/system/local-7ad54392bcdd35a684174e047860b377/mc-4449-big-Data.db:level=0, /var/lib/scylla/data/system/local-7ad54392bcdd35a684174e047860b377/mc-4453-big-Data.db:level=0, /var/lib/scylla/data/system/local-7ad54392bcdd35a684174e047860b377/mc-4445-big-Data.db:level=0, ]
2020-10-28T16:51:39.566809022Z  INFO  2020-10-28 16:51:39,566 [shard 1] compaction - Compacting [/var/lib/scylla/data/system/compaction_history-b4dbb7b4dc493fb5b3bfce6e434832ca/mc-1113-big-Data.db:level=0, /var/lib/scylla/data/system/compaction_history-b4dbb7b4dc493fb5b3bfce6e434832ca/mc-1109-big-Data.db:level=0, ]
2020-10-28T16:51:39.567166144Z  INFO  2020-10-28 16:51:39,566 [shard 2] compaction - Compacting [/var/lib/scylla/data/system/compaction_history-b4dbb7b4dc493fb5b3bfce6e434832ca/mc-1126-big-Data.db:level=0, /var/lib/scylla/data/system/compaction_history-b4dbb7b4dc493fb5b3bfce6e434832ca/mc-1122-big-Data.db:level=0, ]
2020-10-28T16:51:39.567471721Z  INFO  2020-10-28 16:51:39,567 [shard 1] compaction - Compacting [/var/lib/scylla/data/system/clients-ca0f635d863036098d93a1fc06f2a5e5/mc-21-big-Data.db:level=0, /var/lib/scylla/data/system/clients-ca0f635d863036098d93a1fc06f2a5e5/mc-25-big-Data.db:level=0, ]
2020-10-28T16:51:39.570833052Z  INFO  2020-10-28 16:51:39,570 [shard 0] init - initializing migration manager RPC verbs
2020-10-28T16:51:39.571266343Z  INFO  2020-10-28 16:51:39,570 [shard 0] init - initializing storage proxy RPC verbs
2020-10-28T16:51:39.571779655Z  INFO  2020-10-28 16:51:39,571 [shard 0] init - starting streaming service
2020-10-28T16:51:39.572972367Z  INFO  2020-10-28 16:51:39,572 [shard 0] init - starting hinted handoff manager
2020-10-28T16:51:41.117536011Z  WARN  2020-10-28 16:51:41,116 [shard 3] large_data - Writing a partition with too many rows [dt/source_data:d0a71d84-b80f-4558-beac-8887750652e3] (179082 rows)
2020-10-28T16:51:41.481014773Z  INFO  2020-10-28 16:51:41,480 [shard 1] compaction - Compacted 2 sstables to []. 38kB to 0 bytes (~0% of original) in 40ms = 0 bytes/s. ~256 total partitions merged to 0.
2020-10-28T16:51:41.616278791Z  INFO  2020-10-28 16:51:41,615 [shard 0] compaction - Compacted 2 sstables to []. 10kB to 0 bytes (~0% of original) in 0ms = 0 bytes/s. ~256 total partitions merged to 0.
2020-10-28T16:51:42.190722762Z  INFO  2020-10-28 16:51:42,189 [shard 0] init - starting messaging service
2020-10-28T16:51:42.191345116Z  INFO  2020-10-28 16:51:42,190 [shard 0] repair - Setting max_repair_memory=168820736, max_repair_memory_per_range=33554432, max_repair_ranges_in_parallel=5
2020-10-28T16:51:42.192236143Z  INFO  2020-10-28 16:51:42,191 [shard 0] init - starting storage service
2020-10-28T16:51:42.194177147Z  INFO  2020-10-28 16:51:42,193 [shard 0] storage_service - Loading persisted ring state
2020-10-28T16:51:42.202299817Z  INFO  2020-10-28 16:51:42,201 [shard 0] storage_service - loaded_peer_features: peer_features size=0
2020-10-28T16:51:42.202338922Z  INFO  2020-10-28 16:51:42,201 [shard 0] storage_service - Checking remote features skipped, since this node is a new seed node which knows nothing about the cluster
2020-10-28T16:51:42.203911605Z  INFO  2020-10-28 16:51:42,203 [shard 0] storage_service - Restarting a node in NORMAL status
2020-10-28T16:51:42.677660721Z  INFO  2020-10-28 16:51:42,676 [shard 0] schema_tables - Schema version changed to 3f00f995-6495-3765-8599-4e76a2f4c6b2
2020-10-28T16:51:42.678099417Z  INFO  2020-10-28 16:51:42,677 [shard 0] storage_service - Starting up server gossip
2020-10-28T16:51:43.477979543Z  INFO  2020-10-28 16:51:43,477 [shard 3] compaction - Compacting [/var/lib/scylla/data/system/large_rows-40550f66085839a09430f27fc08034e9/mc-7-big-Data.db:level=0, /var/lib/scylla/data/system/large_rows-40550f66085839a09430f27fc08034e9/mc-11-big-Data.db:level=0, ]
2020-10-28T16:51:43.638780075Z  INFO  2020-10-28 16:51:43,638 [shard 2] compaction - Compacted 2 sstables to [/var/lib/scylla/data/system/compaction_history-b4dbb7b4dc493fb5b3bfce6e434832ca/mc-1130-big-Data.db:level=0, ]. 195kB to 105kB (~53% of original) in 2862ms = 36kB/s. ~384 total partitions merged to 126.
2020-10-28T16:51:43.638845280Z  INFO  2020-10-28 16:51:43,638 [shard 2] compaction - Compacted 2 sstables to [/var/lib/scylla/data/system/truncated-38c19fd0fb863310a4b70d0cc66628aa/mc-2082-big-Data.db:level=0, ]. 112kB to 56kB (~50% of original) in 2863ms = 19kB/s. ~256 total partitions merged to 4.
2020-10-28T16:51:44.057388350Z  INFO  2020-10-28 16:51:44,056 [shard 0] compaction - Compacted 2 sstables to [/var/lib/scylla/data/system/truncated-38c19fd0fb863310a4b70d0cc66628aa/mc-2080-big-Data.db:level=0, ]. 81kB to 76kB (~93% of original) in 3623ms = 21kB/s. ~256 total partitions merged to 2.
2020-10-28T16:51:44.057452313Z  INFO  2020-10-28 16:51:44,056 [shard 0] compaction - Compacted 2 sstables to [/var/lib/scylla/data/system/compaction_history-b4dbb7b4dc493fb5b3bfce6e434832ca/mc-1128-big-Data.db:level=0, ]. 190kB to 104kB (~54% of original) in 3623ms = 28kB/s. ~384 total partitions merged to 110.
2020-10-28T16:51:44.267609841Z  INFO  2020-10-28 16:51:44,266 [shard 1] compaction - Compacted 3 sstables to [/var/lib/scylla/data/system/local-7ad54392bcdd35a684174e047860b377/mc-4457-big-Data.db:level=0, ]. 24kB to 12kB (~50% of original) in 3528ms = 3kB/s. ~384 total partitions merged to 1.
2020-10-28T16:51:44.596924218Z  INFO  2020-10-28 16:51:44,596 [shard 1] compaction - Compacted 2 sstables to [/var/lib/scylla/data/system/compaction_history-b4dbb7b4dc493fb5b3bfce6e434832ca/mc-1129-big-Data.db:level=0, ]. 188kB to 101kB (~53% of original) in 3783ms = 26kB/s. ~384 total partitions merged to 103.
2020-10-28T16:51:44.859479747Z  INFO  2020-10-28 16:51:44,858 [shard 3] compaction - Compacted 2 sstables to []. 11kB to 0 bytes (~0% of original) in 0ms = 0 bytes/s. ~256 total partitions merged to 0.
2020-10-28T16:51:44.859518318Z  INFO  2020-10-28 16:51:44,859 [shard 3] compaction - Compacted 2 sstables to [/var/lib/scylla/data/system/truncated-38c19fd0fb863310a4b70d0cc66628aa/mc-2083-big-Data.db:level=0, ]. 126kB to 63kB (~50% of original) in 3912ms = 16kB/s. ~256 total partitions merged to 2.
2020-10-28T16:51:44.860845271Z  INFO  2020-10-28 16:51:44,860 [shard 3] compaction - Compacted 2 sstables to [/var/lib/scylla/data/system/compaction_history-b4dbb7b4dc493fb5b3bfce6e434832ca/mc-1131-big-Data.db:level=0, ]. 157kB to 103kB (~66% of original) in 3912ms = 26kB/s. ~384 total partitions merged to 102.
2020-10-28T16:51:44.863217395Z  INFO  2020-10-28 16:51:44,862 [shard 1] compaction - Compacting [/var/lib/scylla/data/system/local-7ad54392bcdd35a684174e047860b377/mc-4461-big-Data.db:level=0, /var/lib/scylla/data/system/local-7ad54392bcdd35a684174e047860b377/mc-4457-big-Data.db:level=0, ]
2020-10-28T16:51:44.863710318Z  INFO  2020-10-28 16:51:44,863 [shard 0] messaging_service - Starting Messaging Service on port 7000
2020-10-28T16:51:45.015029710Z  INFO  2020-10-28 16:51:45,014 [shard 3] compaction - Compacted 2 sstables to [/var/lib/scylla/data/dt/source_data-6af6cd50d77b11ea9877000000000001/mc-879-big-Data.db:level=0, ]. 14MB to 14MB (~99% of original) in 3914ms = 3MB/s. ~256 total partitions merged to 1.
2020-10-28T16:51:46.354455933Z  INFO  2020-10-28 16:51:46,353 [shard 1] compaction - Compacted 2 sstables to [/var/lib/scylla/data/system/local-7ad54392bcdd35a684174e047860b377/mc-4465-big-Data.db:level=0, ]. 19kB to 12kB (~64% of original) in 1046ms = 11kB/s. ~256 total partitions merged to 1.
2020-10-28T16:51:56.868917782Z  INFO  2020-10-28 16:51:56,867 [shard 0] gossip - No gossip backlog; proceeding
2020-10-28T16:51:56.871732145Z  INFO  2020-10-28 16:51:56,869 [shard 0] features - Feature COMPUTED_COLUMNS is enabled
2020-10-28T16:51:56.871784385Z  INFO  2020-10-28 16:51:56,870 [shard 0] features - Feature CORRECT_COUNTER_ORDER is enabled
2020-10-28T16:51:56.871806855Z  INFO  2020-10-28 16:51:56,870 [shard 0] features - Feature CORRECT_NON_COMPOUND_RANGE_TOMBSTONES is enabled
2020-10-28T16:51:56.871825680Z  INFO  2020-10-28 16:51:56,870 [shard 0] features - Feature CORRECT_STATIC_COMPACT_IN_MC is enabled
2020-10-28T16:51:56.871844473Z  INFO  2020-10-28 16:51:56,870 [shard 0] features - Feature COUNTERS is enabled
2020-10-28T16:51:56.871862523Z  INFO  2020-10-28 16:51:56,870 [shard 0] features - Feature DIGEST_FOR_NULL_VALUES is enabled
2020-10-28T16:51:56.871880620Z  INFO  2020-10-28 16:51:56,870 [shard 0] features - Feature DIGEST_INSENSITIVE_TO_EXPIRY is enabled
2020-10-28T16:51:56.871898686Z  INFO  2020-10-28 16:51:56,870 [shard 0] features - Feature DIGEST_MULTIPARTITION_READ is enabled
2020-10-28T16:51:56.871917003Z  INFO  2020-10-28 16:51:56,870 [shard 0] features - Feature HINTED_HANDOFF_SEPARATE_CONNECTION is enabled
2020-10-28T16:51:56.871935383Z  INFO  2020-10-28 16:51:56,870 [shard 0] features - Feature INDEXES is enabled
2020-10-28T16:51:56.871953293Z  INFO  2020-10-28 16:51:56,870 [shard 0] features - Feature LARGE_PARTITIONS is enabled
2020-10-28T16:51:56.871971523Z  INFO  2020-10-28 16:51:56,870 [shard 0] features - Feature LWT is enabled
2020-10-28T16:51:56.871989921Z  INFO  2020-10-28 16:51:56,870 [shard 0] features - Feature MATERIALIZED_VIEWS is enabled
2020-10-28T16:51:56.872008318Z  INFO  2020-10-28 16:51:56,870 [shard 0] features - Feature MC_SSTABLE_FORMAT is enabled
2020-10-28T16:51:56.872026355Z  INFO  2020-10-28 16:51:56,870 [shard 0] features - Feature NONFROZEN_UDTS is enabled
2020-10-28T16:51:56.872044565Z  INFO  2020-10-28 16:51:56,870 [shard 0] features - Feature PER_TABLE_CACHING is enabled
2020-10-28T16:51:56.872142259Z  INFO  2020-10-28 16:51:56,870 [shard 0] features - Feature PER_TABLE_PARTITIONERS is enabled
2020-10-28T16:51:56.872180266Z  INFO  2020-10-28 16:51:56,870 [shard 0] features - Feature RANGE_TOMBSTONES is enabled
2020-10-28T16:51:56.872200889Z  INFO  2020-10-28 16:51:56,870 [shard 0] features - Feature ROLES is enabled
2020-10-28T16:51:56.872219240Z  INFO  2020-10-28 16:51:56,870 [shard 0] features - Feature ROW_LEVEL_REPAIR is enabled
2020-10-28T16:51:56.872237220Z  INFO  2020-10-28 16:51:56,870 [shard 0] features - Feature SCHEMA_TABLES_V3 is enabled
2020-10-28T16:51:56.872255440Z  INFO  2020-10-28 16:51:56,870 [shard 0] features - Feature STREAM_WITH_RPC_STREAM is enabled
2020-10-28T16:51:56.872276857Z  INFO  2020-10-28 16:51:56,870 [shard 0] features - Feature TRUNCATION_TABLE is enabled
2020-10-28T16:51:56.872296505Z  INFO  2020-10-28 16:51:56,870 [shard 0] system_keyspace - Got cluster agreement on truncation table feature. Removing legacy records.
2020-10-28T16:51:56.872315428Z  INFO  2020-10-28 16:51:56,870 [shard 0] features - Feature UNBOUNDED_RANGE_TOMBSTONES is enabled
2020-10-28T16:51:56.872333851Z  INFO  2020-10-28 16:51:56,870 [shard 0] features - Feature VIEW_VIRTUAL_COLUMNS is enabled
2020-10-28T16:51:56.872375675Z  INFO  2020-10-28 16:51:56,870 [shard 0] features - Feature WRITE_FAILURE_REPLY is enabled
2020-10-28T16:51:56.872396738Z  INFO  2020-10-28 16:51:56,870 [shard 0] features - Feature XXHASH is enabled
2020-10-28T16:51:56.872950517Z  INFO  2020-10-28 16:51:56,872 [shard 0] system_keyspace - Legacy records deleted.
2020-10-28T16:51:56.873880150Z  INFO  2020-10-28 16:51:56,873 [shard 0] init - starting system distributed keyspace
2020-10-28T16:51:56.879275422Z  INFO  2020-10-28 16:51:56,878 [shard 0] storage_service - Using saved tokens {9122882257136270100, 9066588519930559993, 9061580907506437136, 8775859223532977932, 943448605036726745, 8325613099551670589, 800062458669145892, 7880345233810794046, 784130423392421222, 782580883702972777, 778239093056833917, 7732629563319678675, 7564694057214588647, 747840302865059114, 7469085752185829039, 7255484784972643852, 7222389702734437292, 7172238068082229918, 7103497347382660592, 6818717460470417221, 6496091893897576732, 6420907855788431922, 6381418245203458391, 6358173612251239308, 6115776390551923703, 5935809959838255935, 588034934972968299, 5848278814186320030, 5834675951458569055, 5704999654143823990, 5661405961885371428, 5569071124009844993, 7804258889026263620, 5441044328235651423, 5396954320704971060, 5311755414232655734, 5256736089695841171, 525652295242460822, 6302443190184390149, 5150907166433009570, 5102381975608989830, 4540975434217357056, 4497639963855891379, 4461207940793579131, 4453520694484038438, 4445989245037378795, 4262233236239091105, 408961909545308462, 873311388414975666, 5104799485589097680, 4037379789709069307, 3979649323160207298, 3941245744356891698, 3909145942678699742, 6478032244021912394, 3907413558358164712, 3840184102447470012, 5103660925946342563, 3822141065635310082, 667581605220131528, 3606629961194077343, 352278596429886466, 3361838207769500988, 3145063885579200582, 3100842289958262644, 2870638580126821409, 2609254198811139442, 2531294222158762011, 2431756818088451524, 5341717901052361821, 2050968450175517454, 1911454556365012923, 8413544620893079714, 214428871588027420, 1470306277250886071, 5796254206948921528, 4378909036113166689, 1172299952227812636, 105268539462240253, -1614584707908969492, 3058186759042775792, -2685359252619347507, -7341700934491837716, -4368295386640868227, -4280461110562472301, -4203952547861361192, -4177024142024341044, 4083460330442256183, -4113405879925637368, 8707696313600310498, -3880555618453256762, -4106310081010891923, -3428624778218969630, -4007868363884276055, 3373616921334842984, -3942245253345029362, 285540986842976874, -3729138346528579520, 855031166620283245, -3256341547923989103, 284028081363756156, 194223785007163967, -2800260328053956713, -2700796200994103492, -4623422606623793434, -6767019288334108993, -2365586676906010085, -431455211546220291, -3014142033706378490, 5153854518462400651, -7767361191227918078, 5890706123786165213, -8855822008500182327, -2732234699235264563, -4475005699924690030, -1171738939209168407, -1084614158625469139, -1295419475388780424, -4193553788022177878, -1474028219808469861, -1593748153114868683, -7190282066974323895, 8777890816944145805, -105211415949921556, 8280511155447462154, 3014475854062098037, -6104126434670973331, 7743526815996532326, -2879534723161185431, 6933997554702494562, -7913213531410876291, -2605645373691895986, -1004253484774030395, -2187125227394891465, 3287699046743316011, -184157634332906914, 1251119865371637993, -2699231837109027988, -6586482614645135705, 700944770677405149, -2135119982021577211, -1207620414022812792, -2319706609635128471, -2076430708060394350, 6788034976878782500, 3022913469242457337, 2879924223908633556, -5656441245782528349, -9132047842757487932, 7772390126184307669, -8529251962487546573, -1032698423218536378, -2648919406212884980, 3556932048290112968, -2391018463907211455, -467985751191813914, 7354219953741161264, -6338043935148530859, -471701403720839764, -4415280594152455372, -6127879535600466936, -4735496583611878200, 156312151312654313, -1761718599052329021, -4770694758141334815, -4895652206680369668, -2166731983266837511, -5095673126210616552, 6974970471767945112, 3924960423780627192, -4134923634748466107, -1363472444035739717, -511676141100664160, 2542018259596577135, -7111183380354176443, -8372022353883945178, 790424663468033093, -3280527161887251879, -3164480873853500968, -5136236598692180863, -5140544052953576706, 6448269612184381105, -4601858807243735115, -5285270377043925775, 4738411181964629022, -4231054370802445643, -6853270293933441203, 1912522665107890116, -8612347190400988175, -5228242602708342126, -5246840897237646542, 8957018461898327244, 8476533345381470087, 3533570692245755170, -5360532551957069796, 7009081579420542256, -1970747149103226319, -2640475812391264528, -5411685484465544274, -5508289632699420366, 5906838239532612246, -5526097868254533829, 5122450296475986719, 2104079815049743807, -4872163430844150374, -3101294897153501639, -4925670906471950289, -8001902308657073600, 1033733984444816800, -5595342098352848506, 4660022660859336370, -1709100826419756065, -8485257529464526975, -7405825010257289618, -572473923349256348, 533209426647054698, -6810383749951706976, -6017078328443447975, 2233495137371904435, 1688077838521597411, -6093280019772326743, 8813999419995718088, -6238625478980828395, -3409621329811667263, -6249520955674807415, -7148146405116016542, -6263078841153087564, 8675978575875245837, 1574734081023094222, -8953406550820932827, -1208769590907790735, -6303682351633097607, 1535311813904826318, -8024675672634848221, -8495384334141326469, -9173155356561330710, -6648258355715071793, -6779834804380741154, 5017042126534426855, -6985294397658573838, -6199824488038647909, -6441145814158460549, -7232953798633244985, -8352632933072691056, -4829128129506020031, -9210810031089136649, -7512330892235471280, -1522914538603683793, -769344519844763244, -4541237399207364623, -8694753427154041557, 8382283044476755854, -889434854029329118, 5401470720317959250, -8549013321787275289, 1018091569669202328}
2020-10-28T16:51:56.896522728Z  INFO  2020-10-28 16:51:56,896 [shard 0] schema_tables - Schema version changed to e1b2d478-e5f2-30c4-b994-d93919918df3
2020-10-28T16:51:56.913661992Z  INFO  2020-10-28 16:51:56,913 [shard 0] schema_tables - Schema version changed to 0e03d198-385b-3f36-8c34-c3f5846bbbac
2020-10-28T16:51:56.928359109Z  INFO  2020-10-28 16:51:56,928 [shard 0] schema_tables - Schema version changed to 0e03d198-385b-3f36-8c34-c3f5846bbbac
2020-10-28T16:51:59.447781305Z  INFO  2020-10-28 16:51:59,446 [shard 1] compaction - Compacting [/var/lib/scylla/data/system/local-7ad54392bcdd35a684174e047860b377/mc-4469-big-Data.db:level=0, /var/lib/scylla/data/system/local-7ad54392bcdd35a684174e047860b377/mc-4465-big-Data.db:level=0, ]
2020-10-28T16:51:59.628495989Z  INFO  2020-10-28 16:51:59,627 [shard 0] storage_service - Node 10.0.120.3 state jump to normal
2020-10-28T16:51:59.628557938Z  INFO  2020-10-28 16:51:59,627 [shard 0] storage_service - Remove node 10.0.120.3 from pending replacing endpoint
2020-10-28T16:52:00.950259522Z  INFO  2020-10-28 16:52:00,949 [shard 0] storage_service - NORMAL: node is now in normal status
2020-10-28T16:52:00.950298503Z  INFO  2020-10-28 16:52:00,949 [shard 0] cdc - No generation seen during startup.
2020-10-28T16:52:00.950309736Z  INFO  2020-10-28 16:52:00,949 [shard 0] init - starting tracing
2020-10-28T16:52:00.950596193Z  INFO  2020-10-28 16:52:00,950 [shard 0] init - SSTable data integrity checker is disabled.
2020-10-28T16:52:00.950650881Z  INFO  2020-10-28 16:52:00,950 [shard 0] init - starting auth service
2020-10-28T16:52:00.952224594Z  INFO  2020-10-28 16:52:00,951 [shard 0] init - starting batchlog manager
2020-10-28T16:52:00.952486701Z  INFO  2020-10-28 16:52:00,952 [shard 0] init - starting load meter
2020-10-28T16:52:00.952533217Z  INFO  2020-10-28 16:52:00,952 [shard 0] init - starting cf cache hit rate calculator
2020-10-28T16:52:00.953160612Z  INFO  2020-10-28 16:52:00,952 [shard 0] init - starting view update backlog broker
2020-10-28T16:52:00.953848092Z  INFO  2020-10-28 16:52:00,953 [shard 0] init - Waiting for gossip to settle before accepting client requests...
2020-10-28T16:52:01.259491945Z  INFO  2020-10-28 16:52:01,258 [shard 1] compaction - Compacted 2 sstables to [/var/lib/scylla/data/system/local-7ad54392bcdd35a684174e047860b377/mc-4477-big-Data.db:level=0, ]. 18kB to 12kB (~65% of original) in 1283ms = 9kB/s. ~256 total partitions merged to 1.
2020-10-28T16:52:01.260119552Z  INFO  2020-10-28 16:52:01,259 [shard 1] compaction - Compacting [/var/lib/scylla/data/system/local-7ad54392bcdd35a684174e047860b377/mc-4473-big-Data.db:level=0, /var/lib/scylla/data/system/local-7ad54392bcdd35a684174e047860b377/mc-4477-big-Data.db:level=0, ]
2020-10-28T16:52:02.748564928Z  INFO  2020-10-28 16:52:02,747 [shard 1] compaction - Compacted 2 sstables to [/var/lib/scylla/data/system/local-7ad54392bcdd35a684174e047860b377/mc-4481-big-Data.db:level=0, ]. 18kB to 12kB (~66% of original) in 1066ms = 11kB/s. ~256 total partitions merged to 1.
2020-10-28T16:52:12.955003371Z  INFO  2020-10-28 16:52:12,954 [shard 0] gossip - No gossip backlog; proceeding
2020-10-28T16:52:12.955986308Z  INFO  2020-10-28 16:52:12,955 [shard 0] init - allow replaying hints
2020-10-28T16:52:12.957327913Z  INFO  2020-10-28 16:52:12,956 [shard 0] init - Launching generate_mv_updates for non system tables
2020-10-28T16:52:12.957853854Z  INFO  2020-10-28 16:52:12,957 [shard 0] init - starting the view builder
2020-10-28T16:52:13.333990043Z  INFO  2020-10-28 16:52:13,333 [shard 0] compaction - Compacting [/var/lib/scylla/data/system/truncated-38c19fd0fb863310a4b70d0cc66628aa/mc-2084-big-Data.db:level=0, /var/lib/scylla/data/system/truncated-38c19fd0fb863310a4b70d0cc66628aa/mc-2080-big-Data.db:level=0, ]
2020-10-28T16:52:13.334474293Z  INFO  2020-10-28 16:52:13,333 [shard 0] init - starting native transport
2020-10-28T16:52:13.336011859Z  INFO  2020-10-28 16:52:13,335 [shard 0] cql_server_controller - Starting listening for CQL clients on 10.0.120.3:9042 (unencrypted)
2020-10-28T16:52:13.337922632Z  INFO  2020-10-28 16:52:13,337 [shard 0] thrift_controller - Thrift server listening on 10.0.120.3:9160 ...
2020-10-28T16:52:13.338810492Z  INFO  2020-10-28 16:52:13,338 [shard 0] init - serving
2020-10-28T16:52:13.338829604Z  INFO  2020-10-28 16:52:13,338 [shard 0] init - Scylla version 4.2.0-0.20201025.94597e38e2 initialization completed.
2020-10-28T16:52:13.804613963Z  INFO  2020-10-28 16:52:13,803 [shard 0] compaction - Compacted 2 sstables to [/var/lib/scylla/data/system/truncated-38c19fd0fb863310a4b70d0cc66628aa/mc-2088-big-Data.db:level=0, ]. 81kB to 76kB (~93% of original) in 361ms = 212kB/s. ~256 total partitions merged to 2.
2020-10-28T16:59:29.715019325Z  INFO  2020-10-28 16:59:29,714 [shard 0] compaction - Compacting [/var/lib/scylla/data/system/clients-ca0f635d863036098d93a1fc06f2a5e5/mc-28-big-Data.db:level=0, /var/lib/scylla/data/system/clients-ca0f635d863036098d93a1fc06f2a5e5/mc-32-big-Data.db:level=0, ]
2020-10-28T16:59:30.146469238Z  INFO  2020-10-28 16:59:30,145 [shard 0] compaction - Compacted 2 sstables to [/var/lib/scylla/data/system/clients-ca0f635d863036098d93a1fc06f2a5e5/mc-36-big-Data.db:level=0, ]. 103kB to 6kB (~6% of original) in 354ms = 18kB/s. ~256 total partitions merged to 1.
2020-10-28T17:01:59.626521261Z  INFO  2020-10-28 17:01:59,625 [shard 0] compaction - Compacting [/var/lib/scylla/data/system/clients-ca0f635d863036098d93a1fc06f2a5e5/mc-36-big-Data.db:level=0, /var/lib/scylla/data/system/clients-ca0f635d863036098d93a1fc06f2a5e5/mc-40-big-Data.db:level=0, ]
2020-10-28T17:02:00.055163555Z  INFO  2020-10-28 17:02:00,054 [shard 0] compaction - Compacted 2 sstables to [/var/lib/scylla/data/system/clients-ca0f635d863036098d93a1fc06f2a5e5/mc-44-big-Data.db:level=0, ]. 58kB to 6kB (~10% of original) in 337ms = 18kB/s. ~256 total partitions merged to 1.
