2020-10-21T06:54:32.464723695Z 0 gO5mDVxF84Q0ufZbWmjtSIPEFv2HeZnZ2rprpygF0POnbMIGaORzVgFYklSnEO
2020-10-21T06:54:32.480253304Z 1 lwxxGiPqszSPHzAbJJhj8y2FEnfjDT7LdCyMevVEfzzMqXlMbXeMRR2LCshocq
2020-10-21T06:54:32.491355515Z 2 RmJXCtJ9ZCVp45ma0HCjG7sVcZXMAl0FqOLY4A8PFiKBCf7P5S2jaJa6QFyUjK
2020-10-21T06:54:32.502452059Z 3 joL5LnIqI1xligXkA8VqrhsskVe3PUWprIKiSIzvqDiBeRYe33dzaw8vTUHzte
2020-10-21T06:54:32.514057149Z 4 ZxHlS2i7iRQqPY5mqyhO0fnrtbN2lMbxWytrpPxlgdMTXtEqpAvGWCN5DsJ7zl
2020-10-21T06:54:32.527110316Z 5 UXPIiCEf7XDI4AABw2GUOpGi8N6qHGZD8IR2HepQkxgqwjvEasPXkMdMNkmOog
2020-10-21T06:54:32.539173615Z 6 wAH2g3kbpS8s4e0aLrtqxJvGG6evi6fVPmLbh4ASWEA8sY3Mc85vH3N2XnJKWK
2020-10-21T06:54:32.550307177Z 7 YMT8eu5znXsMjwOGDDrevDBMl7aIhZXPIv4LzLeHXkKLuw7jq4a5m9qMkGlYzl
2020-10-21T06:54:32.561930897Z 8 n5qc1H3hUs96HYFcPocYCipLLiQ3q0hzQTX4WcTcYSQaP6Vbog1uOvHlM8AQbr
2020-10-21T06:54:32.573309230Z 9 P6lQqFawUSQEH1m2JUSNdtBmQGBVU3znUCxj3Ya6MIVUo7nSbLePbf5DIikbxU
2020-10-21T06:54:32.584643402Z 10 86Bx6mu1x7HNQZUGLU3ATRg9FN1K47GiENXeNkVTRj63Vn3JtkxBXolnOkNUe
2020-10-21T06:54:32.595842523Z 11 8Y0qqWT7TwGjULMaNfA2kHXAroUX5u76jzLuBnAlohrks5rvGKDmvD23Ymq7o
2020-10-21T06:54:32.606811645Z 12 J9IJgZgaA9uMNxWsXUNMvThuTJWdxjrESoqki3FWnb8sRi6wzS0jnmt0ykQg7
2020-10-21T06:54:32.618848128Z 13 KPv12D1hQqqfqtHcwsWLTckfckifnjLK9yxmMbS4SOniaokKUppPMaBqEN2Ku
2020-10-21T06:54:32.629037515Z 14 m8xqpH3rCez3ukNeGHDLKYqWlN3xJBOQJdotLnX7MIEY6JUCSJkcPU2kPbIy7
2020-10-21T06:54:32.640620870Z 15 T4tRYNNfUB0Ecb6q9tIIKFLQU1m1UXQZVxnTrgnWSpl6thtXDG0u6kXHsVcYT
2020-10-21T06:54:32.652271357Z 16 9TMoWNgT3XWTxoskdtd8tHkfGoH5ZaQl2jdowR3fhrGzfeABTh0qZuqygGYPl
2020-10-21T06:54:32.664668158Z 17 wRFQiSluR50Ai3KSoI7ZrmlBYeMpcJ1QiVDzpHiTu8Hl3WNmpJddfjc2e6Z02
2020-10-21T06:54:32.675499616Z 18 I8REcFZNXXpwbg5H7MOFL33NrwquVG2cZGfIk4rWpmhKANqB0lt3FnOVoxtXP
2020-10-21T06:54:32.686140471Z 19 N5TUumoVRLD5ADdtx3ADKyve2U7xXy9bm7oY6dGcNBNas7FEVXifA3GCNvuAe
2020-10-21T06:54:32.697529070Z 20 YGBjfX3Vh9lR63tPrUj0iJnZF0HbB4KuzRkcR9tbcKJsvexeEToJ8nGh5v0WV
2020-10-21T06:54:32.708858463Z 21 LREJoHG5p35plJKj7SVDIYpcA3nvrm5f7fweFq3eH4oboJRaR0amfcEuLHEaB
2020-10-21T06:54:32.720818884Z 22 XGZDxOqX1Za4bicVHMvm3DOSozA7VcPRdlwVqMYPsyCrad91p0wXwkdGpNY4m
2020-10-21T06:54:32.731826097Z 23 AqUq2LQhB1UInrdTgLxBcpwDf11kzpdNPSWmVVR3rmEZLykUnmG3w1GQOZExI
2020-10-21T06:54:32.743012165Z 24 4ycwZaBsCi18D0eMp6KxxwCTTiqM08jGIUT9mrCIFW2ISFGm7z3XEbu0CE7CM
2020-10-21T06:54:32.754174015Z 25 iOc7Bwtzc6PVYXU8Sv1iEIDpJh2LvrAHwUBxbo5kzu61R8haAd0qpMllsJWGt
2020-10-21T06:54:32.765707064Z 26 uGeuwo5MG1vbKrE1Z5kEEPaE0lrc0sAeluA2Z7yKQ1In7EIwbgU39rjhR8AiU
2020-10-21T06:54:32.776701751Z 27 igLf9TVdCDIl25ryp6f2ir4C7sHTSAIS9OZPPDEaRjifzRM4xIKU3v46ihw4O
2020-10-21T06:54:32.788005547Z 28 VQYmfuohooVAcBQS7hwidrQn1aGlpWyK7nB69dHp76wNSW1wS8onG1pOjAmtv
2020-10-21T06:54:32.799337456Z 29 JDYaMDS4UbjnS11I5g3yn3WVErLX44SpbCwm1oLZh8wBRdauJAtR0Rg8kXwxC
2020-10-21T06:54:32.811166840Z 30 oil76kFIJm7OSo2IYhnKL6WxwEObMlQiPEnmrkhfgLRIuapLXIez8ZkD4AOEP
2020-10-21T06:54:32.822420762Z 31 C8YcXpeUYrZfjpIB7nJGGrb5z8lpgnhid4VIskFmTmfGzlzGab99QzVAkjV42
2020-10-21T06:54:32.833533690Z 32 Cosuqsllks7xZreeXVTCEFTFqvUQrgZcPgLpcZbub9wYvLfqgqdlQMnyxKYDJ
2020-10-21T06:54:32.844650953Z 33 cefRzW5DssgGrbj6bUJyr2KioH5ZGFtaTrPedQWYIOA75Rt15ALfGid9JBlBr
2020-10-21T06:54:32.856144327Z 34 nY5pBhdZ7FXmDK40R38iTeEO3De7sWHv6JsNqiCBulvJJHxtVka4yMMU6FGxP
2020-10-21T06:54:32.867487093Z 35 541fr7Bw9UmjwZNyh1qsRchZDsgy8qa0Lsuk9tvK6kDSfP7hyXmjFPUCQSR1U
2020-10-21T06:54:32.878812370Z 36 Kl1p30dwbTMVY5C86BI4W1bivQlUKmPIy0mrCxoBoPZToMEXkszg1xXgIg0RJ
2020-10-21T06:54:32.889262552Z 37 s4EUdgO5eFsRViltrIh6QdWYQ7sOANbb3pxTQAfkT8FcjKaQAkhhKKn1P7rHB
2020-10-21T06:54:32.900935208Z 38 LT4lQNHEgxmbemyeMPdlCdHIclWrhQDGuXFGBlqU0om3s5lSCPT5S6JuAltvR
2020-10-21T06:54:32.912722522Z 39 bVbxMXhFDhzdYFfGsgkM5a3udHCsPtfrlfCsETn29va8kcKZoeLRZ029bKLD9
2020-10-21T06:54:32.923370376Z 40 tbCoyM7QLSrO1kaZMwURwLUQazoEI5vnVC4l7QCAoG0aysx19m78tujrZ4gBv
2020-10-21T06:54:32.934436096Z 41 rsGUkzGB7L6KwMGvgMTzsGuIPJW5xtoQOsNPJIy8MgSRgwnattok5a9tngmnG
2020-10-21T06:54:32.945743708Z 42 NJKZYepdjuCyqxwin0UeawZ9JuoYEewmZzNOBvHVEA4X5OAdiwAVQrcSfQNWS
2020-10-21T06:54:32.956169557Z 43 tsjmi633Be1Jp8VFSYTvoyUoQGw3uLJGNODkptB3W3CuayeVaBFXYeOMdAIjX
2020-10-21T06:54:32.967633949Z 44 4IDK7LtOAR5B6trSqLLTQPE1brqRJfciChbd6j7Ms0kSY7fMNmGgudNgO4fl3
2020-10-21T06:54:32.978709630Z 45 8tv2BQETaiQbb7Ar1B3YTehaHIzK2P7K9gSzaWvDCc3lFniBcEfnO6sqyR9CE
2020-10-21T06:54:32.989635473Z 46 ajCUSP1SbtSf0hFQ1Gu0I49GvnZIsS4XPbRKrWLlswyDPrG3nW5EXnHCIA4BW
2020-10-21T06:54:33.000393044Z 47 wVIKoLeMbL7nqWtcBI27W0WCrvtAKf0PpyKvjUud7rHNDsRB85CxfC1zSgAEr
2020-10-21T06:54:33.011580725Z 48 nuIbQ3YPCC6T9OI2cNe9GoV7RQq3QYVx2DJh4pHFzuVTzmt5fLrVZp9sNco6D
2020-10-21T06:54:33.022688007Z 49 b4IpPy3Cyq0sc9ng0K5EIi4w0JF7Ps18jEzvpFkJROnz0BP8NfSZqY1hL4xCy
2020-10-21T06:54:33.034325873Z 50 82hCixAj9h1y8RwoAMhuO1QPvuwcZ7og5KfYz9h0iwXFKucQD9WDkuoKFO7wX
2020-10-21T06:54:33.046187396Z 51 czS7Hj6VNVhIV2w2e8ReRFa1w2y8cE0qNy7FaRGqV1uPxr5CnjT5MspTkAeu7
2020-10-21T06:54:33.058142096Z 52 thzgwfrHmru2QonpbOlWWD0zTLgF7epmy58YrFUQmP9SfhKDyX2cyPd0vWiEC
2020-10-21T06:54:33.069766106Z 53 nWXZs90rmCeOEJRnnKoAgEcOVsexHVYqC00Bqv56FjNRQbvIz6jqrVv8cf8C9
2020-10-21T06:54:33.080095065Z 54 0f6odmYhwgdu9exkZoB3R8ShALIjkHAhfn2auzrEUjex7Z2NZMiZsBaE5cp2z
2020-10-21T06:54:33.091575824Z 55 Ck11x8dpeVTaI9yQxh4rlHccgFpbfMREmzAaCCX3Kup0gIvK0EFXvuIRMM0MS
2020-10-21T06:54:33.103208131Z 56 7ChTzEg2Ps09cKCbZ3MNET2l7kG9yYmHSghUuh2Oc0e5h3VWIK0zZ54l26ez0
2020-10-21T06:54:33.114650015Z 57 WGvCoWtinqrtrpE6QYNXa115SBkVIYsWIJkcOnR46OH5nZO26F6geIiVbSZh6
2020-10-21T06:54:33.126093515Z 58 MHGy1LKIsdweIHRmWMbxiDD7738CsXhNdpJYOLnGhr8B0NabYrh6BZWstAwr0
2020-10-21T06:54:33.137809872Z 59 LH8kruLIKyLdRUwSnZfQ7LxGcgbZ4XNHQSdqp6j4FIGVwksg5m8EonXxBT782
2020-10-21T06:54:33.148105733Z 60 Vqk82t0VwGI1OqfKMmrtKjgqBepubEtfrUangyH1pjIn3HYsd2t3XdLY2dx5e
2020-10-21T06:54:33.159685647Z 61 LFcuyD6AtlRi9yMh1rDC3bFFSwE3nm3XcxF0Qw1cWtE0rPJV9fbSFKpZAWTE0
2020-10-21T06:54:33.170924557Z 62 cYD8Xrb6rJh4b0E3dM56qMpUyXbm9NNUcfPRBHqHLOLWZmyuRByadopIupUp8
2020-10-21T06:54:33.181670399Z 63 MEqc1oEISb5BheuJvT3wirDmdrb5Pht97Kg69xJn93FV20Nv2n8ozlhRstueb
2020-10-21T06:54:33.193050295Z 64 Xcse25CUSztROGTS1xQTTzHJFzJIoCzuGOPuaIIUg9FA0Gtut553WRgXF2BNA
2020-10-21T06:54:33.204082052Z 65 DHbT5xnVo5SdwVn2sR6wNlOAc6AZlKRkU7KInSRGYdMTQXVBBbZqrTsqW8ZEb
2020-10-21T06:54:33.215507160Z 66 vjGiPZqsLAndBIAhxeRos8WRvWV9jPxgsQFIfJHLC9VMFkPYIXkNxljIcjwsV
2020-10-21T06:54:33.227092898Z 67 wceNmpmZZ6lbGMYEoM0mROOfOZxiZ67yEdS5bzm1eovVUeD4My11RusvBTICV
2020-10-21T06:54:33.238877883Z 68 B0bqajdoguwiKpomeTmMqbO6no7wFmmVFDCijDCIsGSPoHxoE4lLa7SxpL64C
2020-10-21T06:54:33.250132615Z 69 UjTg456oHdOpYWtTb371OyrKz1ei8SPLMU6hjieecoxuXif6OWrgU2dMGv1zB
2020-10-21T06:54:33.261208647Z 70 ULDPJSxnrKSamyC0ejQePHGdGmsfZFGCkC4G7N0eyJRpJ6l2ILXm3C1kq5EQ8
2020-10-21T06:54:33.272905087Z 71 dT4IkNulBhREpP3pMB0wmC3PfDvZz0Rqa9QiqOwbrXlSc3kEw85XWIANyTvvh
2020-10-21T06:54:33.284329205Z 72 y6fNEha3jJl1a8lgfm9b82znA0NxGJdoIZuGFReJKuNvL5HihvOnuk2CfDXGj
2020-10-21T06:54:33.296079015Z 73 ZsHkpBlN8s2mV3Y8xXi0ZkAHfpAmsMIaHWllm9rfsnUMBpOETYICDNSdm2oQx
2020-10-21T06:54:33.307612244Z 74 xQViwTXAwCgMcLSoxsKzy22ESLfFfz4J8npqkcIj89xhiUqImg74npfviJqbm
2020-10-21T06:54:33.318269739Z 75 7vLVP2OSjeaTAApMIcZsebGHzKCYGCpCGchtnuZlWXd0Ks0G94v996gVs4NuZ
2020-10-21T06:54:33.329524247Z 76 O83JM9ns9Qtin3eLJGdGkJd4dStfQfyrILcSFoNbj9rBopRkeh1P8TlNFdtLt
2020-10-21T06:54:33.340981352Z 77 ZzSkEjFCqoRvKxOFnltV4m0Xf6z2WT8YZiAW2zax0ULFjuhagBq0KQF9e27UA
2020-10-21T06:54:33.352639170Z 78 lJA9o48RiEpByJyfHwWoIZrifFuntXIYtsusNQA7hRvThFst59ZUteWqUhitx
2020-10-21T06:54:33.363402080Z 79 UKbZ3SWLVi8F2R4RO4z8RJG4KFmvyEZBlyOHAFZd6ozjbLTxZdgMOfoqLyhm6
2020-10-21T06:54:33.374139907Z 80 g0k2Vo3JDdtOAO4R8kTCZSLJEWCWCoF3Rd3S0p2CgELZH1LHIInW3pcJp6UME
2020-10-21T06:54:33.386194847Z 81 mvpXU3VCVlpp7OSgugjTBHuKHI8Lvs3edVOOFElAsncnAhxvKhFc5Pp7m5Pe2
2020-10-21T06:54:33.397860353Z 82 aCfdmCVd7oSLMqR3bN6DnjhjFxx0P34XTCIDdak5LFZ9F57HED5ZxmsEGu6eZ
2020-10-21T06:54:33.409136638Z 83 V1Cl1b2VyJcUM6cmiCOy6mKRimPuV9t8IVtH5a3BmRfjSd08ZeUi6by2ul1nU
2020-10-21T06:54:33.420527019Z 84 KBe8cKBJKpGiDSdZzP2ECqe2qvSldFFAiEn2obBrxZfEFZJE7UaHS2HznHViP
2020-10-21T06:54:33.431705978Z 85 LVo8D2HaKhECYGUY8DZqz6p937D4NmABv8vk6Neu8bUU9I6sgERWIetodnC1b
2020-10-21T06:54:33.442664449Z 86 lKc2QDXPsuRylyCeIgFKW7as0NnllY5PV7oPISVD2jgUF7qK3PmuQfTQ0PZ28
2020-10-21T06:54:33.453315375Z 87 wZQa3sDqAK3ofcx2RoQlw6qL9QnpQMd2T5CguNpmIgauwkDe00l1O5FPUmEpf
2020-10-21T06:54:33.465164513Z 88 lkvZe11PLZgJA0qa5RbyEkUz8Dg4MPcCacHOUHNUfRxmqlO3dalksJhsGhZoo
2020-10-21T06:54:33.476982195Z 89 i70Svhs1BUXT0ctnMiyPVn5NAqs7dXWbP7rsmmyxVlC9fgbiSkaIoFf9UpO4a
2020-10-21T06:54:33.488718893Z 90 MPh0p0Ywpi408XfF7eHVEnq9h01w2BcD0ACl0aVhYbselfsX9KepLwws8Kyv1
2020-10-21T06:54:33.499102289Z 91 xnfwnIa4T4I1a4tS02tkT0JCyRj8ndyo50zj0nqW4a3FGDddxC6m9Qyt5TG8P
2020-10-21T06:54:33.510862262Z 92 EAWYKF3vv3gkcKLSRvSYyJvWeIv1PscKdUDmFITir2suczpPTlvCIcvAm2FT5
2020-10-21T06:54:33.522746332Z 93 FYxWROh3GDe0lnPhk72aKdYy1Js3G4tJoNKemREIEeOcM70iMw3guDTYpKUjx
2020-10-21T06:54:33.533697110Z 94 hNqj64fhzdHnrNjpfnqb0n8amt4DOoUM1WpfaKXQunO3ahhT11V2TVBG16gET
2020-10-21T06:54:33.545966296Z 95 7rUw80nmRBrmLIQNobiXDm9K62pKP3ZFrzzWvvTajJz8GAZxrjo6xGbp60ec2
2020-10-21T06:54:33.557880685Z 96 OUk9ZOtdkd1gaDuBRmQ42hCXonrUMjAdSZA2Cc8KLJcyeT6CrzGKW0YuO111f
2020-10-21T06:54:33.570015067Z 97 A7fIt5g6aeA0aJy1OBkbzLN4PtPuJbEwQlFBuxBYAjUy3zo5nbKJG8ZCKf2H4
2020-10-21T06:54:33.582125591Z 98 KDJKmDJyPbVCjgcvREkktjYAzKKpqPz2Nkcgx27z3E7BTwFqj9De3gcVceNJO
2020-10-21T06:54:33.594302608Z 99 2hOhEZABwc0NXAThw21tdejpVejfgmcyvgoCMMqjJsQif8RM8pEBl2E0W9x0t
2020-10-21T06:54:33.605365946Z 100 XEVLL3geB7cdDreib0UBoZVYP7Rg03U6eUmYz71kXMjhTSWu3faBBI39XmGq
2020-10-21T06:54:33.616802180Z 101 yWDaQ3z0prjs9av5iCu7VwnVeV35fhyBpYWHwJqYpfMcoX9BBPNmbZexGVht
2020-10-21T06:54:33.627432411Z 102 iQDypCLABCJTPgYNQ3XOH0OPPSvdraGYq0cFrV6IjObLXkIQQp66Ch3FFyF7
2020-10-21T06:54:33.638987486Z 103 edFEV8HOhTug7WE7O5cJyDdRXbecKZuaK1jiRC8Ra7YohHsMSqp4Nqy5eeld
2020-10-21T06:54:33.650489436Z 104 m3oKK56QnlJHqq5sBO7Qk6lrIfe6X5wmr1iSxPQSwvfxNAE1YhWAFwL44Ti8
2020-10-21T06:54:33.661462670Z 105 XC0pZ38b7dJ7m2BeY4Xg3ThtErPwFqBc43LW8n3xl6Y40WgAnnT9NGMyoGGp
2020-10-21T06:54:33.672701561Z 106 yQ9MzCrDbkeTJODKvL9dwtqusD4dJ10QgrXNOEt3y6AciMdY8TuRCh6UiUEc
2020-10-21T06:54:33.683624773Z 107 Aw83RnAT70GGrYkTopHkZTNzvUwSPUvVRXcXlGLEkOv70mA0wA5QTuPaPIhx
2020-10-21T06:54:33.694095304Z 108 xh0TSAVvZ5fErcCkgdrh5ihCSQGwDGljLu6TdtvIDVDbQsgg8AFNi4rWKkWj
2020-10-21T06:54:33.705974389Z 109 mZtULCZJ7BduCc046tTqgaY4te8YaiBhiYLG0tZ3slOC0AohYKuA04DpM89T
2020-10-21T06:54:33.718100218Z 110 IuUgNbEomhZiZMQOTqvksTG5VuycXdhKE0AHsDWbTBaSTg8LhNC1meHrzzj1
2020-10-21T06:54:33.730801519Z 111 e8xnIOWOBjPkqIjdmpKvQES92T9ituXAjnixyP62Q0HTUIcF6o5gOWjmQ3uW
2020-10-21T06:54:33.743075288Z 112 nUxT7Vs8DkFpOlAFOfpkfL0CTovEuDTy7UjhyrJyjZZ16ZqWu1v4QuwD4vH1
2020-10-21T06:54:33.754594633Z 113 6aoA3Jr7RZjiFn1Jn3ocmuMYx4RzWrkOnSoxd8b2vIgA58ytFonXaOHVogyk
2020-10-21T06:54:33.766170147Z 114 VnqF5GqaYMWsRVPEV6V52opQhVjOtEyrAz3vKqpnolq6fQnBaSqXhGcHHJ4f
2020-10-21T06:54:33.778225023Z 115 YSSn4yP2WpAv9mlvtQNE1mu4w1NdZLKgjxt1Gxz2euRiCugfsL7ETGZ1YI1c
2020-10-21T06:54:33.790009055Z 116 2WoT1SywIr96EJSmoLWVrlgPU1smBTeNNTbc8NERTt9pkSiJycz28vKLcbqS
2020-10-21T06:54:33.801519364Z 117 9O1brRJhKUQ65LLaeKdkChKxAmC4F9oVvIBBZakdm63APCINMVJh4geca4q0
2020-10-21T06:54:33.812815133Z 118 Fk6kbROAaHuViBrNwCSgCYduhkXhQonUEWwSq7oW2HNyxRj6den4lFO0CvlC
2020-10-21T06:54:33.823394812Z 119 WCa0Y6FcIv7qA3lM3v3pkBaUaYaCzDHJhAs94mTCIPzGgRU2jnjvlJliUCPw
2020-10-21T06:54:33.835271628Z 120 bDDiBrZwRNTNAhlUmjF74wwagI4V92B9MA5uD7a75nzhmYtdwQwwhuK5A48t
2020-10-21T06:54:33.846974337Z 121 Wlhtd3ureBVfbuc0E2Qf0yi1CSqZJBzneCd3VUF91sdrU3KYaJkyEXWtAzsK
2020-10-21T06:54:33.858230131Z 122 WBZgKrNyJzhDrDMmwaHIgxhPZpiOlNI8yDGZqk09djuV8ibiVOhD8KuRBYsP
2020-10-21T06:54:33.869215440Z 123 DYbUQEdRhIERqeeDtN5LxF5WSxcRpnVWYx9ZvOrR0LLhxmDD3ZsVKNMPb05t
2020-10-21T06:54:33.880957428Z 124 SU3uBnTnZD6X9jcKKn2foGfQ45A7BomJu0b6jhAvRx6lkZMzmQ088c5WlNPb
2020-10-21T06:54:33.892837500Z 125 JVGldKYmPPM7BmqtqABx1U6gIFIlyIbes1rsRlQkq3KBXEG3ipK1QcBFXd5q
2020-10-21T06:54:33.904086120Z 126 0kjFvn8IcptdKiEoPiRD7MUpw40YQlNkymxUJ1LjAO2zjUHd1E7apRkD0gWA
2020-10-21T06:54:33.915005230Z 127 1Cp2HNsbGzQFIcV6EA7x3QaVOGTwOKcEm96Ka4lRKOhWGN9HDTk7dL7mZYOh
2020-10-21T06:54:33.925733142Z 128 t5Etty1wPUFAtRXPcT5CPTEQu1EpKjdD3kQEj8l59Njz2Y5xukFnf0DkDt1m
2020-10-21T06:54:33.936435042Z 129 khjCdyaBArRki63xEyLdrogvhaq35iEw95A73pTpbzWUm4yBmpKJdhJiaIiO
2020-10-21T06:54:33.947971426Z 130 T9rGYLG23FWmFQfb1VumoNovKOrEurzcjgcCblTyG5Jqjf3Oq9KkEVReGzmo
2020-10-21T06:54:33.959491594Z 131 30xrG6Oa5d86vxAlxmDZ4Qipl8XwWFhtaLz5JUqSGzpgzqCuPruW9jrnkUnZ
2020-10-21T06:54:33.970833914Z 132 3jIPAbbzP04MgQM2qKm2tOkX4zZ0jbvdMpxBTpazMYIFD1cannmwcfwPBkL5
2020-10-21T06:54:33.981706210Z 133 3ddq2ZKSOgMIzs8zc8IUJk8eZe1o7db3qj34jNanHR91h9DgQJHYv6SK9SoH
2020-10-21T06:54:33.992732281Z 134 qrcVSsIR3Uxk3z3oEDvSV1oIM6LazOuOjzqlO2JauxzzUyLpeZj59DrIHrRO
2020-10-21T06:54:34.003882372Z 135 uqMLlWs70CK6STnBLssc5JuZyGVJ9QeWcuL4mfMnt6dFbD0IeNywEBDQkzEf
2020-10-21T06:54:34.015199654Z 136 MaMnwJxclX8NwdIvVycUumzs3BWMmbDw0zEwWwMnZH3FIpfg455IjkqG8UJa
2020-10-21T06:54:34.026671514Z 137 Kw6yASGlNQiVBKq3LHSWHHyDJeRGZjPuTX3IeqYfa8g0J3RHYg2vZ026ek4Q
2020-10-21T06:54:34.037346548Z 138 RUNtvpQmr7U69paDbLN4uLf2bcDtZQ7Xt7IjBuiHN2ApukQHzg3w7AF5r8pV
2020-10-21T06:54:34.049200935Z 139 dCjKrS2lNdVyxNqzd3bpllqVK7wKctsYJ2TE8EalJ0ivLKSVN1cTe5OCHSak
2020-10-21T06:54:34.061110020Z 140 3NwD8XPf4rZXlZc44oj2NLtNjOzUlLSzOowEkyqSFEWsRw3fN20IuQfm5w95
2020-10-21T06:54:34.072333014Z 141 ZIw04vP7vi28uvXQYcmW2XUyG9tTWMOc4aqMIygIa7ooa5NsgYvuy5Zq3PJk
2020-10-21T06:54:34.083874379Z 142 2A2JsEudNh7nrJFdfDBWXto7xmSD25ZkCSJOtQP8GqNDDEvgGabzHhr8NAu5
2020-10-21T06:54:34.094311378Z 143 EKedRpNA9Zgdqp19WJL77gzPADeac96HlAkHAZ5i4Gmedv1bfIJyTA86sTIQ
2020-10-21T06:54:34.106286170Z 144 odP8wG8L38ngTxdhS24LeodEAlxMI5PFCX0zfRAW4CFnA4j1dHLeCUOntswg
2020-10-21T06:54:34.118335536Z 145 aB1StOKDqWPa7RJUCJTDeqNloftvYCJwFQdVArslxAgICDiZJJ9bdJjvt3Xr
2020-10-21T06:54:34.130215879Z 146 eosNF1zN7FPaajTHuY8JcxC6jSGJIw4NjGLPX3KoAzo24ZdQfaARJjaZtffQ
2020-10-21T06:54:34.141303870Z 147 acsQmOKMuoT2StgT5XCkKUAFgrtPE6bZW3azvkIxunmE8kTXElHGn1vg5hqn
2020-10-21T06:54:34.152442459Z 148 vIWTAtXqgEJgkdJQbl5Hd0lZ7qt574LzSX1AwsDx9CmE9s5sGTEAaH5m8ouH
2020-10-21T06:54:34.163901977Z 149 3gBbMuHYUTaewGQxAKsLdb7K1lDMATHf2Eyi9CMCfZRudEXHRzaPaoSJY3t4
2020-10-21T06:54:34.174456710Z 150 cVs2NuTBOLz4djxSYOVICgClq2p571elVCaYnf7zpkUcCT4JEDxO0ATbkb66
2020-10-21T06:54:34.186086519Z 151 r4sUeWBE2qj1NKzFGTzgJxzbR7LzD8j4xMgKACFZyEhQqE6OHPpF1UqKpkFb
2020-10-21T06:54:34.198004883Z 152 gWMh4bFfobid0GgL36EJoeMTHU7Ka5WLsuGJxKswIFsosyNyPHF29bcOTgTZ
2020-10-21T06:54:34.209123679Z 153 vqUwEZlh2fem2hLZeAv4etw5NKnXmlWS6D8AORR1woQ2RsYOi5GgYunVBPVP
2020-10-21T06:54:34.220543144Z 154 LlQWM3BuRk7pzlOMyZeusesP3pU1L4NMIzSlPMCc03CADxauwpQjkNeWyKT0
2020-10-21T06:54:34.231946590Z 155 i1dmXrfcF9hWFpybZWTMBPm6SWlNCAYDURRo3oW8KnGfQSNstbIPNa5Acj19
2020-10-21T06:54:34.243527615Z 156 QQNdW7t45cAy6mwBjXjxZCfwBiEc5LPcArb68ic4ldHbJZNydDVcMLyrTbDF
2020-10-21T06:54:34.254246321Z 157 XfrxoM1NJJLBYBmV9YE8kSQZdmbkObOyCE85IJgjwBEPu0kFivo4YA0B1dVq
2020-10-21T06:54:34.265921276Z 158 57OCWAXvoJcc7rHiSBgpZDQXylt4wiNXyekRxkYhT6Xrqg1qUras2vMZROrB
2020-10-21T06:54:34.277887425Z 159 fEJeCQuD6tEeoBO1JROBRQs4nVVuhxy2QkqvUgMy1fexDMfhKk52ZqBihZqa
2020-10-21T06:54:34.288222129Z 160 OrxBTosrCGNngcyYUXYnPDDdkEmE8xd3jOrpN1xGXUmlFiY7zPd1GGj7pVYc
2020-10-21T06:54:34.299797227Z 161 uayPVs9QlfJW5p58LeCHZPNMYkjlSHbJnppYgdDdQ0jwp3tpcX81TsTqeTH4
2020-10-21T06:54:34.310758561Z 162 yDfV8jKMiOtwhAgyLQx3igeh5SO0W5TUna5VeaxaiEWs8fAPoal7nqtdeXyb
2020-10-21T06:54:34.322218481Z 163 DgRDPgZI4zHCIIYVW3fTph87HkO0sI6tXu1UoJuLuh6sftv7K2GA7lK7deTP
2020-10-21T06:54:34.334022805Z 164 oSyTogv5eCaN3rEb3vO6n8siNoFYIllA9kT8W2vBjVzod0rm57w7pv6tUOqP
2020-10-21T06:54:34.345906559Z 165 vZzKbVU0IZXq7rphRrLoIGRWPpn3VmOY88KXIkoTeil87PGfCgQYkFw56wvJ
2020-10-21T06:54:34.358047464Z 166 KTGu56yO7ZJh5XGU6KbTUP9aJ3mr8JkzLVHWr0dTWSBTfrTkx1lMvo7Bbwm5
2020-10-21T06:54:34.368778963Z 167 GLlnwI3d1YTpEeDfLfjYVjXdurLMBMM2JGoBGPpW6SaJoDf6OcV7leSKQtA5
2020-10-21T06:54:34.379194492Z 168 1fCLDmyV6cl4qDm2InlB9ssUVfVttkdNpk0FBLCjpiXltVs5XwVZK2c1j1TD
2020-10-21T06:54:34.391068215Z 169 yudHRyWRdMJF0EtFWDAmAxZOkX2DTi5Qy5AYO7Dwl1bt9w1LqHFRWcvyihNh
2020-10-21T06:54:34.403428898Z 170 YJFJFQoHE0cusPQeufKVn0K5AHAJ6nGbTLLXOT6xLLQJeUCEnA1X6uGRgSmZ
2020-10-21T06:54:34.414886099Z 171 bBj82RZkFtrx7rbhlLvu1iHh498ufznSsNLekl63WR0AWWVMYoEKHNYhbIeh
2020-10-21T06:54:34.426636535Z 172 c5VnzRIk3vqPo4Rnhj5IMrwuLlQ4spj8LoG56PqbNr7BgAAni0algYUqDqUE
2020-10-21T06:54:34.437527304Z 173 tViDeXhtGEwIh6FsAaAzxkUw2utD7BuBeBtZMspPH8Jgn0ApKotBiFC2oFzE
2020-10-21T06:54:34.448592615Z 174 NKKQLnlazMBzxB5RV8qGyoB4Dflf6VcNO5VWIg3dqx7Faqd1nAOWWaQuXXOh
2020-10-21T06:54:34.459149134Z 175 U2SvJjQnTqoYCkvTkUxK98N9W7JR7nfYuZHqZBuLnDVwm7GfVgK5Ge66MvIt
2020-10-21T06:54:34.470406100Z 176 uPUsNXVzHQ46gLHcGEETcFfWUOQRIwUXzjJTca25pvg4HgO8jLCdIqg7KNtM
2020-10-21T06:54:34.481074713Z 177 AjdhiWyLMqGYKKNNbG0ttA22VO2Mpxv7Ksjf8QsyQurt9NjXJyC3TSM5kpon
2020-10-21T06:54:34.492789921Z 178 jfYbDyI9oDTZTlh6AJEnBGzGByIr9IW08mJhXMPxaHAhPjiExfp1RTeRTauW
2020-10-21T06:54:34.504343902Z 179 jAvj4JKjNzyelTFDaoKuRVIKSUaQgcRRBTd1ybRh21sXcd1NkpyebbzhpXYE
2020-10-21T06:54:34.516210850Z 180 NLEq3vCnvACTIaFBce5l4JNxB0QGXqWcUv2cJDnqke9z4CrfeQk8SqGDaCmj
2020-10-21T06:54:34.528038763Z 181 WSoOljm8fi4z7xbtNC3Z8FAU962W18amUcX9utDWtgjjQTE9Za8iz5yMXhOh
2020-10-21T06:54:34.539154419Z 182 a0czHjLlifWMVgLdjJkURiLJB8neJnoaisafHXof6Yxm7U9Oxi6Z4GC7uZWL
2020-10-21T06:54:34.550429931Z 183 DuajZOlMXV9KgwdqreyPG3irL8OZvQ3IY1PK5Z4bP9tLZRZBFFjeiI9Hds3F
2020-10-21T06:54:34.561826511Z 184 uSCJmYGW5K378mW3u7Y3pMxsfNnCtDqVlRgIi6FOX7UbOCdzILvFBOQziP8J
2020-10-21T06:54:34.572606403Z 185 6oMo5pnrU2NkZxsYl01yJo5vhpA9ncSD9wZLrbavBJQ4iLUwpSnZz9pkMuQS
2020-10-21T06:54:34.583988231Z 186 ltxDq2Gju4BWUODewLfWYVwBsY9VElizvVieiBiLo08QbmIJJJexIgvrae4P
2020-10-21T06:54:34.595515919Z 187 IfD7zCStDVfkQzQOdS9IC8BcQOjKLaoBi9sBAdXRxEmh59LYBnx7jmd2Nguk
2020-10-21T06:54:34.606354835Z 188 D92JYMHTiTo2PSFeHYG77vaY4KS8xfbJIWH3m2xMJhn3zYViewwTjUAL47zW
2020-10-21T06:54:34.617743947Z 189 iffWTOBXrnsKgdeP7SIED4UTxe09rNSKx724EQRyOyY6qYn23NG06Mk8cGTj
2020-10-21T06:54:34.628190907Z 190 M86vGBVziIgWEjsscvrwdzBISSvjhOyX6J8PWbkXJaiGcFWoGYiYJQFfjMUy
2020-10-21T06:54:34.638994142Z 191 JReXlckLc3789kmPZVPpWbCTLXnBFb5ATUCiXoVGZpyx7KdwzzKk0J6mWlhG
2020-10-21T06:54:34.651023623Z 192 erMNYZ81fmYnqqJK2OKZrvOlkksajDQvsyrY87JTFkd8nF57U9Oj4FAZFZ3S
2020-10-21T06:54:34.662859632Z 193 INHX5cnw2gNygjnxNPElOGeGzJgM6IXs7rlpzq9OHTDzJIeGjDwbm4lD1vt8
2020-10-21T06:54:34.674107623Z 194 9fAEywfIhUxOoqVlhFpFHZ8Vydz12KUgw1wj68Pvb7qAR0fzohWdmpcmd7aK
2020-10-21T06:54:34.685937773Z 195 F11yGc3I7UrZjEsXJJvCCTUXABFvJpRngcLJc0wlpF35bdarrzi87HR1Uode
2020-10-21T06:54:34.697419845Z 196 3xw1wvEKa0kJhGmvzE7vMX1Fn5sZAiWW43bXyaOm7VfOX6M2kOXCxGvUKxoA
2020-10-21T06:54:34.708467804Z 197 QIWnVTeNYEEaXGiUdXddm7AbK14KKkt2amcdL2IVucdEBdpRM4gzoXrtJk8O
2020-10-21T06:54:34.719193841Z 198 7qH3esC53ZnHCiCGAPMI3tLPVWbmxCtXOX3ahqDieezKDSN3HDJqD2WjFiqc
2020-10-21T06:54:34.731073605Z 199 puCbGLJcrWaETd2FfPb9yiZxvT6YeJ0cOAaMYM8wOapE98RClzI1J5vemLTz
2020-10-21T06:54:34.742897364Z 200 LEun7CXhbF3aCxvliYJ01hahrwyQ1Kkf69c06mo8bMranRhaic5Y00d8XwM9
2020-10-21T06:54:34.754216934Z 201 kTmd4srW3Ose7w11MMfGNFy7FwjDvpfCKaJQIbxZhCfBMlwWQwuxAZuV4LSM
2020-10-21T06:54:34.765773433Z 202 bqVmjmRwxjAsX3tpemJKfPSvBa9A2CHJPpJjsuFJ4FskBVsOTQwj10m647lq
2020-10-21T06:54:34.779657511Z 203 izBzVSuMNHvjegX46ewxqWO7UsPZzu1jIqrMAPK4XZ4SQhnplbqWjtKvDnHW
2020-10-21T06:54:34.790580368Z 204 FMQ8KvN9ZXRc5WbZDS6Q7r5o3Yyk9Cj9mGNsrTF279lEZqEZaCypPkC7p89a
2020-10-21T06:54:34.801906287Z 205 U7bm6UxCDcFK6XQKcQ38o2boaRStjeJ8hJp5lnqsro7MFZVlRhc3Mz9maTXk
2020-10-21T06:54:34.813448685Z 206 6E1sutvZYqaJrw74rtLHXZMTPd6qLJaflQXKEfUALt9n1HU7PAuOUGi1D63V
2020-10-21T06:54:34.825060066Z 207 F1Y51Bq69fOxpq0kY6neCUSYhAhgqt9UocO9CyDFrqBpwdP7MhxS3EpJnoID
2020-10-21T06:54:34.836307816Z 208 tERIf9D8huvOMYuo35YIsDWHHnmR1EExcxTcrZCjoYCAuxarvzMT7IvRKsPm
2020-10-21T06:54:34.847900637Z 209 9Vm8XmTGDFvbCQPGcACrsrp2bDgrS5tJlx7txGG9HNZJF3wZvxHoInrXqUU4
2020-10-21T06:54:34.860579613Z 210 PVQKV7j3nn5Il4rYjfQvCNXPc150p5uK2KNZa5XaJD2KcHVfqnfSZWND2fzx
2020-10-21T06:54:34.871263735Z 211 nNzBh8KstBy1x8Eh8F2J6mF8XPOZlu1ibHi2b8oVX6FQgVS7KQqwXpRKeBM0
2020-10-21T06:54:34.882438118Z 212 HtzY2qi8apW9JCUohZJw5NrTPIhaZrTGZq3zR8lf1doKa9lxgXxFamdULX4f
2020-10-21T06:54:34.893963144Z 213 OXfqaFtOijwOlFnwYtOikjHu4W6PErfeMps9WoBkDwrYgiw8k8ZmM1RUckUU
2020-10-21T06:54:34.905500463Z 214 1BO8AzjHMWIPlIICY18zewUg7VrHBw1Hy273VbTgmv5SIEe17MT8oIrtu5Uo
2020-10-21T06:54:34.917069552Z 215 JjxGiyzxFt0Ka4FDJAodN6zbX7xLRKzHpLVYmL3dGoEKnGpwEkU1R59x1WqW
2020-10-21T06:54:34.928655745Z 216 WmSkSAhomphgi9AM0MnKRmIfVypcxEmGUQYgizJmu8Cn64mJZfmuJQnMHdqz
2020-10-21T06:54:34.939438192Z 217 vg8XFgTj7fA28MYLjeGj6zCslZ7cVHLNySbGC1Cz87VlSsMHxcWH4Bc79Uwt
2020-10-21T06:54:34.950368178Z 218 V9gGyNBiDwGKn1INEmmlAHXN412iAQHKoLhUc88WkiPagcQjgYZ4CPgpezYf
2020-10-21T06:54:34.962170819Z 219 6v1c3ElUrRgDlv2gh2QwCiGvEmVyr2l2EcpbKUjTlzx0L9wm5HLLDLA4oPuN
2020-10-21T06:54:34.973634747Z 220 eCv0giCFZXwMbzoelDJcBfjxVe0hd7k89VxfEmD2PujhIP5SUtEGATSpnTlZ
2020-10-21T06:54:34.984294330Z 221 0qVlvMN961sZhQxEDBNDLDqXY7L9Yy8Ny6ampVlPzUwVzi8RUnoERUiHnKcp
2020-10-21T06:54:34.996285829Z 222 vI3KMC1FxPB7i3KzHn1Qda52ExzY3R90VgAuWKKha1q24shOaJDKDwjG44Rv
2020-10-21T06:54:35.006136756Z 223 DaSkjJkLv5Y0gcaL20XVZboYXhgtF1TjYrnyAT8pBR3JGF4dtIb0HmzHethk
2020-10-21T06:54:35.017450254Z 224 BwD3WQCbZrvwwL9OYjvXBgSNhXARxaxQzMOEBFK23fCbfdPjssx4rneTrN00
2020-10-21T06:54:35.028981639Z 225 urzPnU2eGtazqgagjX1AEQ6la55xpisPswVnktJOQ53Oh18EfSLA2Bl1zXid
2020-10-21T06:54:35.039623037Z 226 E1ezR3c2Fi6NK7u9WTYG8qYznOsEb8vkjaGWD2o5FN3iHL4JrptIxuptNKCm
2020-10-21T06:54:35.051080741Z 227 InEU9FrzRefNt0MbmducBPVqCfSB4tuEmwbOAXej47WCbAprJCG3d595tJ2I
2020-10-21T06:54:35.062329948Z 228 LbACHQa5liZD99KgmRWh5TD3Xrpea2mkY1BrFyYOrNcMTqYtzi0XXqJGuTXI
2020-10-21T06:54:35.073723603Z 229 qFfvBPhVlQGdEUrRDDzBZwxMNrsXu931qRfHdIucrgKwdjDbw7d23mAvmmP1
2020-10-21T06:54:35.085273162Z 230 f3r2rnZ1Z5V1bFdj6XvWdSgbGoB5ytQtZwYTmiCUBhzySvI4HC7Q3c5zQLNE
2020-10-21T06:54:35.096837848Z 231 sajN5FnTz6L2VOO7NxliYA4tGzats2ZCZNPZxJCXbt6Tsg9RnZV6wX9DExbk
2020-10-21T06:54:35.107355239Z 232 0QwNATtATyXRxJqtgaLE0F62VIPSKraNNdKDGxIH3pmkQBoZBTQQgaQBfbA2
2020-10-21T06:54:35.119169536Z 233 1ZHEeeLfmAXmQsFLfPU7LH8Q5jQhbwPVIABWECU6VEMkGvnpOlnxDoT6Qtmn
2020-10-21T06:54:35.130719695Z 234 j2FYLXzMFqpAtW0GLL8YKeBIqknIiTKxN2KPhZGlLWAP1XTOrMmPmVQzzNeC
2020-10-21T06:54:35.141978558Z 235 WLtaA7WSOXntXC9eG0COqyuI2HfdyjbXteVwTR55UyoMkgjyqCts58oB8W1G
2020-10-21T06:54:35.153669000Z 236 NaSl4RKPHufKRMDHq05gE88f829pLdJj0b4WR5nFjt7daBLy3wNLu3feO4CZ
2020-10-21T06:54:35.164548007Z 237 xQ6hXngTU8rP0FiQKZiXaCJGIZS4qx4CgIvciXk1Pl0XKanJ6Pnvxck2mvYt
2020-10-21T06:54:35.175076604Z 238 ccs7Qzydic4AyoMzA2GdySsUHiXBI87TMoulRhKVR1DD5xuGeUT4HjfNfrZi
2020-10-21T06:54:35.186719032Z 239 HbQ5INr3O6EGnCsbQbJFMpnsA2HaiIyhkJODS6kYTY9Db53pUQd4NQgNM5nZ
2020-10-21T06:54:35.197736993Z 240 SMIJ8rkoMd5cAWbyn7NpVXtZ8rAgXA6taI0y9mj0l8DF5Gl7ZDGGUA8QkwSm
2020-10-21T06:54:35.208032871Z 241 0WWnFA3gRLwGcifGC2HsTDrefDGLb90ORdmwwnY2jymlRTDYbpRwZOx9uIPQ
2020-10-21T06:54:35.219700037Z 242 LPhztAI6OXiKTm8rnGg5YUPIg1ZaU72IMWE2RF0mWKpSxs42Yn28JsMny2h6
2020-10-21T06:54:35.230112845Z 243 oRaHfnC7B0LBAqbj3onaYO7ITrmT7lSAebyamqVE46TFfHGR12tWfZSrumnf
2020-10-21T06:54:35.241652731Z 244 i39H0t0GvhsePBSUfd8M7qrOoDOI8qgsRzX48BFQDmCTsvzh5RvtXTlKgenf
2020-10-21T06:54:35.252953116Z 245 r0ByHuI0Qd9Cx7FLSW6LmXvqJiHjS83AWcarnuhr9NZvNadgsHBrZzCIdZcU
2020-10-21T06:54:35.263812635Z 246 cii7UIWA5Oa5urihNZcjFsYHWu9xOXovUQlU6Fm7GiITill8zEpG0UlRBV2c
2020-10-21T06:54:35.274402718Z 247 LCWwXNrOfh5gfJJf4cti3o9QagIBVrMwvwwgfyUPg9mZFcCnmLHY8dBOHDAu
2020-10-21T06:54:35.286115249Z 248 lYloytRf7UDKQRgrLcQjEm8LoiDkhr1PQX6TkPhRxUChPDHWyfWpRGNWwLsa
2020-10-21T06:54:35.297828320Z 249 pRR0WRVYFEpguwXmmkYk0SPUbLInsqgBb1tIrZX16iGHttVHXZepnnFz4NoJ
2020-10-21T06:54:35.308672630Z 250 JgA2tMtwB5q0e4wkaNrbGBqxe1o5kpyhmivprvX9UrRkKulNkYYJOmtf4sUK
2020-10-21T06:54:35.319357107Z 251 fCwI6GT02j6fDcHCZZIlRvGGN8dQ03KSsVhUrPAZR6QJyVuiKmWtdWS78hj8
2020-10-21T06:54:35.330578048Z 252 xeMEtxyVy8m4LDSSqj6plaBmExdQBsh58mLYvZuNz90ywLCPocnwT0hHbjLZ
2020-10-21T06:54:35.341035782Z 253 yqQPsNqlCVjq9Pil02ysNOpUVjrNldr2eZsVgxVUJG22FR2mIjCklcKxfT7t
2020-10-21T06:54:35.352896905Z 254 7HMeY7mknasRgMog8892Uv9HBEfSeAQ3xuSWAeKixYH8Ujle8kB5qzi6Nhpd
2020-10-21T06:54:35.363403739Z 255 Vvvg2nQvOwsH9VGmQScNA1yYlT2bEm3wZT190XGeWiygsaGEKSrCbo2zTgU3
2020-10-21T06:54:35.374920944Z 256 kMtXNrtxwoYxK1W5dDQRLC3rj3N5zZuZNusHwpcIWnw73azBt4FQl5bGpFfb
2020-10-21T06:54:35.386804117Z 257 kQkJ1lY9YnBaRg59JjMoDujdvEceGyjgAd8drv0QNIuAIxQsHy0xBN9fbqo7
2020-10-21T06:54:35.397428693Z 258 nRUG7vDfO5Gw6zxMFGRAKuGc177BM3YCnKDpukaTGdVslhrGjZ4BA8i873ml
2020-10-21T06:54:35.409139789Z 259 nF4i5cARU5oPc2TdItm3WCR5xcNvSPSOxb1qDiWzBCOKEmzmO2eB4i9cYeIq
2020-10-21T06:54:35.419880643Z 260 Br9o48KLqbV7882oF2Nawwf7fU0dJAVVDiERlnXwHTtuIRkrwU8lRX0f1bBj
2020-10-21T06:54:35.432105315Z 261 qsw3tcX7fUxjbG6Aa215CImH5gdRIu6Xq6m2I4uwPDS7JvFSHnxzjGaCkOSZ
2020-10-21T06:54:35.443721350Z 262 lTgE36fRxiFWHooMxa6Ao0Bn7v5mKSWkeaIpJOfUmXoqX2xQSiEMTPUKLS94
2020-10-21T06:54:35.454349490Z 263 zRbQ3j54mzXDLjEnLdMBthY6380POJL9q7pnrI0RHjiJRGg7zOLnQwsY7sDk
2020-10-21T06:54:35.465501005Z 264 aHuoszSK77ZQ4fyZcZscJ7kPZFFmSxkepgYF7hUdB5gm1uSaJlCQceAzhk7Q
2020-10-21T06:54:35.476936968Z 265 QTTTLB8okT6O4V6QaSRdo1U2e597HhfxZYDn2Vjo1tuOk3vq1ej816ys1y7m
2020-10-21T06:54:35.487386838Z 266 feytkToVdyFZKVqIuaPSpBCRij7bjKbPuDvWLLQjxHFoL78eW6VJI7P1WbBE
2020-10-21T06:54:35.498979841Z 267 jHgVXB1TjogDaSWzzulHEzTg92ZTupyTceV4yUWnGHJsATlNehqcmcmccEnp
2020-10-21T06:54:35.510123992Z 268 mpNPS9Oo3fdyApnpi6v0nXtuPeA22TPu2uP243UdoaKs4kjo3fDrBaWGQrq9
2020-10-21T06:54:35.521900889Z 269 nJ55zBkA46IFjz7xc4sCD2idya6RR7f3hNTaBaXvxpxc37uuwsPcHTpclB2H
2020-10-21T06:54:35.533030277Z 270 JteJkunSmnOXNhObYZj6Lu0dP84XoffqvVfT27RHYVEkSMFPGwFnwliB7ySw
2020-10-21T06:54:35.544613690Z 271 odGkY8gvcJfWE0q9lk2HP5dE6CsuWAGXvlNiimRd2ujp4AtnCniaQHChySXq
2020-10-21T06:54:35.556001189Z 272 cz0iVbpZfoY72QsLc6ArOehnMXiVKr8hwv2zU7WmuweJG69LGm16N98egeju
2020-10-21T06:54:35.567733683Z 273 Tcc5xcIjubcllw2QwiZ1rLVPBDybhM1NbGlELfiKJL1nssnjkzUWwjxDBA3O
2020-10-21T06:54:35.578342616Z 274 WAd6fpdNxV8Wp7h3aziiMs94yCZMPPVhIK6rB9f3WSZUxWjqOcMYFt1CD3le
2020-10-21T06:54:35.589790498Z 275 O6Thb1hyFOWjzRFQuE9TOOJJGFdwLAmeyeDiLmtmRSJa0sblrRWJEy0GVyJV
2020-10-21T06:54:35.600747519Z 276 hRCFHHeqaMTy2khWXsVR2FoDULVNiyIOaIVwD4Ag7doLV2p7YGvCj4EW60gN
2020-10-21T06:54:35.611332669Z 277 JJkddSAZvMAq8XD1oIOGs9EL8XexLFQDXUpKoF1zvNPEtEOAHwWGcXrHogFv
2020-10-21T06:54:35.622466368Z 278 mYgmLwhDXXNwc3wdzgZoy8mAw91df40JJvw8nLd75PJNti1QjkdsjWABUzr9
2020-10-21T06:54:35.634744337Z 279 cjaqPDSlxU7npOv9NLh0al3dWozBatgfpWAWakJBgexpwSutLQZREy56RjJw
2020-10-21T06:54:35.645991304Z 280 ej7CdB30GYrrQRHFoxhINza0U6ncjrCztULYKag090JstfTPsPgoet4CSTvi
2020-10-21T06:54:35.657725795Z 281 efd8nCYJaoeVFwEV6IF7pdBSwTqvPGWgfWZK10zq5PWKt5qJKldv8Osf9jNC
2020-10-21T06:54:35.668118496Z 282 S6BCUC7kWcCFp0SnBv2cRMbNjWuV5zInBdu7PlVMUNEYByka8ElkaCP8KaZO
2020-10-21T06:54:35.679514738Z 283 3eVSABfgHNLiEIcSNsROsZu42QM7rLP0dr1RQxdoFQXdC26LZyMYRWtwfGxf
2020-10-21T06:54:35.691005415Z 284 REu9eYC3KJykSvdp6tHYQiGAulGRvmKmkVeFLRlSm9aluDOa8ob7OE6P92dP
2020-10-21T06:54:35.702664491Z 285 esGMYyjmFQKHhPYS1kBqXoEwiYeQqArJJGWq3nXAT1Duswpo8w5GO3zCbNg3
2020-10-21T06:54:35.713701197Z 286 zvVRlDjgQxB53YCL0A09aiNhfKh63Pa8tEr8e1q5r7aZN3j4thftjke1bmaP
2020-10-21T06:54:35.724231168Z 287 4UdlZBGaXHJl8KHAG01L4hFBOh4y2vhxXW6yxu9uMAA5vqLeF4BERRO6K3ir
2020-10-21T06:54:35.735368278Z 288 XOHHj58mfMSxsbhMMYvbc3iaELzW5FUrSzBqyLJIaWMxsLLWrKBVt1AUulFm
2020-10-21T06:54:35.746703806Z 289 5XTv1QoBFyhRf4xC7U0mSJeyHKsWay84MDWB2fJw1eRefw0YB677LAQ9L8qC
2020-10-21T06:54:35.757755499Z 290 tXdAHkRd2cWKhRZQhajJwizhy2gAQL3aj06ailClJfzRqqCSigMIJW2GoC2s
2020-10-21T06:54:35.768583585Z 291 dqPj8antdTLGFAdD9H15kbWtSwxZehBUtH8D9m9Lu5uDPmr6ugnEz4oPz6cI
2020-10-21T06:54:35.779113119Z 292 jx1tuq5DuvesF1Uvovmw9ACmVCgtKVu9R2XQEIV0VVconNYrdE2DWlrSKN5p
2020-10-21T06:54:35.790121547Z 293 nuucfBvyVm1CiWYwso5I1kYpy52xhZZFm5FmAeDGhzDPfzrHrpyoOF9kkA96
2020-10-21T06:54:35.801981201Z 294 PahPKhz2IHVW9MGO7Qv5ZQUB24K9FOITPIX6ulx3Z2krEuLtc2egElztqsfg
2020-10-21T06:54:35.813334381Z 295 Zj4BGZAaMOc2CRcH0Z2KA4LSKbf5qNig1CrjgLfpytrfzZSkg0WY8ZHBbJI0
2020-10-21T06:54:35.824310179Z 296 Hm1PBrlnnvSCXlVZJjVZZWWkieoGQ4yL17F4Maava8gAScLj9eX35Qum4M9B
2020-10-21T06:54:35.835733788Z 297 hhZVtP10VsY3w2IVcU2l4pP8ewKGSMjsRlHOFxBQ3V4ZXC3tKfRGfjkGXpOd
2020-10-21T06:54:35.848704834Z 298 9YRAVBZTSyIfuYDVrQHWGQxvUWg8EXQGfrCNULj7mpusuCParZVoOuvxJYVh
2020-10-21T06:54:35.859751491Z 299 ox7JcHu2skrI2CZjHOrnkJvsSVa9eN0w21hnMSNWirnaRI2iRqVnAkoCXieX
2020-10-21T06:54:35.870292019Z 300 IzbFH0lDGhChbKuZRCkHPZGbHwXiKBmojJ0V68JCnjtaVlcSHHV4qVVZ8lP1
2020-10-21T06:54:35.882007203Z 301 7WxJK98cKloM52XKt38XGERc35uqiJw3HEfgzDYk3KBpMwaWB15V1cf34alm
2020-10-21T06:54:35.893791882Z 302 IR0q46yJyxFJObY620riS7apEZbVr3XrTMMb0ojoOQAKFWGbr81oDDRWX4Ot
2020-10-21T06:54:35.904628223Z 303 eHmXumccWCxBjj7Gntjpu4HvpejKpEDiB2WKr4L4hIno358ocESOFzCFIdvs
2020-10-21T06:54:35.915771384Z 304 ZqPVzSDSh4zyx5hRZbwIE8kvRlRosfwNQSqnuIue1u2Jw6iMZABBDCyyiqlP
2020-10-21T06:54:35.927658711Z 305 GsGT5uB0OZnIVXSwTQOgtFNm90JP7OOXMfjkgTZ8Uh26DTti50bf7sRemo0z
2020-10-21T06:54:35.938250744Z 306 9MmbQibrt68Z3wHIihFGxjO0tpcZ3NVpKvrWk0dqMf0kEkHoNCdQwxBvhNCm
2020-10-21T06:54:35.949776648Z 307 oAPJjp0Ajj9mZidDX5baGyUprVN5Mt4p6HAb3G1xNj51zlbbZogCUOkGAuix
2020-10-21T06:54:35.960542547Z 308 g6LcnXa3B6cxz2JYBUZdH0jAfvqd1peAqrKHc34qse34O2ktSzVYXUtB2m4A
2020-10-21T06:54:35.971314207Z 309 0povdlVBh8U3QPXNJodnRHfXpQ6ffpIZl6H1pyvxQYaIgoVNqpzmTVzTlSnf
2020-10-21T06:54:35.982227755Z 310 VdNTYYMwElPkj8a7hBkaVztzHvrFaynf2AFhwlgHbu2iQkIsM7Unlg7BDvmU
2020-10-21T06:54:35.993560715Z 311 RmiqWCayl4ZqOHKxf1OplJMDjCfvAAzsnQwqfbxLHmU9TYMY9T56bH750ltI
2020-10-21T06:54:36.004896330Z 312 BDoJFJnS6XgEkppvUY0cVQgA7036tgCapqm9Za74bqgKDuutgJpf3O4ahPjY
2020-10-21T06:54:36.016811888Z 313 K7e03Vn6rlUuTM97x37Xg3pu8KRv6iwTBWBppHVbB1TQkHTgYG62h8vk9Dew
2020-10-21T06:54:36.028673751Z 314 Em5q3BoeRV0eAFHCG2hEYbp4tpe8Utuhhr2bDmv06C2QKVjDgNTqBqk8xFBy
2020-10-21T06:54:36.040454972Z 315 hxtbK3ObBQN6259EMrlcyxFX96jxeboS6AephJWWzfINFHBE2lVCcyaRL9Dp
2020-10-21T06:54:36.051520078Z 316 OzIceZrxiy0Fr0BKc8NKFPKWqEHuetcWHgIjCc2xOEFEyrf7jwB3vqI8uVQ6
2020-10-21T06:54:36.061963663Z 317 1BUcRvqj7Sf9MDn8a2iZfl1XffPPtaxSve0jWTxe1plY0va1qD6toyYxLcGk
2020-10-21T06:54:36.073733807Z 318 Z2ffI4SEpX3pCf6t7fcDecoYhmuJyQxNnM2x7AEWVy3gsZ08pU0HqMHsMkdT
2020-10-21T06:54:36.085486514Z 319 6jRxnrR0utLGYH2IjYTkfaJDtzR3yOHWAHfJ90m6X0fuF9MUVn3rmdOVSCy2
2020-10-21T06:54:36.096217756Z 320 7XcsR37jEdLIYe3Wcx0V3BYE2Cv1LbOdkXSDf5wwLi3rq2r620nlX9bWUL42
2020-10-21T06:54:36.108466123Z 321 TCnqtEfGPKwpJfhLfpJpRMwv7BfQSc8xxXkJQi21zPMBY8ocB2vnbdIo8Eff
2020-10-21T06:54:36.119565746Z 322 H1uba2J8xgjoHPQCPwKhTMNCauUasDw0IMRFSAY7wYEI2k50XzHZ61r9AyaS
2020-10-21T06:54:36.130849526Z 323 I40JZVKn4WqPJPWYX4Ff4w8DE7eeHgCLDu4aHbIZy4dotXluWMuJixdUXIEr
2020-10-21T06:54:36.142472036Z 324 gdRFMF81RaTDCAILBQ9HKJSjuINHBadkBIarGYvi6zIREwqBgJaFZm0glRDS
2020-10-21T06:54:36.154118201Z 325 vXgBWRgYBljbUGx3rVc7AEkdlb01fB4lYS1vXOcbEyqzhgFacb82vUaImFcK
2020-10-21T06:54:36.165626596Z 326 gNx0q4GEhOi7nKKASo4l4J5LWngwv8S5n4N9XgoDatkMjFMM3wiwOqCF3kpG
2020-10-21T06:54:36.176340450Z 327 zuKWfWeTgyUIKhvt2hN59taWkeL13rAKl5vJrlVK5SLMfZcIoSSPZhyENLXv
2020-10-21T06:54:36.187733919Z 328 N8QbjENYQsuWGGkujVBkIHqAPSPDiqd0sPka0K5DGDbnzT9d2jmmTOwCkajw
2020-10-21T06:54:36.198153272Z 329 o2NLyM27oS7NPrLv4rXUd8mVFIKQ3lPNER6gck7QNN4DQwPqQzR7uPAcHAzN
2020-10-21T06:54:36.209564930Z 330 bfcwPg3LsH4VMXWQNAzFkkCLUZHJSqsX4ZdTcGcU82zVgr93SsiX3br9g0To
2020-10-21T06:54:36.220611307Z 331 iqqSQ5NJcdRKCTC9a1Y0I0wBLHAHhwB0iWxhcCKu2AZ2fYnTK7VyL3CHxpmJ
2020-10-21T06:54:36.232228084Z 332 DEvQHWkJ4TF2jjMVfIssUtqI7V9v3RNW3cIUBG9sk6A1TGcpU59aMrlkxJsz
2020-10-21T06:54:36.243492667Z 333 Dsruc05iSfHlWzqgUsb01sd92kuEWkJQvICpppWbPnLxVANmvxrgxfRUr7aM
2020-10-21T06:54:36.254199696Z 334 0EZWGPXrMAFGEt0Y68faI02GaYY6yslN7w0tCJ9hA5PDmHYGJUlioOsCQzfk
2020-10-21T06:54:36.265364447Z 335 xwm6E4xblZTaR4uhr7sY6mFjYySSgldakpSHB7qOtsPqrQJ2uUSbwm9RSdkX
2020-10-21T06:54:36.276730438Z 336 nxo3Rm9veKuBNb0MJqLaVqQervbdMeeAq0ekbaQM5czdoErI2UU268WnxQaP
2020-10-21T06:54:36.288002747Z 337 6FlQ0TcuJK434B2khbbkDdMSAkjOcsCVyg8SJlzzBADbMUAnfjxyU7DztInC
2020-10-21T06:54:36.299715945Z 338 YgSyA6KJDFXDxKnItJXAAD3cM05iiWiY8dYrqelLH3LGef6ghlrVWnGPJPoj
2020-10-21T06:54:36.311097936Z 339 0LwaL4aPvV1mZewkocWB1GcSQiFfFb6dVLBNm1qzqbN8XHtD8AeWK4TCsOvN
2020-10-21T06:54:36.322340735Z 340 krJkbSQkc9L06peZchzmexQbeVWq8G121N9XwW6AsBGw6SgFcSpWsCL4xVW0
2020-10-21T06:54:36.333684924Z 341 PJ6fiaVmziqs67aUPPu6OQjD4yzVULXiXrxmZoZ8zaiGP1M5Jy0xdWiwpEjd
2020-10-21T06:54:36.344241059Z 342 uHOPMGMqbZvS66kkRRW6NzAJDfWQDqn4nm7Tc03JekBX838zXeKMUArwZGgj
2020-10-21T06:54:36.355859252Z 343 WFhYLEpzQzLHr4oKFLEcr0odlm3YR7SCIaVW5BtJcS3RgxCs08dVRsGXB4pM
2020-10-21T06:54:36.366545522Z 344 8CqVUuwGg4ieojGQphHBB6EmujzmL9Bbe6dFNuxZ5e0LCc2WVlgqFIXa0TUd
2020-10-21T06:54:36.377279382Z 345 gHbg27lQlLPRh1OA1Rsu9OfLlFKdGrTtikSQvJzFBxO4K3gI7TSyWvEyg7oz
2020-10-21T06:54:36.388652109Z 346 4Gao6BthBrN7CzPU0DFtRCT7kblJzkEWYwgVMgIkYiTL4zIdaYeDM2Ai6Uv7
2020-10-21T06:54:36.399069812Z 347 qTYEDfCWyAJnjxoUZt1AIUBAugP4HfKEJukTdPJr06T1F7eaogyZpCYIX3vL
2020-10-21T06:54:36.410678170Z 348 RJ7GRU3G2V04Qc1BMeHNWZRLeGRW3CycXKeqbvfWh6ykGQ9VGBPsf9qaDryp
2020-10-21T06:54:36.421503891Z 349 9biStJnOufindzziZrhez53xKOwS63xv5sHqD51LZEsVWyeLAa7rRNikCSYg
2020-10-21T06:54:36.432871960Z 350 tt6vSyJEjhODskxH0g600YPTJ18GCOXUNAOKYyWj2fBSy5KCJi0ORPSqRtOt
2020-10-21T06:54:36.443781933Z 351 gchIR6krOmb40XxTZD3ZahthRiJ7BaujuTvarNse6Fyd8eFxKOgzRMDYpvYJ
2020-10-21T06:54:36.454355083Z 352 sZ1SvHVRmDQu7qVJP10u3OV1nK91enIpEVs2wnuhMpstFtPK2iEWCg6OjMTO
2020-10-21T06:54:36.465769872Z 353 CpIiVgLNYCoLLViUmkgl5KxnbVKGiwRAwgeM5Yx7U1bxQ9n7IAbZaTEPtVKw
2020-10-21T06:54:36.476982999Z 354 GUEFvrI4ScHkPrpckv96vMjB6BgyI8ZxjCCzuzWO5tJ0gSEP2aKrJSdk1EyX
2020-10-21T06:54:36.489014792Z 355 dGFY9tki2PiiDKQ6rlqe2WbM0XTAgQAolrSX8KdytDzVXJx14u13uwAuGz9G
2020-10-21T06:54:36.499981290Z 356 XbpCUmf1AdMKNbswCdGr95A3PFbtfBcGvzGrfvHUfmSs4X5foncUc3S4Ovww
2020-10-21T06:54:36.510908062Z 357 CESTrgvZoGfKyDaiIzSPVqm8fXXJdXuyQ6Ei7BuNRmO12mkBdHbzfaas2Xfq
2020-10-21T06:54:36.521371251Z 358 fCTnxe0dq48hUuG0deUH6ldhtj2h7YDZ7GXonj0YMgKJJL1vAtdBR2gifegd
2020-10-21T06:54:36.532659018Z 359 m3KkYlv7s18vBjUeHg05bWLia6M9wrevRzKzwQv1tVERdHm2XjKjpoPnINPh
2020-10-21T06:54:36.544196498Z 360 hXFJ2h6S4R69C9pxw58ER0Xw5B7qX0SvwqOzhBAiWuikW1o0EfbeXXcULMTU
2020-10-21T06:54:36.555924278Z 361 7ITB2J91e7z2i09W5hWUQuU44BCX8LkQTJEqrvshQn96ejiXICCMEvwSW3oS
2020-10-21T06:54:36.566894066Z 362 e8MUznRcKm5N5xJfIJslC8IAnl00APEincVBXqkwpfoTGpXppbPbkWvzIrB0
2020-10-21T06:54:36.577720458Z 363 c3VLvJVYQG4nnewEXghVoURzx9bRUjUVy7gdhBcgJ3coQZJ4aS1yVwohIiuu
2020-10-21T06:54:36.588726928Z 364 V6U3BwY1Z6plQ74xfyWn6twclF2JYyRpSohEIlo6PDMbGUaFDBfc9AVvII6w
2020-10-21T06:54:36.599334541Z 365 Qqq9YNeEi6yGUDtJTl3E5V5dZYortqPHZeIDupp1BzItaevuF66BZUGukDkt
2020-10-21T06:54:36.610931856Z 366 7j5G33EsOs73m8oxIbT0GtL9g5bNHklkBj4YMGA1bA6w5GIY1EaSs9lhAbeJ
2020-10-21T06:54:36.621872847Z 367 UfTdw0aHWMDdu1v0a7029i8wIkuIkQ0xFDJl6SlmQICEPFCSMzITH9izeB0q
2020-10-21T06:54:36.632941809Z 368 M6f80ewh1H5easL5vJviTGQRYnorFB1GfKO8WBsMotevczDGjS2u61YBLtVk
2020-10-21T06:54:36.643540402Z 369 jjM07dvo6Cy2iefiJAOu7SKqAgfdZ6roEGkTHatvXgRFK3KCTIbApagNonfP
2020-10-21T06:54:36.654835335Z 370 MOOOJLkqrDDXZYoRuqdG8B3esksd901YCPqa9RksT90gIa49Yx2NYAb8Ih4K
2020-10-21T06:54:36.666290213Z 371 XD4u1lM6du6xJfCGf8tQcjJcNO6i8IqTlCdMrKvnsU97PMtJ2Se3bLe4BMAW
2020-10-21T06:54:36.677577458Z 372 RQqkLNQkFdOKWhRL2TxsOQYC1Q5mewOMNQCm2t3tbbStshU0oF2Lpy9xWefp
2020-10-21T06:54:36.689201916Z 373 CQm9ulWuP4fNwX8M7U7vSAjKaY5rPPHjH1why8il7vtVLUm72nhXlPyTDyx2
2020-10-21T06:54:36.701264657Z 374 jsYccbndylvfc7ZGuoiBlKwFjJ0zwmOEyvGpa6Xr0qNeumOXHN7EB2nnF9Cq
2020-10-21T06:54:36.712680707Z 375 rtw2cg2lVCfKU4qBiSLCwkyXZA4SRcqd07hbLyj4Xo3KGy7DU2sAi8dCvL39
2020-10-21T06:54:36.723295199Z 376 Dnfh2ufPwjCglRiu4Bs1NUmTsZdSs7CUt2f7OhnuFt8ontPAK8oin0h6HA9n
2020-10-21T06:54:36.734609469Z 377 5EwsLVTteK0J6emF6xFyXNLmKvsVp9u2RnHldTezwlCoDGmvZvx2hLcFA9ux
2020-10-21T06:54:36.745199002Z 378 cy2hW6icicct11QcaaXciSyu9urIGzc1So7567nVIad2DIwGMewr6y9P89G7
2020-10-21T06:54:36.757039981Z 379 LJnbN5ktKpioqZ24Tqxrr9xpfF1p0HAJmUrYI6wlVamv4sl7XHHHuyHWSsNN
2020-10-21T06:54:36.768936651Z 380 wIP4PK7zQdUPO4CiG7BAoEVGyTvmSoGju34sp8NAPkQtjT16l3TCpkvIWvWv
2020-10-21T06:54:36.780615220Z 381 wWvWMdf5LqOWcjD5gedqjg75zfidWrJC6vfngfrFYtGYCSVrmCDGBsIz4dsi
2020-10-21T06:54:36.791038991Z 382 Xo7u0acg9WoZl9BBgPoOaWvsxWHpDtujyh27SYWbeCC43wnWbKN0c1rhDhjm
2020-10-21T06:54:36.802391227Z 383 RsOUC4JJWaXTADoPGDD28Lj4TkBXk88r83tEOxMS3Jmy6kaDG4CEzN7MSYby
2020-10-21T06:54:36.814064443Z 384 IbKn7oY3xkUblyVOggpoTFt4Jvp6xIpaHQZf7NERMoGc5175g5ffUQxMaFpz
2020-10-21T06:54:36.825822935Z 385 cp1arYfx8K7XDkdSNNP2mEcqwD2N0cVqZ9sDt1rKG7yERmBLbuTprYg2giX1
2020-10-21T06:54:36.837025642Z 386 JMyQ5SKtxV2P8EAXnzLeRlAY0R1UpPgUxUdNEaeXKKyiiIqvntFLFiRXmqnX
2020-10-21T06:54:36.848498075Z 387 1O3fNlMQc4BacM2G6NYhlyhowLmHbfFaihBQKg2FfysJ6MVGSWVGQBhaFhdT
2020-10-21T06:54:36.859185015Z 388 8gnhytvlLq4o5C461D1jT15rPxLiaGkrXutDdBqOopMVZhnCihheCv1LI5Jx
2020-10-21T06:54:36.871328399Z 389 KNAvTkARf1xW5ttuyozmAgLzlycQ59Gd4X87osXbh5NlPgCd8MtXryH7hnGF
2020-10-21T06:54:36.881746133Z 390 PdjllshzOfsdOqhafdhyU8NXf9OgsI4GPmNhoGxnV7HisQZwku5XlfmSE86X
2020-10-21T06:54:36.892637963Z 391 GeOtAhyczgkHMCPf6UdMg0jeHs586j46Fzs9hQYu5FfIurEOICDONNwgXgGr
2020-10-21T06:54:36.903221995Z 392 qRCD94bDeAZUP0IaatX3EbtkNkudUPpkt12XOZ8OVjVoohsfKlT4BTrVFaMd
2020-10-21T06:54:36.914590174Z 393 CoYp108HBqadEjG47slmKUhoSCaYa18qwcHdcIXNUVUs1SRR3O4fb3Ci6yUK
2020-10-21T06:54:36.926170140Z 394 NVvH5oRzrButXG3so72UsZNR5G9pVJHmKHC5dykeYuK6mhFkbDooBYNVU6pH
2020-10-21T06:54:36.937551743Z 395 Z6S13osIPCENgZV62RdShSTQTeeL8bDSKzK9w0nkI5rJtV80YKT2y5X1LajO
2020-10-21T06:54:36.948451304Z 396 NX7DqVYEWDrCdcyPQ4tDeGvLE9WPBxnrJ7b35HHtaCbhe21VrzXYlKu0tGGN
2020-10-21T06:54:36.959468120Z 397 pJGAV1jgH0GAIz0N4FL59Da2TAiWBu0Qwf1qjhFs9NMrcam0JvVo9CEXxT7g
2020-10-21T06:54:36.970249347Z 398 iu1bg5ACyY7dPwvFavLauGZbF8kIAFQt7ya3dRxEcCPa6wDCpKMTNEwGXGNJ
2020-10-21T06:54:36.981513931Z 399 0D7uo1Tmgt36ciReRNmoiHoW298eDydgC96E72mh0mFfcjpO6ls8AM4Suvvl
2020-10-21T06:54:36.992372449Z 400 zbdQ2oGZf5Pt84vqDxxCq57NHNAJ80aiI1IpLcidTpLTJ8rhhfWxF9ASzftU
2020-10-21T06:54:37.004029002Z 401 irgG5vxUkmjBDZXvsYcG4zYK05dEOWcM7Gh84pTTdIatM59TgTaUPDUSCdlc
2020-10-21T06:54:37.016316630Z 402 jVRHseNw8mh2MXzMrBmKpWKns75TqyqdKcNsNm3jLaXkh08qqDZw8uyBUATp
2020-10-21T06:54:37.027296964Z 403 Zi9n7hEQQEVoMqIcXayitIRDfS90VLg4QFfFcO1lYCMo6eUVMxRJbZDt33ox
2020-10-21T06:54:37.038400193Z 404 OG9S5p6aqy9GS5xrD80DytuX2qWwrV4S2Z333oci1a3WLhBXbZ2VUFy6vTIx
2020-10-21T06:54:37.049857762Z 405 Zbx72equHMsj35Drwi8msaAgpGYgjmuMczCWrlMTpOGEZTfJjzxGCX27GyvT
2020-10-21T06:54:37.061136102Z 406 Nq6BN9AUHmcw357kCRhNPgY6stdlsyGMnHhYAisEza2RZS3PtQb05JtJA5pL
2020-10-21T06:54:37.073047918Z 407 wLXKvBH1ef1ydpeJ8EEtjpBOcrLIz4OUu1pqAttCYynzonq3YNUUyX2n3MZX
2020-10-21T06:54:37.084746819Z 408 ijjuDFVgyka0MMaO8DWtyFWmCOI87VRBFfKPkjxmOnvetRvkBbONleOlHzJF
2020-10-21T06:54:37.095064692Z 409 0qYfX1ZgRWkf3n8R80ec0Pf6rmKqdaLGkVjZNPVgd0z5udmzBnu9mqVYYP8g
2020-10-21T06:54:37.106858333Z 410 NccIHCzHQ0O6wsRVh9sUHPUiNAvPJYX7bomTN8pPmP2HVHCKPQYO5FekodOp
2020-10-21T06:54:37.118573781Z 411 8zjoPRTS2M4njaWHU31dtmC4dYkaDfnfqb0vYve4Px9UkRlkp4vo1cAKJwol
2020-10-21T06:54:37.129222920Z 412 YfoBbNTIDkiHBTcQnSMVMgzFAyzp76RidRi21vazyUQPPVQ7vIUQQEcEa6Oz
2020-10-21T06:54:37.141114866Z 413 sQiPHRp2UIEvBaYcMQLzhtCgZf5lGlW8SaD0xnbuDVND5Dq20yIote7lvVja
2020-10-21T06:54:37.152553942Z 414 aa0h6ALH3yBImEDKDiiBqRsXKu4nDf6FK4J8zXpSLuME9lJcoCtOusMjvCZN
2020-10-21T06:54:37.163847621Z 415 K9YdVpQX5Cd62dopZkcnhky6ApTD2PtkQnaiKniqFnTczaPK7QY2cUk5xliv
2020-10-21T06:54:37.174961410Z 416 gAIU4B3IaltQ2x7yqlUVrLvuJG4JrMeWPH9Sr0YC8UxH09HZaWbJOb5AXHnV
2020-10-21T06:54:37.186061970Z 417 yJYaBYiC8AfZVSlgmjUfOgLK97KxuOceaoIi1zB4niGFFZRXQymKXugwqfBL
2020-10-21T06:54:37.197445542Z 418 BMUCwaZOfbBeP7906X6T37QNHZ5OZF2ElvjNsLpdck9rDXbQQzAcO9RF4Spt
2020-10-21T06:54:37.208718898Z 419 9mKDXdDFvCpcar3Nd9iKTn8uXiGkzVTFzC0e4aOuiRkeRezPZ55Isb6HhbzZ
2020-10-21T06:54:37.219475270Z 420 hi7i91HYwkpcCdE2acOLOI3QW1mTNBne9KMRMtznf00qcS8TqzEv1WxmKiDE
2020-10-21T06:54:37.230200163Z 421 oQOUlwCHtD2v8JAhOsoXVTZHnqxxvTOokCzLTgVYhqspm6sSrxK8aFaRWkfR
2020-10-21T06:54:37.241482504Z 422 fb77RwuCtDEan5wGarPeuQGfyZ6bPqRqkTwlnaJp01kKtB4uAS5CHIknaFb4
2020-10-21T06:54:37.252688574Z 423 JrlYMpPD38nPzXwTAFY09oTYmWZaUjv490whXS9VHpcUzeNFuZL90PDcOuMD
2020-10-21T06:54:37.263334672Z 424 ldhnd6L7vPiTzLkTEBgH1JJY5KdEf2aKO88UFEmplKtBxHkTc2rGELThAOr0
2020-10-21T06:54:37.274795033Z 425 OI09GybXHnPLOM01WSoosFB0Qe8KIgNPnwyHzA5JmJUYYUGRdRqvFnDvjCUX
2020-10-21T06:54:37.285991985Z 426 kzSORTRsyKEEFbWyAgZKqlHmdvltQCP2prf2DVrN7h0VfJs9PmKefxPuL35p
2020-10-21T06:54:37.297401015Z 427 61AZ2NlPC5Ob0eraAKvXVfBA6L9EanlNIli6NU7SHYDWUUFWABcN1Uo6tFO0
2020-10-21T06:54:37.309068223Z 428 CxvxuxkWQ9wUrWHPTTrGZ4Uw9BZqRJH5GnkSmyOlK4ClVO3867NU2IdYWfC1
2020-10-21T06:54:37.320576471Z 429 K4EE3JBViLLk7MzNIsMU7NjNXMAzGwilvUz8qxsrLYbq33v4R2syPt8W5pZL
2020-10-21T06:54:37.331813407Z 430 Axqwx2kTNdRrOKG9vbZUkrvZuVa16ETfaYRkMeW2bVkVtDQ4VeJy7lV1K1oq
2020-10-21T06:54:37.343100884Z 431 e6jThv628PF6m7VDIPeAVK0QixU6sCVhSLd0BPwE9ZAqhDsbrn1zUcpxTgAg
2020-10-21T06:54:37.355061449Z 432 wR3Y3JpcVSVbBBcmuqSbhB1tIvpYsiQbkqs5IHhTZgdz4QF67436xlwnUcWi
2020-10-21T06:54:37.365306968Z 433 JqWVrfxrBD1OWIsPS0pKPn04etDLMVMc6anbYP3MsJSHn0yEbTB2rwg2g1WR
2020-10-21T06:54:37.376320136Z 434 oEKzD9X6CpgFuy4KgHL2rPYbG1kxA9NpnoGYGhz2F36p8xcj6lNIq6L9isw3
2020-10-21T06:54:37.388131419Z 435 oNZ9HQsbNUsAECTLXY9xxT8etvDHD38eChr3g0zVlfz5yCdGydBXvqb0nnPI
2020-10-21T06:54:37.399813761Z 436 vwgo6pQ7wK4ntm9bG11PVCZ9SCFzfXlHK5eOw24g1hdjPDCDEIfKT0PlzcEc
2020-10-21T06:54:37.410748651Z 437 mKBa6LHNwS1co3qybKGgJu2dzp2467MxhRjemP9jP4ntt837JTWiEEp6U3th
2020-10-21T06:54:37.422018574Z 438 GISutFRQ19KKb3mYdMibmAMXHn6zNzUlfe1W1wlx5JfKsxGS9JIz9AgTnQ3g
2020-10-21T06:54:37.432856889Z 439 5LDdU2Zdbud3i2TGEIbKQjjL9q88aJ9RzmtTh2aXdqe13AY7sMEjkEKrP4uS
2020-10-21T06:54:37.444535680Z 440 PyNgdd7x8MDakUJNMnxHXTSkZAubOinRgQalWYmlRVZsREGJ8fqwzw0bKmFh
2020-10-21T06:54:37.455323786Z 441 PHmogIPQl8J6CwcQjFZtGnQs7jJGYp5NRKkensjxY8S42oWvWBjMxofyIQkL
2020-10-21T06:54:37.466156451Z 442 PuhdtVU5o3NTg3PYA2baivN5b4FCX4T4FwzCr3PdjEx6KnBoLsl8ZJiMww0t
2020-10-21T06:54:37.477456137Z 443 HUTSdWUbeAIFEVvRmjYavGAh4ZxHZoTDKORxQgCLDB2JDZS6M4CytYnjls7U
2020-10-21T06:54:37.488333729Z 444 rc7C5PtXB7wqP4zr7xzWu9f9wBIReP95tXxHahn13xNHofZSi6w1gMf12Lf5
2020-10-21T06:54:37.499864046Z 445 Ap9ENuckpDLir0h0AZ0LgZ4BLGWFKaIdm1HyckNPmUo2DufHOlERETZMsJ6t
2020-10-21T06:54:37.511249350Z 446 xgScVltvhY0qNx7TLBxFx2ssN2LH1Hj1i0KNHCs8p7OUjyEe660ZKrT8SKd4
2020-10-21T06:54:37.522866469Z 447 Qgnnsk4kpKHQTW5I10KVAHHS2PmF5aMn5OhIocseK67pk2u4wxPlEajv3P8h
2020-10-21T06:54:37.533752241Z 448 Q00bZZfpzqa3BoI3Qdg0TXDCT1nDX6ZpR4Rg8aXJ32VdKdMElnsZngD2fvOd
2020-10-21T06:54:37.544621959Z 449 CBQ2qjTXWPBymOk2wbYqVWwUKiSxYVoJ992IP87kDlzk5rNuKhE0Wn9GB9JT
2020-10-21T06:54:37.555340541Z 450 lIukWGrB9boTjcd6imtmShDFb8f01ejZ4BKxzVmvFMvKW8gxDstOeorTcDqM
2020-10-21T06:54:37.566744731Z 451 OkuStVoIyRKq0fooidHmR0tSXOMfFd41ULMJKCzLPz3TqEsGAirOYWbCGREB
2020-10-21T06:54:37.577171135Z 452 zcFbbbhlnaEr3ObakS4qulZBNEFqPU8Hg0UNLhQZdxNKflXo5pYYU9oGuzqh
2020-10-21T06:54:37.588903705Z 453 0dLT0oSe8FuCkZyCroYNlFJ6WvaFlkv5BYVEkfILi6J226hmFbdqP7m5tbQ6
2020-10-21T06:54:37.599932408Z 454 KVDjlwyqDy7dDVuqXQEAksflrdS5EF16WbXoX6tLP5CwaJaamGuwodf757yn
2020-10-21T06:54:37.610887608Z 455 dBX1OeSGcEBJW3kQ8RD89MHyrDan7F88YT97BrZmubFE8ZlerZiM83Y8sj9G
2020-10-21T06:54:37.622005582Z 456 F7NQmOglVVGwK2EF79IcToY409bAR36jiYDaNZmPcHRpetGgYddwypWj96th
2020-10-21T06:54:37.633128307Z 457 szrzOwsx3mGz5BVmdQvlQPZOGgm4BV3UVGpepFxosNsQyRudV6ccLeFcxM93
2020-10-21T06:54:37.644611258Z 458 P3rcnmsdor9GiQ09y1Q7bV4mSSmeBD7gZ13rP1cm5qOuBaS5Du5kCi2PrxBD
2020-10-21T06:54:37.655529801Z 459 Gq9hgZq9USm4bJzT994nsXThpYgrh2vwg0FomcUZG4dP0z98DvpANWxXzEVE
2020-10-21T06:54:37.666588935Z 460 NsDvoaE8HikoN3cgQCN0SHbwbiikzV0CDSRQbsW48BPUyQiUxxYLuUcEXQ2a
2020-10-21T06:54:37.677749618Z 461 qC3b5Bnd7xgDVg68lDiE0GJXrZ1dF0H0764b77wjhYuLSsVeBuP4ZO076jfJ
2020-10-21T06:54:37.688971526Z 462 XirKmjXRIKAOrqljcRJ8uJGJuDZlwPPLwQYQnZPEuWLjtjlIMX2jSznkn8df
2020-10-21T06:54:37.699691132Z 463 H7Ij1IfznZ3iuLlFAmAaJPIHR34CXhi2N2Zw1XwI1zS1LTlWCmzj7oQJebFE
2020-10-21T06:54:37.711218550Z 464 3zzaQR3zwM0KjQjRgDTM6IoDGzBKLhy126Ql8sFseUqZpMuyM8Q7bDxpZCQo
2020-10-21T06:54:37.722470068Z 465 uAAwzPLNlxq1SfHGMdrHL5HuzurLzk5VXka1BpXH7DOWDScjeIekcYvITFOs
2020-10-21T06:54:37.733115943Z 466 RtBCloKWo4glupUYiBE4dgNrlp7DKIU9vls9gWxVxAw6UabUcnjbYekVgFJQ
2020-10-21T06:54:37.744858637Z 467 kbPkIzTgmSjPTCPoSp75VMcb4xzVeiDx1PrBdhs4zjcOlpCsoMsihN5gVWPh
2020-10-21T06:54:37.757056562Z 468 U0mvUsThJp9eNbrIyHx8nZtwMuSEhiMnbhVNusrfc3Qs0Cl4kRWmNAwYl7MR
2020-10-21T06:54:37.767967930Z 469 Va0aXa6JImm3Jkb3Q67jbZdAJ9ldV5AHCFVu76CxmQ4Gz4zpS9HGzoTR5Dhx
2020-10-21T06:54:37.779684731Z 470 1sQnX7hkazq2eVokBn6BPZic3BVUyGL8y9hNAOTxEJSP472M5WeqzIspM0sr
2020-10-21T06:54:37.790287144Z 471 ks7wMFkjVuu9jL8vplxCfJ2ateiT86a0SMTjkk0C9YMtDLu1rUSDFAstEwPM
2020-10-21T06:54:37.801967545Z 472 nByA6MZvI7BhdPXazjsbEmEuXY8xCmhxdPCu7podXvBRWos5x09BndiqMbpr
2020-10-21T06:54:37.814154458Z 473 SZHWeVSBN1AEYEY7mYUgSu9HSo4f5FA6oXCH7A2sqR67P2fs4VP1AUPr2a5i
2020-10-21T06:54:37.825542149Z 474 WvcXn0Ye5zcNaux8rITy12ES9QmmIWULmdeQ2MjuBqKP9BRthDNjeRZhbHT3
2020-10-21T06:54:37.836191371Z 475 cgYfxggo2wQY7SQb5dOonwN2kywPUAma8cri7hVr8tHWO14Rkggg9oC1ubPS
2020-10-21T06:54:37.847555640Z 476 WgMNu1t54ZQX6zf4C73ok2SFOE5248LAwZNSeoC0ZYxBMceeZ0fX5ffPJkNX
2020-10-21T06:54:37.858959975Z 477 5hy3TrYAeUVroPhlgSKC0k02ocyIzsxRRK95q2UQKZZCFmOVM0SdYh981RXV
2020-10-21T06:54:37.870617718Z 478 2PNZTmMQvQ0BKINt2WK50gT29o1YAny1b6zR0TLx4DNIKp4NkTQQNM0aU5d3
2020-10-21T06:54:37.881323221Z 479 bmkmO6YrlhldDCZRtc3jxdHpS07yZuZhIZwqqVUIlL6B14KOwKYkKOcQCdSX
2020-10-21T06:54:37.892407514Z 480 IEoCsBUf0nwEjEMOyRQePhOWyEDITRe2zFxov3y8wFNMA6QGxGqYTL4tLj7n
2020-10-21T06:54:37.903788896Z 481 DXm1wPAy7aFp9GgeFJLFVTrcoEVzJaDRLvtGGjPm8vdG9bXYcdVZccoPmMrn
2020-10-21T06:54:37.914159718Z 482 fFntcIkJ33jk9VTvw9FJuxQ0xobrYWhi0MKqTeDrojJ3VuDjrzx9inaKMq2Q
2020-10-21T06:54:37.925535554Z 483 hTOOCPuFXTUxBqYRg9BGM4nV8vRYolI9qoJIfUeq7fgLEi3efj6zPDjWqdFV
2020-10-21T06:54:37.936802752Z 484 tm1pN2Aniw06n7R3utJaMUl5p6PXtMEudfAShpkbnAu1ZJkVUOn9OldfjR8W
2020-10-21T06:54:37.947577018Z 485 LHgyXAzT3SJPcBcDHXWazKg2X0SCERPERLcNdpRfRPQcrlnyUQlWrdVzeN92
2020-10-21T06:54:37.958125818Z 486 bqyy52Vqiq0xHTpxHhXbbCx9EjIdu7hZAZtLh9Yj3pJ59Bd0Wa20qJK7Pai2
2020-10-21T06:54:37.970098396Z 487 jLuDa4IdxVqfKEnmSU8BIcyTV2X9Kkaun4ocN9NitOfkC6k6P2K73F8dtWUL
2020-10-21T06:54:37.981851938Z 488 ejYMVxrAn4Xka0Xhh58mOv9YK0hZiyYR5uc1hRtnyP0iqc4cC9WGWhWlZ5cS
2020-10-21T06:54:37.992621230Z 489 ZpbPC30ATjt30tNWQEqjSqyooBwcEjN9H7mlXLziXjB8LiUzJ269uvIV0jDj
2020-10-21T06:54:38.003669392Z 490 03pj37P7C4RAmZ1HCXEL5bCSbWEO8iYJgXhLBQyAyfYBHbNPGH5QMomUlFsT
2020-10-21T06:54:38.014962771Z 491 YpzVC0sPl6GKIuZ6Og7llUPuBzmKXkDgI44tYAvqvaX6YZYWDeQ5jlZlkGVv
2020-10-21T06:54:38.026983434Z 492 p5mOXuRlKTq8olRS3zH0yuAuNkxps6UYzLQi9ZD0YrXMmXkFCsxL0mcDFg3s
2020-10-21T06:54:38.038370175Z 493 7jaUlSsmCT78R6c1q8sUVRZyyfxNqv4dgnOVUUJK0BwBOV0KDPzLjpA7vzoM
2020-10-21T06:54:38.049319199Z 494 1ujqVuz9Z9usdBK8YRGvdViZKYo5FQafwvqUWb1X1CGert3yfeGwYUgcObMy
2020-10-21T06:54:38.060373754Z 495 NrIbZYUH4l6cqBt9onvdeHlOm5Ppxpc8cFZU6QVCZu94foGEFececGDZGAQM
2020-10-21T06:54:38.071176595Z 496 c8NJ1Hjx6QibQKPs1hANE5pYBQvXG4mW3jfkz0kvSnH277JRZa43f3gIDs22
2020-10-21T06:54:38.083165546Z 497 ZpqP3rPlDR3eVypIDNlNCcxjH6l9m8azUtFrx1NlSGTrJJWys7ikScaAeT2O
2020-10-21T06:54:38.094343370Z 498 8eRFWC9U2r4qFAk6Llz2hz8zDzLl7slc3VF73l4V7lpXS2xpt8AqU6CpyJwt
2020-10-21T06:54:38.105722383Z 499 RajmxKn7pc8RnJJY9mEaHkNSUKJG5xh72po2ficqHQyFYi9m5cmfLcvQlqSC
2020-10-21T06:54:38.117214225Z 500 GbfmFAUopOOMPfRMzvU6zXf3ubZmtJvb4up6k9NgiYV95L9MnFGmV7wpoPsQ
2020-10-21T06:54:38.129074392Z 501 wwvyztEIzTXMlWMmOVPTyywH703YshUdREKRaNr8Vrf55zzEj5ZSG8Iq6fTc
2020-10-21T06:54:38.140675564Z 502 yViOITNi6sU1hXFDNUpE5hswZ24yguaagI3vTmwrEgVuN3mg1wHsXKxtIXj6
2020-10-21T06:54:38.151630138Z 503 JkIeWhcrej1fWYj7lUDno3WzjLo7DgvzSlLemDEQYwswMEnbL8qHekYxlR2L
2020-10-21T06:54:38.162177573Z 504 TMSTCu3VBWl3RUbk8hFkbG8Bs1JMtwbVE129rZtFboVm9zhQuBlqCXwiMXGz
2020-10-21T06:54:38.173701330Z 505 2BbUdEkpMrqm532HTinHJXTOwrRKJ6mpPENNqIvVpkX7M4op91HCSYkw2rKo
2020-10-21T06:54:38.184288512Z 506 Y4Gbz0gmvnjUderKYqEbmaFZjRMROvusRnG8MycEVWc4kP5FtAFdzEtwf5KM
2020-10-21T06:54:38.195891217Z 507 aV6idHJYr0dWbg1LROoToTrbi8eNVAOKyu4nLy9Z8MCJdUCHpAArkkAGgXXm
2020-10-21T06:54:38.206882349Z 508 W4Ohzvx5LoavbsLWEA9ZX1CjCbn8KwWIlqKLNBRbpbaWPEnnJABcqERQhBzJ
2020-10-21T06:54:38.217883310Z 509 Nu91t35z5vAkma72Q6geZ0pUjemft5KVzlpv0vDazKlMmF4T5JReBulTXf0f
2020-10-21T06:54:38.228332125Z 510 Su9SyRER4At5TbIVJme3ECyWvOnqJPjsYvjN3UHK6cPbQ40kHTSIyTcGzL8J
2020-10-21T06:54:38.239893506Z 511 uJr9dPv9eWErBlEvhp35rtDN8oCRtMSv7UO0fgLoOXroVjA22i3MuXvxZujO
2020-10-21T06:54:38.250537799Z 512 Ab22jo8KAwd9l3mAzGVkMxJ0tTJFU1SmNAMxwrfMrGlVkvByvEcESFkomU8j
2020-10-21T06:54:38.261330889Z 513 v4vfJDrcFWPHPFx5crQtNZWeHUTSQBQKy7c9CbiPKKSGrMP82OOfh3DZ2J0r
2020-10-21T06:54:38.272357614Z 514 iQxrXiquxSih67OSKSrwmu0Os1mpP4LurhSol1RO6rHxu9f12sP24hcIFOhD
2020-10-21T06:54:38.283212665Z 515 J6tnkHpiDtwEgNSJTeGSgPxiqLIaI3hNEzOVE4GbRBSve0L2RPNKxgomTrKH
2020-10-21T06:54:38.294560530Z 516 7k0rDrx6yFUlIhKe923IILTxUtCTNJSkknSzBrvbIgvNLnL40UFFuoQd0i0Z
2020-10-21T06:54:38.305749528Z 517 koP3ZatRKdysrKroBtEdiz9oxNHiSayYBfpzXaUw0AXAPzKOFEuhh9ne6n0s
2020-10-21T06:54:38.317158665Z 518 Ccz8OvfYLk8pwUm9SAn9FTrrfv3OoR33HKjjUuvHh2mPLaVEdDcCMabbp7eU
2020-10-21T06:54:38.328972609Z 519 VI1ctuR4ynS5qgXfAzzoaeoM8se5wXvLsmZy4yHEAlQ1Tdndbfuctm9YkWK4
2020-10-21T06:54:38.339406388Z 520 RlZkr8FWzYLGKT6oQXYhaVa34vi91G2KSr2TWj1PPJ3abwT1St7GwgtzHYSP
2020-10-21T06:54:38.350301554Z 521 hoppYf43e9ePfieALXJnrOTyjgRTJgInhz4O3rVWXPHxrAKWQRy8IgLX97Nf
2020-10-21T06:54:38.361373214Z 522 AMoQUtWWFNx8pTrFRCPgOGX0sLLAccEd2bOCq1CeyXCMNEvLs1AWZbhZOemg
2020-10-21T06:54:38.372584608Z 523 dS3pW03lI7jC6DBDZC8NPehaxqt2WmGhWbRYisNIP0bw6YeKICLXMBfZN2RT
2020-10-21T06:54:38.384031037Z 524 onrYdrV26wz3r4dCgFDaL2xP8RwnfVjhkRLAeATJRIj1VE1VnPu9xkvYS7BX
2020-10-21T06:54:38.395955992Z 525 oQJqPTyxd347jep6msHdV8TnFc2sptltJ4KCkLEuLeCtQA3pNU6AQqQ5g0Wn
2020-10-21T06:54:38.407196850Z 526 7z9NGwqLOBXuAYwszTs2zWtmgmzhsIdS6y6qit0EZTQYvxFerx76LlxU42ig
2020-10-21T06:54:38.418814715Z 527 921yKRobPF7MfsXviIBHGNQIpJYKQdp1eseWn7XJnoBPfpIPptRSaSWKTtnS
2020-10-21T06:54:38.431043971Z 528 B0lNAZ4sJdeNfFqvX8CSjf0vMq5IrJsVsD6CWxYqpFyudAO8L2F4DIStVWxK
2020-10-21T06:54:38.442703463Z 529 eWTEPsZkEIe7XD9UvFH85uQK518oxosHvcP6GdeYYL5qaNYGQid8Gcw1KqO1
2020-10-21T06:54:38.453266857Z 530 oEq1QKYQ52LJHrrM58xqLy5ppKSOXjKBgk7auPBRZahJviNzoj5nAjylUKn3
2020-10-21T06:54:38.465105244Z 531 D4fi8ZBIC5oy06vWhb1RWP1gnCAy4ZpFI83PCPKOntJ165S7OdXkJQ7ASLbK
2020-10-21T06:54:38.476690669Z 532 y64jhOJELfZJnAdsSAyo4a4PJnV4LSGtLfn85hdzkYGhU0KZONPgh5BaHrjz
2020-10-21T06:54:38.487913021Z 533 sKg413iLfynpKRlA2qklarmpHTTSfyeHepUTCgeOgj7zRnF9tfI9OKLrFbR7
2020-10-21T06:54:38.498158716Z 534 0toqsCo7cBDaoH2QQOP7CpkmXay4y7khxCten4RycQAqWTYgiaIFarNzafUy
2020-10-21T06:54:38.509571045Z 535 eUn6gGw6Pm3QJrwfavz9xwhQ3CYFStcfJnkz6TSK3W0YkIxDxW83QZTKT5Ft
2020-10-21T06:54:38.520827737Z 536 UaBZlg2AMd548viN20LJzJyeiQ9B9R1YkHwwpX7B4xBCUEw4p99NrG0Sm22a
2020-10-21T06:54:38.531879454Z 537 nbdeTw5gRhMTqoIDl6ksmgN4wOTtoom2HnWS3jaNyMiwax3BdHym4Rmra90r
2020-10-21T06:54:38.542677355Z 538 fAVFwo6bqb8pHkzWSkFVhqE6yuV5UvOrJb9Z8OQtxsIWUKKae0aOPbtiyxfy
2020-10-21T06:54:38.554379452Z 539 yIn5Q5qRfMGllFXU4nVZrVKhUdBStKKBtaRQV1iMrRMahylzv4RG6IhamjkQ
2020-10-21T06:54:38.565316645Z 540 Jm419Hc3cbeKHZ9n2ZF3xwxupEfQyqBownHwzy1ccywCS2ZHiZVaRJx8Xh7t
2020-10-21T06:54:38.576558486Z 541 2c2Dy2gczjpxiFYmTm5Glf84GAocAiwzUizSR78NHdVrCNoEY7bibMav8c1c
2020-10-21T06:54:38.587803485Z 542 bTZ6YtqmjGlegkyFYeghNLhEApTdDfPzMSzxdI7mQuZIaRvK6vTzV63GzbgC
2020-10-21T06:54:38.598189554Z 543 0Vo9ZjphVvfOq2Nual4UkckuGNN7PjPzqpQXiWKRFYJibmhGoUNfXPDncDp8
2020-10-21T06:54:38.609566324Z 544 ZHx40blDB4KteriE02kJx8UykJFoo2XRSFvaou3PlAUFbL1JWSuuZx7Snc6g
2020-10-21T06:54:38.620724798Z 545 m18fUoZBOpV90UFSD6fHWPRDvutZpDfrDAeDSgeHCHAfn3RnRX3kMjpMRC6w
2020-10-21T06:54:38.632141056Z 546 otHfWkmRQW46PGHvDDfb9HpdmQAZsVIGYBhmAXCx0sE6DjsuR4WJ266rpbbd
2020-10-21T06:54:38.643760928Z 547 SWBskHl8T9Qaw6DmltxU2Kiy54eXwwfcTUqpQtBW4rjUMvMDpmFZuOBUXSWJ
2020-10-21T06:54:38.654205065Z 548 sMK2wxhvYe3JxQbvnCQKyozc461iXQDsw7SrL6ujC2T1FRv13sjw9ryG0mR4
2020-10-21T06:54:38.665783213Z 549 4mWQT60zCn19249yK7poIYvwJNdkBu5Ia3TPiFFIsrL44dvFnxJHHNlDvZo6
2020-10-21T06:54:38.677120079Z 550 dbIRgquhLhmaR5wjHpojNejOQrRVa10HouQ9WG8kPOakzpdB9nbCMVyDnQGs
2020-10-21T06:54:38.688476482Z 551 B4k41UIJ4KlqigTjTbi40l31ETJcMyZSl62cVwPpPb9BkLhWuvlJ3jozJWxd
2020-10-21T06:54:38.699555356Z 552 sMumOsZZJSu1iM27PoVPgFLOIaHaMJvL4YOexiKvYx4smE65Q0IZRhMlzmPn
2020-10-21T06:54:38.710868495Z 553 1eeR3eaGgLvCxhpwfrKDQ0asihhJt6XPKlMRRnmo93Wyc1iJrYg2OkoeWXx8
2020-10-21T06:54:38.722075773Z 554 deMUeSRCGUrfOhHcywk2t61kgCBvcUqorC6YkYtcj3DaOAoKHqQ21Jjn3rzG
2020-10-21T06:54:38.733410711Z 555 XJvKcDBBNJzUOMcwLw1BlJM3jUqwiaPNZdk5eNldA7WmU6ofqswVTRCLehxB
2020-10-21T06:54:38.744902301Z 556 nHy87JdN4shxqDCBVbKk1mll52Fm11fBoGaeINfa2PI0ebtHUiqVsFGUJBRa
2020-10-21T06:54:38.756711059Z 557 2JmmkWQlJjEBbftvIXseKNHgADJuIPC57X5bpoaZvxnDZzZHt8egCMUDAsRG
2020-10-21T06:54:38.767521865Z 558 AXZH1oxpuSanjPn8gekzA1OYrhU5RXomPZYiG14k6GWIYPL9CfyAkof8efEA
2020-10-21T06:54:38.778758137Z 559 iQsF4UPqfidiX0wkqkO71tDYFW6UwmERKyEqXEKa5QCepontVvoN69hOYpKM
2020-10-21T06:54:38.789140006Z 560 UBH81MQaqoTlPQjjGmhd4z7sYQqGqKsRzN1K98HYld3QUvRFtKUg71AzHIx6
2020-10-21T06:54:38.800536607Z 561 zBfGBbtuyAa7HQSfWRBQdJguw7zoWohxzVh7E7luH6MRAxLOM5hpWDUTu5xQ
2020-10-21T06:54:38.811762570Z 562 0r9LiszipJxYPy10p9yaw837rQPNKOPHRNfjxZDPKOi7S6JsBAjMty8GiyCw
2020-10-21T06:54:38.822968934Z 563 6WT769nlpBL1EnRtteV5koRMY5UtF13NBWUvwTG7PD0afZSp7kUZTPIqu9FX
2020-10-21T06:54:38.833979536Z 564 dftbCRVVpygE6Mqtury1oiV9iW3ltD7Jo4YFQHa6D2UXl3LpknJtIc0v2fMM
2020-10-21T06:54:38.845150980Z 565 gn0QDRn26VrKPvqxa6S4yv6euC0lBxRyihNhyFNgPLVe2gdIzn684w4hP8Qg
2020-10-21T06:54:38.856756824Z 566 u2XSJKl51fco90GZzihugXHqUS86sW7lK92P2dI1cgdfdxEB4Sd9JOmnqXtV
2020-10-21T06:54:38.867251486Z 567 gjjH1lKCgNZt9dcL3j7nX1aRgk2AMkSxHnZ2ohPe6AgIgwrsojeFHGLdzg1f
2020-10-21T06:54:38.878333587Z 568 z6riTopCtQEeIsXyq8MPUvxEgBJfzgIqgvwKDi2KV592JASB4FHcp3UZbSEj
2020-10-21T06:54:38.889560712Z 569 A69bp8bePHKnSp4UH6iMStSyRCs4atYakXDH7t3cEsZT57IeFFUWpdmNu9IZ
2020-10-21T06:54:38.900983845Z 570 6xtKErv49rZk00HeemI4PqfFgEn9pV8h1ePot1llyGC8T8xRg6CQE0gM5PYN
2020-10-21T06:54:38.912515106Z 571 0tN3Vk4akVxify5xMDu3dYCBbXcDVQ06pmUV7Xb0HsQqefyfVM3luhNkmsSn
2020-10-21T06:54:38.923819849Z 572 rwbEqlZFt1CWHcl7hiznHktMk59yl2K9WjqzsRp0AxfGA1NtzcEFLd9pmOah
2020-10-21T06:54:38.935631323Z 573 DSnG4fD2b4BHQtcGq6NOKp4cxqQWvodmutPKqHXnrXnVgeKEzdmka0gnGq6H
2020-10-21T06:54:38.946847535Z 574 yjZI5hVhLrDykvUIOqrCPxcdJs8v3z1bHLBHOTXneTVWtkfGqbdN0E3r1the
2020-10-21T06:54:38.958272340Z 575 OQk4hkk72sJGptIgEw5HPsnZrAWZvNXcpwotPUQzPslW16LWbGfpRQ5yVkW8
2020-10-21T06:54:38.969771398Z 576 ZRBegLxl4sb7koY67YJR1FAjOmsb0SDYcBcHfbbP68iNeaMOn48gej9VoNWp
2020-10-21T06:54:38.980138562Z 577 og1DV9O1KyczFUtWL39IGACQo9lTsVeYVXJ1vMabucq1qXwughhhSJ5BeaOj
2020-10-21T06:54:38.991736675Z 578 60TW3AjB0YCLIZXzNo4Ht1B7GymKfKG5axSBUxYwtp6XmkQAN8Ljyjziw294
2020-10-21T06:54:39.002115202Z 579 yMG9xezEQnNFz8euXFhenkUdH2ftA0KCvf6NAIFGkAk9TWPHzwdzqnqSZ2Y8
2020-10-21T06:54:39.013354307Z 580 5S1aUseampyazju7uQmflpUoEZGZPikSrKDjmSURGJFZPIYE7iXhlEf8605B
2020-10-21T06:54:39.024679372Z 581 Yu6yRkyrQ6DnF6VsvCGzik3mL5PzXo0dkV1A8pjIW9xbARQTocIfporVXT7H
2020-10-21T06:54:39.036152854Z 582 sxBURCTT74uX9RdSIPdhJ3Pd1yHU366TDyQqfnmfnhlKvBnPBd5sfNR5O05D
2020-10-21T06:54:39.047616138Z 583 LVcZh26Lc4OBJmAPYS8j83INM4aJoOgUTyzdAcFf8fwgDrxfoDihmnjWyVyr
2020-10-21T06:54:39.058287625Z 584 am0O7kNay1xDxujMk0C6o4BUw3Mwu5cp2oibM4AhTNkKkbjd4oelalqOxwQH
2020-10-21T06:54:39.069712539Z 585 u4VB8FxboUVdk9zg1O0WMvxLTiTFE2idHn4hBrwLRNx2kybb3WUuZlfHyfWo
2020-10-21T06:54:39.080859298Z 586 EIxSIXrbcghMzGcNvFeqHWR07GhnLkvXLs5Du6gQkxx2ZeIpSnXkfwa6SphE
2020-10-21T06:54:39.092404318Z 587 3c1PLhCqUXkgeYmN39SlFBdP6xDkDa2k4V9mYO8c3V0XZyoczRXDEhtJiiqa
2020-10-21T06:54:39.103941166Z 588 flj6vorvP6FqPInuolE0iewkgYGMVVw5PLtu4qXcGid6SLvTTIlUmzi5q9X3
2020-10-21T06:54:39.115274951Z 589 MXfuBAHe0YBAiXqSiwEJECQed4aBcSbUsFJENmFU9OIIKtwlb3n8J7JGGEHt
2020-10-21T06:54:39.126641941Z 590 h0Fxm2uAZEIGFExARISZi4hqpeqhuI3WW3A3tOtPhvmCsf9kt1dKYzWXNs8V
2020-10-21T06:54:39.137049577Z 591 qtt5FC7MgwE4XPKI7YZt9pV3jud7hE6VcTpcuGvlDzqKhVvhkpDQJDQRLZN8
2020-10-21T06:54:39.148471383Z 592 pnLilJo8jajuJWdKC5cAYhnbLcT4UGRQXKjE2ixHYUc4xD9Se3RkGpqfSLM5
2020-10-21T06:54:39.159127113Z 593 BQWEy090jOfY3VbBxKaDBVtrPgc16pT03ItqAuwGyMYFeyAdIcROUoJU81VG
2020-10-21T06:54:39.170537048Z 594 EQ3adPZiGyVhyD2JMmihLrxGqCtzgAiloQa1QCPSucZfq6Wg7W0iOgOYSCRZ
2020-10-21T06:54:39.181146091Z 595 TissDINIMKDYaqgTyHrxns94Z2k7KWlXVpmyfN2UAEXKfLpaHgbV0eDgWjCZ
2020-10-21T06:54:39.192621776Z 596 upU6gxFMcElwA6Fmq42TPatds3NoXXQXJ14q6xJGoCTHuYeCpJRq9mcYOuv8
2020-10-21T06:54:39.204431535Z 597 6MdUt6mjWDm9r1zQz2lWU96AxmrqCenexUPT1xzLzKbbpsbCSYlEucVMLDXn
2020-10-21T06:54:39.215596704Z 598 ZejSA5WFxTnXiE42HnqdGUIC6t46YpZWkjWBBfdV9QpVfkWnp32u1XvqykFE
2020-10-21T06:54:39.226816576Z 599 XBm46dNAnDzxDWD9ao3cMF2TGjXRnlxZsn3cfJm5kUbyrRELM7LZRL7pEfez
2020-10-21T06:54:39.237089883Z 600 thkvZSdJOTYSeqBidmwtw5ESK2QH76d6u6dCm1DRrWqJk0cbKrAQ8PnXgCQY
2020-10-21T06:54:39.248311554Z 601 UMQZ8pypmQiQHW56fMA4XKBd5JqLGfjwU30EDiA7P72mwErVC1NqHixAUdfs
2020-10-21T06:54:39.259440362Z 602 3dXFrAr2zDfODR98JnOeLzWWNSkClr9j7hJfCQWPAJQTRrLPQ636AUHwgw2o
2020-10-21T06:54:39.270542791Z 603 Shakcwydn4eR9q0LuxT1klVXq18oTd1bpQcNbNjS0yvW9AUXA6AjDI7s6ISv
2020-10-21T06:54:39.281977774Z 604 6PbemVAS3yODzXsmsSulvGm8vYzEaTrnjAum6NngFEXVIog1mGgBgH1qU7cr
2020-10-21T06:54:39.292268644Z 605 Zy94WII6EZx1smPtQ99wyuF4qTs3G9F6qv8dbI5fSpWM1vvYsWYNykwuvT7y
2020-10-21T06:54:39.304795930Z 606 d1FRsABoAM7cZR0VieBAzAS1BjZvISCEmMioRWJYZMgdbzV6pQ0VSyv5qHoP
2020-10-21T06:54:39.314457697Z 607 Ax9KOmebfVusaOQTadLIiiPxBKW0A70IT5sn2UZq44LgQW8Bi2gdbDM82LZZ
2020-10-21T06:54:39.325728492Z 608 DttUbEINYTw2VSzNQ1AqDL5eh2x3Icq6ZMIBFTOCMTtTSRoTdPiz0Uyj3qul
2020-10-21T06:54:39.338041312Z 609 lukoXzFtUZI4cujlkM51Hee1VqirxkY8M7hWVSpZvlht1FuMYIp3yPfZD09t
2020-10-21T06:54:39.349435776Z 610 yR1y6dasSWsKwj2wtkyNcXTvArwwOtskKkrZDtwIWN5PTB6ZRT9M5mZZZREm
2020-10-21T06:54:39.360899960Z 611 THONogjEtmBufmyQR5KZNQtih9muYFHn4qfFXfx21StLoWKNSaglst4w9wij
2020-10-21T06:54:39.372184091Z 612 Ur9HyMuPvW1TCYZcT22ekMh7DoNQX0xZttw8MNA3LAtxx05XAjQ7v17oPdoT
2020-10-21T06:54:39.383951784Z 613 IiiRUmFPNSwrYkqAXsiO1nwxmtNrlQYV47P3vdd9M5yxSLlorHBTtAjUNxWy
2020-10-21T06:54:39.395301062Z 614 1MbwcKq6uaS80AAhgxwZuYiBKyy24D3xs50gM3RfWV9LtbWVdvM1iURqWRLI
2020-10-21T06:54:39.406508669Z 615 1AWuFkNesk1rxQkXGpVLNKpHzjjOjjClJX68iJr0COB9Or4ARdHsBKKtOuGf
2020-10-21T06:54:39.417821519Z 616 TNtjaCeAUjKwVZGu395Nj6Rthjy3gM4dIlirG0l2AdGDPBfkavG8s1el1NCb
2020-10-21T06:54:39.428296288Z 617 aK8e2jqh85teS4WuqCZ8hb0rO9ql48PIBx4whxuk9BsTf1te37SXZ0dMK3vg
2020-10-21T06:54:39.439932820Z 618 wXyB86uAJShzFEhxF4sH63Ea6wRrQbcQgt51I5LPnwqeZn0dM4tWIFlLOZmP
2020-10-21T06:54:39.451195610Z 619 28mAcV3LeWoMVsePiAN769AE83fKRFE8fnPdmKaSTyWItrjlGyzeldrdQZT9
2020-10-21T06:54:39.462554904Z 620 tr5yfQuAFXTIQWIvSAqueFsNrssccdXVSCCyZZMxvYJkBkwMPrxIjNa4lKx3
2020-10-21T06:54:39.473612511Z 621 oQScAofYt8F5beAysbkvQmVGuvJpeP3TeE02jczVWZpzYARFiqeNUosvYHBS
2020-10-21T06:54:39.484245218Z 622 9c7DFjXQHkwqQsxdfxKBVekzBSkDNNSoFONv2PmdJKT7bm58n71S9GpjBanY
2020-10-21T06:54:39.495504065Z 623 JkGiEH3le3CUunYKvOTV6i6PTX1CMv7rV54wDsdIaFzzj26IRhaJelBP5J9k
2020-10-21T06:54:39.506745810Z 624 ZncNuVYQ4s2AlUwbLZc25OKAKsBGVask4nFnm6dS6QAuRUvgV23fKXQYgLpc
2020-10-21T06:54:39.518058029Z 625 JIFzAFP7ZhHSQPLrXtHiGEDGG2xZ9bp5V8R1Po9jiKIA6gSzX1KaR3LCwutw
2020-10-21T06:54:39.529814673Z 626 YpKpyMBEMJ7Kvva7R3iVwdEzqazP2vt3WwgMspI2kBkfTGWr89aRNzCYl4hn
2020-10-21T06:54:39.541754415Z 627 vJubCiMmHKhPxttZNln0oxYyv9sNTqCp7dwrtJLXK13Wd53nLob2E1zFBHt2
2020-10-21T06:54:39.552601629Z 628 D9z1n55Vct5Zpd5hXS1RgY7ANlfthlWd4LRx6EpDizooUYAGr7y4BStPTi8H
2020-10-21T06:54:39.564927830Z 629 PclsZSC7g85vVcVqdp6jB7WjkhHw5aUOpMpIWUtjA6RCaRWDEf7pKqdLtaSA
2020-10-21T06:54:39.576165286Z 630 90vE5oNZJNmJt4uZlNmgMRhJe5uF9loRSWD1C1f4GT1FsTIwuZh2Irp7l4go
2020-10-21T06:54:39.587026156Z 631 HBUwpd9NoWKa04jn1GwknEEGNmTqgkEYVFTCL9QdRDcUBrGM8vzWGP2yx1pN
2020-10-21T06:54:39.598575528Z 632 LUgcrP7ldgMWUazsFl3ZfHlDsztyoYLkSQTdou88ABeRZ7yvLAtq7gTr81S6
2020-10-21T06:54:39.609167157Z 633 Doq6JZ0fLQB7IhMGuCPGxRbrutHv4w5maymw5X6EKxGnps8J2kqTWuMtpfFm
2020-10-21T06:54:39.620277747Z 634 2C017qlW1z6Pi8kknAtSmhKUUG5k4rM39a2ZTDpVZQKTNQvzZ1lHMlNhuN64
2020-10-21T06:54:39.631167631Z 635 3D5NU5fqBRb4cfssBU77hmPFsU1Cx3T9g9ljqHIeO7p9rELefH9l5qbXjfU6
2020-10-21T06:54:39.642385965Z 636 lMtiEs4losFcNCF5LNdDVg4nr33wUqmbsljmVDSE8dQSwYxhDTKz2hnpRewg
2020-10-21T06:54:39.653255964Z 637 UmtUzN515FuKodKQ4OBpiP3tvqrahKmVly4SJwjKX0cjdMwIGpd1YMpGlBQ0
2020-10-21T06:54:39.664383609Z 638 8wMXFqGp9jWTpixVYnYcZaAtFWwmiNp6nOqPcyYlQD5sND2UIvDN09GHdW7u
2020-10-21T06:54:39.676141804Z 639 zLPEnprwISrkvftZ97wpg18S7fdhEi0AjwltfYkGZs7CAc2WpOn7nB7u1aqt
2020-10-21T06:54:39.688158291Z 640 yrRZb5zTYsSkGWXmOdCDnhBIDdWJOsTaBZdJz7yVsf1EAyGZ57oVd1s9pAD2
2020-10-21T06:54:39.699332341Z 641 43vWU66A1iwNR7J5hOdgs63f0YDz4uQdT11G5qTC3n5beEQLkZH0RtaybCVa
2020-10-21T06:54:39.710201023Z 642 WH15W58SCSY3bIHCuenasKiWFq8AyfBUUNYWqDhwkZN3EqqRY7cKf7frgpQc
2020-10-21T06:54:39.721824972Z 643 KQOyBHPVWbhXdVJ8maqnA5tZki4Cj0foetNfcYGRbTuYUprHxfdkWjt6t1Ke
2020-10-21T06:54:39.732604832Z 644 v5zmvkODoeeTY6kPtTmlDjjD0cCQXLh8ZJhbdod6KfOYHuqiSUy4N2ESon5Q
2020-10-21T06:54:39.743444158Z 645 DXs2KdxxXZXAqWGeXMFy8nn22EKqJY3nWk2STNVYOVOOCsotsY7kNM81r9Tm
2020-10-21T06:54:39.754466664Z 646 LqZtovDgCXiraQybYTTHWruwvKq1PbR9dtX4OeytU0kBey4CYIGP2e7az6sS
2020-10-21T06:54:39.765651834Z 647 zrNk5ZxWocZdUYpS93PAFsoeaU5sLpXk9YN1gTrkN4ljJpHiWtn4Z5QrP8dY
2020-10-21T06:54:39.776628972Z 648 skWB2DcbNEfNpJtFL9aBBo6H9b8nubGIcu7ilRNnMUGxqPLMOlgCVk6nQ7nY
2020-10-21T06:54:39.787807743Z 649 6W8jkCOGEAwsNk8VeZNWxnUVqgCSjYmkP6iTX58FZw1adABvToR3AwYJgNhz
2020-10-21T06:54:39.799674509Z 650 fdLzHbE9NCqJ4dtkIWi7Vjd9G26Net0RPq5oQbYQw4ydaK5FUR3uwF2z5kwd
2020-10-21T06:54:39.810704336Z 651 SoM5OwbfkIO4KsRIUW2LU5aOjT7QhSUzduXcSLGTbqbnJ5FAUhLpRPeqHyny
2020-10-21T06:54:39.821881316Z 652 RL2TRYsR4zLIJFPwJw65tg3OLvwGJtizXADLY2UEBJ5CRFVbHll29VpQzHXT
2020-10-21T06:54:39.833075659Z 653 Kdm4Z8AFgYlK8YYj9ZemApG3rK98O3UDWzIzhzRzsAct8UPxNBHecox79RjS
2020-10-21T06:54:39.844924760Z 654 0mDkhBUReZwK7MpMCCeWy603ArWgSOdDpiRgLniXX2Z03EDElJMxsxmFfihF
2020-10-21T06:54:39.856367992Z 655 bnNVdmED6s16DvrkObshqoJN5sYm6kzyk2E9iXhcp28qSyWOOZqDMNq1FQyp
2020-10-21T06:54:39.867840336Z 656 uYR7wN4JVWMjVPtjYim30BzCEMZ3137df56sjJt1fBYpLry4QSevzf70omph
2020-10-21T06:54:39.880001321Z 657 25lBE3AaI3CsSnyia73hBhVkQyMFzdo6sOd9S3Io8hAmaQ3rLHR7xudlXOJL
2020-10-21T06:54:39.891874159Z 658 EuFTdm92RE9OKBOLSOHn5LVH5TWkowASg8YXmOhhWPz30i7Kou0ZamLVQ5q4
2020-10-21T06:54:39.903982177Z 659 HiOuyO490IeVlby7bINlXLLVJKAoKQTvBRwXR1aUBGBCfDsHxZFYZsK5NAWU
2020-10-21T06:54:39.915607040Z 660 8umLM1e1WR2BZ0xHxxoKXMfQqveAHHVxiXXkWvOjCg48UJrwYsM72CMk5dGS
2020-10-21T06:54:39.927017453Z 661 HMeAm1YiDzBqFpzqn03EvunPvYLw5wuweYqrw5JWrghty2ii2dWwo3XarNwW
2020-10-21T06:54:39.938613046Z 662 wpYzMxal1UttdgdWcaipkRZGYmgbi0f70fJksA05uXL2bu293quhwyWqwSg4
2020-10-21T06:54:39.949413979Z 663 5YC3BCdbZosIev1FenGVt8UaW0h3GbcEJ836v11eUjO1GpBuXLTl6zsMlmqh
2020-10-21T06:54:39.960333858Z 664 LlONLaGOKSm9jyqbct8QHkRzk1ACwcCWVqTezmLeToWCk1ZYsRu9XDE26y63
2020-10-21T06:54:39.971916021Z 665 FZbTWRD7vozoXeIyDPidcTdx3o4hvRfeMaGQc232hHfD9O8BQFIPzN6uBaJb
2020-10-21T06:54:39.983237356Z 666 e9iHXScs1PHAVUv7TNuntxkopYJYcMXKvOZHFChjnMfSb0RiTBeimPGKpuq8
2020-10-21T06:54:39.994861522Z 667 sir3zXRvC4xeC4l6yWbe1bOpyGj88nxyFIM9Vr50SCXFwzFyqYLWltI0LLM4
2020-10-21T06:54:40.005903898Z 668 vfNBvRDUWQw1AK4g1pOkoS29CrOm7M9CdLheOFGKJRbu7Hx9OHBuEpDwGYYC
2020-10-21T06:54:40.016898962Z 669 ShtDGhbIj89Sm0dud6JXqmmKao8OOEBFFS7E9TbIidshuqKXRD7CFUGSY9kz
2020-10-21T06:54:40.028288773Z 670 zIZFXLuLm2M473EguVSfYeC34vOXkE7xhi13JUBQ9E69e5moTP6I8fpw5pCV
2020-10-21T06:54:40.039835532Z 671 m1s8a2G8jcRO8tdG77TOwB9Fh44eeivvuJl52Ap5FGRX9WoHufLO44AZR5YZ
2020-10-21T06:54:40.051462943Z 672 gViTUduAhUJHFuhquxtqmuWNgVlGu14d3PM7bxsU76ruLXdPVxaq79fEj16x
2020-10-21T06:54:40.062760510Z 673 4T1tSRLdLOvoWCFfAF26hhAKoPlCiJpeAYCMnxwTmDt1A9UYU6geFrPEiiui
2020-10-21T06:54:40.073600804Z 674 p7XoN0CR6xyIAIvmUd4HBkftxZjTC6tS8vJoqXNRu4W2dEaTMpaknzCh2J7G
2020-10-21T06:54:40.084561547Z 675 BSniI6AuW15PILkJUSYNMI1rmPml8nOoBQxJUESihX5R9t4693tnhPEIkhCF
2020-10-21T06:54:40.095376828Z 676 HDis893fhDWP0IhHeKU3CX1JuL2PwHZ0F0jMp9f6bMAlv22cGwLIAafEnm1R
2020-10-21T06:54:40.106423980Z 677 ggKWWws9LHuom274jV2YJpZRpVMaIr2EemTWSIgsgJ82tSiTmKm7rpr6mj78
2020-10-21T06:54:40.117554777Z 678 gBZTRFzUhN01CSMjr8snhTZa96sqR1tnZB0ePuCKuouacvB0PsTCqqOJ6KcD
2020-10-21T06:54:40.128223828Z 679 8Zh8Q6XGI2Iy0fAVLqV5mjTNzwHbaW6aLXRHRhwkJRg01oShvVFGh8QBFz89
2020-10-21T06:54:40.139936825Z 680 TtPdiC6gBm6ymOq2RXsTCPx9j3xMm7BnZzhpJSOUEjtUFVQUqMxgEEYbqtsn
2020-10-21T06:54:40.152088358Z 681 v6gaQ1tGsCZPmYDUUHNqEnTtjVTG1Q3nfJuuwt3MzNk02sZeQBqjtTRoNxQT
2020-10-21T06:54:40.164125147Z 682 HiAGanyc0zyB30VXrfQ3GE3I9IaDGV39mA6NBPlVlYdDVTHzw6QPiEpOrthP
2020-10-21T06:54:40.175250014Z 683 ZTGdyN3mobpT36fut5ufKbS4COwvPZhBkBe8ZO9M9FA1FkmTvgn4fsLAEM5D
2020-10-21T06:54:40.186522631Z 684 V6SHAdGWBtCkcVj3hPCi4FOASFukfZRe5vn9g81AV2SQWfTwStX58DE6kQEu
2020-10-21T06:54:40.197893819Z 685 FWwetHeCQTxoorQpBujyF2TOftdQZGPyUh07rpSFAqr46uUWjXvFAVymHMpC
2020-10-21T06:54:40.209533965Z 686 mpJn6j2bGykcZT4aaDkhx2byofyXjsMP58aq2NI6BORPG80NbauNqtiRI2Yi
2020-10-21T06:54:40.220169348Z 687 vyp39be10oz744hf17NWRWtvo3Wj3uX5fHc1nGJQpZuKATgAvO7ADgnl7bxF
2020-10-21T06:54:40.231456978Z 688 QeWLyy1hWxFL5udMPnsef2EGZUdLtETLhZK4SLSHCb1U4NeJ3riy927frgYR
2020-10-21T06:54:40.242928722Z 689 v1weriosLEHQffDHhOfavaolS80aRp6e1SKIbR1ttl2VxMszWHuhrt6cVrHi
2020-10-21T06:54:40.254546652Z 690 75KDKjqjc3zLX1x3JtsNPQgNiungItkqEo8g4sLGWALC8jXFsSY717z3EMvl
2020-10-21T06:54:40.265999275Z 691 P8gcYzrWuJL3usueHSs4SFIWq1H4RU0IBR3pMN52eBoPA3k0ktJxUK20fJoU
2020-10-21T06:54:40.277904006Z 692 VElJe7sDiAwMvSmpSbkFDfCFIISBBpGbLyIk8JXIQDCkYVb4hGM9HT7gWeVC
2020-10-21T06:54:40.289528164Z 693 pIwldutGaaL39ZTflG67aBCiFHDJ2ogTFAlHuvYGgxewt1pH5e62WdBFNMSe
2020-10-21T06:54:40.300467966Z 694 lZXwxEGZrZI6dBFieXMARFy96hzngKrb5ZbJTJ309FTT2oA2qm8nvejU9SLF
2020-10-21T06:54:40.310975424Z 695 6A3BtMBdCekZzEXBhPMVYOPI8OeKpxUvka3gr6VGIfBP09IwyY9SwjD3nnws
2020-10-21T06:54:40.323163848Z 696 8YnB97otxLw5OvMe3eb2oa6Dp5zQGcpg7Znx1nqhCGBecZLbTIpt24Bt62lm
2020-10-21T06:54:40.334682943Z 697 rsyWzfoELo4UiJRzoQPm5RTmkTH9Q1gTQImjsd4BYKhzIlcVZfRBYJWIUBfS
2020-10-21T06:54:40.346176433Z 698 AJE2viOV3ZmABMncjhUCsfvRU70ueN56rrgVAcX6dYX9sA9uihPGRG1UJ0qc
2020-10-21T06:54:40.357625198Z 699 dLyWcJrbx9AAwVTnI58Vap9doNG7e6fFWU1eFMpMckdsDPiXJsxK2lIhxNvI
2020-10-21T06:54:40.368837948Z 700 WFlD7zbvPCSGFDrwSsahcIcn94p1KUu5ekwwrXlBNrvJIJncET0bmX2lXVP7
2020-10-21T06:54:40.379501801Z 701 2gCLAUqc9puWqW1ZM2lWWw4VGp2LJp5kV8hxCsLdUiSdeRfWYeAnMoDbs0PS
2020-10-21T06:54:40.390854569Z 702 FqRsuBI1Q0mvHafMghTNWx9x5ELnnbsmwFtUnxGc1ForKueZyxL14PdtnV2i
2020-10-21T06:54:40.402123879Z 703 oytygqg2XOiujGBtAGbziNHGQoV8fBSnLUc4PlLyrAPB1k9xlIChOHNMdM9a
2020-10-21T06:54:40.413083152Z 704 za1if6XsCw1nbkXZCcLw18LGbQaj9QSyFWxRS8NRpTgYTMOs3ASIdO3xWMzH
2020-10-21T06:54:40.424721439Z 705 jUoAg6IwKCvyUeitw4vtqFDaclzdTeBa61klS4kokfP2JRbvHZ7qVtQLBfvz
2020-10-21T06:54:40.436617397Z 706 JlsOFCuZ7CXQsiUNaUfBnosyldozMc1Htf0TwCnNMS4o6OseDqlYVyp3m3W4
2020-10-21T06:54:40.447613626Z 707 f4uOsMLGA4FWNsUquyFp8StBefDmoGP3DNBmPf1BISmHltxVYCWwbS1x98DF
2020-10-21T06:54:40.459055960Z 708 rlvtDwRNmd8EJcEqdFUl9aBvKArTPrD2buZWd9d3YhuBaWp5144416BU3Fso
2020-10-21T06:54:40.470336535Z 709 wWod1cyUnyXYDrS7zScIgZMzcYKOhl3c3hYv8KGs2Ey5gAm9qqnIh8c7CXhC
2020-10-21T06:54:40.481629829Z 710 yccYoLB3J0XSTAWJ2jj1uSDnNY8PoNgJwekSgQJPuUfnU1twhnGP6nI19toe
2020-10-21T06:54:40.492940316Z 711 gnd6hgy1biH3yvMMThWqMGD61q0pRbjtQ5rkwQImJuvEeErJzq0SIFUdtRvt
2020-10-21T06:54:40.505071768Z 712 f8x45rpml11ph920zpshwNpP3BrtCeyOuVEFefkxlWXcOLNgfPT3LNURTcpm
2020-10-21T06:54:40.516821234Z 713 4y0wBUmAtyxgtI4B30Cgolvs2IevGw5hcUMPGfXZ8v12pDb6WZv5XPzpWujz
2020-10-21T06:54:40.528432893Z 714 sk7L7TSjEfrxitacUeLTW8wWnE9Ii3NrGOoPaDL7KpLlGncLbADC54w7TQwv
2020-10-21T06:54:40.539982699Z 715 Ap6lMB14ffqZeYCfIyPQUDB9qESWL8KVBiOIqw818PThc0tSvg7aKgIHLcAj
2020-10-21T06:54:40.551555772Z 716 vSvLOwPlA4AiEpwFEgZbGVbkFr2ZeIfGhYAf3WTqMWQFkrTawIglOWDf4tgq
2020-10-21T06:54:40.562415448Z 717 Ulpe2DpQvcoPq9Xg3Ur7cCHuTOCI5ZgfqxoALUcZChICGsHycq4opA8M1GFQ
2020-10-21T06:54:40.573831144Z 718 udTzvgjLcHs3rdsSGhgVgEVpvifhsnd2o7SKX1lFXy8o30YcwOSo44ck2rVg
2020-10-21T06:54:40.584208801Z 719 cDeOwlJB5kpF7gQ142odlj9UwcWmZf5mJn9Y6fgeGhoeJzGpRYmiZOrlQXEZ
2020-10-21T06:54:40.595881410Z 720 x4nsLwBjEggdWjtr248gwnY86wFhQ8Ht7nRK2LkhT4aUz1s8Zbrty4puKbPk
2020-10-21T06:54:40.607645748Z 721 bjxNEbXb3VEHwLaHkGH8sDKCE1BrUS7ir3CwmPUPubEUje70pmEfBXr3GLDI
2020-10-21T06:54:40.618321418Z 722 b788s6BPqws2A4H1O2BOQHwRVbxjBZ6WQaG5S08bROkLpwhtuPkOrLbiqoP4
2020-10-21T06:54:40.630044890Z 723 l6qUJAXwrpYhrmnpwWxRRdTNQFf1t5NyaE78B0y6jrZffvdqKOEZOJUGh6pk
2020-10-21T06:54:40.641985745Z 724 Fx6YY08C9lOLCDcCLHejYRRRhjIhKVgIKrPdUwK49uHFnv2QybAME9Hunt90
2020-10-21T06:54:40.653151914Z 725 5JlhVF2WeNCcLYeXEEdeAxsNZ0aos8p2WJTCvMEs0vCtr0niSzRHkMsGSmmn
2020-10-21T06:54:40.664493979Z 726 bZREYNT89QN9pS5kCaqZ7fM9KMCFD9uvZC0x1MuPd76TSOiKveD3njO2CY9D
2020-10-21T06:54:40.675994902Z 727 ClRQpwuJUeyhZvU7pD06rNK4wtUdfGm00A7Dw9fieFSrws4ltbTsQutuOkRi
2020-10-21T06:54:40.687893852Z 728 7S8aO141p5baOEnml3XCTaOUHfXO1W5ZkSwXRH9So2pnODyDbzF9ELAuakjZ
2020-10-21T06:54:40.698557189Z 729 M6a1tL0F1i8qjHFSZvnzd0F5Au7oOQCZGMJmpDqnYGK4xtQTGiBu8QqsApYg
2020-10-21T06:54:40.709324944Z 730 vsMewT68rZ8xKFQDjVLTHxfQYtND4dWJ2Vm6Qg6D7cV5rY8KNutAWRIkh9qF
2020-10-21T06:54:40.720093645Z 731 mO0Hj0gBxOeUB2uDUZQaZZsNUD3K9FgFXaInndQh0hEE3A5jCV2uyTAWBajV
2020-10-21T06:54:40.731827433Z 732 YPlUsxVFHhAoIZ4WxsHsPgfHJuByNBq7qMLoRWMZKJvDqkd0vXhr6QJ8TLvN
2020-10-21T06:54:40.744043282Z 733 x3wap8Svqi2XIRtTmOHbZYUKmkXiGOKbjaQDsqCg5KXHgBjqxbnxe74tFPDC
2020-10-21T06:54:40.755235990Z 734 830PcmugzJRUHIMHMmHtWxCJDI9ki3OkAurQFPLL7bm24aWXns6Cl1v4O6BU
2020-10-21T06:54:40.766708917Z 735 HgjVzaTwurBIjQhPSb4UHysuQSOCFEVPAtTtZPsYIfqcYOwX4BPXhMlV0rfr
2020-10-21T06:54:40.777583830Z 736 EXJowha13Ma640wkEHCSLVH0iZbcpIPEb6Y1OY6xXNxYokdyINErdVKVgqHO
2020-10-21T06:54:40.788153455Z 737 7ACGsQurhK32p5HEsbsD2ClYsWWWikOuExOfwiBhGGxanQuHZvipwTziSly3
2020-10-21T06:54:40.799450706Z 738 IKHwlpga6ZAAAPS8lI7Rkw7qPuqYK1wcECvuxA4AvxnlpurxLimAsUPe2QX6
2020-10-21T06:54:40.811110495Z 739 lcKy8LdDiZUOvCoroZL2Ip8HMzYeVuq2F3YbhUxEh80RJY7VraDgYjXPw4aL
2020-10-21T06:54:40.822861688Z 740 28yaVGwwRPyVBL1wemXWt4Q9RR7axiWsgUuiLNiZNFVrNV6IZmUsrWXVbqXF
2020-10-21T06:54:40.833999734Z 741 nGrdUJxA4keG1k6xvIdKYbIAEevkkiuccV4rIGfPLoQQ44f4mHHKpUND26AN
2020-10-21T06:54:40.845861526Z 742 UEj5fImBfnlELzjILh6fjeLixs0pwdK5hfXFZxJtKSfPjVHNPcqXRWnSfewd
2020-10-21T06:54:40.857510745Z 743 o2jhQQpB8cQDWq9GpB6L14jStb5LCHBK2UK0uOVIuFQMGcnpBB3ZBscmH7jK
2020-10-21T06:54:40.869046607Z 744 c8zSPVei7VDy9XXdbvVtglaIy6VC7rgq6rKm2JqPeFzGiUVxK6LrPDDCETnm
2020-10-21T06:54:40.880595067Z 745 o3jkAy7x1amDIaAVprvOXztUn66rCi8wtPUvroZPnqyrKqE6RuBpO3qWjoEc
2020-10-21T06:54:40.891588169Z 746 o70t9Ti6GBwizTfJZqSxHd4TVHZc5mwOLImFFuoAL1ehcUEBOkeJ53HfuAdv
2020-10-21T06:54:40.901984878Z 747 nbx3RHk3xvfGthM9LzqUHetztrIeFxGVQ20jb9Vb9vSBs17DnYO1zLXiYAp5
2020-10-21T06:54:40.913448534Z 748 PFlK7rQG3fLSXjfRWVtMsqKv7BEBZ5jlyruj31OCNJsRAgV4iUgV5VHp1J08
2020-10-21T06:54:40.924376735Z 749 VM0tbzKSYnsn6WVnMSRoRWLLLt7REfdi0TQ10nM8j0f5Crl2GWqvuaTRWUQQ
2020-10-21T06:54:40.935780988Z 750 sBJ1H6DyZXzjoPSutRvkB333jHCdomjpqrbFgxgrirHxIkD15h8IztdDTuvl
2020-10-21T06:54:40.946590799Z 751 aGkHyw4LufZh2CcHWWsUGfH6Prwl9a1lY7ysvxywSYXD58RtQQIpUSsbLMNP
2020-10-21T06:54:40.957305939Z 752 iju5jx4Gk8BYHLltVv8QKfEd1KC8q0AYAUH3nhoCIQlctnsNIi5K8eWAjyik
2020-10-21T06:54:40.968762654Z 753 z4wIigMbVUJyfU1Vy1IJkiCGz9H57XaGGrEvn1JjI9w0duG47d2pbGGI6ePS
2020-10-21T06:54:40.979244476Z 754 DwGPENeNZdXmexSZZRMCk5UM8Bx2BOXs6GgpsCpjFwoYQzJCiFUYSy4xpLzI
2020-10-21T06:54:40.990889716Z 755 YpDWeYAJczZuIXl3nosiCiJIY0ySukZkDXE8LtbrVmdIEzWXQra5PZDfsedT
2020-10-21T06:54:41.002437504Z 756 udng6g067VfgWtOF2saVB2g3uieRLrlRUU9eYbz8VtcSk4gifqjOYQ1zKXD6
2020-10-21T06:54:41.014163407Z 757 rmqjIU571YTEzyUDahdX1p3DmGoUHxTJ10fgNGLsVwLs2N08J3FQzwKScl17
2020-10-21T06:54:41.026067364Z 758 oxFg8Fu4o8cAc93ZYZ7qHMQ2RElHSvcFhoY05KPHlNwyuevFv0Z1QA2HvdoX
2020-10-21T06:54:41.038211620Z 759 WgCeZOWIaNkybLtmFTvqbZ8RKK0OkH0K4STBjBNEuIjTOcErzjRDH9PSqy7U
2020-10-21T06:54:41.049830232Z 760 Z3pYOkzJr24XQwbaXp90TSCNavUD6TY1DzBasriwCenve58F8peL8LkUwKM7
2020-10-21T06:54:41.060278468Z 761 lfXgf3MwuGOM4VH73UVfGoLZ4QXPB1MJ7n7txjHmW7b86keS2vEqCZX2FQLM
2020-10-21T06:54:41.071760470Z 762 Ywg86idOZ4f08kJILdy8tDovEtVf0XhktXyCpn78TRRjiYjdIKsxbKDhZ5VJ
2020-10-21T06:54:41.082439787Z 763 MqIEh3qUcaKsCKGjCi0FvqgzWZbSp4fGRT0JHjqsvVTrUs3YcAqyZ5qI5IiB
2020-10-21T06:54:41.093405375Z 764 ECfe1Skf4f1tRcVBwsNEpetVoNvlC5DrE6mLlDINvZySLFw6ClwN61Isk20N
2020-10-21T06:54:41.104941647Z 765 mPP6BnQXHNzw3gIZa1rZOKa8QJa2CxonsKrq3ijQqC8MReQuiDseeNOGx5oc
2020-10-21T06:54:41.116474679Z 766 B1FV0VzDoC1pbttAcOQY7nNjjLKYnK6BqmCgXA0FDNTGVyvlqVl9B40fv6JF
2020-10-21T06:54:41.127127630Z 767 74rNA4KK6rIPKjQFEM4MLJAOuSx0FIUajohpM2UHMTJxPqvVvEHbYohaBGt8
2020-10-21T06:54:41.139054451Z 768 CnNU81EJZvB5XucThKVGgQgzEx9I78pgpHmxpIdEiD2uwzAqa2fCm00uUVpM
2020-10-21T06:54:41.150979484Z 769 0s1egpKj1BzuMIRaoqRfVTkGrJgg010BuhHcCBfM8GEVLCYMWASRYMW3QPKO
2020-10-21T06:54:41.162301848Z 770 RYXVOku3gEjBboBRgHOCZO6KjnudemHIrnJDkFzEl27QoSLu88UvKiVFP8Wa
2020-10-21T06:54:41.173660870Z 771 J021HRXcu5dIXIoyZMGQ0BObz9EfUueor8EoClO7YhpwtxtDf2fdt3BwgELk
2020-10-21T06:54:41.184252177Z 772 UvXftEzbgf3Rj0weJ5tNylhjQQj7SWt4h1Y1c3l3FxlqYwrpKEg8BhjWUP1G
2020-10-21T06:54:41.195655512Z 773 VGgd91OKa4vIStYj8molUSzJRpcuD3u6PBSZ8Cc7IwWIeoWRxGUpVqfNWwus
2020-10-21T06:54:41.206293000Z 774 ndW38OgfbXRD1W7DNe0EutzWBvNEQFo3gCJhvOPSPsWxrHGtvXHlKoi9cfjC
2020-10-21T06:54:41.217896206Z 775 XttmOPqDHr3rBy8MiUMqEFtkc9ZBsRD0JQD2NTlFkCUIjxcAsEJMbfZb8PFG
2020-10-21T06:54:41.229653630Z 776 zu5r6e4yQniUdWcPrPUsFWSur3zWpxjFwJd4S4isiDna6TPhqrJMweMPxI3K
2020-10-21T06:54:41.240889573Z 777 2chkEVC87X0epcZFnUJL1Xj4YUuqMttFP6u3E2xOzjKuXGeWFg7nLexgB2ta
2020-10-21T06:54:41.252317446Z 778 i9wD9jg7adEfuzqY3aqT2Ksc7xIIhqRwlg0gzUxh8L1xqOXOLWtI6eeqLkyK
2020-10-21T06:54:41.263855017Z 779 2vDOBbkEuGFHmD9cZRYez5oVL0frwuZS0dlq8s4RMcnWNkn6pimn70Usd3YO
2020-10-21T06:54:41.275648461Z 780 SHToB1LpqWDk1hiZxnYKDr7puRpcgXXctrEKMuejB9QCaKclih7z9lScR8vY
2020-10-21T06:54:41.286494221Z 781 39mKkhOBjx2YXHeq20eUEtDXWQoddM6xFGf2vNihfArdYasJAfZc1Pm9zFRw
2020-10-21T06:54:41.297974032Z 782 NRv6zx0Ob4kNkqNDgrhRvTAYTGzlTzHLVRTl1hLvNtuYIOwdHeNFei4FHwx1
2020-10-21T06:54:41.308019344Z 783 KImWoTyz6nMQYv54LcvRmUXvGl5HiNrfYoyu9K0uu4AmIMLehFvO5JAPQyqH
2020-10-21T06:54:41.319585632Z 784 7znM6wpWZlTIHZXkSPsgtg3oiRmU45ldoHYF82KNXTUoGsTTjtSNRhWGVLCS
2020-10-21T06:54:41.330222311Z 785 Ndl2sF84gr3uswGYr0TiFw6i382qOdOJWxV8maZhvBvrXWUmuqrj1tQagV2D
2020-10-21T06:54:41.341978988Z 786 hMlxRcodiKzc8vDWChVESEKnmwuylvvaAAUzzWUVRViaFiJ9uToUg1ieE7TH
2020-10-21T06:54:41.353986537Z 787 M8qaADBV7qDfZX9RLfspbCa74XHqtyDCWAG51ZDLY9NrUsUoTGmfWLCEbSmn
2020-10-21T06:54:41.364357872Z 788 YQnDq5CGjK1osyRjRzafa3BS4G6HQP7Duitl8T5HIsM1dZLR46Ygn7p4DRJr
2020-10-21T06:54:41.375835043Z 789 kqcb6f0ZWb5l3MRGADwwg3zWyN8b57DfudW2eFH7JJy1lajxemyhheM9rlKD
2020-10-21T06:54:41.387621366Z 790 kVxMIDd2Oul1c8BhAA7vorG6jnGoEw7vry1M10zWQHJKYSb8R5GgTcVQolDy
2020-10-21T06:54:41.399014294Z 791 nfYPjQhaDwZbbBhgcQLIIx1x7RFHAWj4IiqYUSNfupEyxQdwCeGnXjfKcHSg
2020-10-21T06:54:41.411102980Z 792 3ZnvkrHoyUMhyqSdIUuAn9ROjUDHcOfe52unNVXrIljIdI9vrmA0NUhLH4MP
2020-10-21T06:54:41.422358355Z 793 MSQgyJt68XrZ9zNLzotrNnjLcYQ1trng05NLCdTltNGnP7qKmmrmXp2GXC7d
2020-10-21T06:54:41.433253384Z 794 Ad9f6KezMzhHnXqfO9ppCJibXx24XwfxCXmQXAMgPefkcrTmKgo8XCHkmviI
2020-10-21T06:54:41.444518849Z 795 7108jSxSYIKlPYkFxFtQb3jTi2TUvUpEtSxmDjkhIEIOh8F5A2tpB61hQJqw
2020-10-21T06:54:41.455735103Z 796 fq1TKgWVmcyaU1f85unee7Cp60vcMxZX0jnKZRPeAYScMIs24eFBqeIJbZdN
2020-10-21T06:54:41.466119611Z 797 2C55szpxfsPiHUF3PaMrdwlH7vY9Lr7uBzaAkxLTkmvHoOXoxTuhUlBfOEh9
2020-10-21T06:54:41.477876615Z 798 9rppDQKxEhdemKXtuGtejWzAdVY0zDvgyCoJ2VCW2vWZhmwUVKVSi6ErKtgi
2020-10-21T06:54:41.488998830Z 799 qPp4rD9zgKHfCM3zfRQU3cIa6s1rGgN0WKTK5MQoauKmXa8ZfBAt4howtp5k
2020-10-21T06:54:41.499932806Z 800 SdRegoRHMNtXgg4bRDztcMkar9riZtZ2uSrn3nqYGDFQGXozYQuK9uAhSqwX
2020-10-21T06:54:41.510526090Z 801 ZvWXlaGKz2nwxwgJ9y2p9YNhdSYl8QCc1wsthJQVPK5UG5Lxsx3RlZOZQjYV
2020-10-21T06:54:41.522038277Z 802 Cuns0PWDtTYc2A7toJJle6jImnk8Fu4V2zaugx8cB7GY22W784OEE5Vr3eLU
2020-10-21T06:54:41.533583910Z 803 HeRjStIa5Dg4BdFjYz0sTutxn3pun8qFn0h5ohTybaIgjvhZZeUgVZxJTTdk
2020-10-21T06:54:41.544457511Z 804 rpSRpb2vM0cUkeXR8P0ixhPp2ozw36o5LG30gJsg6YhrbDFy7p8J1u9KPXxR
2020-10-21T06:54:41.555552180Z 805 yDa3s30DibVhBE17skdasIiCflY8jJOzBe6yyyPLRmgIXrShe1jzZMlL71Kp
2020-10-21T06:54:41.566624551Z 806 RUvdDZfEUjIpdClp3kGvCTm3uoq1Jm2hErSV2fDSMJ4tNujaomlybGxVjc3P
2020-10-21T06:54:41.577245681Z 807 snJArC5UQIfCzYw0tIc3ZuLaJr4CPhd4wVIW0WDD0rKw5mlfABmqJXh4BiB9
2020-10-21T06:54:41.588718088Z 808 aZmyDFo3O9rZGnfgeKDhj0BFLctuIHgSF6UWt86t1JElqdXjkROskBHOjgzO
2020-10-21T06:54:41.599774773Z 809 hbECXaQ9rtN9eFDWZDqLHXftU4sbupCo4Y97wBsOFoRjGmOuSnnvmOGCqfDB
2020-10-21T06:54:41.610588350Z 810 Wu0ajybZGOjCgsgyOTopRwjkNKHf9u2SmRtNn5J52iX2oPYPLA36fAfmjVbQ
2020-10-21T06:54:41.622619042Z 811 T3k3Gl6HV5JC57IYd4DZpypzbnnNtVTcWbIelhTRzfrQGJzH1QHPwiqZ3UZ3
2020-10-21T06:54:41.632122265Z 812 BDnqs7CLQ9cIjjmEy7yIsjtptn0EAw6AszUtL6GcyXL3QZZNKiKwYHInx13I
2020-10-21T06:54:41.643166329Z 813 a78i2d8je4dalkcDLjPIDmhqoaJfD9VzKfgcZyDHH4YJbH4C7QClxU0GMzPg
2020-10-21T06:54:41.654543960Z 814 oWQKzpJo5tBaVmYhTyrzilv68e3tOMR6MSIjKz9wm4v7kfpH3a7q89voSKC3
2020-10-21T06:54:41.665095419Z 815 Uj4TfrltPilNXMM8b3HI76z4KKiUPIL1FEFhl1TuSAEw3uns9iltDsqYrsyl
2020-10-21T06:54:41.676853481Z 816 L85CoUsLxGHRto0sXm9iTUh4MpFjxpAPhjqbO5rKAQww4bDJokYRgHMofvBV
2020-10-21T06:54:41.687788177Z 817 tixVWI8Bvt8uwAAhuviJxnQvtwY3Yf7jY465BAo7Klyb4CuKJrfLFA76XKH4
2020-10-21T06:54:41.699648870Z 818 3vbWZfRdUjQQjNRmhSHPymWvsBxuFMXtCFGLfpRWxhVspfWyRnp2IIs5m6Ms
2020-10-21T06:54:41.710240221Z 819 aAT6EOO2BLMnj8hD5CGl4XhCPu5WtkkYjefTOucMAEfVFfkQOEvSRfRR6Ppo
2020-10-21T06:54:41.721452685Z 820 4aZY4YJ1JEGX8Rx5Ibn5KFTzdPxAiMxG5YPwoy9PkEPBoaC1FemXZWnPGXKb
2020-10-21T06:54:41.732438389Z 821 Nj6PrCaHZLJ1DDO620VljkcadyPDOvpLJjs9nsfHYTWx1FWueXm3OBc74Hbt
2020-10-21T06:54:41.744145813Z 822 pMWAwHXxpTIMZdHPGamjiQzV8ESabC3qV8Lyx1rMRXQADpCdeWaH3EEkrRwv
2020-10-21T06:54:41.755653097Z 823 dVfxVlKbrz3j7Ew4tXg85Q23xN9gusrUtEFmpGBmuPche8JFJ7hwre0SK8F0
2020-10-21T06:54:41.766242044Z 824 uWbvEPvC4Sz8KO3FLp4M9329naBIByaP82luyMterf0IYYHIm3ILSMQQjLIe
2020-10-21T06:54:41.777879939Z 825 uP9cxKCYBZXlKz8WiPKWvaGilZsXYhN7aZXvOF2zctKw3Hqj84FKMZX4kbm5
2020-10-21T06:54:41.788109617Z 826 0XB7lVkAgoXZmfcsRhqXOmLx8XGOqqMUwUbjbxsGaBN2LnaXFxPywkIts5Pf
2020-10-21T06:54:41.799823180Z 827 HnFJ6DqVAr2EF3dzYF7JefnQrNMUtnsADzsJT2lD9ipiXtLiJeuMdWBVbF0S
2020-10-21T06:54:41.810644904Z 828 i7F0wxm7UanGXuMWzwjt01sS0DB7oaLxWnMCWfoiFl6ReidciSXf7JH14KiK
2020-10-21T06:54:41.821335863Z 829 iKlzWLbrhg4bCOUkD33tT5SAcP6ZFVcdXC2IIf1kFQOlbEEtigF0XyisKcLs
2020-10-21T06:54:41.832172805Z 830 g8YM7rgyBSevXte01H5OZtZf47UYQe04rQehsxVTv5mF9vnRiKgj5gcd7Lat
2020-10-21T06:54:41.843804480Z 831 BODIz0z05Atg88H2iD4gp2Sxb19T2tEb4mb9qT78jLtB5Aw9CaPglXtLPG3E
2020-10-21T06:54:41.856022316Z 832 0vYdfoQMVyB97Hr7SprKCrK4qgNHOBCndOPBHAKgTOaZxuz9pyd1MFoShY30
2020-10-21T06:54:41.867895769Z 833 lzAnDxYXyUYmFbA1VkBxRIyA9jl6MRLpuj9BnzXoeGurKqwZjyrJNyFPrPXd
2020-10-21T06:54:41.879969506Z 834 Yuk4mbogWetq5jhffs9pDHpUuopry06AQ9STKmuLGQkJ5hBeRZw6rioEJIQV
2020-10-21T06:54:41.891966302Z 835 Ql3Y1OQqyJ2mO6mPwzVoS3yLrcAb4C2kTCY5BA0QGb3NeuEzrJP40UOT4bz4
2020-10-21T06:54:41.903668524Z 836 z9ab2KonYdk3V0v7lwGML6gQESUpqLAxpV4xIU6SPGBrXrx7ui9xSswqBZRz
2020-10-21T06:54:41.914147984Z 837 5VRnTfKaMxuxuSSpebKyMw7JyoHw8fTBJvxKcXXw5bOkOoG00RYHokiiqH9v
2020-10-21T06:54:41.925873493Z 838 wulN3ZqNMMvROnKsLlfPHbZ8J5Ovhl2Nn7G9KJRgSLDr0vT9qY7h27Yaw7pw
2020-10-21T06:54:41.937786219Z 839 ff5HnuFCBwppwoJYCpX6PZiTY8zfKfeob2Bupa6VfySw9KKbI6q0FiXJwPsD
2020-10-21T06:54:41.948614659Z 840 DaNzPy1DZULRTU8BgYtcxsLDqZvT9hUUqlhfywOW6vvFyLDbMSwIuugx8Jp8
2020-10-21T06:54:41.959573056Z 841 SwAn9B0X0swnXDCw4rwlUUZNzzSN2MqSz1vZKjyFBVwNohdUpseK7eHLpfUP
2020-10-21T06:54:41.970077624Z 842 4hXkujHd4zQ6ZmfNFL28aZZDjYP9rp9ZMIK1rEaRGXxBVd2KT5GWCHiVmvGn
2020-10-21T06:54:41.981501306Z 843 iqDTx9Caf8IQbmxZlh6H0EKPJC5BULPWl5zWOLSW8i32sffd3Fv0IU5Cg0fu
2020-10-21T06:54:41.992745988Z 844 d7ZVyYqdMdhAwGnMuR35LVb3yMscFSM24d8vf2HvIa6UdBRaGmnoyDTWjOSi
2020-10-21T06:54:42.004268136Z 845 QsoXFMNsGxyDR9J698m1gbUx7C4N1iAWsFHEqbpVZPHOwg5P2boTkuc2WSEW
2020-10-21T06:54:42.016221208Z 846 cJnsHD33dCjZ9TFndN5kZnO46d4KX2NgNtgIcDduVQJNHQprg5JIUUoHlQXf
2020-10-21T06:54:42.028191247Z 847 XQg47RkkPye59FzeKwQjXWvWYurwxMDJdllZcC384KtbNLkCkopmSD2LdTwg
2020-10-21T06:54:42.039789791Z 848 QLiIsdxTG2MsVe25nigBE5pqyEw9YQ47bF1EzJziFUk5He1VRNdkkqjugLB7
2020-10-21T06:54:42.051201953Z 849 uIOy3CMRs0aMkGGvS8jF2GXzx3Fmnk99hD2NaCbVZgdkL0t9Z4UouTjXrwun
2020-10-21T06:54:42.062496423Z 850 cTrUEdBrwSGytPy4XUSZKQLVuuFzDA8X8T9YMlirhTWLYr8018YpuDA7uF9a
2020-10-21T06:54:42.073128195Z 851 khS6tKRPVD4bg29WufljPCDBepDm6F748lx8UsXbOYiQ3IQm2Pw85LmaQXvJ
2020-10-21T06:54:42.085148992Z 852 FCZupxKmbUffX3KEUWUjbuejqxovMezPnAYjkS5TrUKQ76f1iJNIy1Uq5zfk
2020-10-21T06:54:42.096722559Z 853 gVtdmZbsSz2mx3q5qERj1QXFfC39ZXuW4djV7aIo3srLxj8ypSPZyvVCTfAv
2020-10-21T06:54:42.107285527Z 854 zBdEwfsYirrBVmNynW23bQN8jJtXgVz5ApthlUOm0xufzr0rSOAf93u6Zj0y
2020-10-21T06:54:42.118914030Z 855 jWcIaH6E8Znai6hmVBIix2yRbRPR5xP7Wko8UApqvQ59QbPEEa9752FrfFcp
2020-10-21T06:54:42.130992541Z 856 5Hk41FVUtvLUpKa5HRu2KaTdgGe8jcVG8rZKQEziM1ER752AZdvkvATYvwxI
2020-10-21T06:54:42.142806075Z 857 LN1DTha48D4fYx9jZ0DfwWKpzzglvyjk6KanQ0bduHE3PlBtGsMrenHpVyX3
2020-10-21T06:54:42.153601135Z 858 jBDmxEmauZPfWfZx1om9DttUGOFcUlRt4yCNo6VnrEuDDezrShSSEDPFLA8x
2020-10-21T06:54:42.164244388Z 859 gAvJBn1Xj79rneVZoJMBTaGpyQBzjzcpcrHuih67krPYSm4gC6HJ7mWBEhDv
2020-10-21T06:54:42.175923911Z 860 QZ8WSc6TTaNs5uMSyJMPGLvojau64PrXCvVON4NbcgwGt9LaagA8oeEHaHVF
2020-10-21T06:54:42.187418928Z 861 JQNf8rcosoFYYjM4sEBZUctlXax3oucxplB5dzjsSGe0UC4h4WUst2OtdCOj
2020-10-21T06:54:42.198906150Z 862 Vw55vi01zPQOenqy5HrM6oJ3bIWHxbXMamJjYWOK6WGu2UxuMGzjuNgNoIQc
2020-10-21T06:54:42.209895776Z 863 B0lKRRc8rjJnj1rktzAI9QRN1JbauUnHhErvSlb61N7XFbCycyr6unlWJPKJ
2020-10-21T06:54:42.221024529Z 864 PFFCJqD8b3ZpPX7d3Hnf3vQjLplzVOgAZCHk8mybbWxZQPhKlFWLw930yifO
2020-10-21T06:54:42.232997521Z 865 2hFIQbvjdWcycLP0tu0Z9sUEyzcwutXLhO1iiaSTg1JpRfmQfcnXv90bHBYc
2020-10-21T06:54:42.244823857Z 866 15oqlyEnt9o5zOb6lByzTB57hr2cWwku6FvsaAv42BU4awPFNAh4uuqVKHYf
2020-10-21T06:54:42.255058357Z 867 BaicaOCeMEcHYo7aKy1FmHAHW92DX24FgluCqRCkzasWGdhVBYyRYgi4TPLA
2020-10-21T06:54:42.266564948Z 868 XHV8CMxbuLxNehAZz7eLaGcyIDrG6Edg8ru2Pp7juOG0IZ51JaT8rDltHnWu
2020-10-21T06:54:42.277257271Z 869 kJdcoGLwG9as4Q6xBGpaSs2LHT16R2jzh67XSbtLxsfZQXfrhTxXOCBVLB3q
2020-10-21T06:54:42.289112531Z 870 HHf8zqx0WBKFtJJveMZjAOsrLYZPvxrO90GM5LWfmskejlIicW0mzVtT63rE
2020-10-21T06:54:42.300984863Z 871 K4wPJeBZp277mWiBYHUKmgw7rl3fFCTgb4rUHYOjcZRo7Qt8aZtYOHAjymi5
2020-10-21T06:54:42.312596052Z 872 Ldz7nBuq81kCs94Qvhtgb7TpVbqkSgpwNtdk6Z0XSto6wtq7lO0UQu7aQjQa
2020-10-21T06:54:42.323904444Z 873 FaNbbj4OkMFAQmKJ6hFvvzBI1tQtXuGKgy8sHnLDCFNEQlGba1MC3hB6KgMH
2020-10-21T06:54:42.335698356Z 874 j2ansjTfVOq0guHm4DSvCH85vYJNQpd8jWZexTLPjCgwVAKQdpY1Gifkptp6
2020-10-21T06:54:42.346585014Z 875 VbivC0ixRXHeVr0yjYqLJkjyPsyICL0ICH1FDYPqXrdfQaBUl06qdSMdrLt5
2020-10-21T06:54:42.357469877Z 876 llr6tpupJxL3tqRgSMCqhbKZfBwmEYxZS2bylHcm1sssvwsxgqParbN6XDDh
2020-10-21T06:54:42.368870646Z 877 sID85qWth39kvJVbsZqxAYQeOA5efO7HFrXbaAgiSGy5oWbCe6xuYZeqBxqA
2020-10-21T06:54:42.381248933Z 878 V9YOibmjaBeQ4kEC3BoCSferVnJCCo8GpmcwsTPtjij5xCNQhuFkSOqEeLJO
2020-10-21T06:54:42.392423041Z 879 Z81AkpNP4NEBpgkwsq5RTusuiYi6y456zhJSZay2Ac66IAnFXAxAm3BLtacp
2020-10-21T06:54:42.404120378Z 880 DfgUC22JVfhNvriJFP1p60XdFHu04UgMz08c1NpumnB1C4s9BXOtQrDBCMKC
2020-10-21T06:54:42.416148666Z 881 cfqz8VQk2CDty9KrpDPwvLUUCeHkrdrgwJfMTvO8iYxQ8qk7TFHBRaW3ot35
2020-10-21T06:54:42.427902850Z 882 BCRzSwyjSirDdxG91f34FTjvUv9JIU0ivwWSGBFFYuZVLnaW1zFlMaWVuZcW
2020-10-21T06:54:42.438484939Z 883 A3JaDYj4EYOel5tYzSWkqk5xdVfacs8WrEbn4eB2D9M2SBW1D3zWrU5rnFYT
2020-10-21T06:54:42.448971900Z 884 mKyej1WQnpp2p0E9oPFcTmtnMKWlG23geDZY5cY8mk5yySxcikUCysvHHI9E
2020-10-21T06:54:42.460419067Z 885 hRyzGRP25NxWEuQmqJK5TNSNx684JWltyYqLftN2Dyg0RNAyP88pTVlqShYb
2020-10-21T06:54:42.472115534Z 886 R3hKq3f0ioOF69Lyx6vodmM8ysuUus78vd5rHPbjnmxxZhyVB4edxLuWkdYK
2020-10-21T06:54:42.483948786Z 887 cb6AtromMzIMlzLJFCAS1rwZpgKgVMUPXpfhoqpkmTbtdfNcVXeqEbJSC0Lb
2020-10-21T06:54:42.494495398Z 888 Ml2EdnS1EWtTANWVhhKT2kNHdTkrniPshGDyukQcPorrnMiC7y75w62mKg3d
2020-10-21T06:54:42.505811450Z 889 ZpDo0FKXz4iXfEMgI7MOTuKeIfTOtS9ecdjJVuD99WGMPzlndLaK0yHP3Bus
2020-10-21T06:54:42.517002056Z 890 uBIj45BqGUz8i5DFUs5nTdV9yC8ZxngV2zDKirjtBgOLLQqf9UrizALi0nUy
2020-10-21T06:54:42.528449610Z 891 BQSz30UKdgkWm5fBuOy1iMLSws0gSYolme2hZUBmE0tO6UChv6YiDq8UYji6
2020-10-21T06:54:42.539161212Z 892 hfjiAxEWb5muYnxxuZrHyVanV4Z6E339cZ1vJ1o7V6mYPiPZXMFCFKsXyzx5
2020-10-21T06:54:42.551113651Z 893 1kIo1CrZmaRdSkODY42du9oanzLbcpDIqB8QZIvbYAP2LKADxHtSCE87YvOo
2020-10-21T06:54:42.562131594Z 894 u8SgRGIpKGbSoiwgXru7J4Wci1BA0oK9Tx53Ng91JdOvKqLSpXNGa9Tfbmen
2020-10-21T06:54:42.573781741Z 895 2kzZbjLtf4PT0ESFt8C4OCVWOSlVHoLtV2GQAu7P3NWoY5cEUJgi565MrexD
2020-10-21T06:54:42.585724607Z 896 mAAn4FWCrq2QWJw8cBSxfo9nvCp2Itloro5X0rBg2MZOzfR0HvKY59hGrIVb
2020-10-21T06:54:42.596043900Z 897 kiUPQo1iIKHri4rUvz4OWfAuisD0S6hpUCQXQszZIrAvvd6L9ZhTninzfbLm
2020-10-21T06:54:42.607587735Z 898 d8UgFiKlQwtCue3CFuI9LaWrI9qRcKwUMZRnC6qLhSUt7AfJHpaC6qhKm215
2020-10-21T06:54:42.618192727Z 899 QsnEzs4y0IZGKYqsjDn0eAZ99o4RH4CaB2x85VxPaQiSN9SaIWlB5LwCWljM
2020-10-21T06:54:42.631026840Z 900 Yoq1EYl8sBXQpfl3BCVJr0oKAAHqirK8Wh3zaggE7cbNHoNMAYK2xl4XzryQ
2020-10-21T06:54:42.642626143Z 901 BAgimWqFPUwaKTGQXm0DtLfwB0pXaI4H4v659kOH9ZTmoFAWV9IlPTDEiwY4
2020-10-21T06:54:42.653786287Z 902 OSkNlyTi3R2qVx1jJwddWa7xAFQiwJMVg014Y0i9V2rkUczjSiHTJFvSaadl
2020-10-21T06:54:42.664127286Z 903 PGiwli3GI59O4yBSEJddVsBshzMfktZlRujGzpp13V0vadHIw0JMy4jw4fcE
2020-10-21T06:54:42.675650810Z 904 GtWiso85BZzy8pNwWBV7MBacUDEWc0TeqisSLJwVOWgnBfBsxT3gf4lmhoJK
2020-10-21T06:54:42.686369324Z 905 CU47jl8PM8QaYSNKTszulo365JaAWCwDlHejEZTv31z2GWcXkBVyp322UdiD
2020-10-21T06:54:42.697212865Z 906 3ea35fqn55jyBdEILCAbHDiQkv6Rdvk73QJ0p49QDWdmI6LLpnyqB9HoCiPA
2020-10-21T06:54:42.708873571Z 907 RHgkgUMGaW0JuIRCT18dupIuaUkQPkgf4u6SWwv1pSkPDnMnHTCICtaD902a
2020-10-21T06:54:42.720798375Z 908 Lhryuhd9Y699jjxpQqu4Ak4kahH7JS34wRq4yeFnLwoTriTExz6J8IdNrhQ5
2020-10-21T06:54:42.731138667Z 909 IVzigqwH8MMVMg1sSym5wAmNfGMB2p9h2al71pcS3irJqofCfKBQ9vFZKhKh
2020-10-21T06:54:42.742136658Z 910 quWDDCKlvcPLDrZgXhtWzg1CnnWANrGSlUOZIFhq0Jg7nJDjUIiYR1KSJbEc
2020-10-21T06:54:42.753902310Z 911 uVj67rLZequOf8k4YKw3YXJnpgUIysrY9w5tKWIxHDHNSkowdKmxz8KCC5ny
2020-10-21T06:54:42.765082508Z 912 aYKjIk0Adj4lZEGJNPoqL0aM7eoSqYxK5bYoE8FG4wAt2PmFj6MnV3VvVK68
2020-10-21T06:54:42.776024129Z 913 ZJ9bgVi8V1PmjdmHBtuuwGZAzUz7iStomAmUlbE8p1arMyGUNfakbtVv20Mf
2020-10-21T06:54:42.787205912Z 914 k46IAwBAfhgcNBK3dpcC0hpLbrzCPpCoPEfrKPotWskrbFed1wel5VNcVI0g
2020-10-21T06:54:42.798673418Z 915 me7TXPp9cSjYZaV1eG7mZnpDiYUws7cXPHLQCaJnRFU2KU01X8WvBYgMvNjs
2020-10-21T06:54:42.809169635Z 916 eMk8Z1FT8uH4SOsnEToKn3IU0s5xwnXiffQ7SkqUDhjWBC5tsiGQy40Nn88N
2020-10-21T06:54:42.820922536Z 917 6TWveYXheLjE21ZwriFRVAJMBY6ChfcNH7ZB9f1cJ07Wave8xqpExDsJb9H4
2020-10-21T06:54:42.831952054Z 918 zFLgQo6maB8SUN1nh98V3WGyHkM9NTP2F7SGlROFqjBAJlHfoywEfbhpHyKh
2020-10-21T06:54:42.842419641Z 919 OzjNfrMy22WQOY0byVii0C6pqDbwFFQmFl5kdpfSO3r191I2HWmpVnlblF25
2020-10-21T06:54:42.854005516Z 920 VVQDlJ63QCypPj7zYXU4u1KbPfPSDvQ9ZN3lCuyISsCezAzTPFxjG1I6Ooou
2020-10-21T06:54:42.865613131Z 921 Egwxc88pSqYQmknRtEm06PDcteLSzsu9DJZKQCSDxR8NlFaCDCPNcTZChcwH
2020-10-21T06:54:42.876863017Z 922 yL7BEDJ6oRCzt488RnXaT4nKtzyTEAlYrd5VEu5X3dbb3oVHHSuv6wE5gQYH
2020-10-21T06:54:42.888134172Z 923 lIoEIqL8zR0Fdesv8GjM4jmkHRh5IccxPwjHf7bHMzQgCYtlysf01bMwkR4U
2020-10-21T06:54:42.899637795Z 924 wbQ1CcprriiiaSLAai0PpiY43qwcDXJzwvCvcjl5LfqJxCYJNryHN5FJg3xY
2020-10-21T06:54:42.910342289Z 925 NMDgYydkqpyoW6128L0T9NEVXdjHdIZfp5SOAtEU3SE5dXk1gLkvIyllV9i6
2020-10-21T06:54:42.921613999Z 926 ilMcVxpyTxFSEqF3v7j2tAUUPi80KzEqN9CDicW99KCTvgTKUMyQF5n5qJhR
2020-10-21T06:54:42.932103307Z 927 ZDLgm8lH5XILBJNCrngFco8dGSFxvK6p7hRRUo3lHRACxOOixfT3DhdsbrHN
2020-10-21T06:54:42.943762729Z 928 rzhlioTEp4ch8ZMnLWyqYZSt1UjBj8HsknPBNCuIMFhhsTdUGJY3w42K1K8t
2020-10-21T06:54:42.954666111Z 929 Otii6aIzp9KXThp7Bk7F4Ov52VTrnkiBVqeIOexLNppW6wa1x9mKXgaY2kii
2020-10-21T06:54:42.965857349Z 930 Q45Pmz7T8M7BtuqrpP54yM6g4n2HbQaFzbymYZMJpm8NZZYYYwWiuRBPFAuB
2020-10-21T06:54:42.978095684Z 931 atFDcoO48KrgE785NaeichxxuUqnP83sXTupbASUTVszjNPtfA8TvTEZUjK7
2020-10-21T06:54:42.988387964Z 932 wHSvcuS7CsaQ8tih4bS3QmQTsNbkhdh2owixmZJCBCaxCslVT8Wxt31YBRYH
2020-10-21T06:54:42.999306174Z 933 GaFNgtVkisVQUfrLhRBcHyUjScXNQKuLFKtMu3wrL2KhkGFnKaZehNckkHw7
2020-10-21T06:54:43.010894727Z 934 TFth78gefyaTP6W33225LIjEOfLYKtfcgaENbUZwNtys3EksLB0xhTpri9Dt
2020-10-21T06:54:43.022569534Z 935 z7skVCkgMIAEre9QgEPp1RJxI87xrKZXdsCoTmO3LcKSSUNn6GTNnlJ6bIWz
2020-10-21T06:54:43.034119984Z 936 E8jofABK32vz5PmAHDNYSyB05xqy1l9456QE8cMqqOZHaONaNXtTGPA8wZfv
2020-10-21T06:54:43.045182602Z 937 QbfB0FkX6QRNfDNN8TySDfAvHqohITXTksKjPyh3YSBUEj8npNUw53hPPycc
2020-10-21T06:54:43.056781433Z 938 QRtkzXVnFPaThilMFaG6XKT4AcF9th4zXXKEWsGQ4CZQmOPCRPcgFXjbPE82
2020-10-21T06:54:43.068248829Z 939 gQTtlU2cZBbZUgQIIizprWr6ZXsroCION0HcjwhZCcaGfxNkg8G7VaOnNmgb
2020-10-21T06:54:43.079140101Z 940 Y3W47HqWoqnMLsn8jyQDE3wQnmJABHd6N4wWqfRzXLAeiARjj7Q7AqKNvLRR
2020-10-21T06:54:43.090385384Z 941 7pTlEFZwi6k9Ze3EqcGnzuCFOEGSEcJARf0XMM41sNiu833h6WssfrqhgXKo
2020-10-21T06:54:43.101422503Z 942 lLJa8Hfhdwbqxd2SCbF79ATfIZ5zHSSM19CbRlhajiWLQ0pl9cL8XqZgGryt
2020-10-21T06:54:43.112699674Z 943 3knzw1uV6ePLZrAIdIl1Wc9AYHQmJwPAAbAc4LmPERB1wDU0mqe9fBAFVOyO
2020-10-21T06:54:43.124232523Z 944 9EcNqm38JPsqo15pQVz1PCDtRQLm030No5E6N4CnkoHxUNp3RmrGSopz7mOb
2020-10-21T06:54:43.135528638Z 945 wCoJHVckOXwMXz37BcBxVCEizyAZmEIhwBHXDu5Ho9r236sbX9H2RjQlepAx
2020-10-21T06:54:43.146984479Z 946 kk9BxwWyaMKCdnBuBbglBq0tfR86lP0CvoCq6nogbWj1vWV21vk3PsZVMKJE
2020-10-21T06:54:43.158852356Z 947 vFuNNxavW5HJ4yGDdkrC0dtYjPctxZdjNyAbBaJnoTqfF7gJuaW0Lo0ys7Ix
2020-10-21T06:54:43.169904362Z 948 MFuj2q90WHtclVLZD9iZNCR76tbHv0X1w01ZAsoBtXTQXCMSrAZpPsDBy1e7
2020-10-21T06:54:43.180876430Z 949 0hqPprnxbv5VZpWPqEtdcDTLftcNw0Go6tEOJXgaDdLneAskfY0i6A57rvg3
2020-10-21T06:54:43.192822719Z 950 TOfaw32uHeIK4gbwC9NXaoiqomm5cB5UN66Oi1NSIMy1B4Wu9olXvyX2Htxu
2020-10-21T06:54:43.203269312Z 951 am14XCWUXOd7SaywJ397MarBM1VUNAiXvf5k87hVudgHcTZuooYX946JYcb4
2020-10-21T06:54:43.214815173Z 952 G8thvwPOiq4Db9i6a1eIqbdG4NbYO8Vv8rvVi9hvyR2BygSRW0ySOxEVvMt7
2020-10-21T06:54:43.225916270Z 953 cpvc47RfjiNP4nYZnZgWBq9KA7eCfMMJpNirBa1KsyHS39iZnFfms1ql0r6T
2020-10-21T06:54:43.237129017Z 954 5nMwefd0aWEvvVOnh6FlMBGDVyk7Dja3cUKfAGA9poOS8aM4MjQY5gG6zlhL
2020-10-21T06:54:43.248437644Z 955 aYtCegz4Hm38T8WRl8fStIll2kuDyc0DB5qymHGXqpX8QSAnWQzc6zFUxHGA
2020-10-21T06:54:43.259495051Z 956 k6hDJTVCIB4qUMaeUtbi1fHAQwg665Te6DnvaZ9Y1BUbyovqnSmbBOOi5dDV
2020-10-21T06:54:43.270962698Z 957 thBegfyu0CzfQ0bTFEgOKzBIcjxitvPzITNTAUigLB4eBy11IJ80wr9LJw44
2020-10-21T06:54:43.283086045Z 958 sQjjb3WXES0NN9qGirwNZ6XhQWqf2iZvfqhFKLIKePjLvQJvh8dFJ1AK42Ih
2020-10-21T06:54:43.295034422Z 959 FsFHvywF7cQUUUxJn3htbw8zSJDIBoxTCxkaqcwb6gt561m1GerYAK9JGWIi
2020-10-21T06:54:43.307127375Z 960 aj661vDqj66ury9V6pVVQY7pmr0I7FcMhKnkdvm9Oqxod0Y3tz90MLunxBkQ
2020-10-21T06:54:43.318038241Z 961 w8TNSHFT9SynWhKzoEXxG7Xs2L9dguJqHrsjSyOHOoX4GyoE4vN2RZq9aW9T
2020-10-21T06:54:43.329408224Z 962 lPT2FQQ6Pqlp3ppI90HnkpHRDcGmgPFbFzNNk9Fm0PqwX6NDTGRZAFox39iT
2020-10-21T06:54:43.341176952Z 963 JHWPwnGT0iEMGoiQy21BpZgP6Hbkk26UTPTDQmOklkK4O46U15QseS7ZvxnP
2020-10-21T06:54:43.352911565Z 964 OKaVG6mVaHzgxHtK1DXZBP3hbrTa3KxyrWNq4rZqBiigoZR9dfV7hAQ7dGcw
2020-10-21T06:54:43.363672405Z 965 ARUBQvyo4JdRmWuj59Te2wBPD6lEwiRnNIS5aHbxjfkughsE9Z9dv8BJA7jo
2020-10-21T06:54:43.374820597Z 966 GRWIiZJFT47jwLgBuBlx5Gl81iOjk6NLVsP8qPD4FOYAiOfMFvgd0IZJUHYJ
2020-10-21T06:54:43.385206956Z 967 hG1QJOkArN6sfkqTUDd8va8cPXnJxaOcn4AQieoE93ioN1B5RlYCHTyvOXRe
2020-10-21T06:54:43.397014418Z 968 gxE37yVmHpXXqk3QuN1X78y5GpVtU9KAZGCSYxiP2E4y29reslLRAqxP3FgK
2020-10-21T06:54:43.408953744Z 969 sf8zNB8a35IsH0pGsAXCE98W0A2Nvm4AnmJn8kZXHEcpgKxnOExlNZVlWyJe
2020-10-21T06:54:43.420768526Z 970 dZ99DINRnoVbGAynzs6kT49FEbCwcgiL2GQFdWAy5Wns0gkAtfnM2neYmJ3Q
2020-10-21T06:54:43.431588584Z 971 CJengjfdJlRyEsV8bPvva5N8ZX82VYsyoBmwBsoA2gd4Ya2O3YcRZHmGxUoi
2020-10-21T06:54:43.442647366Z 972 aRzH2mgBqpjRkPuMUNDnoxL08Kr0eWL6ZGeuCSMXb8xqjG1kDorLvjl2znHa
2020-10-21T06:54:43.453388957Z 973 u5mqi1ewDtlPfTmHwAoMEHoIouXn62r6azmIpHfIrqWUx4ZHcj8m1hhedrJh
2020-10-21T06:54:43.464116871Z 974 c4PSV8Oc0RNXn52HPfPuoI4TlCxnBA4sYXY5G7yrIhdCMhsehbsn6UFlNUfL
2020-10-21T06:54:43.475076740Z 975 Gc9qLCWtoKSTlCeACF3x3rswjT4jvDwiCvIJ0leoHkOwtyA81QmocU4BGM71
2020-10-21T06:54:43.486088010Z 976 slojzcT6NRHBBgOoXiDbFRF9vXrQzGrrKBLjONLlu8ST022qOri0nNtIBS46
2020-10-21T06:54:43.497220221Z 977 eS34HDJ23L1qSZ8zijet3AOKaX1ojFRb6HJVkI90GA1PUy6eM4XRSNDjHDuG
2020-10-21T06:54:43.508181727Z 978 Zlp6r77HB5W2ODtQXpl5wcQ3qv4Id1Mt8BQwIeSFIulpSWEsPEe3ahmtOWYc
2020-10-21T06:54:43.519038089Z 979 5GgfFJY90wAX6ub69n2oHSgbLjS2yNhGTXdYh8j04dNc9hKHXPpHpPLaJ3wr
2020-10-21T06:54:43.530356910Z 980 upptkLKqJgkoCJqJQ3zpLGb8OZkbxCaOhxkCLDooBMhOGWgsWMd0snKFk9iZ
2020-10-21T06:54:43.541196086Z 981 u853guwgwc0R0bGLP6AIYg0fN32ydO2jov4RKlNm3yjmjQSy3BW03MUCF1nf
2020-10-21T06:54:43.552266951Z 982 DQk68g9h6TMFaDis1fd7st8ALr2J2srqlfD7FlXwFFOGnDvuPPK7R13unGiU
2020-10-21T06:54:43.564797994Z 983 ORocS7qGXLLU9YduNlk4WLUMQQqXcSI1pvBIAxyEIqgFOXvyGc9YePm9OiRA
2020-10-21T06:54:43.578582123Z 984 2YV62hUyzCi3pkKtYhHkRpIcETZK05CBlnCXX1EuTfSEMKYQiaFVZUv69INl
2020-10-21T06:54:43.587379139Z 985 OqXSKhi8UmGMThK4AMOLniFwqitgrHdeOzUKGRi2ZtxQPK6cAar3ognbJSpX
2020-10-21T06:54:43.598677563Z 986 LjSAzINmbUANgNOMf0pMazcaxH0rDcIgWdANU05DkBk7ZADKcppkzYowgqfE
2020-10-21T06:54:43.609182501Z 987 TOZDixDLiMLR91cyOXBBmnBFlMAlwfj8suxI6qrDO2RWoRqdYOhENQqPu39I
2020-10-21T06:54:43.620114409Z 988 sTPnOvr1v4qOPkoxTw1XVSl369u5jyRqh2X7OJd7ubSf86HYg6tU5iUZehgK
2020-10-21T06:54:43.631945867Z 989 YXSB29AtGRTer0vWysXcUH52ue47ZxL3w2lkQ9sbkUX5a35TDOUbVsp6bBGQ
2020-10-21T06:54:43.643499079Z 990 WqlZjET4csQqX5FR5DV1Y1hmjPXKC3bIZhBTOc0cgcjwhoHivroHkl3ezL46
2020-10-21T06:54:43.654821241Z 991 dz180nBDap0A43rMtthqev40Kv7ykMbhShzPjGaEhAeRJ4L53kMvI9H4Qf4C
2020-10-21T06:54:43.666047437Z 992 E7ikYh48Xa1jeuSCmOrGqWVc1dcKTP4WHdLQLQvcvVDqMACmtPA2NPrgSshU
2020-10-21T06:54:43.677461081Z 993 O3KdiyPPCMy3v1YYHLaHNeqSbNrsFD2Fl8L8DXkW8Q1DoJFbLMkEFMVoT2BB
2020-10-21T06:54:43.689186882Z 994 2kwE4fOspgLzfzwewT5F1w9nFRHu7EzTbex8l6G8EVTgdosdnca8H0NomDMl
2020-10-21T06:54:43.700749502Z 995 PMIuVXOajH9lmJPwchCYusfAGZcDwLnd9LPKGjIRi4sgGQPsriDsKm9T85Uj
2020-10-21T06:54:43.711278274Z 996 klrdnbno6mCIo5Qr0ZhhZwGWRLdYYBqZ8tzcUaLMJD1fy7k30gziZYvlG6OS
2020-10-21T06:54:43.721946669Z 997 ypxXLHMNVZzABEd8BNpzKGdCzxXsUt08da0xba9ITKDnAHkKO8KPQQdYjbwL
2020-10-21T06:54:43.733613518Z 998 BRpnBeW7nGDuiTAPnbVhWBrkNHuGkG5wxB0Ak7ySr6kX4mKejHZOemHhI3zT
2020-10-21T06:54:43.745069838Z 999 CPoWV3ZVPMcrUOeskQbPh6X1v4tG69UhwrVy8HXdF5eAv33LCYNfDcYd68hN
