2020-10-21T06:44:22.787320486Z  running: (['/opt/scylladb/scripts/scylla_dev_mode_setup', '--developer-mode', '1'],)
2020-10-21T06:44:23.294428458Z  running: (['/opt/scylladb/scripts/scylla_io_setup'],)
2020-10-21T06:44:23.682023300Z  2020-10-21 06:44:23,681 CRIT Supervisor is running as root.  Privileges were not dropped because no user is specified in the config file.  If you intend to run as root, you can set user=root in the config file to avoid this message.
2020-10-21T06:44:23.682133335Z  2020-10-21 06:44:23,681 INFO Included extra file "/etc/supervisord.conf.d/node-exporter.conf" during parsing
2020-10-21T06:44:23.682200816Z  2020-10-21 06:44:23,681 INFO Included extra file "/etc/supervisord.conf.d/rsyslog.conf" during parsing
2020-10-21T06:44:23.682227335Z  2020-10-21 06:44:23,681 INFO Included extra file "/etc/supervisord.conf.d/scylla-housekeeping.conf" during parsing
2020-10-21T06:44:23.682288908Z  2020-10-21 06:44:23,682 INFO Included extra file "/etc/supervisord.conf.d/scylla-jmx.conf" during parsing
2020-10-21T06:44:23.682439384Z  2020-10-21 06:44:23,682 INFO Included extra file "/etc/supervisord.conf.d/scylla-server.conf" during parsing
2020-10-21T06:44:23.682505188Z  2020-10-21 06:44:23,682 INFO Included extra file "/etc/supervisord.conf.d/sshd-server.conf" during parsing
2020-10-21T06:44:23.718520814Z  2020-10-21 06:44:23,718 INFO RPC interface 'supervisor' initialized
2020-10-21T06:44:23.718612817Z  2020-10-21 06:44:23,718 CRIT Server 'inet_http_server' running without any HTTP authentication checking
2020-10-21T06:44:23.719063760Z  2020-10-21 06:44:23,718 INFO supervisord started with pid 25
2020-10-21T06:44:24.723387485Z  2020-10-21 06:44:24,722 INFO spawned: 'scylla' with pid 28
2020-10-21T06:44:24.727562915Z  2020-10-21 06:44:24,726 INFO spawned: 'scylla-housekeeping' with pid 29
2020-10-21T06:44:24.732170538Z  2020-10-21 06:44:24,730 INFO spawned: 'sshd' with pid 30
2020-10-21T06:44:24.734644811Z  2020-10-21 06:44:24,733 INFO spawned: 'scylla-jmx' with pid 31
2020-10-21T06:44:24.740856528Z  2020-10-21 06:44:24,740 INFO spawned: 'rsyslog' with pid 33
2020-10-21T06:44:24.748520397Z  2020-10-21 06:44:24,748 INFO spawned: 'node-exporter' with pid 35
2020-10-21T06:44:24.769029558Z  Generating public/private ed25519 key pair.
2020-10-21T06:44:24.769055946Z  Your identification has been saved in /etc/ssh/ssh_host_ed25519_key.
2020-10-21T06:44:24.769067644Z  Your public key has been saved in /etc/ssh/ssh_host_ed25519_key.pub.
2020-10-21T06:44:24.769078290Z  The key fingerprint is:
2020-10-21T06:44:24.769088587Z  SHA256:m+iUj03z7CMt9bqFTPTF8tQv2ToaMDT7aacvRbRg1Io root@1b161a40c664
2020-10-21T06:44:24.769098956Z  The key's randomart image is:
2020-10-21T06:44:24.769108880Z  +--[ED25519 256]--+
2020-10-21T06:44:24.769119047Z  |           ...   |
2020-10-21T06:44:24.769128802Z  |            o.o. |
2020-10-21T06:44:24.769138572Z  |          +o.++..|
2020-10-21T06:44:24.769148513Z  |         oE+.=oo.|
2020-10-21T06:44:24.769169019Z  |        S = ..+ o|
2020-10-21T06:44:24.769195624Z  |       o =.= ..o |
2020-10-21T06:44:24.769206638Z  |      + =oo.*.+  |
2020-10-21T06:44:24.769216186Z  |     o =o+ooo= . |
2020-10-21T06:44:24.769225590Z  |      o o+*+oo.  |
2020-10-21T06:44:24.769234967Z  +----[SHA256]-----+
2020-10-21T06:44:24.785051189Z  time="2020-10-21T06:44:24Z" level=info msg="Starting node_exporter (version=0.17.0, branch=HEAD, revision=f6f6194a436b9a63d0439abc585c76b19a206b21)" source="node_exporter.go:82"
2020-10-21T06:44:24.785078666Z  time="2020-10-21T06:44:24Z" level=info msg="Build context (go=go1.11.2, user=root@322511e06ced, date=20181130-15:51:33)" source="node_exporter.go:83"
2020-10-21T06:44:24.787015084Z  time="2020-10-21T06:44:24Z" level=info msg="Enabled collectors:" source="node_exporter.go:90"
2020-10-21T06:44:24.787039279Z  time="2020-10-21T06:44:24Z" level=info msg=" - arp" source="node_exporter.go:97"
2020-10-21T06:44:24.787263759Z  time="2020-10-21T06:44:24Z" level=info msg=" - bcache" source="node_exporter.go:97"
2020-10-21T06:44:24.787313172Z  time="2020-10-21T06:44:24Z" level=info msg=" - bonding" source="node_exporter.go:97"
2020-10-21T06:44:24.787329064Z  time="2020-10-21T06:44:24Z" level=info msg=" - conntrack" source="node_exporter.go:97"
2020-10-21T06:44:24.787486982Z  time="2020-10-21T06:44:24Z" level=info msg=" - cpu" source="node_exporter.go:97"
2020-10-21T06:44:24.787507650Z  time="2020-10-21T06:44:24Z" level=info msg=" - diskstats" source="node_exporter.go:97"
2020-10-21T06:44:24.787519161Z  time="2020-10-21T06:44:24Z" level=info msg=" - edac" source="node_exporter.go:97"
2020-10-21T06:44:24.787529650Z  time="2020-10-21T06:44:24Z" level=info msg=" - entropy" source="node_exporter.go:97"
2020-10-21T06:44:24.787540044Z  time="2020-10-21T06:44:24Z" level=info msg=" - filefd" source="node_exporter.go:97"
2020-10-21T06:44:24.787735252Z  time="2020-10-21T06:44:24Z" level=info msg=" - filesystem" source="node_exporter.go:97"
2020-10-21T06:44:24.787780775Z  time="2020-10-21T06:44:24Z" level=info msg=" - hwmon" source="node_exporter.go:97"
2020-10-21T06:44:24.787795004Z  time="2020-10-21T06:44:24Z" level=info msg=" - infiniband" source="node_exporter.go:97"
2020-10-21T06:44:24.787805667Z  time="2020-10-21T06:44:24Z" level=info msg=" - interrupts" source="node_exporter.go:97"
2020-10-21T06:44:24.787816073Z  time="2020-10-21T06:44:24Z" level=info msg=" - ipvs" source="node_exporter.go:97"
2020-10-21T06:44:24.787826493Z  time="2020-10-21T06:44:24Z" level=info msg=" - loadavg" source="node_exporter.go:97"
2020-10-21T06:44:24.787951873Z  time="2020-10-21T06:44:24Z" level=info msg=" - mdadm" source="node_exporter.go:97"
2020-10-21T06:44:24.787971536Z  time="2020-10-21T06:44:24Z" level=info msg=" - meminfo" source="node_exporter.go:97"
2020-10-21T06:44:24.787982440Z  time="2020-10-21T06:44:24Z" level=info msg=" - netclass" source="node_exporter.go:97"
2020-10-21T06:44:24.787992913Z  time="2020-10-21T06:44:24Z" level=info msg=" - netdev" source="node_exporter.go:97"
2020-10-21T06:44:24.788014952Z  time="2020-10-21T06:44:24Z" level=info msg=" - netstat" source="node_exporter.go:97"
2020-10-21T06:44:24.788026178Z  time="2020-10-21T06:44:24Z" level=info msg=" - nfs" source="node_exporter.go:97"
2020-10-21T06:44:24.788036397Z  time="2020-10-21T06:44:24Z" level=info msg=" - nfsd" source="node_exporter.go:97"
2020-10-21T06:44:24.788340698Z  time="2020-10-21T06:44:24Z" level=info msg=" - sockstat" source="node_exporter.go:97"
2020-10-21T06:44:24.788394302Z  time="2020-10-21T06:44:24Z" level=info msg=" - stat" source="node_exporter.go:97"
2020-10-21T06:44:24.788406648Z  time="2020-10-21T06:44:24Z" level=info msg=" - textfile" source="node_exporter.go:97"
2020-10-21T06:44:24.788416816Z  time="2020-10-21T06:44:24Z" level=info msg=" - time" source="node_exporter.go:97"
2020-10-21T06:44:24.788443152Z  time="2020-10-21T06:44:24Z" level=info msg=" - timex" source="node_exporter.go:97"
2020-10-21T06:44:24.788575595Z  time="2020-10-21T06:44:24Z" level=info msg=" - uname" source="node_exporter.go:97"
2020-10-21T06:44:24.788677743Z  time="2020-10-21T06:44:24Z" level=info msg=" - vmstat" source="node_exporter.go:97"
2020-10-21T06:44:24.788746321Z  time="2020-10-21T06:44:24Z" level=info msg=" - xfs" source="node_exporter.go:97"
2020-10-21T06:44:24.788759336Z  time="2020-10-21T06:44:24Z" level=info msg=" - zfs" source="node_exporter.go:97"
2020-10-21T06:44:24.788772084Z  time="2020-10-21T06:44:24Z" level=info msg="Listening on :9100" source="node_exporter.go:111"
2020-10-21T06:44:25.199186333Z  Scylla version 4.1.8-0.20201002.6c43a0dc29 with build-id fec471b0d185de7f191d861ccfc539eff76f31ab starting ...
2020-10-21T06:44:25.199244692Z  command used: "/usr/bin/scylla --log-to-syslog 0 --log-to-stdout 1 --default-log-level info --network-stack posix --developer-mode=1 --overprovisioned --listen-address 10.0.108.3 --rpc-address 10.0.108.3 --seed-provider-parameters seeds=10.0.108.3 --blocked-reactor-notify-ms 999999999"
2020-10-21T06:44:25.199259150Z  parsed command line options: [log-to-syslog: 0, log-to-stdout: 1, default-log-level: info, network-stack: posix, developer-mode: 1, overprovisioned, listen-address: 10.0.108.3, rpc-address: 10.0.108.3, seed-provider-parameters: seeds=10.0.108.3, blocked-reactor-notify-ms: 999999999]
2020-10-21T06:44:25.227251521Z  WARN  2020-10-21 06:44:25,226 [shard 0] seastar - Unable to set SCHED_FIFO scheduling policy for timer thread; latency impact possible. Try adding CAP_SYS_NICE
2020-10-21T06:44:25.254207646Z  INFO  2020-10-21 06:44:25,253 [shard 0] init - installing SIGHUP handler
2020-10-21T06:44:25.264495600Z  INFO  2020-10-21 06:44:25,263 [shard 0] init - Scylla version 4.1.8-0.20201002.6c43a0dc29 with build-id fec471b0d185de7f191d861ccfc539eff76f31ab starting ...
2020-10-21T06:44:25.264546585Z  
2020-10-21T06:44:25.265968341Z  INFO  2020-10-21 06:44:25,265 [shard 0] init - starting prometheus API server
2020-10-21T06:44:25.269743404Z  INFO  2020-10-21 06:44:25,269 [shard 0] init - starting tokens manager
2020-10-21T06:44:25.270804257Z  INFO  2020-10-21 06:44:25,269 [shard 0] init - starting migration manager notifier
2020-10-21T06:44:25.270864134Z  INFO  2020-10-21 06:44:25,269 [shard 0] init - creating tracing
2020-10-21T06:44:25.271840203Z  INFO  2020-10-21 06:44:25,271 [shard 0] init - creating snitch
2020-10-21T06:44:25.276574361Z  INFO  2020-10-21 06:44:25,276 [shard 0] init - determining DNS name
2020-10-21T06:44:25.276598196Z  INFO  2020-10-21 06:44:25,276 [shard 0] init - starting API server
2020-10-21T06:44:25.277886284Z  INFO  2020-10-21 06:44:25,277 [shard 0] init - Scylla API server listening on 127.0.0.1:10000 ...
2020-10-21T06:44:25.279666198Z  INFO  2020-10-21 06:44:25,278 [shard 0] init - initializing storage service
2020-10-21T06:44:25.280182198Z  INFO  2020-10-21 06:44:25,279 [shard 0] init - starting per-shard database core
2020-10-21T06:44:25.294427945Z  WARN  2020-10-21 06:44:25,293 [shard 0] init - I/O Scheduler is not properly configured! This is a non-supported setup, and performance is expected to be unpredictably bad.
2020-10-21T06:44:25.294485318Z   Reason found: none of --max-io-requests, --io-properties and --io-properties-file are set.
2020-10-21T06:44:25.294499328Z  To properly configure the I/O Scheduler, run the scylla_io_setup utility shipped with Scylla.
2020-10-21T06:44:25.294509646Z  
2020-10-21T06:44:25.295966844Z  INFO  2020-10-21 06:44:25,295 [shard 0] init - creating and verifying directories
2020-10-21T06:44:25.633659796Z  Connecting to http://localhost:10000
2020-10-21T06:44:25.633786444Z  Starting the JMX server
2020-10-21T06:44:26.254471959Z  JMX is enabled to receive remote connections on port: 7199
2020-10-21T06:44:26.254502414Z  2020-10-21 06:44:26,254 INFO success: scylla entered RUNNING state, process has stayed up for > than 1 seconds (startsecs)
2020-10-21T06:44:26.254772051Z  2020-10-21 06:44:26,254 INFO success: scylla-housekeeping entered RUNNING state, process has stayed up for > than 1 seconds (startsecs)
2020-10-21T06:44:26.254793178Z  2020-10-21 06:44:26,254 INFO success: sshd entered RUNNING state, process has stayed up for > than 1 seconds (startsecs)
2020-10-21T06:44:26.254892770Z  2020-10-21 06:44:26,254 INFO success: scylla-jmx entered RUNNING state, process has stayed up for > than 1 seconds (startsecs)
2020-10-21T06:44:26.254943059Z  2020-10-21 06:44:26,254 INFO success: rsyslog entered RUNNING state, process has stayed up for > than 1 seconds (startsecs)
2020-10-21T06:44:26.255067144Z  2020-10-21 06:44:26,254 INFO success: node-exporter entered RUNNING state, process has stayed up for > than 1 seconds (startsecs)
2020-10-21T06:44:27.447340608Z  Generating public/private rsa key pair.
2020-10-21T06:44:27.447379717Z  Your identification has been saved in /etc/ssh/ssh_host_rsa_key.
2020-10-21T06:44:27.447392148Z  Your public key has been saved in /etc/ssh/ssh_host_rsa_key.pub.
2020-10-21T06:44:27.447403097Z  The key fingerprint is:
2020-10-21T06:44:27.447413830Z  SHA256:BFstPqnFl7p6vQABN39pUVPOxJsTeRGvvoPr/7179oY root@1b161a40c664
2020-10-21T06:44:27.447424418Z  The key's randomart image is:
2020-10-21T06:44:27.447450399Z  +---[RSA 4096]----+
2020-10-21T06:44:27.447461519Z  |    . + ....ooo+o|
2020-10-21T06:44:27.447471119Z  |     o *. .o =+ o|
2020-10-21T06:44:27.447480607Z  |      oooo+.  o=.|
2020-10-21T06:44:27.447490195Z  |       o*oo   +. |
2020-10-21T06:44:27.447499804Z  |      .oS+    .. |
2020-10-21T06:44:27.447509333Z  |      ...    .   |
2020-10-21T06:44:27.447518730Z  |        .o   ... |
2020-10-21T06:44:27.447528034Z  |        o.. . E.=|
2020-10-21T06:44:27.447537486Z  |      .o  .ooooBO|
2020-10-21T06:44:27.447546885Z  +----[SHA256]-----+
2020-10-21T06:44:27.462756809Z  Could not load host key: /etc/ssh/ssh_host_ecdsa_key
2020-10-21T06:44:27.500642665Z  INFO  2020-10-21 06:44:27,499 [shard 0] database - Populating Keyspace system_schema
2020-10-21T06:44:27.500696079Z  INFO  2020-10-21 06:44:27,499 [shard 0] database - Keyspace system_schema: Reading CF computed_columns id=cc7c7069-3740-33c1-92a4-c3de78dbd2c4 version=2b8c4439-de76-31e0-807f-3b7290a975d7
2020-10-21T06:44:27.500708560Z  INFO  2020-10-21 06:44:27,499 [shard 0] database - Keyspace system_schema: Reading CF view_virtual_columns id=08843b63-45dc-3be2-9798-a0418295cfaa version=c777531c-15f7-326f-8ebe-39fd0265c8c9
2020-10-21T06:44:27.500719685Z  INFO  2020-10-21 06:44:27,499 [shard 0] database - Keyspace system_schema: Reading CF dropped_columns id=5e7583b5-f3f4-3af1-9a39-b7e1d6f5f11f version=7426bc6c-4c2f-3200-8ad8-4329610ed59a
2020-10-21T06:44:27.500730522Z  INFO  2020-10-21 06:44:27,500 [shard 0] database - Keyspace system_schema: Reading CF indexes id=0feb57ac-311f-382f-ba6d-9024d305702f version=99c40462-8687-304e-abe3-2bdbef1f25aa
2020-10-21T06:44:27.500766525Z  INFO  2020-10-21 06:44:27,500 [shard 0] database - Keyspace system_schema: Reading CF functions id=96489b79-80be-3e14-a701-66a0b9159450 version=329ed804-55b3-3eee-ad61-d85317b96097
2020-10-21T06:44:27.500777473Z  INFO  2020-10-21 06:44:27,500 [shard 0] database - Keyspace system_schema: Reading CF columns id=24101c25-a2ae-3af7-87c1-b40ee1aca33f version=d33236d4-9bdd-3c09-abf0-a0bc5edc2526
2020-10-21T06:44:27.500803939Z  INFO  2020-10-21 06:44:27,500 [shard 0] database - Keyspace system_schema: Reading CF scylla_tables id=5d912ff1-f759-3665-b2c8-8042ab5103dd version=38e5e56b-155d-39b5-a0d2-8e5dcad42a26
2020-10-21T06:44:27.500814859Z  INFO  2020-10-21 06:44:27,500 [shard 0] database - Keyspace system_schema: Reading CF tables id=afddfb9d-bc1e-3068-8056-eed6c302ba09 version=b6240810-eeb7-36d5-9411-43b2d68dddab
2020-10-21T06:44:27.500851547Z  INFO  2020-10-21 06:44:27,500 [shard 0] database - Keyspace system_schema: Reading CF keyspaces id=abac5682-dea6-31c5-b535-b3d6cffd0fb6 version=e79ca8ba-6556-3f7d-925a-7f20cf57938c
2020-10-21T06:44:27.500862930Z  INFO  2020-10-21 06:44:27,500 [shard 0] database - Keyspace system_schema: Reading CF triggers id=4df70b66-6b05-3251-95a1-32b54005fd48 version=582d7071-1ef0-37c8-adc6-471a13636139
2020-10-21T06:44:27.500875403Z  INFO  2020-10-21 06:44:27,500 [shard 0] database - Keyspace system_schema: Reading CF views id=9786ac1c-dd58-3201-a7cd-ad556410c985 version=5b58bb47-96e7-3f57-accf-0bfca4dbbc6e
2020-10-21T06:44:27.500903813Z  INFO  2020-10-21 06:44:27,500 [shard 0] database - Keyspace system_schema: Reading CF types id=5a8b1ca8-6602-3f77-a045-9273d308917a version=de51b2ce-5e4d-3b7d-a75f-2204332ce8d1
2020-10-21T06:44:27.500941073Z  INFO  2020-10-21 06:44:27,500 [shard 0] database - Keyspace system_schema: Reading CF aggregates id=924c5587-2e3a-345b-b10c-12f37c1ba895 version=4b53e92c-0368-3d5c-b959-2ec1bfd1a59f
2020-10-21T06:44:30.421879365Z  Traceback (most recent call last):
2020-10-21T06:44:30.421909489Z    File "/opt/scylladb/scripts/libexec/scylla-housekeeping", line 208, in <module>
2020-10-21T06:44:30.421922231Z      args.func(args)
2020-10-21T06:44:30.421932588Z    File "/opt/scylladb/scripts/libexec/scylla-housekeeping", line 134, in check_version
2020-10-21T06:44:30.421943076Z      current_version = sanitize_version(get_api('/storage_service/scylla_release_version'))
2020-10-21T06:44:30.421964198Z    File "/opt/scylladb/scripts/libexec/scylla-housekeeping", line 93, in get_api
2020-10-21T06:44:30.421977264Z      return get_json_from_url("http://" + api_address + path)
2020-10-21T06:44:30.421987285Z    File "/opt/scylladb/scripts/libexec/scylla-housekeeping", line 88, in get_json_from_url
2020-10-21T06:44:30.422013004Z      raise RuntimeError(f'Failed to get "{path}" due to the following error: {retval}')
2020-10-21T06:44:30.422023952Z  RuntimeError: Failed to get "http://localhost:10000/storage_service/scylla_release_version" due to the following error: HTTP Error 404: Not Found
2020-10-21T06:44:36.467989730Z  INFO  2020-10-21 06:44:36,467 [shard 0] database - Populating Keyspace system
2020-10-21T06:44:36.468812165Z  INFO  2020-10-21 06:44:36,468 [shard 0] database - Keyspace system: Reading CF schema_aggregates id=a5fc57fc-9d6c-3bfd-a3fc-01ad54686fea version=d06c934f-9a69-374c-86f1-523ab26fb05c
2020-10-21T06:44:36.468834750Z  INFO  2020-10-21 06:44:36,468 [shard 0] database - Keyspace system: Reading CF schema_triggers id=0359bc71-7123-3ee1-9a4a-b9dfb11fc125 version=75e4ec4c-76da-3f59-984e-66810ba0c62b
2020-10-21T06:44:36.468846453Z  INFO  2020-10-21 06:44:36,468 [shard 0] database - Keyspace system: Reading CF compaction_history id=b4dbb7b4-dc49-3fb5-b3bf-ce6e434832ca version=25cae56a-8d75-39f3-a146-3756ab4981c7
2020-10-21T06:44:36.468856946Z  INFO  2020-10-21 06:44:36,468 [shard 0] database - Keyspace system: Reading CF compactions_in_progress id=55080ab0-5d9c-3886-90a4-acb25fe1f77b version=540263f1-40db-3869-8a38-3baadedc222d
2020-10-21T06:44:36.468867270Z  INFO  2020-10-21 06:44:36,468 [shard 0] database - Keyspace system: Reading CF range_xfers id=55d76438-4e55-3f8b-9f6e-676d4af3976d version=dd15a078-409b-350d-9bef-c5f3520832d8
2020-10-21T06:44:36.468877493Z  INFO  2020-10-21 06:44:36,468 [shard 0] database - Keyspace system: Reading CF scylla_views_builds_in_progress id=a04c7bfd-1e13-36c9-a44d-f22da352281d version=e3fb736c-6956-3990-a31d-9a482279e3fc
2020-10-21T06:44:36.468888051Z  INFO  2020-10-21 06:44:36,468 [shard 0] database - Keyspace system: Reading CF IndexInfo id=9f5c6374-d485-3229-9a0a-5094af9ad1e3 version=bbb3743b-351f-3023-b4fc-09a9be37d529
2020-10-21T06:44:36.468898293Z  INFO  2020-10-21 06:44:36,468 [shard 0] database - Keyspace system: Reading CF cdc_local id=0bcaffd4-0c83-3ead-ad13-dc1d5015b77c version=0aa4d3a2-ed95-3ecd-aba0-cd75622ad290
2020-10-21T06:44:36.468921732Z  INFO  2020-10-21 06:44:36,468 [shard 0] database - Keyspace system: Reading CF schema_columnfamilies id=45f5b360-24bc-3f83-a363-1034ea4fa697 version=7f7a5fea-07b7-304d-a6f8-f7aec72cabdb
2020-10-21T06:44:36.468933233Z  INFO  2020-10-21 06:44:36,468 [shard 0] database - Keyspace system: Reading CF batchlog id=0290003c-977e-397c-ac3e-fdfdc01d626b version=e2a2e804-49e4-3597-9f16-39fd9475835c
2020-10-21T06:44:36.468943589Z  INFO  2020-10-21 06:44:36,468 [shard 0] database - Keyspace system: Reading CF schema_functions id=d1b675fe-2b50-3ca4-8e49-c0f81989dcad version=a50959dd-2be0-3e4e-8bb5-cf40796e256a
2020-10-21T06:44:36.469387463Z  INFO  2020-10-21 06:44:36,469 [shard 0] database - Keyspace system: Reading CF peer_events id=59dfeaea-8db2-3341-91ef-109974d81484 version=7f874a05-72b8-3c21-9acb-baa164fc351a
2020-10-21T06:44:36.469410753Z  INFO  2020-10-21 06:44:36,469 [shard 0] database - Keyspace system: Reading CF local id=7ad54392-bcdd-35a6-8417-4e047860b377 version=7fa82c2e-5b67-37dd-8e5e-2079e18f1536
2020-10-21T06:44:36.469423053Z  INFO  2020-10-21 06:44:36,469 [shard 0] database - Keyspace system: Reading CF clients id=ca0f635d-8630-3609-8d93-a1fc06f2a5e5 version=51273ebf-e6f9-3cd5-b455-ea09ad29796f
2020-10-21T06:44:36.469889782Z  INFO  2020-10-21 06:44:36,469 [shard 0] database - Keyspace system: Reading CF size_estimates id=618f817b-005f-3678-b8a4-53f3930b8e86 version=6d4dbcff-f05b-3dc3-95ad-f79f7b10504d
2020-10-21T06:44:36.469910597Z  INFO  2020-10-21 06:44:36,469 [shard 0] database - Keyspace system: Reading CF large_partitions id=8a7fe624-96b0-34b1-b90e-f71bddcdd2d3 version=04fa9920-9369-3a96-be39-6dd9fdc816b6
2020-10-21T06:44:36.469921921Z  INFO  2020-10-21 06:44:36,469 [shard 0] database - Keyspace system: Reading CF schema_columns id=296e9c04-9bec-3085-827d-c17d3df2122a version=53cfbb66-ee0d-37be-97bb-b2afb3746f85
2020-10-21T06:44:36.469932835Z  INFO  2020-10-21 06:44:36,469 [shard 0] database - Keyspace system: Reading CF built_views id=4b3c50a9-ea87-3d76-9101-6dbc9c38494a version=a28aa0b3-6def-30a7-9fbe-ce78b3f3c9b9
2020-10-21T06:44:36.469943701Z  INFO  2020-10-21 06:44:36,469 [shard 0] database - Keyspace system: Reading CF peers id=37f71aca-7dc2-383b-a706-72528af04d4f version=f6f6871f-8c86-3eca-ac0b-2a2e848e395d
2020-10-21T06:44:36.469962126Z  INFO  2020-10-21 06:44:36,469 [shard 0] database - Keyspace system: Reading CF hints id=2666e205-73ef-38b3-90fe-fecf96e8f0c7 version=0b74fdd1-e96d-309e-a14e-a5bcd7ac885d
2020-10-21T06:44:36.469980473Z  INFO  2020-10-21 06:44:36,469 [shard 0] database - Keyspace system: Reading CF large_rows id=40550f66-0858-39a0-9430-f27fc08034e9 version=aee3acb0-7926-317b-848e-db7bc3721695
2020-10-21T06:44:36.469991289Z  INFO  2020-10-21 06:44:36,469 [shard 0] database - Keyspace system: Reading CF large_cells id=ead8bbc5-f146-3ae1-9f71-0b11f9a1d296 version=0d4a6937-a781-3f87-a192-b4e4a4a40acf
2020-10-21T06:44:36.470018113Z  INFO  2020-10-21 06:44:36,469 [shard 0] database - Keyspace system: Reading CF scylla_local id=2972ec7f-fb20-38dd-aac1-d876f2e3fcbd version=5f0b407d-eedf-3845-a48e-dbb9673d10e1
2020-10-21T06:44:36.470032886Z  INFO  2020-10-21 06:44:36,469 [shard 0] database - Keyspace system: Reading CF views_builds_in_progress id=b7f2c108-78cd-3c80-9cd5-d609b2bd149c version=b905cce5-1474-3085-819a-7592453e2fb9
2020-10-21T06:44:36.470044229Z  INFO  2020-10-21 06:44:36,469 [shard 0] database - Keyspace system: Reading CF schema_usertypes id=3aa75225-4f82-350b-8d5c-430fa221fa0a version=3c53e6bb-56d5-3618-a0b2-4ff5f18127d7
2020-10-21T06:44:36.470067528Z  INFO  2020-10-21 06:44:36,469 [shard 0] database - Keyspace system: Reading CF sstable_activity id=5a1ff267-ace0-3f12-8563-cfae6103c65e version=bdec57a3-b234-334b-be9c-7b1f33113995
2020-10-21T06:44:36.470091258Z  INFO  2020-10-21 06:44:36,469 [shard 0] database - Keyspace system: Reading CF truncated id=38c19fd0-fb86-3310-a4b7-0d0cc66628aa version=6da9a85c-7ae0-3917-aead-54a2f65a57a8
2020-10-21T06:44:36.470101985Z  INFO  2020-10-21 06:44:36,469 [shard 0] database - Keyspace system: Reading CF paxos id=b7b7f0c2-fd0a-3410-8c05-3ef614bb7c2d version=6dd372de-72fb-3e1b-9b8c-f97738a67fe9
2020-10-21T06:44:36.470112186Z  INFO  2020-10-21 06:44:36,469 [shard 0] database - Keyspace system: Reading CF schema_keyspaces id=b0f22357-4458-3cdb-9631-c43e59ce3676 version=84d28cef-59f9-34a9-9be5-31c684997f03
2020-10-21T06:44:46.546781251Z  INFO  2020-10-21 06:44:46,546 [shard 0] init - starting gossip
2020-10-21T06:44:46.547218058Z  WARN  2020-10-21 06:44:46,546 [shard 0] init - Using default cluster name is not recommended. Using a unique cluster name will reduce the chance of adding nodes to the wrong cluster by mistake
2020-10-21T06:44:46.548000178Z  INFO  2020-10-21 06:44:46,547 [shard 0] init - starting storage proxy
2020-10-21T06:44:46.562513438Z  INFO  2020-10-21 06:44:46,562 [shard 0] init - creating hints manager
2020-10-21T06:44:46.563509236Z  INFO  2020-10-21 06:44:46,563 [shard 1] init - creating hints manager
2020-10-21T06:44:46.563530434Z  INFO  2020-10-21 06:44:46,563 [shard 2] init - creating hints manager
2020-10-21T06:44:46.563541906Z  INFO  2020-10-21 06:44:46,563 [shard 3] init - creating hints manager
2020-10-21T06:44:46.563781570Z  INFO  2020-10-21 06:44:46,563 [shard 0] init - starting migration manager
2020-10-21T06:44:46.564133465Z  INFO  2020-10-21 06:44:46,563 [shard 0] init - starting query processor
2020-10-21T06:44:46.565524199Z  INFO  2020-10-21 06:44:46,565 [shard 0] init - initializing batchlog manager
2020-10-21T06:44:46.571195821Z  INFO  2020-10-21 06:44:46,570 [shard 0] legacy_schema_migrator - Moving 0 keyspaces from legacy schema tables to the new schema keyspace (system_schema)
2020-10-21T06:44:46.571624560Z  INFO  2020-10-21 06:44:46,571 [shard 0] legacy_schema_migrator - Dropping legacy schema tables
2020-10-21T06:44:57.338635677Z  INFO  2020-10-21 06:44:57,337 [shard 0] legacy_schema_migrator - Completed migration of legacy schema tables
2020-10-21T06:44:57.346452959Z  INFO  2020-10-21 06:44:57,345 [shard 0] init - loading system sstables
2020-10-21T06:45:11.014718819Z  INFO  2020-10-21 06:45:11,014 [shard 0] init - loading non-system sstables
2020-10-21T06:45:18.820020487Z  INFO  2020-10-21 06:45:18,819 [shard 0] database - Populating Keyspace dt
2020-10-21T06:45:18.820081852Z  INFO  2020-10-21 06:45:18,819 [shard 0] database - Keyspace dt: Reading CF source_element_idx_index id=68593f10-d77b-11ea-9877-000000000001 version=33e3f927-f730-3081-88e1-6bed2962e42a
2020-10-21T06:45:18.820097820Z  INFO  2020-10-21 06:45:18,819 [shard 0] database - Keyspace dt: Reading CF element_twin_idx_index id=630ae8b0-d77b-11ea-9877-000000000001 version=bc3026fd-bc4e-318d-b6f4-ca0b566cb74b
2020-10-21T06:45:18.820124648Z  INFO  2020-10-21 06:45:18,819 [shard 0] database - Keyspace dt: Reading CF source id=65ff2270-d77b-11ea-9877-000000000001 version=5f8471b7-7d19-31d4-9be5-0f153affb0bb
2020-10-21T06:45:18.820136180Z  INFO  2020-10-21 06:45:18,819 [shard 0] database - Keyspace dt: Reading CF source_data id=6af6cd50-d77b-11ea-9877-000000000001 version=b52400e3-b307-3141-b3fc-e5d63573f135
2020-10-21T06:45:18.820146358Z  INFO  2020-10-21 06:45:18,819 [shard 0] database - Keyspace dt: Reading CF element id=607549b0-d77b-11ea-9877-000000000001 version=f44a6c4b-69d8-37f2-b116-7260740acc6c
2020-10-21T06:45:18.820424733Z  INFO  2020-10-21 06:45:18,819 [shard 0] database - Keyspace dt: Reading CF twin id=5e00c740-d77b-11ea-9877-000000000001 version=6240633e-c8cc-3fea-a1e3-452eff1b9659
2020-10-21T06:45:18.820475048Z  INFO  2020-10-21 06:45:18,819 [shard 0] database - Keyspace dt: Reading CF user id=5c294820-d77b-11ea-9877-000000000001 version=02cce273-02f1-3e6a-8674-f1016e3f22d7
2020-10-21T06:45:18.820490223Z  INFO  2020-10-21 06:45:18,819 [shard 0] database - Populating Keyspace system_distributed
2020-10-21T06:45:18.820500950Z  INFO  2020-10-21 06:45:18,819 [shard 0] database - Keyspace system_distributed: Reading CF view_build_status id=5582b59f-8e4e-35e1-b913-3acada51eb04 version=e0b6e628-60e0-39a2-ada0-9b6c13bdd9bc
2020-10-21T06:45:18.820511782Z  INFO  2020-10-21 06:45:18,819 [shard 0] database - Keyspace system_distributed: Reading CF cdc_generations id=6a4df139-00b6-3d21-9efc-dade266dc3b7 version=2511b46b-df1d-39fa-9a77-f5cacf88af47
2020-10-21T06:45:18.820522235Z  INFO  2020-10-21 06:45:18,819 [shard 0] database - Keyspace system_distributed: Reading CF cdc_streams id=07405732-4620-34d6-a85e-947248dad9a4 version=b606cfa4-a37b-32bd-a624-e05cab2bed3c
2020-10-21T06:45:18.820532525Z  INFO  2020-10-21 06:45:18,820 [shard 0] database - Populating Keyspace system_auth
2020-10-21T06:45:18.820542662Z  INFO  2020-10-21 06:45:18,820 [shard 0] database - Keyspace system_auth: Reading CF roles id=5bc52802-de25-35ed-aeab-188eecebb090 version=d8f599da-7544-3f57-aa58-b229deea93e0
2020-10-21T06:45:18.820812057Z  INFO  2020-10-21 06:45:18,820 [shard 0] database - Keyspace system_auth: Reading CF role_members id=0ecdaa87-f8fb-3e60-88d1-74fb36fe5c0d version=2923b5bb-f2f8-36e8-9e73-19019900010c
2020-10-21T06:45:18.820856358Z  INFO  2020-10-21 06:45:18,820 [shard 0] database - Populating Keyspace system_traces
2020-10-21T06:45:18.820867368Z  INFO  2020-10-21 06:45:18,820 [shard 0] database - Keyspace system_traces: Reading CF sessions id=c5e99f16-8677-3914-b17e-960613512345 version=e0fc4b06-6cba-3b7b-bfb6-b42a77c370a9
2020-10-21T06:45:18.820877912Z  INFO  2020-10-21 06:45:18,820 [shard 0] database - Keyspace system_traces: Reading CF node_slow_log_time_idx id=f9706768-aa1e-3d87-9e5c-51a3927c2870 version=eaffc0bb-7b2c-3b64-8924-d8ba685120bc
2020-10-21T06:45:18.820888137Z  INFO  2020-10-21 06:45:18,820 [shard 0] database - Keyspace system_traces: Reading CF sessions_time_idx id=0ebf001c-c1d1-3693-9a63-c3d96ac53318 version=cd5d1e5f-1f42-3b9d-a8ba-3af39d59a7d5
2020-10-21T06:45:18.820898414Z  INFO  2020-10-21 06:45:18,820 [shard 0] database - Keyspace system_traces: Reading CF events id=8826e8e9-e16a-3728-8753-3bc1fc713c25 version=41a6b26e-a03b-3ae1-8a4a-b9446e7f9304
2020-10-21T06:45:18.820908637Z  INFO  2020-10-21 06:45:18,820 [shard 0] database - Keyspace system_traces: Reading CF node_slow_log id=bfcc4e62-5b63-3aa1-a1c3-6f5e47f3325c version=23e7a411-8414-340f-854d-20a3a637e438
2020-10-21T06:45:25.143846437Z  INFO  2020-10-21 06:45:25,143 [shard 0] init - starting view update generator
2020-10-21T06:45:25.144499878Z  INFO  2020-10-21 06:45:25,144 [shard 0] init - discovering staging sstables
2020-10-21T06:45:25.145262111Z  INFO  2020-10-21 06:45:25,145 [shard 0] init - setting up system keyspace
2020-10-21T06:45:25.163121741Z  INFO  2020-10-21 06:45:25,162 [shard 0] init - starting commit log
2020-10-21T06:45:25.164429684Z  INFO  2020-10-21 06:45:25,163 [shard 0] compaction - Compacting [/var/lib/scylla/data/system/compaction_history-b4dbb7b4dc493fb5b3bfce6e434832ca/mc-976-big-Data.db:level=0, /var/lib/scylla/data/system/compaction_history-b4dbb7b4dc493fb5b3bfce6e434832ca/mc-972-big-Data.db:level=0, ]
2020-10-21T06:45:25.165031623Z  INFO  2020-10-21 06:45:25,164 [shard 1] compaction - Compacting [/var/lib/scylla/data/system/compaction_history-b4dbb7b4dc493fb5b3bfce6e434832ca/mc-993-big-Data.db:level=0, /var/lib/scylla/data/system/compaction_history-b4dbb7b4dc493fb5b3bfce6e434832ca/mc-989-big-Data.db:level=0, ]
2020-10-21T06:45:25.165062891Z  INFO  2020-10-21 06:45:25,164 [shard 0] compaction - Compacting [/var/lib/scylla/data/system/truncated-38c19fd0fb863310a4b70d0cc66628aa/mc-1860-big-Data.db:level=0, /var/lib/scylla/data/system/truncated-38c19fd0fb863310a4b70d0cc66628aa/mc-1856-big-Data.db:level=0, ]
2020-10-21T06:45:25.165098697Z  INFO  2020-10-21 06:45:25,164 [shard 3] compaction - Compacting [/var/lib/scylla/data/system/peers-37f71aca7dc2383ba70672528af04d4f/mc-15-big-Data.db:level=0, /var/lib/scylla/data/system/peers-37f71aca7dc2383ba70672528af04d4f/mc-19-big-Data.db:level=0, ]
2020-10-21T06:45:25.165599572Z  INFO  2020-10-21 06:45:25,164 [shard 3] compaction - Compacting [/var/lib/scylla/data/system/compaction_history-b4dbb7b4dc493fb5b3bfce6e434832ca/mc-1007-big-Data.db:level=0, /var/lib/scylla/data/system/compaction_history-b4dbb7b4dc493fb5b3bfce6e434832ca/mc-1003-big-Data.db:level=0, ]
2020-10-21T06:45:25.165637856Z  INFO  2020-10-21 06:45:25,165 [shard 3] compaction - Compacting [/var/lib/scylla/data/system/truncated-38c19fd0fb863310a4b70d0cc66628aa/mc-1059-big-Data.db:level=0, /var/lib/scylla/data/system/truncated-38c19fd0fb863310a4b70d0cc66628aa/mc-1055-big-Data.db:level=0, ]
2020-10-21T06:45:25.166869933Z  INFO  2020-10-21 06:45:25,166 [shard 2] compaction - Compacting [/var/lib/scylla/data/system/compaction_history-b4dbb7b4dc493fb5b3bfce6e434832ca/mc-1006-big-Data.db:level=0, /var/lib/scylla/data/system/compaction_history-b4dbb7b4dc493fb5b3bfce6e434832ca/mc-1002-big-Data.db:level=0, ]
2020-10-21T06:45:25.167837860Z  INFO  2020-10-21 06:45:25,167 [shard 2] compaction - Compacting [/var/lib/scylla/data/system/truncated-38c19fd0fb863310a4b70d0cc66628aa/mc-1250-big-Data.db:level=0, /var/lib/scylla/data/system/truncated-38c19fd0fb863310a4b70d0cc66628aa/mc-1246-big-Data.db:level=0, ]
2020-10-21T06:45:25.170949956Z  INFO  2020-10-21 06:45:25,170 [shard 0] init - initializing migration manager RPC verbs
2020-10-21T06:45:25.171704383Z  INFO  2020-10-21 06:45:25,171 [shard 0] init - initializing storage proxy RPC verbs
2020-10-21T06:45:25.172374782Z  INFO  2020-10-21 06:45:25,172 [shard 0] init - starting streaming service
2020-10-21T06:45:25.173381141Z  INFO  2020-10-21 06:45:25,173 [shard 0] init - starting hinted handoff manager
2020-10-21T06:45:26.203801106Z  INFO  2020-10-21 06:45:26,203 [shard 3] compaction - Compacted 2 sstables to []. 10954 bytes to 0 (~0% of original) in 0ms = 0.00MB/s. ~256 total partitions merged to 0.
2020-10-21T06:45:26.342262923Z  INFO  2020-10-21 06:45:26,341 [shard 0] init - starting messaging service
2020-10-21T06:45:26.342908571Z  INFO  2020-10-21 06:45:26,342 [shard 0] repair - Setting max_repair_memory=168820736, max_repair_memory_per_range=33554432, max_repair_ranges_in_parallel=5
2020-10-21T06:45:26.343576373Z  INFO  2020-10-21 06:45:26,343 [shard 0] init - starting storage service
2020-10-21T06:45:26.345612077Z  INFO  2020-10-21 06:45:26,345 [shard 0] storage_service - Loading persisted ring state
2020-10-21T06:45:26.348252804Z  INFO  2020-10-21 06:45:26,347 [shard 0] storage_service - loaded_peer_features: peer_features size=0
2020-10-21T06:45:26.348279584Z  INFO  2020-10-21 06:45:26,347 [shard 0] storage_service - Checking remote features skipped, since this node is a new seed node which knows nothing about the cluster
2020-10-21T06:45:26.349781583Z  INFO  2020-10-21 06:45:26,349 [shard 0] storage_service - Restarting a node in NORMAL status
2020-10-21T06:45:26.379945747Z  INFO  2020-10-21 06:45:26,379 [shard 0] database - Schema version changed to 3f00f995-6495-3765-8599-4e76a2f4c6b2
2020-10-21T06:45:26.380458060Z  INFO  2020-10-21 06:45:26,379 [shard 0] storage_service - Starting up server gossip
2020-10-21T06:45:27.352851513Z  INFO  2020-10-21 06:45:27,352 [shard 1] compaction - Compacting [/var/lib/scylla/data/system/local-7ad54392bcdd35a684174e047860b377/mc-3981-big-Data.db:level=0, /var/lib/scylla/data/system/local-7ad54392bcdd35a684174e047860b377/mc-3985-big-Data.db:level=0, /var/lib/scylla/data/system/local-7ad54392bcdd35a684174e047860b377/mc-3989-big-Data.db:level=0, /var/lib/scylla/data/system/local-7ad54392bcdd35a684174e047860b377/mc-3977-big-Data.db:level=0, ]
2020-10-21T06:45:28.101076760Z  INFO  2020-10-21 06:45:28,100 [shard 2] compaction - Compacted 2 sstables to [/var/lib/scylla/data/system/truncated-38c19fd0fb863310a4b70d0cc66628aa/mc-1254-big-Data.db:level=0, ]. 112014 bytes to 56091 (~50% of original) in 2035ms = 0.03MB/s. ~256 total partitions merged to 4.
2020-10-21T06:45:28.101117452Z  INFO  2020-10-21 06:45:28,100 [shard 2] compaction - Compacted 2 sstables to [/var/lib/scylla/data/system/compaction_history-b4dbb7b4dc493fb5b3bfce6e434832ca/mc-1010-big-Data.db:level=0, ]. 171442 bytes to 105292 (~61% of original) in 2036ms = 0.05MB/s. ~256 total partitions merged to 128.
2020-10-21T06:45:28.347555846Z  INFO  2020-10-21 06:45:28,347 [shard 1] compaction - Compacted 2 sstables to [/var/lib/scylla/data/system/compaction_history-b4dbb7b4dc493fb5b3bfce6e434832ca/mc-997-big-Data.db:level=0, ]. 172934 bytes to 102488 (~59% of original) in 2188ms = 0.04MB/s. ~256 total partitions merged to 110.
2020-10-21T06:45:28.600782976Z  INFO  2020-10-21 06:45:28,600 [shard 0] compaction - Compacted 2 sstables to [/var/lib/scylla/data/system/truncated-38c19fd0fb863310a4b70d0cc66628aa/mc-1864-big-Data.db:level=0, ]. 81987 bytes to 76749 (~93% of original) in 2335ms = 0.03MB/s. ~256 total partitions merged to 2.
2020-10-21T06:45:28.601253147Z  INFO  2020-10-21 06:45:28,601 [shard 3] compaction - Compacted 2 sstables to [/var/lib/scylla/data/system/compaction_history-b4dbb7b4dc493fb5b3bfce6e434832ca/mc-1011-big-Data.db:level=0, ]. 172601 bytes to 104997 (~60% of original) in 2712ms = 0.04MB/s. ~256 total partitions merged to 101.
2020-10-21T06:45:28.601292177Z  INFO  2020-10-21 06:45:28,601 [shard 3] compaction - Compacted 2 sstables to [/var/lib/scylla/data/system/truncated-38c19fd0fb863310a4b70d0cc66628aa/mc-1063-big-Data.db:level=0, ]. 126258 bytes to 63205 (~50% of original) in 2711ms = 0.02MB/s. ~256 total partitions merged to 2.
2020-10-21T06:45:28.602758443Z  INFO  2020-10-21 06:45:28,602 [shard 0] compaction - Compacted 2 sstables to [/var/lib/scylla/data/system/compaction_history-b4dbb7b4dc493fb5b3bfce6e434832ca/mc-980-big-Data.db:level=0, ]. 162930 bytes to 105734 (~64% of original) in 2335ms = 0.04MB/s. ~256 total partitions merged to 129.
2020-10-21T06:45:28.946344776Z  INFO  2020-10-21 06:45:28,945 [shard 0] messaging_service - Starting Messaging Service on port 7000
2020-10-21T06:45:30.050028200Z  INFO  2020-10-21 06:45:30,049 [shard 1] compaction - Compacted 4 sstables to [/var/lib/scylla/data/system/local-7ad54392bcdd35a684174e047860b377/mc-3997-big-Data.db:level=0, ]. 30538 bytes to 12597 (~41% of original) in 2053ms = 0.01MB/s. ~512 total partitions merged to 1.
2020-10-21T06:45:30.051676731Z  INFO  2020-10-21 06:45:30,051 [shard 1] compaction - Compacting [/var/lib/scylla/data/system/local-7ad54392bcdd35a684174e047860b377/mc-3993-big-Data.db:level=0, /var/lib/scylla/data/system/local-7ad54392bcdd35a684174e047860b377/mc-3997-big-Data.db:level=0, ]
2020-10-21T06:45:31.684016259Z  INFO  2020-10-21 06:45:31,683 [shard 1] compaction - Compacted 2 sstables to [/var/lib/scylla/data/system/local-7ad54392bcdd35a684174e047860b377/mc-4001-big-Data.db:level=0, ]. 19203 bytes to 12271 (~63% of original) in 1174ms = 0.01MB/s. ~256 total partitions merged to 1.
2020-10-21T06:45:40.951011164Z  INFO  2020-10-21 06:45:40,950 [shard 0] gossip - No gossip backlog; proceeding
2020-10-21T06:45:40.952926583Z  INFO  2020-10-21 06:45:40,952 [shard 0] features - Feature COMPUTED_COLUMNS is enabled
2020-10-21T06:45:40.952968513Z  INFO  2020-10-21 06:45:40,952 [shard 0] features - Feature CORRECT_COUNTER_ORDER is enabled
2020-10-21T06:45:40.952980703Z  INFO  2020-10-21 06:45:40,952 [shard 0] features - Feature CORRECT_NON_COMPOUND_RANGE_TOMBSTONES is enabled
2020-10-21T06:45:40.952991079Z  INFO  2020-10-21 06:45:40,952 [shard 0] features - Feature CORRECT_STATIC_COMPACT_IN_MC is enabled
2020-10-21T06:45:40.953001299Z  INFO  2020-10-21 06:45:40,952 [shard 0] features - Feature COUNTERS is enabled
2020-10-21T06:45:40.953011437Z  INFO  2020-10-21 06:45:40,952 [shard 0] features - Feature DIGEST_INSENSITIVE_TO_EXPIRY is enabled
2020-10-21T06:45:40.953766218Z  INFO  2020-10-21 06:45:40,952 [shard 0] features - Feature DIGEST_MULTIPARTITION_READ is enabled
2020-10-21T06:45:40.953821183Z  INFO  2020-10-21 06:45:40,952 [shard 0] features - Feature HINTED_HANDOFF_SEPARATE_CONNECTION is enabled
2020-10-21T06:45:40.953843146Z  INFO  2020-10-21 06:45:40,952 [shard 0] features - Feature INDEXES is enabled
2020-10-21T06:45:40.953862706Z  INFO  2020-10-21 06:45:40,952 [shard 0] features - Feature LARGE_PARTITIONS is enabled
2020-10-21T06:45:40.953882303Z  INFO  2020-10-21 06:45:40,952 [shard 0] features - Feature LWT is enabled
2020-10-21T06:45:40.953901283Z  INFO  2020-10-21 06:45:40,952 [shard 0] features - Feature MATERIALIZED_VIEWS is enabled
2020-10-21T06:45:40.953920236Z  INFO  2020-10-21 06:45:40,952 [shard 0] features - Feature MC_SSTABLE_FORMAT is enabled
2020-10-21T06:45:40.953965587Z  INFO  2020-10-21 06:45:40,952 [shard 0] features - Feature NONFROZEN_UDTS is enabled
2020-10-21T06:45:40.953985998Z  INFO  2020-10-21 06:45:40,952 [shard 0] features - Feature PER_TABLE_PARTITIONERS is enabled
2020-10-21T06:45:40.954004694Z  INFO  2020-10-21 06:45:40,952 [shard 0] features - Feature RANGE_TOMBSTONES is enabled
2020-10-21T06:45:40.954022718Z  INFO  2020-10-21 06:45:40,952 [shard 0] features - Feature ROLES is enabled
2020-10-21T06:45:40.954040681Z  INFO  2020-10-21 06:45:40,953 [shard 0] features - Feature ROW_LEVEL_REPAIR is enabled
2020-10-21T06:45:40.954058715Z  INFO  2020-10-21 06:45:40,953 [shard 0] features - Feature SCHEMA_TABLES_V3 is enabled
2020-10-21T06:45:40.954077038Z  INFO  2020-10-21 06:45:40,953 [shard 0] features - Feature STREAM_WITH_RPC_STREAM is enabled
2020-10-21T06:45:40.954095148Z  INFO  2020-10-21 06:45:40,953 [shard 0] features - Feature TRUNCATION_TABLE is enabled
2020-10-21T06:45:40.954113806Z  INFO  2020-10-21 06:45:40,953 [shard 0] system_keyspace - Got cluster agreement on truncation table feature. Removing legacy records.
2020-10-21T06:45:40.954547059Z  INFO  2020-10-21 06:45:40,953 [shard 0] features - Feature UNBOUNDED_RANGE_TOMBSTONES is enabled
2020-10-21T06:45:40.954585547Z  INFO  2020-10-21 06:45:40,953 [shard 0] features - Feature VIEW_VIRTUAL_COLUMNS is enabled
2020-10-21T06:45:40.954605407Z  INFO  2020-10-21 06:45:40,953 [shard 0] features - Feature WRITE_FAILURE_REPLY is enabled
2020-10-21T06:45:40.954624094Z  INFO  2020-10-21 06:45:40,953 [shard 0] features - Feature XXHASH is enabled
2020-10-21T06:45:40.955515660Z  INFO  2020-10-21 06:45:40,954 [shard 0] system_keyspace - Legacy records deleted.
2020-10-21T06:45:40.957045272Z  INFO  2020-10-21 06:45:40,956 [shard 0] init - starting system distributed keyspace
2020-10-21T06:45:40.962778238Z  INFO  2020-10-21 06:45:40,962 [shard 0] storage_service - Using saved tokens {943448605036726745, 9061580907506437136, 8957018461898327244, 8813999419995718088, 8775859223532977932, 873311388414975666, 8707696313600310498, 8675978575875245837, 855031166620283245, 8476533345381470087, 8413544620893079714, 8382283044476755854, 7804258889026263620, 778239093056833917, 7732629563319678675, 7564694057214588647, 747840302865059114, 7255484784972643852, 700944770677405149, 7009081579420542256, 7354219953741161264, 6974970471767945112, 6788034976878782500, 667581605220131528, 6496091893897576732, 6478032244021912394, 6420907855788431922, 8777890816944145805, 6381418245203458391, 6358173612251239308, 6302443190184390149, 6115776390551923703, 5906838239532612246, 5890706123786165213, 588034934972968299, 5848278814186320030, 5834675951458569055, 5796254206948921528, -6441145814158460549, 7172238068082229918, -6238625478980828395, -6199824488038647909, -572473923349256348, -5526097868254533829, -5508289632699420366, -6338043935148530859, 4738411181964629022, -5411685484465544274, 5103660925946342563, -5360532551957069796, -5246840897237646542, -8953406550820932827, -511676141100664160, -4872163430844150374, 5153854518462400651, -4829128129506020031, 6818717460470417221, -4735496583611878200, -7913213531410876291, -8612347190400988175, 3361838207769500988, -4770694758141334815, 3533570692245755170, -3014142033706378490, -6648258355715071793, 105268539462240253, 6448269612184381105, 3941245744356891698, -4925670906471950289, -6853270293933441203, -431455211546220291, -4106310081010891923, -4280461110562472301, -4231054370802445643, 4453520694484038438, -5140544052953576706, -7341700934491837716, -4177024142024341044, -2365586676906010085, -4368295386640868227, -6779834804380741154, 7103497347382660592, -471701403720839764, -2187125227394891465, -1593748153114868683, 8325613099551670589, -6017078328443447975, 408961909545308462, -3256341547923989103, 1911454556365012923, -2135119982021577211, -6104126434670973331, -1614584707908969492, -5285270377043925775, 194223785007163967, 3556932048290112968, 4378909036113166689, -2319706609635128471, 782580883702972777, -3880555618453256762, -2879534723161185431, 7469085752185829039, -8001902308657073600, -1522914538603683793, 784130423392421222, -3409621329811667263, -5136236598692180863, -2640475812391264528, 3907413558358164712, -2166731983266837511, -8529251962487546573, -5228242602708342126, -6263078841153087564, -1295419475388780424, 5311755414232655734, -4113405879925637368, 2104079815049743807, -105211415949921556, -1004253484774030395, -6093280019772326743, -1363472444035739717, 7772390126184307669, 3373616921334842984, -3428624778218969630, -4475005699924690030, -1207620414022812792, -4203952547861361192, -4895652206680369668, 5569071124009844993, -2800260328053956713, 1033733984444816800, -1761718599052329021, -6249520955674807415, -6810383749951706976, -2391018463907211455, -3729138346528579520, -3942245253345029362, -1032698423218536378, 2233495137371904435, -1970747149103226319, 2531294222158762011, 4445989245037378795, -2648919406212884980, 800062458669145892, -6586482614645135705, -8855822008500182327, -2076430708060394350, -6127879535600466936, 5017042126534426855, -6767019288334108993, -6985294397658573838, -2605645373691895986, 2542018259596577135, -2699231837109027988, -9132047842757487932, 9066588519930559993, -4601858807243735115, 1470306277250886071, 1688077838521597411, -2700796200994103492, -5656441245782528349, 3822141065635310082, -4415280594152455372, -1709100826419756065, -2732234699235264563, -3101294897153501639, 6933997554702494562, -4541237399207364623, 1251119865371637993, -3280527161887251879, -4007868363884276055, -4134923634748466107, -5595342098352848506, 533209426647054698, 285540986842976874, -4193553788022177878, -7111183380354176443, 7880345233810794046, -7190282066974323895, -7232953798633244985, -7512330892235471280, -889434854029329118, 9122882257136270100, 3909145942678699742, 2870638580126821409, -2685359252619347507, 4540975434217357056, 1912522665107890116, -1474028219808469861, -7767361191227918078, -8495384334141326469, -8024675672634848221, -8352632933072691056, -1084614158625469139, -8372022353883945178, -1171738939209168407, -8485257529464526975, -8549013321787275289, -7405825010257289618, -8694753427154041557, -9173155356561330710, -3164480873853500968, 1172299952227812636, 1535311813904826318, 156312151312654313, 2050968450175517454, 1018091569669202328, 1574734081023094222, 214428871588027420, -5095673126210616552, 2431756818088451524, -1208769590907790735, 3022913469242457337, 2609254198811139442, 5396954320704971060, 284028081363756156, -184157634332906914, 2879924223908633556, 3014475854062098037, 8280511155447462154, 3058186759042775792, 3100842289958262644, -769344519844763244, 3287699046743316011, 7743526815996532326, -7148146405116016542, 352278596429886466, 3606629961194077343, 3840184102447470012, -4623422606623793434, 3924960423780627192, 4660022660859336370, 5401470720317959250, 3979649323160207298, 4037379789709069307, 790424663468033093, 5150907166433009570, 4083460330442256183, 4262233236239091105, 4461207940793579131, 7222389702734437292, 4497639963855891379, 5935809959838255935, 525652295242460822, -9210810031089136649, 3145063885579200582, 5102381975608989830, 5104799485589097680, -467985751191813914, 5122450296475986719, 5256736089695841171, 5341717901052361821, 5441044328235651423, 5661405961885371428, -6303682351633097607, 5704999654143823990}
2020-10-21T06:45:40.981370701Z  INFO  2020-10-21 06:45:40,980 [shard 0] database - Schema version changed to e1b2d478-e5f2-30c4-b994-d93919918df3
2020-10-21T06:45:41.001625601Z  INFO  2020-10-21 06:45:41,001 [shard 0] database - Schema version changed to 0e03d198-385b-3f36-8c34-c3f5846bbbac
2020-10-21T06:45:41.019954375Z  INFO  2020-10-21 06:45:41,019 [shard 0] database - Schema version changed to 0e03d198-385b-3f36-8c34-c3f5846bbbac
2020-10-21T06:45:42.607671521Z  INFO  2020-10-21 06:45:42,606 [shard 1] compaction - Compacting [/var/lib/scylla/data/system/local-7ad54392bcdd35a684174e047860b377/mc-4005-big-Data.db:level=0, /var/lib/scylla/data/system/local-7ad54392bcdd35a684174e047860b377/mc-4001-big-Data.db:level=0, ]
2020-10-21T06:45:42.869951979Z  INFO  2020-10-21 06:45:42,869 [shard 0] storage_service - Node 10.0.108.3 state jump to normal
2020-10-21T06:45:42.870008895Z  INFO  2020-10-21 06:45:42,869 [shard 0] storage_service - Remove node 10.0.108.3 from pending replacing endpoint
2020-10-21T06:45:44.044120755Z  INFO  2020-10-21 06:45:44,043 [shard 0] storage_service - NORMAL: node is now in normal status
2020-10-21T06:45:44.044172688Z  INFO  2020-10-21 06:45:44,043 [shard 0] cdc - No generation seen during startup.
2020-10-21T06:45:44.045803365Z  INFO  2020-10-21 06:45:44,045 [shard 0] init - starting tracing
2020-10-21T06:45:44.046240671Z  INFO  2020-10-21 06:45:44,045 [shard 0] storage_service - SSTable data integrity checker is disabled.
2020-10-21T06:45:44.046524879Z  INFO  2020-10-21 06:45:44,046 [shard 0] init - starting batchlog manager
2020-10-21T06:45:44.046900247Z  INFO  2020-10-21 06:45:44,046 [shard 0] init - starting load meter
2020-10-21T06:45:44.046924033Z  INFO  2020-10-21 06:45:44,046 [shard 0] init - starting cf cache hit rate calculator
2020-10-21T06:45:44.047537079Z  INFO  2020-10-21 06:45:44,047 [shard 0] init - starting view update backlog broker
2020-10-21T06:45:44.049071937Z  INFO  2020-10-21 06:45:44,048 [shard 0] init - Waiting for gossip to settle before accepting client requests...
2020-10-21T06:45:44.267720577Z  INFO  2020-10-21 06:45:44,267 [shard 1] compaction - Compacted 2 sstables to [/var/lib/scylla/data/system/local-7ad54392bcdd35a684174e047860b377/mc-4013-big-Data.db:level=0, ]. 18350 bytes to 12070 (~65% of original) in 1258ms = 0.01MB/s. ~256 total partitions merged to 1.
2020-10-21T06:45:44.268111565Z  INFO  2020-10-21 06:45:44,267 [shard 1] compaction - Compacting [/var/lib/scylla/data/system/local-7ad54392bcdd35a684174e047860b377/mc-4009-big-Data.db:level=0, /var/lib/scylla/data/system/local-7ad54392bcdd35a684174e047860b377/mc-4013-big-Data.db:level=0, ]
2020-10-21T06:45:45.770766691Z  INFO  2020-10-21 06:45:45,769 [shard 1] compaction - Compacted 2 sstables to [/var/lib/scylla/data/system/local-7ad54392bcdd35a684174e047860b377/mc-4017-big-Data.db:level=0, ]. 18168 bytes to 12073 (~66% of original) in 1064ms = 0.01MB/s. ~256 total partitions merged to 1.
2020-10-21T06:45:56.049949075Z  INFO  2020-10-21 06:45:56,049 [shard 0] gossip - No gossip backlog; proceeding
2020-10-21T06:45:56.050867371Z  INFO  2020-10-21 06:45:56,050 [shard 0] init - allow replaying hints
2020-10-21T06:45:56.051413043Z  INFO  2020-10-21 06:45:56,050 [shard 0] init - Launching generate_mv_updates for non system tables
2020-10-21T06:45:56.051874574Z  INFO  2020-10-21 06:45:56,051 [shard 0] init - starting the view builder
2020-10-21T06:45:56.413080464Z  INFO  2020-10-21 06:45:56,412 [shard 0] init - starting native transport
2020-10-21T06:45:56.414226385Z  INFO  2020-10-21 06:45:56,413 [shard 0] compaction - Compacting [/var/lib/scylla/data/system/truncated-38c19fd0fb863310a4b70d0cc66628aa/mc-1868-big-Data.db:level=0, /var/lib/scylla/data/system/truncated-38c19fd0fb863310a4b70d0cc66628aa/mc-1864-big-Data.db:level=0, ]
2020-10-21T06:45:56.416944105Z  INFO  2020-10-21 06:45:56,416 [shard 0] storage_service - Starting listening for CQL clients on 10.0.108.3:9042 (unencrypted)
2020-10-21T06:45:56.419537081Z  INFO  2020-10-21 06:45:56,419 [shard 0] storage_service - Thrift server listening on 10.0.108.3:9160 ...
2020-10-21T06:45:56.421240118Z  INFO  2020-10-21 06:45:56,420 [shard 0] init - serving
2020-10-21T06:45:56.421277379Z  INFO  2020-10-21 06:45:56,420 [shard 0] init - Scylla version 4.1.8-0.20201002.6c43a0dc29 initialization completed.
2020-10-21T06:45:56.907041982Z  INFO  2020-10-21 06:45:56,906 [shard 0] compaction - Compacted 2 sstables to [/var/lib/scylla/data/system/truncated-38c19fd0fb863310a4b70d0cc66628aa/mc-1872-big-Data.db:level=0, ]. 81982 bytes to 76744 (~93% of original) in 376ms = 0.19MB/s. ~256 total partitions merged to 2.
2020-10-21T06:48:45.709717295Z  INFO  2020-10-21 06:48:45,709 [shard 3] compaction - Compacting [/var/lib/scylla/data/system/clients-ca0f635d863036098d93a1fc06f2a5e5/mc-7-big-Data.db:level=0, /var/lib/scylla/data/system/clients-ca0f635d863036098d93a1fc06f2a5e5/mc-11-big-Data.db:level=0, ]
2020-10-21T06:48:46.230017968Z  INFO  2020-10-21 06:48:46,229 [shard 3] compaction - Compacted 2 sstables to [/var/lib/scylla/data/system/clients-ca0f635d863036098d93a1fc06f2a5e5/mc-15-big-Data.db:level=0, ]. 48366 bytes to 6412 (~13% of original) in 387ms = 0.02MB/s. ~256 total partitions merged to 1.
2020-10-21T06:48:53.250217715Z  INFO  2020-10-21 06:48:53,249 [shard 3] compaction - Compacting [/var/lib/scylla/data/system/clients-ca0f635d863036098d93a1fc06f2a5e5/mc-15-big-Data.db:level=0, /var/lib/scylla/data/system/clients-ca0f635d863036098d93a1fc06f2a5e5/mc-19-big-Data.db:level=0, ]
2020-10-21T06:48:53.732847364Z  INFO  2020-10-21 06:48:53,732 [shard 3] compaction - Compacted 2 sstables to [/var/lib/scylla/data/system/clients-ca0f635d863036098d93a1fc06f2a5e5/mc-23-big-Data.db:level=0, ]. 30632 bytes to 5995 (~19% of original) in 359ms = 0.02MB/s. ~256 total partitions merged to 1.
2020-10-21T06:49:00.891581122Z  INFO  2020-10-21 06:49:00,890 [shard 3] compaction - Compacting [/var/lib/scylla/data/system/clients-ca0f635d863036098d93a1fc06f2a5e5/mc-23-big-Data.db:level=0, /var/lib/scylla/data/system/clients-ca0f635d863036098d93a1fc06f2a5e5/mc-27-big-Data.db:level=0, ]
2020-10-21T06:49:01.463567032Z  INFO  2020-10-21 06:49:01,462 [shard 3] compaction - Compacted 2 sstables to [/var/lib/scylla/data/system/clients-ca0f635d863036098d93a1fc06f2a5e5/mc-31-big-Data.db:level=0, ]. 30160 bytes to 6619 (~21% of original) in 452ms = 0.01MB/s. ~256 total partitions merged to 1.
2020-10-21T06:49:08.505445051Z  INFO  2020-10-21 06:49:08,505 [shard 3] compaction - Compacting [/var/lib/scylla/data/system/clients-ca0f635d863036098d93a1fc06f2a5e5/mc-31-big-Data.db:level=0, /var/lib/scylla/data/system/clients-ca0f635d863036098d93a1fc06f2a5e5/mc-35-big-Data.db:level=0, ]
2020-10-21T06:49:09.051096983Z  INFO  2020-10-21 06:49:09,050 [shard 3] compaction - Compacted 2 sstables to [/var/lib/scylla/data/system/clients-ca0f635d863036098d93a1fc06f2a5e5/mc-39-big-Data.db:level=0, ]. 30778 bytes to 5930 (~19% of original) in 360ms = 0.02MB/s. ~256 total partitions merged to 1.
2020-10-21T06:51:28.603053063Z  INFO  2020-10-21 06:51:28,602 [shard 3] compaction - Compacting [/var/lib/scylla/data/system/clients-ca0f635d863036098d93a1fc06f2a5e5/mc-39-big-Data.db:level=0, /var/lib/scylla/data/system/clients-ca0f635d863036098d93a1fc06f2a5e5/mc-43-big-Data.db:level=0, ]
2020-10-21T06:51:29.091912753Z  INFO  2020-10-21 06:51:29,091 [shard 3] compaction - Compacted 2 sstables to [/var/lib/scylla/data/system/clients-ca0f635d863036098d93a1fc06f2a5e5/mc-47-big-Data.db:level=0, ]. 30255 bytes to 6314 (~20% of original) in 371ms = 0.02MB/s. ~256 total partitions merged to 1.
2020-10-21T06:51:36.193085295Z  INFO  2020-10-21 06:51:36,192 [shard 3] compaction - Compacting [/var/lib/scylla/data/system/clients-ca0f635d863036098d93a1fc06f2a5e5/mc-47-big-Data.db:level=0, /var/lib/scylla/data/system/clients-ca0f635d863036098d93a1fc06f2a5e5/mc-51-big-Data.db:level=0, ]
2020-10-21T06:51:36.708551812Z  INFO  2020-10-21 06:51:36,707 [shard 3] compaction - Compacted 2 sstables to [/var/lib/scylla/data/system/clients-ca0f635d863036098d93a1fc06f2a5e5/mc-55-big-Data.db:level=0, ]. 30537 bytes to 6020 (~19% of original) in 379ms = 0.02MB/s. ~256 total partitions merged to 1.
2020-10-21T06:51:43.699359941Z  INFO  2020-10-21 06:51:43,698 [shard 3] compaction - Compacting [/var/lib/scylla/data/system/clients-ca0f635d863036098d93a1fc06f2a5e5/mc-55-big-Data.db:level=0, /var/lib/scylla/data/system/clients-ca0f635d863036098d93a1fc06f2a5e5/mc-59-big-Data.db:level=0, ]
2020-10-21T06:51:44.164400839Z  INFO  2020-10-21 06:51:44,163 [shard 3] compaction - Compacted 2 sstables to [/var/lib/scylla/data/system/clients-ca0f635d863036098d93a1fc06f2a5e5/mc-63-big-Data.db:level=0, ]. 30254 bytes to 6489 (~21% of original) in 357ms = 0.02MB/s. ~256 total partitions merged to 1.
2020-10-21T06:51:51.417607288Z  INFO  2020-10-21 06:51:51,417 [shard 3] compaction - Compacting [/var/lib/scylla/data/system/clients-ca0f635d863036098d93a1fc06f2a5e5/mc-63-big-Data.db:level=0, /var/lib/scylla/data/system/clients-ca0f635d863036098d93a1fc06f2a5e5/mc-67-big-Data.db:level=0, ]
2020-10-21T06:51:51.848294943Z  INFO  2020-10-21 06:51:51,847 [shard 3] compaction - Compacted 2 sstables to [/var/lib/scylla/data/system/clients-ca0f635d863036098d93a1fc06f2a5e5/mc-71-big-Data.db:level=0, ]. 30671 bytes to 5963 (~19% of original) in 346ms = 0.02MB/s. ~256 total partitions merged to 1.
2020-10-21T06:51:58.980875330Z  INFO  2020-10-21 06:51:58,977 [shard 3] compaction - Compacting [/var/lib/scylla/data/system/clients-ca0f635d863036098d93a1fc06f2a5e5/mc-71-big-Data.db:level=0, /var/lib/scylla/data/system/clients-ca0f635d863036098d93a1fc06f2a5e5/mc-75-big-Data.db:level=0, ]
2020-10-21T06:51:59.600523013Z  INFO  2020-10-21 06:51:59,599 [shard 3] compaction - Compacted 2 sstables to [/var/lib/scylla/data/system/clients-ca0f635d863036098d93a1fc06f2a5e5/mc-79-big-Data.db:level=0, ]. 30166 bytes to 6725 (~22% of original) in 403ms = 0.02MB/s. ~256 total partitions merged to 1.
2020-10-21T06:52:06.522983070Z  INFO  2020-10-21 06:52:06,522 [shard 3] compaction - Compacting [/var/lib/scylla/data/system/clients-ca0f635d863036098d93a1fc06f2a5e5/mc-79-big-Data.db:level=0, /var/lib/scylla/data/system/clients-ca0f635d863036098d93a1fc06f2a5e5/mc-83-big-Data.db:level=0, ]
2020-10-21T06:52:07.023380417Z  INFO  2020-10-21 06:52:07,022 [shard 3] compaction - Compacted 2 sstables to [/var/lib/scylla/data/system/clients-ca0f635d863036098d93a1fc06f2a5e5/mc-87-big-Data.db:level=0, ]. 30991 bytes to 6250 (~20% of original) in 399ms = 0.01MB/s. ~256 total partitions merged to 1.
2020-10-21T06:52:14.134663545Z  INFO  2020-10-21 06:52:14,134 [shard 3] compaction - Compacting [/var/lib/scylla/data/system/clients-ca0f635d863036098d93a1fc06f2a5e5/mc-87-big-Data.db:level=0, /var/lib/scylla/data/system/clients-ca0f635d863036098d93a1fc06f2a5e5/mc-91-big-Data.db:level=0, ]
2020-10-21T06:52:14.625843012Z  INFO  2020-10-21 06:52:14,625 [shard 3] compaction - Compacted 2 sstables to [/var/lib/scylla/data/system/clients-ca0f635d863036098d93a1fc06f2a5e5/mc-95-big-Data.db:level=0, ]. 30478 bytes to 5971 (~19% of original) in 393ms = 0.01MB/s. ~256 total partitions merged to 1.
2020-10-21T06:54:38.854098267Z  INFO  2020-10-21 06:54:38,853 [shard 3] compaction - Compacting [/var/lib/scylla/data/system/clients-ca0f635d863036098d93a1fc06f2a5e5/mc-95-big-Data.db:level=0, /var/lib/scylla/data/system/clients-ca0f635d863036098d93a1fc06f2a5e5/mc-99-big-Data.db:level=0, ]
2020-10-21T06:54:39.370351355Z  INFO  2020-10-21 06:54:39,369 [shard 3] compaction - Compacted 2 sstables to [/var/lib/scylla/data/system/clients-ca0f635d863036098d93a1fc06f2a5e5/mc-103-big-Data.db:level=0, ]. 30322 bytes to 6611 (~21% of original) in 396ms = 0.02MB/s. ~256 total partitions merged to 1.
2020-10-21T06:54:46.506590509Z  INFO  2020-10-21 06:54:46,506 [shard 3] compaction - Compacting [/var/lib/scylla/data/system/clients-ca0f635d863036098d93a1fc06f2a5e5/mc-103-big-Data.db:level=0, /var/lib/scylla/data/system/clients-ca0f635d863036098d93a1fc06f2a5e5/mc-107-big-Data.db:level=0, ]
2020-10-21T06:54:47.070451443Z  INFO  2020-10-21 06:54:47,069 [shard 3] compaction - Compacted 2 sstables to [/var/lib/scylla/data/system/clients-ca0f635d863036098d93a1fc06f2a5e5/mc-111-big-Data.db:level=0, ]. 30790 bytes to 6114 (~19% of original) in 403ms = 0.01MB/s. ~256 total partitions merged to 1.
2020-10-21T06:54:54.001138083Z  INFO  2020-10-21 06:54:54,000 [shard 3] compaction - Compacting [/var/lib/scylla/data/system/clients-ca0f635d863036098d93a1fc06f2a5e5/mc-111-big-Data.db:level=0, /var/lib/scylla/data/system/clients-ca0f635d863036098d93a1fc06f2a5e5/mc-115-big-Data.db:level=0, ]
2020-10-21T06:54:54.498608415Z  INFO  2020-10-21 06:54:54,497 [shard 3] compaction - Compacted 2 sstables to [/var/lib/scylla/data/system/clients-ca0f635d863036098d93a1fc06f2a5e5/mc-119-big-Data.db:level=0, ]. 30311 bytes to 6868 (~22% of original) in 413ms = 0.02MB/s. ~256 total partitions merged to 1.
2020-10-21T06:55:01.678422406Z  INFO  2020-10-21 06:55:01,677 [shard 3] compaction - Compacting [/var/lib/scylla/data/system/clients-ca0f635d863036098d93a1fc06f2a5e5/mc-119-big-Data.db:level=0, /var/lib/scylla/data/system/clients-ca0f635d863036098d93a1fc06f2a5e5/mc-123-big-Data.db:level=0, ]
2020-10-21T06:55:02.186350833Z  INFO  2020-10-21 06:55:02,185 [shard 3] compaction - Compacted 2 sstables to [/var/lib/scylla/data/system/clients-ca0f635d863036098d93a1fc06f2a5e5/mc-127-big-Data.db:level=0, ]. 31096 bytes to 6248 (~20% of original) in 370ms = 0.02MB/s. ~256 total partitions merged to 1.
2020-10-21T06:55:09.240831535Z  INFO  2020-10-21 06:55:09,240 [shard 3] compaction - Compacting [/var/lib/scylla/data/system/clients-ca0f635d863036098d93a1fc06f2a5e5/mc-127-big-Data.db:level=0, /var/lib/scylla/data/system/clients-ca0f635d863036098d93a1fc06f2a5e5/mc-131-big-Data.db:level=0, ]
2020-10-21T06:55:09.764391691Z  INFO  2020-10-21 06:55:09,763 [shard 3] compaction - Compacted 2 sstables to [/var/lib/scylla/data/system/clients-ca0f635d863036098d93a1fc06f2a5e5/mc-135-big-Data.db:level=0, ]. 30412 bytes to 5924 (~19% of original) in 380ms = 0.01MB/s. ~256 total partitions merged to 1.
2020-10-21T06:55:16.820842915Z  INFO  2020-10-21 06:55:16,820 [shard 3] compaction - Compacting [/var/lib/scylla/data/system/clients-ca0f635d863036098d93a1fc06f2a5e5/mc-135-big-Data.db:level=0, /var/lib/scylla/data/system/clients-ca0f635d863036098d93a1fc06f2a5e5/mc-139-big-Data.db:level=0, ]
2020-10-21T06:55:17.302020297Z  INFO  2020-10-21 06:55:17,301 [shard 3] compaction - Compacted 2 sstables to [/var/lib/scylla/data/system/clients-ca0f635d863036098d93a1fc06f2a5e5/mc-143-big-Data.db:level=0, ]. 30125 bytes to 6555 (~21% of original) in 362ms = 0.02MB/s. ~256 total partitions merged to 1.
2020-10-21T06:55:24.360678430Z  INFO  2020-10-21 06:55:24,359 [shard 3] compaction - Compacting [/var/lib/scylla/data/system/clients-ca0f635d863036098d93a1fc06f2a5e5/mc-143-big-Data.db:level=0, /var/lib/scylla/data/system/clients-ca0f635d863036098d93a1fc06f2a5e5/mc-147-big-Data.db:level=0, ]
2020-10-21T06:55:24.810260303Z  INFO  2020-10-21 06:55:24,809 [shard 3] compaction - Compacted 2 sstables to [/var/lib/scylla/data/system/clients-ca0f635d863036098d93a1fc06f2a5e5/mc-151-big-Data.db:level=0, ]. 30736 bytes to 6035 (~19% of original) in 364ms = 0.02MB/s. ~256 total partitions merged to 1.
2020-10-21T06:55:31.842940283Z  INFO  2020-10-21 06:55:31,842 [shard 3] compaction - Compacting [/var/lib/scylla/data/system/clients-ca0f635d863036098d93a1fc06f2a5e5/mc-151-big-Data.db:level=0, /var/lib/scylla/data/system/clients-ca0f635d863036098d93a1fc06f2a5e5/mc-155-big-Data.db:level=0, ]
2020-10-21T06:55:32.291061003Z  INFO  2020-10-21 06:55:32,290 [shard 3] compaction - Compacted 2 sstables to [/var/lib/scylla/data/system/clients-ca0f635d863036098d93a1fc06f2a5e5/mc-159-big-Data.db:level=0, ]. 30243 bytes to 6681 (~22% of original) in 362ms = 0.02MB/s. ~256 total partitions merged to 1.
